[2024-07-11T13:14:28.479+0000] {local_task_job_runner.py:120} INFO - ::group::Pre task execution logs
[2024-07-11T13:14:28.507+0000] {taskinstance.py:2076} INFO - Dependencies all met for dep_context=non-requeueable deps ti=<TaskInstance: practise.deleting_into_table manual__2024-07-11T13:02:22.213405+00:00 [queued]>
[2024-07-11T13:14:28.518+0000] {taskinstance.py:2076} INFO - Dependencies all met for dep_context=requeueable deps ti=<TaskInstance: practise.deleting_into_table manual__2024-07-11T13:02:22.213405+00:00 [queued]>
[2024-07-11T13:14:28.519+0000] {taskinstance.py:2306} INFO - Starting attempt 2 of 6
[2024-07-11T13:14:28.534+0000] {taskinstance.py:2330} INFO - Executing <Task(PostgresOperator): deleting_into_table> on 2024-07-11 13:02:22.213405+00:00
[2024-07-11T13:14:28.541+0000] {warnings.py:112} WARNING - /home/***/.local/lib/python3.12/site-packages/***/task/task_runner/standard_task_runner.py:61: DeprecationWarning: This process (pid=228) is multi-threaded, use of fork() may lead to deadlocks in the child.
  pid = os.fork()

[2024-07-11T13:14:28.544+0000] {standard_task_runner.py:63} INFO - Started process 229 to run task
[2024-07-11T13:14:28.543+0000] {standard_task_runner.py:90} INFO - Running: ['***', 'tasks', 'run', 'practise', 'deleting_into_table', 'manual__2024-07-11T13:02:22.213405+00:00', '--job-id', '616', '--raw', '--subdir', 'DAGS_FOLDER/dag2.py', '--cfg-path', '/tmp/tmpz63hfkrs']
[2024-07-11T13:14:28.545+0000] {standard_task_runner.py:91} INFO - Job 616: Subtask deleting_into_table
[2024-07-11T13:14:28.600+0000] {task_command.py:426} INFO - Running <TaskInstance: practise.deleting_into_table manual__2024-07-11T13:02:22.213405+00:00 [running]> on host b646c1147844
[2024-07-11T13:14:28.706+0000] {taskinstance.py:2648} INFO - Exporting env vars: AIRFLOW_CTX_DAG_OWNER='papik' AIRFLOW_CTX_DAG_ID='practise' AIRFLOW_CTX_TASK_ID='deleting_into_table' AIRFLOW_CTX_EXECUTION_DATE='2024-07-11T13:02:22.213405+00:00' AIRFLOW_CTX_TRY_NUMBER='2' AIRFLOW_CTX_DAG_RUN_ID='manual__2024-07-11T13:02:22.213405+00:00'
[2024-07-11T13:14:28.708+0000] {taskinstance.py:430} INFO - ::endgroup::
[2024-07-11T13:14:28.738+0000] {sql.py:276} INFO - Executing: 
            DELETE FROM tab;    
        
[2024-07-11T13:14:28.750+0000] {base.py:84} INFO - Using connection ID 'cosmos' for task execution.
[2024-07-11T13:14:28.761+0000] {base.py:84} INFO - Using connection ID 'cosmos' for task execution.
[2024-07-11T13:14:28.769+0000] {sql.py:487} INFO - Running statement: 
            DELETE FROM tab;    
        , parameters: None
[2024-07-11T13:14:28.772+0000] {sql.py:496} INFO - Rows affected: 3
[2024-07-11T13:14:28.775+0000] {taskinstance.py:441} INFO - ::group::Post task execution logs
[2024-07-11T13:14:28.786+0000] {taskinstance.py:1206} INFO - Marking task as SUCCESS. dag_id=practise, task_id=deleting_into_table, run_id=manual__2024-07-11T13:02:22.213405+00:00, execution_date=20240711T130222, start_date=20240711T131428, end_date=20240711T131428
[2024-07-11T13:14:28.841+0000] {local_task_job_runner.py:240} INFO - Task exited with return code 0
[2024-07-11T13:14:28.855+0000] {warnings.py:112} WARNING - /home/***/.local/lib/python3.12/site-packages/***/models/baseoperator.py:1297: AirflowProviderDeprecationWarning: Call to deprecated class PostgresOperator. (Please use `***.providers.common.sql.operators.sql.SQLExecuteQueryOperator`.Also, you can provide `hook_params={'schema': <database>}`.)
  result = cls.__new__(cls)

[2024-07-11T13:14:28.873+0000] {taskinstance.py:3503} INFO - 0 downstream tasks scheduled from follow-on schedule check
[2024-07-11T13:14:28.876+0000] {local_task_job_runner.py:222} INFO - ::endgroup::
