[2024-07-08T15:43:11.246+0000] {local_task_job_runner.py:120} INFO - ::group::Pre task execution logs
[2024-07-08T15:43:11.320+0000] {taskinstance.py:2076} INFO - Dependencies all met for dep_context=non-requeueable deps ti=<TaskInstance: etl_pipeline.taschik scheduled__2024-07-08T00:00:00+00:00 [queued]>
[2024-07-08T15:43:11.361+0000] {taskinstance.py:2076} INFO - Dependencies all met for dep_context=requeueable deps ti=<TaskInstance: etl_pipeline.taschik scheduled__2024-07-08T00:00:00+00:00 [queued]>
[2024-07-08T15:43:11.361+0000] {taskinstance.py:2306} INFO - Starting attempt 5 of 6
[2024-07-08T15:43:11.407+0000] {taskinstance.py:2330} INFO - Executing <Task(PostgresOperator): taschik> on 2024-07-08 00:00:00+00:00
[2024-07-08T15:43:11.429+0000] {warnings.py:112} WARNING - /home/***/.local/lib/python3.12/site-packages/***/task/task_runner/standard_task_runner.py:61: DeprecationWarning: This process (pid=326) is multi-threaded, use of fork() may lead to deadlocks in the child.
  pid = os.fork()

[2024-07-08T15:43:11.433+0000] {standard_task_runner.py:63} INFO - Started process 328 to run task
[2024-07-08T15:43:11.431+0000] {standard_task_runner.py:90} INFO - Running: ['***', 'tasks', 'run', 'etl_pipeline', 'taschik', 'scheduled__2024-07-08T00:00:00+00:00', '--job-id', '474', '--raw', '--subdir', 'DAGS_FOLDER/dag.py', '--cfg-path', '/tmp/tmp1k88wkta']
[2024-07-08T15:43:11.438+0000] {standard_task_runner.py:91} INFO - Job 474: Subtask taschik
[2024-07-08T15:43:11.519+0000] {task_command.py:426} INFO - Running <TaskInstance: etl_pipeline.taschik scheduled__2024-07-08T00:00:00+00:00 [running]> on host 4a510a860371
[2024-07-08T15:43:11.658+0000] {taskinstance.py:2648} INFO - Exporting env vars: AIRFLOW_CTX_DAG_OWNER='dad' AIRFLOW_CTX_DAG_ID='etl_pipeline' AIRFLOW_CTX_TASK_ID='taschik' AIRFLOW_CTX_EXECUTION_DATE='2024-07-08T00:00:00+00:00' AIRFLOW_CTX_TRY_NUMBER='5' AIRFLOW_CTX_DAG_RUN_ID='scheduled__2024-07-08T00:00:00+00:00'
[2024-07-08T15:43:11.661+0000] {taskinstance.py:430} INFO - ::endgroup::
[2024-07-08T15:43:11.662+0000] {sql.py:276} INFO - Executing: 
            CREATE TABLE IF NOT EXISTS tab(
                id int,
                sosi TEXT
            );        
        
[2024-07-08T15:43:11.672+0000] {base.py:84} INFO - Using connection ID 'books_connection' for task execution.
[2024-07-08T15:43:11.683+0000] {base.py:84} INFO - Using connection ID 'books_connection' for task execution.
[2024-07-08T15:43:11.688+0000] {sql.py:487} INFO - Running statement: 
            CREATE TABLE IF NOT EXISTS tab(
                id int,
                sosi TEXT
            );        
        , parameters: None
[2024-07-08T15:43:11.690+0000] {taskinstance.py:441} INFO - ::group::Post task execution logs
[2024-07-08T15:43:11.700+0000] {taskinstance.py:1206} INFO - Marking task as SUCCESS. dag_id=etl_pipeline, task_id=taschik, run_id=scheduled__2024-07-08T00:00:00+00:00, execution_date=20240708T000000, start_date=20240708T154311, end_date=20240708T154311
[2024-07-08T15:43:11.732+0000] {local_task_job_runner.py:240} INFO - Task exited with return code 0
[2024-07-08T15:43:11.744+0000] {warnings.py:112} WARNING - /home/***/.local/lib/python3.12/site-packages/***/models/baseoperator.py:1297: AirflowProviderDeprecationWarning: Call to deprecated class PostgresOperator. (Please use `***.providers.common.sql.operators.sql.SQLExecuteQueryOperator`.Also, you can provide `hook_params={'schema': <database>}`.)
  result = cls.__new__(cls)

[2024-07-08T15:43:11.756+0000] {taskinstance.py:3503} INFO - 1 downstream tasks scheduled from follow-on schedule check
[2024-07-08T15:43:11.759+0000] {local_task_job_runner.py:222} INFO - ::endgroup::
