[2024-07-10T11:33:02.445+0000] {local_task_job_runner.py:120} INFO - ::group::Pre task execution logs
[2024-07-10T11:33:02.562+0000] {taskinstance.py:2076} INFO - Dependencies all met for dep_context=non-requeueable deps ti=<TaskInstance: spaceX_project.create_charachteristics scheduled__2024-07-09T00:00:00+00:00 [queued]>
[2024-07-10T11:33:02.585+0000] {taskinstance.py:2076} INFO - Dependencies all met for dep_context=requeueable deps ti=<TaskInstance: spaceX_project.create_charachteristics scheduled__2024-07-09T00:00:00+00:00 [queued]>
[2024-07-10T11:33:02.587+0000] {taskinstance.py:2306} INFO - Starting attempt 1 of 6
[2024-07-10T11:33:02.638+0000] {taskinstance.py:2330} INFO - Executing <Task(PostgresOperator): create_charachteristics> on 2024-07-09 00:00:00+00:00
[2024-07-10T11:33:02.714+0000] {warnings.py:112} WARNING - /home/***/.local/lib/python3.12/site-packages/***/task/task_runner/standard_task_runner.py:61: DeprecationWarning: This process (pid=566) is multi-threaded, use of fork() may lead to deadlocks in the child.
  pid = os.fork()

[2024-07-10T11:33:02.718+0000] {standard_task_runner.py:63} INFO - Started process 569 to run task
[2024-07-10T11:33:02.710+0000] {standard_task_runner.py:90} INFO - Running: ['***', 'tasks', 'run', 'spaceX_project', 'create_charachteristics', 'scheduled__2024-07-09T00:00:00+00:00', '--job-id', '566', '--raw', '--subdir', 'DAGS_FOLDER/dag.py', '--cfg-path', '/tmp/tmpr9vkfshp']
[2024-07-10T11:33:02.735+0000] {standard_task_runner.py:91} INFO - Job 566: Subtask create_charachteristics
[2024-07-10T11:33:05.186+0000] {task_command.py:426} INFO - Running <TaskInstance: spaceX_project.create_charachteristics scheduled__2024-07-09T00:00:00+00:00 [running]> on host afe5e479c9b4
[2024-07-10T11:33:37.484+0000] {taskinstance.py:2648} INFO - Exporting env vars: AIRFLOW_CTX_DAG_OWNER='rustam' AIRFLOW_CTX_DAG_ID='spaceX_project' AIRFLOW_CTX_TASK_ID='create_charachteristics' AIRFLOW_CTX_EXECUTION_DATE='2024-07-09T00:00:00+00:00' AIRFLOW_CTX_TRY_NUMBER='1' AIRFLOW_CTX_DAG_RUN_ID='scheduled__2024-07-09T00:00:00+00:00'
[2024-07-10T11:33:37.491+0000] {taskinstance.py:430} INFO - ::endgroup::
[2024-07-10T11:33:37.570+0000] {sql.py:276} INFO - Executing: 
            CREATE TABLE IF NOT EXISTS charachteristics(
                id INT PRIMARY KEY,
                mass INT,
                diameter FLOAT,
                height FLOAT,
                cost_per_launch INT
            );
        
[2024-07-10T11:33:37.642+0000] {base.py:84} INFO - Using connection ID 'cosmos' for task execution.
[2024-07-10T11:33:37.770+0000] {base.py:84} INFO - Using connection ID 'cosmos' for task execution.
[2024-07-10T11:33:37.807+0000] {sql.py:487} INFO - Running statement: 
            CREATE TABLE IF NOT EXISTS charachteristics(
                id INT PRIMARY KEY,
                mass INT,
                diameter FLOAT,
                height FLOAT,
                cost_per_launch INT
            );
        , parameters: None
[2024-07-10T11:33:37.827+0000] {taskinstance.py:441} INFO - ::group::Post task execution logs
[2024-07-10T11:33:37.902+0000] {taskinstance.py:1206} INFO - Marking task as SUCCESS. dag_id=spaceX_project, task_id=create_charachteristics, run_id=scheduled__2024-07-09T00:00:00+00:00, execution_date=20240709T000000, start_date=20240710T113302, end_date=20240710T113337
[2024-07-10T11:33:38.089+0000] {local_task_job_runner.py:240} INFO - Task exited with return code 0
[2024-07-10T11:33:38.105+0000] {local_task_job_runner.py:222} INFO - ::endgroup::
