[2024-07-10T11:33:02.379+0000] {local_task_job_runner.py:120} INFO - ::group::Pre task execution logs
[2024-07-10T11:33:02.575+0000] {taskinstance.py:2076} INFO - Dependencies all met for dep_context=non-requeueable deps ti=<TaskInstance: spaceX_project.create_output scheduled__2024-07-09T00:00:00+00:00 [queued]>
[2024-07-10T11:33:02.638+0000] {taskinstance.py:2076} INFO - Dependencies all met for dep_context=requeueable deps ti=<TaskInstance: spaceX_project.create_output scheduled__2024-07-09T00:00:00+00:00 [queued]>
[2024-07-10T11:33:02.639+0000] {taskinstance.py:2306} INFO - Starting attempt 1 of 6
[2024-07-10T11:33:02.848+0000] {taskinstance.py:2330} INFO - Executing <Task(PostgresOperator): create_output> on 2024-07-09 00:00:00+00:00
[2024-07-10T11:33:02.937+0000] {warnings.py:112} WARNING - /home/***/.local/lib/python3.12/site-packages/***/task/task_runner/standard_task_runner.py:61: DeprecationWarning: This process (pid=565) is multi-threaded, use of fork() may lead to deadlocks in the child.
  pid = os.fork()

[2024-07-10T11:33:02.940+0000] {standard_task_runner.py:90} INFO - Running: ['***', 'tasks', 'run', 'spaceX_project', 'create_output', 'scheduled__2024-07-09T00:00:00+00:00', '--job-id', '567', '--raw', '--subdir', 'DAGS_FOLDER/dag.py', '--cfg-path', '/tmp/tmp43i3qcgm']
[2024-07-10T11:33:02.945+0000] {standard_task_runner.py:63} INFO - Started process 570 to run task
[2024-07-10T11:33:02.946+0000] {standard_task_runner.py:91} INFO - Job 567: Subtask create_output
[2024-07-10T11:33:05.510+0000] {task_command.py:426} INFO - Running <TaskInstance: spaceX_project.create_output scheduled__2024-07-09T00:00:00+00:00 [running]> on host afe5e479c9b4
[2024-07-10T11:33:37.671+0000] {taskinstance.py:2648} INFO - Exporting env vars: AIRFLOW_CTX_DAG_OWNER='rustam' AIRFLOW_CTX_DAG_ID='spaceX_project' AIRFLOW_CTX_TASK_ID='create_output' AIRFLOW_CTX_EXECUTION_DATE='2024-07-09T00:00:00+00:00' AIRFLOW_CTX_TRY_NUMBER='1' AIRFLOW_CTX_DAG_RUN_ID='scheduled__2024-07-09T00:00:00+00:00'
[2024-07-10T11:33:37.679+0000] {taskinstance.py:430} INFO - ::endgroup::
[2024-07-10T11:33:37.786+0000] {sql.py:276} INFO - Executing: 
            CREATE TABLE IF NOT EXISTS output(
                id INT PRIMARY KEY,    
                name TEXT,
                active BOOLEAN,
                stages INT
            );
        
[2024-07-10T11:33:37.823+0000] {base.py:84} INFO - Using connection ID 'cosmos' for task execution.
[2024-07-10T11:33:37.875+0000] {base.py:84} INFO - Using connection ID 'cosmos' for task execution.
[2024-07-10T11:33:37.908+0000] {sql.py:487} INFO - Running statement: 
            CREATE TABLE IF NOT EXISTS output(
                id INT PRIMARY KEY,    
                name TEXT,
                active BOOLEAN,
                stages INT
            );
        , parameters: None
[2024-07-10T11:33:37.911+0000] {taskinstance.py:441} INFO - ::group::Post task execution logs
[2024-07-10T11:33:37.952+0000] {taskinstance.py:1206} INFO - Marking task as SUCCESS. dag_id=spaceX_project, task_id=create_output, run_id=scheduled__2024-07-09T00:00:00+00:00, execution_date=20240709T000000, start_date=20240710T113302, end_date=20240710T113337
[2024-07-10T11:33:38.048+0000] {local_task_job_runner.py:240} INFO - Task exited with return code 0
[2024-07-10T11:33:38.108+0000] {taskinstance.py:3503} INFO - 0 downstream tasks scheduled from follow-on schedule check
[2024-07-10T11:33:38.120+0000] {local_task_job_runner.py:222} INFO - ::endgroup::
