[2024-07-08T15:43:13.864+0000] {local_task_job_runner.py:120} INFO - ::group::Pre task execution logs
[2024-07-08T15:43:13.889+0000] {taskinstance.py:2076} INFO - Dependencies all met for dep_context=non-requeueable deps ti=<TaskInstance: etl_pipeline.suchok scheduled__2024-07-08T00:00:00+00:00 [queued]>
[2024-07-08T15:43:13.898+0000] {taskinstance.py:2076} INFO - Dependencies all met for dep_context=requeueable deps ti=<TaskInstance: etl_pipeline.suchok scheduled__2024-07-08T00:00:00+00:00 [queued]>
[2024-07-08T15:43:13.899+0000] {taskinstance.py:2306} INFO - Starting attempt 1 of 6
[2024-07-08T15:43:13.914+0000] {taskinstance.py:2330} INFO - Executing <Task(PostgresOperator): suchok> on 2024-07-08 00:00:00+00:00
[2024-07-08T15:43:13.923+0000] {warnings.py:112} WARNING - /home/***/.local/lib/python3.12/site-packages/***/task/task_runner/standard_task_runner.py:61: DeprecationWarning: This process (pid=329) is multi-threaded, use of fork() may lead to deadlocks in the child.
  pid = os.fork()

[2024-07-08T15:43:13.925+0000] {standard_task_runner.py:63} INFO - Started process 331 to run task
[2024-07-08T15:43:13.925+0000] {standard_task_runner.py:90} INFO - Running: ['***', 'tasks', 'run', 'etl_pipeline', 'suchok', 'scheduled__2024-07-08T00:00:00+00:00', '--job-id', '475', '--raw', '--subdir', 'DAGS_FOLDER/dag.py', '--cfg-path', '/tmp/tmpjifmzul7']
[2024-07-08T15:43:13.928+0000] {standard_task_runner.py:91} INFO - Job 475: Subtask suchok
[2024-07-08T15:43:13.985+0000] {task_command.py:426} INFO - Running <TaskInstance: etl_pipeline.suchok scheduled__2024-07-08T00:00:00+00:00 [running]> on host 4a510a860371
[2024-07-08T15:43:14.091+0000] {taskinstance.py:2648} INFO - Exporting env vars: AIRFLOW_CTX_DAG_OWNER='dad' AIRFLOW_CTX_DAG_ID='etl_pipeline' AIRFLOW_CTX_TASK_ID='suchok' AIRFLOW_CTX_EXECUTION_DATE='2024-07-08T00:00:00+00:00' AIRFLOW_CTX_TRY_NUMBER='1' AIRFLOW_CTX_DAG_RUN_ID='scheduled__2024-07-08T00:00:00+00:00'
[2024-07-08T15:43:14.094+0000] {taskinstance.py:430} INFO - ::endgroup::
[2024-07-08T15:43:14.095+0000] {sql.py:276} INFO - Executing: 
            INSERT INTO tab
            VALUES
            (1,'dfsa'),
            (2,'fsdfs');        
        
[2024-07-08T15:43:14.108+0000] {base.py:84} INFO - Using connection ID 'books_connection' for task execution.
[2024-07-08T15:43:14.120+0000] {base.py:84} INFO - Using connection ID 'books_connection' for task execution.
[2024-07-08T15:43:14.125+0000] {sql.py:487} INFO - Running statement: 
            INSERT INTO tab
            VALUES
            (1,'dfsa'),
            (2,'fsdfs');        
        , parameters: None
[2024-07-08T15:43:14.127+0000] {sql.py:496} INFO - Rows affected: 2
[2024-07-08T15:43:14.130+0000] {taskinstance.py:441} INFO - ::group::Post task execution logs
[2024-07-08T15:43:14.143+0000] {taskinstance.py:1206} INFO - Marking task as SUCCESS. dag_id=etl_pipeline, task_id=suchok, run_id=scheduled__2024-07-08T00:00:00+00:00, execution_date=20240708T000000, start_date=20240708T154313, end_date=20240708T154314
[2024-07-08T15:43:14.180+0000] {local_task_job_runner.py:240} INFO - Task exited with return code 0
[2024-07-08T15:43:14.196+0000] {taskinstance.py:3503} INFO - 0 downstream tasks scheduled from follow-on schedule check
[2024-07-08T15:43:14.199+0000] {local_task_job_runner.py:222} INFO - ::endgroup::
