[2024-07-10T10:48:04.855+0000] {local_task_job_runner.py:120} INFO - ::group::Pre task execution logs
[2024-07-10T10:48:04.879+0000] {taskinstance.py:2076} INFO - Dependencies all met for dep_context=non-requeueable deps ti=<TaskInstance: spaceX_project.task5 scheduled__2024-07-09T00:00:00+00:00 [queued]>
[2024-07-10T10:48:04.890+0000] {taskinstance.py:2076} INFO - Dependencies all met for dep_context=requeueable deps ti=<TaskInstance: spaceX_project.task5 scheduled__2024-07-09T00:00:00+00:00 [queued]>
[2024-07-10T10:48:04.891+0000] {taskinstance.py:2306} INFO - Starting attempt 1 of 6
[2024-07-10T10:48:04.906+0000] {taskinstance.py:2330} INFO - Executing <Task(PostgresOperator): task5> on 2024-07-09 00:00:00+00:00
[2024-07-10T10:48:04.913+0000] {warnings.py:112} WARNING - /home/***/.local/lib/python3.12/site-packages/***/task/task_runner/standard_task_runner.py:61: DeprecationWarning: This process (pid=224) is multi-threaded, use of fork() may lead to deadlocks in the child.
  pid = os.fork()

[2024-07-10T10:48:04.914+0000] {standard_task_runner.py:63} INFO - Started process 226 to run task
[2024-07-10T10:48:04.915+0000] {standard_task_runner.py:90} INFO - Running: ['***', 'tasks', 'run', 'spaceX_project', 'task5', 'scheduled__2024-07-09T00:00:00+00:00', '--job-id', '563', '--raw', '--subdir', 'DAGS_FOLDER/dag.py', '--cfg-path', '/tmp/tmpst27jpm7']
[2024-07-10T10:48:04.917+0000] {standard_task_runner.py:91} INFO - Job 563: Subtask task5
[2024-07-10T10:48:04.975+0000] {task_command.py:426} INFO - Running <TaskInstance: spaceX_project.task5 scheduled__2024-07-09T00:00:00+00:00 [running]> on host afe5e479c9b4
[2024-07-10T10:48:05.110+0000] {taskinstance.py:2648} INFO - Exporting env vars: AIRFLOW_CTX_DAG_OWNER='rustam' AIRFLOW_CTX_DAG_ID='spaceX_project' AIRFLOW_CTX_TASK_ID='task5' AIRFLOW_CTX_EXECUTION_DATE='2024-07-09T00:00:00+00:00' AIRFLOW_CTX_TRY_NUMBER='1' AIRFLOW_CTX_DAG_RUN_ID='scheduled__2024-07-09T00:00:00+00:00'
[2024-07-10T10:48:05.111+0000] {taskinstance.py:430} INFO - ::endgroup::
[2024-07-10T10:48:05.133+0000] {sql.py:276} INFO - Executing: 
            CREATE TABLE IF NOT EXISTS output(
                id INT PRIMARY KEY,    
                name TEXT,
                active BOOLEAN,
                stages INT
            );
        
[2024-07-10T10:48:05.142+0000] {base.py:84} INFO - Using connection ID 'cosmos' for task execution.
[2024-07-10T10:48:05.156+0000] {base.py:84} INFO - Using connection ID 'cosmos' for task execution.
[2024-07-10T10:48:05.162+0000] {sql.py:487} INFO - Running statement: 
            CREATE TABLE IF NOT EXISTS output(
                id INT PRIMARY KEY,    
                name TEXT,
                active BOOLEAN,
                stages INT
            );
        , parameters: None
[2024-07-10T10:48:05.176+0000] {taskinstance.py:441} INFO - ::group::Post task execution logs
[2024-07-10T10:48:05.189+0000] {taskinstance.py:1206} INFO - Marking task as SUCCESS. dag_id=spaceX_project, task_id=task5, run_id=scheduled__2024-07-09T00:00:00+00:00, execution_date=20240709T000000, start_date=20240710T104804, end_date=20240710T104805
[2024-07-10T10:48:05.252+0000] {local_task_job_runner.py:240} INFO - Task exited with return code 0
[2024-07-10T10:48:05.271+0000] {taskinstance.py:3503} INFO - 0 downstream tasks scheduled from follow-on schedule check
[2024-07-10T10:48:05.273+0000] {local_task_job_runner.py:222} INFO - ::endgroup::
