[2024-07-10T10:48:02.958+0000] {local_task_job_runner.py:120} INFO - ::group::Pre task execution logs
[2024-07-10T10:48:02.986+0000] {taskinstance.py:2076} INFO - Dependencies all met for dep_context=non-requeueable deps ti=<TaskInstance: spaceX_project.load_output scheduled__2024-07-09T00:00:00+00:00 [queued]>
[2024-07-10T10:48:02.998+0000] {taskinstance.py:2076} INFO - Dependencies all met for dep_context=requeueable deps ti=<TaskInstance: spaceX_project.load_output scheduled__2024-07-09T00:00:00+00:00 [queued]>
[2024-07-10T10:48:02.999+0000] {taskinstance.py:2306} INFO - Starting attempt 1 of 6
[2024-07-10T10:48:03.014+0000] {taskinstance.py:2330} INFO - Executing <Task(PostgresOperator): load_output> on 2024-07-09 00:00:00+00:00
[2024-07-10T10:48:03.022+0000] {warnings.py:112} WARNING - /home/***/.local/lib/python3.12/site-packages/***/task/task_runner/standard_task_runner.py:61: DeprecationWarning: This process (pid=221) is multi-threaded, use of fork() may lead to deadlocks in the child.
  pid = os.fork()

[2024-07-10T10:48:03.024+0000] {standard_task_runner.py:63} INFO - Started process 223 to run task
[2024-07-10T10:48:03.024+0000] {standard_task_runner.py:90} INFO - Running: ['***', 'tasks', 'run', 'spaceX_project', 'load_output', 'scheduled__2024-07-09T00:00:00+00:00', '--job-id', '562', '--raw', '--subdir', 'DAGS_FOLDER/dag.py', '--cfg-path', '/tmp/tmps481adpn']
[2024-07-10T10:48:03.028+0000] {standard_task_runner.py:91} INFO - Job 562: Subtask load_output
[2024-07-10T10:48:03.089+0000] {task_command.py:426} INFO - Running <TaskInstance: spaceX_project.load_output scheduled__2024-07-09T00:00:00+00:00 [running]> on host afe5e479c9b4
[2024-07-10T10:48:03.193+0000] {taskinstance.py:2648} INFO - Exporting env vars: AIRFLOW_CTX_DAG_OWNER='rustam' AIRFLOW_CTX_DAG_ID='spaceX_project' AIRFLOW_CTX_TASK_ID='load_output' AIRFLOW_CTX_EXECUTION_DATE='2024-07-09T00:00:00+00:00' AIRFLOW_CTX_TRY_NUMBER='1' AIRFLOW_CTX_DAG_RUN_ID='scheduled__2024-07-09T00:00:00+00:00'
[2024-07-10T10:48:03.195+0000] {taskinstance.py:430} INFO - ::endgroup::
[2024-07-10T10:48:03.217+0000] {sql.py:276} INFO - Executing: 
            CREATE TABLE IF NOT EXISTS result(
                id INT PRIMARY KEY,
                name TEXT,
                active BOOLEAN
            );
        
[2024-07-10T10:48:03.227+0000] {base.py:84} INFO - Using connection ID 'cosmos' for task execution.
[2024-07-10T10:48:03.242+0000] {base.py:84} INFO - Using connection ID 'cosmos' for task execution.
[2024-07-10T10:48:03.249+0000] {sql.py:487} INFO - Running statement: 
            CREATE TABLE IF NOT EXISTS result(
                id INT PRIMARY KEY,
                name TEXT,
                active BOOLEAN
            );
        , parameters: None
[2024-07-10T10:48:03.262+0000] {taskinstance.py:441} INFO - ::group::Post task execution logs
[2024-07-10T10:48:03.273+0000] {taskinstance.py:1206} INFO - Marking task as SUCCESS. dag_id=spaceX_project, task_id=load_output, run_id=scheduled__2024-07-09T00:00:00+00:00, execution_date=20240709T000000, start_date=20240710T104802, end_date=20240710T104803
[2024-07-10T10:48:03.320+0000] {local_task_job_runner.py:240} INFO - Task exited with return code 0
[2024-07-10T10:48:03.332+0000] {warnings.py:112} WARNING - /home/***/.local/lib/python3.12/site-packages/***/models/baseoperator.py:1297: AirflowProviderDeprecationWarning: Call to deprecated class PostgresOperator. (Please use `***.providers.common.sql.operators.sql.SQLExecuteQueryOperator`.Also, you can provide `hook_params={'schema': <database>}`.)
  result = cls.__new__(cls)

[2024-07-10T10:48:03.344+0000] {taskinstance.py:3503} INFO - 1 downstream tasks scheduled from follow-on schedule check
[2024-07-10T10:48:03.347+0000] {local_task_job_runner.py:222} INFO - ::endgroup::
