[2024-07-10T14:53:05.983+0000] {local_task_job_runner.py:120} INFO - ::group::Pre task execution logs
[2024-07-10T14:53:06.323+0000] {taskinstance.py:2076} INFO - Dependencies all met for dep_context=non-requeueable deps ti=<TaskInstance: spaceX_project.extract scheduled__2024-07-09T00:00:00+00:00 [queued]>
[2024-07-10T14:53:06.338+0000] {taskinstance.py:2076} INFO - Dependencies all met for dep_context=requeueable deps ti=<TaskInstance: spaceX_project.extract scheduled__2024-07-09T00:00:00+00:00 [queued]>
[2024-07-10T14:53:06.338+0000] {taskinstance.py:2306} INFO - Starting attempt 4 of 9
[2024-07-10T14:53:06.364+0000] {taskinstance.py:2330} INFO - Executing <Task(PythonOperator): extract> on 2024-07-09 00:00:00+00:00
[2024-07-10T14:53:06.387+0000] {warnings.py:112} WARNING - /home/***/.local/lib/python3.12/site-packages/***/task/task_runner/standard_task_runner.py:61: DeprecationWarning: This process (pid=741) is multi-threaded, use of fork() may lead to deadlocks in the child.
  pid = os.fork()

[2024-07-10T14:53:06.389+0000] {standard_task_runner.py:63} INFO - Started process 743 to run task
[2024-07-10T14:53:06.389+0000] {standard_task_runner.py:90} INFO - Running: ['***', 'tasks', 'run', 'spaceX_project', 'extract', 'scheduled__2024-07-09T00:00:00+00:00', '--job-id', '603', '--raw', '--subdir', 'DAGS_FOLDER/dag.py', '--cfg-path', '/tmp/tmpnvq17360']
[2024-07-10T14:53:06.393+0000] {standard_task_runner.py:91} INFO - Job 603: Subtask extract
[2024-07-10T14:53:06.729+0000] {task_command.py:426} INFO - Running <TaskInstance: spaceX_project.extract scheduled__2024-07-09T00:00:00+00:00 [running]> on host 1831119bf87f
[2024-07-10T14:53:08.444+0000] {taskinstance.py:2648} INFO - Exporting env vars: AIRFLOW_CTX_DAG_OWNER='rustam' AIRFLOW_CTX_DAG_ID='spaceX_project' AIRFLOW_CTX_TASK_ID='extract' AIRFLOW_CTX_EXECUTION_DATE='2024-07-09T00:00:00+00:00' AIRFLOW_CTX_TRY_NUMBER='4' AIRFLOW_CTX_DAG_RUN_ID='scheduled__2024-07-09T00:00:00+00:00'
[2024-07-10T14:53:08.462+0000] {taskinstance.py:430} INFO - ::endgroup::
[2024-07-10T14:55:49.983+0000] {python.py:237} INFO - Done. Returned value was: None
[2024-07-10T14:55:50.001+0000] {taskinstance.py:441} INFO - ::group::Post task execution logs
[2024-07-10T14:55:50.151+0000] {taskinstance.py:1206} INFO - Marking task as SUCCESS. dag_id=spaceX_project, task_id=extract, run_id=scheduled__2024-07-09T00:00:00+00:00, execution_date=20240709T000000, start_date=20240710T145306, end_date=20240710T145550
[2024-07-10T14:55:50.383+0000] {local_task_job_runner.py:240} INFO - Task exited with return code 0
[2024-07-10T14:55:50.468+0000] {warnings.py:112} WARNING - /home/***/.local/lib/python3.12/site-packages/***/models/baseoperator.py:1297: AirflowProviderDeprecationWarning: Call to deprecated class PostgresOperator. (Please use `***.providers.common.sql.operators.sql.SQLExecuteQueryOperator`.Also, you can provide `hook_params={'schema': <database>}`.)
  result = cls.__new__(cls)

[2024-07-10T14:55:50.581+0000] {taskinstance.py:3503} INFO - 1 downstream tasks scheduled from follow-on schedule check
[2024-07-10T14:55:50.584+0000] {local_task_job_runner.py:222} INFO - ::endgroup::
