[2024-07-10T04:23:17.030+0000] {local_task_job_runner.py:120} INFO - ::group::Pre task execution logs
[2024-07-10T04:23:17.089+0000] {taskinstance.py:2076} INFO - Dependencies all met for dep_context=non-requeueable deps ti=<TaskInstance: spaceX_project.extract scheduled__2024-07-09T00:00:00+00:00 [queued]>
[2024-07-10T04:23:17.107+0000] {taskinstance.py:2076} INFO - Dependencies all met for dep_context=requeueable deps ti=<TaskInstance: spaceX_project.extract scheduled__2024-07-09T00:00:00+00:00 [queued]>
[2024-07-10T04:23:17.108+0000] {taskinstance.py:2306} INFO - Starting attempt 1 of 6
[2024-07-10T04:23:17.131+0000] {taskinstance.py:2330} INFO - Executing <Task(PythonOperator): extract> on 2024-07-09 00:00:00+00:00
[2024-07-10T04:23:17.158+0000] {warnings.py:112} WARNING - /home/***/.local/lib/python3.12/site-packages/***/task/task_runner/standard_task_runner.py:61: DeprecationWarning: This process (pid=52) is multi-threaded, use of fork() may lead to deadlocks in the child.
  pid = os.fork()

[2024-07-10T04:23:17.154+0000] {standard_task_runner.py:90} INFO - Running: ['***', 'tasks', 'run', 'spaceX_project', 'extract', 'scheduled__2024-07-09T00:00:00+00:00', '--job-id', '549', '--raw', '--subdir', 'DAGS_FOLDER/dag.py', '--cfg-path', '/tmp/tmpy56zegfq']
[2024-07-10T04:23:17.166+0000] {standard_task_runner.py:63} INFO - Started process 54 to run task
[2024-07-10T04:23:17.166+0000] {standard_task_runner.py:91} INFO - Job 549: Subtask extract
[2024-07-10T04:23:17.475+0000] {task_command.py:426} INFO - Running <TaskInstance: spaceX_project.extract scheduled__2024-07-09T00:00:00+00:00 [running]> on host f565c82ff71d
[2024-07-10T04:23:17.789+0000] {taskinstance.py:2648} INFO - Exporting env vars: AIRFLOW_CTX_DAG_OWNER='rustam' AIRFLOW_CTX_DAG_ID='spaceX_project' AIRFLOW_CTX_TASK_ID='extract' AIRFLOW_CTX_EXECUTION_DATE='2024-07-09T00:00:00+00:00' AIRFLOW_CTX_TRY_NUMBER='1' AIRFLOW_CTX_DAG_RUN_ID='scheduled__2024-07-09T00:00:00+00:00'
[2024-07-10T04:23:17.793+0000] {taskinstance.py:430} INFO - ::endgroup::
[2024-07-10T04:23:18.736+0000] {python.py:237} INFO - Done. Returned value was: None
[2024-07-10T04:23:18.740+0000] {taskinstance.py:441} INFO - ::group::Post task execution logs
[2024-07-10T04:23:18.761+0000] {taskinstance.py:1206} INFO - Marking task as SUCCESS. dag_id=spaceX_project, task_id=extract, run_id=scheduled__2024-07-09T00:00:00+00:00, execution_date=20240709T000000, start_date=20240710T042317, end_date=20240710T042318
[2024-07-10T04:23:18.849+0000] {local_task_job_runner.py:240} INFO - Task exited with return code 0
[2024-07-10T04:23:18.877+0000] {warnings.py:112} WARNING - /home/***/.local/lib/python3.12/site-packages/***/models/baseoperator.py:1297: AirflowProviderDeprecationWarning: Call to deprecated class PostgresOperator. (Please use `***.providers.common.sql.operators.sql.SQLExecuteQueryOperator`.Also, you can provide `hook_params={'schema': <database>}`.)
  result = cls.__new__(cls)

[2024-07-10T04:23:18.910+0000] {taskinstance.py:3503} INFO - 1 downstream tasks scheduled from follow-on schedule check
[2024-07-10T04:23:18.913+0000] {local_task_job_runner.py:222} INFO - ::endgroup::
