[2024-07-10T10:47:54.030+0000] {local_task_job_runner.py:120} INFO - ::group::Pre task execution logs
[2024-07-10T10:47:54.079+0000] {taskinstance.py:2076} INFO - Dependencies all met for dep_context=non-requeueable deps ti=<TaskInstance: spaceX_project.extract scheduled__2024-07-09T00:00:00+00:00 [queued]>
[2024-07-10T10:47:54.092+0000] {taskinstance.py:2076} INFO - Dependencies all met for dep_context=requeueable deps ti=<TaskInstance: spaceX_project.extract scheduled__2024-07-09T00:00:00+00:00 [queued]>
[2024-07-10T10:47:54.093+0000] {taskinstance.py:2306} INFO - Starting attempt 2 of 7
[2024-07-10T10:47:54.182+0000] {taskinstance.py:2330} INFO - Executing <Task(PythonOperator): extract> on 2024-07-09 00:00:00+00:00
[2024-07-10T10:47:54.192+0000] {warnings.py:112} WARNING - /home/***/.local/lib/python3.12/site-packages/***/task/task_runner/standard_task_runner.py:61: DeprecationWarning: This process (pid=212) is multi-threaded, use of fork() may lead to deadlocks in the child.
  pid = os.fork()

[2024-07-10T10:47:54.195+0000] {standard_task_runner.py:63} INFO - Started process 214 to run task
[2024-07-10T10:47:54.195+0000] {standard_task_runner.py:90} INFO - Running: ['***', 'tasks', 'run', 'spaceX_project', 'extract', 'scheduled__2024-07-09T00:00:00+00:00', '--job-id', '559', '--raw', '--subdir', 'DAGS_FOLDER/dag.py', '--cfg-path', '/tmp/tmpp8axyccn']
[2024-07-10T10:47:54.198+0000] {standard_task_runner.py:91} INFO - Job 559: Subtask extract
[2024-07-10T10:47:54.254+0000] {task_command.py:426} INFO - Running <TaskInstance: spaceX_project.extract scheduled__2024-07-09T00:00:00+00:00 [running]> on host afe5e479c9b4
[2024-07-10T10:47:54.368+0000] {taskinstance.py:2648} INFO - Exporting env vars: AIRFLOW_CTX_DAG_OWNER='rustam' AIRFLOW_CTX_DAG_ID='spaceX_project' AIRFLOW_CTX_TASK_ID='extract' AIRFLOW_CTX_EXECUTION_DATE='2024-07-09T00:00:00+00:00' AIRFLOW_CTX_TRY_NUMBER='2' AIRFLOW_CTX_DAG_RUN_ID='scheduled__2024-07-09T00:00:00+00:00'
[2024-07-10T10:47:54.371+0000] {taskinstance.py:430} INFO - ::endgroup::
[2024-07-10T10:47:55.169+0000] {python.py:237} INFO - Done. Returned value was: None
[2024-07-10T10:47:55.171+0000] {taskinstance.py:441} INFO - ::group::Post task execution logs
[2024-07-10T10:47:55.181+0000] {taskinstance.py:1206} INFO - Marking task as SUCCESS. dag_id=spaceX_project, task_id=extract, run_id=scheduled__2024-07-09T00:00:00+00:00, execution_date=20240709T000000, start_date=20240710T104754, end_date=20240710T104755
[2024-07-10T10:47:55.220+0000] {local_task_job_runner.py:240} INFO - Task exited with return code 0
[2024-07-10T10:47:55.235+0000] {warnings.py:112} WARNING - /home/***/.local/lib/python3.12/site-packages/***/models/baseoperator.py:1297: AirflowProviderDeprecationWarning: Call to deprecated class PostgresOperator. (Please use `***.providers.common.sql.operators.sql.SQLExecuteQueryOperator`.Also, you can provide `hook_params={'schema': <database>}`.)
  result = cls.__new__(cls)

[2024-07-10T10:47:55.258+0000] {taskinstance.py:3503} INFO - 1 downstream tasks scheduled from follow-on schedule check
[2024-07-10T10:47:55.260+0000] {local_task_job_runner.py:222} INFO - ::endgroup::
