[2024-07-09T08:21:19.010+0000] {local_task_job_runner.py:120} INFO - ::group::Pre task execution logs
[2024-07-09T08:21:19.157+0000] {taskinstance.py:2076} INFO - Dependencies all met for dep_context=non-requeueable deps ti=<TaskInstance: elt.task1 scheduled__2024-07-08T00:00:00+00:00 [queued]>
[2024-07-09T08:21:19.177+0000] {taskinstance.py:2076} INFO - Dependencies all met for dep_context=requeueable deps ti=<TaskInstance: elt.task1 scheduled__2024-07-08T00:00:00+00:00 [queued]>
[2024-07-09T08:21:19.177+0000] {taskinstance.py:2306} INFO - Starting attempt 1 of 6
[2024-07-09T08:21:19.199+0000] {taskinstance.py:2330} INFO - Executing <Task(PostgresOperator): task1> on 2024-07-08 00:00:00+00:00
[2024-07-09T08:21:19.208+0000] {warnings.py:112} WARNING - /home/***/.local/lib/python3.12/site-packages/***/task/task_runner/standard_task_runner.py:61: DeprecationWarning: This process (pid=173) is multi-threaded, use of fork() may lead to deadlocks in the child.
  pid = os.fork()

[2024-07-09T08:21:19.210+0000] {standard_task_runner.py:63} INFO - Started process 174 to run task
[2024-07-09T08:21:19.210+0000] {standard_task_runner.py:90} INFO - Running: ['***', 'tasks', 'run', 'elt', 'task1', 'scheduled__2024-07-08T00:00:00+00:00', '--job-id', '513', '--raw', '--subdir', 'DAGS_FOLDER/dag2.py', '--cfg-path', '/tmp/tmpjxfwnx31']
[2024-07-09T08:21:19.211+0000] {standard_task_runner.py:91} INFO - Job 513: Subtask task1
[2024-07-09T08:21:19.279+0000] {task_command.py:426} INFO - Running <TaskInstance: elt.task1 scheduled__2024-07-08T00:00:00+00:00 [running]> on host f565c82ff71d
[2024-07-09T08:21:19.400+0000] {taskinstance.py:2648} INFO - Exporting env vars: AIRFLOW_CTX_DAG_OWNER='dad' AIRFLOW_CTX_DAG_ID='elt' AIRFLOW_CTX_TASK_ID='task1' AIRFLOW_CTX_EXECUTION_DATE='2024-07-08T00:00:00+00:00' AIRFLOW_CTX_TRY_NUMBER='1' AIRFLOW_CTX_DAG_RUN_ID='scheduled__2024-07-08T00:00:00+00:00'
[2024-07-09T08:21:19.401+0000] {taskinstance.py:430} INFO - ::endgroup::
[2024-07-09T08:21:19.460+0000] {sql.py:276} INFO - Executing: 
            CREATE TABLE IF NOT EXISTS data(
                id int PRIMARY KEY,
                description TEXT
            );        
        
[2024-07-09T08:21:19.475+0000] {base.py:84} INFO - Using connection ID 'cosmos' for task execution.
[2024-07-09T08:21:19.504+0000] {base.py:84} INFO - Using connection ID 'cosmos' for task execution.
[2024-07-09T08:21:19.509+0000] {sql.py:487} INFO - Running statement: 
            CREATE TABLE IF NOT EXISTS data(
                id int PRIMARY KEY,
                description TEXT
            );        
        , parameters: None
[2024-07-09T08:21:19.555+0000] {taskinstance.py:441} INFO - ::group::Post task execution logs
[2024-07-09T08:21:19.566+0000] {taskinstance.py:1206} INFO - Marking task as SUCCESS. dag_id=elt, task_id=task1, run_id=scheduled__2024-07-08T00:00:00+00:00, execution_date=20240708T000000, start_date=20240709T082119, end_date=20240709T082119
[2024-07-09T08:21:19.629+0000] {local_task_job_runner.py:240} INFO - Task exited with return code 0
[2024-07-09T08:21:19.642+0000] {warnings.py:112} WARNING - /home/***/.local/lib/python3.12/site-packages/***/models/baseoperator.py:1297: AirflowProviderDeprecationWarning: Call to deprecated class PostgresOperator. (Please use `***.providers.common.sql.operators.sql.SQLExecuteQueryOperator`.Also, you can provide `hook_params={'schema': <database>}`.)
  result = cls.__new__(cls)

[2024-07-09T08:21:19.659+0000] {taskinstance.py:3503} INFO - 1 downstream tasks scheduled from follow-on schedule check
[2024-07-09T08:21:19.662+0000] {local_task_job_runner.py:222} INFO - ::endgroup::
[2024-07-09T17:11:14.647+0000] {local_task_job_runner.py:120} INFO - ::group::Pre task execution logs
[2024-07-09T17:11:14.707+0000] {taskinstance.py:2076} INFO - Dependencies all met for dep_context=non-requeueable deps ti=<TaskInstance: elt.task1 scheduled__2024-07-08T00:00:00+00:00 [queued]>
[2024-07-09T17:11:14.718+0000] {taskinstance.py:2076} INFO - Dependencies all met for dep_context=requeueable deps ti=<TaskInstance: elt.task1 scheduled__2024-07-08T00:00:00+00:00 [queued]>
[2024-07-09T17:11:14.719+0000] {taskinstance.py:2306} INFO - Starting attempt 1 of 6
[2024-07-09T17:11:14.749+0000] {taskinstance.py:2330} INFO - Executing <Task(PostgresOperator): task1> on 2024-07-08 00:00:00+00:00
[2024-07-09T17:11:14.759+0000] {warnings.py:112} WARNING - /home/***/.local/lib/python3.12/site-packages/***/task/task_runner/standard_task_runner.py:61: DeprecationWarning: This process (pid=236) is multi-threaded, use of fork() may lead to deadlocks in the child.
  pid = os.fork()

[2024-07-09T17:11:14.760+0000] {standard_task_runner.py:90} INFO - Running: ['***', 'tasks', 'run', 'elt', 'task1', 'scheduled__2024-07-08T00:00:00+00:00', '--job-id', '530', '--raw', '--subdir', 'DAGS_FOLDER/dag2.py', '--cfg-path', '/tmp/tmpvhm6cajv']
[2024-07-09T17:11:14.761+0000] {standard_task_runner.py:63} INFO - Started process 237 to run task
[2024-07-09T17:11:14.762+0000] {standard_task_runner.py:91} INFO - Job 530: Subtask task1
[2024-07-09T17:11:14.812+0000] {task_command.py:426} INFO - Running <TaskInstance: elt.task1 scheduled__2024-07-08T00:00:00+00:00 [running]> on host f565c82ff71d
[2024-07-09T17:11:14.912+0000] {taskinstance.py:2648} INFO - Exporting env vars: AIRFLOW_CTX_DAG_OWNER='dad' AIRFLOW_CTX_DAG_ID='elt' AIRFLOW_CTX_TASK_ID='task1' AIRFLOW_CTX_EXECUTION_DATE='2024-07-08T00:00:00+00:00' AIRFLOW_CTX_TRY_NUMBER='1' AIRFLOW_CTX_DAG_RUN_ID='scheduled__2024-07-08T00:00:00+00:00'
[2024-07-09T17:11:14.914+0000] {taskinstance.py:430} INFO - ::endgroup::
[2024-07-09T17:11:14.950+0000] {sql.py:276} INFO - Executing: 
            CREATE TABLE IF NOT EXISTS data(
                id int PRIMARY KEY,
                description TEXT
            );        
        
[2024-07-09T17:11:14.965+0000] {base.py:84} INFO - Using connection ID 'cosmos' for task execution.
[2024-07-09T17:11:14.983+0000] {base.py:84} INFO - Using connection ID 'cosmos' for task execution.
[2024-07-09T17:11:14.987+0000] {sql.py:487} INFO - Running statement: 
            CREATE TABLE IF NOT EXISTS data(
                id int PRIMARY KEY,
                description TEXT
            );        
        , parameters: None
[2024-07-09T17:11:14.991+0000] {taskinstance.py:441} INFO - ::group::Post task execution logs
[2024-07-09T17:11:15.000+0000] {taskinstance.py:1206} INFO - Marking task as SUCCESS. dag_id=elt, task_id=task1, run_id=scheduled__2024-07-08T00:00:00+00:00, execution_date=20240708T000000, start_date=20240709T171114, end_date=20240709T171115
[2024-07-09T17:11:15.060+0000] {local_task_job_runner.py:240} INFO - Task exited with return code 0
[2024-07-09T17:11:15.071+0000] {warnings.py:112} WARNING - /home/***/.local/lib/python3.12/site-packages/***/models/baseoperator.py:1297: AirflowProviderDeprecationWarning: Call to deprecated class PostgresOperator. (Please use `***.providers.common.sql.operators.sql.SQLExecuteQueryOperator`.Also, you can provide `hook_params={'schema': <database>}`.)
  result = cls.__new__(cls)

[2024-07-09T17:11:15.085+0000] {taskinstance.py:3503} INFO - 1 downstream tasks scheduled from follow-on schedule check
[2024-07-09T17:11:15.088+0000] {local_task_job_runner.py:222} INFO - ::endgroup::
