[2024-07-08T15:07:23.746+0000] {processor.py:161} INFO - Started process (PID=33) to work on /home/airflow/.local/lib/python3.12/site-packages/airflow/example_dags/example_display_name.py
[2024-07-08T15:07:23.753+0000] {processor.py:830} INFO - Processing file /home/airflow/.local/lib/python3.12/site-packages/airflow/example_dags/example_display_name.py for tasks to queue
[2024-07-08T15:07:23.766+0000] {logging_mixin.py:188} INFO - [2024-07-08T15:07:23.764+0000] {dagbag.py:545} INFO - Filling up the DagBag from /home/airflow/.local/lib/python3.12/site-packages/airflow/example_dags/example_display_name.py
[2024-07-08T15:07:23.841+0000] {processor.py:840} INFO - DAG(s) 'example_display_name' retrieved from /home/airflow/.local/lib/python3.12/site-packages/airflow/example_dags/example_display_name.py
[2024-07-08T15:07:25.824+0000] {logging_mixin.py:188} INFO - [2024-07-08T15:07:25.821+0000] {dag.py:3096} INFO - Sync 1 DAGs
[2024-07-08T15:07:25.923+0000] {logging_mixin.py:188} INFO - [2024-07-08T15:07:25.922+0000] {dag.py:3954} INFO - Setting next_dagrun for example_display_name to None, run_after=None
[2024-07-08T15:07:26.064+0000] {processor.py:183} INFO - Processing /home/airflow/.local/lib/python3.12/site-packages/airflow/example_dags/example_display_name.py took 2.323 seconds
[2024-07-08T15:08:03.881+0000] {processor.py:161} INFO - Started process (PID=91) to work on /home/airflow/.local/lib/python3.12/site-packages/airflow/example_dags/example_display_name.py
[2024-07-08T15:08:03.914+0000] {processor.py:830} INFO - Processing file /home/airflow/.local/lib/python3.12/site-packages/airflow/example_dags/example_display_name.py for tasks to queue
[2024-07-08T15:08:03.937+0000] {logging_mixin.py:188} INFO - [2024-07-08T15:08:03.935+0000] {dagbag.py:545} INFO - Filling up the DagBag from /home/airflow/.local/lib/python3.12/site-packages/airflow/example_dags/example_display_name.py
[2024-07-08T15:08:04.086+0000] {processor.py:840} INFO - DAG(s) 'example_display_name' retrieved from /home/airflow/.local/lib/python3.12/site-packages/airflow/example_dags/example_display_name.py
[2024-07-08T15:08:04.154+0000] {logging_mixin.py:188} INFO - [2024-07-08T15:08:04.153+0000] {dag.py:3096} INFO - Sync 1 DAGs
[2024-07-08T15:08:04.235+0000] {logging_mixin.py:188} INFO - [2024-07-08T15:08:04.232+0000] {dag.py:3954} INFO - Setting next_dagrun for example_display_name to None, run_after=None
[2024-07-08T15:08:04.313+0000] {processor.py:183} INFO - Processing /home/airflow/.local/lib/python3.12/site-packages/airflow/example_dags/example_display_name.py took 0.560 seconds
[2024-07-08T15:08:34.938+0000] {processor.py:161} INFO - Started process (PID=146) to work on /home/airflow/.local/lib/python3.12/site-packages/airflow/example_dags/example_display_name.py
[2024-07-08T15:08:34.940+0000] {processor.py:830} INFO - Processing file /home/airflow/.local/lib/python3.12/site-packages/airflow/example_dags/example_display_name.py for tasks to queue
[2024-07-08T15:08:34.943+0000] {logging_mixin.py:188} INFO - [2024-07-08T15:08:34.942+0000] {dagbag.py:545} INFO - Filling up the DagBag from /home/airflow/.local/lib/python3.12/site-packages/airflow/example_dags/example_display_name.py
[2024-07-08T15:08:34.949+0000] {processor.py:840} INFO - DAG(s) 'example_display_name' retrieved from /home/airflow/.local/lib/python3.12/site-packages/airflow/example_dags/example_display_name.py
[2024-07-08T15:08:34.975+0000] {logging_mixin.py:188} INFO - [2024-07-08T15:08:34.975+0000] {dag.py:3096} INFO - Sync 1 DAGs
[2024-07-08T15:08:34.993+0000] {logging_mixin.py:188} INFO - [2024-07-08T15:08:34.993+0000] {dag.py:3954} INFO - Setting next_dagrun for example_display_name to None, run_after=None
[2024-07-08T15:08:35.021+0000] {processor.py:183} INFO - Processing /home/airflow/.local/lib/python3.12/site-packages/airflow/example_dags/example_display_name.py took 0.089 seconds
[2024-07-08T15:09:05.289+0000] {processor.py:161} INFO - Started process (PID=204) to work on /home/airflow/.local/lib/python3.12/site-packages/airflow/example_dags/example_display_name.py
[2024-07-08T15:09:05.305+0000] {processor.py:830} INFO - Processing file /home/airflow/.local/lib/python3.12/site-packages/airflow/example_dags/example_display_name.py for tasks to queue
[2024-07-08T15:09:05.316+0000] {logging_mixin.py:188} INFO - [2024-07-08T15:09:05.316+0000] {dagbag.py:545} INFO - Filling up the DagBag from /home/airflow/.local/lib/python3.12/site-packages/airflow/example_dags/example_display_name.py
[2024-07-08T15:09:05.348+0000] {processor.py:840} INFO - DAG(s) 'example_display_name' retrieved from /home/airflow/.local/lib/python3.12/site-packages/airflow/example_dags/example_display_name.py
[2024-07-08T15:09:05.471+0000] {logging_mixin.py:188} INFO - [2024-07-08T15:09:05.470+0000] {dag.py:3096} INFO - Sync 1 DAGs
[2024-07-08T15:09:05.660+0000] {logging_mixin.py:188} INFO - [2024-07-08T15:09:05.659+0000] {dag.py:3954} INFO - Setting next_dagrun for example_display_name to None, run_after=None
[2024-07-08T15:09:05.891+0000] {processor.py:183} INFO - Processing /home/airflow/.local/lib/python3.12/site-packages/airflow/example_dags/example_display_name.py took 0.639 seconds
[2024-07-08T15:09:36.419+0000] {processor.py:161} INFO - Started process (PID=262) to work on /home/airflow/.local/lib/python3.12/site-packages/airflow/example_dags/example_display_name.py
[2024-07-08T15:09:36.422+0000] {processor.py:830} INFO - Processing file /home/airflow/.local/lib/python3.12/site-packages/airflow/example_dags/example_display_name.py for tasks to queue
[2024-07-08T15:09:36.425+0000] {logging_mixin.py:188} INFO - [2024-07-08T15:09:36.424+0000] {dagbag.py:545} INFO - Filling up the DagBag from /home/airflow/.local/lib/python3.12/site-packages/airflow/example_dags/example_display_name.py
[2024-07-08T15:09:36.431+0000] {processor.py:840} INFO - DAG(s) 'example_display_name' retrieved from /home/airflow/.local/lib/python3.12/site-packages/airflow/example_dags/example_display_name.py
[2024-07-08T15:09:36.459+0000] {logging_mixin.py:188} INFO - [2024-07-08T15:09:36.459+0000] {dag.py:3096} INFO - Sync 1 DAGs
[2024-07-08T15:09:36.478+0000] {logging_mixin.py:188} INFO - [2024-07-08T15:09:36.477+0000] {dag.py:3954} INFO - Setting next_dagrun for example_display_name to None, run_after=None
[2024-07-08T15:09:36.504+0000] {processor.py:183} INFO - Processing /home/airflow/.local/lib/python3.12/site-packages/airflow/example_dags/example_display_name.py took 0.091 seconds
[2024-07-08T15:10:07.041+0000] {processor.py:161} INFO - Started process (PID=320) to work on /home/airflow/.local/lib/python3.12/site-packages/airflow/example_dags/example_display_name.py
[2024-07-08T15:10:07.043+0000] {processor.py:830} INFO - Processing file /home/airflow/.local/lib/python3.12/site-packages/airflow/example_dags/example_display_name.py for tasks to queue
[2024-07-08T15:10:07.048+0000] {logging_mixin.py:188} INFO - [2024-07-08T15:10:07.047+0000] {dagbag.py:545} INFO - Filling up the DagBag from /home/airflow/.local/lib/python3.12/site-packages/airflow/example_dags/example_display_name.py
[2024-07-08T15:10:07.058+0000] {processor.py:840} INFO - DAG(s) 'example_display_name' retrieved from /home/airflow/.local/lib/python3.12/site-packages/airflow/example_dags/example_display_name.py
[2024-07-08T15:10:07.094+0000] {logging_mixin.py:188} INFO - [2024-07-08T15:10:07.094+0000] {dag.py:3096} INFO - Sync 1 DAGs
[2024-07-08T15:10:07.122+0000] {logging_mixin.py:188} INFO - [2024-07-08T15:10:07.121+0000] {dag.py:3954} INFO - Setting next_dagrun for example_display_name to None, run_after=None
[2024-07-08T15:10:07.163+0000] {processor.py:183} INFO - Processing /home/airflow/.local/lib/python3.12/site-packages/airflow/example_dags/example_display_name.py took 0.132 seconds
[2024-07-08T15:10:37.339+0000] {processor.py:161} INFO - Started process (PID=377) to work on /home/airflow/.local/lib/python3.12/site-packages/airflow/example_dags/example_display_name.py
[2024-07-08T15:10:37.340+0000] {processor.py:830} INFO - Processing file /home/airflow/.local/lib/python3.12/site-packages/airflow/example_dags/example_display_name.py for tasks to queue
[2024-07-08T15:10:37.343+0000] {logging_mixin.py:188} INFO - [2024-07-08T15:10:37.343+0000] {dagbag.py:545} INFO - Filling up the DagBag from /home/airflow/.local/lib/python3.12/site-packages/airflow/example_dags/example_display_name.py
[2024-07-08T15:10:37.352+0000] {processor.py:840} INFO - DAG(s) 'example_display_name' retrieved from /home/airflow/.local/lib/python3.12/site-packages/airflow/example_dags/example_display_name.py
[2024-07-08T15:10:37.377+0000] {logging_mixin.py:188} INFO - [2024-07-08T15:10:37.377+0000] {dag.py:3096} INFO - Sync 1 DAGs
[2024-07-08T15:10:37.392+0000] {logging_mixin.py:188} INFO - [2024-07-08T15:10:37.392+0000] {dag.py:3954} INFO - Setting next_dagrun for example_display_name to None, run_after=None
[2024-07-08T15:10:37.423+0000] {processor.py:183} INFO - Processing /home/airflow/.local/lib/python3.12/site-packages/airflow/example_dags/example_display_name.py took 0.093 seconds
[2024-07-08T15:11:07.642+0000] {processor.py:161} INFO - Started process (PID=435) to work on /home/airflow/.local/lib/python3.12/site-packages/airflow/example_dags/example_display_name.py
[2024-07-08T15:11:07.643+0000] {processor.py:830} INFO - Processing file /home/airflow/.local/lib/python3.12/site-packages/airflow/example_dags/example_display_name.py for tasks to queue
[2024-07-08T15:11:07.645+0000] {logging_mixin.py:188} INFO - [2024-07-08T15:11:07.645+0000] {dagbag.py:545} INFO - Filling up the DagBag from /home/airflow/.local/lib/python3.12/site-packages/airflow/example_dags/example_display_name.py
[2024-07-08T15:11:07.653+0000] {processor.py:840} INFO - DAG(s) 'example_display_name' retrieved from /home/airflow/.local/lib/python3.12/site-packages/airflow/example_dags/example_display_name.py
[2024-07-08T15:11:07.677+0000] {logging_mixin.py:188} INFO - [2024-07-08T15:11:07.677+0000] {dag.py:3096} INFO - Sync 1 DAGs
[2024-07-08T15:11:07.692+0000] {logging_mixin.py:188} INFO - [2024-07-08T15:11:07.692+0000] {dag.py:3954} INFO - Setting next_dagrun for example_display_name to None, run_after=None
[2024-07-08T15:11:07.721+0000] {processor.py:183} INFO - Processing /home/airflow/.local/lib/python3.12/site-packages/airflow/example_dags/example_display_name.py took 0.086 seconds
[2024-07-08T15:11:38.602+0000] {processor.py:161} INFO - Started process (PID=493) to work on /home/airflow/.local/lib/python3.12/site-packages/airflow/example_dags/example_display_name.py
[2024-07-08T15:11:38.603+0000] {processor.py:830} INFO - Processing file /home/airflow/.local/lib/python3.12/site-packages/airflow/example_dags/example_display_name.py for tasks to queue
[2024-07-08T15:11:38.606+0000] {logging_mixin.py:188} INFO - [2024-07-08T15:11:38.605+0000] {dagbag.py:545} INFO - Filling up the DagBag from /home/airflow/.local/lib/python3.12/site-packages/airflow/example_dags/example_display_name.py
[2024-07-08T15:11:38.614+0000] {processor.py:840} INFO - DAG(s) 'example_display_name' retrieved from /home/airflow/.local/lib/python3.12/site-packages/airflow/example_dags/example_display_name.py
[2024-07-08T15:11:38.642+0000] {logging_mixin.py:188} INFO - [2024-07-08T15:11:38.641+0000] {dag.py:3096} INFO - Sync 1 DAGs
[2024-07-08T15:11:38.657+0000] {logging_mixin.py:188} INFO - [2024-07-08T15:11:38.657+0000] {dag.py:3954} INFO - Setting next_dagrun for example_display_name to None, run_after=None
[2024-07-08T15:11:38.688+0000] {processor.py:183} INFO - Processing /home/airflow/.local/lib/python3.12/site-packages/airflow/example_dags/example_display_name.py took 0.093 seconds
[2024-07-08T15:12:09.318+0000] {processor.py:161} INFO - Started process (PID=550) to work on /home/airflow/.local/lib/python3.12/site-packages/airflow/example_dags/example_display_name.py
[2024-07-08T15:12:09.320+0000] {processor.py:830} INFO - Processing file /home/airflow/.local/lib/python3.12/site-packages/airflow/example_dags/example_display_name.py for tasks to queue
[2024-07-08T15:12:09.323+0000] {logging_mixin.py:188} INFO - [2024-07-08T15:12:09.323+0000] {dagbag.py:545} INFO - Filling up the DagBag from /home/airflow/.local/lib/python3.12/site-packages/airflow/example_dags/example_display_name.py
[2024-07-08T15:12:09.332+0000] {processor.py:840} INFO - DAG(s) 'example_display_name' retrieved from /home/airflow/.local/lib/python3.12/site-packages/airflow/example_dags/example_display_name.py
[2024-07-08T15:12:09.365+0000] {logging_mixin.py:188} INFO - [2024-07-08T15:12:09.365+0000] {dag.py:3096} INFO - Sync 1 DAGs
[2024-07-08T15:12:09.384+0000] {logging_mixin.py:188} INFO - [2024-07-08T15:12:09.384+0000] {dag.py:3954} INFO - Setting next_dagrun for example_display_name to None, run_after=None
[2024-07-08T15:12:09.419+0000] {processor.py:183} INFO - Processing /home/airflow/.local/lib/python3.12/site-packages/airflow/example_dags/example_display_name.py took 0.110 seconds
[2024-07-08T15:12:40.388+0000] {processor.py:161} INFO - Started process (PID=608) to work on /home/airflow/.local/lib/python3.12/site-packages/airflow/example_dags/example_display_name.py
[2024-07-08T15:12:40.390+0000] {processor.py:830} INFO - Processing file /home/airflow/.local/lib/python3.12/site-packages/airflow/example_dags/example_display_name.py for tasks to queue
[2024-07-08T15:12:40.392+0000] {logging_mixin.py:188} INFO - [2024-07-08T15:12:40.392+0000] {dagbag.py:545} INFO - Filling up the DagBag from /home/airflow/.local/lib/python3.12/site-packages/airflow/example_dags/example_display_name.py
[2024-07-08T15:12:40.401+0000] {processor.py:840} INFO - DAG(s) 'example_display_name' retrieved from /home/airflow/.local/lib/python3.12/site-packages/airflow/example_dags/example_display_name.py
[2024-07-08T15:12:40.431+0000] {logging_mixin.py:188} INFO - [2024-07-08T15:12:40.431+0000] {dag.py:3096} INFO - Sync 1 DAGs
[2024-07-08T15:12:40.455+0000] {logging_mixin.py:188} INFO - [2024-07-08T15:12:40.455+0000] {dag.py:3954} INFO - Setting next_dagrun for example_display_name to None, run_after=None
[2024-07-08T15:12:40.501+0000] {processor.py:183} INFO - Processing /home/airflow/.local/lib/python3.12/site-packages/airflow/example_dags/example_display_name.py took 0.120 seconds
[2024-07-08T15:13:11.422+0000] {processor.py:161} INFO - Started process (PID=667) to work on /home/airflow/.local/lib/python3.12/site-packages/airflow/example_dags/example_display_name.py
[2024-07-08T15:13:11.424+0000] {processor.py:830} INFO - Processing file /home/airflow/.local/lib/python3.12/site-packages/airflow/example_dags/example_display_name.py for tasks to queue
[2024-07-08T15:13:11.428+0000] {logging_mixin.py:188} INFO - [2024-07-08T15:13:11.427+0000] {dagbag.py:545} INFO - Filling up the DagBag from /home/airflow/.local/lib/python3.12/site-packages/airflow/example_dags/example_display_name.py
[2024-07-08T15:13:11.441+0000] {processor.py:840} INFO - DAG(s) 'example_display_name' retrieved from /home/airflow/.local/lib/python3.12/site-packages/airflow/example_dags/example_display_name.py
[2024-07-08T15:13:11.503+0000] {logging_mixin.py:188} INFO - [2024-07-08T15:13:11.503+0000] {dag.py:3096} INFO - Sync 1 DAGs
[2024-07-08T15:13:11.608+0000] {logging_mixin.py:188} INFO - [2024-07-08T15:13:11.606+0000] {dag.py:3954} INFO - Setting next_dagrun for example_display_name to None, run_after=None
[2024-07-08T15:13:11.671+0000] {processor.py:183} INFO - Processing /home/airflow/.local/lib/python3.12/site-packages/airflow/example_dags/example_display_name.py took 0.265 seconds
[2024-07-08T15:13:41.786+0000] {processor.py:161} INFO - Started process (PID=725) to work on /home/airflow/.local/lib/python3.12/site-packages/airflow/example_dags/example_display_name.py
[2024-07-08T15:13:41.788+0000] {processor.py:830} INFO - Processing file /home/airflow/.local/lib/python3.12/site-packages/airflow/example_dags/example_display_name.py for tasks to queue
[2024-07-08T15:13:41.790+0000] {logging_mixin.py:188} INFO - [2024-07-08T15:13:41.790+0000] {dagbag.py:545} INFO - Filling up the DagBag from /home/airflow/.local/lib/python3.12/site-packages/airflow/example_dags/example_display_name.py
[2024-07-08T15:13:41.802+0000] {processor.py:840} INFO - DAG(s) 'example_display_name' retrieved from /home/airflow/.local/lib/python3.12/site-packages/airflow/example_dags/example_display_name.py
[2024-07-08T15:13:41.834+0000] {logging_mixin.py:188} INFO - [2024-07-08T15:13:41.833+0000] {dag.py:3096} INFO - Sync 1 DAGs
[2024-07-08T15:13:41.852+0000] {logging_mixin.py:188} INFO - [2024-07-08T15:13:41.852+0000] {dag.py:3954} INFO - Setting next_dagrun for example_display_name to None, run_after=None
[2024-07-08T15:13:41.885+0000] {processor.py:183} INFO - Processing /home/airflow/.local/lib/python3.12/site-packages/airflow/example_dags/example_display_name.py took 0.106 seconds
[2024-07-08T15:16:09.227+0000] {processor.py:161} INFO - Started process (PID=745) to work on /home/airflow/.local/lib/python3.12/site-packages/airflow/example_dags/example_display_name.py
[2024-07-08T15:16:09.245+0000] {processor.py:830} INFO - Processing file /home/airflow/.local/lib/python3.12/site-packages/airflow/example_dags/example_display_name.py for tasks to queue
[2024-07-08T15:16:09.249+0000] {logging_mixin.py:188} INFO - [2024-07-08T15:16:09.249+0000] {dagbag.py:545} INFO - Filling up the DagBag from /home/airflow/.local/lib/python3.12/site-packages/airflow/example_dags/example_display_name.py
[2024-07-08T15:16:09.281+0000] {processor.py:840} INFO - DAG(s) 'example_display_name' retrieved from /home/airflow/.local/lib/python3.12/site-packages/airflow/example_dags/example_display_name.py
[2024-07-08T15:16:09.359+0000] {logging_mixin.py:188} INFO - [2024-07-08T15:16:09.358+0000] {dag.py:3096} INFO - Sync 1 DAGs
[2024-07-08T15:16:09.407+0000] {logging_mixin.py:188} INFO - [2024-07-08T15:16:09.406+0000] {dag.py:3954} INFO - Setting next_dagrun for example_display_name to None, run_after=None
[2024-07-08T15:16:09.460+0000] {processor.py:183} INFO - Processing /home/airflow/.local/lib/python3.12/site-packages/airflow/example_dags/example_display_name.py took 0.284 seconds
[2024-07-08T15:16:39.548+0000] {processor.py:161} INFO - Started process (PID=803) to work on /home/airflow/.local/lib/python3.12/site-packages/airflow/example_dags/example_display_name.py
[2024-07-08T15:16:39.554+0000] {processor.py:830} INFO - Processing file /home/airflow/.local/lib/python3.12/site-packages/airflow/example_dags/example_display_name.py for tasks to queue
[2024-07-08T15:16:39.556+0000] {logging_mixin.py:188} INFO - [2024-07-08T15:16:39.555+0000] {dagbag.py:545} INFO - Filling up the DagBag from /home/airflow/.local/lib/python3.12/site-packages/airflow/example_dags/example_display_name.py
[2024-07-08T15:16:39.574+0000] {processor.py:840} INFO - DAG(s) 'example_display_name' retrieved from /home/airflow/.local/lib/python3.12/site-packages/airflow/example_dags/example_display_name.py
[2024-07-08T15:16:39.632+0000] {logging_mixin.py:188} INFO - [2024-07-08T15:16:39.631+0000] {dag.py:3096} INFO - Sync 1 DAGs
[2024-07-08T15:16:39.661+0000] {logging_mixin.py:188} INFO - [2024-07-08T15:16:39.661+0000] {dag.py:3954} INFO - Setting next_dagrun for example_display_name to None, run_after=None
[2024-07-08T15:16:39.694+0000] {processor.py:183} INFO - Processing /home/airflow/.local/lib/python3.12/site-packages/airflow/example_dags/example_display_name.py took 0.159 seconds
[2024-07-08T15:17:09.975+0000] {processor.py:161} INFO - Started process (PID=859) to work on /home/airflow/.local/lib/python3.12/site-packages/airflow/example_dags/example_display_name.py
[2024-07-08T15:17:09.977+0000] {processor.py:830} INFO - Processing file /home/airflow/.local/lib/python3.12/site-packages/airflow/example_dags/example_display_name.py for tasks to queue
[2024-07-08T15:17:09.979+0000] {logging_mixin.py:188} INFO - [2024-07-08T15:17:09.978+0000] {dagbag.py:545} INFO - Filling up the DagBag from /home/airflow/.local/lib/python3.12/site-packages/airflow/example_dags/example_display_name.py
[2024-07-08T15:17:09.988+0000] {processor.py:840} INFO - DAG(s) 'example_display_name' retrieved from /home/airflow/.local/lib/python3.12/site-packages/airflow/example_dags/example_display_name.py
[2024-07-08T15:17:10.017+0000] {logging_mixin.py:188} INFO - [2024-07-08T15:17:10.017+0000] {dag.py:3096} INFO - Sync 1 DAGs
[2024-07-08T15:17:10.035+0000] {logging_mixin.py:188} INFO - [2024-07-08T15:17:10.035+0000] {dag.py:3954} INFO - Setting next_dagrun for example_display_name to None, run_after=None
[2024-07-08T15:17:10.064+0000] {processor.py:183} INFO - Processing /home/airflow/.local/lib/python3.12/site-packages/airflow/example_dags/example_display_name.py took 0.100 seconds
[2024-07-08T15:18:56.619+0000] {processor.py:161} INFO - Started process (PID=909) to work on /home/airflow/.local/lib/python3.12/site-packages/airflow/example_dags/example_display_name.py
[2024-07-08T15:18:56.626+0000] {processor.py:830} INFO - Processing file /home/airflow/.local/lib/python3.12/site-packages/airflow/example_dags/example_display_name.py for tasks to queue
[2024-07-08T15:18:56.634+0000] {logging_mixin.py:188} INFO - [2024-07-08T15:18:56.630+0000] {dagbag.py:545} INFO - Filling up the DagBag from /home/airflow/.local/lib/python3.12/site-packages/airflow/example_dags/example_display_name.py
[2024-07-08T15:18:56.675+0000] {processor.py:840} INFO - DAG(s) 'example_display_name' retrieved from /home/airflow/.local/lib/python3.12/site-packages/airflow/example_dags/example_display_name.py
[2024-07-08T15:18:56.798+0000] {logging_mixin.py:188} INFO - [2024-07-08T15:18:56.797+0000] {dag.py:3096} INFO - Sync 1 DAGs
[2024-07-08T15:18:56.844+0000] {logging_mixin.py:188} INFO - [2024-07-08T15:18:56.843+0000] {dag.py:3954} INFO - Setting next_dagrun for example_display_name to None, run_after=None
[2024-07-08T15:18:56.958+0000] {processor.py:183} INFO - Processing /home/airflow/.local/lib/python3.12/site-packages/airflow/example_dags/example_display_name.py took 0.391 seconds
[2024-07-08T15:19:27.027+0000] {processor.py:161} INFO - Started process (PID=965) to work on /home/airflow/.local/lib/python3.12/site-packages/airflow/example_dags/example_display_name.py
[2024-07-08T15:19:27.029+0000] {processor.py:830} INFO - Processing file /home/airflow/.local/lib/python3.12/site-packages/airflow/example_dags/example_display_name.py for tasks to queue
[2024-07-08T15:19:27.031+0000] {logging_mixin.py:188} INFO - [2024-07-08T15:19:27.030+0000] {dagbag.py:545} INFO - Filling up the DagBag from /home/airflow/.local/lib/python3.12/site-packages/airflow/example_dags/example_display_name.py
[2024-07-08T15:19:27.042+0000] {processor.py:840} INFO - DAG(s) 'example_display_name' retrieved from /home/airflow/.local/lib/python3.12/site-packages/airflow/example_dags/example_display_name.py
[2024-07-08T15:19:27.094+0000] {logging_mixin.py:188} INFO - [2024-07-08T15:19:27.093+0000] {dag.py:3096} INFO - Sync 1 DAGs
[2024-07-08T15:19:27.118+0000] {logging_mixin.py:188} INFO - [2024-07-08T15:19:27.117+0000] {dag.py:3954} INFO - Setting next_dagrun for example_display_name to None, run_after=None
[2024-07-08T15:19:27.153+0000] {processor.py:183} INFO - Processing /home/airflow/.local/lib/python3.12/site-packages/airflow/example_dags/example_display_name.py took 0.134 seconds
[2024-07-08T15:19:57.463+0000] {processor.py:161} INFO - Started process (PID=1023) to work on /home/airflow/.local/lib/python3.12/site-packages/airflow/example_dags/example_display_name.py
[2024-07-08T15:19:57.464+0000] {processor.py:830} INFO - Processing file /home/airflow/.local/lib/python3.12/site-packages/airflow/example_dags/example_display_name.py for tasks to queue
[2024-07-08T15:19:57.466+0000] {logging_mixin.py:188} INFO - [2024-07-08T15:19:57.465+0000] {dagbag.py:545} INFO - Filling up the DagBag from /home/airflow/.local/lib/python3.12/site-packages/airflow/example_dags/example_display_name.py
[2024-07-08T15:19:57.476+0000] {processor.py:840} INFO - DAG(s) 'example_display_name' retrieved from /home/airflow/.local/lib/python3.12/site-packages/airflow/example_dags/example_display_name.py
[2024-07-08T15:19:57.516+0000] {logging_mixin.py:188} INFO - [2024-07-08T15:19:57.515+0000] {dag.py:3096} INFO - Sync 1 DAGs
[2024-07-08T15:19:57.535+0000] {logging_mixin.py:188} INFO - [2024-07-08T15:19:57.535+0000] {dag.py:3954} INFO - Setting next_dagrun for example_display_name to None, run_after=None
[2024-07-08T15:19:57.572+0000] {processor.py:183} INFO - Processing /home/airflow/.local/lib/python3.12/site-packages/airflow/example_dags/example_display_name.py took 0.119 seconds
[2024-07-08T15:20:28.351+0000] {processor.py:161} INFO - Started process (PID=1087) to work on /home/airflow/.local/lib/python3.12/site-packages/airflow/example_dags/example_display_name.py
[2024-07-08T15:20:28.353+0000] {processor.py:830} INFO - Processing file /home/airflow/.local/lib/python3.12/site-packages/airflow/example_dags/example_display_name.py for tasks to queue
[2024-07-08T15:20:28.354+0000] {logging_mixin.py:188} INFO - [2024-07-08T15:20:28.354+0000] {dagbag.py:545} INFO - Filling up the DagBag from /home/airflow/.local/lib/python3.12/site-packages/airflow/example_dags/example_display_name.py
[2024-07-08T15:20:28.365+0000] {processor.py:840} INFO - DAG(s) 'example_display_name' retrieved from /home/airflow/.local/lib/python3.12/site-packages/airflow/example_dags/example_display_name.py
[2024-07-08T15:20:28.397+0000] {logging_mixin.py:188} INFO - [2024-07-08T15:20:28.396+0000] {dag.py:3096} INFO - Sync 1 DAGs
[2024-07-08T15:20:28.417+0000] {logging_mixin.py:188} INFO - [2024-07-08T15:20:28.417+0000] {dag.py:3954} INFO - Setting next_dagrun for example_display_name to None, run_after=None
[2024-07-08T15:20:28.447+0000] {processor.py:183} INFO - Processing /home/airflow/.local/lib/python3.12/site-packages/airflow/example_dags/example_display_name.py took 0.109 seconds
[2024-07-08T15:20:58.548+0000] {processor.py:161} INFO - Started process (PID=1145) to work on /home/airflow/.local/lib/python3.12/site-packages/airflow/example_dags/example_display_name.py
[2024-07-08T15:20:58.550+0000] {processor.py:830} INFO - Processing file /home/airflow/.local/lib/python3.12/site-packages/airflow/example_dags/example_display_name.py for tasks to queue
[2024-07-08T15:20:58.551+0000] {logging_mixin.py:188} INFO - [2024-07-08T15:20:58.551+0000] {dagbag.py:545} INFO - Filling up the DagBag from /home/airflow/.local/lib/python3.12/site-packages/airflow/example_dags/example_display_name.py
[2024-07-08T15:20:58.559+0000] {processor.py:840} INFO - DAG(s) 'example_display_name' retrieved from /home/airflow/.local/lib/python3.12/site-packages/airflow/example_dags/example_display_name.py
[2024-07-08T15:20:58.589+0000] {logging_mixin.py:188} INFO - [2024-07-08T15:20:58.589+0000] {dag.py:3096} INFO - Sync 1 DAGs
[2024-07-08T15:20:58.610+0000] {logging_mixin.py:188} INFO - [2024-07-08T15:20:58.610+0000] {dag.py:3954} INFO - Setting next_dagrun for example_display_name to None, run_after=None
[2024-07-08T15:20:58.639+0000] {processor.py:183} INFO - Processing /home/airflow/.local/lib/python3.12/site-packages/airflow/example_dags/example_display_name.py took 0.097 seconds
[2024-07-08T15:21:28.971+0000] {processor.py:161} INFO - Started process (PID=1203) to work on /home/airflow/.local/lib/python3.12/site-packages/airflow/example_dags/example_display_name.py
[2024-07-08T15:21:28.972+0000] {processor.py:830} INFO - Processing file /home/airflow/.local/lib/python3.12/site-packages/airflow/example_dags/example_display_name.py for tasks to queue
[2024-07-08T15:21:28.973+0000] {logging_mixin.py:188} INFO - [2024-07-08T15:21:28.973+0000] {dagbag.py:545} INFO - Filling up the DagBag from /home/airflow/.local/lib/python3.12/site-packages/airflow/example_dags/example_display_name.py
[2024-07-08T15:21:28.982+0000] {processor.py:840} INFO - DAG(s) 'example_display_name' retrieved from /home/airflow/.local/lib/python3.12/site-packages/airflow/example_dags/example_display_name.py
[2024-07-08T15:21:29.011+0000] {logging_mixin.py:188} INFO - [2024-07-08T15:21:29.011+0000] {dag.py:3096} INFO - Sync 1 DAGs
[2024-07-08T15:21:29.028+0000] {logging_mixin.py:188} INFO - [2024-07-08T15:21:29.028+0000] {dag.py:3954} INFO - Setting next_dagrun for example_display_name to None, run_after=None
[2024-07-08T15:21:29.055+0000] {processor.py:183} INFO - Processing /home/airflow/.local/lib/python3.12/site-packages/airflow/example_dags/example_display_name.py took 0.090 seconds
[2024-07-08T15:21:59.662+0000] {processor.py:161} INFO - Started process (PID=1261) to work on /home/airflow/.local/lib/python3.12/site-packages/airflow/example_dags/example_display_name.py
[2024-07-08T15:21:59.665+0000] {processor.py:830} INFO - Processing file /home/airflow/.local/lib/python3.12/site-packages/airflow/example_dags/example_display_name.py for tasks to queue
[2024-07-08T15:21:59.667+0000] {logging_mixin.py:188} INFO - [2024-07-08T15:21:59.667+0000] {dagbag.py:545} INFO - Filling up the DagBag from /home/airflow/.local/lib/python3.12/site-packages/airflow/example_dags/example_display_name.py
[2024-07-08T15:21:59.696+0000] {processor.py:840} INFO - DAG(s) 'example_display_name' retrieved from /home/airflow/.local/lib/python3.12/site-packages/airflow/example_dags/example_display_name.py
[2024-07-08T15:21:59.746+0000] {logging_mixin.py:188} INFO - [2024-07-08T15:21:59.745+0000] {dag.py:3096} INFO - Sync 1 DAGs
[2024-07-08T15:21:59.777+0000] {logging_mixin.py:188} INFO - [2024-07-08T15:21:59.777+0000] {dag.py:3954} INFO - Setting next_dagrun for example_display_name to None, run_after=None
[2024-07-08T15:21:59.815+0000] {processor.py:183} INFO - Processing /home/airflow/.local/lib/python3.12/site-packages/airflow/example_dags/example_display_name.py took 0.163 seconds
[2024-07-08T15:22:30.797+0000] {processor.py:161} INFO - Started process (PID=1322) to work on /home/airflow/.local/lib/python3.12/site-packages/airflow/example_dags/example_display_name.py
[2024-07-08T15:22:30.799+0000] {processor.py:830} INFO - Processing file /home/airflow/.local/lib/python3.12/site-packages/airflow/example_dags/example_display_name.py for tasks to queue
[2024-07-08T15:22:30.800+0000] {logging_mixin.py:188} INFO - [2024-07-08T15:22:30.800+0000] {dagbag.py:545} INFO - Filling up the DagBag from /home/airflow/.local/lib/python3.12/site-packages/airflow/example_dags/example_display_name.py
[2024-07-08T15:22:30.810+0000] {processor.py:840} INFO - DAG(s) 'example_display_name' retrieved from /home/airflow/.local/lib/python3.12/site-packages/airflow/example_dags/example_display_name.py
[2024-07-08T15:22:30.841+0000] {logging_mixin.py:188} INFO - [2024-07-08T15:22:30.841+0000] {dag.py:3096} INFO - Sync 1 DAGs
[2024-07-08T15:22:30.897+0000] {logging_mixin.py:188} INFO - [2024-07-08T15:22:30.895+0000] {dag.py:3954} INFO - Setting next_dagrun for example_display_name to None, run_after=None
[2024-07-08T15:22:30.944+0000] {processor.py:183} INFO - Processing /home/airflow/.local/lib/python3.12/site-packages/airflow/example_dags/example_display_name.py took 0.157 seconds
[2024-07-08T15:23:01.334+0000] {processor.py:161} INFO - Started process (PID=1385) to work on /home/airflow/.local/lib/python3.12/site-packages/airflow/example_dags/example_display_name.py
[2024-07-08T15:23:01.336+0000] {processor.py:830} INFO - Processing file /home/airflow/.local/lib/python3.12/site-packages/airflow/example_dags/example_display_name.py for tasks to queue
[2024-07-08T15:23:01.338+0000] {logging_mixin.py:188} INFO - [2024-07-08T15:23:01.337+0000] {dagbag.py:545} INFO - Filling up the DagBag from /home/airflow/.local/lib/python3.12/site-packages/airflow/example_dags/example_display_name.py
[2024-07-08T15:23:01.346+0000] {processor.py:840} INFO - DAG(s) 'example_display_name' retrieved from /home/airflow/.local/lib/python3.12/site-packages/airflow/example_dags/example_display_name.py
[2024-07-08T15:23:01.374+0000] {logging_mixin.py:188} INFO - [2024-07-08T15:23:01.374+0000] {dag.py:3096} INFO - Sync 1 DAGs
[2024-07-08T15:23:01.392+0000] {logging_mixin.py:188} INFO - [2024-07-08T15:23:01.392+0000] {dag.py:3954} INFO - Setting next_dagrun for example_display_name to None, run_after=None
[2024-07-08T15:23:01.440+0000] {processor.py:183} INFO - Processing /home/airflow/.local/lib/python3.12/site-packages/airflow/example_dags/example_display_name.py took 0.115 seconds
[2024-07-08T15:23:32.309+0000] {processor.py:161} INFO - Started process (PID=1449) to work on /home/airflow/.local/lib/python3.12/site-packages/airflow/example_dags/example_display_name.py
[2024-07-08T15:23:32.310+0000] {processor.py:830} INFO - Processing file /home/airflow/.local/lib/python3.12/site-packages/airflow/example_dags/example_display_name.py for tasks to queue
[2024-07-08T15:23:32.312+0000] {logging_mixin.py:188} INFO - [2024-07-08T15:23:32.311+0000] {dagbag.py:545} INFO - Filling up the DagBag from /home/airflow/.local/lib/python3.12/site-packages/airflow/example_dags/example_display_name.py
[2024-07-08T15:23:32.322+0000] {processor.py:840} INFO - DAG(s) 'example_display_name' retrieved from /home/airflow/.local/lib/python3.12/site-packages/airflow/example_dags/example_display_name.py
[2024-07-08T15:23:32.354+0000] {logging_mixin.py:188} INFO - [2024-07-08T15:23:32.353+0000] {dag.py:3096} INFO - Sync 1 DAGs
[2024-07-08T15:23:32.373+0000] {logging_mixin.py:188} INFO - [2024-07-08T15:23:32.373+0000] {dag.py:3954} INFO - Setting next_dagrun for example_display_name to None, run_after=None
[2024-07-08T15:23:32.404+0000] {processor.py:183} INFO - Processing /home/airflow/.local/lib/python3.12/site-packages/airflow/example_dags/example_display_name.py took 0.104 seconds
[2024-07-08T15:24:02.538+0000] {processor.py:161} INFO - Started process (PID=1515) to work on /home/airflow/.local/lib/python3.12/site-packages/airflow/example_dags/example_display_name.py
[2024-07-08T15:24:02.539+0000] {processor.py:830} INFO - Processing file /home/airflow/.local/lib/python3.12/site-packages/airflow/example_dags/example_display_name.py for tasks to queue
[2024-07-08T15:24:02.541+0000] {logging_mixin.py:188} INFO - [2024-07-08T15:24:02.540+0000] {dagbag.py:545} INFO - Filling up the DagBag from /home/airflow/.local/lib/python3.12/site-packages/airflow/example_dags/example_display_name.py
[2024-07-08T15:24:02.552+0000] {processor.py:840} INFO - DAG(s) 'example_display_name' retrieved from /home/airflow/.local/lib/python3.12/site-packages/airflow/example_dags/example_display_name.py
[2024-07-08T15:24:02.588+0000] {logging_mixin.py:188} INFO - [2024-07-08T15:24:02.588+0000] {dag.py:3096} INFO - Sync 1 DAGs
[2024-07-08T15:24:02.611+0000] {logging_mixin.py:188} INFO - [2024-07-08T15:24:02.611+0000] {dag.py:3954} INFO - Setting next_dagrun for example_display_name to None, run_after=None
[2024-07-08T15:24:02.657+0000] {processor.py:183} INFO - Processing /home/airflow/.local/lib/python3.12/site-packages/airflow/example_dags/example_display_name.py took 0.128 seconds
[2024-07-08T15:24:32.734+0000] {processor.py:161} INFO - Started process (PID=1574) to work on /home/airflow/.local/lib/python3.12/site-packages/airflow/example_dags/example_display_name.py
[2024-07-08T15:24:32.735+0000] {processor.py:830} INFO - Processing file /home/airflow/.local/lib/python3.12/site-packages/airflow/example_dags/example_display_name.py for tasks to queue
[2024-07-08T15:24:32.737+0000] {logging_mixin.py:188} INFO - [2024-07-08T15:24:32.737+0000] {dagbag.py:545} INFO - Filling up the DagBag from /home/airflow/.local/lib/python3.12/site-packages/airflow/example_dags/example_display_name.py
[2024-07-08T15:24:32.746+0000] {processor.py:840} INFO - DAG(s) 'example_display_name' retrieved from /home/airflow/.local/lib/python3.12/site-packages/airflow/example_dags/example_display_name.py
[2024-07-08T15:24:32.780+0000] {logging_mixin.py:188} INFO - [2024-07-08T15:24:32.780+0000] {dag.py:3096} INFO - Sync 1 DAGs
[2024-07-08T15:24:32.801+0000] {logging_mixin.py:188} INFO - [2024-07-08T15:24:32.801+0000] {dag.py:3954} INFO - Setting next_dagrun for example_display_name to None, run_after=None
[2024-07-08T15:24:32.834+0000] {processor.py:183} INFO - Processing /home/airflow/.local/lib/python3.12/site-packages/airflow/example_dags/example_display_name.py took 0.110 seconds
[2024-07-08T15:25:03.033+0000] {processor.py:161} INFO - Started process (PID=1636) to work on /home/airflow/.local/lib/python3.12/site-packages/airflow/example_dags/example_display_name.py
[2024-07-08T15:25:03.035+0000] {processor.py:830} INFO - Processing file /home/airflow/.local/lib/python3.12/site-packages/airflow/example_dags/example_display_name.py for tasks to queue
[2024-07-08T15:25:03.037+0000] {logging_mixin.py:188} INFO - [2024-07-08T15:25:03.036+0000] {dagbag.py:545} INFO - Filling up the DagBag from /home/airflow/.local/lib/python3.12/site-packages/airflow/example_dags/example_display_name.py
[2024-07-08T15:25:03.048+0000] {processor.py:840} INFO - DAG(s) 'example_display_name' retrieved from /home/airflow/.local/lib/python3.12/site-packages/airflow/example_dags/example_display_name.py
[2024-07-08T15:25:03.092+0000] {logging_mixin.py:188} INFO - [2024-07-08T15:25:03.092+0000] {dag.py:3096} INFO - Sync 1 DAGs
[2024-07-08T15:25:03.116+0000] {logging_mixin.py:188} INFO - [2024-07-08T15:25:03.115+0000] {dag.py:3954} INFO - Setting next_dagrun for example_display_name to None, run_after=None
[2024-07-08T15:25:03.149+0000] {processor.py:183} INFO - Processing /home/airflow/.local/lib/python3.12/site-packages/airflow/example_dags/example_display_name.py took 0.127 seconds
[2024-07-08T15:25:33.341+0000] {processor.py:161} INFO - Started process (PID=1703) to work on /home/airflow/.local/lib/python3.12/site-packages/airflow/example_dags/example_display_name.py
[2024-07-08T15:25:33.342+0000] {processor.py:830} INFO - Processing file /home/airflow/.local/lib/python3.12/site-packages/airflow/example_dags/example_display_name.py for tasks to queue
[2024-07-08T15:25:33.344+0000] {logging_mixin.py:188} INFO - [2024-07-08T15:25:33.343+0000] {dagbag.py:545} INFO - Filling up the DagBag from /home/airflow/.local/lib/python3.12/site-packages/airflow/example_dags/example_display_name.py
[2024-07-08T15:25:33.351+0000] {processor.py:840} INFO - DAG(s) 'example_display_name' retrieved from /home/airflow/.local/lib/python3.12/site-packages/airflow/example_dags/example_display_name.py
[2024-07-08T15:25:33.379+0000] {logging_mixin.py:188} INFO - [2024-07-08T15:25:33.379+0000] {dag.py:3096} INFO - Sync 1 DAGs
[2024-07-08T15:25:33.396+0000] {logging_mixin.py:188} INFO - [2024-07-08T15:25:33.396+0000] {dag.py:3954} INFO - Setting next_dagrun for example_display_name to None, run_after=None
[2024-07-08T15:25:33.446+0000] {processor.py:183} INFO - Processing /home/airflow/.local/lib/python3.12/site-packages/airflow/example_dags/example_display_name.py took 0.112 seconds
[2024-07-08T15:26:03.894+0000] {processor.py:161} INFO - Started process (PID=1768) to work on /home/airflow/.local/lib/python3.12/site-packages/airflow/example_dags/example_display_name.py
[2024-07-08T15:26:03.895+0000] {processor.py:830} INFO - Processing file /home/airflow/.local/lib/python3.12/site-packages/airflow/example_dags/example_display_name.py for tasks to queue
[2024-07-08T15:26:03.897+0000] {logging_mixin.py:188} INFO - [2024-07-08T15:26:03.896+0000] {dagbag.py:545} INFO - Filling up the DagBag from /home/airflow/.local/lib/python3.12/site-packages/airflow/example_dags/example_display_name.py
[2024-07-08T15:26:03.906+0000] {processor.py:840} INFO - DAG(s) 'example_display_name' retrieved from /home/airflow/.local/lib/python3.12/site-packages/airflow/example_dags/example_display_name.py
[2024-07-08T15:26:03.945+0000] {logging_mixin.py:188} INFO - [2024-07-08T15:26:03.945+0000] {dag.py:3096} INFO - Sync 1 DAGs
[2024-07-08T15:26:03.968+0000] {logging_mixin.py:188} INFO - [2024-07-08T15:26:03.968+0000] {dag.py:3954} INFO - Setting next_dagrun for example_display_name to None, run_after=None
[2024-07-08T15:26:03.997+0000] {processor.py:183} INFO - Processing /home/airflow/.local/lib/python3.12/site-packages/airflow/example_dags/example_display_name.py took 0.109 seconds
[2024-07-08T15:26:34.311+0000] {processor.py:161} INFO - Started process (PID=1829) to work on /home/airflow/.local/lib/python3.12/site-packages/airflow/example_dags/example_display_name.py
[2024-07-08T15:26:34.312+0000] {processor.py:830} INFO - Processing file /home/airflow/.local/lib/python3.12/site-packages/airflow/example_dags/example_display_name.py for tasks to queue
[2024-07-08T15:26:34.313+0000] {logging_mixin.py:188} INFO - [2024-07-08T15:26:34.313+0000] {dagbag.py:545} INFO - Filling up the DagBag from /home/airflow/.local/lib/python3.12/site-packages/airflow/example_dags/example_display_name.py
[2024-07-08T15:26:34.321+0000] {processor.py:840} INFO - DAG(s) 'example_display_name' retrieved from /home/airflow/.local/lib/python3.12/site-packages/airflow/example_dags/example_display_name.py
[2024-07-08T15:26:34.351+0000] {logging_mixin.py:188} INFO - [2024-07-08T15:26:34.350+0000] {dag.py:3096} INFO - Sync 1 DAGs
[2024-07-08T15:26:34.367+0000] {logging_mixin.py:188} INFO - [2024-07-08T15:26:34.366+0000] {dag.py:3954} INFO - Setting next_dagrun for example_display_name to None, run_after=None
[2024-07-08T15:26:34.561+0000] {processor.py:183} INFO - Processing /home/airflow/.local/lib/python3.12/site-packages/airflow/example_dags/example_display_name.py took 0.263 seconds
[2024-07-08T15:27:04.823+0000] {processor.py:161} INFO - Started process (PID=1890) to work on /home/airflow/.local/lib/python3.12/site-packages/airflow/example_dags/example_display_name.py
[2024-07-08T15:27:04.825+0000] {processor.py:830} INFO - Processing file /home/airflow/.local/lib/python3.12/site-packages/airflow/example_dags/example_display_name.py for tasks to queue
[2024-07-08T15:27:04.827+0000] {logging_mixin.py:188} INFO - [2024-07-08T15:27:04.826+0000] {dagbag.py:545} INFO - Filling up the DagBag from /home/airflow/.local/lib/python3.12/site-packages/airflow/example_dags/example_display_name.py
[2024-07-08T15:27:04.840+0000] {processor.py:840} INFO - DAG(s) 'example_display_name' retrieved from /home/airflow/.local/lib/python3.12/site-packages/airflow/example_dags/example_display_name.py
[2024-07-08T15:27:04.870+0000] {logging_mixin.py:188} INFO - [2024-07-08T15:27:04.870+0000] {dag.py:3096} INFO - Sync 1 DAGs
[2024-07-08T15:27:04.888+0000] {logging_mixin.py:188} INFO - [2024-07-08T15:27:04.888+0000] {dag.py:3954} INFO - Setting next_dagrun for example_display_name to None, run_after=None
[2024-07-08T15:27:05.077+0000] {processor.py:183} INFO - Processing /home/airflow/.local/lib/python3.12/site-packages/airflow/example_dags/example_display_name.py took 0.263 seconds
[2024-07-08T15:27:35.954+0000] {processor.py:161} INFO - Started process (PID=1948) to work on /home/airflow/.local/lib/python3.12/site-packages/airflow/example_dags/example_display_name.py
[2024-07-08T15:27:35.956+0000] {processor.py:830} INFO - Processing file /home/airflow/.local/lib/python3.12/site-packages/airflow/example_dags/example_display_name.py for tasks to queue
[2024-07-08T15:27:35.958+0000] {logging_mixin.py:188} INFO - [2024-07-08T15:27:35.957+0000] {dagbag.py:545} INFO - Filling up the DagBag from /home/airflow/.local/lib/python3.12/site-packages/airflow/example_dags/example_display_name.py
[2024-07-08T15:27:35.966+0000] {processor.py:840} INFO - DAG(s) 'example_display_name' retrieved from /home/airflow/.local/lib/python3.12/site-packages/airflow/example_dags/example_display_name.py
[2024-07-08T15:27:36.001+0000] {logging_mixin.py:188} INFO - [2024-07-08T15:27:36.001+0000] {dag.py:3096} INFO - Sync 1 DAGs
[2024-07-08T15:27:36.024+0000] {logging_mixin.py:188} INFO - [2024-07-08T15:27:36.024+0000] {dag.py:3954} INFO - Setting next_dagrun for example_display_name to None, run_after=None
[2024-07-08T15:27:36.367+0000] {processor.py:183} INFO - Processing /home/airflow/.local/lib/python3.12/site-packages/airflow/example_dags/example_display_name.py took 0.427 seconds
[2024-07-08T15:28:06.792+0000] {processor.py:161} INFO - Started process (PID=2007) to work on /home/airflow/.local/lib/python3.12/site-packages/airflow/example_dags/example_display_name.py
[2024-07-08T15:28:06.793+0000] {processor.py:830} INFO - Processing file /home/airflow/.local/lib/python3.12/site-packages/airflow/example_dags/example_display_name.py for tasks to queue
[2024-07-08T15:28:06.794+0000] {logging_mixin.py:188} INFO - [2024-07-08T15:28:06.794+0000] {dagbag.py:545} INFO - Filling up the DagBag from /home/airflow/.local/lib/python3.12/site-packages/airflow/example_dags/example_display_name.py
[2024-07-08T15:28:06.804+0000] {processor.py:840} INFO - DAG(s) 'example_display_name' retrieved from /home/airflow/.local/lib/python3.12/site-packages/airflow/example_dags/example_display_name.py
[2024-07-08T15:28:06.834+0000] {logging_mixin.py:188} INFO - [2024-07-08T15:28:06.833+0000] {dag.py:3096} INFO - Sync 1 DAGs
[2024-07-08T15:28:06.853+0000] {logging_mixin.py:188} INFO - [2024-07-08T15:28:06.853+0000] {dag.py:3954} INFO - Setting next_dagrun for example_display_name to None, run_after=None
[2024-07-08T15:28:06.886+0000] {processor.py:183} INFO - Processing /home/airflow/.local/lib/python3.12/site-packages/airflow/example_dags/example_display_name.py took 0.102 seconds
[2024-07-08T15:31:06.185+0000] {processor.py:161} INFO - Started process (PID=2061) to work on /home/airflow/.local/lib/python3.12/site-packages/airflow/example_dags/example_display_name.py
[2024-07-08T15:31:06.189+0000] {processor.py:830} INFO - Processing file /home/airflow/.local/lib/python3.12/site-packages/airflow/example_dags/example_display_name.py for tasks to queue
[2024-07-08T15:31:06.192+0000] {logging_mixin.py:188} INFO - [2024-07-08T15:31:06.191+0000] {dagbag.py:545} INFO - Filling up the DagBag from /home/airflow/.local/lib/python3.12/site-packages/airflow/example_dags/example_display_name.py
[2024-07-08T15:31:06.212+0000] {processor.py:840} INFO - DAG(s) 'example_display_name' retrieved from /home/airflow/.local/lib/python3.12/site-packages/airflow/example_dags/example_display_name.py
[2024-07-08T15:31:06.468+0000] {logging_mixin.py:188} INFO - [2024-07-08T15:31:06.467+0000] {dag.py:3096} INFO - Sync 1 DAGs
[2024-07-08T15:31:06.517+0000] {logging_mixin.py:188} INFO - [2024-07-08T15:31:06.516+0000] {dag.py:3954} INFO - Setting next_dagrun for example_display_name to None, run_after=None
[2024-07-08T15:31:06.592+0000] {processor.py:183} INFO - Processing /home/airflow/.local/lib/python3.12/site-packages/airflow/example_dags/example_display_name.py took 0.432 seconds
[2024-07-08T15:31:37.370+0000] {processor.py:161} INFO - Started process (PID=2125) to work on /home/airflow/.local/lib/python3.12/site-packages/airflow/example_dags/example_display_name.py
[2024-07-08T15:31:37.372+0000] {processor.py:830} INFO - Processing file /home/airflow/.local/lib/python3.12/site-packages/airflow/example_dags/example_display_name.py for tasks to queue
[2024-07-08T15:31:37.374+0000] {logging_mixin.py:188} INFO - [2024-07-08T15:31:37.374+0000] {dagbag.py:545} INFO - Filling up the DagBag from /home/airflow/.local/lib/python3.12/site-packages/airflow/example_dags/example_display_name.py
[2024-07-08T15:31:37.392+0000] {processor.py:840} INFO - DAG(s) 'example_display_name' retrieved from /home/airflow/.local/lib/python3.12/site-packages/airflow/example_dags/example_display_name.py
[2024-07-08T15:31:37.495+0000] {logging_mixin.py:188} INFO - [2024-07-08T15:31:37.495+0000] {dag.py:3096} INFO - Sync 1 DAGs
[2024-07-08T15:31:37.518+0000] {logging_mixin.py:188} INFO - [2024-07-08T15:31:37.518+0000] {dag.py:3954} INFO - Setting next_dagrun for example_display_name to None, run_after=None
[2024-07-08T15:31:37.554+0000] {processor.py:183} INFO - Processing /home/airflow/.local/lib/python3.12/site-packages/airflow/example_dags/example_display_name.py took 0.198 seconds
[2024-07-08T15:32:07.912+0000] {processor.py:161} INFO - Started process (PID=2184) to work on /home/airflow/.local/lib/python3.12/site-packages/airflow/example_dags/example_display_name.py
[2024-07-08T15:32:07.915+0000] {processor.py:830} INFO - Processing file /home/airflow/.local/lib/python3.12/site-packages/airflow/example_dags/example_display_name.py for tasks to queue
[2024-07-08T15:32:07.917+0000] {logging_mixin.py:188} INFO - [2024-07-08T15:32:07.916+0000] {dagbag.py:545} INFO - Filling up the DagBag from /home/airflow/.local/lib/python3.12/site-packages/airflow/example_dags/example_display_name.py
[2024-07-08T15:32:07.935+0000] {processor.py:840} INFO - DAG(s) 'example_display_name' retrieved from /home/airflow/.local/lib/python3.12/site-packages/airflow/example_dags/example_display_name.py
[2024-07-08T15:32:07.971+0000] {logging_mixin.py:188} INFO - [2024-07-08T15:32:07.971+0000] {dag.py:3096} INFO - Sync 1 DAGs
[2024-07-08T15:32:07.990+0000] {logging_mixin.py:188} INFO - [2024-07-08T15:32:07.990+0000] {dag.py:3954} INFO - Setting next_dagrun for example_display_name to None, run_after=None
[2024-07-08T15:32:08.041+0000] {processor.py:183} INFO - Processing /home/airflow/.local/lib/python3.12/site-packages/airflow/example_dags/example_display_name.py took 0.139 seconds
[2024-07-08T15:33:46.384+0000] {processor.py:161} INFO - Started process (PID=2237) to work on /home/airflow/.local/lib/python3.12/site-packages/airflow/example_dags/example_display_name.py
[2024-07-08T15:33:46.393+0000] {processor.py:830} INFO - Processing file /home/airflow/.local/lib/python3.12/site-packages/airflow/example_dags/example_display_name.py for tasks to queue
[2024-07-08T15:33:46.405+0000] {logging_mixin.py:188} INFO - [2024-07-08T15:33:46.398+0000] {dagbag.py:545} INFO - Filling up the DagBag from /home/airflow/.local/lib/python3.12/site-packages/airflow/example_dags/example_display_name.py
[2024-07-08T15:33:46.471+0000] {processor.py:840} INFO - DAG(s) 'example_display_name' retrieved from /home/airflow/.local/lib/python3.12/site-packages/airflow/example_dags/example_display_name.py
[2024-07-08T15:33:46.626+0000] {logging_mixin.py:188} INFO - [2024-07-08T15:33:46.625+0000] {dag.py:3096} INFO - Sync 1 DAGs
[2024-07-08T15:33:46.722+0000] {logging_mixin.py:188} INFO - [2024-07-08T15:33:46.721+0000] {dag.py:3954} INFO - Setting next_dagrun for example_display_name to None, run_after=None
[2024-07-08T15:33:46.973+0000] {processor.py:183} INFO - Processing /home/airflow/.local/lib/python3.12/site-packages/airflow/example_dags/example_display_name.py took 0.658 seconds
[2024-07-08T15:40:06.619+0000] {processor.py:161} INFO - Started process (PID=2359) to work on /home/airflow/.local/lib/python3.12/site-packages/airflow/example_dags/example_display_name.py
[2024-07-08T15:40:06.637+0000] {processor.py:830} INFO - Processing file /home/airflow/.local/lib/python3.12/site-packages/airflow/example_dags/example_display_name.py for tasks to queue
[2024-07-08T15:40:06.646+0000] {logging_mixin.py:188} INFO - [2024-07-08T15:40:06.645+0000] {dagbag.py:545} INFO - Filling up the DagBag from /home/airflow/.local/lib/python3.12/site-packages/airflow/example_dags/example_display_name.py
[2024-07-08T15:40:06.714+0000] {processor.py:840} INFO - DAG(s) 'example_display_name' retrieved from /home/airflow/.local/lib/python3.12/site-packages/airflow/example_dags/example_display_name.py
[2024-07-08T15:40:07.043+0000] {logging_mixin.py:188} INFO - [2024-07-08T15:40:07.036+0000] {dag.py:3096} INFO - Sync 1 DAGs
[2024-07-08T15:40:07.154+0000] {logging_mixin.py:188} INFO - [2024-07-08T15:40:07.153+0000] {dag.py:3954} INFO - Setting next_dagrun for example_display_name to None, run_after=None
[2024-07-08T15:40:08.897+0000] {processor.py:183} INFO - Processing /home/airflow/.local/lib/python3.12/site-packages/airflow/example_dags/example_display_name.py took 3.126 seconds
[2024-07-08T15:41:25.893+0000] {processor.py:161} INFO - Started process (PID=2391) to work on /home/airflow/.local/lib/python3.12/site-packages/airflow/example_dags/example_display_name.py
[2024-07-08T15:41:25.914+0000] {processor.py:830} INFO - Processing file /home/airflow/.local/lib/python3.12/site-packages/airflow/example_dags/example_display_name.py for tasks to queue
[2024-07-08T15:41:25.916+0000] {logging_mixin.py:188} INFO - [2024-07-08T15:41:25.915+0000] {dagbag.py:545} INFO - Filling up the DagBag from /home/airflow/.local/lib/python3.12/site-packages/airflow/example_dags/example_display_name.py
[2024-07-08T15:41:25.956+0000] {processor.py:840} INFO - DAG(s) 'example_display_name' retrieved from /home/airflow/.local/lib/python3.12/site-packages/airflow/example_dags/example_display_name.py
[2024-07-08T15:41:26.020+0000] {logging_mixin.py:188} INFO - [2024-07-08T15:41:26.019+0000] {dag.py:3096} INFO - Sync 1 DAGs
[2024-07-08T15:41:26.046+0000] {logging_mixin.py:188} INFO - [2024-07-08T15:41:26.045+0000] {dag.py:3954} INFO - Setting next_dagrun for example_display_name to None, run_after=None
[2024-07-08T15:41:26.114+0000] {processor.py:183} INFO - Processing /home/airflow/.local/lib/python3.12/site-packages/airflow/example_dags/example_display_name.py took 0.234 seconds
[2024-07-08T15:42:24.478+0000] {processor.py:161} INFO - Started process (PID=2450) to work on /home/airflow/.local/lib/python3.12/site-packages/airflow/example_dags/example_display_name.py
[2024-07-08T15:42:24.481+0000] {processor.py:830} INFO - Processing file /home/airflow/.local/lib/python3.12/site-packages/airflow/example_dags/example_display_name.py for tasks to queue
[2024-07-08T15:42:24.483+0000] {logging_mixin.py:188} INFO - [2024-07-08T15:42:24.482+0000] {dagbag.py:545} INFO - Filling up the DagBag from /home/airflow/.local/lib/python3.12/site-packages/airflow/example_dags/example_display_name.py
[2024-07-08T15:42:24.493+0000] {processor.py:840} INFO - DAG(s) 'example_display_name' retrieved from /home/airflow/.local/lib/python3.12/site-packages/airflow/example_dags/example_display_name.py
[2024-07-08T15:42:24.536+0000] {logging_mixin.py:188} INFO - [2024-07-08T15:42:24.535+0000] {dag.py:3096} INFO - Sync 1 DAGs
[2024-07-08T15:42:24.569+0000] {logging_mixin.py:188} INFO - [2024-07-08T15:42:24.568+0000] {dag.py:3954} INFO - Setting next_dagrun for example_display_name to None, run_after=None
[2024-07-08T15:42:24.630+0000] {processor.py:183} INFO - Processing /home/airflow/.local/lib/python3.12/site-packages/airflow/example_dags/example_display_name.py took 0.163 seconds
[2024-07-08T15:42:55.313+0000] {processor.py:161} INFO - Started process (PID=2511) to work on /home/airflow/.local/lib/python3.12/site-packages/airflow/example_dags/example_display_name.py
[2024-07-08T15:42:55.314+0000] {processor.py:830} INFO - Processing file /home/airflow/.local/lib/python3.12/site-packages/airflow/example_dags/example_display_name.py for tasks to queue
[2024-07-08T15:42:55.316+0000] {logging_mixin.py:188} INFO - [2024-07-08T15:42:55.315+0000] {dagbag.py:545} INFO - Filling up the DagBag from /home/airflow/.local/lib/python3.12/site-packages/airflow/example_dags/example_display_name.py
[2024-07-08T15:42:55.323+0000] {processor.py:840} INFO - DAG(s) 'example_display_name' retrieved from /home/airflow/.local/lib/python3.12/site-packages/airflow/example_dags/example_display_name.py
[2024-07-08T15:42:55.351+0000] {logging_mixin.py:188} INFO - [2024-07-08T15:42:55.350+0000] {dag.py:3096} INFO - Sync 1 DAGs
[2024-07-08T15:42:55.365+0000] {logging_mixin.py:188} INFO - [2024-07-08T15:42:55.365+0000] {dag.py:3954} INFO - Setting next_dagrun for example_display_name to None, run_after=None
[2024-07-08T15:42:55.392+0000] {processor.py:183} INFO - Processing /home/airflow/.local/lib/python3.12/site-packages/airflow/example_dags/example_display_name.py took 0.086 seconds
[2024-07-08T15:43:26.084+0000] {processor.py:161} INFO - Started process (PID=2571) to work on /home/airflow/.local/lib/python3.12/site-packages/airflow/example_dags/example_display_name.py
[2024-07-08T15:43:26.085+0000] {processor.py:830} INFO - Processing file /home/airflow/.local/lib/python3.12/site-packages/airflow/example_dags/example_display_name.py for tasks to queue
[2024-07-08T15:43:26.087+0000] {logging_mixin.py:188} INFO - [2024-07-08T15:43:26.086+0000] {dagbag.py:545} INFO - Filling up the DagBag from /home/airflow/.local/lib/python3.12/site-packages/airflow/example_dags/example_display_name.py
[2024-07-08T15:43:26.095+0000] {processor.py:840} INFO - DAG(s) 'example_display_name' retrieved from /home/airflow/.local/lib/python3.12/site-packages/airflow/example_dags/example_display_name.py
[2024-07-08T15:43:26.124+0000] {logging_mixin.py:188} INFO - [2024-07-08T15:43:26.124+0000] {dag.py:3096} INFO - Sync 1 DAGs
[2024-07-08T15:43:26.165+0000] {logging_mixin.py:188} INFO - [2024-07-08T15:43:26.164+0000] {dag.py:3954} INFO - Setting next_dagrun for example_display_name to None, run_after=None
[2024-07-08T15:43:26.229+0000] {processor.py:183} INFO - Processing /home/airflow/.local/lib/python3.12/site-packages/airflow/example_dags/example_display_name.py took 0.153 seconds
[2024-07-08T15:43:56.380+0000] {processor.py:161} INFO - Started process (PID=2631) to work on /home/airflow/.local/lib/python3.12/site-packages/airflow/example_dags/example_display_name.py
[2024-07-08T15:43:56.382+0000] {processor.py:830} INFO - Processing file /home/airflow/.local/lib/python3.12/site-packages/airflow/example_dags/example_display_name.py for tasks to queue
[2024-07-08T15:43:56.384+0000] {logging_mixin.py:188} INFO - [2024-07-08T15:43:56.383+0000] {dagbag.py:545} INFO - Filling up the DagBag from /home/airflow/.local/lib/python3.12/site-packages/airflow/example_dags/example_display_name.py
[2024-07-08T15:43:56.399+0000] {processor.py:840} INFO - DAG(s) 'example_display_name' retrieved from /home/airflow/.local/lib/python3.12/site-packages/airflow/example_dags/example_display_name.py
[2024-07-08T15:43:56.479+0000] {logging_mixin.py:188} INFO - [2024-07-08T15:43:56.478+0000] {dag.py:3096} INFO - Sync 1 DAGs
[2024-07-08T15:43:56.535+0000] {logging_mixin.py:188} INFO - [2024-07-08T15:43:56.535+0000] {dag.py:3954} INFO - Setting next_dagrun for example_display_name to None, run_after=None
[2024-07-08T15:43:56.641+0000] {processor.py:183} INFO - Processing /home/airflow/.local/lib/python3.12/site-packages/airflow/example_dags/example_display_name.py took 0.276 seconds
