[2024-07-08T15:07:52.758+0000] {processor.py:161} INFO - Started process (PID=70) to work on /home/airflow/.local/lib/python3.12/site-packages/airflow/example_dags/example_xcom.py
[2024-07-08T15:07:52.772+0000] {processor.py:830} INFO - Processing file /home/airflow/.local/lib/python3.12/site-packages/airflow/example_dags/example_xcom.py for tasks to queue
[2024-07-08T15:07:52.778+0000] {logging_mixin.py:188} INFO - [2024-07-08T15:07:52.777+0000] {dagbag.py:545} INFO - Filling up the DagBag from /home/airflow/.local/lib/python3.12/site-packages/airflow/example_dags/example_xcom.py
[2024-07-08T15:07:52.916+0000] {processor.py:840} INFO - DAG(s) 'example_xcom' retrieved from /home/airflow/.local/lib/python3.12/site-packages/airflow/example_dags/example_xcom.py
[2024-07-08T15:07:54.346+0000] {logging_mixin.py:188} INFO - [2024-07-08T15:07:54.345+0000] {dag.py:3096} INFO - Sync 1 DAGs
[2024-07-08T15:07:54.448+0000] {logging_mixin.py:188} INFO - [2024-07-08T15:07:54.448+0000] {dag.py:3954} INFO - Setting next_dagrun for example_xcom to 2021-01-01 00:00:00+00:00, run_after=2021-01-01 00:00:00+00:00
[2024-07-08T15:07:54.521+0000] {processor.py:183} INFO - Processing /home/airflow/.local/lib/python3.12/site-packages/airflow/example_dags/example_xcom.py took 1.774 seconds
[2024-07-08T15:08:25.164+0000] {processor.py:161} INFO - Started process (PID=127) to work on /home/airflow/.local/lib/python3.12/site-packages/airflow/example_dags/example_xcom.py
[2024-07-08T15:08:25.166+0000] {processor.py:830} INFO - Processing file /home/airflow/.local/lib/python3.12/site-packages/airflow/example_dags/example_xcom.py for tasks to queue
[2024-07-08T15:08:25.168+0000] {logging_mixin.py:188} INFO - [2024-07-08T15:08:25.168+0000] {dagbag.py:545} INFO - Filling up the DagBag from /home/airflow/.local/lib/python3.12/site-packages/airflow/example_dags/example_xcom.py
[2024-07-08T15:08:25.179+0000] {processor.py:840} INFO - DAG(s) 'example_xcom' retrieved from /home/airflow/.local/lib/python3.12/site-packages/airflow/example_dags/example_xcom.py
[2024-07-08T15:08:25.204+0000] {logging_mixin.py:188} INFO - [2024-07-08T15:08:25.204+0000] {dag.py:3096} INFO - Sync 1 DAGs
[2024-07-08T15:08:25.231+0000] {logging_mixin.py:188} INFO - [2024-07-08T15:08:25.231+0000] {dag.py:3954} INFO - Setting next_dagrun for example_xcom to 2021-01-01 00:00:00+00:00, run_after=2021-01-01 00:00:00+00:00
[2024-07-08T15:08:25.256+0000] {processor.py:183} INFO - Processing /home/airflow/.local/lib/python3.12/site-packages/airflow/example_dags/example_xcom.py took 0.099 seconds
[2024-07-08T15:08:55.422+0000] {processor.py:161} INFO - Started process (PID=185) to work on /home/airflow/.local/lib/python3.12/site-packages/airflow/example_dags/example_xcom.py
[2024-07-08T15:08:55.423+0000] {processor.py:830} INFO - Processing file /home/airflow/.local/lib/python3.12/site-packages/airflow/example_dags/example_xcom.py for tasks to queue
[2024-07-08T15:08:55.426+0000] {logging_mixin.py:188} INFO - [2024-07-08T15:08:55.425+0000] {dagbag.py:545} INFO - Filling up the DagBag from /home/airflow/.local/lib/python3.12/site-packages/airflow/example_dags/example_xcom.py
[2024-07-08T15:08:55.447+0000] {processor.py:840} INFO - DAG(s) 'example_xcom' retrieved from /home/airflow/.local/lib/python3.12/site-packages/airflow/example_dags/example_xcom.py
[2024-07-08T15:08:55.486+0000] {logging_mixin.py:188} INFO - [2024-07-08T15:08:55.486+0000] {dag.py:3096} INFO - Sync 1 DAGs
[2024-07-08T15:08:55.526+0000] {logging_mixin.py:188} INFO - [2024-07-08T15:08:55.526+0000] {dag.py:3954} INFO - Setting next_dagrun for example_xcom to 2021-01-01 00:00:00+00:00, run_after=2021-01-01 00:00:00+00:00
[2024-07-08T15:08:55.567+0000] {processor.py:183} INFO - Processing /home/airflow/.local/lib/python3.12/site-packages/airflow/example_dags/example_xcom.py took 0.157 seconds
[2024-07-08T15:09:25.815+0000] {processor.py:161} INFO - Started process (PID=243) to work on /home/airflow/.local/lib/python3.12/site-packages/airflow/example_dags/example_xcom.py
[2024-07-08T15:09:25.818+0000] {processor.py:830} INFO - Processing file /home/airflow/.local/lib/python3.12/site-packages/airflow/example_dags/example_xcom.py for tasks to queue
[2024-07-08T15:09:25.821+0000] {logging_mixin.py:188} INFO - [2024-07-08T15:09:25.820+0000] {dagbag.py:545} INFO - Filling up the DagBag from /home/airflow/.local/lib/python3.12/site-packages/airflow/example_dags/example_xcom.py
[2024-07-08T15:09:25.834+0000] {processor.py:840} INFO - DAG(s) 'example_xcom' retrieved from /home/airflow/.local/lib/python3.12/site-packages/airflow/example_dags/example_xcom.py
[2024-07-08T15:09:25.870+0000] {logging_mixin.py:188} INFO - [2024-07-08T15:09:25.869+0000] {dag.py:3096} INFO - Sync 1 DAGs
[2024-07-08T15:09:25.914+0000] {logging_mixin.py:188} INFO - [2024-07-08T15:09:25.913+0000] {dag.py:3954} INFO - Setting next_dagrun for example_xcom to 2021-01-01 00:00:00+00:00, run_after=2021-01-01 00:00:00+00:00
[2024-07-08T15:09:25.950+0000] {processor.py:183} INFO - Processing /home/airflow/.local/lib/python3.12/site-packages/airflow/example_dags/example_xcom.py took 0.146 seconds
[2024-07-08T15:09:56.535+0000] {processor.py:161} INFO - Started process (PID=301) to work on /home/airflow/.local/lib/python3.12/site-packages/airflow/example_dags/example_xcom.py
[2024-07-08T15:09:56.537+0000] {processor.py:830} INFO - Processing file /home/airflow/.local/lib/python3.12/site-packages/airflow/example_dags/example_xcom.py for tasks to queue
[2024-07-08T15:09:56.542+0000] {logging_mixin.py:188} INFO - [2024-07-08T15:09:56.541+0000] {dagbag.py:545} INFO - Filling up the DagBag from /home/airflow/.local/lib/python3.12/site-packages/airflow/example_dags/example_xcom.py
[2024-07-08T15:09:56.566+0000] {processor.py:840} INFO - DAG(s) 'example_xcom' retrieved from /home/airflow/.local/lib/python3.12/site-packages/airflow/example_dags/example_xcom.py
[2024-07-08T15:09:56.603+0000] {logging_mixin.py:188} INFO - [2024-07-08T15:09:56.603+0000] {dag.py:3096} INFO - Sync 1 DAGs
[2024-07-08T15:09:56.638+0000] {logging_mixin.py:188} INFO - [2024-07-08T15:09:56.638+0000] {dag.py:3954} INFO - Setting next_dagrun for example_xcom to 2021-01-01 00:00:00+00:00, run_after=2021-01-01 00:00:00+00:00
[2024-07-08T15:09:56.678+0000] {processor.py:183} INFO - Processing /home/airflow/.local/lib/python3.12/site-packages/airflow/example_dags/example_xcom.py took 0.154 seconds
[2024-07-08T15:10:26.815+0000] {processor.py:161} INFO - Started process (PID=358) to work on /home/airflow/.local/lib/python3.12/site-packages/airflow/example_dags/example_xcom.py
[2024-07-08T15:10:26.817+0000] {processor.py:830} INFO - Processing file /home/airflow/.local/lib/python3.12/site-packages/airflow/example_dags/example_xcom.py for tasks to queue
[2024-07-08T15:10:26.820+0000] {logging_mixin.py:188} INFO - [2024-07-08T15:10:26.819+0000] {dagbag.py:545} INFO - Filling up the DagBag from /home/airflow/.local/lib/python3.12/site-packages/airflow/example_dags/example_xcom.py
[2024-07-08T15:10:26.831+0000] {processor.py:840} INFO - DAG(s) 'example_xcom' retrieved from /home/airflow/.local/lib/python3.12/site-packages/airflow/example_dags/example_xcom.py
[2024-07-08T15:10:26.861+0000] {logging_mixin.py:188} INFO - [2024-07-08T15:10:26.860+0000] {dag.py:3096} INFO - Sync 1 DAGs
[2024-07-08T15:10:26.888+0000] {logging_mixin.py:188} INFO - [2024-07-08T15:10:26.888+0000] {dag.py:3954} INFO - Setting next_dagrun for example_xcom to 2021-01-01 00:00:00+00:00, run_after=2021-01-01 00:00:00+00:00
[2024-07-08T15:10:26.919+0000] {processor.py:183} INFO - Processing /home/airflow/.local/lib/python3.12/site-packages/airflow/example_dags/example_xcom.py took 0.114 seconds
[2024-07-08T15:10:57.255+0000] {processor.py:161} INFO - Started process (PID=416) to work on /home/airflow/.local/lib/python3.12/site-packages/airflow/example_dags/example_xcom.py
[2024-07-08T15:10:57.260+0000] {processor.py:830} INFO - Processing file /home/airflow/.local/lib/python3.12/site-packages/airflow/example_dags/example_xcom.py for tasks to queue
[2024-07-08T15:10:57.263+0000] {logging_mixin.py:188} INFO - [2024-07-08T15:10:57.263+0000] {dagbag.py:545} INFO - Filling up the DagBag from /home/airflow/.local/lib/python3.12/site-packages/airflow/example_dags/example_xcom.py
[2024-07-08T15:10:57.272+0000] {processor.py:840} INFO - DAG(s) 'example_xcom' retrieved from /home/airflow/.local/lib/python3.12/site-packages/airflow/example_dags/example_xcom.py
[2024-07-08T15:10:57.301+0000] {logging_mixin.py:188} INFO - [2024-07-08T15:10:57.301+0000] {dag.py:3096} INFO - Sync 1 DAGs
[2024-07-08T15:10:57.333+0000] {logging_mixin.py:188} INFO - [2024-07-08T15:10:57.333+0000] {dag.py:3954} INFO - Setting next_dagrun for example_xcom to 2021-01-01 00:00:00+00:00, run_after=2021-01-01 00:00:00+00:00
[2024-07-08T15:10:57.400+0000] {processor.py:183} INFO - Processing /home/airflow/.local/lib/python3.12/site-packages/airflow/example_dags/example_xcom.py took 0.153 seconds
[2024-07-08T15:11:28.202+0000] {processor.py:161} INFO - Started process (PID=474) to work on /home/airflow/.local/lib/python3.12/site-packages/airflow/example_dags/example_xcom.py
[2024-07-08T15:11:28.203+0000] {processor.py:830} INFO - Processing file /home/airflow/.local/lib/python3.12/site-packages/airflow/example_dags/example_xcom.py for tasks to queue
[2024-07-08T15:11:28.211+0000] {logging_mixin.py:188} INFO - [2024-07-08T15:11:28.210+0000] {dagbag.py:545} INFO - Filling up the DagBag from /home/airflow/.local/lib/python3.12/site-packages/airflow/example_dags/example_xcom.py
[2024-07-08T15:11:28.224+0000] {processor.py:840} INFO - DAG(s) 'example_xcom' retrieved from /home/airflow/.local/lib/python3.12/site-packages/airflow/example_dags/example_xcom.py
[2024-07-08T15:11:28.268+0000] {logging_mixin.py:188} INFO - [2024-07-08T15:11:28.267+0000] {dag.py:3096} INFO - Sync 1 DAGs
[2024-07-08T15:11:28.352+0000] {logging_mixin.py:188} INFO - [2024-07-08T15:11:28.351+0000] {dag.py:3954} INFO - Setting next_dagrun for example_xcom to 2021-01-01 00:00:00+00:00, run_after=2021-01-01 00:00:00+00:00
[2024-07-08T15:11:28.388+0000] {processor.py:183} INFO - Processing /home/airflow/.local/lib/python3.12/site-packages/airflow/example_dags/example_xcom.py took 0.200 seconds
[2024-07-08T15:11:58.551+0000] {processor.py:161} INFO - Started process (PID=531) to work on /home/airflow/.local/lib/python3.12/site-packages/airflow/example_dags/example_xcom.py
[2024-07-08T15:11:58.553+0000] {processor.py:830} INFO - Processing file /home/airflow/.local/lib/python3.12/site-packages/airflow/example_dags/example_xcom.py for tasks to queue
[2024-07-08T15:11:58.557+0000] {logging_mixin.py:188} INFO - [2024-07-08T15:11:58.556+0000] {dagbag.py:545} INFO - Filling up the DagBag from /home/airflow/.local/lib/python3.12/site-packages/airflow/example_dags/example_xcom.py
[2024-07-08T15:11:58.569+0000] {processor.py:840} INFO - DAG(s) 'example_xcom' retrieved from /home/airflow/.local/lib/python3.12/site-packages/airflow/example_dags/example_xcom.py
[2024-07-08T15:11:58.600+0000] {logging_mixin.py:188} INFO - [2024-07-08T15:11:58.599+0000] {dag.py:3096} INFO - Sync 1 DAGs
[2024-07-08T15:11:58.639+0000] {logging_mixin.py:188} INFO - [2024-07-08T15:11:58.638+0000] {dag.py:3954} INFO - Setting next_dagrun for example_xcom to 2021-01-01 00:00:00+00:00, run_after=2021-01-01 00:00:00+00:00
[2024-07-08T15:11:58.681+0000] {processor.py:183} INFO - Processing /home/airflow/.local/lib/python3.12/site-packages/airflow/example_dags/example_xcom.py took 0.141 seconds
[2024-07-08T15:12:29.329+0000] {processor.py:161} INFO - Started process (PID=589) to work on /home/airflow/.local/lib/python3.12/site-packages/airflow/example_dags/example_xcom.py
[2024-07-08T15:12:29.331+0000] {processor.py:830} INFO - Processing file /home/airflow/.local/lib/python3.12/site-packages/airflow/example_dags/example_xcom.py for tasks to queue
[2024-07-08T15:12:29.335+0000] {logging_mixin.py:188} INFO - [2024-07-08T15:12:29.335+0000] {dagbag.py:545} INFO - Filling up the DagBag from /home/airflow/.local/lib/python3.12/site-packages/airflow/example_dags/example_xcom.py
[2024-07-08T15:12:29.347+0000] {processor.py:840} INFO - DAG(s) 'example_xcom' retrieved from /home/airflow/.local/lib/python3.12/site-packages/airflow/example_dags/example_xcom.py
[2024-07-08T15:12:29.385+0000] {logging_mixin.py:188} INFO - [2024-07-08T15:12:29.384+0000] {dag.py:3096} INFO - Sync 1 DAGs
[2024-07-08T15:12:29.420+0000] {logging_mixin.py:188} INFO - [2024-07-08T15:12:29.420+0000] {dag.py:3954} INFO - Setting next_dagrun for example_xcom to 2021-01-01 00:00:00+00:00, run_after=2021-01-01 00:00:00+00:00
[2024-07-08T15:12:29.463+0000] {processor.py:183} INFO - Processing /home/airflow/.local/lib/python3.12/site-packages/airflow/example_dags/example_xcom.py took 0.144 seconds
[2024-07-08T15:12:59.736+0000] {processor.py:161} INFO - Started process (PID=648) to work on /home/airflow/.local/lib/python3.12/site-packages/airflow/example_dags/example_xcom.py
[2024-07-08T15:12:59.737+0000] {processor.py:830} INFO - Processing file /home/airflow/.local/lib/python3.12/site-packages/airflow/example_dags/example_xcom.py for tasks to queue
[2024-07-08T15:12:59.741+0000] {logging_mixin.py:188} INFO - [2024-07-08T15:12:59.740+0000] {dagbag.py:545} INFO - Filling up the DagBag from /home/airflow/.local/lib/python3.12/site-packages/airflow/example_dags/example_xcom.py
[2024-07-08T15:12:59.750+0000] {processor.py:840} INFO - DAG(s) 'example_xcom' retrieved from /home/airflow/.local/lib/python3.12/site-packages/airflow/example_dags/example_xcom.py
[2024-07-08T15:12:59.778+0000] {logging_mixin.py:188} INFO - [2024-07-08T15:12:59.778+0000] {dag.py:3096} INFO - Sync 1 DAGs
[2024-07-08T15:12:59.814+0000] {logging_mixin.py:188} INFO - [2024-07-08T15:12:59.814+0000] {dag.py:3954} INFO - Setting next_dagrun for example_xcom to 2021-01-01 00:00:00+00:00, run_after=2021-01-01 00:00:00+00:00
[2024-07-08T15:12:59.848+0000] {processor.py:183} INFO - Processing /home/airflow/.local/lib/python3.12/site-packages/airflow/example_dags/example_xcom.py took 0.120 seconds
[2024-07-08T15:13:30.348+0000] {processor.py:161} INFO - Started process (PID=706) to work on /home/airflow/.local/lib/python3.12/site-packages/airflow/example_dags/example_xcom.py
[2024-07-08T15:13:30.350+0000] {processor.py:830} INFO - Processing file /home/airflow/.local/lib/python3.12/site-packages/airflow/example_dags/example_xcom.py for tasks to queue
[2024-07-08T15:13:30.353+0000] {logging_mixin.py:188} INFO - [2024-07-08T15:13:30.353+0000] {dagbag.py:545} INFO - Filling up the DagBag from /home/airflow/.local/lib/python3.12/site-packages/airflow/example_dags/example_xcom.py
[2024-07-08T15:13:30.363+0000] {processor.py:840} INFO - DAG(s) 'example_xcom' retrieved from /home/airflow/.local/lib/python3.12/site-packages/airflow/example_dags/example_xcom.py
[2024-07-08T15:13:30.412+0000] {logging_mixin.py:188} INFO - [2024-07-08T15:13:30.410+0000] {dag.py:3096} INFO - Sync 1 DAGs
[2024-07-08T15:13:30.450+0000] {logging_mixin.py:188} INFO - [2024-07-08T15:13:30.450+0000] {dag.py:3954} INFO - Setting next_dagrun for example_xcom to 2021-01-01 00:00:00+00:00, run_after=2021-01-01 00:00:00+00:00
[2024-07-08T15:13:30.499+0000] {processor.py:183} INFO - Processing /home/airflow/.local/lib/python3.12/site-packages/airflow/example_dags/example_xcom.py took 0.160 seconds
[2024-07-08T15:16:13.626+0000] {processor.py:161} INFO - Started process (PID=772) to work on /home/airflow/.local/lib/python3.12/site-packages/airflow/example_dags/example_xcom.py
[2024-07-08T15:16:13.628+0000] {processor.py:830} INFO - Processing file /home/airflow/.local/lib/python3.12/site-packages/airflow/example_dags/example_xcom.py for tasks to queue
[2024-07-08T15:16:13.630+0000] {logging_mixin.py:188} INFO - [2024-07-08T15:16:13.629+0000] {dagbag.py:545} INFO - Filling up the DagBag from /home/airflow/.local/lib/python3.12/site-packages/airflow/example_dags/example_xcom.py
[2024-07-08T15:16:13.645+0000] {processor.py:840} INFO - DAG(s) 'example_xcom' retrieved from /home/airflow/.local/lib/python3.12/site-packages/airflow/example_dags/example_xcom.py
[2024-07-08T15:16:13.676+0000] {logging_mixin.py:188} INFO - [2024-07-08T15:16:13.676+0000] {dag.py:3096} INFO - Sync 1 DAGs
[2024-07-08T15:16:13.713+0000] {logging_mixin.py:188} INFO - [2024-07-08T15:16:13.712+0000] {dag.py:3954} INFO - Setting next_dagrun for example_xcom to 2021-01-01 00:00:00+00:00, run_after=2021-01-01 00:00:00+00:00
[2024-07-08T15:16:13.746+0000] {processor.py:183} INFO - Processing /home/airflow/.local/lib/python3.12/site-packages/airflow/example_dags/example_xcom.py took 0.129 seconds
[2024-07-08T15:16:45.258+0000] {processor.py:161} INFO - Started process (PID=830) to work on /home/airflow/.local/lib/python3.12/site-packages/airflow/example_dags/example_xcom.py
[2024-07-08T15:16:45.262+0000] {processor.py:830} INFO - Processing file /home/airflow/.local/lib/python3.12/site-packages/airflow/example_dags/example_xcom.py for tasks to queue
[2024-07-08T15:16:45.266+0000] {logging_mixin.py:188} INFO - [2024-07-08T15:16:45.265+0000] {dagbag.py:545} INFO - Filling up the DagBag from /home/airflow/.local/lib/python3.12/site-packages/airflow/example_dags/example_xcom.py
[2024-07-08T15:16:45.285+0000] {processor.py:840} INFO - DAG(s) 'example_xcom' retrieved from /home/airflow/.local/lib/python3.12/site-packages/airflow/example_dags/example_xcom.py
[2024-07-08T15:16:45.345+0000] {logging_mixin.py:188} INFO - [2024-07-08T15:16:45.345+0000] {dag.py:3096} INFO - Sync 1 DAGs
[2024-07-08T15:16:45.433+0000] {logging_mixin.py:188} INFO - [2024-07-08T15:16:45.432+0000] {dag.py:3954} INFO - Setting next_dagrun for example_xcom to 2021-01-01 00:00:00+00:00, run_after=2021-01-01 00:00:00+00:00
[2024-07-08T15:16:45.532+0000] {processor.py:183} INFO - Processing /home/airflow/.local/lib/python3.12/site-packages/airflow/example_dags/example_xcom.py took 0.291 seconds
[2024-07-08T15:17:16.790+0000] {processor.py:161} INFO - Started process (PID=888) to work on /home/airflow/.local/lib/python3.12/site-packages/airflow/example_dags/example_xcom.py
[2024-07-08T15:17:16.794+0000] {processor.py:830} INFO - Processing file /home/airflow/.local/lib/python3.12/site-packages/airflow/example_dags/example_xcom.py for tasks to queue
[2024-07-08T15:17:16.798+0000] {logging_mixin.py:188} INFO - [2024-07-08T15:17:16.797+0000] {dagbag.py:545} INFO - Filling up the DagBag from /home/airflow/.local/lib/python3.12/site-packages/airflow/example_dags/example_xcom.py
[2024-07-08T15:17:16.902+0000] {processor.py:840} INFO - DAG(s) 'example_xcom' retrieved from /home/airflow/.local/lib/python3.12/site-packages/airflow/example_dags/example_xcom.py
[2024-07-08T15:17:17.111+0000] {logging_mixin.py:188} INFO - [2024-07-08T15:17:17.111+0000] {dag.py:3096} INFO - Sync 1 DAGs
[2024-07-08T15:17:17.161+0000] {logging_mixin.py:188} INFO - [2024-07-08T15:17:17.161+0000] {dag.py:3954} INFO - Setting next_dagrun for example_xcom to 2021-01-01 00:00:00+00:00, run_after=2021-01-01 00:00:00+00:00
[2024-07-08T15:17:17.204+0000] {processor.py:183} INFO - Processing /home/airflow/.local/lib/python3.12/site-packages/airflow/example_dags/example_xcom.py took 0.478 seconds
[2024-07-08T15:19:02.363+0000] {processor.py:161} INFO - Started process (PID=946) to work on /home/airflow/.local/lib/python3.12/site-packages/airflow/example_dags/example_xcom.py
[2024-07-08T15:19:02.366+0000] {processor.py:830} INFO - Processing file /home/airflow/.local/lib/python3.12/site-packages/airflow/example_dags/example_xcom.py for tasks to queue
[2024-07-08T15:19:02.367+0000] {logging_mixin.py:188} INFO - [2024-07-08T15:19:02.367+0000] {dagbag.py:545} INFO - Filling up the DagBag from /home/airflow/.local/lib/python3.12/site-packages/airflow/example_dags/example_xcom.py
[2024-07-08T15:19:02.392+0000] {processor.py:840} INFO - DAG(s) 'example_xcom' retrieved from /home/airflow/.local/lib/python3.12/site-packages/airflow/example_dags/example_xcom.py
[2024-07-08T15:19:02.434+0000] {logging_mixin.py:188} INFO - [2024-07-08T15:19:02.434+0000] {dag.py:3096} INFO - Sync 1 DAGs
[2024-07-08T15:19:02.477+0000] {logging_mixin.py:188} INFO - [2024-07-08T15:19:02.476+0000] {dag.py:3954} INFO - Setting next_dagrun for example_xcom to 2021-01-01 00:00:00+00:00, run_after=2021-01-01 00:00:00+00:00
[2024-07-08T15:19:02.513+0000] {processor.py:183} INFO - Processing /home/airflow/.local/lib/python3.12/site-packages/airflow/example_dags/example_xcom.py took 0.162 seconds
[2024-07-08T15:19:34.805+0000] {processor.py:161} INFO - Started process (PID=1004) to work on /home/airflow/.local/lib/python3.12/site-packages/airflow/example_dags/example_xcom.py
[2024-07-08T15:19:34.810+0000] {processor.py:830} INFO - Processing file /home/airflow/.local/lib/python3.12/site-packages/airflow/example_dags/example_xcom.py for tasks to queue
[2024-07-08T15:19:34.820+0000] {logging_mixin.py:188} INFO - [2024-07-08T15:19:34.815+0000] {dagbag.py:545} INFO - Filling up the DagBag from /home/airflow/.local/lib/python3.12/site-packages/airflow/example_dags/example_xcom.py
[2024-07-08T15:19:34.868+0000] {processor.py:840} INFO - DAG(s) 'example_xcom' retrieved from /home/airflow/.local/lib/python3.12/site-packages/airflow/example_dags/example_xcom.py
[2024-07-08T15:19:35.001+0000] {logging_mixin.py:188} INFO - [2024-07-08T15:19:35.001+0000] {dag.py:3096} INFO - Sync 1 DAGs
[2024-07-08T15:19:35.203+0000] {logging_mixin.py:188} INFO - [2024-07-08T15:19:35.191+0000] {dag.py:3954} INFO - Setting next_dagrun for example_xcom to 2021-01-01 00:00:00+00:00, run_after=2021-01-01 00:00:00+00:00
[2024-07-08T15:19:35.368+0000] {processor.py:183} INFO - Processing /home/airflow/.local/lib/python3.12/site-packages/airflow/example_dags/example_xcom.py took 0.586 seconds
[2024-07-08T15:20:05.966+0000] {processor.py:161} INFO - Started process (PID=1062) to work on /home/airflow/.local/lib/python3.12/site-packages/airflow/example_dags/example_xcom.py
[2024-07-08T15:20:05.968+0000] {processor.py:830} INFO - Processing file /home/airflow/.local/lib/python3.12/site-packages/airflow/example_dags/example_xcom.py for tasks to queue
[2024-07-08T15:20:05.972+0000] {logging_mixin.py:188} INFO - [2024-07-08T15:20:05.971+0000] {dagbag.py:545} INFO - Filling up the DagBag from /home/airflow/.local/lib/python3.12/site-packages/airflow/example_dags/example_xcom.py
[2024-07-08T15:20:05.989+0000] {processor.py:840} INFO - DAG(s) 'example_xcom' retrieved from /home/airflow/.local/lib/python3.12/site-packages/airflow/example_dags/example_xcom.py
[2024-07-08T15:20:06.045+0000] {logging_mixin.py:188} INFO - [2024-07-08T15:20:06.044+0000] {dag.py:3096} INFO - Sync 1 DAGs
[2024-07-08T15:20:06.141+0000] {logging_mixin.py:188} INFO - [2024-07-08T15:20:06.141+0000] {dag.py:3954} INFO - Setting next_dagrun for example_xcom to 2021-01-01 00:00:00+00:00, run_after=2021-01-01 00:00:00+00:00
[2024-07-08T15:20:06.199+0000] {processor.py:183} INFO - Processing /home/airflow/.local/lib/python3.12/site-packages/airflow/example_dags/example_xcom.py took 0.242 seconds
[2024-07-08T15:20:36.696+0000] {processor.py:161} INFO - Started process (PID=1120) to work on /home/airflow/.local/lib/python3.12/site-packages/airflow/example_dags/example_xcom.py
[2024-07-08T15:20:36.697+0000] {processor.py:830} INFO - Processing file /home/airflow/.local/lib/python3.12/site-packages/airflow/example_dags/example_xcom.py for tasks to queue
[2024-07-08T15:20:36.700+0000] {logging_mixin.py:188} INFO - [2024-07-08T15:20:36.699+0000] {dagbag.py:545} INFO - Filling up the DagBag from /home/airflow/.local/lib/python3.12/site-packages/airflow/example_dags/example_xcom.py
[2024-07-08T15:20:36.710+0000] {processor.py:840} INFO - DAG(s) 'example_xcom' retrieved from /home/airflow/.local/lib/python3.12/site-packages/airflow/example_dags/example_xcom.py
[2024-07-08T15:20:36.751+0000] {logging_mixin.py:188} INFO - [2024-07-08T15:20:36.750+0000] {dag.py:3096} INFO - Sync 1 DAGs
[2024-07-08T15:20:36.781+0000] {logging_mixin.py:188} INFO - [2024-07-08T15:20:36.780+0000] {dag.py:3954} INFO - Setting next_dagrun for example_xcom to 2021-01-01 00:00:00+00:00, run_after=2021-01-01 00:00:00+00:00
[2024-07-08T15:20:36.813+0000] {processor.py:183} INFO - Processing /home/airflow/.local/lib/python3.12/site-packages/airflow/example_dags/example_xcom.py took 0.123 seconds
[2024-07-08T15:21:07.170+0000] {processor.py:161} INFO - Started process (PID=1178) to work on /home/airflow/.local/lib/python3.12/site-packages/airflow/example_dags/example_xcom.py
[2024-07-08T15:21:07.172+0000] {processor.py:830} INFO - Processing file /home/airflow/.local/lib/python3.12/site-packages/airflow/example_dags/example_xcom.py for tasks to queue
[2024-07-08T15:21:07.173+0000] {logging_mixin.py:188} INFO - [2024-07-08T15:21:07.173+0000] {dagbag.py:545} INFO - Filling up the DagBag from /home/airflow/.local/lib/python3.12/site-packages/airflow/example_dags/example_xcom.py
[2024-07-08T15:21:07.190+0000] {processor.py:840} INFO - DAG(s) 'example_xcom' retrieved from /home/airflow/.local/lib/python3.12/site-packages/airflow/example_dags/example_xcom.py
[2024-07-08T15:21:07.224+0000] {logging_mixin.py:188} INFO - [2024-07-08T15:21:07.223+0000] {dag.py:3096} INFO - Sync 1 DAGs
[2024-07-08T15:21:07.252+0000] {logging_mixin.py:188} INFO - [2024-07-08T15:21:07.252+0000] {dag.py:3954} INFO - Setting next_dagrun for example_xcom to 2021-01-01 00:00:00+00:00, run_after=2021-01-01 00:00:00+00:00
[2024-07-08T15:21:07.282+0000] {processor.py:183} INFO - Processing /home/airflow/.local/lib/python3.12/site-packages/airflow/example_dags/example_xcom.py took 0.121 seconds
[2024-07-08T15:21:38.010+0000] {processor.py:161} INFO - Started process (PID=1236) to work on /home/airflow/.local/lib/python3.12/site-packages/airflow/example_dags/example_xcom.py
[2024-07-08T15:21:38.011+0000] {processor.py:830} INFO - Processing file /home/airflow/.local/lib/python3.12/site-packages/airflow/example_dags/example_xcom.py for tasks to queue
[2024-07-08T15:21:38.013+0000] {logging_mixin.py:188} INFO - [2024-07-08T15:21:38.012+0000] {dagbag.py:545} INFO - Filling up the DagBag from /home/airflow/.local/lib/python3.12/site-packages/airflow/example_dags/example_xcom.py
[2024-07-08T15:21:38.025+0000] {processor.py:840} INFO - DAG(s) 'example_xcom' retrieved from /home/airflow/.local/lib/python3.12/site-packages/airflow/example_dags/example_xcom.py
[2024-07-08T15:21:38.052+0000] {logging_mixin.py:188} INFO - [2024-07-08T15:21:38.052+0000] {dag.py:3096} INFO - Sync 1 DAGs
[2024-07-08T15:21:38.082+0000] {logging_mixin.py:188} INFO - [2024-07-08T15:21:38.082+0000] {dag.py:3954} INFO - Setting next_dagrun for example_xcom to 2021-01-01 00:00:00+00:00, run_after=2021-01-01 00:00:00+00:00
[2024-07-08T15:21:38.113+0000] {processor.py:183} INFO - Processing /home/airflow/.local/lib/python3.12/site-packages/airflow/example_dags/example_xcom.py took 0.110 seconds
[2024-07-08T15:22:08.578+0000] {processor.py:161} INFO - Started process (PID=1294) to work on /home/airflow/.local/lib/python3.12/site-packages/airflow/example_dags/example_xcom.py
[2024-07-08T15:22:08.579+0000] {processor.py:830} INFO - Processing file /home/airflow/.local/lib/python3.12/site-packages/airflow/example_dags/example_xcom.py for tasks to queue
[2024-07-08T15:22:08.581+0000] {logging_mixin.py:188} INFO - [2024-07-08T15:22:08.580+0000] {dagbag.py:545} INFO - Filling up the DagBag from /home/airflow/.local/lib/python3.12/site-packages/airflow/example_dags/example_xcom.py
[2024-07-08T15:22:08.589+0000] {processor.py:840} INFO - DAG(s) 'example_xcom' retrieved from /home/airflow/.local/lib/python3.12/site-packages/airflow/example_dags/example_xcom.py
[2024-07-08T15:22:08.618+0000] {logging_mixin.py:188} INFO - [2024-07-08T15:22:08.618+0000] {dag.py:3096} INFO - Sync 1 DAGs
[2024-07-08T15:22:08.652+0000] {logging_mixin.py:188} INFO - [2024-07-08T15:22:08.651+0000] {dag.py:3954} INFO - Setting next_dagrun for example_xcom to 2021-01-01 00:00:00+00:00, run_after=2021-01-01 00:00:00+00:00
[2024-07-08T15:22:08.682+0000] {processor.py:183} INFO - Processing /home/airflow/.local/lib/python3.12/site-packages/airflow/example_dags/example_xcom.py took 0.111 seconds
[2024-07-08T15:22:39.390+0000] {processor.py:161} INFO - Started process (PID=1358) to work on /home/airflow/.local/lib/python3.12/site-packages/airflow/example_dags/example_xcom.py
[2024-07-08T15:22:39.392+0000] {processor.py:830} INFO - Processing file /home/airflow/.local/lib/python3.12/site-packages/airflow/example_dags/example_xcom.py for tasks to queue
[2024-07-08T15:22:39.394+0000] {logging_mixin.py:188} INFO - [2024-07-08T15:22:39.393+0000] {dagbag.py:545} INFO - Filling up the DagBag from /home/airflow/.local/lib/python3.12/site-packages/airflow/example_dags/example_xcom.py
[2024-07-08T15:22:39.413+0000] {processor.py:840} INFO - DAG(s) 'example_xcom' retrieved from /home/airflow/.local/lib/python3.12/site-packages/airflow/example_dags/example_xcom.py
[2024-07-08T15:22:39.463+0000] {logging_mixin.py:188} INFO - [2024-07-08T15:22:39.462+0000] {dag.py:3096} INFO - Sync 1 DAGs
[2024-07-08T15:22:39.508+0000] {logging_mixin.py:188} INFO - [2024-07-08T15:22:39.508+0000] {dag.py:3954} INFO - Setting next_dagrun for example_xcom to 2021-01-01 00:00:00+00:00, run_after=2021-01-01 00:00:00+00:00
[2024-07-08T15:22:39.542+0000] {processor.py:183} INFO - Processing /home/airflow/.local/lib/python3.12/site-packages/airflow/example_dags/example_xcom.py took 0.161 seconds
[2024-07-08T15:23:10.467+0000] {processor.py:161} INFO - Started process (PID=1420) to work on /home/airflow/.local/lib/python3.12/site-packages/airflow/example_dags/example_xcom.py
[2024-07-08T15:23:10.468+0000] {processor.py:830} INFO - Processing file /home/airflow/.local/lib/python3.12/site-packages/airflow/example_dags/example_xcom.py for tasks to queue
[2024-07-08T15:23:10.470+0000] {logging_mixin.py:188} INFO - [2024-07-08T15:23:10.469+0000] {dagbag.py:545} INFO - Filling up the DagBag from /home/airflow/.local/lib/python3.12/site-packages/airflow/example_dags/example_xcom.py
[2024-07-08T15:23:10.489+0000] {processor.py:840} INFO - DAG(s) 'example_xcom' retrieved from /home/airflow/.local/lib/python3.12/site-packages/airflow/example_dags/example_xcom.py
[2024-07-08T15:23:10.535+0000] {logging_mixin.py:188} INFO - [2024-07-08T15:23:10.534+0000] {dag.py:3096} INFO - Sync 1 DAGs
[2024-07-08T15:23:10.573+0000] {logging_mixin.py:188} INFO - [2024-07-08T15:23:10.572+0000] {dag.py:3954} INFO - Setting next_dagrun for example_xcom to 2021-01-01 00:00:00+00:00, run_after=2021-01-01 00:00:00+00:00
[2024-07-08T15:23:10.610+0000] {processor.py:183} INFO - Processing /home/airflow/.local/lib/python3.12/site-packages/airflow/example_dags/example_xcom.py took 0.168 seconds
[2024-07-08T15:23:42.029+0000] {processor.py:161} INFO - Started process (PID=1481) to work on /home/airflow/.local/lib/python3.12/site-packages/airflow/example_dags/example_xcom.py
[2024-07-08T15:23:42.031+0000] {processor.py:830} INFO - Processing file /home/airflow/.local/lib/python3.12/site-packages/airflow/example_dags/example_xcom.py for tasks to queue
[2024-07-08T15:23:42.033+0000] {logging_mixin.py:188} INFO - [2024-07-08T15:23:42.032+0000] {dagbag.py:545} INFO - Filling up the DagBag from /home/airflow/.local/lib/python3.12/site-packages/airflow/example_dags/example_xcom.py
[2024-07-08T15:23:42.047+0000] {processor.py:840} INFO - DAG(s) 'example_xcom' retrieved from /home/airflow/.local/lib/python3.12/site-packages/airflow/example_dags/example_xcom.py
[2024-07-08T15:23:42.110+0000] {logging_mixin.py:188} INFO - [2024-07-08T15:23:42.109+0000] {dag.py:3096} INFO - Sync 1 DAGs
[2024-07-08T15:23:42.175+0000] {logging_mixin.py:188} INFO - [2024-07-08T15:23:42.175+0000] {dag.py:3954} INFO - Setting next_dagrun for example_xcom to 2021-01-01 00:00:00+00:00, run_after=2021-01-01 00:00:00+00:00
[2024-07-08T15:23:42.219+0000] {processor.py:183} INFO - Processing /home/airflow/.local/lib/python3.12/site-packages/airflow/example_dags/example_xcom.py took 0.205 seconds
[2024-07-08T15:24:12.690+0000] {processor.py:161} INFO - Started process (PID=1546) to work on /home/airflow/.local/lib/python3.12/site-packages/airflow/example_dags/example_xcom.py
[2024-07-08T15:24:12.693+0000] {processor.py:830} INFO - Processing file /home/airflow/.local/lib/python3.12/site-packages/airflow/example_dags/example_xcom.py for tasks to queue
[2024-07-08T15:24:12.695+0000] {logging_mixin.py:188} INFO - [2024-07-08T15:24:12.694+0000] {dagbag.py:545} INFO - Filling up the DagBag from /home/airflow/.local/lib/python3.12/site-packages/airflow/example_dags/example_xcom.py
[2024-07-08T15:24:12.734+0000] {processor.py:840} INFO - DAG(s) 'example_xcom' retrieved from /home/airflow/.local/lib/python3.12/site-packages/airflow/example_dags/example_xcom.py
[2024-07-08T15:24:12.845+0000] {logging_mixin.py:188} INFO - [2024-07-08T15:24:12.845+0000] {dag.py:3096} INFO - Sync 1 DAGs
[2024-07-08T15:24:13.029+0000] {logging_mixin.py:188} INFO - [2024-07-08T15:24:13.028+0000] {dag.py:3954} INFO - Setting next_dagrun for example_xcom to 2021-01-01 00:00:00+00:00, run_after=2021-01-01 00:00:00+00:00
[2024-07-08T15:24:13.147+0000] {processor.py:183} INFO - Processing /home/airflow/.local/lib/python3.12/site-packages/airflow/example_dags/example_xcom.py took 0.475 seconds
[2024-07-08T15:24:43.743+0000] {processor.py:161} INFO - Started process (PID=1606) to work on /home/airflow/.local/lib/python3.12/site-packages/airflow/example_dags/example_xcom.py
[2024-07-08T15:24:43.744+0000] {processor.py:830} INFO - Processing file /home/airflow/.local/lib/python3.12/site-packages/airflow/example_dags/example_xcom.py for tasks to queue
[2024-07-08T15:24:43.746+0000] {logging_mixin.py:188} INFO - [2024-07-08T15:24:43.745+0000] {dagbag.py:545} INFO - Filling up the DagBag from /home/airflow/.local/lib/python3.12/site-packages/airflow/example_dags/example_xcom.py
[2024-07-08T15:24:43.761+0000] {processor.py:840} INFO - DAG(s) 'example_xcom' retrieved from /home/airflow/.local/lib/python3.12/site-packages/airflow/example_dags/example_xcom.py
[2024-07-08T15:24:43.792+0000] {logging_mixin.py:188} INFO - [2024-07-08T15:24:43.792+0000] {dag.py:3096} INFO - Sync 1 DAGs
[2024-07-08T15:24:43.819+0000] {logging_mixin.py:188} INFO - [2024-07-08T15:24:43.818+0000] {dag.py:3954} INFO - Setting next_dagrun for example_xcom to 2021-01-01 00:00:00+00:00, run_after=2021-01-01 00:00:00+00:00
[2024-07-08T15:24:43.853+0000] {processor.py:183} INFO - Processing /home/airflow/.local/lib/python3.12/site-packages/airflow/example_dags/example_xcom.py took 0.120 seconds
[2024-07-08T15:25:14.194+0000] {processor.py:161} INFO - Started process (PID=1669) to work on /home/airflow/.local/lib/python3.12/site-packages/airflow/example_dags/example_xcom.py
[2024-07-08T15:25:14.196+0000] {processor.py:830} INFO - Processing file /home/airflow/.local/lib/python3.12/site-packages/airflow/example_dags/example_xcom.py for tasks to queue
[2024-07-08T15:25:14.197+0000] {logging_mixin.py:188} INFO - [2024-07-08T15:25:14.197+0000] {dagbag.py:545} INFO - Filling up the DagBag from /home/airflow/.local/lib/python3.12/site-packages/airflow/example_dags/example_xcom.py
[2024-07-08T15:25:14.210+0000] {processor.py:840} INFO - DAG(s) 'example_xcom' retrieved from /home/airflow/.local/lib/python3.12/site-packages/airflow/example_dags/example_xcom.py
[2024-07-08T15:25:14.236+0000] {logging_mixin.py:188} INFO - [2024-07-08T15:25:14.236+0000] {dag.py:3096} INFO - Sync 1 DAGs
[2024-07-08T15:25:14.268+0000] {logging_mixin.py:188} INFO - [2024-07-08T15:25:14.267+0000] {dag.py:3954} INFO - Setting next_dagrun for example_xcom to 2021-01-01 00:00:00+00:00, run_after=2021-01-01 00:00:00+00:00
[2024-07-08T15:25:14.293+0000] {processor.py:183} INFO - Processing /home/airflow/.local/lib/python3.12/site-packages/airflow/example_dags/example_xcom.py took 0.107 seconds
[2024-07-08T15:25:45.082+0000] {processor.py:161} INFO - Started process (PID=1735) to work on /home/airflow/.local/lib/python3.12/site-packages/airflow/example_dags/example_xcom.py
[2024-07-08T15:25:45.083+0000] {processor.py:830} INFO - Processing file /home/airflow/.local/lib/python3.12/site-packages/airflow/example_dags/example_xcom.py for tasks to queue
[2024-07-08T15:25:45.085+0000] {logging_mixin.py:188} INFO - [2024-07-08T15:25:45.084+0000] {dagbag.py:545} INFO - Filling up the DagBag from /home/airflow/.local/lib/python3.12/site-packages/airflow/example_dags/example_xcom.py
[2024-07-08T15:25:45.097+0000] {processor.py:840} INFO - DAG(s) 'example_xcom' retrieved from /home/airflow/.local/lib/python3.12/site-packages/airflow/example_dags/example_xcom.py
[2024-07-08T15:25:45.127+0000] {logging_mixin.py:188} INFO - [2024-07-08T15:25:45.126+0000] {dag.py:3096} INFO - Sync 1 DAGs
[2024-07-08T15:25:45.160+0000] {logging_mixin.py:188} INFO - [2024-07-08T15:25:45.160+0000] {dag.py:3954} INFO - Setting next_dagrun for example_xcom to 2021-01-01 00:00:00+00:00, run_after=2021-01-01 00:00:00+00:00
[2024-07-08T15:25:45.191+0000] {processor.py:183} INFO - Processing /home/airflow/.local/lib/python3.12/site-packages/airflow/example_dags/example_xcom.py took 0.115 seconds
[2024-07-08T15:26:15.412+0000] {processor.py:161} INFO - Started process (PID=1799) to work on /home/airflow/.local/lib/python3.12/site-packages/airflow/example_dags/example_xcom.py
[2024-07-08T15:26:15.414+0000] {processor.py:830} INFO - Processing file /home/airflow/.local/lib/python3.12/site-packages/airflow/example_dags/example_xcom.py for tasks to queue
[2024-07-08T15:26:15.416+0000] {logging_mixin.py:188} INFO - [2024-07-08T15:26:15.415+0000] {dagbag.py:545} INFO - Filling up the DagBag from /home/airflow/.local/lib/python3.12/site-packages/airflow/example_dags/example_xcom.py
[2024-07-08T15:26:15.433+0000] {processor.py:840} INFO - DAG(s) 'example_xcom' retrieved from /home/airflow/.local/lib/python3.12/site-packages/airflow/example_dags/example_xcom.py
[2024-07-08T15:26:15.485+0000] {logging_mixin.py:188} INFO - [2024-07-08T15:26:15.484+0000] {dag.py:3096} INFO - Sync 1 DAGs
[2024-07-08T15:26:15.531+0000] {logging_mixin.py:188} INFO - [2024-07-08T15:26:15.530+0000] {dag.py:3954} INFO - Setting next_dagrun for example_xcom to 2021-01-01 00:00:00+00:00, run_after=2021-01-01 00:00:00+00:00
[2024-07-08T15:26:15.572+0000] {processor.py:183} INFO - Processing /home/airflow/.local/lib/python3.12/site-packages/airflow/example_dags/example_xcom.py took 0.171 seconds
[2024-07-08T15:26:45.737+0000] {processor.py:161} INFO - Started process (PID=1862) to work on /home/airflow/.local/lib/python3.12/site-packages/airflow/example_dags/example_xcom.py
[2024-07-08T15:26:45.739+0000] {processor.py:830} INFO - Processing file /home/airflow/.local/lib/python3.12/site-packages/airflow/example_dags/example_xcom.py for tasks to queue
[2024-07-08T15:26:45.740+0000] {logging_mixin.py:188} INFO - [2024-07-08T15:26:45.740+0000] {dagbag.py:545} INFO - Filling up the DagBag from /home/airflow/.local/lib/python3.12/site-packages/airflow/example_dags/example_xcom.py
[2024-07-08T15:26:45.751+0000] {processor.py:840} INFO - DAG(s) 'example_xcom' retrieved from /home/airflow/.local/lib/python3.12/site-packages/airflow/example_dags/example_xcom.py
[2024-07-08T15:26:45.778+0000] {logging_mixin.py:188} INFO - [2024-07-08T15:26:45.777+0000] {dag.py:3096} INFO - Sync 1 DAGs
[2024-07-08T15:26:45.806+0000] {logging_mixin.py:188} INFO - [2024-07-08T15:26:45.806+0000] {dag.py:3954} INFO - Setting next_dagrun for example_xcom to 2021-01-01 00:00:00+00:00, run_after=2021-01-01 00:00:00+00:00
[2024-07-08T15:26:45.833+0000] {processor.py:183} INFO - Processing /home/airflow/.local/lib/python3.12/site-packages/airflow/example_dags/example_xcom.py took 0.103 seconds
[2024-07-08T15:27:16.513+0000] {processor.py:161} INFO - Started process (PID=1921) to work on /home/airflow/.local/lib/python3.12/site-packages/airflow/example_dags/example_xcom.py
[2024-07-08T15:27:16.515+0000] {processor.py:830} INFO - Processing file /home/airflow/.local/lib/python3.12/site-packages/airflow/example_dags/example_xcom.py for tasks to queue
[2024-07-08T15:27:16.517+0000] {logging_mixin.py:188} INFO - [2024-07-08T15:27:16.516+0000] {dagbag.py:545} INFO - Filling up the DagBag from /home/airflow/.local/lib/python3.12/site-packages/airflow/example_dags/example_xcom.py
[2024-07-08T15:27:16.526+0000] {processor.py:840} INFO - DAG(s) 'example_xcom' retrieved from /home/airflow/.local/lib/python3.12/site-packages/airflow/example_dags/example_xcom.py
[2024-07-08T15:27:16.559+0000] {logging_mixin.py:188} INFO - [2024-07-08T15:27:16.558+0000] {dag.py:3096} INFO - Sync 1 DAGs
[2024-07-08T15:27:16.601+0000] {logging_mixin.py:188} INFO - [2024-07-08T15:27:16.601+0000] {dag.py:3954} INFO - Setting next_dagrun for example_xcom to 2021-01-01 00:00:00+00:00, run_after=2021-01-01 00:00:00+00:00
[2024-07-08T15:27:16.644+0000] {processor.py:183} INFO - Processing /home/airflow/.local/lib/python3.12/site-packages/airflow/example_dags/example_xcom.py took 0.138 seconds
[2024-07-08T15:27:47.217+0000] {processor.py:161} INFO - Started process (PID=1979) to work on /home/airflow/.local/lib/python3.12/site-packages/airflow/example_dags/example_xcom.py
[2024-07-08T15:27:47.218+0000] {processor.py:830} INFO - Processing file /home/airflow/.local/lib/python3.12/site-packages/airflow/example_dags/example_xcom.py for tasks to queue
[2024-07-08T15:27:47.220+0000] {logging_mixin.py:188} INFO - [2024-07-08T15:27:47.219+0000] {dagbag.py:545} INFO - Filling up the DagBag from /home/airflow/.local/lib/python3.12/site-packages/airflow/example_dags/example_xcom.py
[2024-07-08T15:27:47.230+0000] {processor.py:840} INFO - DAG(s) 'example_xcom' retrieved from /home/airflow/.local/lib/python3.12/site-packages/airflow/example_dags/example_xcom.py
[2024-07-08T15:27:47.258+0000] {logging_mixin.py:188} INFO - [2024-07-08T15:27:47.258+0000] {dag.py:3096} INFO - Sync 1 DAGs
[2024-07-08T15:27:47.290+0000] {logging_mixin.py:188} INFO - [2024-07-08T15:27:47.290+0000] {dag.py:3954} INFO - Setting next_dagrun for example_xcom to 2021-01-01 00:00:00+00:00, run_after=2021-01-01 00:00:00+00:00
[2024-07-08T15:27:47.321+0000] {processor.py:183} INFO - Processing /home/airflow/.local/lib/python3.12/site-packages/airflow/example_dags/example_xcom.py took 0.115 seconds
[2024-07-08T15:28:17.783+0000] {processor.py:161} INFO - Started process (PID=2038) to work on /home/airflow/.local/lib/python3.12/site-packages/airflow/example_dags/example_xcom.py
[2024-07-08T15:28:17.785+0000] {processor.py:830} INFO - Processing file /home/airflow/.local/lib/python3.12/site-packages/airflow/example_dags/example_xcom.py for tasks to queue
[2024-07-08T15:28:17.786+0000] {logging_mixin.py:188} INFO - [2024-07-08T15:28:17.786+0000] {dagbag.py:545} INFO - Filling up the DagBag from /home/airflow/.local/lib/python3.12/site-packages/airflow/example_dags/example_xcom.py
[2024-07-08T15:28:17.802+0000] {processor.py:840} INFO - DAG(s) 'example_xcom' retrieved from /home/airflow/.local/lib/python3.12/site-packages/airflow/example_dags/example_xcom.py
[2024-07-08T15:28:17.873+0000] {logging_mixin.py:188} INFO - [2024-07-08T15:28:17.873+0000] {dag.py:3096} INFO - Sync 1 DAGs
[2024-07-08T15:28:17.960+0000] {logging_mixin.py:188} INFO - [2024-07-08T15:28:17.959+0000] {dag.py:3954} INFO - Setting next_dagrun for example_xcom to 2021-01-01 00:00:00+00:00, run_after=2021-01-01 00:00:00+00:00
[2024-07-08T15:28:18.008+0000] {processor.py:183} INFO - Processing /home/airflow/.local/lib/python3.12/site-packages/airflow/example_dags/example_xcom.py took 0.238 seconds
[2024-07-08T15:31:14.843+0000] {processor.py:161} INFO - Started process (PID=2098) to work on /home/airflow/.local/lib/python3.12/site-packages/airflow/example_dags/example_xcom.py
[2024-07-08T15:31:14.850+0000] {processor.py:830} INFO - Processing file /home/airflow/.local/lib/python3.12/site-packages/airflow/example_dags/example_xcom.py for tasks to queue
[2024-07-08T15:31:14.852+0000] {logging_mixin.py:188} INFO - [2024-07-08T15:31:14.851+0000] {dagbag.py:545} INFO - Filling up the DagBag from /home/airflow/.local/lib/python3.12/site-packages/airflow/example_dags/example_xcom.py
[2024-07-08T15:31:14.867+0000] {processor.py:840} INFO - DAG(s) 'example_xcom' retrieved from /home/airflow/.local/lib/python3.12/site-packages/airflow/example_dags/example_xcom.py
[2024-07-08T15:31:14.909+0000] {logging_mixin.py:188} INFO - [2024-07-08T15:31:14.908+0000] {dag.py:3096} INFO - Sync 1 DAGs
[2024-07-08T15:31:14.971+0000] {logging_mixin.py:188} INFO - [2024-07-08T15:31:14.971+0000] {dag.py:3954} INFO - Setting next_dagrun for example_xcom to 2021-01-01 00:00:00+00:00, run_after=2021-01-01 00:00:00+00:00
[2024-07-08T15:31:15.040+0000] {processor.py:183} INFO - Processing /home/airflow/.local/lib/python3.12/site-packages/airflow/example_dags/example_xcom.py took 0.206 seconds
[2024-07-08T15:31:46.164+0000] {processor.py:161} INFO - Started process (PID=2156) to work on /home/airflow/.local/lib/python3.12/site-packages/airflow/example_dags/example_xcom.py
[2024-07-08T15:31:46.167+0000] {processor.py:830} INFO - Processing file /home/airflow/.local/lib/python3.12/site-packages/airflow/example_dags/example_xcom.py for tasks to queue
[2024-07-08T15:31:46.169+0000] {logging_mixin.py:188} INFO - [2024-07-08T15:31:46.168+0000] {dagbag.py:545} INFO - Filling up the DagBag from /home/airflow/.local/lib/python3.12/site-packages/airflow/example_dags/example_xcom.py
[2024-07-08T15:31:46.189+0000] {processor.py:840} INFO - DAG(s) 'example_xcom' retrieved from /home/airflow/.local/lib/python3.12/site-packages/airflow/example_dags/example_xcom.py
[2024-07-08T15:31:46.220+0000] {logging_mixin.py:188} INFO - [2024-07-08T15:31:46.220+0000] {dag.py:3096} INFO - Sync 1 DAGs
[2024-07-08T15:31:46.259+0000] {logging_mixin.py:188} INFO - [2024-07-08T15:31:46.258+0000] {dag.py:3954} INFO - Setting next_dagrun for example_xcom to 2021-01-01 00:00:00+00:00, run_after=2021-01-01 00:00:00+00:00
[2024-07-08T15:31:46.289+0000] {processor.py:183} INFO - Processing /home/airflow/.local/lib/python3.12/site-packages/airflow/example_dags/example_xcom.py took 0.139 seconds
[2024-07-08T15:32:21.891+0000] {processor.py:161} INFO - Started process (PID=2215) to work on /home/airflow/.local/lib/python3.12/site-packages/airflow/example_dags/example_xcom.py
[2024-07-08T15:32:21.893+0000] {processor.py:830} INFO - Processing file /home/airflow/.local/lib/python3.12/site-packages/airflow/example_dags/example_xcom.py for tasks to queue
[2024-07-08T15:32:21.896+0000] {logging_mixin.py:188} INFO - [2024-07-08T15:32:21.895+0000] {dagbag.py:545} INFO - Filling up the DagBag from /home/airflow/.local/lib/python3.12/site-packages/airflow/example_dags/example_xcom.py
[2024-07-08T15:32:21.927+0000] {processor.py:840} INFO - DAG(s) 'example_xcom' retrieved from /home/airflow/.local/lib/python3.12/site-packages/airflow/example_dags/example_xcom.py
[2024-07-08T15:32:22.008+0000] {logging_mixin.py:188} INFO - [2024-07-08T15:32:22.007+0000] {dag.py:3096} INFO - Sync 1 DAGs
[2024-07-08T15:32:22.081+0000] {logging_mixin.py:188} INFO - [2024-07-08T15:32:22.080+0000] {dag.py:3954} INFO - Setting next_dagrun for example_xcom to 2021-01-01 00:00:00+00:00, run_after=2021-01-01 00:00:00+00:00
[2024-07-08T15:32:22.150+0000] {processor.py:183} INFO - Processing /home/airflow/.local/lib/python3.12/site-packages/airflow/example_dags/example_xcom.py took 0.276 seconds
[2024-07-08T15:37:48.749+0000] {processor.py:161} INFO - Started process (PID=2310) to work on /home/airflow/.local/lib/python3.12/site-packages/airflow/example_dags/example_xcom.py
[2024-07-08T15:37:48.770+0000] {processor.py:830} INFO - Processing file /home/airflow/.local/lib/python3.12/site-packages/airflow/example_dags/example_xcom.py for tasks to queue
[2024-07-08T15:37:48.777+0000] {logging_mixin.py:188} INFO - [2024-07-08T15:37:48.773+0000] {dagbag.py:545} INFO - Filling up the DagBag from /home/airflow/.local/lib/python3.12/site-packages/airflow/example_dags/example_xcom.py
[2024-07-08T15:37:48.843+0000] {processor.py:840} INFO - DAG(s) 'example_xcom' retrieved from /home/airflow/.local/lib/python3.12/site-packages/airflow/example_dags/example_xcom.py
[2024-07-08T15:37:49.121+0000] {logging_mixin.py:188} INFO - [2024-07-08T15:37:49.118+0000] {dag.py:3096} INFO - Sync 1 DAGs
[2024-07-08T15:37:49.500+0000] {logging_mixin.py:188} INFO - [2024-07-08T15:37:49.499+0000] {dag.py:3954} INFO - Setting next_dagrun for example_xcom to 2021-01-01 00:00:00+00:00, run_after=2021-01-01 00:00:00+00:00
[2024-07-08T15:37:49.766+0000] {processor.py:183} INFO - Processing /home/airflow/.local/lib/python3.12/site-packages/airflow/example_dags/example_xcom.py took 1.075 seconds
[2024-07-08T15:42:19.900+0000] {processor.py:161} INFO - Started process (PID=2428) to work on /home/airflow/.local/lib/python3.12/site-packages/airflow/example_dags/example_xcom.py
[2024-07-08T15:42:19.908+0000] {processor.py:830} INFO - Processing file /home/airflow/.local/lib/python3.12/site-packages/airflow/example_dags/example_xcom.py for tasks to queue
[2024-07-08T15:42:19.911+0000] {logging_mixin.py:188} INFO - [2024-07-08T15:42:19.910+0000] {dagbag.py:545} INFO - Filling up the DagBag from /home/airflow/.local/lib/python3.12/site-packages/airflow/example_dags/example_xcom.py
[2024-07-08T15:42:19.931+0000] {processor.py:840} INFO - DAG(s) 'example_xcom' retrieved from /home/airflow/.local/lib/python3.12/site-packages/airflow/example_dags/example_xcom.py
[2024-07-08T15:42:20.132+0000] {logging_mixin.py:188} INFO - [2024-07-08T15:42:20.132+0000] {dag.py:3096} INFO - Sync 1 DAGs
[2024-07-08T15:42:20.237+0000] {logging_mixin.py:188} INFO - [2024-07-08T15:42:20.237+0000] {dag.py:3954} INFO - Setting next_dagrun for example_xcom to 2021-01-01 00:00:00+00:00, run_after=2021-01-01 00:00:00+00:00
[2024-07-08T15:42:20.365+0000] {processor.py:183} INFO - Processing /home/airflow/.local/lib/python3.12/site-packages/airflow/example_dags/example_xcom.py took 0.486 seconds
[2024-07-08T15:42:50.769+0000] {processor.py:161} INFO - Started process (PID=2491) to work on /home/airflow/.local/lib/python3.12/site-packages/airflow/example_dags/example_xcom.py
[2024-07-08T15:42:50.771+0000] {processor.py:830} INFO - Processing file /home/airflow/.local/lib/python3.12/site-packages/airflow/example_dags/example_xcom.py for tasks to queue
[2024-07-08T15:42:50.772+0000] {logging_mixin.py:188} INFO - [2024-07-08T15:42:50.772+0000] {dagbag.py:545} INFO - Filling up the DagBag from /home/airflow/.local/lib/python3.12/site-packages/airflow/example_dags/example_xcom.py
[2024-07-08T15:42:50.782+0000] {processor.py:840} INFO - DAG(s) 'example_xcom' retrieved from /home/airflow/.local/lib/python3.12/site-packages/airflow/example_dags/example_xcom.py
[2024-07-08T15:42:50.807+0000] {logging_mixin.py:188} INFO - [2024-07-08T15:42:50.807+0000] {dag.py:3096} INFO - Sync 1 DAGs
[2024-07-08T15:42:50.836+0000] {logging_mixin.py:188} INFO - [2024-07-08T15:42:50.836+0000] {dag.py:3954} INFO - Setting next_dagrun for example_xcom to 2021-01-01 00:00:00+00:00, run_after=2021-01-01 00:00:00+00:00
[2024-07-08T15:42:50.861+0000] {processor.py:183} INFO - Processing /home/airflow/.local/lib/python3.12/site-packages/airflow/example_dags/example_xcom.py took 0.100 seconds
[2024-07-08T15:43:21.357+0000] {processor.py:161} INFO - Started process (PID=2551) to work on /home/airflow/.local/lib/python3.12/site-packages/airflow/example_dags/example_xcom.py
[2024-07-08T15:43:21.358+0000] {processor.py:830} INFO - Processing file /home/airflow/.local/lib/python3.12/site-packages/airflow/example_dags/example_xcom.py for tasks to queue
[2024-07-08T15:43:21.360+0000] {logging_mixin.py:188} INFO - [2024-07-08T15:43:21.359+0000] {dagbag.py:545} INFO - Filling up the DagBag from /home/airflow/.local/lib/python3.12/site-packages/airflow/example_dags/example_xcom.py
[2024-07-08T15:43:21.368+0000] {processor.py:840} INFO - DAG(s) 'example_xcom' retrieved from /home/airflow/.local/lib/python3.12/site-packages/airflow/example_dags/example_xcom.py
[2024-07-08T15:43:21.395+0000] {logging_mixin.py:188} INFO - [2024-07-08T15:43:21.394+0000] {dag.py:3096} INFO - Sync 1 DAGs
[2024-07-08T15:43:21.422+0000] {logging_mixin.py:188} INFO - [2024-07-08T15:43:21.421+0000] {dag.py:3954} INFO - Setting next_dagrun for example_xcom to 2021-01-01 00:00:00+00:00, run_after=2021-01-01 00:00:00+00:00
[2024-07-08T15:43:21.472+0000] {processor.py:183} INFO - Processing /home/airflow/.local/lib/python3.12/site-packages/airflow/example_dags/example_xcom.py took 0.122 seconds
[2024-07-08T15:43:51.565+0000] {processor.py:161} INFO - Started process (PID=2611) to work on /home/airflow/.local/lib/python3.12/site-packages/airflow/example_dags/example_xcom.py
[2024-07-08T15:43:51.567+0000] {processor.py:830} INFO - Processing file /home/airflow/.local/lib/python3.12/site-packages/airflow/example_dags/example_xcom.py for tasks to queue
[2024-07-08T15:43:51.568+0000] {logging_mixin.py:188} INFO - [2024-07-08T15:43:51.568+0000] {dagbag.py:545} INFO - Filling up the DagBag from /home/airflow/.local/lib/python3.12/site-packages/airflow/example_dags/example_xcom.py
[2024-07-08T15:43:51.580+0000] {processor.py:840} INFO - DAG(s) 'example_xcom' retrieved from /home/airflow/.local/lib/python3.12/site-packages/airflow/example_dags/example_xcom.py
[2024-07-08T15:43:51.614+0000] {logging_mixin.py:188} INFO - [2024-07-08T15:43:51.614+0000] {dag.py:3096} INFO - Sync 1 DAGs
[2024-07-08T15:43:51.646+0000] {logging_mixin.py:188} INFO - [2024-07-08T15:43:51.646+0000] {dag.py:3954} INFO - Setting next_dagrun for example_xcom to 2021-01-01 00:00:00+00:00, run_after=2021-01-01 00:00:00+00:00
[2024-07-08T15:43:51.678+0000] {processor.py:183} INFO - Processing /home/airflow/.local/lib/python3.12/site-packages/airflow/example_dags/example_xcom.py took 0.123 seconds
