[2024-07-08T15:07:43.250+0000] {processor.py:161} INFO - Started process (PID=56) to work on /home/airflow/.local/lib/python3.12/site-packages/airflow/example_dags/example_sla_dag.py
[2024-07-08T15:07:43.261+0000] {processor.py:830} INFO - Processing file /home/airflow/.local/lib/python3.12/site-packages/airflow/example_dags/example_sla_dag.py for tasks to queue
[2024-07-08T15:07:43.273+0000] {logging_mixin.py:188} INFO - [2024-07-08T15:07:43.272+0000] {dagbag.py:545} INFO - Filling up the DagBag from /home/airflow/.local/lib/python3.12/site-packages/airflow/example_dags/example_sla_dag.py
[2024-07-08T15:07:43.348+0000] {processor.py:840} INFO - DAG(s) 'example_sla_dag' retrieved from /home/airflow/.local/lib/python3.12/site-packages/airflow/example_dags/example_sla_dag.py
[2024-07-08T15:07:45.155+0000] {logging_mixin.py:188} INFO - [2024-07-08T15:07:45.154+0000] {dag.py:3096} INFO - Sync 1 DAGs
[2024-07-08T15:07:45.398+0000] {logging_mixin.py:188} INFO - [2024-07-08T15:07:45.397+0000] {dag.py:3954} INFO - Setting next_dagrun for example_sla_dag to 2024-07-08 15:04:00+00:00, run_after=2024-07-08 15:06:00+00:00
[2024-07-08T15:07:45.526+0000] {processor.py:183} INFO - Processing /home/airflow/.local/lib/python3.12/site-packages/airflow/example_dags/example_sla_dag.py took 2.296 seconds
[2024-07-08T15:08:15.900+0000] {processor.py:161} INFO - Started process (PID=113) to work on /home/airflow/.local/lib/python3.12/site-packages/airflow/example_dags/example_sla_dag.py
[2024-07-08T15:08:15.902+0000] {processor.py:830} INFO - Processing file /home/airflow/.local/lib/python3.12/site-packages/airflow/example_dags/example_sla_dag.py for tasks to queue
[2024-07-08T15:08:15.905+0000] {logging_mixin.py:188} INFO - [2024-07-08T15:08:15.904+0000] {dagbag.py:545} INFO - Filling up the DagBag from /home/airflow/.local/lib/python3.12/site-packages/airflow/example_dags/example_sla_dag.py
[2024-07-08T15:08:15.918+0000] {processor.py:840} INFO - DAG(s) 'example_sla_dag' retrieved from /home/airflow/.local/lib/python3.12/site-packages/airflow/example_dags/example_sla_dag.py
[2024-07-08T15:08:15.943+0000] {logging_mixin.py:188} INFO - [2024-07-08T15:08:15.943+0000] {dag.py:3096} INFO - Sync 1 DAGs
[2024-07-08T15:08:15.971+0000] {logging_mixin.py:188} INFO - [2024-07-08T15:08:15.970+0000] {dag.py:3954} INFO - Setting next_dagrun for example_sla_dag to 2024-07-08 15:06:00+00:00, run_after=2024-07-08 15:08:00+00:00
[2024-07-08T15:08:15.995+0000] {processor.py:183} INFO - Processing /home/airflow/.local/lib/python3.12/site-packages/airflow/example_dags/example_sla_dag.py took 0.102 seconds
[2024-07-08T15:08:46.572+0000] {processor.py:161} INFO - Started process (PID=171) to work on /home/airflow/.local/lib/python3.12/site-packages/airflow/example_dags/example_sla_dag.py
[2024-07-08T15:08:46.594+0000] {processor.py:830} INFO - Processing file /home/airflow/.local/lib/python3.12/site-packages/airflow/example_dags/example_sla_dag.py for tasks to queue
[2024-07-08T15:08:46.605+0000] {logging_mixin.py:188} INFO - [2024-07-08T15:08:46.604+0000] {dagbag.py:545} INFO - Filling up the DagBag from /home/airflow/.local/lib/python3.12/site-packages/airflow/example_dags/example_sla_dag.py
[2024-07-08T15:08:46.683+0000] {processor.py:840} INFO - DAG(s) 'example_sla_dag' retrieved from /home/airflow/.local/lib/python3.12/site-packages/airflow/example_dags/example_sla_dag.py
[2024-07-08T15:08:46.784+0000] {logging_mixin.py:188} INFO - [2024-07-08T15:08:46.783+0000] {dag.py:3096} INFO - Sync 1 DAGs
[2024-07-08T15:08:46.914+0000] {logging_mixin.py:188} INFO - [2024-07-08T15:08:46.914+0000] {dag.py:3954} INFO - Setting next_dagrun for example_sla_dag to 2024-07-08 15:06:00+00:00, run_after=2024-07-08 15:08:00+00:00
[2024-07-08T15:08:47.006+0000] {processor.py:183} INFO - Processing /home/airflow/.local/lib/python3.12/site-packages/airflow/example_dags/example_sla_dag.py took 0.451 seconds
[2024-07-08T15:09:18.027+0000] {processor.py:161} INFO - Started process (PID=229) to work on /home/airflow/.local/lib/python3.12/site-packages/airflow/example_dags/example_sla_dag.py
[2024-07-08T15:09:18.029+0000] {processor.py:830} INFO - Processing file /home/airflow/.local/lib/python3.12/site-packages/airflow/example_dags/example_sla_dag.py for tasks to queue
[2024-07-08T15:09:18.033+0000] {logging_mixin.py:188} INFO - [2024-07-08T15:09:18.032+0000] {dagbag.py:545} INFO - Filling up the DagBag from /home/airflow/.local/lib/python3.12/site-packages/airflow/example_dags/example_sla_dag.py
[2024-07-08T15:09:18.049+0000] {processor.py:840} INFO - DAG(s) 'example_sla_dag' retrieved from /home/airflow/.local/lib/python3.12/site-packages/airflow/example_dags/example_sla_dag.py
[2024-07-08T15:09:18.079+0000] {logging_mixin.py:188} INFO - [2024-07-08T15:09:18.079+0000] {dag.py:3096} INFO - Sync 1 DAGs
[2024-07-08T15:09:18.115+0000] {logging_mixin.py:188} INFO - [2024-07-08T15:09:18.115+0000] {dag.py:3954} INFO - Setting next_dagrun for example_sla_dag to 2024-07-08 15:06:00+00:00, run_after=2024-07-08 15:08:00+00:00
[2024-07-08T15:09:18.146+0000] {processor.py:183} INFO - Processing /home/airflow/.local/lib/python3.12/site-packages/airflow/example_dags/example_sla_dag.py took 0.128 seconds
[2024-07-08T15:09:49.030+0000] {processor.py:161} INFO - Started process (PID=287) to work on /home/airflow/.local/lib/python3.12/site-packages/airflow/example_dags/example_sla_dag.py
[2024-07-08T15:09:49.032+0000] {processor.py:830} INFO - Processing file /home/airflow/.local/lib/python3.12/site-packages/airflow/example_dags/example_sla_dag.py for tasks to queue
[2024-07-08T15:09:49.036+0000] {logging_mixin.py:188} INFO - [2024-07-08T15:09:49.035+0000] {dagbag.py:545} INFO - Filling up the DagBag from /home/airflow/.local/lib/python3.12/site-packages/airflow/example_dags/example_sla_dag.py
[2024-07-08T15:09:49.051+0000] {processor.py:840} INFO - DAG(s) 'example_sla_dag' retrieved from /home/airflow/.local/lib/python3.12/site-packages/airflow/example_dags/example_sla_dag.py
[2024-07-08T15:09:49.083+0000] {logging_mixin.py:188} INFO - [2024-07-08T15:09:49.082+0000] {dag.py:3096} INFO - Sync 1 DAGs
[2024-07-08T15:09:49.118+0000] {logging_mixin.py:188} INFO - [2024-07-08T15:09:49.117+0000] {dag.py:3954} INFO - Setting next_dagrun for example_sla_dag to 2024-07-08 15:06:00+00:00, run_after=2024-07-08 15:08:00+00:00
[2024-07-08T15:09:49.150+0000] {processor.py:183} INFO - Processing /home/airflow/.local/lib/python3.12/site-packages/airflow/example_dags/example_sla_dag.py took 0.130 seconds
[2024-07-08T15:10:19.874+0000] {processor.py:161} INFO - Started process (PID=344) to work on /home/airflow/.local/lib/python3.12/site-packages/airflow/example_dags/example_sla_dag.py
[2024-07-08T15:10:19.876+0000] {processor.py:830} INFO - Processing file /home/airflow/.local/lib/python3.12/site-packages/airflow/example_dags/example_sla_dag.py for tasks to queue
[2024-07-08T15:10:19.880+0000] {logging_mixin.py:188} INFO - [2024-07-08T15:10:19.879+0000] {dagbag.py:545} INFO - Filling up the DagBag from /home/airflow/.local/lib/python3.12/site-packages/airflow/example_dags/example_sla_dag.py
[2024-07-08T15:10:19.909+0000] {processor.py:840} INFO - DAG(s) 'example_sla_dag' retrieved from /home/airflow/.local/lib/python3.12/site-packages/airflow/example_dags/example_sla_dag.py
[2024-07-08T15:10:19.968+0000] {logging_mixin.py:188} INFO - [2024-07-08T15:10:19.967+0000] {dag.py:3096} INFO - Sync 1 DAGs
[2024-07-08T15:10:20.116+0000] {logging_mixin.py:188} INFO - [2024-07-08T15:10:20.115+0000] {dag.py:3954} INFO - Setting next_dagrun for example_sla_dag to 2024-07-08 15:08:00+00:00, run_after=2024-07-08 15:10:00+00:00
[2024-07-08T15:10:20.165+0000] {processor.py:183} INFO - Processing /home/airflow/.local/lib/python3.12/site-packages/airflow/example_dags/example_sla_dag.py took 0.303 seconds
[2024-07-08T15:10:50.452+0000] {processor.py:161} INFO - Started process (PID=402) to work on /home/airflow/.local/lib/python3.12/site-packages/airflow/example_dags/example_sla_dag.py
[2024-07-08T15:10:50.454+0000] {processor.py:830} INFO - Processing file /home/airflow/.local/lib/python3.12/site-packages/airflow/example_dags/example_sla_dag.py for tasks to queue
[2024-07-08T15:10:50.457+0000] {logging_mixin.py:188} INFO - [2024-07-08T15:10:50.456+0000] {dagbag.py:545} INFO - Filling up the DagBag from /home/airflow/.local/lib/python3.12/site-packages/airflow/example_dags/example_sla_dag.py
[2024-07-08T15:10:50.470+0000] {processor.py:840} INFO - DAG(s) 'example_sla_dag' retrieved from /home/airflow/.local/lib/python3.12/site-packages/airflow/example_dags/example_sla_dag.py
[2024-07-08T15:10:50.495+0000] {logging_mixin.py:188} INFO - [2024-07-08T15:10:50.495+0000] {dag.py:3096} INFO - Sync 1 DAGs
[2024-07-08T15:10:50.528+0000] {logging_mixin.py:188} INFO - [2024-07-08T15:10:50.528+0000] {dag.py:3954} INFO - Setting next_dagrun for example_sla_dag to 2024-07-08 15:08:00+00:00, run_after=2024-07-08 15:10:00+00:00
[2024-07-08T15:10:50.557+0000] {processor.py:183} INFO - Processing /home/airflow/.local/lib/python3.12/site-packages/airflow/example_dags/example_sla_dag.py took 0.112 seconds
[2024-07-08T15:11:20.852+0000] {processor.py:161} INFO - Started process (PID=460) to work on /home/airflow/.local/lib/python3.12/site-packages/airflow/example_dags/example_sla_dag.py
[2024-07-08T15:11:20.853+0000] {processor.py:830} INFO - Processing file /home/airflow/.local/lib/python3.12/site-packages/airflow/example_dags/example_sla_dag.py for tasks to queue
[2024-07-08T15:11:20.856+0000] {logging_mixin.py:188} INFO - [2024-07-08T15:11:20.855+0000] {dagbag.py:545} INFO - Filling up the DagBag from /home/airflow/.local/lib/python3.12/site-packages/airflow/example_dags/example_sla_dag.py
[2024-07-08T15:11:20.865+0000] {processor.py:840} INFO - DAG(s) 'example_sla_dag' retrieved from /home/airflow/.local/lib/python3.12/site-packages/airflow/example_dags/example_sla_dag.py
[2024-07-08T15:11:20.891+0000] {logging_mixin.py:188} INFO - [2024-07-08T15:11:20.890+0000] {dag.py:3096} INFO - Sync 1 DAGs
[2024-07-08T15:11:20.926+0000] {logging_mixin.py:188} INFO - [2024-07-08T15:11:20.926+0000] {dag.py:3954} INFO - Setting next_dagrun for example_sla_dag to 2024-07-08 15:08:00+00:00, run_after=2024-07-08 15:10:00+00:00
[2024-07-08T15:11:20.959+0000] {processor.py:183} INFO - Processing /home/airflow/.local/lib/python3.12/site-packages/airflow/example_dags/example_sla_dag.py took 0.113 seconds
[2024-07-08T15:11:51.076+0000] {processor.py:161} INFO - Started process (PID=517) to work on /home/airflow/.local/lib/python3.12/site-packages/airflow/example_dags/example_sla_dag.py
[2024-07-08T15:11:51.077+0000] {processor.py:830} INFO - Processing file /home/airflow/.local/lib/python3.12/site-packages/airflow/example_dags/example_sla_dag.py for tasks to queue
[2024-07-08T15:11:51.081+0000] {logging_mixin.py:188} INFO - [2024-07-08T15:11:51.080+0000] {dagbag.py:545} INFO - Filling up the DagBag from /home/airflow/.local/lib/python3.12/site-packages/airflow/example_dags/example_sla_dag.py
[2024-07-08T15:11:51.091+0000] {processor.py:840} INFO - DAG(s) 'example_sla_dag' retrieved from /home/airflow/.local/lib/python3.12/site-packages/airflow/example_dags/example_sla_dag.py
[2024-07-08T15:11:51.126+0000] {logging_mixin.py:188} INFO - [2024-07-08T15:11:51.125+0000] {dag.py:3096} INFO - Sync 1 DAGs
[2024-07-08T15:11:51.191+0000] {logging_mixin.py:188} INFO - [2024-07-08T15:11:51.191+0000] {dag.py:3954} INFO - Setting next_dagrun for example_sla_dag to 2024-07-08 15:08:00+00:00, run_after=2024-07-08 15:10:00+00:00
[2024-07-08T15:11:51.229+0000] {processor.py:183} INFO - Processing /home/airflow/.local/lib/python3.12/site-packages/airflow/example_dags/example_sla_dag.py took 0.159 seconds
[2024-07-08T15:12:21.614+0000] {processor.py:161} INFO - Started process (PID=575) to work on /home/airflow/.local/lib/python3.12/site-packages/airflow/example_dags/example_sla_dag.py
[2024-07-08T15:12:21.615+0000] {processor.py:830} INFO - Processing file /home/airflow/.local/lib/python3.12/site-packages/airflow/example_dags/example_sla_dag.py for tasks to queue
[2024-07-08T15:12:21.618+0000] {logging_mixin.py:188} INFO - [2024-07-08T15:12:21.618+0000] {dagbag.py:545} INFO - Filling up the DagBag from /home/airflow/.local/lib/python3.12/site-packages/airflow/example_dags/example_sla_dag.py
[2024-07-08T15:12:21.631+0000] {processor.py:840} INFO - DAG(s) 'example_sla_dag' retrieved from /home/airflow/.local/lib/python3.12/site-packages/airflow/example_dags/example_sla_dag.py
[2024-07-08T15:12:21.668+0000] {logging_mixin.py:188} INFO - [2024-07-08T15:12:21.667+0000] {dag.py:3096} INFO - Sync 1 DAGs
[2024-07-08T15:12:21.715+0000] {logging_mixin.py:188} INFO - [2024-07-08T15:12:21.715+0000] {dag.py:3954} INFO - Setting next_dagrun for example_sla_dag to 2024-07-08 15:10:00+00:00, run_after=2024-07-08 15:12:00+00:00
[2024-07-08T15:12:21.761+0000] {processor.py:183} INFO - Processing /home/airflow/.local/lib/python3.12/site-packages/airflow/example_dags/example_sla_dag.py took 0.155 seconds
[2024-07-08T15:12:52.207+0000] {processor.py:161} INFO - Started process (PID=634) to work on /home/airflow/.local/lib/python3.12/site-packages/airflow/example_dags/example_sla_dag.py
[2024-07-08T15:12:52.209+0000] {processor.py:830} INFO - Processing file /home/airflow/.local/lib/python3.12/site-packages/airflow/example_dags/example_sla_dag.py for tasks to queue
[2024-07-08T15:12:52.213+0000] {logging_mixin.py:188} INFO - [2024-07-08T15:12:52.212+0000] {dagbag.py:545} INFO - Filling up the DagBag from /home/airflow/.local/lib/python3.12/site-packages/airflow/example_dags/example_sla_dag.py
[2024-07-08T15:12:52.227+0000] {processor.py:840} INFO - DAG(s) 'example_sla_dag' retrieved from /home/airflow/.local/lib/python3.12/site-packages/airflow/example_dags/example_sla_dag.py
[2024-07-08T15:12:52.265+0000] {logging_mixin.py:188} INFO - [2024-07-08T15:12:52.262+0000] {dag.py:3096} INFO - Sync 1 DAGs
[2024-07-08T15:12:52.324+0000] {logging_mixin.py:188} INFO - [2024-07-08T15:12:52.323+0000] {dag.py:3954} INFO - Setting next_dagrun for example_sla_dag to 2024-07-08 15:10:00+00:00, run_after=2024-07-08 15:12:00+00:00
[2024-07-08T15:12:52.360+0000] {processor.py:183} INFO - Processing /home/airflow/.local/lib/python3.12/site-packages/airflow/example_dags/example_sla_dag.py took 0.163 seconds
[2024-07-08T15:13:22.752+0000] {processor.py:161} INFO - Started process (PID=692) to work on /home/airflow/.local/lib/python3.12/site-packages/airflow/example_dags/example_sla_dag.py
[2024-07-08T15:13:22.754+0000] {processor.py:830} INFO - Processing file /home/airflow/.local/lib/python3.12/site-packages/airflow/example_dags/example_sla_dag.py for tasks to queue
[2024-07-08T15:13:22.757+0000] {logging_mixin.py:188} INFO - [2024-07-08T15:13:22.756+0000] {dagbag.py:545} INFO - Filling up the DagBag from /home/airflow/.local/lib/python3.12/site-packages/airflow/example_dags/example_sla_dag.py
[2024-07-08T15:13:22.771+0000] {processor.py:840} INFO - DAG(s) 'example_sla_dag' retrieved from /home/airflow/.local/lib/python3.12/site-packages/airflow/example_dags/example_sla_dag.py
[2024-07-08T15:13:22.803+0000] {logging_mixin.py:188} INFO - [2024-07-08T15:13:22.803+0000] {dag.py:3096} INFO - Sync 1 DAGs
[2024-07-08T15:13:22.844+0000] {logging_mixin.py:188} INFO - [2024-07-08T15:13:22.844+0000] {dag.py:3954} INFO - Setting next_dagrun for example_sla_dag to 2024-07-08 15:10:00+00:00, run_after=2024-07-08 15:12:00+00:00
[2024-07-08T15:13:22.890+0000] {processor.py:183} INFO - Processing /home/airflow/.local/lib/python3.12/site-packages/airflow/example_dags/example_sla_dag.py took 0.149 seconds
[2024-07-08T15:16:11.783+0000] {processor.py:161} INFO - Started process (PID=758) to work on /home/airflow/.local/lib/python3.12/site-packages/airflow/example_dags/example_sla_dag.py
[2024-07-08T15:16:11.785+0000] {processor.py:830} INFO - Processing file /home/airflow/.local/lib/python3.12/site-packages/airflow/example_dags/example_sla_dag.py for tasks to queue
[2024-07-08T15:16:11.787+0000] {logging_mixin.py:188} INFO - [2024-07-08T15:16:11.786+0000] {dagbag.py:545} INFO - Filling up the DagBag from /home/airflow/.local/lib/python3.12/site-packages/airflow/example_dags/example_sla_dag.py
[2024-07-08T15:16:11.803+0000] {processor.py:840} INFO - DAG(s) 'example_sla_dag' retrieved from /home/airflow/.local/lib/python3.12/site-packages/airflow/example_dags/example_sla_dag.py
[2024-07-08T15:16:11.847+0000] {logging_mixin.py:188} INFO - [2024-07-08T15:16:11.846+0000] {dag.py:3096} INFO - Sync 1 DAGs
[2024-07-08T15:16:11.890+0000] {logging_mixin.py:188} INFO - [2024-07-08T15:16:11.890+0000] {dag.py:3954} INFO - Setting next_dagrun for example_sla_dag to 2024-07-08 15:14:00+00:00, run_after=2024-07-08 15:16:00+00:00
[2024-07-08T15:16:11.941+0000] {processor.py:183} INFO - Processing /home/airflow/.local/lib/python3.12/site-packages/airflow/example_dags/example_sla_dag.py took 0.168 seconds
[2024-07-08T15:16:42.680+0000] {processor.py:161} INFO - Started process (PID=816) to work on /home/airflow/.local/lib/python3.12/site-packages/airflow/example_dags/example_sla_dag.py
[2024-07-08T15:16:42.682+0000] {processor.py:830} INFO - Processing file /home/airflow/.local/lib/python3.12/site-packages/airflow/example_dags/example_sla_dag.py for tasks to queue
[2024-07-08T15:16:42.684+0000] {logging_mixin.py:188} INFO - [2024-07-08T15:16:42.683+0000] {dagbag.py:545} INFO - Filling up the DagBag from /home/airflow/.local/lib/python3.12/site-packages/airflow/example_dags/example_sla_dag.py
[2024-07-08T15:16:42.699+0000] {processor.py:840} INFO - DAG(s) 'example_sla_dag' retrieved from /home/airflow/.local/lib/python3.12/site-packages/airflow/example_dags/example_sla_dag.py
[2024-07-08T15:16:42.734+0000] {logging_mixin.py:188} INFO - [2024-07-08T15:16:42.734+0000] {dag.py:3096} INFO - Sync 1 DAGs
[2024-07-08T15:16:42.784+0000] {logging_mixin.py:188} INFO - [2024-07-08T15:16:42.784+0000] {dag.py:3954} INFO - Setting next_dagrun for example_sla_dag to 2024-07-08 15:14:00+00:00, run_after=2024-07-08 15:16:00+00:00
[2024-07-08T15:16:42.840+0000] {processor.py:183} INFO - Processing /home/airflow/.local/lib/python3.12/site-packages/airflow/example_dags/example_sla_dag.py took 0.169 seconds
[2024-07-08T15:17:13.088+0000] {processor.py:161} INFO - Started process (PID=873) to work on /home/airflow/.local/lib/python3.12/site-packages/airflow/example_dags/example_sla_dag.py
[2024-07-08T15:17:13.091+0000] {processor.py:830} INFO - Processing file /home/airflow/.local/lib/python3.12/site-packages/airflow/example_dags/example_sla_dag.py for tasks to queue
[2024-07-08T15:17:13.093+0000] {logging_mixin.py:188} INFO - [2024-07-08T15:17:13.092+0000] {dagbag.py:545} INFO - Filling up the DagBag from /home/airflow/.local/lib/python3.12/site-packages/airflow/example_dags/example_sla_dag.py
[2024-07-08T15:17:13.108+0000] {processor.py:840} INFO - DAG(s) 'example_sla_dag' retrieved from /home/airflow/.local/lib/python3.12/site-packages/airflow/example_dags/example_sla_dag.py
[2024-07-08T15:17:13.161+0000] {logging_mixin.py:188} INFO - [2024-07-08T15:17:13.161+0000] {dag.py:3096} INFO - Sync 1 DAGs
[2024-07-08T15:17:13.221+0000] {logging_mixin.py:188} INFO - [2024-07-08T15:17:13.220+0000] {dag.py:3954} INFO - Setting next_dagrun for example_sla_dag to 2024-07-08 15:14:00+00:00, run_after=2024-07-08 15:16:00+00:00
[2024-07-08T15:17:13.252+0000] {processor.py:183} INFO - Processing /home/airflow/.local/lib/python3.12/site-packages/airflow/example_dags/example_sla_dag.py took 0.174 seconds
[2024-07-08T15:19:00.235+0000] {processor.py:161} INFO - Started process (PID=932) to work on /home/airflow/.local/lib/python3.12/site-packages/airflow/example_dags/example_sla_dag.py
[2024-07-08T15:19:00.240+0000] {processor.py:830} INFO - Processing file /home/airflow/.local/lib/python3.12/site-packages/airflow/example_dags/example_sla_dag.py for tasks to queue
[2024-07-08T15:19:00.242+0000] {logging_mixin.py:188} INFO - [2024-07-08T15:19:00.241+0000] {dagbag.py:545} INFO - Filling up the DagBag from /home/airflow/.local/lib/python3.12/site-packages/airflow/example_dags/example_sla_dag.py
[2024-07-08T15:19:00.269+0000] {processor.py:840} INFO - DAG(s) 'example_sla_dag' retrieved from /home/airflow/.local/lib/python3.12/site-packages/airflow/example_dags/example_sla_dag.py
[2024-07-08T15:19:00.372+0000] {logging_mixin.py:188} INFO - [2024-07-08T15:19:00.371+0000] {dag.py:3096} INFO - Sync 1 DAGs
[2024-07-08T15:19:00.424+0000] {logging_mixin.py:188} INFO - [2024-07-08T15:19:00.423+0000] {dag.py:3954} INFO - Setting next_dagrun for example_sla_dag to 2024-07-08 15:16:00+00:00, run_after=2024-07-08 15:18:00+00:00
[2024-07-08T15:19:00.459+0000] {processor.py:183} INFO - Processing /home/airflow/.local/lib/python3.12/site-packages/airflow/example_dags/example_sla_dag.py took 0.251 seconds
[2024-07-08T15:19:31.271+0000] {processor.py:161} INFO - Started process (PID=990) to work on /home/airflow/.local/lib/python3.12/site-packages/airflow/example_dags/example_sla_dag.py
[2024-07-08T15:19:31.273+0000] {processor.py:830} INFO - Processing file /home/airflow/.local/lib/python3.12/site-packages/airflow/example_dags/example_sla_dag.py for tasks to queue
[2024-07-08T15:19:31.275+0000] {logging_mixin.py:188} INFO - [2024-07-08T15:19:31.275+0000] {dagbag.py:545} INFO - Filling up the DagBag from /home/airflow/.local/lib/python3.12/site-packages/airflow/example_dags/example_sla_dag.py
[2024-07-08T15:19:31.289+0000] {processor.py:840} INFO - DAG(s) 'example_sla_dag' retrieved from /home/airflow/.local/lib/python3.12/site-packages/airflow/example_dags/example_sla_dag.py
[2024-07-08T15:19:31.324+0000] {logging_mixin.py:188} INFO - [2024-07-08T15:19:31.324+0000] {dag.py:3096} INFO - Sync 1 DAGs
[2024-07-08T15:19:31.374+0000] {logging_mixin.py:188} INFO - [2024-07-08T15:19:31.373+0000] {dag.py:3954} INFO - Setting next_dagrun for example_sla_dag to 2024-07-08 15:16:00+00:00, run_after=2024-07-08 15:18:00+00:00
[2024-07-08T15:19:31.446+0000] {processor.py:183} INFO - Processing /home/airflow/.local/lib/python3.12/site-packages/airflow/example_dags/example_sla_dag.py took 0.187 seconds
[2024-07-08T15:20:01.754+0000] {processor.py:161} INFO - Started process (PID=1047) to work on /home/airflow/.local/lib/python3.12/site-packages/airflow/example_dags/example_sla_dag.py
[2024-07-08T15:20:01.762+0000] {processor.py:830} INFO - Processing file /home/airflow/.local/lib/python3.12/site-packages/airflow/example_dags/example_sla_dag.py for tasks to queue
[2024-07-08T15:20:01.765+0000] {logging_mixin.py:188} INFO - [2024-07-08T15:20:01.764+0000] {dagbag.py:545} INFO - Filling up the DagBag from /home/airflow/.local/lib/python3.12/site-packages/airflow/example_dags/example_sla_dag.py
[2024-07-08T15:20:01.797+0000] {processor.py:840} INFO - DAG(s) 'example_sla_dag' retrieved from /home/airflow/.local/lib/python3.12/site-packages/airflow/example_dags/example_sla_dag.py
[2024-07-08T15:20:01.877+0000] {logging_mixin.py:188} INFO - [2024-07-08T15:20:01.877+0000] {dag.py:3096} INFO - Sync 1 DAGs
[2024-07-08T15:20:01.975+0000] {logging_mixin.py:188} INFO - [2024-07-08T15:20:01.974+0000] {dag.py:3954} INFO - Setting next_dagrun for example_sla_dag to 2024-07-08 15:18:00+00:00, run_after=2024-07-08 15:20:00+00:00
[2024-07-08T15:20:02.002+0000] {processor.py:183} INFO - Processing /home/airflow/.local/lib/python3.12/site-packages/airflow/example_dags/example_sla_dag.py took 0.268 seconds
[2024-07-08T15:20:32.140+0000] {processor.py:161} INFO - Started process (PID=1105) to work on /home/airflow/.local/lib/python3.12/site-packages/airflow/example_dags/example_sla_dag.py
[2024-07-08T15:20:32.142+0000] {processor.py:830} INFO - Processing file /home/airflow/.local/lib/python3.12/site-packages/airflow/example_dags/example_sla_dag.py for tasks to queue
[2024-07-08T15:20:32.144+0000] {logging_mixin.py:188} INFO - [2024-07-08T15:20:32.143+0000] {dagbag.py:545} INFO - Filling up the DagBag from /home/airflow/.local/lib/python3.12/site-packages/airflow/example_dags/example_sla_dag.py
[2024-07-08T15:20:32.157+0000] {processor.py:840} INFO - DAG(s) 'example_sla_dag' retrieved from /home/airflow/.local/lib/python3.12/site-packages/airflow/example_dags/example_sla_dag.py
[2024-07-08T15:20:32.188+0000] {logging_mixin.py:188} INFO - [2024-07-08T15:20:32.187+0000] {dag.py:3096} INFO - Sync 1 DAGs
[2024-07-08T15:20:32.227+0000] {logging_mixin.py:188} INFO - [2024-07-08T15:20:32.226+0000] {dag.py:3954} INFO - Setting next_dagrun for example_sla_dag to 2024-07-08 15:18:00+00:00, run_after=2024-07-08 15:20:00+00:00
[2024-07-08T15:20:32.257+0000] {processor.py:183} INFO - Processing /home/airflow/.local/lib/python3.12/site-packages/airflow/example_dags/example_sla_dag.py took 0.125 seconds
[2024-07-08T15:21:02.710+0000] {processor.py:161} INFO - Started process (PID=1161) to work on /home/airflow/.local/lib/python3.12/site-packages/airflow/example_dags/example_sla_dag.py
[2024-07-08T15:21:02.711+0000] {processor.py:830} INFO - Processing file /home/airflow/.local/lib/python3.12/site-packages/airflow/example_dags/example_sla_dag.py for tasks to queue
[2024-07-08T15:21:02.713+0000] {logging_mixin.py:188} INFO - [2024-07-08T15:21:02.712+0000] {dagbag.py:545} INFO - Filling up the DagBag from /home/airflow/.local/lib/python3.12/site-packages/airflow/example_dags/example_sla_dag.py
[2024-07-08T15:21:02.727+0000] {processor.py:840} INFO - DAG(s) 'example_sla_dag' retrieved from /home/airflow/.local/lib/python3.12/site-packages/airflow/example_dags/example_sla_dag.py
[2024-07-08T15:21:02.751+0000] {logging_mixin.py:188} INFO - [2024-07-08T15:21:02.750+0000] {dag.py:3096} INFO - Sync 1 DAGs
[2024-07-08T15:21:02.785+0000] {logging_mixin.py:188} INFO - [2024-07-08T15:21:02.785+0000] {dag.py:3954} INFO - Setting next_dagrun for example_sla_dag to 2024-07-08 15:18:00+00:00, run_after=2024-07-08 15:20:00+00:00
[2024-07-08T15:21:02.813+0000] {processor.py:183} INFO - Processing /home/airflow/.local/lib/python3.12/site-packages/airflow/example_dags/example_sla_dag.py took 0.112 seconds
[2024-07-08T15:21:33.111+0000] {processor.py:161} INFO - Started process (PID=1219) to work on /home/airflow/.local/lib/python3.12/site-packages/airflow/example_dags/example_sla_dag.py
[2024-07-08T15:21:33.113+0000] {processor.py:830} INFO - Processing file /home/airflow/.local/lib/python3.12/site-packages/airflow/example_dags/example_sla_dag.py for tasks to queue
[2024-07-08T15:21:33.115+0000] {logging_mixin.py:188} INFO - [2024-07-08T15:21:33.114+0000] {dagbag.py:545} INFO - Filling up the DagBag from /home/airflow/.local/lib/python3.12/site-packages/airflow/example_dags/example_sla_dag.py
[2024-07-08T15:21:33.126+0000] {processor.py:840} INFO - DAG(s) 'example_sla_dag' retrieved from /home/airflow/.local/lib/python3.12/site-packages/airflow/example_dags/example_sla_dag.py
[2024-07-08T15:21:33.153+0000] {logging_mixin.py:188} INFO - [2024-07-08T15:21:33.153+0000] {dag.py:3096} INFO - Sync 1 DAGs
[2024-07-08T15:21:33.188+0000] {logging_mixin.py:188} INFO - [2024-07-08T15:21:33.187+0000] {dag.py:3954} INFO - Setting next_dagrun for example_sla_dag to 2024-07-08 15:18:00+00:00, run_after=2024-07-08 15:20:00+00:00
[2024-07-08T15:21:33.214+0000] {processor.py:183} INFO - Processing /home/airflow/.local/lib/python3.12/site-packages/airflow/example_dags/example_sla_dag.py took 0.112 seconds
[2024-07-08T15:22:03.896+0000] {processor.py:161} INFO - Started process (PID=1277) to work on /home/airflow/.local/lib/python3.12/site-packages/airflow/example_dags/example_sla_dag.py
[2024-07-08T15:22:03.897+0000] {processor.py:830} INFO - Processing file /home/airflow/.local/lib/python3.12/site-packages/airflow/example_dags/example_sla_dag.py for tasks to queue
[2024-07-08T15:22:03.899+0000] {logging_mixin.py:188} INFO - [2024-07-08T15:22:03.898+0000] {dagbag.py:545} INFO - Filling up the DagBag from /home/airflow/.local/lib/python3.12/site-packages/airflow/example_dags/example_sla_dag.py
[2024-07-08T15:22:03.911+0000] {processor.py:840} INFO - DAG(s) 'example_sla_dag' retrieved from /home/airflow/.local/lib/python3.12/site-packages/airflow/example_dags/example_sla_dag.py
[2024-07-08T15:22:03.936+0000] {logging_mixin.py:188} INFO - [2024-07-08T15:22:03.936+0000] {dag.py:3096} INFO - Sync 1 DAGs
[2024-07-08T15:22:03.979+0000] {logging_mixin.py:188} INFO - [2024-07-08T15:22:03.979+0000] {dag.py:3954} INFO - Setting next_dagrun for example_sla_dag to 2024-07-08 15:20:00+00:00, run_after=2024-07-08 15:22:00+00:00
[2024-07-08T15:22:04.005+0000] {processor.py:183} INFO - Processing /home/airflow/.local/lib/python3.12/site-packages/airflow/example_dags/example_sla_dag.py took 0.118 seconds
[2024-07-08T15:22:34.825+0000] {processor.py:161} INFO - Started process (PID=1339) to work on /home/airflow/.local/lib/python3.12/site-packages/airflow/example_dags/example_sla_dag.py
[2024-07-08T15:22:34.830+0000] {processor.py:830} INFO - Processing file /home/airflow/.local/lib/python3.12/site-packages/airflow/example_dags/example_sla_dag.py for tasks to queue
[2024-07-08T15:22:34.832+0000] {logging_mixin.py:188} INFO - [2024-07-08T15:22:34.831+0000] {dagbag.py:545} INFO - Filling up the DagBag from /home/airflow/.local/lib/python3.12/site-packages/airflow/example_dags/example_sla_dag.py
[2024-07-08T15:22:34.849+0000] {processor.py:840} INFO - DAG(s) 'example_sla_dag' retrieved from /home/airflow/.local/lib/python3.12/site-packages/airflow/example_dags/example_sla_dag.py
[2024-07-08T15:22:34.888+0000] {logging_mixin.py:188} INFO - [2024-07-08T15:22:34.887+0000] {dag.py:3096} INFO - Sync 1 DAGs
[2024-07-08T15:22:34.939+0000] {logging_mixin.py:188} INFO - [2024-07-08T15:22:34.938+0000] {dag.py:3954} INFO - Setting next_dagrun for example_sla_dag to 2024-07-08 15:20:00+00:00, run_after=2024-07-08 15:22:00+00:00
[2024-07-08T15:22:34.996+0000] {processor.py:183} INFO - Processing /home/airflow/.local/lib/python3.12/site-packages/airflow/example_dags/example_sla_dag.py took 0.199 seconds
[2024-07-08T15:23:05.763+0000] {processor.py:161} INFO - Started process (PID=1401) to work on /home/airflow/.local/lib/python3.12/site-packages/airflow/example_dags/example_sla_dag.py
[2024-07-08T15:23:05.765+0000] {processor.py:830} INFO - Processing file /home/airflow/.local/lib/python3.12/site-packages/airflow/example_dags/example_sla_dag.py for tasks to queue
[2024-07-08T15:23:05.767+0000] {logging_mixin.py:188} INFO - [2024-07-08T15:23:05.766+0000] {dagbag.py:545} INFO - Filling up the DagBag from /home/airflow/.local/lib/python3.12/site-packages/airflow/example_dags/example_sla_dag.py
[2024-07-08T15:23:05.781+0000] {processor.py:840} INFO - DAG(s) 'example_sla_dag' retrieved from /home/airflow/.local/lib/python3.12/site-packages/airflow/example_dags/example_sla_dag.py
[2024-07-08T15:23:05.812+0000] {logging_mixin.py:188} INFO - [2024-07-08T15:23:05.811+0000] {dag.py:3096} INFO - Sync 1 DAGs
[2024-07-08T15:23:05.861+0000] {logging_mixin.py:188} INFO - [2024-07-08T15:23:05.861+0000] {dag.py:3954} INFO - Setting next_dagrun for example_sla_dag to 2024-07-08 15:20:00+00:00, run_after=2024-07-08 15:22:00+00:00
[2024-07-08T15:23:05.891+0000] {processor.py:183} INFO - Processing /home/airflow/.local/lib/python3.12/site-packages/airflow/example_dags/example_sla_dag.py took 0.136 seconds
[2024-07-08T15:23:37.080+0000] {processor.py:161} INFO - Started process (PID=1466) to work on /home/airflow/.local/lib/python3.12/site-packages/airflow/example_dags/example_sla_dag.py
[2024-07-08T15:23:37.082+0000] {processor.py:830} INFO - Processing file /home/airflow/.local/lib/python3.12/site-packages/airflow/example_dags/example_sla_dag.py for tasks to queue
[2024-07-08T15:23:37.085+0000] {logging_mixin.py:188} INFO - [2024-07-08T15:23:37.085+0000] {dagbag.py:545} INFO - Filling up the DagBag from /home/airflow/.local/lib/python3.12/site-packages/airflow/example_dags/example_sla_dag.py
[2024-07-08T15:23:37.102+0000] {processor.py:840} INFO - DAG(s) 'example_sla_dag' retrieved from /home/airflow/.local/lib/python3.12/site-packages/airflow/example_dags/example_sla_dag.py
[2024-07-08T15:23:37.150+0000] {logging_mixin.py:188} INFO - [2024-07-08T15:23:37.150+0000] {dag.py:3096} INFO - Sync 1 DAGs
[2024-07-08T15:23:37.204+0000] {logging_mixin.py:188} INFO - [2024-07-08T15:23:37.203+0000] {dag.py:3954} INFO - Setting next_dagrun for example_sla_dag to 2024-07-08 15:20:00+00:00, run_after=2024-07-08 15:22:00+00:00
[2024-07-08T15:23:37.238+0000] {processor.py:183} INFO - Processing /home/airflow/.local/lib/python3.12/site-packages/airflow/example_dags/example_sla_dag.py took 0.169 seconds
[2024-07-08T15:24:07.963+0000] {processor.py:161} INFO - Started process (PID=1531) to work on /home/airflow/.local/lib/python3.12/site-packages/airflow/example_dags/example_sla_dag.py
[2024-07-08T15:24:07.965+0000] {processor.py:830} INFO - Processing file /home/airflow/.local/lib/python3.12/site-packages/airflow/example_dags/example_sla_dag.py for tasks to queue
[2024-07-08T15:24:07.966+0000] {logging_mixin.py:188} INFO - [2024-07-08T15:24:07.966+0000] {dagbag.py:545} INFO - Filling up the DagBag from /home/airflow/.local/lib/python3.12/site-packages/airflow/example_dags/example_sla_dag.py
[2024-07-08T15:24:07.980+0000] {processor.py:840} INFO - DAG(s) 'example_sla_dag' retrieved from /home/airflow/.local/lib/python3.12/site-packages/airflow/example_dags/example_sla_dag.py
[2024-07-08T15:24:08.013+0000] {logging_mixin.py:188} INFO - [2024-07-08T15:24:08.013+0000] {dag.py:3096} INFO - Sync 1 DAGs
[2024-07-08T15:24:08.050+0000] {logging_mixin.py:188} INFO - [2024-07-08T15:24:08.050+0000] {dag.py:3954} INFO - Setting next_dagrun for example_sla_dag to 2024-07-08 15:22:00+00:00, run_after=2024-07-08 15:24:00+00:00
[2024-07-08T15:24:08.081+0000] {processor.py:183} INFO - Processing /home/airflow/.local/lib/python3.12/site-packages/airflow/example_dags/example_sla_dag.py took 0.125 seconds
[2024-07-08T15:24:38.372+0000] {processor.py:161} INFO - Started process (PID=1591) to work on /home/airflow/.local/lib/python3.12/site-packages/airflow/example_dags/example_sla_dag.py
[2024-07-08T15:24:38.373+0000] {processor.py:830} INFO - Processing file /home/airflow/.local/lib/python3.12/site-packages/airflow/example_dags/example_sla_dag.py for tasks to queue
[2024-07-08T15:24:38.375+0000] {logging_mixin.py:188} INFO - [2024-07-08T15:24:38.374+0000] {dagbag.py:545} INFO - Filling up the DagBag from /home/airflow/.local/lib/python3.12/site-packages/airflow/example_dags/example_sla_dag.py
[2024-07-08T15:24:38.398+0000] {processor.py:840} INFO - DAG(s) 'example_sla_dag' retrieved from /home/airflow/.local/lib/python3.12/site-packages/airflow/example_dags/example_sla_dag.py
[2024-07-08T15:24:38.513+0000] {logging_mixin.py:188} INFO - [2024-07-08T15:24:38.512+0000] {dag.py:3096} INFO - Sync 1 DAGs
[2024-07-08T15:24:38.575+0000] {logging_mixin.py:188} INFO - [2024-07-08T15:24:38.574+0000] {dag.py:3954} INFO - Setting next_dagrun for example_sla_dag to 2024-07-08 15:22:00+00:00, run_after=2024-07-08 15:24:00+00:00
[2024-07-08T15:24:38.613+0000] {processor.py:183} INFO - Processing /home/airflow/.local/lib/python3.12/site-packages/airflow/example_dags/example_sla_dag.py took 0.250 seconds
[2024-07-08T15:25:09.614+0000] {processor.py:161} INFO - Started process (PID=1653) to work on /home/airflow/.local/lib/python3.12/site-packages/airflow/example_dags/example_sla_dag.py
[2024-07-08T15:25:09.616+0000] {processor.py:830} INFO - Processing file /home/airflow/.local/lib/python3.12/site-packages/airflow/example_dags/example_sla_dag.py for tasks to queue
[2024-07-08T15:25:09.617+0000] {logging_mixin.py:188} INFO - [2024-07-08T15:25:09.617+0000] {dagbag.py:545} INFO - Filling up the DagBag from /home/airflow/.local/lib/python3.12/site-packages/airflow/example_dags/example_sla_dag.py
[2024-07-08T15:25:09.630+0000] {processor.py:840} INFO - DAG(s) 'example_sla_dag' retrieved from /home/airflow/.local/lib/python3.12/site-packages/airflow/example_dags/example_sla_dag.py
[2024-07-08T15:25:09.662+0000] {logging_mixin.py:188} INFO - [2024-07-08T15:25:09.661+0000] {dag.py:3096} INFO - Sync 1 DAGs
[2024-07-08T15:25:09.699+0000] {logging_mixin.py:188} INFO - [2024-07-08T15:25:09.699+0000] {dag.py:3954} INFO - Setting next_dagrun for example_sla_dag to 2024-07-08 15:22:00+00:00, run_after=2024-07-08 15:24:00+00:00
[2024-07-08T15:25:09.728+0000] {processor.py:183} INFO - Processing /home/airflow/.local/lib/python3.12/site-packages/airflow/example_dags/example_sla_dag.py took 0.123 seconds
[2024-07-08T15:25:40.570+0000] {processor.py:161} INFO - Started process (PID=1720) to work on /home/airflow/.local/lib/python3.12/site-packages/airflow/example_dags/example_sla_dag.py
[2024-07-08T15:25:40.571+0000] {processor.py:830} INFO - Processing file /home/airflow/.local/lib/python3.12/site-packages/airflow/example_dags/example_sla_dag.py for tasks to queue
[2024-07-08T15:25:40.573+0000] {logging_mixin.py:188} INFO - [2024-07-08T15:25:40.572+0000] {dagbag.py:545} INFO - Filling up the DagBag from /home/airflow/.local/lib/python3.12/site-packages/airflow/example_dags/example_sla_dag.py
[2024-07-08T15:25:40.584+0000] {processor.py:840} INFO - DAG(s) 'example_sla_dag' retrieved from /home/airflow/.local/lib/python3.12/site-packages/airflow/example_dags/example_sla_dag.py
[2024-07-08T15:25:40.609+0000] {logging_mixin.py:188} INFO - [2024-07-08T15:25:40.609+0000] {dag.py:3096} INFO - Sync 1 DAGs
[2024-07-08T15:25:40.656+0000] {logging_mixin.py:188} INFO - [2024-07-08T15:25:40.656+0000] {dag.py:3954} INFO - Setting next_dagrun for example_sla_dag to 2024-07-08 15:22:00+00:00, run_after=2024-07-08 15:24:00+00:00
[2024-07-08T15:25:40.685+0000] {processor.py:183} INFO - Processing /home/airflow/.local/lib/python3.12/site-packages/airflow/example_dags/example_sla_dag.py took 0.127 seconds
[2024-07-08T15:26:11.657+0000] {processor.py:161} INFO - Started process (PID=1785) to work on /home/airflow/.local/lib/python3.12/site-packages/airflow/example_dags/example_sla_dag.py
[2024-07-08T15:26:11.659+0000] {processor.py:830} INFO - Processing file /home/airflow/.local/lib/python3.12/site-packages/airflow/example_dags/example_sla_dag.py for tasks to queue
[2024-07-08T15:26:11.661+0000] {logging_mixin.py:188} INFO - [2024-07-08T15:26:11.660+0000] {dagbag.py:545} INFO - Filling up the DagBag from /home/airflow/.local/lib/python3.12/site-packages/airflow/example_dags/example_sla_dag.py
[2024-07-08T15:26:11.676+0000] {processor.py:840} INFO - DAG(s) 'example_sla_dag' retrieved from /home/airflow/.local/lib/python3.12/site-packages/airflow/example_dags/example_sla_dag.py
[2024-07-08T15:26:11.779+0000] {logging_mixin.py:188} INFO - [2024-07-08T15:26:11.779+0000] {dag.py:3096} INFO - Sync 1 DAGs
[2024-07-08T15:26:11.842+0000] {logging_mixin.py:188} INFO - [2024-07-08T15:26:11.842+0000] {dag.py:3954} INFO - Setting next_dagrun for example_sla_dag to 2024-07-08 15:24:00+00:00, run_after=2024-07-08 15:26:00+00:00
[2024-07-08T15:26:11.888+0000] {processor.py:183} INFO - Processing /home/airflow/.local/lib/python3.12/site-packages/airflow/example_dags/example_sla_dag.py took 0.247 seconds
[2024-07-08T15:26:42.349+0000] {processor.py:161} INFO - Started process (PID=1846) to work on /home/airflow/.local/lib/python3.12/site-packages/airflow/example_dags/example_sla_dag.py
[2024-07-08T15:26:42.352+0000] {processor.py:830} INFO - Processing file /home/airflow/.local/lib/python3.12/site-packages/airflow/example_dags/example_sla_dag.py for tasks to queue
[2024-07-08T15:26:42.361+0000] {logging_mixin.py:188} INFO - [2024-07-08T15:26:42.360+0000] {dagbag.py:545} INFO - Filling up the DagBag from /home/airflow/.local/lib/python3.12/site-packages/airflow/example_dags/example_sla_dag.py
[2024-07-08T15:26:42.380+0000] {processor.py:840} INFO - DAG(s) 'example_sla_dag' retrieved from /home/airflow/.local/lib/python3.12/site-packages/airflow/example_dags/example_sla_dag.py
[2024-07-08T15:26:42.412+0000] {logging_mixin.py:188} INFO - [2024-07-08T15:26:42.411+0000] {dag.py:3096} INFO - Sync 1 DAGs
[2024-07-08T15:26:42.445+0000] {logging_mixin.py:188} INFO - [2024-07-08T15:26:42.445+0000] {dag.py:3954} INFO - Setting next_dagrun for example_sla_dag to 2024-07-08 15:24:00+00:00, run_after=2024-07-08 15:26:00+00:00
[2024-07-08T15:26:42.471+0000] {processor.py:183} INFO - Processing /home/airflow/.local/lib/python3.12/site-packages/airflow/example_dags/example_sla_dag.py took 0.134 seconds
[2024-07-08T15:27:13.190+0000] {processor.py:161} INFO - Started process (PID=1906) to work on /home/airflow/.local/lib/python3.12/site-packages/airflow/example_dags/example_sla_dag.py
[2024-07-08T15:27:13.192+0000] {processor.py:830} INFO - Processing file /home/airflow/.local/lib/python3.12/site-packages/airflow/example_dags/example_sla_dag.py for tasks to queue
[2024-07-08T15:27:13.194+0000] {logging_mixin.py:188} INFO - [2024-07-08T15:27:13.193+0000] {dagbag.py:545} INFO - Filling up the DagBag from /home/airflow/.local/lib/python3.12/site-packages/airflow/example_dags/example_sla_dag.py
[2024-07-08T15:27:13.208+0000] {processor.py:840} INFO - DAG(s) 'example_sla_dag' retrieved from /home/airflow/.local/lib/python3.12/site-packages/airflow/example_dags/example_sla_dag.py
[2024-07-08T15:27:13.232+0000] {logging_mixin.py:188} INFO - [2024-07-08T15:27:13.231+0000] {dag.py:3096} INFO - Sync 1 DAGs
[2024-07-08T15:27:13.259+0000] {logging_mixin.py:188} INFO - [2024-07-08T15:27:13.259+0000] {dag.py:3954} INFO - Setting next_dagrun for example_sla_dag to 2024-07-08 15:24:00+00:00, run_after=2024-07-08 15:26:00+00:00
[2024-07-08T15:27:13.283+0000] {processor.py:183} INFO - Processing /home/airflow/.local/lib/python3.12/site-packages/airflow/example_dags/example_sla_dag.py took 0.101 seconds
[2024-07-08T15:27:43.555+0000] {processor.py:161} INFO - Started process (PID=1964) to work on /home/airflow/.local/lib/python3.12/site-packages/airflow/example_dags/example_sla_dag.py
[2024-07-08T15:27:43.558+0000] {processor.py:830} INFO - Processing file /home/airflow/.local/lib/python3.12/site-packages/airflow/example_dags/example_sla_dag.py for tasks to queue
[2024-07-08T15:27:43.561+0000] {logging_mixin.py:188} INFO - [2024-07-08T15:27:43.560+0000] {dagbag.py:545} INFO - Filling up the DagBag from /home/airflow/.local/lib/python3.12/site-packages/airflow/example_dags/example_sla_dag.py
[2024-07-08T15:27:43.574+0000] {processor.py:840} INFO - DAG(s) 'example_sla_dag' retrieved from /home/airflow/.local/lib/python3.12/site-packages/airflow/example_dags/example_sla_dag.py
[2024-07-08T15:27:43.830+0000] {logging_mixin.py:188} INFO - [2024-07-08T15:27:43.830+0000] {dag.py:3096} INFO - Sync 1 DAGs
[2024-07-08T15:27:43.865+0000] {logging_mixin.py:188} INFO - [2024-07-08T15:27:43.865+0000] {dag.py:3954} INFO - Setting next_dagrun for example_sla_dag to 2024-07-08 15:24:00+00:00, run_after=2024-07-08 15:26:00+00:00
[2024-07-08T15:27:43.901+0000] {processor.py:183} INFO - Processing /home/airflow/.local/lib/python3.12/site-packages/airflow/example_dags/example_sla_dag.py took 0.357 seconds
[2024-07-08T15:28:14.704+0000] {processor.py:161} INFO - Started process (PID=2023) to work on /home/airflow/.local/lib/python3.12/site-packages/airflow/example_dags/example_sla_dag.py
[2024-07-08T15:28:14.706+0000] {processor.py:830} INFO - Processing file /home/airflow/.local/lib/python3.12/site-packages/airflow/example_dags/example_sla_dag.py for tasks to queue
[2024-07-08T15:28:14.711+0000] {logging_mixin.py:188} INFO - [2024-07-08T15:28:14.710+0000] {dagbag.py:545} INFO - Filling up the DagBag from /home/airflow/.local/lib/python3.12/site-packages/airflow/example_dags/example_sla_dag.py
[2024-07-08T15:28:14.726+0000] {processor.py:840} INFO - DAG(s) 'example_sla_dag' retrieved from /home/airflow/.local/lib/python3.12/site-packages/airflow/example_dags/example_sla_dag.py
[2024-07-08T15:28:14.762+0000] {logging_mixin.py:188} INFO - [2024-07-08T15:28:14.762+0000] {dag.py:3096} INFO - Sync 1 DAGs
[2024-07-08T15:28:14.804+0000] {logging_mixin.py:188} INFO - [2024-07-08T15:28:14.804+0000] {dag.py:3954} INFO - Setting next_dagrun for example_sla_dag to 2024-07-08 15:26:00+00:00, run_after=2024-07-08 15:28:00+00:00
[2024-07-08T15:28:14.836+0000] {processor.py:183} INFO - Processing /home/airflow/.local/lib/python3.12/site-packages/airflow/example_dags/example_sla_dag.py took 0.146 seconds
[2024-07-08T15:31:08.643+0000] {processor.py:161} INFO - Started process (PID=2084) to work on /home/airflow/.local/lib/python3.12/site-packages/airflow/example_dags/example_sla_dag.py
[2024-07-08T15:31:08.645+0000] {processor.py:830} INFO - Processing file /home/airflow/.local/lib/python3.12/site-packages/airflow/example_dags/example_sla_dag.py for tasks to queue
[2024-07-08T15:31:08.646+0000] {logging_mixin.py:188} INFO - [2024-07-08T15:31:08.646+0000] {dagbag.py:545} INFO - Filling up the DagBag from /home/airflow/.local/lib/python3.12/site-packages/airflow/example_dags/example_sla_dag.py
[2024-07-08T15:31:08.667+0000] {processor.py:840} INFO - DAG(s) 'example_sla_dag' retrieved from /home/airflow/.local/lib/python3.12/site-packages/airflow/example_dags/example_sla_dag.py
[2024-07-08T15:31:08.695+0000] {logging_mixin.py:188} INFO - [2024-07-08T15:31:08.694+0000] {dag.py:3096} INFO - Sync 1 DAGs
[2024-07-08T15:31:08.747+0000] {logging_mixin.py:188} INFO - [2024-07-08T15:31:08.746+0000] {dag.py:3954} INFO - Setting next_dagrun for example_sla_dag to 2024-07-08 15:28:00+00:00, run_after=2024-07-08 15:30:00+00:00
[2024-07-08T15:31:08.782+0000] {processor.py:183} INFO - Processing /home/airflow/.local/lib/python3.12/site-packages/airflow/example_dags/example_sla_dag.py took 0.147 seconds
[2024-07-08T15:31:39.984+0000] {processor.py:161} INFO - Started process (PID=2142) to work on /home/airflow/.local/lib/python3.12/site-packages/airflow/example_dags/example_sla_dag.py
[2024-07-08T15:31:39.986+0000] {processor.py:830} INFO - Processing file /home/airflow/.local/lib/python3.12/site-packages/airflow/example_dags/example_sla_dag.py for tasks to queue
[2024-07-08T15:31:39.988+0000] {logging_mixin.py:188} INFO - [2024-07-08T15:31:39.987+0000] {dagbag.py:545} INFO - Filling up the DagBag from /home/airflow/.local/lib/python3.12/site-packages/airflow/example_dags/example_sla_dag.py
[2024-07-08T15:31:40.008+0000] {processor.py:840} INFO - DAG(s) 'example_sla_dag' retrieved from /home/airflow/.local/lib/python3.12/site-packages/airflow/example_dags/example_sla_dag.py
[2024-07-08T15:31:40.048+0000] {logging_mixin.py:188} INFO - [2024-07-08T15:31:40.048+0000] {dag.py:3096} INFO - Sync 1 DAGs
[2024-07-08T15:31:40.107+0000] {logging_mixin.py:188} INFO - [2024-07-08T15:31:40.104+0000] {dag.py:3954} INFO - Setting next_dagrun for example_sla_dag to 2024-07-08 15:28:00+00:00, run_after=2024-07-08 15:30:00+00:00
[2024-07-08T15:31:40.155+0000] {processor.py:183} INFO - Processing /home/airflow/.local/lib/python3.12/site-packages/airflow/example_dags/example_sla_dag.py took 0.181 seconds
[2024-07-08T15:32:11.078+0000] {processor.py:161} INFO - Started process (PID=2201) to work on /home/airflow/.local/lib/python3.12/site-packages/airflow/example_dags/example_sla_dag.py
[2024-07-08T15:32:11.079+0000] {processor.py:830} INFO - Processing file /home/airflow/.local/lib/python3.12/site-packages/airflow/example_dags/example_sla_dag.py for tasks to queue
[2024-07-08T15:32:11.080+0000] {logging_mixin.py:188} INFO - [2024-07-08T15:32:11.080+0000] {dagbag.py:545} INFO - Filling up the DagBag from /home/airflow/.local/lib/python3.12/site-packages/airflow/example_dags/example_sla_dag.py
[2024-07-08T15:32:11.091+0000] {processor.py:840} INFO - DAG(s) 'example_sla_dag' retrieved from /home/airflow/.local/lib/python3.12/site-packages/airflow/example_dags/example_sla_dag.py
[2024-07-08T15:32:11.115+0000] {logging_mixin.py:188} INFO - [2024-07-08T15:32:11.115+0000] {dag.py:3096} INFO - Sync 1 DAGs
[2024-07-08T15:32:11.151+0000] {logging_mixin.py:188} INFO - [2024-07-08T15:32:11.151+0000] {dag.py:3954} INFO - Setting next_dagrun for example_sla_dag to 2024-07-08 15:30:00+00:00, run_after=2024-07-08 15:32:00+00:00
[2024-07-08T15:32:11.181+0000] {processor.py:183} INFO - Processing /home/airflow/.local/lib/python3.12/site-packages/airflow/example_dags/example_sla_dag.py took 0.110 seconds
[2024-07-08T15:36:14.881+0000] {processor.py:161} INFO - Started process (PID=2282) to work on /home/airflow/.local/lib/python3.12/site-packages/airflow/example_dags/example_sla_dag.py
[2024-07-08T15:36:15.586+0000] {processor.py:830} INFO - Processing file /home/airflow/.local/lib/python3.12/site-packages/airflow/example_dags/example_sla_dag.py for tasks to queue
[2024-07-08T15:36:15.654+0000] {logging_mixin.py:188} INFO - [2024-07-08T15:36:15.633+0000] {dagbag.py:545} INFO - Filling up the DagBag from /home/airflow/.local/lib/python3.12/site-packages/airflow/example_dags/example_sla_dag.py
[2024-07-08T15:36:15.835+0000] {processor.py:840} INFO - DAG(s) 'example_sla_dag' retrieved from /home/airflow/.local/lib/python3.12/site-packages/airflow/example_dags/example_sla_dag.py
[2024-07-08T15:36:16.243+0000] {logging_mixin.py:188} INFO - [2024-07-08T15:36:16.243+0000] {dag.py:3096} INFO - Sync 1 DAGs
[2024-07-08T15:36:16.449+0000] {logging_mixin.py:188} INFO - [2024-07-08T15:36:16.448+0000] {dag.py:3954} INFO - Setting next_dagrun for example_sla_dag to 2024-07-08 15:34:00+00:00, run_after=2024-07-08 15:36:00+00:00
[2024-07-08T15:36:16.565+0000] {processor.py:183} INFO - Processing /home/airflow/.local/lib/python3.12/site-packages/airflow/example_dags/example_sla_dag.py took 1.791 seconds
[2024-07-08T15:42:16.035+0000] {processor.py:161} INFO - Started process (PID=2414) to work on /home/airflow/.local/lib/python3.12/site-packages/airflow/example_dags/example_sla_dag.py
[2024-07-08T15:42:16.037+0000] {processor.py:830} INFO - Processing file /home/airflow/.local/lib/python3.12/site-packages/airflow/example_dags/example_sla_dag.py for tasks to queue
[2024-07-08T15:42:16.041+0000] {logging_mixin.py:188} INFO - [2024-07-08T15:42:16.041+0000] {dagbag.py:545} INFO - Filling up the DagBag from /home/airflow/.local/lib/python3.12/site-packages/airflow/example_dags/example_sla_dag.py
[2024-07-08T15:42:16.076+0000] {processor.py:840} INFO - DAG(s) 'example_sla_dag' retrieved from /home/airflow/.local/lib/python3.12/site-packages/airflow/example_dags/example_sla_dag.py
[2024-07-08T15:42:16.315+0000] {logging_mixin.py:188} INFO - [2024-07-08T15:42:16.314+0000] {dag.py:3096} INFO - Sync 1 DAGs
[2024-07-08T15:42:16.465+0000] {logging_mixin.py:188} INFO - [2024-07-08T15:42:16.447+0000] {dag.py:3954} INFO - Setting next_dagrun for example_sla_dag to 2024-07-08 15:40:00+00:00, run_after=2024-07-08 15:42:00+00:00
[2024-07-08T15:42:16.544+0000] {processor.py:183} INFO - Processing /home/airflow/.local/lib/python3.12/site-packages/airflow/example_dags/example_sla_dag.py took 0.551 seconds
[2024-07-08T15:42:47.563+0000] {processor.py:161} INFO - Started process (PID=2477) to work on /home/airflow/.local/lib/python3.12/site-packages/airflow/example_dags/example_sla_dag.py
[2024-07-08T15:42:47.564+0000] {processor.py:830} INFO - Processing file /home/airflow/.local/lib/python3.12/site-packages/airflow/example_dags/example_sla_dag.py for tasks to queue
[2024-07-08T15:42:47.566+0000] {logging_mixin.py:188} INFO - [2024-07-08T15:42:47.565+0000] {dagbag.py:545} INFO - Filling up the DagBag from /home/airflow/.local/lib/python3.12/site-packages/airflow/example_dags/example_sla_dag.py
[2024-07-08T15:42:47.585+0000] {processor.py:840} INFO - DAG(s) 'example_sla_dag' retrieved from /home/airflow/.local/lib/python3.12/site-packages/airflow/example_dags/example_sla_dag.py
[2024-07-08T15:42:47.618+0000] {logging_mixin.py:188} INFO - [2024-07-08T15:42:47.617+0000] {dag.py:3096} INFO - Sync 1 DAGs
[2024-07-08T15:42:47.653+0000] {logging_mixin.py:188} INFO - [2024-07-08T15:42:47.653+0000] {dag.py:3954} INFO - Setting next_dagrun for example_sla_dag to 2024-07-08 15:40:00+00:00, run_after=2024-07-08 15:42:00+00:00
[2024-07-08T15:42:47.683+0000] {processor.py:183} INFO - Processing /home/airflow/.local/lib/python3.12/site-packages/airflow/example_dags/example_sla_dag.py took 0.135 seconds
[2024-07-08T15:43:17.959+0000] {processor.py:161} INFO - Started process (PID=2537) to work on /home/airflow/.local/lib/python3.12/site-packages/airflow/example_dags/example_sla_dag.py
[2024-07-08T15:43:17.961+0000] {processor.py:830} INFO - Processing file /home/airflow/.local/lib/python3.12/site-packages/airflow/example_dags/example_sla_dag.py for tasks to queue
[2024-07-08T15:43:17.962+0000] {logging_mixin.py:188} INFO - [2024-07-08T15:43:17.962+0000] {dagbag.py:545} INFO - Filling up the DagBag from /home/airflow/.local/lib/python3.12/site-packages/airflow/example_dags/example_sla_dag.py
[2024-07-08T15:43:17.973+0000] {processor.py:840} INFO - DAG(s) 'example_sla_dag' retrieved from /home/airflow/.local/lib/python3.12/site-packages/airflow/example_dags/example_sla_dag.py
[2024-07-08T15:43:17.999+0000] {logging_mixin.py:188} INFO - [2024-07-08T15:43:17.999+0000] {dag.py:3096} INFO - Sync 1 DAGs
[2024-07-08T15:43:18.026+0000] {logging_mixin.py:188} INFO - [2024-07-08T15:43:18.026+0000] {dag.py:3954} INFO - Setting next_dagrun for example_sla_dag to 2024-07-08 15:40:00+00:00, run_after=2024-07-08 15:42:00+00:00
[2024-07-08T15:43:18.054+0000] {processor.py:183} INFO - Processing /home/airflow/.local/lib/python3.12/site-packages/airflow/example_dags/example_sla_dag.py took 0.103 seconds
[2024-07-08T15:43:48.291+0000] {processor.py:161} INFO - Started process (PID=2597) to work on /home/airflow/.local/lib/python3.12/site-packages/airflow/example_dags/example_sla_dag.py
[2024-07-08T15:43:48.292+0000] {processor.py:830} INFO - Processing file /home/airflow/.local/lib/python3.12/site-packages/airflow/example_dags/example_sla_dag.py for tasks to queue
[2024-07-08T15:43:48.294+0000] {logging_mixin.py:188} INFO - [2024-07-08T15:43:48.293+0000] {dagbag.py:545} INFO - Filling up the DagBag from /home/airflow/.local/lib/python3.12/site-packages/airflow/example_dags/example_sla_dag.py
[2024-07-08T15:43:48.303+0000] {processor.py:840} INFO - DAG(s) 'example_sla_dag' retrieved from /home/airflow/.local/lib/python3.12/site-packages/airflow/example_dags/example_sla_dag.py
[2024-07-08T15:43:48.327+0000] {logging_mixin.py:188} INFO - [2024-07-08T15:43:48.326+0000] {dag.py:3096} INFO - Sync 1 DAGs
[2024-07-08T15:43:48.352+0000] {logging_mixin.py:188} INFO - [2024-07-08T15:43:48.351+0000] {dag.py:3954} INFO - Setting next_dagrun for example_sla_dag to 2024-07-08 15:40:00+00:00, run_after=2024-07-08 15:42:00+00:00
[2024-07-08T15:43:48.376+0000] {processor.py:183} INFO - Processing /home/airflow/.local/lib/python3.12/site-packages/airflow/example_dags/example_sla_dag.py took 0.093 seconds
