[2024-07-08T15:07:50.933+0000] {processor.py:161} INFO - Started process (PID=68) to work on /home/airflow/.local/lib/python3.12/site-packages/airflow/example_dags/example_latest_only.py
[2024-07-08T15:07:50.965+0000] {processor.py:830} INFO - Processing file /home/airflow/.local/lib/python3.12/site-packages/airflow/example_dags/example_latest_only.py for tasks to queue
[2024-07-08T15:07:50.982+0000] {logging_mixin.py:188} INFO - [2024-07-08T15:07:50.976+0000] {dagbag.py:545} INFO - Filling up the DagBag from /home/airflow/.local/lib/python3.12/site-packages/airflow/example_dags/example_latest_only.py
[2024-07-08T15:07:51.034+0000] {processor.py:840} INFO - DAG(s) 'latest_only' retrieved from /home/airflow/.local/lib/python3.12/site-packages/airflow/example_dags/example_latest_only.py
[2024-07-08T15:07:51.558+0000] {logging_mixin.py:188} INFO - [2024-07-08T15:07:51.557+0000] {dag.py:3096} INFO - Sync 1 DAGs
[2024-07-08T15:07:51.843+0000] {logging_mixin.py:188} INFO - [2024-07-08T15:07:51.842+0000] {dag.py:3954} INFO - Setting next_dagrun for latest_only to 2024-07-08 08:00:00+00:00, run_after=2024-07-08 12:00:00+00:00
[2024-07-08T15:07:52.197+0000] {processor.py:183} INFO - Processing /home/airflow/.local/lib/python3.12/site-packages/airflow/example_dags/example_latest_only.py took 1.287 seconds
[2024-07-08T15:08:22.847+0000] {processor.py:161} INFO - Started process (PID=125) to work on /home/airflow/.local/lib/python3.12/site-packages/airflow/example_dags/example_latest_only.py
[2024-07-08T15:08:22.849+0000] {processor.py:830} INFO - Processing file /home/airflow/.local/lib/python3.12/site-packages/airflow/example_dags/example_latest_only.py for tasks to queue
[2024-07-08T15:08:22.851+0000] {logging_mixin.py:188} INFO - [2024-07-08T15:08:22.851+0000] {dagbag.py:545} INFO - Filling up the DagBag from /home/airflow/.local/lib/python3.12/site-packages/airflow/example_dags/example_latest_only.py
[2024-07-08T15:08:22.858+0000] {processor.py:840} INFO - DAG(s) 'latest_only' retrieved from /home/airflow/.local/lib/python3.12/site-packages/airflow/example_dags/example_latest_only.py
[2024-07-08T15:08:22.885+0000] {logging_mixin.py:188} INFO - [2024-07-08T15:08:22.885+0000] {dag.py:3096} INFO - Sync 1 DAGs
[2024-07-08T15:08:22.922+0000] {logging_mixin.py:188} INFO - [2024-07-08T15:08:22.922+0000] {dag.py:3954} INFO - Setting next_dagrun for latest_only to 2024-07-08 08:00:00+00:00, run_after=2024-07-08 12:00:00+00:00
[2024-07-08T15:08:22.952+0000] {processor.py:183} INFO - Processing /home/airflow/.local/lib/python3.12/site-packages/airflow/example_dags/example_latest_only.py took 0.112 seconds
[2024-07-08T15:08:53.075+0000] {processor.py:161} INFO - Started process (PID=182) to work on /home/airflow/.local/lib/python3.12/site-packages/airflow/example_dags/example_latest_only.py
[2024-07-08T15:08:53.082+0000] {processor.py:830} INFO - Processing file /home/airflow/.local/lib/python3.12/site-packages/airflow/example_dags/example_latest_only.py for tasks to queue
[2024-07-08T15:08:53.085+0000] {logging_mixin.py:188} INFO - [2024-07-08T15:08:53.085+0000] {dagbag.py:545} INFO - Filling up the DagBag from /home/airflow/.local/lib/python3.12/site-packages/airflow/example_dags/example_latest_only.py
[2024-07-08T15:08:53.091+0000] {processor.py:840} INFO - DAG(s) 'latest_only' retrieved from /home/airflow/.local/lib/python3.12/site-packages/airflow/example_dags/example_latest_only.py
[2024-07-08T15:08:53.115+0000] {logging_mixin.py:188} INFO - [2024-07-08T15:08:53.114+0000] {dag.py:3096} INFO - Sync 1 DAGs
[2024-07-08T15:08:53.146+0000] {logging_mixin.py:188} INFO - [2024-07-08T15:08:53.146+0000] {dag.py:3954} INFO - Setting next_dagrun for latest_only to 2024-07-08 08:00:00+00:00, run_after=2024-07-08 12:00:00+00:00
[2024-07-08T15:08:53.174+0000] {processor.py:183} INFO - Processing /home/airflow/.local/lib/python3.12/site-packages/airflow/example_dags/example_latest_only.py took 0.106 seconds
[2024-07-08T15:09:23.269+0000] {processor.py:161} INFO - Started process (PID=240) to work on /home/airflow/.local/lib/python3.12/site-packages/airflow/example_dags/example_latest_only.py
[2024-07-08T15:09:23.271+0000] {processor.py:830} INFO - Processing file /home/airflow/.local/lib/python3.12/site-packages/airflow/example_dags/example_latest_only.py for tasks to queue
[2024-07-08T15:09:23.274+0000] {logging_mixin.py:188} INFO - [2024-07-08T15:09:23.273+0000] {dagbag.py:545} INFO - Filling up the DagBag from /home/airflow/.local/lib/python3.12/site-packages/airflow/example_dags/example_latest_only.py
[2024-07-08T15:09:23.279+0000] {processor.py:840} INFO - DAG(s) 'latest_only' retrieved from /home/airflow/.local/lib/python3.12/site-packages/airflow/example_dags/example_latest_only.py
[2024-07-08T15:09:23.303+0000] {logging_mixin.py:188} INFO - [2024-07-08T15:09:23.303+0000] {dag.py:3096} INFO - Sync 1 DAGs
[2024-07-08T15:09:23.328+0000] {logging_mixin.py:188} INFO - [2024-07-08T15:09:23.328+0000] {dag.py:3954} INFO - Setting next_dagrun for latest_only to 2024-07-08 08:00:00+00:00, run_after=2024-07-08 12:00:00+00:00
[2024-07-08T15:09:23.357+0000] {processor.py:183} INFO - Processing /home/airflow/.local/lib/python3.12/site-packages/airflow/example_dags/example_latest_only.py took 0.094 seconds
[2024-07-08T15:09:54.109+0000] {processor.py:161} INFO - Started process (PID=299) to work on /home/airflow/.local/lib/python3.12/site-packages/airflow/example_dags/example_latest_only.py
[2024-07-08T15:09:54.110+0000] {processor.py:830} INFO - Processing file /home/airflow/.local/lib/python3.12/site-packages/airflow/example_dags/example_latest_only.py for tasks to queue
[2024-07-08T15:09:54.114+0000] {logging_mixin.py:188} INFO - [2024-07-08T15:09:54.113+0000] {dagbag.py:545} INFO - Filling up the DagBag from /home/airflow/.local/lib/python3.12/site-packages/airflow/example_dags/example_latest_only.py
[2024-07-08T15:09:54.121+0000] {processor.py:840} INFO - DAG(s) 'latest_only' retrieved from /home/airflow/.local/lib/python3.12/site-packages/airflow/example_dags/example_latest_only.py
[2024-07-08T15:09:54.151+0000] {logging_mixin.py:188} INFO - [2024-07-08T15:09:54.151+0000] {dag.py:3096} INFO - Sync 1 DAGs
[2024-07-08T15:09:54.201+0000] {logging_mixin.py:188} INFO - [2024-07-08T15:09:54.200+0000] {dag.py:3954} INFO - Setting next_dagrun for latest_only to 2024-07-08 08:00:00+00:00, run_after=2024-07-08 12:00:00+00:00
[2024-07-08T15:09:54.249+0000] {processor.py:183} INFO - Processing /home/airflow/.local/lib/python3.12/site-packages/airflow/example_dags/example_latest_only.py took 0.147 seconds
[2024-07-08T15:10:24.347+0000] {processor.py:161} INFO - Started process (PID=355) to work on /home/airflow/.local/lib/python3.12/site-packages/airflow/example_dags/example_latest_only.py
[2024-07-08T15:10:24.348+0000] {processor.py:830} INFO - Processing file /home/airflow/.local/lib/python3.12/site-packages/airflow/example_dags/example_latest_only.py for tasks to queue
[2024-07-08T15:10:24.350+0000] {logging_mixin.py:188} INFO - [2024-07-08T15:10:24.350+0000] {dagbag.py:545} INFO - Filling up the DagBag from /home/airflow/.local/lib/python3.12/site-packages/airflow/example_dags/example_latest_only.py
[2024-07-08T15:10:24.356+0000] {processor.py:840} INFO - DAG(s) 'latest_only' retrieved from /home/airflow/.local/lib/python3.12/site-packages/airflow/example_dags/example_latest_only.py
[2024-07-08T15:10:24.391+0000] {logging_mixin.py:188} INFO - [2024-07-08T15:10:24.391+0000] {dag.py:3096} INFO - Sync 1 DAGs
[2024-07-08T15:10:24.439+0000] {logging_mixin.py:188} INFO - [2024-07-08T15:10:24.439+0000] {dag.py:3954} INFO - Setting next_dagrun for latest_only to 2024-07-08 08:00:00+00:00, run_after=2024-07-08 12:00:00+00:00
[2024-07-08T15:10:24.466+0000] {processor.py:183} INFO - Processing /home/airflow/.local/lib/python3.12/site-packages/airflow/example_dags/example_latest_only.py took 0.126 seconds
[2024-07-08T15:10:54.612+0000] {processor.py:161} INFO - Started process (PID=413) to work on /home/airflow/.local/lib/python3.12/site-packages/airflow/example_dags/example_latest_only.py
[2024-07-08T15:10:54.614+0000] {processor.py:830} INFO - Processing file /home/airflow/.local/lib/python3.12/site-packages/airflow/example_dags/example_latest_only.py for tasks to queue
[2024-07-08T15:10:54.619+0000] {logging_mixin.py:188} INFO - [2024-07-08T15:10:54.618+0000] {dagbag.py:545} INFO - Filling up the DagBag from /home/airflow/.local/lib/python3.12/site-packages/airflow/example_dags/example_latest_only.py
[2024-07-08T15:10:54.632+0000] {processor.py:840} INFO - DAG(s) 'latest_only' retrieved from /home/airflow/.local/lib/python3.12/site-packages/airflow/example_dags/example_latest_only.py
[2024-07-08T15:10:54.684+0000] {logging_mixin.py:188} INFO - [2024-07-08T15:10:54.684+0000] {dag.py:3096} INFO - Sync 1 DAGs
[2024-07-08T15:10:54.729+0000] {logging_mixin.py:188} INFO - [2024-07-08T15:10:54.729+0000] {dag.py:3954} INFO - Setting next_dagrun for latest_only to 2024-07-08 08:00:00+00:00, run_after=2024-07-08 12:00:00+00:00
[2024-07-08T15:10:54.794+0000] {processor.py:183} INFO - Processing /home/airflow/.local/lib/python3.12/site-packages/airflow/example_dags/example_latest_only.py took 0.189 seconds
[2024-07-08T15:11:25.773+0000] {processor.py:161} INFO - Started process (PID=472) to work on /home/airflow/.local/lib/python3.12/site-packages/airflow/example_dags/example_latest_only.py
[2024-07-08T15:11:25.774+0000] {processor.py:830} INFO - Processing file /home/airflow/.local/lib/python3.12/site-packages/airflow/example_dags/example_latest_only.py for tasks to queue
[2024-07-08T15:11:25.777+0000] {logging_mixin.py:188} INFO - [2024-07-08T15:11:25.777+0000] {dagbag.py:545} INFO - Filling up the DagBag from /home/airflow/.local/lib/python3.12/site-packages/airflow/example_dags/example_latest_only.py
[2024-07-08T15:11:25.785+0000] {processor.py:840} INFO - DAG(s) 'latest_only' retrieved from /home/airflow/.local/lib/python3.12/site-packages/airflow/example_dags/example_latest_only.py
[2024-07-08T15:11:25.849+0000] {logging_mixin.py:188} INFO - [2024-07-08T15:11:25.849+0000] {dag.py:3096} INFO - Sync 1 DAGs
[2024-07-08T15:11:25.909+0000] {logging_mixin.py:188} INFO - [2024-07-08T15:11:25.909+0000] {dag.py:3954} INFO - Setting next_dagrun for latest_only to 2024-07-08 08:00:00+00:00, run_after=2024-07-08 12:00:00+00:00
[2024-07-08T15:11:25.957+0000] {processor.py:183} INFO - Processing /home/airflow/.local/lib/python3.12/site-packages/airflow/example_dags/example_latest_only.py took 0.200 seconds
[2024-07-08T15:11:56.105+0000] {processor.py:161} INFO - Started process (PID=528) to work on /home/airflow/.local/lib/python3.12/site-packages/airflow/example_dags/example_latest_only.py
[2024-07-08T15:11:56.107+0000] {processor.py:830} INFO - Processing file /home/airflow/.local/lib/python3.12/site-packages/airflow/example_dags/example_latest_only.py for tasks to queue
[2024-07-08T15:11:56.109+0000] {logging_mixin.py:188} INFO - [2024-07-08T15:11:56.109+0000] {dagbag.py:545} INFO - Filling up the DagBag from /home/airflow/.local/lib/python3.12/site-packages/airflow/example_dags/example_latest_only.py
[2024-07-08T15:11:56.115+0000] {processor.py:840} INFO - DAG(s) 'latest_only' retrieved from /home/airflow/.local/lib/python3.12/site-packages/airflow/example_dags/example_latest_only.py
[2024-07-08T15:11:56.141+0000] {logging_mixin.py:188} INFO - [2024-07-08T15:11:56.141+0000] {dag.py:3096} INFO - Sync 1 DAGs
[2024-07-08T15:11:56.169+0000] {logging_mixin.py:188} INFO - [2024-07-08T15:11:56.169+0000] {dag.py:3954} INFO - Setting next_dagrun for latest_only to 2024-07-08 08:00:00+00:00, run_after=2024-07-08 12:00:00+00:00
[2024-07-08T15:11:56.206+0000] {processor.py:183} INFO - Processing /home/airflow/.local/lib/python3.12/site-packages/airflow/example_dags/example_latest_only.py took 0.107 seconds
[2024-07-08T15:12:26.992+0000] {processor.py:161} INFO - Started process (PID=587) to work on /home/airflow/.local/lib/python3.12/site-packages/airflow/example_dags/example_latest_only.py
[2024-07-08T15:12:26.994+0000] {processor.py:830} INFO - Processing file /home/airflow/.local/lib/python3.12/site-packages/airflow/example_dags/example_latest_only.py for tasks to queue
[2024-07-08T15:12:26.998+0000] {logging_mixin.py:188} INFO - [2024-07-08T15:12:26.997+0000] {dagbag.py:545} INFO - Filling up the DagBag from /home/airflow/.local/lib/python3.12/site-packages/airflow/example_dags/example_latest_only.py
[2024-07-08T15:12:27.008+0000] {processor.py:840} INFO - DAG(s) 'latest_only' retrieved from /home/airflow/.local/lib/python3.12/site-packages/airflow/example_dags/example_latest_only.py
[2024-07-08T15:12:27.064+0000] {logging_mixin.py:188} INFO - [2024-07-08T15:12:27.063+0000] {dag.py:3096} INFO - Sync 1 DAGs
[2024-07-08T15:12:27.110+0000] {logging_mixin.py:188} INFO - [2024-07-08T15:12:27.109+0000] {dag.py:3954} INFO - Setting next_dagrun for latest_only to 2024-07-08 08:00:00+00:00, run_after=2024-07-08 12:00:00+00:00
[2024-07-08T15:12:27.141+0000] {processor.py:183} INFO - Processing /home/airflow/.local/lib/python3.12/site-packages/airflow/example_dags/example_latest_only.py took 0.160 seconds
[2024-07-08T15:12:57.220+0000] {processor.py:161} INFO - Started process (PID=645) to work on /home/airflow/.local/lib/python3.12/site-packages/airflow/example_dags/example_latest_only.py
[2024-07-08T15:12:57.253+0000] {processor.py:830} INFO - Processing file /home/airflow/.local/lib/python3.12/site-packages/airflow/example_dags/example_latest_only.py for tasks to queue
[2024-07-08T15:12:57.257+0000] {logging_mixin.py:188} INFO - [2024-07-08T15:12:57.256+0000] {dagbag.py:545} INFO - Filling up the DagBag from /home/airflow/.local/lib/python3.12/site-packages/airflow/example_dags/example_latest_only.py
[2024-07-08T15:12:57.275+0000] {processor.py:840} INFO - DAG(s) 'latest_only' retrieved from /home/airflow/.local/lib/python3.12/site-packages/airflow/example_dags/example_latest_only.py
[2024-07-08T15:12:57.338+0000] {logging_mixin.py:188} INFO - [2024-07-08T15:12:57.337+0000] {dag.py:3096} INFO - Sync 1 DAGs
[2024-07-08T15:12:57.395+0000] {logging_mixin.py:188} INFO - [2024-07-08T15:12:57.394+0000] {dag.py:3954} INFO - Setting next_dagrun for latest_only to 2024-07-08 08:00:00+00:00, run_after=2024-07-08 12:00:00+00:00
[2024-07-08T15:12:57.431+0000] {processor.py:183} INFO - Processing /home/airflow/.local/lib/python3.12/site-packages/airflow/example_dags/example_latest_only.py took 0.224 seconds
[2024-07-08T15:13:27.669+0000] {processor.py:161} INFO - Started process (PID=703) to work on /home/airflow/.local/lib/python3.12/site-packages/airflow/example_dags/example_latest_only.py
[2024-07-08T15:13:27.671+0000] {processor.py:830} INFO - Processing file /home/airflow/.local/lib/python3.12/site-packages/airflow/example_dags/example_latest_only.py for tasks to queue
[2024-07-08T15:13:27.674+0000] {logging_mixin.py:188} INFO - [2024-07-08T15:13:27.673+0000] {dagbag.py:545} INFO - Filling up the DagBag from /home/airflow/.local/lib/python3.12/site-packages/airflow/example_dags/example_latest_only.py
[2024-07-08T15:13:27.681+0000] {processor.py:840} INFO - DAG(s) 'latest_only' retrieved from /home/airflow/.local/lib/python3.12/site-packages/airflow/example_dags/example_latest_only.py
[2024-07-08T15:13:27.706+0000] {logging_mixin.py:188} INFO - [2024-07-08T15:13:27.706+0000] {dag.py:3096} INFO - Sync 1 DAGs
[2024-07-08T15:13:27.781+0000] {logging_mixin.py:188} INFO - [2024-07-08T15:13:27.781+0000] {dag.py:3954} INFO - Setting next_dagrun for latest_only to 2024-07-08 08:00:00+00:00, run_after=2024-07-08 12:00:00+00:00
[2024-07-08T15:13:27.814+0000] {processor.py:183} INFO - Processing /home/airflow/.local/lib/python3.12/site-packages/airflow/example_dags/example_latest_only.py took 0.153 seconds
[2024-07-08T15:16:13.391+0000] {processor.py:161} INFO - Started process (PID=770) to work on /home/airflow/.local/lib/python3.12/site-packages/airflow/example_dags/example_latest_only.py
[2024-07-08T15:16:13.393+0000] {processor.py:830} INFO - Processing file /home/airflow/.local/lib/python3.12/site-packages/airflow/example_dags/example_latest_only.py for tasks to queue
[2024-07-08T15:16:13.395+0000] {logging_mixin.py:188} INFO - [2024-07-08T15:16:13.394+0000] {dagbag.py:545} INFO - Filling up the DagBag from /home/airflow/.local/lib/python3.12/site-packages/airflow/example_dags/example_latest_only.py
[2024-07-08T15:16:13.405+0000] {processor.py:840} INFO - DAG(s) 'latest_only' retrieved from /home/airflow/.local/lib/python3.12/site-packages/airflow/example_dags/example_latest_only.py
[2024-07-08T15:16:13.441+0000] {logging_mixin.py:188} INFO - [2024-07-08T15:16:13.441+0000] {dag.py:3096} INFO - Sync 1 DAGs
[2024-07-08T15:16:13.482+0000] {logging_mixin.py:188} INFO - [2024-07-08T15:16:13.481+0000] {dag.py:3954} INFO - Setting next_dagrun for latest_only to 2024-07-08 08:00:00+00:00, run_after=2024-07-08 12:00:00+00:00
[2024-07-08T15:16:13.531+0000] {processor.py:183} INFO - Processing /home/airflow/.local/lib/python3.12/site-packages/airflow/example_dags/example_latest_only.py took 0.149 seconds
[2024-07-08T15:16:44.839+0000] {processor.py:161} INFO - Started process (PID=828) to work on /home/airflow/.local/lib/python3.12/site-packages/airflow/example_dags/example_latest_only.py
[2024-07-08T15:16:44.840+0000] {processor.py:830} INFO - Processing file /home/airflow/.local/lib/python3.12/site-packages/airflow/example_dags/example_latest_only.py for tasks to queue
[2024-07-08T15:16:44.842+0000] {logging_mixin.py:188} INFO - [2024-07-08T15:16:44.842+0000] {dagbag.py:545} INFO - Filling up the DagBag from /home/airflow/.local/lib/python3.12/site-packages/airflow/example_dags/example_latest_only.py
[2024-07-08T15:16:44.852+0000] {processor.py:840} INFO - DAG(s) 'latest_only' retrieved from /home/airflow/.local/lib/python3.12/site-packages/airflow/example_dags/example_latest_only.py
[2024-07-08T15:16:44.887+0000] {logging_mixin.py:188} INFO - [2024-07-08T15:16:44.886+0000] {dag.py:3096} INFO - Sync 1 DAGs
[2024-07-08T15:16:44.942+0000] {logging_mixin.py:188} INFO - [2024-07-08T15:16:44.942+0000] {dag.py:3954} INFO - Setting next_dagrun for latest_only to 2024-07-08 08:00:00+00:00, run_after=2024-07-08 12:00:00+00:00
[2024-07-08T15:16:44.979+0000] {processor.py:183} INFO - Processing /home/airflow/.local/lib/python3.12/site-packages/airflow/example_dags/example_latest_only.py took 0.149 seconds
[2024-07-08T15:17:16.001+0000] {processor.py:161} INFO - Started process (PID=886) to work on /home/airflow/.local/lib/python3.12/site-packages/airflow/example_dags/example_latest_only.py
[2024-07-08T15:17:16.023+0000] {processor.py:830} INFO - Processing file /home/airflow/.local/lib/python3.12/site-packages/airflow/example_dags/example_latest_only.py for tasks to queue
[2024-07-08T15:17:16.025+0000] {logging_mixin.py:188} INFO - [2024-07-08T15:17:16.024+0000] {dagbag.py:545} INFO - Filling up the DagBag from /home/airflow/.local/lib/python3.12/site-packages/airflow/example_dags/example_latest_only.py
[2024-07-08T15:17:16.081+0000] {processor.py:840} INFO - DAG(s) 'latest_only' retrieved from /home/airflow/.local/lib/python3.12/site-packages/airflow/example_dags/example_latest_only.py
[2024-07-08T15:17:16.134+0000] {logging_mixin.py:188} INFO - [2024-07-08T15:17:16.133+0000] {dag.py:3096} INFO - Sync 1 DAGs
[2024-07-08T15:17:16.236+0000] {logging_mixin.py:188} INFO - [2024-07-08T15:17:16.236+0000] {dag.py:3954} INFO - Setting next_dagrun for latest_only to 2024-07-08 08:00:00+00:00, run_after=2024-07-08 12:00:00+00:00
[2024-07-08T15:17:16.325+0000] {processor.py:183} INFO - Processing /home/airflow/.local/lib/python3.12/site-packages/airflow/example_dags/example_latest_only.py took 0.392 seconds
[2024-07-08T15:19:02.103+0000] {processor.py:161} INFO - Started process (PID=944) to work on /home/airflow/.local/lib/python3.12/site-packages/airflow/example_dags/example_latest_only.py
[2024-07-08T15:19:02.107+0000] {processor.py:830} INFO - Processing file /home/airflow/.local/lib/python3.12/site-packages/airflow/example_dags/example_latest_only.py for tasks to queue
[2024-07-08T15:19:02.118+0000] {logging_mixin.py:188} INFO - [2024-07-08T15:19:02.117+0000] {dagbag.py:545} INFO - Filling up the DagBag from /home/airflow/.local/lib/python3.12/site-packages/airflow/example_dags/example_latest_only.py
[2024-07-08T15:19:02.139+0000] {processor.py:840} INFO - DAG(s) 'latest_only' retrieved from /home/airflow/.local/lib/python3.12/site-packages/airflow/example_dags/example_latest_only.py
[2024-07-08T15:19:02.194+0000] {logging_mixin.py:188} INFO - [2024-07-08T15:19:02.193+0000] {dag.py:3096} INFO - Sync 1 DAGs
[2024-07-08T15:19:02.255+0000] {logging_mixin.py:188} INFO - [2024-07-08T15:19:02.254+0000] {dag.py:3954} INFO - Setting next_dagrun for latest_only to 2024-07-08 08:00:00+00:00, run_after=2024-07-08 12:00:00+00:00
[2024-07-08T15:19:02.299+0000] {processor.py:183} INFO - Processing /home/airflow/.local/lib/python3.12/site-packages/airflow/example_dags/example_latest_only.py took 0.209 seconds
[2024-07-08T15:19:34.088+0000] {processor.py:161} INFO - Started process (PID=1002) to work on /home/airflow/.local/lib/python3.12/site-packages/airflow/example_dags/example_latest_only.py
[2024-07-08T15:19:34.103+0000] {processor.py:830} INFO - Processing file /home/airflow/.local/lib/python3.12/site-packages/airflow/example_dags/example_latest_only.py for tasks to queue
[2024-07-08T15:19:34.107+0000] {logging_mixin.py:188} INFO - [2024-07-08T15:19:34.106+0000] {dagbag.py:545} INFO - Filling up the DagBag from /home/airflow/.local/lib/python3.12/site-packages/airflow/example_dags/example_latest_only.py
[2024-07-08T15:19:34.141+0000] {processor.py:840} INFO - DAG(s) 'latest_only' retrieved from /home/airflow/.local/lib/python3.12/site-packages/airflow/example_dags/example_latest_only.py
[2024-07-08T15:19:34.263+0000] {logging_mixin.py:188} INFO - [2024-07-08T15:19:34.262+0000] {dag.py:3096} INFO - Sync 1 DAGs
[2024-07-08T15:19:34.387+0000] {logging_mixin.py:188} INFO - [2024-07-08T15:19:34.386+0000] {dag.py:3954} INFO - Setting next_dagrun for latest_only to 2024-07-08 08:00:00+00:00, run_after=2024-07-08 12:00:00+00:00
[2024-07-08T15:19:34.522+0000] {processor.py:183} INFO - Processing /home/airflow/.local/lib/python3.12/site-packages/airflow/example_dags/example_latest_only.py took 0.467 seconds
[2024-07-08T15:20:04.731+0000] {processor.py:161} INFO - Started process (PID=1060) to work on /home/airflow/.local/lib/python3.12/site-packages/airflow/example_dags/example_latest_only.py
[2024-07-08T15:20:04.733+0000] {processor.py:830} INFO - Processing file /home/airflow/.local/lib/python3.12/site-packages/airflow/example_dags/example_latest_only.py for tasks to queue
[2024-07-08T15:20:04.736+0000] {logging_mixin.py:188} INFO - [2024-07-08T15:20:04.735+0000] {dagbag.py:545} INFO - Filling up the DagBag from /home/airflow/.local/lib/python3.12/site-packages/airflow/example_dags/example_latest_only.py
[2024-07-08T15:20:04.748+0000] {processor.py:840} INFO - DAG(s) 'latest_only' retrieved from /home/airflow/.local/lib/python3.12/site-packages/airflow/example_dags/example_latest_only.py
[2024-07-08T15:20:04.796+0000] {logging_mixin.py:188} INFO - [2024-07-08T15:20:04.795+0000] {dag.py:3096} INFO - Sync 1 DAGs
[2024-07-08T15:20:04.844+0000] {logging_mixin.py:188} INFO - [2024-07-08T15:20:04.844+0000] {dag.py:3954} INFO - Setting next_dagrun for latest_only to 2024-07-08 08:00:00+00:00, run_after=2024-07-08 12:00:00+00:00
[2024-07-08T15:20:04.891+0000] {processor.py:183} INFO - Processing /home/airflow/.local/lib/python3.12/site-packages/airflow/example_dags/example_latest_only.py took 0.173 seconds
[2024-07-08T15:20:35.519+0000] {processor.py:161} INFO - Started process (PID=1118) to work on /home/airflow/.local/lib/python3.12/site-packages/airflow/example_dags/example_latest_only.py
[2024-07-08T15:20:35.521+0000] {processor.py:830} INFO - Processing file /home/airflow/.local/lib/python3.12/site-packages/airflow/example_dags/example_latest_only.py for tasks to queue
[2024-07-08T15:20:35.522+0000] {logging_mixin.py:188} INFO - [2024-07-08T15:20:35.522+0000] {dagbag.py:545} INFO - Filling up the DagBag from /home/airflow/.local/lib/python3.12/site-packages/airflow/example_dags/example_latest_only.py
[2024-07-08T15:20:35.529+0000] {processor.py:840} INFO - DAG(s) 'latest_only' retrieved from /home/airflow/.local/lib/python3.12/site-packages/airflow/example_dags/example_latest_only.py
[2024-07-08T15:20:35.563+0000] {logging_mixin.py:188} INFO - [2024-07-08T15:20:35.562+0000] {dag.py:3096} INFO - Sync 1 DAGs
[2024-07-08T15:20:35.595+0000] {logging_mixin.py:188} INFO - [2024-07-08T15:20:35.594+0000] {dag.py:3954} INFO - Setting next_dagrun for latest_only to 2024-07-08 08:00:00+00:00, run_after=2024-07-08 12:00:00+00:00
[2024-07-08T15:20:35.638+0000] {processor.py:183} INFO - Processing /home/airflow/.local/lib/python3.12/site-packages/airflow/example_dags/example_latest_only.py took 0.126 seconds
[2024-07-08T15:21:05.950+0000] {processor.py:161} INFO - Started process (PID=1176) to work on /home/airflow/.local/lib/python3.12/site-packages/airflow/example_dags/example_latest_only.py
[2024-07-08T15:21:05.952+0000] {processor.py:830} INFO - Processing file /home/airflow/.local/lib/python3.12/site-packages/airflow/example_dags/example_latest_only.py for tasks to queue
[2024-07-08T15:21:05.953+0000] {logging_mixin.py:188} INFO - [2024-07-08T15:21:05.953+0000] {dagbag.py:545} INFO - Filling up the DagBag from /home/airflow/.local/lib/python3.12/site-packages/airflow/example_dags/example_latest_only.py
[2024-07-08T15:21:05.962+0000] {processor.py:840} INFO - DAG(s) 'latest_only' retrieved from /home/airflow/.local/lib/python3.12/site-packages/airflow/example_dags/example_latest_only.py
[2024-07-08T15:21:05.987+0000] {logging_mixin.py:188} INFO - [2024-07-08T15:21:05.987+0000] {dag.py:3096} INFO - Sync 1 DAGs
[2024-07-08T15:21:06.024+0000] {logging_mixin.py:188} INFO - [2024-07-08T15:21:06.024+0000] {dag.py:3954} INFO - Setting next_dagrun for latest_only to 2024-07-08 08:00:00+00:00, run_after=2024-07-08 12:00:00+00:00
[2024-07-08T15:21:06.060+0000] {processor.py:183} INFO - Processing /home/airflow/.local/lib/python3.12/site-packages/airflow/example_dags/example_latest_only.py took 0.117 seconds
[2024-07-08T15:21:36.857+0000] {processor.py:161} INFO - Started process (PID=1234) to work on /home/airflow/.local/lib/python3.12/site-packages/airflow/example_dags/example_latest_only.py
[2024-07-08T15:21:36.859+0000] {processor.py:830} INFO - Processing file /home/airflow/.local/lib/python3.12/site-packages/airflow/example_dags/example_latest_only.py for tasks to queue
[2024-07-08T15:21:36.860+0000] {logging_mixin.py:188} INFO - [2024-07-08T15:21:36.860+0000] {dagbag.py:545} INFO - Filling up the DagBag from /home/airflow/.local/lib/python3.12/site-packages/airflow/example_dags/example_latest_only.py
[2024-07-08T15:21:36.868+0000] {processor.py:840} INFO - DAG(s) 'latest_only' retrieved from /home/airflow/.local/lib/python3.12/site-packages/airflow/example_dags/example_latest_only.py
[2024-07-08T15:21:36.895+0000] {logging_mixin.py:188} INFO - [2024-07-08T15:21:36.895+0000] {dag.py:3096} INFO - Sync 1 DAGs
[2024-07-08T15:21:36.926+0000] {logging_mixin.py:188} INFO - [2024-07-08T15:21:36.926+0000] {dag.py:3954} INFO - Setting next_dagrun for latest_only to 2024-07-08 08:00:00+00:00, run_after=2024-07-08 12:00:00+00:00
[2024-07-08T15:21:36.952+0000] {processor.py:183} INFO - Processing /home/airflow/.local/lib/python3.12/site-packages/airflow/example_dags/example_latest_only.py took 0.101 seconds
[2024-07-08T15:22:07.418+0000] {processor.py:161} INFO - Started process (PID=1292) to work on /home/airflow/.local/lib/python3.12/site-packages/airflow/example_dags/example_latest_only.py
[2024-07-08T15:22:07.419+0000] {processor.py:830} INFO - Processing file /home/airflow/.local/lib/python3.12/site-packages/airflow/example_dags/example_latest_only.py for tasks to queue
[2024-07-08T15:22:07.420+0000] {logging_mixin.py:188} INFO - [2024-07-08T15:22:07.420+0000] {dagbag.py:545} INFO - Filling up the DagBag from /home/airflow/.local/lib/python3.12/site-packages/airflow/example_dags/example_latest_only.py
[2024-07-08T15:22:07.427+0000] {processor.py:840} INFO - DAG(s) 'latest_only' retrieved from /home/airflow/.local/lib/python3.12/site-packages/airflow/example_dags/example_latest_only.py
[2024-07-08T15:22:07.450+0000] {logging_mixin.py:188} INFO - [2024-07-08T15:22:07.450+0000] {dag.py:3096} INFO - Sync 1 DAGs
[2024-07-08T15:22:07.481+0000] {logging_mixin.py:188} INFO - [2024-07-08T15:22:07.481+0000] {dag.py:3954} INFO - Setting next_dagrun for latest_only to 2024-07-08 08:00:00+00:00, run_after=2024-07-08 12:00:00+00:00
[2024-07-08T15:22:07.520+0000] {processor.py:183} INFO - Processing /home/airflow/.local/lib/python3.12/site-packages/airflow/example_dags/example_latest_only.py took 0.108 seconds
[2024-07-08T15:22:38.069+0000] {processor.py:161} INFO - Started process (PID=1353) to work on /home/airflow/.local/lib/python3.12/site-packages/airflow/example_dags/example_latest_only.py
[2024-07-08T15:22:38.070+0000] {processor.py:830} INFO - Processing file /home/airflow/.local/lib/python3.12/site-packages/airflow/example_dags/example_latest_only.py for tasks to queue
[2024-07-08T15:22:38.072+0000] {logging_mixin.py:188} INFO - [2024-07-08T15:22:38.071+0000] {dagbag.py:545} INFO - Filling up the DagBag from /home/airflow/.local/lib/python3.12/site-packages/airflow/example_dags/example_latest_only.py
[2024-07-08T15:22:38.079+0000] {processor.py:840} INFO - DAG(s) 'latest_only' retrieved from /home/airflow/.local/lib/python3.12/site-packages/airflow/example_dags/example_latest_only.py
[2024-07-08T15:22:38.125+0000] {logging_mixin.py:188} INFO - [2024-07-08T15:22:38.125+0000] {dag.py:3096} INFO - Sync 1 DAGs
[2024-07-08T15:22:38.157+0000] {logging_mixin.py:188} INFO - [2024-07-08T15:22:38.156+0000] {dag.py:3954} INFO - Setting next_dagrun for latest_only to 2024-07-08 08:00:00+00:00, run_after=2024-07-08 12:00:00+00:00
[2024-07-08T15:22:38.186+0000] {processor.py:183} INFO - Processing /home/airflow/.local/lib/python3.12/site-packages/airflow/example_dags/example_latest_only.py took 0.124 seconds
[2024-07-08T15:23:08.515+0000] {processor.py:161} INFO - Started process (PID=1415) to work on /home/airflow/.local/lib/python3.12/site-packages/airflow/example_dags/example_latest_only.py
[2024-07-08T15:23:08.517+0000] {processor.py:830} INFO - Processing file /home/airflow/.local/lib/python3.12/site-packages/airflow/example_dags/example_latest_only.py for tasks to queue
[2024-07-08T15:23:08.518+0000] {logging_mixin.py:188} INFO - [2024-07-08T15:23:08.518+0000] {dagbag.py:545} INFO - Filling up the DagBag from /home/airflow/.local/lib/python3.12/site-packages/airflow/example_dags/example_latest_only.py
[2024-07-08T15:23:08.530+0000] {processor.py:840} INFO - DAG(s) 'latest_only' retrieved from /home/airflow/.local/lib/python3.12/site-packages/airflow/example_dags/example_latest_only.py
[2024-07-08T15:23:08.569+0000] {logging_mixin.py:188} INFO - [2024-07-08T15:23:08.568+0000] {dag.py:3096} INFO - Sync 1 DAGs
[2024-07-08T15:23:08.641+0000] {logging_mixin.py:188} INFO - [2024-07-08T15:23:08.641+0000] {dag.py:3954} INFO - Setting next_dagrun for latest_only to 2024-07-08 08:00:00+00:00, run_after=2024-07-08 12:00:00+00:00
[2024-07-08T15:23:08.686+0000] {processor.py:183} INFO - Processing /home/airflow/.local/lib/python3.12/site-packages/airflow/example_dags/example_latest_only.py took 0.180 seconds
[2024-07-08T15:23:41.674+0000] {processor.py:161} INFO - Started process (PID=1479) to work on /home/airflow/.local/lib/python3.12/site-packages/airflow/example_dags/example_latest_only.py
[2024-07-08T15:23:41.676+0000] {processor.py:830} INFO - Processing file /home/airflow/.local/lib/python3.12/site-packages/airflow/example_dags/example_latest_only.py for tasks to queue
[2024-07-08T15:23:41.678+0000] {logging_mixin.py:188} INFO - [2024-07-08T15:23:41.677+0000] {dagbag.py:545} INFO - Filling up the DagBag from /home/airflow/.local/lib/python3.12/site-packages/airflow/example_dags/example_latest_only.py
[2024-07-08T15:23:41.688+0000] {processor.py:840} INFO - DAG(s) 'latest_only' retrieved from /home/airflow/.local/lib/python3.12/site-packages/airflow/example_dags/example_latest_only.py
[2024-07-08T15:23:41.734+0000] {logging_mixin.py:188} INFO - [2024-07-08T15:23:41.734+0000] {dag.py:3096} INFO - Sync 1 DAGs
[2024-07-08T15:23:41.792+0000] {logging_mixin.py:188} INFO - [2024-07-08T15:23:41.792+0000] {dag.py:3954} INFO - Setting next_dagrun for latest_only to 2024-07-08 08:00:00+00:00, run_after=2024-07-08 12:00:00+00:00
[2024-07-08T15:23:41.852+0000] {processor.py:183} INFO - Processing /home/airflow/.local/lib/python3.12/site-packages/airflow/example_dags/example_latest_only.py took 0.190 seconds
[2024-07-08T15:24:12.220+0000] {processor.py:161} INFO - Started process (PID=1544) to work on /home/airflow/.local/lib/python3.12/site-packages/airflow/example_dags/example_latest_only.py
[2024-07-08T15:24:12.221+0000] {processor.py:830} INFO - Processing file /home/airflow/.local/lib/python3.12/site-packages/airflow/example_dags/example_latest_only.py for tasks to queue
[2024-07-08T15:24:12.223+0000] {logging_mixin.py:188} INFO - [2024-07-08T15:24:12.222+0000] {dagbag.py:545} INFO - Filling up the DagBag from /home/airflow/.local/lib/python3.12/site-packages/airflow/example_dags/example_latest_only.py
[2024-07-08T15:24:12.230+0000] {processor.py:840} INFO - DAG(s) 'latest_only' retrieved from /home/airflow/.local/lib/python3.12/site-packages/airflow/example_dags/example_latest_only.py
[2024-07-08T15:24:12.272+0000] {logging_mixin.py:188} INFO - [2024-07-08T15:24:12.271+0000] {dag.py:3096} INFO - Sync 1 DAGs
[2024-07-08T15:24:12.318+0000] {logging_mixin.py:188} INFO - [2024-07-08T15:24:12.317+0000] {dag.py:3954} INFO - Setting next_dagrun for latest_only to 2024-07-08 08:00:00+00:00, run_after=2024-07-08 12:00:00+00:00
[2024-07-08T15:24:12.356+0000] {processor.py:183} INFO - Processing /home/airflow/.local/lib/python3.12/site-packages/airflow/example_dags/example_latest_only.py took 0.144 seconds
[2024-07-08T15:24:42.427+0000] {processor.py:161} INFO - Started process (PID=1603) to work on /home/airflow/.local/lib/python3.12/site-packages/airflow/example_dags/example_latest_only.py
[2024-07-08T15:24:42.429+0000] {processor.py:830} INFO - Processing file /home/airflow/.local/lib/python3.12/site-packages/airflow/example_dags/example_latest_only.py for tasks to queue
[2024-07-08T15:24:42.430+0000] {logging_mixin.py:188} INFO - [2024-07-08T15:24:42.430+0000] {dagbag.py:545} INFO - Filling up the DagBag from /home/airflow/.local/lib/python3.12/site-packages/airflow/example_dags/example_latest_only.py
[2024-07-08T15:24:42.438+0000] {processor.py:840} INFO - DAG(s) 'latest_only' retrieved from /home/airflow/.local/lib/python3.12/site-packages/airflow/example_dags/example_latest_only.py
[2024-07-08T15:24:42.463+0000] {logging_mixin.py:188} INFO - [2024-07-08T15:24:42.463+0000] {dag.py:3096} INFO - Sync 1 DAGs
[2024-07-08T15:24:42.501+0000] {logging_mixin.py:188} INFO - [2024-07-08T15:24:42.501+0000] {dag.py:3954} INFO - Setting next_dagrun for latest_only to 2024-07-08 08:00:00+00:00, run_after=2024-07-08 12:00:00+00:00
[2024-07-08T15:24:42.556+0000] {processor.py:183} INFO - Processing /home/airflow/.local/lib/python3.12/site-packages/airflow/example_dags/example_latest_only.py took 0.138 seconds
[2024-07-08T15:25:12.686+0000] {processor.py:161} INFO - Started process (PID=1666) to work on /home/airflow/.local/lib/python3.12/site-packages/airflow/example_dags/example_latest_only.py
[2024-07-08T15:25:12.687+0000] {processor.py:830} INFO - Processing file /home/airflow/.local/lib/python3.12/site-packages/airflow/example_dags/example_latest_only.py for tasks to queue
[2024-07-08T15:25:12.689+0000] {logging_mixin.py:188} INFO - [2024-07-08T15:25:12.688+0000] {dagbag.py:545} INFO - Filling up the DagBag from /home/airflow/.local/lib/python3.12/site-packages/airflow/example_dags/example_latest_only.py
[2024-07-08T15:25:12.696+0000] {processor.py:840} INFO - DAG(s) 'latest_only' retrieved from /home/airflow/.local/lib/python3.12/site-packages/airflow/example_dags/example_latest_only.py
[2024-07-08T15:25:12.728+0000] {logging_mixin.py:188} INFO - [2024-07-08T15:25:12.728+0000] {dag.py:3096} INFO - Sync 1 DAGs
[2024-07-08T15:25:12.757+0000] {logging_mixin.py:188} INFO - [2024-07-08T15:25:12.757+0000] {dag.py:3954} INFO - Setting next_dagrun for latest_only to 2024-07-08 08:00:00+00:00, run_after=2024-07-08 12:00:00+00:00
[2024-07-08T15:25:12.783+0000] {processor.py:183} INFO - Processing /home/airflow/.local/lib/python3.12/site-packages/airflow/example_dags/example_latest_only.py took 0.105 seconds
[2024-07-08T15:25:43.718+0000] {processor.py:161} INFO - Started process (PID=1733) to work on /home/airflow/.local/lib/python3.12/site-packages/airflow/example_dags/example_latest_only.py
[2024-07-08T15:25:43.719+0000] {processor.py:830} INFO - Processing file /home/airflow/.local/lib/python3.12/site-packages/airflow/example_dags/example_latest_only.py for tasks to queue
[2024-07-08T15:25:43.721+0000] {logging_mixin.py:188} INFO - [2024-07-08T15:25:43.721+0000] {dagbag.py:545} INFO - Filling up the DagBag from /home/airflow/.local/lib/python3.12/site-packages/airflow/example_dags/example_latest_only.py
[2024-07-08T15:25:43.730+0000] {processor.py:840} INFO - DAG(s) 'latest_only' retrieved from /home/airflow/.local/lib/python3.12/site-packages/airflow/example_dags/example_latest_only.py
[2024-07-08T15:25:43.755+0000] {logging_mixin.py:188} INFO - [2024-07-08T15:25:43.755+0000] {dag.py:3096} INFO - Sync 1 DAGs
[2024-07-08T15:25:43.787+0000] {logging_mixin.py:188} INFO - [2024-07-08T15:25:43.787+0000] {dag.py:3954} INFO - Setting next_dagrun for latest_only to 2024-07-08 08:00:00+00:00, run_after=2024-07-08 12:00:00+00:00
[2024-07-08T15:25:43.823+0000] {processor.py:183} INFO - Processing /home/airflow/.local/lib/python3.12/site-packages/airflow/example_dags/example_latest_only.py took 0.114 seconds
[2024-07-08T15:26:13.899+0000] {processor.py:161} INFO - Started process (PID=1796) to work on /home/airflow/.local/lib/python3.12/site-packages/airflow/example_dags/example_latest_only.py
[2024-07-08T15:26:13.901+0000] {processor.py:830} INFO - Processing file /home/airflow/.local/lib/python3.12/site-packages/airflow/example_dags/example_latest_only.py for tasks to queue
[2024-07-08T15:26:13.910+0000] {logging_mixin.py:188} INFO - [2024-07-08T15:26:13.902+0000] {dagbag.py:545} INFO - Filling up the DagBag from /home/airflow/.local/lib/python3.12/site-packages/airflow/example_dags/example_latest_only.py
[2024-07-08T15:26:13.924+0000] {processor.py:840} INFO - DAG(s) 'latest_only' retrieved from /home/airflow/.local/lib/python3.12/site-packages/airflow/example_dags/example_latest_only.py
[2024-07-08T15:26:13.961+0000] {logging_mixin.py:188} INFO - [2024-07-08T15:26:13.961+0000] {dag.py:3096} INFO - Sync 1 DAGs
[2024-07-08T15:26:14.009+0000] {logging_mixin.py:188} INFO - [2024-07-08T15:26:14.008+0000] {dag.py:3954} INFO - Setting next_dagrun for latest_only to 2024-07-08 08:00:00+00:00, run_after=2024-07-08 12:00:00+00:00
[2024-07-08T15:26:14.042+0000] {processor.py:183} INFO - Processing /home/airflow/.local/lib/python3.12/site-packages/airflow/example_dags/example_latest_only.py took 0.154 seconds
[2024-07-08T15:26:44.387+0000] {processor.py:161} INFO - Started process (PID=1858) to work on /home/airflow/.local/lib/python3.12/site-packages/airflow/example_dags/example_latest_only.py
[2024-07-08T15:26:44.388+0000] {processor.py:830} INFO - Processing file /home/airflow/.local/lib/python3.12/site-packages/airflow/example_dags/example_latest_only.py for tasks to queue
[2024-07-08T15:26:44.391+0000] {logging_mixin.py:188} INFO - [2024-07-08T15:26:44.390+0000] {dagbag.py:545} INFO - Filling up the DagBag from /home/airflow/.local/lib/python3.12/site-packages/airflow/example_dags/example_latest_only.py
[2024-07-08T15:26:44.400+0000] {processor.py:840} INFO - DAG(s) 'latest_only' retrieved from /home/airflow/.local/lib/python3.12/site-packages/airflow/example_dags/example_latest_only.py
[2024-07-08T15:26:44.436+0000] {logging_mixin.py:188} INFO - [2024-07-08T15:26:44.436+0000] {dag.py:3096} INFO - Sync 1 DAGs
[2024-07-08T15:26:44.469+0000] {logging_mixin.py:188} INFO - [2024-07-08T15:26:44.469+0000] {dag.py:3954} INFO - Setting next_dagrun for latest_only to 2024-07-08 08:00:00+00:00, run_after=2024-07-08 12:00:00+00:00
[2024-07-08T15:26:44.497+0000] {processor.py:183} INFO - Processing /home/airflow/.local/lib/python3.12/site-packages/airflow/example_dags/example_latest_only.py took 0.117 seconds
[2024-07-08T15:27:14.982+0000] {processor.py:161} INFO - Started process (PID=1917) to work on /home/airflow/.local/lib/python3.12/site-packages/airflow/example_dags/example_latest_only.py
[2024-07-08T15:27:14.983+0000] {processor.py:830} INFO - Processing file /home/airflow/.local/lib/python3.12/site-packages/airflow/example_dags/example_latest_only.py for tasks to queue
[2024-07-08T15:27:14.984+0000] {logging_mixin.py:188} INFO - [2024-07-08T15:27:14.984+0000] {dagbag.py:545} INFO - Filling up the DagBag from /home/airflow/.local/lib/python3.12/site-packages/airflow/example_dags/example_latest_only.py
[2024-07-08T15:27:14.991+0000] {processor.py:840} INFO - DAG(s) 'latest_only' retrieved from /home/airflow/.local/lib/python3.12/site-packages/airflow/example_dags/example_latest_only.py
[2024-07-08T15:27:15.019+0000] {logging_mixin.py:188} INFO - [2024-07-08T15:27:15.019+0000] {dag.py:3096} INFO - Sync 1 DAGs
[2024-07-08T15:27:15.072+0000] {logging_mixin.py:188} INFO - [2024-07-08T15:27:15.071+0000] {dag.py:3954} INFO - Setting next_dagrun for latest_only to 2024-07-08 08:00:00+00:00, run_after=2024-07-08 12:00:00+00:00
[2024-07-08T15:27:15.112+0000] {processor.py:183} INFO - Processing /home/airflow/.local/lib/python3.12/site-packages/airflow/example_dags/example_latest_only.py took 0.137 seconds
[2024-07-08T15:27:45.897+0000] {processor.py:161} INFO - Started process (PID=1975) to work on /home/airflow/.local/lib/python3.12/site-packages/airflow/example_dags/example_latest_only.py
[2024-07-08T15:27:45.898+0000] {processor.py:830} INFO - Processing file /home/airflow/.local/lib/python3.12/site-packages/airflow/example_dags/example_latest_only.py for tasks to queue
[2024-07-08T15:27:45.900+0000] {logging_mixin.py:188} INFO - [2024-07-08T15:27:45.900+0000] {dagbag.py:545} INFO - Filling up the DagBag from /home/airflow/.local/lib/python3.12/site-packages/airflow/example_dags/example_latest_only.py
[2024-07-08T15:27:45.908+0000] {processor.py:840} INFO - DAG(s) 'latest_only' retrieved from /home/airflow/.local/lib/python3.12/site-packages/airflow/example_dags/example_latest_only.py
[2024-07-08T15:27:45.937+0000] {logging_mixin.py:188} INFO - [2024-07-08T15:27:45.937+0000] {dag.py:3096} INFO - Sync 1 DAGs
[2024-07-08T15:27:45.969+0000] {logging_mixin.py:188} INFO - [2024-07-08T15:27:45.969+0000] {dag.py:3954} INFO - Setting next_dagrun for latest_only to 2024-07-08 08:00:00+00:00, run_after=2024-07-08 12:00:00+00:00
[2024-07-08T15:27:46.002+0000] {processor.py:183} INFO - Processing /home/airflow/.local/lib/python3.12/site-packages/airflow/example_dags/example_latest_only.py took 0.114 seconds
[2024-07-08T15:28:16.211+0000] {processor.py:161} INFO - Started process (PID=2034) to work on /home/airflow/.local/lib/python3.12/site-packages/airflow/example_dags/example_latest_only.py
[2024-07-08T15:28:16.213+0000] {processor.py:830} INFO - Processing file /home/airflow/.local/lib/python3.12/site-packages/airflow/example_dags/example_latest_only.py for tasks to queue
[2024-07-08T15:28:16.215+0000] {logging_mixin.py:188} INFO - [2024-07-08T15:28:16.214+0000] {dagbag.py:545} INFO - Filling up the DagBag from /home/airflow/.local/lib/python3.12/site-packages/airflow/example_dags/example_latest_only.py
[2024-07-08T15:28:16.227+0000] {processor.py:840} INFO - DAG(s) 'latest_only' retrieved from /home/airflow/.local/lib/python3.12/site-packages/airflow/example_dags/example_latest_only.py
[2024-07-08T15:28:16.262+0000] {logging_mixin.py:188} INFO - [2024-07-08T15:28:16.262+0000] {dag.py:3096} INFO - Sync 1 DAGs
[2024-07-08T15:28:16.303+0000] {logging_mixin.py:188} INFO - [2024-07-08T15:28:16.303+0000] {dag.py:3954} INFO - Setting next_dagrun for latest_only to 2024-07-08 08:00:00+00:00, run_after=2024-07-08 12:00:00+00:00
[2024-07-08T15:28:16.338+0000] {processor.py:183} INFO - Processing /home/airflow/.local/lib/python3.12/site-packages/airflow/example_dags/example_latest_only.py took 0.139 seconds
[2024-07-08T15:31:14.385+0000] {processor.py:161} INFO - Started process (PID=2096) to work on /home/airflow/.local/lib/python3.12/site-packages/airflow/example_dags/example_latest_only.py
[2024-07-08T15:31:14.391+0000] {processor.py:830} INFO - Processing file /home/airflow/.local/lib/python3.12/site-packages/airflow/example_dags/example_latest_only.py for tasks to queue
[2024-07-08T15:31:14.394+0000] {logging_mixin.py:188} INFO - [2024-07-08T15:31:14.394+0000] {dagbag.py:545} INFO - Filling up the DagBag from /home/airflow/.local/lib/python3.12/site-packages/airflow/example_dags/example_latest_only.py
[2024-07-08T15:31:14.412+0000] {processor.py:840} INFO - DAG(s) 'latest_only' retrieved from /home/airflow/.local/lib/python3.12/site-packages/airflow/example_dags/example_latest_only.py
[2024-07-08T15:31:14.502+0000] {logging_mixin.py:188} INFO - [2024-07-08T15:31:14.502+0000] {dag.py:3096} INFO - Sync 1 DAGs
[2024-07-08T15:31:14.588+0000] {logging_mixin.py:188} INFO - [2024-07-08T15:31:14.588+0000] {dag.py:3954} INFO - Setting next_dagrun for latest_only to 2024-07-08 08:00:00+00:00, run_after=2024-07-08 12:00:00+00:00
[2024-07-08T15:31:14.669+0000] {processor.py:183} INFO - Processing /home/airflow/.local/lib/python3.12/site-packages/airflow/example_dags/example_latest_only.py took 0.299 seconds
[2024-07-08T15:31:45.913+0000] {processor.py:161} INFO - Started process (PID=2154) to work on /home/airflow/.local/lib/python3.12/site-packages/airflow/example_dags/example_latest_only.py
[2024-07-08T15:31:45.915+0000] {processor.py:830} INFO - Processing file /home/airflow/.local/lib/python3.12/site-packages/airflow/example_dags/example_latest_only.py for tasks to queue
[2024-07-08T15:31:45.918+0000] {logging_mixin.py:188} INFO - [2024-07-08T15:31:45.917+0000] {dagbag.py:545} INFO - Filling up the DagBag from /home/airflow/.local/lib/python3.12/site-packages/airflow/example_dags/example_latest_only.py
[2024-07-08T15:31:45.931+0000] {processor.py:840} INFO - DAG(s) 'latest_only' retrieved from /home/airflow/.local/lib/python3.12/site-packages/airflow/example_dags/example_latest_only.py
[2024-07-08T15:31:45.979+0000] {logging_mixin.py:188} INFO - [2024-07-08T15:31:45.978+0000] {dag.py:3096} INFO - Sync 1 DAGs
[2024-07-08T15:31:46.045+0000] {logging_mixin.py:188} INFO - [2024-07-08T15:31:46.045+0000] {dag.py:3954} INFO - Setting next_dagrun for latest_only to 2024-07-08 08:00:00+00:00, run_after=2024-07-08 12:00:00+00:00
[2024-07-08T15:31:46.091+0000] {processor.py:183} INFO - Processing /home/airflow/.local/lib/python3.12/site-packages/airflow/example_dags/example_latest_only.py took 0.192 seconds
[2024-07-08T15:32:21.507+0000] {processor.py:161} INFO - Started process (PID=2213) to work on /home/airflow/.local/lib/python3.12/site-packages/airflow/example_dags/example_latest_only.py
[2024-07-08T15:32:21.512+0000] {processor.py:830} INFO - Processing file /home/airflow/.local/lib/python3.12/site-packages/airflow/example_dags/example_latest_only.py for tasks to queue
[2024-07-08T15:32:21.519+0000] {logging_mixin.py:188} INFO - [2024-07-08T15:32:21.518+0000] {dagbag.py:545} INFO - Filling up the DagBag from /home/airflow/.local/lib/python3.12/site-packages/airflow/example_dags/example_latest_only.py
[2024-07-08T15:32:21.542+0000] {processor.py:840} INFO - DAG(s) 'latest_only' retrieved from /home/airflow/.local/lib/python3.12/site-packages/airflow/example_dags/example_latest_only.py
[2024-07-08T15:32:21.626+0000] {logging_mixin.py:188} INFO - [2024-07-08T15:32:21.626+0000] {dag.py:3096} INFO - Sync 1 DAGs
[2024-07-08T15:32:21.713+0000] {logging_mixin.py:188} INFO - [2024-07-08T15:32:21.712+0000] {dag.py:3954} INFO - Setting next_dagrun for latest_only to 2024-07-08 08:00:00+00:00, run_after=2024-07-08 12:00:00+00:00
[2024-07-08T15:32:21.790+0000] {processor.py:183} INFO - Processing /home/airflow/.local/lib/python3.12/site-packages/airflow/example_dags/example_latest_only.py took 0.306 seconds
[2024-07-08T15:37:45.289+0000] {processor.py:161} INFO - Started process (PID=2308) to work on /home/airflow/.local/lib/python3.12/site-packages/airflow/example_dags/example_latest_only.py
[2024-07-08T15:37:47.473+0000] {processor.py:830} INFO - Processing file /home/airflow/.local/lib/python3.12/site-packages/airflow/example_dags/example_latest_only.py for tasks to queue
[2024-07-08T15:37:47.521+0000] {logging_mixin.py:188} INFO - [2024-07-08T15:37:47.486+0000] {dagbag.py:545} INFO - Filling up the DagBag from /home/airflow/.local/lib/python3.12/site-packages/airflow/example_dags/example_latest_only.py
[2024-07-08T15:37:47.727+0000] {processor.py:840} INFO - DAG(s) 'latest_only' retrieved from /home/airflow/.local/lib/python3.12/site-packages/airflow/example_dags/example_latest_only.py
[2024-07-08T15:37:48.226+0000] {logging_mixin.py:188} INFO - [2024-07-08T15:37:48.224+0000] {dag.py:3096} INFO - Sync 1 DAGs
[2024-07-08T15:37:48.450+0000] {logging_mixin.py:188} INFO - [2024-07-08T15:37:48.450+0000] {dag.py:3954} INFO - Setting next_dagrun for latest_only to 2024-07-08 08:00:00+00:00, run_after=2024-07-08 12:00:00+00:00
[2024-07-08T15:37:48.649+0000] {processor.py:183} INFO - Processing /home/airflow/.local/lib/python3.12/site-packages/airflow/example_dags/example_latest_only.py took 3.595 seconds
[2024-07-08T15:42:19.332+0000] {processor.py:161} INFO - Started process (PID=2426) to work on /home/airflow/.local/lib/python3.12/site-packages/airflow/example_dags/example_latest_only.py
[2024-07-08T15:42:19.336+0000] {processor.py:830} INFO - Processing file /home/airflow/.local/lib/python3.12/site-packages/airflow/example_dags/example_latest_only.py for tasks to queue
[2024-07-08T15:42:19.349+0000] {logging_mixin.py:188} INFO - [2024-07-08T15:42:19.348+0000] {dagbag.py:545} INFO - Filling up the DagBag from /home/airflow/.local/lib/python3.12/site-packages/airflow/example_dags/example_latest_only.py
[2024-07-08T15:42:19.387+0000] {processor.py:840} INFO - DAG(s) 'latest_only' retrieved from /home/airflow/.local/lib/python3.12/site-packages/airflow/example_dags/example_latest_only.py
[2024-07-08T15:42:19.621+0000] {logging_mixin.py:188} INFO - [2024-07-08T15:42:19.620+0000] {dag.py:3096} INFO - Sync 1 DAGs
[2024-07-08T15:42:19.711+0000] {logging_mixin.py:188} INFO - [2024-07-08T15:42:19.710+0000] {dag.py:3954} INFO - Setting next_dagrun for latest_only to 2024-07-08 08:00:00+00:00, run_after=2024-07-08 12:00:00+00:00
[2024-07-08T15:42:19.805+0000] {processor.py:183} INFO - Processing /home/airflow/.local/lib/python3.12/site-packages/airflow/example_dags/example_latest_only.py took 0.481 seconds
[2024-07-08T15:42:50.525+0000] {processor.py:161} INFO - Started process (PID=2489) to work on /home/airflow/.local/lib/python3.12/site-packages/airflow/example_dags/example_latest_only.py
[2024-07-08T15:42:50.526+0000] {processor.py:830} INFO - Processing file /home/airflow/.local/lib/python3.12/site-packages/airflow/example_dags/example_latest_only.py for tasks to queue
[2024-07-08T15:42:50.527+0000] {logging_mixin.py:188} INFO - [2024-07-08T15:42:50.527+0000] {dagbag.py:545} INFO - Filling up the DagBag from /home/airflow/.local/lib/python3.12/site-packages/airflow/example_dags/example_latest_only.py
[2024-07-08T15:42:50.534+0000] {processor.py:840} INFO - DAG(s) 'latest_only' retrieved from /home/airflow/.local/lib/python3.12/site-packages/airflow/example_dags/example_latest_only.py
[2024-07-08T15:42:50.560+0000] {logging_mixin.py:188} INFO - [2024-07-08T15:42:50.559+0000] {dag.py:3096} INFO - Sync 1 DAGs
[2024-07-08T15:42:50.586+0000] {logging_mixin.py:188} INFO - [2024-07-08T15:42:50.586+0000] {dag.py:3954} INFO - Setting next_dagrun for latest_only to 2024-07-08 08:00:00+00:00, run_after=2024-07-08 12:00:00+00:00
[2024-07-08T15:42:50.624+0000] {processor.py:183} INFO - Processing /home/airflow/.local/lib/python3.12/site-packages/airflow/example_dags/example_latest_only.py took 0.108 seconds
[2024-07-08T15:43:21.094+0000] {processor.py:161} INFO - Started process (PID=2549) to work on /home/airflow/.local/lib/python3.12/site-packages/airflow/example_dags/example_latest_only.py
[2024-07-08T15:43:21.095+0000] {processor.py:830} INFO - Processing file /home/airflow/.local/lib/python3.12/site-packages/airflow/example_dags/example_latest_only.py for tasks to queue
[2024-07-08T15:43:21.097+0000] {logging_mixin.py:188} INFO - [2024-07-08T15:43:21.096+0000] {dagbag.py:545} INFO - Filling up the DagBag from /home/airflow/.local/lib/python3.12/site-packages/airflow/example_dags/example_latest_only.py
[2024-07-08T15:43:21.103+0000] {processor.py:840} INFO - DAG(s) 'latest_only' retrieved from /home/airflow/.local/lib/python3.12/site-packages/airflow/example_dags/example_latest_only.py
[2024-07-08T15:43:21.130+0000] {logging_mixin.py:188} INFO - [2024-07-08T15:43:21.129+0000] {dag.py:3096} INFO - Sync 1 DAGs
[2024-07-08T15:43:21.157+0000] {logging_mixin.py:188} INFO - [2024-07-08T15:43:21.156+0000] {dag.py:3954} INFO - Setting next_dagrun for latest_only to 2024-07-08 08:00:00+00:00, run_after=2024-07-08 12:00:00+00:00
[2024-07-08T15:43:21.184+0000] {processor.py:183} INFO - Processing /home/airflow/.local/lib/python3.12/site-packages/airflow/example_dags/example_latest_only.py took 0.096 seconds
[2024-07-08T15:43:51.267+0000] {processor.py:161} INFO - Started process (PID=2608) to work on /home/airflow/.local/lib/python3.12/site-packages/airflow/example_dags/example_latest_only.py
[2024-07-08T15:43:51.268+0000] {processor.py:830} INFO - Processing file /home/airflow/.local/lib/python3.12/site-packages/airflow/example_dags/example_latest_only.py for tasks to queue
[2024-07-08T15:43:51.270+0000] {logging_mixin.py:188} INFO - [2024-07-08T15:43:51.269+0000] {dagbag.py:545} INFO - Filling up the DagBag from /home/airflow/.local/lib/python3.12/site-packages/airflow/example_dags/example_latest_only.py
[2024-07-08T15:43:51.278+0000] {processor.py:840} INFO - DAG(s) 'latest_only' retrieved from /home/airflow/.local/lib/python3.12/site-packages/airflow/example_dags/example_latest_only.py
[2024-07-08T15:43:51.305+0000] {logging_mixin.py:188} INFO - [2024-07-08T15:43:51.304+0000] {dag.py:3096} INFO - Sync 1 DAGs
[2024-07-08T15:43:51.328+0000] {logging_mixin.py:188} INFO - [2024-07-08T15:43:51.327+0000] {dag.py:3954} INFO - Setting next_dagrun for latest_only to 2024-07-08 08:00:00+00:00, run_after=2024-07-08 12:00:00+00:00
[2024-07-08T15:43:51.350+0000] {processor.py:183} INFO - Processing /home/airflow/.local/lib/python3.12/site-packages/airflow/example_dags/example_latest_only.py took 0.092 seconds
