[2024-07-08T15:07:55.250+0000] {processor.py:161} INFO - Started process (PID=73) to work on /home/airflow/.local/lib/python3.12/site-packages/airflow/example_dags/example_latest_only_with_trigger.py
[2024-07-08T15:07:55.263+0000] {processor.py:830} INFO - Processing file /home/airflow/.local/lib/python3.12/site-packages/airflow/example_dags/example_latest_only_with_trigger.py for tasks to queue
[2024-07-08T15:07:55.274+0000] {logging_mixin.py:188} INFO - [2024-07-08T15:07:55.267+0000] {dagbag.py:545} INFO - Filling up the DagBag from /home/airflow/.local/lib/python3.12/site-packages/airflow/example_dags/example_latest_only_with_trigger.py
[2024-07-08T15:07:55.317+0000] {processor.py:840} INFO - DAG(s) 'latest_only_with_trigger' retrieved from /home/airflow/.local/lib/python3.12/site-packages/airflow/example_dags/example_latest_only_with_trigger.py
[2024-07-08T15:07:55.800+0000] {logging_mixin.py:188} INFO - [2024-07-08T15:07:55.799+0000] {dag.py:3096} INFO - Sync 1 DAGs
[2024-07-08T15:07:55.918+0000] {logging_mixin.py:188} INFO - [2024-07-08T15:07:55.918+0000] {dag.py:3954} INFO - Setting next_dagrun for latest_only_with_trigger to 2024-07-08 08:00:00+00:00, run_after=2024-07-08 12:00:00+00:00
[2024-07-08T15:07:56.018+0000] {processor.py:183} INFO - Processing /home/airflow/.local/lib/python3.12/site-packages/airflow/example_dags/example_latest_only_with_trigger.py took 0.798 seconds
[2024-07-08T15:08:26.318+0000] {processor.py:161} INFO - Started process (PID=130) to work on /home/airflow/.local/lib/python3.12/site-packages/airflow/example_dags/example_latest_only_with_trigger.py
[2024-07-08T15:08:26.320+0000] {processor.py:830} INFO - Processing file /home/airflow/.local/lib/python3.12/site-packages/airflow/example_dags/example_latest_only_with_trigger.py for tasks to queue
[2024-07-08T15:08:26.323+0000] {logging_mixin.py:188} INFO - [2024-07-08T15:08:26.322+0000] {dagbag.py:545} INFO - Filling up the DagBag from /home/airflow/.local/lib/python3.12/site-packages/airflow/example_dags/example_latest_only_with_trigger.py
[2024-07-08T15:08:26.331+0000] {processor.py:840} INFO - DAG(s) 'latest_only_with_trigger' retrieved from /home/airflow/.local/lib/python3.12/site-packages/airflow/example_dags/example_latest_only_with_trigger.py
[2024-07-08T15:08:26.367+0000] {logging_mixin.py:188} INFO - [2024-07-08T15:08:26.367+0000] {dag.py:3096} INFO - Sync 1 DAGs
[2024-07-08T15:08:26.402+0000] {logging_mixin.py:188} INFO - [2024-07-08T15:08:26.401+0000] {dag.py:3954} INFO - Setting next_dagrun for latest_only_with_trigger to 2024-07-08 08:00:00+00:00, run_after=2024-07-08 12:00:00+00:00
[2024-07-08T15:08:26.435+0000] {processor.py:183} INFO - Processing /home/airflow/.local/lib/python3.12/site-packages/airflow/example_dags/example_latest_only_with_trigger.py took 0.123 seconds
[2024-07-08T15:08:56.661+0000] {processor.py:161} INFO - Started process (PID=188) to work on /home/airflow/.local/lib/python3.12/site-packages/airflow/example_dags/example_latest_only_with_trigger.py
[2024-07-08T15:08:56.666+0000] {processor.py:830} INFO - Processing file /home/airflow/.local/lib/python3.12/site-packages/airflow/example_dags/example_latest_only_with_trigger.py for tasks to queue
[2024-07-08T15:08:56.669+0000] {logging_mixin.py:188} INFO - [2024-07-08T15:08:56.669+0000] {dagbag.py:545} INFO - Filling up the DagBag from /home/airflow/.local/lib/python3.12/site-packages/airflow/example_dags/example_latest_only_with_trigger.py
[2024-07-08T15:08:56.679+0000] {processor.py:840} INFO - DAG(s) 'latest_only_with_trigger' retrieved from /home/airflow/.local/lib/python3.12/site-packages/airflow/example_dags/example_latest_only_with_trigger.py
[2024-07-08T15:08:56.721+0000] {logging_mixin.py:188} INFO - [2024-07-08T15:08:56.721+0000] {dag.py:3096} INFO - Sync 1 DAGs
[2024-07-08T15:08:56.769+0000] {logging_mixin.py:188} INFO - [2024-07-08T15:08:56.769+0000] {dag.py:3954} INFO - Setting next_dagrun for latest_only_with_trigger to 2024-07-08 08:00:00+00:00, run_after=2024-07-08 12:00:00+00:00
[2024-07-08T15:08:56.824+0000] {processor.py:183} INFO - Processing /home/airflow/.local/lib/python3.12/site-packages/airflow/example_dags/example_latest_only_with_trigger.py took 0.176 seconds
[2024-07-08T15:09:27.012+0000] {processor.py:161} INFO - Started process (PID=246) to work on /home/airflow/.local/lib/python3.12/site-packages/airflow/example_dags/example_latest_only_with_trigger.py
[2024-07-08T15:09:27.014+0000] {processor.py:830} INFO - Processing file /home/airflow/.local/lib/python3.12/site-packages/airflow/example_dags/example_latest_only_with_trigger.py for tasks to queue
[2024-07-08T15:09:27.017+0000] {logging_mixin.py:188} INFO - [2024-07-08T15:09:27.016+0000] {dagbag.py:545} INFO - Filling up the DagBag from /home/airflow/.local/lib/python3.12/site-packages/airflow/example_dags/example_latest_only_with_trigger.py
[2024-07-08T15:09:27.025+0000] {processor.py:840} INFO - DAG(s) 'latest_only_with_trigger' retrieved from /home/airflow/.local/lib/python3.12/site-packages/airflow/example_dags/example_latest_only_with_trigger.py
[2024-07-08T15:09:27.053+0000] {logging_mixin.py:188} INFO - [2024-07-08T15:09:27.053+0000] {dag.py:3096} INFO - Sync 1 DAGs
[2024-07-08T15:09:27.084+0000] {logging_mixin.py:188} INFO - [2024-07-08T15:09:27.083+0000] {dag.py:3954} INFO - Setting next_dagrun for latest_only_with_trigger to 2024-07-08 08:00:00+00:00, run_after=2024-07-08 12:00:00+00:00
[2024-07-08T15:09:27.115+0000] {processor.py:183} INFO - Processing /home/airflow/.local/lib/python3.12/site-packages/airflow/example_dags/example_latest_only_with_trigger.py took 0.111 seconds
[2024-07-08T15:09:57.736+0000] {processor.py:161} INFO - Started process (PID=304) to work on /home/airflow/.local/lib/python3.12/site-packages/airflow/example_dags/example_latest_only_with_trigger.py
[2024-07-08T15:09:57.738+0000] {processor.py:830} INFO - Processing file /home/airflow/.local/lib/python3.12/site-packages/airflow/example_dags/example_latest_only_with_trigger.py for tasks to queue
[2024-07-08T15:09:57.742+0000] {logging_mixin.py:188} INFO - [2024-07-08T15:09:57.741+0000] {dagbag.py:545} INFO - Filling up the DagBag from /home/airflow/.local/lib/python3.12/site-packages/airflow/example_dags/example_latest_only_with_trigger.py
[2024-07-08T15:09:57.753+0000] {processor.py:840} INFO - DAG(s) 'latest_only_with_trigger' retrieved from /home/airflow/.local/lib/python3.12/site-packages/airflow/example_dags/example_latest_only_with_trigger.py
[2024-07-08T15:09:57.783+0000] {logging_mixin.py:188} INFO - [2024-07-08T15:09:57.783+0000] {dag.py:3096} INFO - Sync 1 DAGs
[2024-07-08T15:09:57.813+0000] {logging_mixin.py:188} INFO - [2024-07-08T15:09:57.813+0000] {dag.py:3954} INFO - Setting next_dagrun for latest_only_with_trigger to 2024-07-08 08:00:00+00:00, run_after=2024-07-08 12:00:00+00:00
[2024-07-08T15:09:57.878+0000] {processor.py:183} INFO - Processing /home/airflow/.local/lib/python3.12/site-packages/airflow/example_dags/example_latest_only_with_trigger.py took 0.150 seconds
[2024-07-08T15:10:27.976+0000] {processor.py:161} INFO - Started process (PID=361) to work on /home/airflow/.local/lib/python3.12/site-packages/airflow/example_dags/example_latest_only_with_trigger.py
[2024-07-08T15:10:27.978+0000] {processor.py:830} INFO - Processing file /home/airflow/.local/lib/python3.12/site-packages/airflow/example_dags/example_latest_only_with_trigger.py for tasks to queue
[2024-07-08T15:10:27.980+0000] {logging_mixin.py:188} INFO - [2024-07-08T15:10:27.980+0000] {dagbag.py:545} INFO - Filling up the DagBag from /home/airflow/.local/lib/python3.12/site-packages/airflow/example_dags/example_latest_only_with_trigger.py
[2024-07-08T15:10:27.989+0000] {processor.py:840} INFO - DAG(s) 'latest_only_with_trigger' retrieved from /home/airflow/.local/lib/python3.12/site-packages/airflow/example_dags/example_latest_only_with_trigger.py
[2024-07-08T15:10:28.045+0000] {logging_mixin.py:188} INFO - [2024-07-08T15:10:28.045+0000] {dag.py:3096} INFO - Sync 1 DAGs
[2024-07-08T15:10:28.074+0000] {logging_mixin.py:188} INFO - [2024-07-08T15:10:28.073+0000] {dag.py:3954} INFO - Setting next_dagrun for latest_only_with_trigger to 2024-07-08 08:00:00+00:00, run_after=2024-07-08 12:00:00+00:00
[2024-07-08T15:10:28.108+0000] {processor.py:183} INFO - Processing /home/airflow/.local/lib/python3.12/site-packages/airflow/example_dags/example_latest_only_with_trigger.py took 0.141 seconds
[2024-07-08T15:10:58.460+0000] {processor.py:161} INFO - Started process (PID=419) to work on /home/airflow/.local/lib/python3.12/site-packages/airflow/example_dags/example_latest_only_with_trigger.py
[2024-07-08T15:10:58.461+0000] {processor.py:830} INFO - Processing file /home/airflow/.local/lib/python3.12/site-packages/airflow/example_dags/example_latest_only_with_trigger.py for tasks to queue
[2024-07-08T15:10:58.464+0000] {logging_mixin.py:188} INFO - [2024-07-08T15:10:58.464+0000] {dagbag.py:545} INFO - Filling up the DagBag from /home/airflow/.local/lib/python3.12/site-packages/airflow/example_dags/example_latest_only_with_trigger.py
[2024-07-08T15:10:58.471+0000] {processor.py:840} INFO - DAG(s) 'latest_only_with_trigger' retrieved from /home/airflow/.local/lib/python3.12/site-packages/airflow/example_dags/example_latest_only_with_trigger.py
[2024-07-08T15:10:58.500+0000] {logging_mixin.py:188} INFO - [2024-07-08T15:10:58.500+0000] {dag.py:3096} INFO - Sync 1 DAGs
[2024-07-08T15:10:58.536+0000] {logging_mixin.py:188} INFO - [2024-07-08T15:10:58.536+0000] {dag.py:3954} INFO - Setting next_dagrun for latest_only_with_trigger to 2024-07-08 08:00:00+00:00, run_after=2024-07-08 12:00:00+00:00
[2024-07-08T15:10:58.570+0000] {processor.py:183} INFO - Processing /home/airflow/.local/lib/python3.12/site-packages/airflow/example_dags/example_latest_only_with_trigger.py took 0.118 seconds
[2024-07-08T15:11:29.453+0000] {processor.py:161} INFO - Started process (PID=477) to work on /home/airflow/.local/lib/python3.12/site-packages/airflow/example_dags/example_latest_only_with_trigger.py
[2024-07-08T15:11:29.454+0000] {processor.py:830} INFO - Processing file /home/airflow/.local/lib/python3.12/site-packages/airflow/example_dags/example_latest_only_with_trigger.py for tasks to queue
[2024-07-08T15:11:29.457+0000] {logging_mixin.py:188} INFO - [2024-07-08T15:11:29.457+0000] {dagbag.py:545} INFO - Filling up the DagBag from /home/airflow/.local/lib/python3.12/site-packages/airflow/example_dags/example_latest_only_with_trigger.py
[2024-07-08T15:11:29.466+0000] {processor.py:840} INFO - DAG(s) 'latest_only_with_trigger' retrieved from /home/airflow/.local/lib/python3.12/site-packages/airflow/example_dags/example_latest_only_with_trigger.py
[2024-07-08T15:11:29.494+0000] {logging_mixin.py:188} INFO - [2024-07-08T15:11:29.494+0000] {dag.py:3096} INFO - Sync 1 DAGs
[2024-07-08T15:11:29.525+0000] {logging_mixin.py:188} INFO - [2024-07-08T15:11:29.525+0000] {dag.py:3954} INFO - Setting next_dagrun for latest_only_with_trigger to 2024-07-08 08:00:00+00:00, run_after=2024-07-08 12:00:00+00:00
[2024-07-08T15:11:29.557+0000] {processor.py:183} INFO - Processing /home/airflow/.local/lib/python3.12/site-packages/airflow/example_dags/example_latest_only_with_trigger.py took 0.112 seconds
[2024-07-08T15:11:59.751+0000] {processor.py:161} INFO - Started process (PID=534) to work on /home/airflow/.local/lib/python3.12/site-packages/airflow/example_dags/example_latest_only_with_trigger.py
[2024-07-08T15:11:59.753+0000] {processor.py:830} INFO - Processing file /home/airflow/.local/lib/python3.12/site-packages/airflow/example_dags/example_latest_only_with_trigger.py for tasks to queue
[2024-07-08T15:11:59.756+0000] {logging_mixin.py:188} INFO - [2024-07-08T15:11:59.756+0000] {dagbag.py:545} INFO - Filling up the DagBag from /home/airflow/.local/lib/python3.12/site-packages/airflow/example_dags/example_latest_only_with_trigger.py
[2024-07-08T15:11:59.766+0000] {processor.py:840} INFO - DAG(s) 'latest_only_with_trigger' retrieved from /home/airflow/.local/lib/python3.12/site-packages/airflow/example_dags/example_latest_only_with_trigger.py
[2024-07-08T15:11:59.799+0000] {logging_mixin.py:188} INFO - [2024-07-08T15:11:59.798+0000] {dag.py:3096} INFO - Sync 1 DAGs
[2024-07-08T15:11:59.838+0000] {logging_mixin.py:188} INFO - [2024-07-08T15:11:59.838+0000] {dag.py:3954} INFO - Setting next_dagrun for latest_only_with_trigger to 2024-07-08 08:00:00+00:00, run_after=2024-07-08 12:00:00+00:00
[2024-07-08T15:11:59.881+0000] {processor.py:183} INFO - Processing /home/airflow/.local/lib/python3.12/site-packages/airflow/example_dags/example_latest_only_with_trigger.py took 0.139 seconds
[2024-07-08T15:12:30.535+0000] {processor.py:161} INFO - Started process (PID=592) to work on /home/airflow/.local/lib/python3.12/site-packages/airflow/example_dags/example_latest_only_with_trigger.py
[2024-07-08T15:12:30.537+0000] {processor.py:830} INFO - Processing file /home/airflow/.local/lib/python3.12/site-packages/airflow/example_dags/example_latest_only_with_trigger.py for tasks to queue
[2024-07-08T15:12:30.540+0000] {logging_mixin.py:188} INFO - [2024-07-08T15:12:30.539+0000] {dagbag.py:545} INFO - Filling up the DagBag from /home/airflow/.local/lib/python3.12/site-packages/airflow/example_dags/example_latest_only_with_trigger.py
[2024-07-08T15:12:30.550+0000] {processor.py:840} INFO - DAG(s) 'latest_only_with_trigger' retrieved from /home/airflow/.local/lib/python3.12/site-packages/airflow/example_dags/example_latest_only_with_trigger.py
[2024-07-08T15:12:30.583+0000] {logging_mixin.py:188} INFO - [2024-07-08T15:12:30.582+0000] {dag.py:3096} INFO - Sync 1 DAGs
[2024-07-08T15:12:30.619+0000] {logging_mixin.py:188} INFO - [2024-07-08T15:12:30.618+0000] {dag.py:3954} INFO - Setting next_dagrun for latest_only_with_trigger to 2024-07-08 08:00:00+00:00, run_after=2024-07-08 12:00:00+00:00
[2024-07-08T15:12:30.653+0000] {processor.py:183} INFO - Processing /home/airflow/.local/lib/python3.12/site-packages/airflow/example_dags/example_latest_only_with_trigger.py took 0.129 seconds
[2024-07-08T15:13:00.908+0000] {processor.py:161} INFO - Started process (PID=651) to work on /home/airflow/.local/lib/python3.12/site-packages/airflow/example_dags/example_latest_only_with_trigger.py
[2024-07-08T15:13:00.911+0000] {processor.py:830} INFO - Processing file /home/airflow/.local/lib/python3.12/site-packages/airflow/example_dags/example_latest_only_with_trigger.py for tasks to queue
[2024-07-08T15:13:00.913+0000] {logging_mixin.py:188} INFO - [2024-07-08T15:13:00.913+0000] {dagbag.py:545} INFO - Filling up the DagBag from /home/airflow/.local/lib/python3.12/site-packages/airflow/example_dags/example_latest_only_with_trigger.py
[2024-07-08T15:13:00.920+0000] {processor.py:840} INFO - DAG(s) 'latest_only_with_trigger' retrieved from /home/airflow/.local/lib/python3.12/site-packages/airflow/example_dags/example_latest_only_with_trigger.py
[2024-07-08T15:13:00.951+0000] {logging_mixin.py:188} INFO - [2024-07-08T15:13:00.950+0000] {dag.py:3096} INFO - Sync 1 DAGs
[2024-07-08T15:13:00.990+0000] {logging_mixin.py:188} INFO - [2024-07-08T15:13:00.989+0000] {dag.py:3954} INFO - Setting next_dagrun for latest_only_with_trigger to 2024-07-08 08:00:00+00:00, run_after=2024-07-08 12:00:00+00:00
[2024-07-08T15:13:01.030+0000] {processor.py:183} INFO - Processing /home/airflow/.local/lib/python3.12/site-packages/airflow/example_dags/example_latest_only_with_trigger.py took 0.131 seconds
[2024-07-08T15:13:31.574+0000] {processor.py:161} INFO - Started process (PID=709) to work on /home/airflow/.local/lib/python3.12/site-packages/airflow/example_dags/example_latest_only_with_trigger.py
[2024-07-08T15:13:31.575+0000] {processor.py:830} INFO - Processing file /home/airflow/.local/lib/python3.12/site-packages/airflow/example_dags/example_latest_only_with_trigger.py for tasks to queue
[2024-07-08T15:13:31.579+0000] {logging_mixin.py:188} INFO - [2024-07-08T15:13:31.578+0000] {dagbag.py:545} INFO - Filling up the DagBag from /home/airflow/.local/lib/python3.12/site-packages/airflow/example_dags/example_latest_only_with_trigger.py
[2024-07-08T15:13:31.597+0000] {processor.py:840} INFO - DAG(s) 'latest_only_with_trigger' retrieved from /home/airflow/.local/lib/python3.12/site-packages/airflow/example_dags/example_latest_only_with_trigger.py
[2024-07-08T15:13:31.643+0000] {logging_mixin.py:188} INFO - [2024-07-08T15:13:31.643+0000] {dag.py:3096} INFO - Sync 1 DAGs
[2024-07-08T15:13:31.685+0000] {logging_mixin.py:188} INFO - [2024-07-08T15:13:31.684+0000] {dag.py:3954} INFO - Setting next_dagrun for latest_only_with_trigger to 2024-07-08 08:00:00+00:00, run_after=2024-07-08 12:00:00+00:00
[2024-07-08T15:13:31.726+0000] {processor.py:183} INFO - Processing /home/airflow/.local/lib/python3.12/site-packages/airflow/example_dags/example_latest_only_with_trigger.py took 0.161 seconds
[2024-07-08T15:16:13.916+0000] {processor.py:161} INFO - Started process (PID=775) to work on /home/airflow/.local/lib/python3.12/site-packages/airflow/example_dags/example_latest_only_with_trigger.py
[2024-07-08T15:16:13.918+0000] {processor.py:830} INFO - Processing file /home/airflow/.local/lib/python3.12/site-packages/airflow/example_dags/example_latest_only_with_trigger.py for tasks to queue
[2024-07-08T15:16:13.919+0000] {logging_mixin.py:188} INFO - [2024-07-08T15:16:13.919+0000] {dagbag.py:545} INFO - Filling up the DagBag from /home/airflow/.local/lib/python3.12/site-packages/airflow/example_dags/example_latest_only_with_trigger.py
[2024-07-08T15:16:13.926+0000] {processor.py:840} INFO - DAG(s) 'latest_only_with_trigger' retrieved from /home/airflow/.local/lib/python3.12/site-packages/airflow/example_dags/example_latest_only_with_trigger.py
[2024-07-08T15:16:13.954+0000] {logging_mixin.py:188} INFO - [2024-07-08T15:16:13.954+0000] {dag.py:3096} INFO - Sync 1 DAGs
[2024-07-08T15:16:13.986+0000] {logging_mixin.py:188} INFO - [2024-07-08T15:16:13.986+0000] {dag.py:3954} INFO - Setting next_dagrun for latest_only_with_trigger to 2024-07-08 08:00:00+00:00, run_after=2024-07-08 12:00:00+00:00
[2024-07-08T15:16:14.014+0000] {processor.py:183} INFO - Processing /home/airflow/.local/lib/python3.12/site-packages/airflow/example_dags/example_latest_only_with_trigger.py took 0.104 seconds
[2024-07-08T15:16:45.808+0000] {processor.py:161} INFO - Started process (PID=833) to work on /home/airflow/.local/lib/python3.12/site-packages/airflow/example_dags/example_latest_only_with_trigger.py
[2024-07-08T15:16:45.811+0000] {processor.py:830} INFO - Processing file /home/airflow/.local/lib/python3.12/site-packages/airflow/example_dags/example_latest_only_with_trigger.py for tasks to queue
[2024-07-08T15:16:45.813+0000] {logging_mixin.py:188} INFO - [2024-07-08T15:16:45.812+0000] {dagbag.py:545} INFO - Filling up the DagBag from /home/airflow/.local/lib/python3.12/site-packages/airflow/example_dags/example_latest_only_with_trigger.py
[2024-07-08T15:16:45.834+0000] {processor.py:840} INFO - DAG(s) 'latest_only_with_trigger' retrieved from /home/airflow/.local/lib/python3.12/site-packages/airflow/example_dags/example_latest_only_with_trigger.py
[2024-07-08T15:16:45.893+0000] {logging_mixin.py:188} INFO - [2024-07-08T15:16:45.892+0000] {dag.py:3096} INFO - Sync 1 DAGs
[2024-07-08T15:16:45.982+0000] {logging_mixin.py:188} INFO - [2024-07-08T15:16:45.981+0000] {dag.py:3954} INFO - Setting next_dagrun for latest_only_with_trigger to 2024-07-08 08:00:00+00:00, run_after=2024-07-08 12:00:00+00:00
[2024-07-08T15:16:46.075+0000] {processor.py:183} INFO - Processing /home/airflow/.local/lib/python3.12/site-packages/airflow/example_dags/example_latest_only_with_trigger.py took 0.280 seconds
[2024-07-08T15:17:17.492+0000] {processor.py:161} INFO - Started process (PID=891) to work on /home/airflow/.local/lib/python3.12/site-packages/airflow/example_dags/example_latest_only_with_trigger.py
[2024-07-08T15:17:17.494+0000] {processor.py:830} INFO - Processing file /home/airflow/.local/lib/python3.12/site-packages/airflow/example_dags/example_latest_only_with_trigger.py for tasks to queue
[2024-07-08T15:17:17.500+0000] {logging_mixin.py:188} INFO - [2024-07-08T15:17:17.499+0000] {dagbag.py:545} INFO - Filling up the DagBag from /home/airflow/.local/lib/python3.12/site-packages/airflow/example_dags/example_latest_only_with_trigger.py
[2024-07-08T15:17:17.518+0000] {processor.py:840} INFO - DAG(s) 'latest_only_with_trigger' retrieved from /home/airflow/.local/lib/python3.12/site-packages/airflow/example_dags/example_latest_only_with_trigger.py
[2024-07-08T15:17:17.567+0000] {logging_mixin.py:188} INFO - [2024-07-08T15:17:17.566+0000] {dag.py:3096} INFO - Sync 1 DAGs
[2024-07-08T15:17:17.618+0000] {logging_mixin.py:188} INFO - [2024-07-08T15:17:17.617+0000] {dag.py:3954} INFO - Setting next_dagrun for latest_only_with_trigger to 2024-07-08 08:00:00+00:00, run_after=2024-07-08 12:00:00+00:00
[2024-07-08T15:17:17.673+0000] {processor.py:183} INFO - Processing /home/airflow/.local/lib/python3.12/site-packages/airflow/example_dags/example_latest_only_with_trigger.py took 0.196 seconds
[2024-07-08T15:19:02.700+0000] {processor.py:161} INFO - Started process (PID=949) to work on /home/airflow/.local/lib/python3.12/site-packages/airflow/example_dags/example_latest_only_with_trigger.py
[2024-07-08T15:19:02.701+0000] {processor.py:830} INFO - Processing file /home/airflow/.local/lib/python3.12/site-packages/airflow/example_dags/example_latest_only_with_trigger.py for tasks to queue
[2024-07-08T15:19:02.703+0000] {logging_mixin.py:188} INFO - [2024-07-08T15:19:02.702+0000] {dagbag.py:545} INFO - Filling up the DagBag from /home/airflow/.local/lib/python3.12/site-packages/airflow/example_dags/example_latest_only_with_trigger.py
[2024-07-08T15:19:02.713+0000] {processor.py:840} INFO - DAG(s) 'latest_only_with_trigger' retrieved from /home/airflow/.local/lib/python3.12/site-packages/airflow/example_dags/example_latest_only_with_trigger.py
[2024-07-08T15:19:02.745+0000] {logging_mixin.py:188} INFO - [2024-07-08T15:19:02.744+0000] {dag.py:3096} INFO - Sync 1 DAGs
[2024-07-08T15:19:02.773+0000] {logging_mixin.py:188} INFO - [2024-07-08T15:19:02.773+0000] {dag.py:3954} INFO - Setting next_dagrun for latest_only_with_trigger to 2024-07-08 08:00:00+00:00, run_after=2024-07-08 12:00:00+00:00
[2024-07-08T15:19:02.800+0000] {processor.py:183} INFO - Processing /home/airflow/.local/lib/python3.12/site-packages/airflow/example_dags/example_latest_only_with_trigger.py took 0.109 seconds
[2024-07-08T15:19:35.895+0000] {processor.py:161} INFO - Started process (PID=1007) to work on /home/airflow/.local/lib/python3.12/site-packages/airflow/example_dags/example_latest_only_with_trigger.py
[2024-07-08T15:19:35.896+0000] {processor.py:830} INFO - Processing file /home/airflow/.local/lib/python3.12/site-packages/airflow/example_dags/example_latest_only_with_trigger.py for tasks to queue
[2024-07-08T15:19:35.899+0000] {logging_mixin.py:188} INFO - [2024-07-08T15:19:35.898+0000] {dagbag.py:545} INFO - Filling up the DagBag from /home/airflow/.local/lib/python3.12/site-packages/airflow/example_dags/example_latest_only_with_trigger.py
[2024-07-08T15:19:35.912+0000] {processor.py:840} INFO - DAG(s) 'latest_only_with_trigger' retrieved from /home/airflow/.local/lib/python3.12/site-packages/airflow/example_dags/example_latest_only_with_trigger.py
[2024-07-08T15:19:35.976+0000] {logging_mixin.py:188} INFO - [2024-07-08T15:19:35.975+0000] {dag.py:3096} INFO - Sync 1 DAGs
[2024-07-08T15:19:36.063+0000] {logging_mixin.py:188} INFO - [2024-07-08T15:19:36.063+0000] {dag.py:3954} INFO - Setting next_dagrun for latest_only_with_trigger to 2024-07-08 08:00:00+00:00, run_after=2024-07-08 12:00:00+00:00
[2024-07-08T15:19:36.154+0000] {processor.py:183} INFO - Processing /home/airflow/.local/lib/python3.12/site-packages/airflow/example_dags/example_latest_only_with_trigger.py took 0.272 seconds
[2024-07-08T15:20:06.438+0000] {processor.py:161} INFO - Started process (PID=1065) to work on /home/airflow/.local/lib/python3.12/site-packages/airflow/example_dags/example_latest_only_with_trigger.py
[2024-07-08T15:20:06.440+0000] {processor.py:830} INFO - Processing file /home/airflow/.local/lib/python3.12/site-packages/airflow/example_dags/example_latest_only_with_trigger.py for tasks to queue
[2024-07-08T15:20:06.443+0000] {logging_mixin.py:188} INFO - [2024-07-08T15:20:06.442+0000] {dagbag.py:545} INFO - Filling up the DagBag from /home/airflow/.local/lib/python3.12/site-packages/airflow/example_dags/example_latest_only_with_trigger.py
[2024-07-08T15:20:06.459+0000] {processor.py:840} INFO - DAG(s) 'latest_only_with_trigger' retrieved from /home/airflow/.local/lib/python3.12/site-packages/airflow/example_dags/example_latest_only_with_trigger.py
[2024-07-08T15:20:06.502+0000] {logging_mixin.py:188} INFO - [2024-07-08T15:20:06.501+0000] {dag.py:3096} INFO - Sync 1 DAGs
[2024-07-08T15:20:06.546+0000] {logging_mixin.py:188} INFO - [2024-07-08T15:20:06.546+0000] {dag.py:3954} INFO - Setting next_dagrun for latest_only_with_trigger to 2024-07-08 08:00:00+00:00, run_after=2024-07-08 12:00:00+00:00
[2024-07-08T15:20:06.587+0000] {processor.py:183} INFO - Processing /home/airflow/.local/lib/python3.12/site-packages/airflow/example_dags/example_latest_only_with_trigger.py took 0.162 seconds
[2024-07-08T15:20:37.062+0000] {processor.py:161} INFO - Started process (PID=1123) to work on /home/airflow/.local/lib/python3.12/site-packages/airflow/example_dags/example_latest_only_with_trigger.py
[2024-07-08T15:20:37.063+0000] {processor.py:830} INFO - Processing file /home/airflow/.local/lib/python3.12/site-packages/airflow/example_dags/example_latest_only_with_trigger.py for tasks to queue
[2024-07-08T15:20:37.066+0000] {logging_mixin.py:188} INFO - [2024-07-08T15:20:37.065+0000] {dagbag.py:545} INFO - Filling up the DagBag from /home/airflow/.local/lib/python3.12/site-packages/airflow/example_dags/example_latest_only_with_trigger.py
[2024-07-08T15:20:37.076+0000] {processor.py:840} INFO - DAG(s) 'latest_only_with_trigger' retrieved from /home/airflow/.local/lib/python3.12/site-packages/airflow/example_dags/example_latest_only_with_trigger.py
[2024-07-08T15:20:37.110+0000] {logging_mixin.py:188} INFO - [2024-07-08T15:20:37.109+0000] {dag.py:3096} INFO - Sync 1 DAGs
[2024-07-08T15:20:37.140+0000] {logging_mixin.py:188} INFO - [2024-07-08T15:20:37.140+0000] {dag.py:3954} INFO - Setting next_dagrun for latest_only_with_trigger to 2024-07-08 08:00:00+00:00, run_after=2024-07-08 12:00:00+00:00
[2024-07-08T15:20:37.174+0000] {processor.py:183} INFO - Processing /home/airflow/.local/lib/python3.12/site-packages/airflow/example_dags/example_latest_only_with_trigger.py took 0.123 seconds
[2024-07-08T15:21:07.515+0000] {processor.py:161} INFO - Started process (PID=1181) to work on /home/airflow/.local/lib/python3.12/site-packages/airflow/example_dags/example_latest_only_with_trigger.py
[2024-07-08T15:21:07.517+0000] {processor.py:830} INFO - Processing file /home/airflow/.local/lib/python3.12/site-packages/airflow/example_dags/example_latest_only_with_trigger.py for tasks to queue
[2024-07-08T15:21:07.519+0000] {logging_mixin.py:188} INFO - [2024-07-08T15:21:07.518+0000] {dagbag.py:545} INFO - Filling up the DagBag from /home/airflow/.local/lib/python3.12/site-packages/airflow/example_dags/example_latest_only_with_trigger.py
[2024-07-08T15:21:07.533+0000] {processor.py:840} INFO - DAG(s) 'latest_only_with_trigger' retrieved from /home/airflow/.local/lib/python3.12/site-packages/airflow/example_dags/example_latest_only_with_trigger.py
[2024-07-08T15:21:07.556+0000] {logging_mixin.py:188} INFO - [2024-07-08T15:21:07.556+0000] {dag.py:3096} INFO - Sync 1 DAGs
[2024-07-08T15:21:07.581+0000] {logging_mixin.py:188} INFO - [2024-07-08T15:21:07.581+0000] {dag.py:3954} INFO - Setting next_dagrun for latest_only_with_trigger to 2024-07-08 08:00:00+00:00, run_after=2024-07-08 12:00:00+00:00
[2024-07-08T15:21:07.608+0000] {processor.py:183} INFO - Processing /home/airflow/.local/lib/python3.12/site-packages/airflow/example_dags/example_latest_only_with_trigger.py took 0.108 seconds
[2024-07-08T15:21:38.322+0000] {processor.py:161} INFO - Started process (PID=1239) to work on /home/airflow/.local/lib/python3.12/site-packages/airflow/example_dags/example_latest_only_with_trigger.py
[2024-07-08T15:21:38.323+0000] {processor.py:830} INFO - Processing file /home/airflow/.local/lib/python3.12/site-packages/airflow/example_dags/example_latest_only_with_trigger.py for tasks to queue
[2024-07-08T15:21:38.325+0000] {logging_mixin.py:188} INFO - [2024-07-08T15:21:38.325+0000] {dagbag.py:545} INFO - Filling up the DagBag from /home/airflow/.local/lib/python3.12/site-packages/airflow/example_dags/example_latest_only_with_trigger.py
[2024-07-08T15:21:38.335+0000] {processor.py:840} INFO - DAG(s) 'latest_only_with_trigger' retrieved from /home/airflow/.local/lib/python3.12/site-packages/airflow/example_dags/example_latest_only_with_trigger.py
[2024-07-08T15:21:38.361+0000] {logging_mixin.py:188} INFO - [2024-07-08T15:21:38.361+0000] {dag.py:3096} INFO - Sync 1 DAGs
[2024-07-08T15:21:38.392+0000] {logging_mixin.py:188} INFO - [2024-07-08T15:21:38.392+0000] {dag.py:3954} INFO - Setting next_dagrun for latest_only_with_trigger to 2024-07-08 08:00:00+00:00, run_after=2024-07-08 12:00:00+00:00
[2024-07-08T15:21:38.432+0000] {processor.py:183} INFO - Processing /home/airflow/.local/lib/python3.12/site-packages/airflow/example_dags/example_latest_only_with_trigger.py took 0.118 seconds
[2024-07-08T15:22:08.877+0000] {processor.py:161} INFO - Started process (PID=1297) to work on /home/airflow/.local/lib/python3.12/site-packages/airflow/example_dags/example_latest_only_with_trigger.py
[2024-07-08T15:22:08.879+0000] {processor.py:830} INFO - Processing file /home/airflow/.local/lib/python3.12/site-packages/airflow/example_dags/example_latest_only_with_trigger.py for tasks to queue
[2024-07-08T15:22:08.880+0000] {logging_mixin.py:188} INFO - [2024-07-08T15:22:08.880+0000] {dagbag.py:545} INFO - Filling up the DagBag from /home/airflow/.local/lib/python3.12/site-packages/airflow/example_dags/example_latest_only_with_trigger.py
[2024-07-08T15:22:08.890+0000] {processor.py:840} INFO - DAG(s) 'latest_only_with_trigger' retrieved from /home/airflow/.local/lib/python3.12/site-packages/airflow/example_dags/example_latest_only_with_trigger.py
[2024-07-08T15:22:08.923+0000] {logging_mixin.py:188} INFO - [2024-07-08T15:22:08.922+0000] {dag.py:3096} INFO - Sync 1 DAGs
[2024-07-08T15:22:08.968+0000] {logging_mixin.py:188} INFO - [2024-07-08T15:22:08.967+0000] {dag.py:3954} INFO - Setting next_dagrun for latest_only_with_trigger to 2024-07-08 08:00:00+00:00, run_after=2024-07-08 12:00:00+00:00
[2024-07-08T15:22:09.003+0000] {processor.py:183} INFO - Processing /home/airflow/.local/lib/python3.12/site-packages/airflow/example_dags/example_latest_only_with_trigger.py took 0.134 seconds
[2024-07-08T15:22:39.682+0000] {processor.py:161} INFO - Started process (PID=1361) to work on /home/airflow/.local/lib/python3.12/site-packages/airflow/example_dags/example_latest_only_with_trigger.py
[2024-07-08T15:22:39.683+0000] {processor.py:830} INFO - Processing file /home/airflow/.local/lib/python3.12/site-packages/airflow/example_dags/example_latest_only_with_trigger.py for tasks to queue
[2024-07-08T15:22:39.685+0000] {logging_mixin.py:188} INFO - [2024-07-08T15:22:39.684+0000] {dagbag.py:545} INFO - Filling up the DagBag from /home/airflow/.local/lib/python3.12/site-packages/airflow/example_dags/example_latest_only_with_trigger.py
[2024-07-08T15:22:39.695+0000] {processor.py:840} INFO - DAG(s) 'latest_only_with_trigger' retrieved from /home/airflow/.local/lib/python3.12/site-packages/airflow/example_dags/example_latest_only_with_trigger.py
[2024-07-08T15:22:39.728+0000] {logging_mixin.py:188} INFO - [2024-07-08T15:22:39.728+0000] {dag.py:3096} INFO - Sync 1 DAGs
[2024-07-08T15:22:39.761+0000] {logging_mixin.py:188} INFO - [2024-07-08T15:22:39.761+0000] {dag.py:3954} INFO - Setting next_dagrun for latest_only_with_trigger to 2024-07-08 08:00:00+00:00, run_after=2024-07-08 12:00:00+00:00
[2024-07-08T15:22:39.791+0000] {processor.py:183} INFO - Processing /home/airflow/.local/lib/python3.12/site-packages/airflow/example_dags/example_latest_only_with_trigger.py took 0.117 seconds
[2024-07-08T15:23:11.030+0000] {processor.py:161} INFO - Started process (PID=1423) to work on /home/airflow/.local/lib/python3.12/site-packages/airflow/example_dags/example_latest_only_with_trigger.py
[2024-07-08T15:23:11.034+0000] {processor.py:830} INFO - Processing file /home/airflow/.local/lib/python3.12/site-packages/airflow/example_dags/example_latest_only_with_trigger.py for tasks to queue
[2024-07-08T15:23:11.036+0000] {logging_mixin.py:188} INFO - [2024-07-08T15:23:11.035+0000] {dagbag.py:545} INFO - Filling up the DagBag from /home/airflow/.local/lib/python3.12/site-packages/airflow/example_dags/example_latest_only_with_trigger.py
[2024-07-08T15:23:11.047+0000] {processor.py:840} INFO - DAG(s) 'latest_only_with_trigger' retrieved from /home/airflow/.local/lib/python3.12/site-packages/airflow/example_dags/example_latest_only_with_trigger.py
[2024-07-08T15:23:11.078+0000] {logging_mixin.py:188} INFO - [2024-07-08T15:23:11.077+0000] {dag.py:3096} INFO - Sync 1 DAGs
[2024-07-08T15:23:11.127+0000] {logging_mixin.py:188} INFO - [2024-07-08T15:23:11.127+0000] {dag.py:3954} INFO - Setting next_dagrun for latest_only_with_trigger to 2024-07-08 08:00:00+00:00, run_after=2024-07-08 12:00:00+00:00
[2024-07-08T15:23:11.166+0000] {processor.py:183} INFO - Processing /home/airflow/.local/lib/python3.12/site-packages/airflow/example_dags/example_latest_only_with_trigger.py took 0.145 seconds
[2024-07-08T15:23:42.405+0000] {processor.py:161} INFO - Started process (PID=1484) to work on /home/airflow/.local/lib/python3.12/site-packages/airflow/example_dags/example_latest_only_with_trigger.py
[2024-07-08T15:23:42.408+0000] {processor.py:830} INFO - Processing file /home/airflow/.local/lib/python3.12/site-packages/airflow/example_dags/example_latest_only_with_trigger.py for tasks to queue
[2024-07-08T15:23:42.410+0000] {logging_mixin.py:188} INFO - [2024-07-08T15:23:42.409+0000] {dagbag.py:545} INFO - Filling up the DagBag from /home/airflow/.local/lib/python3.12/site-packages/airflow/example_dags/example_latest_only_with_trigger.py
[2024-07-08T15:23:42.419+0000] {processor.py:840} INFO - DAG(s) 'latest_only_with_trigger' retrieved from /home/airflow/.local/lib/python3.12/site-packages/airflow/example_dags/example_latest_only_with_trigger.py
[2024-07-08T15:23:42.458+0000] {logging_mixin.py:188} INFO - [2024-07-08T15:23:42.457+0000] {dag.py:3096} INFO - Sync 1 DAGs
[2024-07-08T15:23:42.498+0000] {logging_mixin.py:188} INFO - [2024-07-08T15:23:42.498+0000] {dag.py:3954} INFO - Setting next_dagrun for latest_only_with_trigger to 2024-07-08 08:00:00+00:00, run_after=2024-07-08 12:00:00+00:00
[2024-07-08T15:23:42.536+0000] {processor.py:183} INFO - Processing /home/airflow/.local/lib/python3.12/site-packages/airflow/example_dags/example_latest_only_with_trigger.py took 0.142 seconds
[2024-07-08T15:24:13.579+0000] {processor.py:161} INFO - Started process (PID=1549) to work on /home/airflow/.local/lib/python3.12/site-packages/airflow/example_dags/example_latest_only_with_trigger.py
[2024-07-08T15:24:13.580+0000] {processor.py:830} INFO - Processing file /home/airflow/.local/lib/python3.12/site-packages/airflow/example_dags/example_latest_only_with_trigger.py for tasks to queue
[2024-07-08T15:24:13.582+0000] {logging_mixin.py:188} INFO - [2024-07-08T15:24:13.582+0000] {dagbag.py:545} INFO - Filling up the DagBag from /home/airflow/.local/lib/python3.12/site-packages/airflow/example_dags/example_latest_only_with_trigger.py
[2024-07-08T15:24:13.592+0000] {processor.py:840} INFO - DAG(s) 'latest_only_with_trigger' retrieved from /home/airflow/.local/lib/python3.12/site-packages/airflow/example_dags/example_latest_only_with_trigger.py
[2024-07-08T15:24:13.621+0000] {logging_mixin.py:188} INFO - [2024-07-08T15:24:13.620+0000] {dag.py:3096} INFO - Sync 1 DAGs
[2024-07-08T15:24:13.652+0000] {logging_mixin.py:188} INFO - [2024-07-08T15:24:13.651+0000] {dag.py:3954} INFO - Setting next_dagrun for latest_only_with_trigger to 2024-07-08 08:00:00+00:00, run_after=2024-07-08 12:00:00+00:00
[2024-07-08T15:24:13.683+0000] {processor.py:183} INFO - Processing /home/airflow/.local/lib/python3.12/site-packages/airflow/example_dags/example_latest_only_with_trigger.py took 0.113 seconds
[2024-07-08T15:24:44.267+0000] {processor.py:161} INFO - Started process (PID=1609) to work on /home/airflow/.local/lib/python3.12/site-packages/airflow/example_dags/example_latest_only_with_trigger.py
[2024-07-08T15:24:44.268+0000] {processor.py:830} INFO - Processing file /home/airflow/.local/lib/python3.12/site-packages/airflow/example_dags/example_latest_only_with_trigger.py for tasks to queue
[2024-07-08T15:24:44.270+0000] {logging_mixin.py:188} INFO - [2024-07-08T15:24:44.269+0000] {dagbag.py:545} INFO - Filling up the DagBag from /home/airflow/.local/lib/python3.12/site-packages/airflow/example_dags/example_latest_only_with_trigger.py
[2024-07-08T15:24:44.281+0000] {processor.py:840} INFO - DAG(s) 'latest_only_with_trigger' retrieved from /home/airflow/.local/lib/python3.12/site-packages/airflow/example_dags/example_latest_only_with_trigger.py
[2024-07-08T15:24:44.310+0000] {logging_mixin.py:188} INFO - [2024-07-08T15:24:44.309+0000] {dag.py:3096} INFO - Sync 1 DAGs
[2024-07-08T15:24:44.338+0000] {logging_mixin.py:188} INFO - [2024-07-08T15:24:44.338+0000] {dag.py:3954} INFO - Setting next_dagrun for latest_only_with_trigger to 2024-07-08 08:00:00+00:00, run_after=2024-07-08 12:00:00+00:00
[2024-07-08T15:24:44.366+0000] {processor.py:183} INFO - Processing /home/airflow/.local/lib/python3.12/site-packages/airflow/example_dags/example_latest_only_with_trigger.py took 0.107 seconds
[2024-07-08T15:25:14.468+0000] {processor.py:161} INFO - Started process (PID=1672) to work on /home/airflow/.local/lib/python3.12/site-packages/airflow/example_dags/example_latest_only_with_trigger.py
[2024-07-08T15:25:14.470+0000] {processor.py:830} INFO - Processing file /home/airflow/.local/lib/python3.12/site-packages/airflow/example_dags/example_latest_only_with_trigger.py for tasks to queue
[2024-07-08T15:25:14.472+0000] {logging_mixin.py:188} INFO - [2024-07-08T15:25:14.472+0000] {dagbag.py:545} INFO - Filling up the DagBag from /home/airflow/.local/lib/python3.12/site-packages/airflow/example_dags/example_latest_only_with_trigger.py
[2024-07-08T15:25:14.484+0000] {processor.py:840} INFO - DAG(s) 'latest_only_with_trigger' retrieved from /home/airflow/.local/lib/python3.12/site-packages/airflow/example_dags/example_latest_only_with_trigger.py
[2024-07-08T15:25:14.525+0000] {logging_mixin.py:188} INFO - [2024-07-08T15:25:14.525+0000] {dag.py:3096} INFO - Sync 1 DAGs
[2024-07-08T15:25:14.550+0000] {logging_mixin.py:188} INFO - [2024-07-08T15:25:14.550+0000] {dag.py:3954} INFO - Setting next_dagrun for latest_only_with_trigger to 2024-07-08 08:00:00+00:00, run_after=2024-07-08 12:00:00+00:00
[2024-07-08T15:25:14.581+0000] {processor.py:183} INFO - Processing /home/airflow/.local/lib/python3.12/site-packages/airflow/example_dags/example_latest_only_with_trigger.py took 0.122 seconds
[2024-07-08T15:25:45.272+0000] {processor.py:161} INFO - Started process (PID=1738) to work on /home/airflow/.local/lib/python3.12/site-packages/airflow/example_dags/example_latest_only_with_trigger.py
[2024-07-08T15:25:45.273+0000] {processor.py:830} INFO - Processing file /home/airflow/.local/lib/python3.12/site-packages/airflow/example_dags/example_latest_only_with_trigger.py for tasks to queue
[2024-07-08T15:25:45.275+0000] {logging_mixin.py:188} INFO - [2024-07-08T15:25:45.274+0000] {dagbag.py:545} INFO - Filling up the DagBag from /home/airflow/.local/lib/python3.12/site-packages/airflow/example_dags/example_latest_only_with_trigger.py
[2024-07-08T15:25:45.284+0000] {processor.py:840} INFO - DAG(s) 'latest_only_with_trigger' retrieved from /home/airflow/.local/lib/python3.12/site-packages/airflow/example_dags/example_latest_only_with_trigger.py
[2024-07-08T15:25:45.315+0000] {logging_mixin.py:188} INFO - [2024-07-08T15:25:45.315+0000] {dag.py:3096} INFO - Sync 1 DAGs
[2024-07-08T15:25:45.353+0000] {logging_mixin.py:188} INFO - [2024-07-08T15:25:45.352+0000] {dag.py:3954} INFO - Setting next_dagrun for latest_only_with_trigger to 2024-07-08 08:00:00+00:00, run_after=2024-07-08 12:00:00+00:00
[2024-07-08T15:25:45.379+0000] {processor.py:183} INFO - Processing /home/airflow/.local/lib/python3.12/site-packages/airflow/example_dags/example_latest_only_with_trigger.py took 0.116 seconds
[2024-07-08T15:26:15.736+0000] {processor.py:161} INFO - Started process (PID=1802) to work on /home/airflow/.local/lib/python3.12/site-packages/airflow/example_dags/example_latest_only_with_trigger.py
[2024-07-08T15:26:15.738+0000] {processor.py:830} INFO - Processing file /home/airflow/.local/lib/python3.12/site-packages/airflow/example_dags/example_latest_only_with_trigger.py for tasks to queue
[2024-07-08T15:26:15.741+0000] {logging_mixin.py:188} INFO - [2024-07-08T15:26:15.740+0000] {dagbag.py:545} INFO - Filling up the DagBag from /home/airflow/.local/lib/python3.12/site-packages/airflow/example_dags/example_latest_only_with_trigger.py
[2024-07-08T15:26:15.755+0000] {processor.py:840} INFO - DAG(s) 'latest_only_with_trigger' retrieved from /home/airflow/.local/lib/python3.12/site-packages/airflow/example_dags/example_latest_only_with_trigger.py
[2024-07-08T15:26:15.822+0000] {logging_mixin.py:188} INFO - [2024-07-08T15:26:15.821+0000] {dag.py:3096} INFO - Sync 1 DAGs
[2024-07-08T15:26:15.881+0000] {logging_mixin.py:188} INFO - [2024-07-08T15:26:15.881+0000] {dag.py:3954} INFO - Setting next_dagrun for latest_only_with_trigger to 2024-07-08 08:00:00+00:00, run_after=2024-07-08 12:00:00+00:00
[2024-07-08T15:26:15.923+0000] {processor.py:183} INFO - Processing /home/airflow/.local/lib/python3.12/site-packages/airflow/example_dags/example_latest_only_with_trigger.py took 0.200 seconds
[2024-07-08T15:26:46.126+0000] {processor.py:161} INFO - Started process (PID=1865) to work on /home/airflow/.local/lib/python3.12/site-packages/airflow/example_dags/example_latest_only_with_trigger.py
[2024-07-08T15:26:46.128+0000] {processor.py:830} INFO - Processing file /home/airflow/.local/lib/python3.12/site-packages/airflow/example_dags/example_latest_only_with_trigger.py for tasks to queue
[2024-07-08T15:26:46.131+0000] {logging_mixin.py:188} INFO - [2024-07-08T15:26:46.130+0000] {dagbag.py:545} INFO - Filling up the DagBag from /home/airflow/.local/lib/python3.12/site-packages/airflow/example_dags/example_latest_only_with_trigger.py
[2024-07-08T15:26:46.140+0000] {processor.py:840} INFO - DAG(s) 'latest_only_with_trigger' retrieved from /home/airflow/.local/lib/python3.12/site-packages/airflow/example_dags/example_latest_only_with_trigger.py
[2024-07-08T15:26:46.172+0000] {logging_mixin.py:188} INFO - [2024-07-08T15:26:46.172+0000] {dag.py:3096} INFO - Sync 1 DAGs
[2024-07-08T15:26:46.209+0000] {logging_mixin.py:188} INFO - [2024-07-08T15:26:46.209+0000] {dag.py:3954} INFO - Setting next_dagrun for latest_only_with_trigger to 2024-07-08 08:00:00+00:00, run_after=2024-07-08 12:00:00+00:00
[2024-07-08T15:26:46.244+0000] {processor.py:183} INFO - Processing /home/airflow/.local/lib/python3.12/site-packages/airflow/example_dags/example_latest_only_with_trigger.py took 0.127 seconds
[2024-07-08T15:27:16.866+0000] {processor.py:161} INFO - Started process (PID=1924) to work on /home/airflow/.local/lib/python3.12/site-packages/airflow/example_dags/example_latest_only_with_trigger.py
[2024-07-08T15:27:16.867+0000] {processor.py:830} INFO - Processing file /home/airflow/.local/lib/python3.12/site-packages/airflow/example_dags/example_latest_only_with_trigger.py for tasks to queue
[2024-07-08T15:27:16.869+0000] {logging_mixin.py:188} INFO - [2024-07-08T15:27:16.869+0000] {dagbag.py:545} INFO - Filling up the DagBag from /home/airflow/.local/lib/python3.12/site-packages/airflow/example_dags/example_latest_only_with_trigger.py
[2024-07-08T15:27:16.879+0000] {processor.py:840} INFO - DAG(s) 'latest_only_with_trigger' retrieved from /home/airflow/.local/lib/python3.12/site-packages/airflow/example_dags/example_latest_only_with_trigger.py
[2024-07-08T15:27:16.911+0000] {logging_mixin.py:188} INFO - [2024-07-08T15:27:16.911+0000] {dag.py:3096} INFO - Sync 1 DAGs
[2024-07-08T15:27:16.940+0000] {logging_mixin.py:188} INFO - [2024-07-08T15:27:16.939+0000] {dag.py:3954} INFO - Setting next_dagrun for latest_only_with_trigger to 2024-07-08 08:00:00+00:00, run_after=2024-07-08 12:00:00+00:00
[2024-07-08T15:27:16.968+0000] {processor.py:183} INFO - Processing /home/airflow/.local/lib/python3.12/site-packages/airflow/example_dags/example_latest_only_with_trigger.py took 0.109 seconds
[2024-07-08T15:27:47.530+0000] {processor.py:161} INFO - Started process (PID=1982) to work on /home/airflow/.local/lib/python3.12/site-packages/airflow/example_dags/example_latest_only_with_trigger.py
[2024-07-08T15:27:47.712+0000] {processor.py:830} INFO - Processing file /home/airflow/.local/lib/python3.12/site-packages/airflow/example_dags/example_latest_only_with_trigger.py for tasks to queue
[2024-07-08T15:27:47.766+0000] {logging_mixin.py:188} INFO - [2024-07-08T15:27:47.765+0000] {dagbag.py:545} INFO - Filling up the DagBag from /home/airflow/.local/lib/python3.12/site-packages/airflow/example_dags/example_latest_only_with_trigger.py
[2024-07-08T15:27:47.787+0000] {processor.py:840} INFO - DAG(s) 'latest_only_with_trigger' retrieved from /home/airflow/.local/lib/python3.12/site-packages/airflow/example_dags/example_latest_only_with_trigger.py
[2024-07-08T15:27:47.856+0000] {logging_mixin.py:188} INFO - [2024-07-08T15:27:47.855+0000] {dag.py:3096} INFO - Sync 1 DAGs
[2024-07-08T15:27:47.899+0000] {logging_mixin.py:188} INFO - [2024-07-08T15:27:47.898+0000] {dag.py:3954} INFO - Setting next_dagrun for latest_only_with_trigger to 2024-07-08 08:00:00+00:00, run_after=2024-07-08 12:00:00+00:00
[2024-07-08T15:27:47.934+0000] {processor.py:183} INFO - Processing /home/airflow/.local/lib/python3.12/site-packages/airflow/example_dags/example_latest_only_with_trigger.py took 0.426 seconds
[2024-07-08T15:28:18.816+0000] {processor.py:161} INFO - Started process (PID=2041) to work on /home/airflow/.local/lib/python3.12/site-packages/airflow/example_dags/example_latest_only_with_trigger.py
[2024-07-08T15:28:18.829+0000] {processor.py:830} INFO - Processing file /home/airflow/.local/lib/python3.12/site-packages/airflow/example_dags/example_latest_only_with_trigger.py for tasks to queue
[2024-07-08T15:28:18.850+0000] {logging_mixin.py:188} INFO - [2024-07-08T15:28:18.849+0000] {dagbag.py:545} INFO - Filling up the DagBag from /home/airflow/.local/lib/python3.12/site-packages/airflow/example_dags/example_latest_only_with_trigger.py
[2024-07-08T15:28:18.889+0000] {processor.py:840} INFO - DAG(s) 'latest_only_with_trigger' retrieved from /home/airflow/.local/lib/python3.12/site-packages/airflow/example_dags/example_latest_only_with_trigger.py
[2024-07-08T15:28:19.032+0000] {logging_mixin.py:188} INFO - [2024-07-08T15:28:19.030+0000] {dag.py:3096} INFO - Sync 1 DAGs
[2024-07-08T15:28:19.792+0000] {logging_mixin.py:188} INFO - [2024-07-08T15:28:19.789+0000] {dag.py:3954} INFO - Setting next_dagrun for latest_only_with_trigger to 2024-07-08 08:00:00+00:00, run_after=2024-07-08 12:00:00+00:00
[2024-07-08T15:28:19.897+0000] {processor.py:183} INFO - Processing /home/airflow/.local/lib/python3.12/site-packages/airflow/example_dags/example_latest_only_with_trigger.py took 1.127 seconds
[2024-07-08T15:31:15.295+0000] {processor.py:161} INFO - Started process (PID=2101) to work on /home/airflow/.local/lib/python3.12/site-packages/airflow/example_dags/example_latest_only_with_trigger.py
[2024-07-08T15:31:15.297+0000] {processor.py:830} INFO - Processing file /home/airflow/.local/lib/python3.12/site-packages/airflow/example_dags/example_latest_only_with_trigger.py for tasks to queue
[2024-07-08T15:31:15.298+0000] {logging_mixin.py:188} INFO - [2024-07-08T15:31:15.297+0000] {dagbag.py:545} INFO - Filling up the DagBag from /home/airflow/.local/lib/python3.12/site-packages/airflow/example_dags/example_latest_only_with_trigger.py
[2024-07-08T15:31:15.305+0000] {processor.py:840} INFO - DAG(s) 'latest_only_with_trigger' retrieved from /home/airflow/.local/lib/python3.12/site-packages/airflow/example_dags/example_latest_only_with_trigger.py
[2024-07-08T15:31:15.330+0000] {logging_mixin.py:188} INFO - [2024-07-08T15:31:15.330+0000] {dag.py:3096} INFO - Sync 1 DAGs
[2024-07-08T15:31:15.358+0000] {logging_mixin.py:188} INFO - [2024-07-08T15:31:15.357+0000] {dag.py:3954} INFO - Setting next_dagrun for latest_only_with_trigger to 2024-07-08 08:00:00+00:00, run_after=2024-07-08 12:00:00+00:00
[2024-07-08T15:31:15.384+0000] {processor.py:183} INFO - Processing /home/airflow/.local/lib/python3.12/site-packages/airflow/example_dags/example_latest_only_with_trigger.py took 0.095 seconds
[2024-07-08T15:31:46.507+0000] {processor.py:161} INFO - Started process (PID=2159) to work on /home/airflow/.local/lib/python3.12/site-packages/airflow/example_dags/example_latest_only_with_trigger.py
[2024-07-08T15:31:46.509+0000] {processor.py:830} INFO - Processing file /home/airflow/.local/lib/python3.12/site-packages/airflow/example_dags/example_latest_only_with_trigger.py for tasks to queue
[2024-07-08T15:31:46.510+0000] {logging_mixin.py:188} INFO - [2024-07-08T15:31:46.510+0000] {dagbag.py:545} INFO - Filling up the DagBag from /home/airflow/.local/lib/python3.12/site-packages/airflow/example_dags/example_latest_only_with_trigger.py
[2024-07-08T15:31:46.518+0000] {processor.py:840} INFO - DAG(s) 'latest_only_with_trigger' retrieved from /home/airflow/.local/lib/python3.12/site-packages/airflow/example_dags/example_latest_only_with_trigger.py
[2024-07-08T15:31:46.545+0000] {logging_mixin.py:188} INFO - [2024-07-08T15:31:46.545+0000] {dag.py:3096} INFO - Sync 1 DAGs
[2024-07-08T15:31:46.575+0000] {logging_mixin.py:188} INFO - [2024-07-08T15:31:46.574+0000] {dag.py:3954} INFO - Setting next_dagrun for latest_only_with_trigger to 2024-07-08 08:00:00+00:00, run_after=2024-07-08 12:00:00+00:00
[2024-07-08T15:31:46.603+0000] {processor.py:183} INFO - Processing /home/airflow/.local/lib/python3.12/site-packages/airflow/example_dags/example_latest_only_with_trigger.py took 0.104 seconds
[2024-07-08T15:32:22.467+0000] {processor.py:161} INFO - Started process (PID=2218) to work on /home/airflow/.local/lib/python3.12/site-packages/airflow/example_dags/example_latest_only_with_trigger.py
[2024-07-08T15:32:22.469+0000] {processor.py:830} INFO - Processing file /home/airflow/.local/lib/python3.12/site-packages/airflow/example_dags/example_latest_only_with_trigger.py for tasks to queue
[2024-07-08T15:32:22.471+0000] {logging_mixin.py:188} INFO - [2024-07-08T15:32:22.470+0000] {dagbag.py:545} INFO - Filling up the DagBag from /home/airflow/.local/lib/python3.12/site-packages/airflow/example_dags/example_latest_only_with_trigger.py
[2024-07-08T15:32:22.484+0000] {processor.py:840} INFO - DAG(s) 'latest_only_with_trigger' retrieved from /home/airflow/.local/lib/python3.12/site-packages/airflow/example_dags/example_latest_only_with_trigger.py
[2024-07-08T15:32:22.544+0000] {logging_mixin.py:188} INFO - [2024-07-08T15:32:22.543+0000] {dag.py:3096} INFO - Sync 1 DAGs
[2024-07-08T15:32:22.596+0000] {logging_mixin.py:188} INFO - [2024-07-08T15:32:22.596+0000] {dag.py:3954} INFO - Setting next_dagrun for latest_only_with_trigger to 2024-07-08 08:00:00+00:00, run_after=2024-07-08 12:00:00+00:00
[2024-07-08T15:32:22.635+0000] {processor.py:183} INFO - Processing /home/airflow/.local/lib/python3.12/site-packages/airflow/example_dags/example_latest_only_with_trigger.py took 0.180 seconds
[2024-07-08T15:37:51.567+0000] {processor.py:161} INFO - Started process (PID=2313) to work on /home/airflow/.local/lib/python3.12/site-packages/airflow/example_dags/example_latest_only_with_trigger.py
[2024-07-08T15:37:51.572+0000] {processor.py:830} INFO - Processing file /home/airflow/.local/lib/python3.12/site-packages/airflow/example_dags/example_latest_only_with_trigger.py for tasks to queue
[2024-07-08T15:37:51.593+0000] {logging_mixin.py:188} INFO - [2024-07-08T15:37:51.574+0000] {dagbag.py:545} INFO - Filling up the DagBag from /home/airflow/.local/lib/python3.12/site-packages/airflow/example_dags/example_latest_only_with_trigger.py
[2024-07-08T15:37:51.870+0000] {processor.py:840} INFO - DAG(s) 'latest_only_with_trigger' retrieved from /home/airflow/.local/lib/python3.12/site-packages/airflow/example_dags/example_latest_only_with_trigger.py
[2024-07-08T15:37:52.606+0000] {logging_mixin.py:188} INFO - [2024-07-08T15:37:52.606+0000] {dag.py:3096} INFO - Sync 1 DAGs
[2024-07-08T15:37:53.650+0000] {logging_mixin.py:188} INFO - [2024-07-08T15:37:53.650+0000] {dag.py:3954} INFO - Setting next_dagrun for latest_only_with_trigger to 2024-07-08 08:00:00+00:00, run_after=2024-07-08 12:00:00+00:00
[2024-07-08T15:37:53.894+0000] {processor.py:183} INFO - Processing /home/airflow/.local/lib/python3.12/site-packages/airflow/example_dags/example_latest_only_with_trigger.py took 2.474 seconds
[2024-07-08T15:42:21.143+0000] {processor.py:161} INFO - Started process (PID=2431) to work on /home/airflow/.local/lib/python3.12/site-packages/airflow/example_dags/example_latest_only_with_trigger.py
[2024-07-08T15:42:21.145+0000] {processor.py:830} INFO - Processing file /home/airflow/.local/lib/python3.12/site-packages/airflow/example_dags/example_latest_only_with_trigger.py for tasks to queue
[2024-07-08T15:42:21.147+0000] {logging_mixin.py:188} INFO - [2024-07-08T15:42:21.146+0000] {dagbag.py:545} INFO - Filling up the DagBag from /home/airflow/.local/lib/python3.12/site-packages/airflow/example_dags/example_latest_only_with_trigger.py
[2024-07-08T15:42:21.158+0000] {processor.py:840} INFO - DAG(s) 'latest_only_with_trigger' retrieved from /home/airflow/.local/lib/python3.12/site-packages/airflow/example_dags/example_latest_only_with_trigger.py
[2024-07-08T15:42:21.195+0000] {logging_mixin.py:188} INFO - [2024-07-08T15:42:21.195+0000] {dag.py:3096} INFO - Sync 1 DAGs
[2024-07-08T15:42:21.230+0000] {logging_mixin.py:188} INFO - [2024-07-08T15:42:21.229+0000] {dag.py:3954} INFO - Setting next_dagrun for latest_only_with_trigger to 2024-07-08 08:00:00+00:00, run_after=2024-07-08 12:00:00+00:00
[2024-07-08T15:42:21.274+0000] {processor.py:183} INFO - Processing /home/airflow/.local/lib/python3.12/site-packages/airflow/example_dags/example_latest_only_with_trigger.py took 0.139 seconds
[2024-07-08T15:42:51.924+0000] {processor.py:161} INFO - Started process (PID=2494) to work on /home/airflow/.local/lib/python3.12/site-packages/airflow/example_dags/example_latest_only_with_trigger.py
[2024-07-08T15:42:51.925+0000] {processor.py:830} INFO - Processing file /home/airflow/.local/lib/python3.12/site-packages/airflow/example_dags/example_latest_only_with_trigger.py for tasks to queue
[2024-07-08T15:42:51.927+0000] {logging_mixin.py:188} INFO - [2024-07-08T15:42:51.926+0000] {dagbag.py:545} INFO - Filling up the DagBag from /home/airflow/.local/lib/python3.12/site-packages/airflow/example_dags/example_latest_only_with_trigger.py
[2024-07-08T15:42:51.934+0000] {processor.py:840} INFO - DAG(s) 'latest_only_with_trigger' retrieved from /home/airflow/.local/lib/python3.12/site-packages/airflow/example_dags/example_latest_only_with_trigger.py
[2024-07-08T15:42:51.962+0000] {logging_mixin.py:188} INFO - [2024-07-08T15:42:51.961+0000] {dag.py:3096} INFO - Sync 1 DAGs
[2024-07-08T15:42:51.992+0000] {logging_mixin.py:188} INFO - [2024-07-08T15:42:51.992+0000] {dag.py:3954} INFO - Setting next_dagrun for latest_only_with_trigger to 2024-07-08 08:00:00+00:00, run_after=2024-07-08 12:00:00+00:00
[2024-07-08T15:42:52.018+0000] {processor.py:183} INFO - Processing /home/airflow/.local/lib/python3.12/site-packages/airflow/example_dags/example_latest_only_with_trigger.py took 0.101 seconds
[2024-07-08T15:43:22.555+0000] {processor.py:161} INFO - Started process (PID=2554) to work on /home/airflow/.local/lib/python3.12/site-packages/airflow/example_dags/example_latest_only_with_trigger.py
[2024-07-08T15:43:22.557+0000] {processor.py:830} INFO - Processing file /home/airflow/.local/lib/python3.12/site-packages/airflow/example_dags/example_latest_only_with_trigger.py for tasks to queue
[2024-07-08T15:43:22.559+0000] {logging_mixin.py:188} INFO - [2024-07-08T15:43:22.558+0000] {dagbag.py:545} INFO - Filling up the DagBag from /home/airflow/.local/lib/python3.12/site-packages/airflow/example_dags/example_latest_only_with_trigger.py
[2024-07-08T15:43:22.566+0000] {processor.py:840} INFO - DAG(s) 'latest_only_with_trigger' retrieved from /home/airflow/.local/lib/python3.12/site-packages/airflow/example_dags/example_latest_only_with_trigger.py
[2024-07-08T15:43:22.605+0000] {logging_mixin.py:188} INFO - [2024-07-08T15:43:22.604+0000] {dag.py:3096} INFO - Sync 1 DAGs
[2024-07-08T15:43:22.632+0000] {logging_mixin.py:188} INFO - [2024-07-08T15:43:22.631+0000] {dag.py:3954} INFO - Setting next_dagrun for latest_only_with_trigger to 2024-07-08 08:00:00+00:00, run_after=2024-07-08 12:00:00+00:00
[2024-07-08T15:43:22.666+0000] {processor.py:183} INFO - Processing /home/airflow/.local/lib/python3.12/site-packages/airflow/example_dags/example_latest_only_with_trigger.py took 0.121 seconds
[2024-07-08T15:43:52.743+0000] {processor.py:161} INFO - Started process (PID=2614) to work on /home/airflow/.local/lib/python3.12/site-packages/airflow/example_dags/example_latest_only_with_trigger.py
[2024-07-08T15:43:52.745+0000] {processor.py:830} INFO - Processing file /home/airflow/.local/lib/python3.12/site-packages/airflow/example_dags/example_latest_only_with_trigger.py for tasks to queue
[2024-07-08T15:43:52.747+0000] {logging_mixin.py:188} INFO - [2024-07-08T15:43:52.747+0000] {dagbag.py:545} INFO - Filling up the DagBag from /home/airflow/.local/lib/python3.12/site-packages/airflow/example_dags/example_latest_only_with_trigger.py
[2024-07-08T15:43:52.757+0000] {processor.py:840} INFO - DAG(s) 'latest_only_with_trigger' retrieved from /home/airflow/.local/lib/python3.12/site-packages/airflow/example_dags/example_latest_only_with_trigger.py
[2024-07-08T15:43:52.784+0000] {logging_mixin.py:188} INFO - [2024-07-08T15:43:52.784+0000] {dag.py:3096} INFO - Sync 1 DAGs
[2024-07-08T15:43:52.815+0000] {logging_mixin.py:188} INFO - [2024-07-08T15:43:52.814+0000] {dag.py:3954} INFO - Setting next_dagrun for latest_only_with_trigger to 2024-07-08 08:00:00+00:00, run_after=2024-07-08 12:00:00+00:00
[2024-07-08T15:43:52.848+0000] {processor.py:183} INFO - Processing /home/airflow/.local/lib/python3.12/site-packages/airflow/example_dags/example_latest_only_with_trigger.py took 0.114 seconds
