[2024-07-08T15:07:46.497+0000] {processor.py:161} INFO - Started process (PID=60) to work on /home/airflow/.local/lib/python3.12/site-packages/airflow/example_dags/example_task_group_decorator.py
[2024-07-08T15:07:46.499+0000] {processor.py:830} INFO - Processing file /home/airflow/.local/lib/python3.12/site-packages/airflow/example_dags/example_task_group_decorator.py for tasks to queue
[2024-07-08T15:07:46.503+0000] {logging_mixin.py:188} INFO - [2024-07-08T15:07:46.503+0000] {dagbag.py:545} INFO - Filling up the DagBag from /home/airflow/.local/lib/python3.12/site-packages/airflow/example_dags/example_task_group_decorator.py
[2024-07-08T15:07:46.739+0000] {processor.py:840} INFO - DAG(s) 'example_task_group_decorator' retrieved from /home/airflow/.local/lib/python3.12/site-packages/airflow/example_dags/example_task_group_decorator.py
[2024-07-08T15:07:47.337+0000] {logging_mixin.py:188} INFO - [2024-07-08T15:07:47.336+0000] {dag.py:3096} INFO - Sync 1 DAGs
[2024-07-08T15:07:47.671+0000] {logging_mixin.py:188} INFO - [2024-07-08T15:07:47.670+0000] {dag.py:3954} INFO - Setting next_dagrun for example_task_group_decorator to 2024-07-07 00:00:00+00:00, run_after=2024-07-08 00:00:00+00:00
[2024-07-08T15:07:47.759+0000] {processor.py:183} INFO - Processing /home/airflow/.local/lib/python3.12/site-packages/airflow/example_dags/example_task_group_decorator.py took 1.280 seconds
[2024-07-08T15:08:18.056+0000] {processor.py:161} INFO - Started process (PID=117) to work on /home/airflow/.local/lib/python3.12/site-packages/airflow/example_dags/example_task_group_decorator.py
[2024-07-08T15:08:18.057+0000] {processor.py:830} INFO - Processing file /home/airflow/.local/lib/python3.12/site-packages/airflow/example_dags/example_task_group_decorator.py for tasks to queue
[2024-07-08T15:08:18.060+0000] {logging_mixin.py:188} INFO - [2024-07-08T15:08:18.059+0000] {dagbag.py:545} INFO - Filling up the DagBag from /home/airflow/.local/lib/python3.12/site-packages/airflow/example_dags/example_task_group_decorator.py
[2024-07-08T15:08:18.082+0000] {processor.py:840} INFO - DAG(s) 'example_task_group_decorator' retrieved from /home/airflow/.local/lib/python3.12/site-packages/airflow/example_dags/example_task_group_decorator.py
[2024-07-08T15:08:18.113+0000] {logging_mixin.py:188} INFO - [2024-07-08T15:08:18.113+0000] {dag.py:3096} INFO - Sync 1 DAGs
[2024-07-08T15:08:18.145+0000] {logging_mixin.py:188} INFO - [2024-07-08T15:08:18.144+0000] {dag.py:3954} INFO - Setting next_dagrun for example_task_group_decorator to 2024-07-07 00:00:00+00:00, run_after=2024-07-08 00:00:00+00:00
[2024-07-08T15:08:18.173+0000] {processor.py:183} INFO - Processing /home/airflow/.local/lib/python3.12/site-packages/airflow/example_dags/example_task_group_decorator.py took 0.124 seconds
[2024-07-08T15:08:48.307+0000] {processor.py:161} INFO - Started process (PID=175) to work on /home/airflow/.local/lib/python3.12/site-packages/airflow/example_dags/example_task_group_decorator.py
[2024-07-08T15:08:48.308+0000] {processor.py:830} INFO - Processing file /home/airflow/.local/lib/python3.12/site-packages/airflow/example_dags/example_task_group_decorator.py for tasks to queue
[2024-07-08T15:08:48.311+0000] {logging_mixin.py:188} INFO - [2024-07-08T15:08:48.310+0000] {dagbag.py:545} INFO - Filling up the DagBag from /home/airflow/.local/lib/python3.12/site-packages/airflow/example_dags/example_task_group_decorator.py
[2024-07-08T15:08:48.326+0000] {processor.py:840} INFO - DAG(s) 'example_task_group_decorator' retrieved from /home/airflow/.local/lib/python3.12/site-packages/airflow/example_dags/example_task_group_decorator.py
[2024-07-08T15:08:48.356+0000] {logging_mixin.py:188} INFO - [2024-07-08T15:08:48.356+0000] {dag.py:3096} INFO - Sync 1 DAGs
[2024-07-08T15:08:48.390+0000] {logging_mixin.py:188} INFO - [2024-07-08T15:08:48.389+0000] {dag.py:3954} INFO - Setting next_dagrun for example_task_group_decorator to 2024-07-07 00:00:00+00:00, run_after=2024-07-08 00:00:00+00:00
[2024-07-08T15:08:48.417+0000] {processor.py:183} INFO - Processing /home/airflow/.local/lib/python3.12/site-packages/airflow/example_dags/example_task_group_decorator.py took 0.117 seconds
[2024-07-08T15:09:18.541+0000] {processor.py:161} INFO - Started process (PID=233) to work on /home/airflow/.local/lib/python3.12/site-packages/airflow/example_dags/example_task_group_decorator.py
[2024-07-08T15:09:18.543+0000] {processor.py:830} INFO - Processing file /home/airflow/.local/lib/python3.12/site-packages/airflow/example_dags/example_task_group_decorator.py for tasks to queue
[2024-07-08T15:09:18.547+0000] {logging_mixin.py:188} INFO - [2024-07-08T15:09:18.546+0000] {dagbag.py:545} INFO - Filling up the DagBag from /home/airflow/.local/lib/python3.12/site-packages/airflow/example_dags/example_task_group_decorator.py
[2024-07-08T15:09:18.566+0000] {processor.py:840} INFO - DAG(s) 'example_task_group_decorator' retrieved from /home/airflow/.local/lib/python3.12/site-packages/airflow/example_dags/example_task_group_decorator.py
[2024-07-08T15:09:18.604+0000] {logging_mixin.py:188} INFO - [2024-07-08T15:09:18.604+0000] {dag.py:3096} INFO - Sync 1 DAGs
[2024-07-08T15:09:18.634+0000] {logging_mixin.py:188} INFO - [2024-07-08T15:09:18.634+0000] {dag.py:3954} INFO - Setting next_dagrun for example_task_group_decorator to 2024-07-07 00:00:00+00:00, run_after=2024-07-08 00:00:00+00:00
[2024-07-08T15:09:18.667+0000] {processor.py:183} INFO - Processing /home/airflow/.local/lib/python3.12/site-packages/airflow/example_dags/example_task_group_decorator.py took 0.132 seconds
[2024-07-08T15:09:49.337+0000] {processor.py:161} INFO - Started process (PID=291) to work on /home/airflow/.local/lib/python3.12/site-packages/airflow/example_dags/example_task_group_decorator.py
[2024-07-08T15:09:49.339+0000] {processor.py:830} INFO - Processing file /home/airflow/.local/lib/python3.12/site-packages/airflow/example_dags/example_task_group_decorator.py for tasks to queue
[2024-07-08T15:09:49.342+0000] {logging_mixin.py:188} INFO - [2024-07-08T15:09:49.341+0000] {dagbag.py:545} INFO - Filling up the DagBag from /home/airflow/.local/lib/python3.12/site-packages/airflow/example_dags/example_task_group_decorator.py
[2024-07-08T15:09:49.369+0000] {processor.py:840} INFO - DAG(s) 'example_task_group_decorator' retrieved from /home/airflow/.local/lib/python3.12/site-packages/airflow/example_dags/example_task_group_decorator.py
[2024-07-08T15:09:49.402+0000] {logging_mixin.py:188} INFO - [2024-07-08T15:09:49.402+0000] {dag.py:3096} INFO - Sync 1 DAGs
[2024-07-08T15:09:49.433+0000] {logging_mixin.py:188} INFO - [2024-07-08T15:09:49.432+0000] {dag.py:3954} INFO - Setting next_dagrun for example_task_group_decorator to 2024-07-07 00:00:00+00:00, run_after=2024-07-08 00:00:00+00:00
[2024-07-08T15:09:49.463+0000] {processor.py:183} INFO - Processing /home/airflow/.local/lib/python3.12/site-packages/airflow/example_dags/example_task_group_decorator.py took 0.134 seconds
[2024-07-08T15:10:20.479+0000] {processor.py:161} INFO - Started process (PID=348) to work on /home/airflow/.local/lib/python3.12/site-packages/airflow/example_dags/example_task_group_decorator.py
[2024-07-08T15:10:20.481+0000] {processor.py:830} INFO - Processing file /home/airflow/.local/lib/python3.12/site-packages/airflow/example_dags/example_task_group_decorator.py for tasks to queue
[2024-07-08T15:10:20.484+0000] {logging_mixin.py:188} INFO - [2024-07-08T15:10:20.483+0000] {dagbag.py:545} INFO - Filling up the DagBag from /home/airflow/.local/lib/python3.12/site-packages/airflow/example_dags/example_task_group_decorator.py
[2024-07-08T15:10:20.522+0000] {processor.py:840} INFO - DAG(s) 'example_task_group_decorator' retrieved from /home/airflow/.local/lib/python3.12/site-packages/airflow/example_dags/example_task_group_decorator.py
[2024-07-08T15:10:20.593+0000] {logging_mixin.py:188} INFO - [2024-07-08T15:10:20.592+0000] {dag.py:3096} INFO - Sync 1 DAGs
[2024-07-08T15:10:20.675+0000] {logging_mixin.py:188} INFO - [2024-07-08T15:10:20.666+0000] {dag.py:3954} INFO - Setting next_dagrun for example_task_group_decorator to 2024-07-07 00:00:00+00:00, run_after=2024-07-08 00:00:00+00:00
[2024-07-08T15:10:20.735+0000] {processor.py:183} INFO - Processing /home/airflow/.local/lib/python3.12/site-packages/airflow/example_dags/example_task_group_decorator.py took 0.266 seconds
[2024-07-08T15:10:50.908+0000] {processor.py:161} INFO - Started process (PID=406) to work on /home/airflow/.local/lib/python3.12/site-packages/airflow/example_dags/example_task_group_decorator.py
[2024-07-08T15:10:50.909+0000] {processor.py:830} INFO - Processing file /home/airflow/.local/lib/python3.12/site-packages/airflow/example_dags/example_task_group_decorator.py for tasks to queue
[2024-07-08T15:10:50.912+0000] {logging_mixin.py:188} INFO - [2024-07-08T15:10:50.912+0000] {dagbag.py:545} INFO - Filling up the DagBag from /home/airflow/.local/lib/python3.12/site-packages/airflow/example_dags/example_task_group_decorator.py
[2024-07-08T15:10:50.928+0000] {processor.py:840} INFO - DAG(s) 'example_task_group_decorator' retrieved from /home/airflow/.local/lib/python3.12/site-packages/airflow/example_dags/example_task_group_decorator.py
[2024-07-08T15:10:50.957+0000] {logging_mixin.py:188} INFO - [2024-07-08T15:10:50.956+0000] {dag.py:3096} INFO - Sync 1 DAGs
[2024-07-08T15:10:50.986+0000] {logging_mixin.py:188} INFO - [2024-07-08T15:10:50.986+0000] {dag.py:3954} INFO - Setting next_dagrun for example_task_group_decorator to 2024-07-07 00:00:00+00:00, run_after=2024-07-08 00:00:00+00:00
[2024-07-08T15:10:51.014+0000] {processor.py:183} INFO - Processing /home/airflow/.local/lib/python3.12/site-packages/airflow/example_dags/example_task_group_decorator.py took 0.112 seconds
[2024-07-08T15:11:21.143+0000] {processor.py:161} INFO - Started process (PID=464) to work on /home/airflow/.local/lib/python3.12/site-packages/airflow/example_dags/example_task_group_decorator.py
[2024-07-08T15:11:21.145+0000] {processor.py:830} INFO - Processing file /home/airflow/.local/lib/python3.12/site-packages/airflow/example_dags/example_task_group_decorator.py for tasks to queue
[2024-07-08T15:11:21.148+0000] {logging_mixin.py:188} INFO - [2024-07-08T15:11:21.147+0000] {dagbag.py:545} INFO - Filling up the DagBag from /home/airflow/.local/lib/python3.12/site-packages/airflow/example_dags/example_task_group_decorator.py
[2024-07-08T15:11:21.168+0000] {processor.py:840} INFO - DAG(s) 'example_task_group_decorator' retrieved from /home/airflow/.local/lib/python3.12/site-packages/airflow/example_dags/example_task_group_decorator.py
[2024-07-08T15:11:21.200+0000] {logging_mixin.py:188} INFO - [2024-07-08T15:11:21.199+0000] {dag.py:3096} INFO - Sync 1 DAGs
[2024-07-08T15:11:21.228+0000] {logging_mixin.py:188} INFO - [2024-07-08T15:11:21.227+0000] {dag.py:3954} INFO - Setting next_dagrun for example_task_group_decorator to 2024-07-07 00:00:00+00:00, run_after=2024-07-08 00:00:00+00:00
[2024-07-08T15:11:21.260+0000] {processor.py:183} INFO - Processing /home/airflow/.local/lib/python3.12/site-packages/airflow/example_dags/example_task_group_decorator.py took 0.124 seconds
[2024-07-08T15:11:51.422+0000] {processor.py:161} INFO - Started process (PID=521) to work on /home/airflow/.local/lib/python3.12/site-packages/airflow/example_dags/example_task_group_decorator.py
[2024-07-08T15:11:51.423+0000] {processor.py:830} INFO - Processing file /home/airflow/.local/lib/python3.12/site-packages/airflow/example_dags/example_task_group_decorator.py for tasks to queue
[2024-07-08T15:11:51.426+0000] {logging_mixin.py:188} INFO - [2024-07-08T15:11:51.425+0000] {dagbag.py:545} INFO - Filling up the DagBag from /home/airflow/.local/lib/python3.12/site-packages/airflow/example_dags/example_task_group_decorator.py
[2024-07-08T15:11:51.451+0000] {processor.py:840} INFO - DAG(s) 'example_task_group_decorator' retrieved from /home/airflow/.local/lib/python3.12/site-packages/airflow/example_dags/example_task_group_decorator.py
[2024-07-08T15:11:51.494+0000] {logging_mixin.py:188} INFO - [2024-07-08T15:11:51.493+0000] {dag.py:3096} INFO - Sync 1 DAGs
[2024-07-08T15:11:51.533+0000] {logging_mixin.py:188} INFO - [2024-07-08T15:11:51.532+0000] {dag.py:3954} INFO - Setting next_dagrun for example_task_group_decorator to 2024-07-07 00:00:00+00:00, run_after=2024-07-08 00:00:00+00:00
[2024-07-08T15:11:51.572+0000] {processor.py:183} INFO - Processing /home/airflow/.local/lib/python3.12/site-packages/airflow/example_dags/example_task_group_decorator.py took 0.159 seconds
[2024-07-08T15:12:22.142+0000] {processor.py:161} INFO - Started process (PID=579) to work on /home/airflow/.local/lib/python3.12/site-packages/airflow/example_dags/example_task_group_decorator.py
[2024-07-08T15:12:22.144+0000] {processor.py:830} INFO - Processing file /home/airflow/.local/lib/python3.12/site-packages/airflow/example_dags/example_task_group_decorator.py for tasks to queue
[2024-07-08T15:12:22.148+0000] {logging_mixin.py:188} INFO - [2024-07-08T15:12:22.147+0000] {dagbag.py:545} INFO - Filling up the DagBag from /home/airflow/.local/lib/python3.12/site-packages/airflow/example_dags/example_task_group_decorator.py
[2024-07-08T15:12:22.168+0000] {processor.py:840} INFO - DAG(s) 'example_task_group_decorator' retrieved from /home/airflow/.local/lib/python3.12/site-packages/airflow/example_dags/example_task_group_decorator.py
[2024-07-08T15:12:22.232+0000] {logging_mixin.py:188} INFO - [2024-07-08T15:12:22.231+0000] {dag.py:3096} INFO - Sync 1 DAGs
[2024-07-08T15:12:22.380+0000] {logging_mixin.py:188} INFO - [2024-07-08T15:12:22.380+0000] {dag.py:3954} INFO - Setting next_dagrun for example_task_group_decorator to 2024-07-07 00:00:00+00:00, run_after=2024-07-08 00:00:00+00:00
[2024-07-08T15:12:22.488+0000] {processor.py:183} INFO - Processing /home/airflow/.local/lib/python3.12/site-packages/airflow/example_dags/example_task_group_decorator.py took 0.354 seconds
[2024-07-08T15:12:52.728+0000] {processor.py:161} INFO - Started process (PID=638) to work on /home/airflow/.local/lib/python3.12/site-packages/airflow/example_dags/example_task_group_decorator.py
[2024-07-08T15:12:52.730+0000] {processor.py:830} INFO - Processing file /home/airflow/.local/lib/python3.12/site-packages/airflow/example_dags/example_task_group_decorator.py for tasks to queue
[2024-07-08T15:12:52.732+0000] {logging_mixin.py:188} INFO - [2024-07-08T15:12:52.732+0000] {dagbag.py:545} INFO - Filling up the DagBag from /home/airflow/.local/lib/python3.12/site-packages/airflow/example_dags/example_task_group_decorator.py
[2024-07-08T15:12:52.759+0000] {processor.py:840} INFO - DAG(s) 'example_task_group_decorator' retrieved from /home/airflow/.local/lib/python3.12/site-packages/airflow/example_dags/example_task_group_decorator.py
[2024-07-08T15:12:52.814+0000] {logging_mixin.py:188} INFO - [2024-07-08T15:12:52.814+0000] {dag.py:3096} INFO - Sync 1 DAGs
[2024-07-08T15:12:52.854+0000] {logging_mixin.py:188} INFO - [2024-07-08T15:12:52.854+0000] {dag.py:3954} INFO - Setting next_dagrun for example_task_group_decorator to 2024-07-07 00:00:00+00:00, run_after=2024-07-08 00:00:00+00:00
[2024-07-08T15:12:52.904+0000] {processor.py:183} INFO - Processing /home/airflow/.local/lib/python3.12/site-packages/airflow/example_dags/example_task_group_decorator.py took 0.186 seconds
[2024-07-08T15:13:23.330+0000] {processor.py:161} INFO - Started process (PID=696) to work on /home/airflow/.local/lib/python3.12/site-packages/airflow/example_dags/example_task_group_decorator.py
[2024-07-08T15:13:23.337+0000] {processor.py:830} INFO - Processing file /home/airflow/.local/lib/python3.12/site-packages/airflow/example_dags/example_task_group_decorator.py for tasks to queue
[2024-07-08T15:13:23.341+0000] {logging_mixin.py:188} INFO - [2024-07-08T15:13:23.340+0000] {dagbag.py:545} INFO - Filling up the DagBag from /home/airflow/.local/lib/python3.12/site-packages/airflow/example_dags/example_task_group_decorator.py
[2024-07-08T15:13:23.378+0000] {processor.py:840} INFO - DAG(s) 'example_task_group_decorator' retrieved from /home/airflow/.local/lib/python3.12/site-packages/airflow/example_dags/example_task_group_decorator.py
[2024-07-08T15:13:23.432+0000] {logging_mixin.py:188} INFO - [2024-07-08T15:13:23.432+0000] {dag.py:3096} INFO - Sync 1 DAGs
[2024-07-08T15:13:23.490+0000] {logging_mixin.py:188} INFO - [2024-07-08T15:13:23.490+0000] {dag.py:3954} INFO - Setting next_dagrun for example_task_group_decorator to 2024-07-07 00:00:00+00:00, run_after=2024-07-08 00:00:00+00:00
[2024-07-08T15:13:23.528+0000] {processor.py:183} INFO - Processing /home/airflow/.local/lib/python3.12/site-packages/airflow/example_dags/example_task_group_decorator.py took 0.215 seconds
[2024-07-08T15:16:12.550+0000] {processor.py:161} INFO - Started process (PID=762) to work on /home/airflow/.local/lib/python3.12/site-packages/airflow/example_dags/example_task_group_decorator.py
[2024-07-08T15:16:12.552+0000] {processor.py:830} INFO - Processing file /home/airflow/.local/lib/python3.12/site-packages/airflow/example_dags/example_task_group_decorator.py for tasks to queue
[2024-07-08T15:16:12.554+0000] {logging_mixin.py:188} INFO - [2024-07-08T15:16:12.553+0000] {dagbag.py:545} INFO - Filling up the DagBag from /home/airflow/.local/lib/python3.12/site-packages/airflow/example_dags/example_task_group_decorator.py
[2024-07-08T15:16:12.580+0000] {processor.py:840} INFO - DAG(s) 'example_task_group_decorator' retrieved from /home/airflow/.local/lib/python3.12/site-packages/airflow/example_dags/example_task_group_decorator.py
[2024-07-08T15:16:12.635+0000] {logging_mixin.py:188} INFO - [2024-07-08T15:16:12.635+0000] {dag.py:3096} INFO - Sync 1 DAGs
[2024-07-08T15:16:12.680+0000] {logging_mixin.py:188} INFO - [2024-07-08T15:16:12.680+0000] {dag.py:3954} INFO - Setting next_dagrun for example_task_group_decorator to 2024-07-07 00:00:00+00:00, run_after=2024-07-08 00:00:00+00:00
[2024-07-08T15:16:12.722+0000] {processor.py:183} INFO - Processing /home/airflow/.local/lib/python3.12/site-packages/airflow/example_dags/example_task_group_decorator.py took 0.186 seconds
[2024-07-08T15:16:43.480+0000] {processor.py:161} INFO - Started process (PID=820) to work on /home/airflow/.local/lib/python3.12/site-packages/airflow/example_dags/example_task_group_decorator.py
[2024-07-08T15:16:43.482+0000] {processor.py:830} INFO - Processing file /home/airflow/.local/lib/python3.12/site-packages/airflow/example_dags/example_task_group_decorator.py for tasks to queue
[2024-07-08T15:16:43.483+0000] {logging_mixin.py:188} INFO - [2024-07-08T15:16:43.483+0000] {dagbag.py:545} INFO - Filling up the DagBag from /home/airflow/.local/lib/python3.12/site-packages/airflow/example_dags/example_task_group_decorator.py
[2024-07-08T15:16:43.522+0000] {processor.py:840} INFO - DAG(s) 'example_task_group_decorator' retrieved from /home/airflow/.local/lib/python3.12/site-packages/airflow/example_dags/example_task_group_decorator.py
[2024-07-08T15:16:43.574+0000] {logging_mixin.py:188} INFO - [2024-07-08T15:16:43.573+0000] {dag.py:3096} INFO - Sync 1 DAGs
[2024-07-08T15:16:43.623+0000] {logging_mixin.py:188} INFO - [2024-07-08T15:16:43.623+0000] {dag.py:3954} INFO - Setting next_dagrun for example_task_group_decorator to 2024-07-07 00:00:00+00:00, run_after=2024-07-08 00:00:00+00:00
[2024-07-08T15:16:43.668+0000] {processor.py:183} INFO - Processing /home/airflow/.local/lib/python3.12/site-packages/airflow/example_dags/example_task_group_decorator.py took 0.198 seconds
[2024-07-08T15:17:13.962+0000] {processor.py:161} INFO - Started process (PID=878) to work on /home/airflow/.local/lib/python3.12/site-packages/airflow/example_dags/example_task_group_decorator.py
[2024-07-08T15:17:13.963+0000] {processor.py:830} INFO - Processing file /home/airflow/.local/lib/python3.12/site-packages/airflow/example_dags/example_task_group_decorator.py for tasks to queue
[2024-07-08T15:17:13.965+0000] {logging_mixin.py:188} INFO - [2024-07-08T15:17:13.964+0000] {dagbag.py:545} INFO - Filling up the DagBag from /home/airflow/.local/lib/python3.12/site-packages/airflow/example_dags/example_task_group_decorator.py
[2024-07-08T15:17:13.982+0000] {processor.py:840} INFO - DAG(s) 'example_task_group_decorator' retrieved from /home/airflow/.local/lib/python3.12/site-packages/airflow/example_dags/example_task_group_decorator.py
[2024-07-08T15:17:14.016+0000] {logging_mixin.py:188} INFO - [2024-07-08T15:17:14.015+0000] {dag.py:3096} INFO - Sync 1 DAGs
[2024-07-08T15:17:14.047+0000] {logging_mixin.py:188} INFO - [2024-07-08T15:17:14.047+0000] {dag.py:3954} INFO - Setting next_dagrun for example_task_group_decorator to 2024-07-07 00:00:00+00:00, run_after=2024-07-08 00:00:00+00:00
[2024-07-08T15:17:14.074+0000] {processor.py:183} INFO - Processing /home/airflow/.local/lib/python3.12/site-packages/airflow/example_dags/example_task_group_decorator.py took 0.120 seconds
[2024-07-08T15:19:00.768+0000] {processor.py:161} INFO - Started process (PID=936) to work on /home/airflow/.local/lib/python3.12/site-packages/airflow/example_dags/example_task_group_decorator.py
[2024-07-08T15:19:00.770+0000] {processor.py:830} INFO - Processing file /home/airflow/.local/lib/python3.12/site-packages/airflow/example_dags/example_task_group_decorator.py for tasks to queue
[2024-07-08T15:19:00.774+0000] {logging_mixin.py:188} INFO - [2024-07-08T15:19:00.772+0000] {dagbag.py:545} INFO - Filling up the DagBag from /home/airflow/.local/lib/python3.12/site-packages/airflow/example_dags/example_task_group_decorator.py
[2024-07-08T15:19:00.813+0000] {processor.py:840} INFO - DAG(s) 'example_task_group_decorator' retrieved from /home/airflow/.local/lib/python3.12/site-packages/airflow/example_dags/example_task_group_decorator.py
[2024-07-08T15:19:00.884+0000] {logging_mixin.py:188} INFO - [2024-07-08T15:19:00.884+0000] {dag.py:3096} INFO - Sync 1 DAGs
[2024-07-08T15:19:00.931+0000] {logging_mixin.py:188} INFO - [2024-07-08T15:19:00.931+0000] {dag.py:3954} INFO - Setting next_dagrun for example_task_group_decorator to 2024-07-07 00:00:00+00:00, run_after=2024-07-08 00:00:00+00:00
[2024-07-08T15:19:01.001+0000] {processor.py:183} INFO - Processing /home/airflow/.local/lib/python3.12/site-packages/airflow/example_dags/example_task_group_decorator.py took 0.245 seconds
[2024-07-08T15:19:32.416+0000] {processor.py:161} INFO - Started process (PID=994) to work on /home/airflow/.local/lib/python3.12/site-packages/airflow/example_dags/example_task_group_decorator.py
[2024-07-08T15:19:32.418+0000] {processor.py:830} INFO - Processing file /home/airflow/.local/lib/python3.12/site-packages/airflow/example_dags/example_task_group_decorator.py for tasks to queue
[2024-07-08T15:19:32.428+0000] {logging_mixin.py:188} INFO - [2024-07-08T15:19:32.427+0000] {dagbag.py:545} INFO - Filling up the DagBag from /home/airflow/.local/lib/python3.12/site-packages/airflow/example_dags/example_task_group_decorator.py
[2024-07-08T15:19:32.461+0000] {processor.py:840} INFO - DAG(s) 'example_task_group_decorator' retrieved from /home/airflow/.local/lib/python3.12/site-packages/airflow/example_dags/example_task_group_decorator.py
[2024-07-08T15:19:32.516+0000] {logging_mixin.py:188} INFO - [2024-07-08T15:19:32.515+0000] {dag.py:3096} INFO - Sync 1 DAGs
[2024-07-08T15:19:32.570+0000] {logging_mixin.py:188} INFO - [2024-07-08T15:19:32.570+0000] {dag.py:3954} INFO - Setting next_dagrun for example_task_group_decorator to 2024-07-07 00:00:00+00:00, run_after=2024-07-08 00:00:00+00:00
[2024-07-08T15:19:32.606+0000] {processor.py:183} INFO - Processing /home/airflow/.local/lib/python3.12/site-packages/airflow/example_dags/example_task_group_decorator.py took 0.209 seconds
[2024-07-08T15:20:03.038+0000] {processor.py:161} INFO - Started process (PID=1052) to work on /home/airflow/.local/lib/python3.12/site-packages/airflow/example_dags/example_task_group_decorator.py
[2024-07-08T15:20:03.040+0000] {processor.py:830} INFO - Processing file /home/airflow/.local/lib/python3.12/site-packages/airflow/example_dags/example_task_group_decorator.py for tasks to queue
[2024-07-08T15:20:03.042+0000] {logging_mixin.py:188} INFO - [2024-07-08T15:20:03.042+0000] {dagbag.py:545} INFO - Filling up the DagBag from /home/airflow/.local/lib/python3.12/site-packages/airflow/example_dags/example_task_group_decorator.py
[2024-07-08T15:20:03.082+0000] {processor.py:840} INFO - DAG(s) 'example_task_group_decorator' retrieved from /home/airflow/.local/lib/python3.12/site-packages/airflow/example_dags/example_task_group_decorator.py
[2024-07-08T15:20:03.123+0000] {logging_mixin.py:188} INFO - [2024-07-08T15:20:03.122+0000] {dag.py:3096} INFO - Sync 1 DAGs
[2024-07-08T15:20:03.171+0000] {logging_mixin.py:188} INFO - [2024-07-08T15:20:03.171+0000] {dag.py:3954} INFO - Setting next_dagrun for example_task_group_decorator to 2024-07-07 00:00:00+00:00, run_after=2024-07-08 00:00:00+00:00
[2024-07-08T15:20:03.242+0000] {processor.py:183} INFO - Processing /home/airflow/.local/lib/python3.12/site-packages/airflow/example_dags/example_task_group_decorator.py took 0.215 seconds
[2024-07-08T15:20:33.677+0000] {processor.py:161} INFO - Started process (PID=1110) to work on /home/airflow/.local/lib/python3.12/site-packages/airflow/example_dags/example_task_group_decorator.py
[2024-07-08T15:20:33.679+0000] {processor.py:830} INFO - Processing file /home/airflow/.local/lib/python3.12/site-packages/airflow/example_dags/example_task_group_decorator.py for tasks to queue
[2024-07-08T15:20:33.680+0000] {logging_mixin.py:188} INFO - [2024-07-08T15:20:33.679+0000] {dagbag.py:545} INFO - Filling up the DagBag from /home/airflow/.local/lib/python3.12/site-packages/airflow/example_dags/example_task_group_decorator.py
[2024-07-08T15:20:33.705+0000] {processor.py:840} INFO - DAG(s) 'example_task_group_decorator' retrieved from /home/airflow/.local/lib/python3.12/site-packages/airflow/example_dags/example_task_group_decorator.py
[2024-07-08T15:20:33.743+0000] {logging_mixin.py:188} INFO - [2024-07-08T15:20:33.742+0000] {dag.py:3096} INFO - Sync 1 DAGs
[2024-07-08T15:20:33.778+0000] {logging_mixin.py:188} INFO - [2024-07-08T15:20:33.778+0000] {dag.py:3954} INFO - Setting next_dagrun for example_task_group_decorator to 2024-07-07 00:00:00+00:00, run_after=2024-07-08 00:00:00+00:00
[2024-07-08T15:20:33.809+0000] {processor.py:183} INFO - Processing /home/airflow/.local/lib/python3.12/site-packages/airflow/example_dags/example_task_group_decorator.py took 0.138 seconds
[2024-07-08T15:21:03.908+0000] {processor.py:161} INFO - Started process (PID=1167) to work on /home/airflow/.local/lib/python3.12/site-packages/airflow/example_dags/example_task_group_decorator.py
[2024-07-08T15:21:03.910+0000] {processor.py:830} INFO - Processing file /home/airflow/.local/lib/python3.12/site-packages/airflow/example_dags/example_task_group_decorator.py for tasks to queue
[2024-07-08T15:21:03.911+0000] {logging_mixin.py:188} INFO - [2024-07-08T15:21:03.911+0000] {dagbag.py:545} INFO - Filling up the DagBag from /home/airflow/.local/lib/python3.12/site-packages/airflow/example_dags/example_task_group_decorator.py
[2024-07-08T15:21:03.934+0000] {processor.py:840} INFO - DAG(s) 'example_task_group_decorator' retrieved from /home/airflow/.local/lib/python3.12/site-packages/airflow/example_dags/example_task_group_decorator.py
[2024-07-08T15:21:03.975+0000] {logging_mixin.py:188} INFO - [2024-07-08T15:21:03.971+0000] {dag.py:3096} INFO - Sync 1 DAGs
[2024-07-08T15:21:04.030+0000] {logging_mixin.py:188} INFO - [2024-07-08T15:21:04.030+0000] {dag.py:3954} INFO - Setting next_dagrun for example_task_group_decorator to 2024-07-07 00:00:00+00:00, run_after=2024-07-08 00:00:00+00:00
[2024-07-08T15:21:04.062+0000] {processor.py:183} INFO - Processing /home/airflow/.local/lib/python3.12/site-packages/airflow/example_dags/example_task_group_decorator.py took 0.164 seconds
[2024-07-08T15:21:34.326+0000] {processor.py:161} INFO - Started process (PID=1223) to work on /home/airflow/.local/lib/python3.12/site-packages/airflow/example_dags/example_task_group_decorator.py
[2024-07-08T15:21:34.327+0000] {processor.py:830} INFO - Processing file /home/airflow/.local/lib/python3.12/site-packages/airflow/example_dags/example_task_group_decorator.py for tasks to queue
[2024-07-08T15:21:34.328+0000] {logging_mixin.py:188} INFO - [2024-07-08T15:21:34.328+0000] {dagbag.py:545} INFO - Filling up the DagBag from /home/airflow/.local/lib/python3.12/site-packages/airflow/example_dags/example_task_group_decorator.py
[2024-07-08T15:21:34.349+0000] {processor.py:840} INFO - DAG(s) 'example_task_group_decorator' retrieved from /home/airflow/.local/lib/python3.12/site-packages/airflow/example_dags/example_task_group_decorator.py
[2024-07-08T15:21:34.378+0000] {logging_mixin.py:188} INFO - [2024-07-08T15:21:34.378+0000] {dag.py:3096} INFO - Sync 1 DAGs
[2024-07-08T15:21:34.404+0000] {logging_mixin.py:188} INFO - [2024-07-08T15:21:34.404+0000] {dag.py:3954} INFO - Setting next_dagrun for example_task_group_decorator to 2024-07-07 00:00:00+00:00, run_after=2024-07-08 00:00:00+00:00
[2024-07-08T15:21:34.437+0000] {processor.py:183} INFO - Processing /home/airflow/.local/lib/python3.12/site-packages/airflow/example_dags/example_task_group_decorator.py took 0.119 seconds
[2024-07-08T15:22:05.117+0000] {processor.py:161} INFO - Started process (PID=1281) to work on /home/airflow/.local/lib/python3.12/site-packages/airflow/example_dags/example_task_group_decorator.py
[2024-07-08T15:22:05.120+0000] {processor.py:830} INFO - Processing file /home/airflow/.local/lib/python3.12/site-packages/airflow/example_dags/example_task_group_decorator.py for tasks to queue
[2024-07-08T15:22:05.124+0000] {logging_mixin.py:188} INFO - [2024-07-08T15:22:05.123+0000] {dagbag.py:545} INFO - Filling up the DagBag from /home/airflow/.local/lib/python3.12/site-packages/airflow/example_dags/example_task_group_decorator.py
[2024-07-08T15:22:05.154+0000] {processor.py:840} INFO - DAG(s) 'example_task_group_decorator' retrieved from /home/airflow/.local/lib/python3.12/site-packages/airflow/example_dags/example_task_group_decorator.py
[2024-07-08T15:22:05.191+0000] {logging_mixin.py:188} INFO - [2024-07-08T15:22:05.191+0000] {dag.py:3096} INFO - Sync 1 DAGs
[2024-07-08T15:22:05.220+0000] {logging_mixin.py:188} INFO - [2024-07-08T15:22:05.220+0000] {dag.py:3954} INFO - Setting next_dagrun for example_task_group_decorator to 2024-07-07 00:00:00+00:00, run_after=2024-07-08 00:00:00+00:00
[2024-07-08T15:22:05.249+0000] {processor.py:183} INFO - Processing /home/airflow/.local/lib/python3.12/site-packages/airflow/example_dags/example_task_group_decorator.py took 0.140 seconds
[2024-07-08T15:22:35.326+0000] {processor.py:161} INFO - Started process (PID=1343) to work on /home/airflow/.local/lib/python3.12/site-packages/airflow/example_dags/example_task_group_decorator.py
[2024-07-08T15:22:35.328+0000] {processor.py:830} INFO - Processing file /home/airflow/.local/lib/python3.12/site-packages/airflow/example_dags/example_task_group_decorator.py for tasks to queue
[2024-07-08T15:22:35.329+0000] {logging_mixin.py:188} INFO - [2024-07-08T15:22:35.329+0000] {dagbag.py:545} INFO - Filling up the DagBag from /home/airflow/.local/lib/python3.12/site-packages/airflow/example_dags/example_task_group_decorator.py
[2024-07-08T15:22:35.358+0000] {processor.py:840} INFO - DAG(s) 'example_task_group_decorator' retrieved from /home/airflow/.local/lib/python3.12/site-packages/airflow/example_dags/example_task_group_decorator.py
[2024-07-08T15:22:35.403+0000] {logging_mixin.py:188} INFO - [2024-07-08T15:22:35.402+0000] {dag.py:3096} INFO - Sync 1 DAGs
[2024-07-08T15:22:35.464+0000] {logging_mixin.py:188} INFO - [2024-07-08T15:22:35.461+0000] {dag.py:3954} INFO - Setting next_dagrun for example_task_group_decorator to 2024-07-07 00:00:00+00:00, run_after=2024-07-08 00:00:00+00:00
[2024-07-08T15:22:35.556+0000] {processor.py:183} INFO - Processing /home/airflow/.local/lib/python3.12/site-packages/airflow/example_dags/example_task_group_decorator.py took 0.240 seconds
[2024-07-08T15:23:06.140+0000] {processor.py:161} INFO - Started process (PID=1405) to work on /home/airflow/.local/lib/python3.12/site-packages/airflow/example_dags/example_task_group_decorator.py
[2024-07-08T15:23:06.144+0000] {processor.py:830} INFO - Processing file /home/airflow/.local/lib/python3.12/site-packages/airflow/example_dags/example_task_group_decorator.py for tasks to queue
[2024-07-08T15:23:06.149+0000] {logging_mixin.py:188} INFO - [2024-07-08T15:23:06.148+0000] {dagbag.py:545} INFO - Filling up the DagBag from /home/airflow/.local/lib/python3.12/site-packages/airflow/example_dags/example_task_group_decorator.py
[2024-07-08T15:23:06.181+0000] {processor.py:840} INFO - DAG(s) 'example_task_group_decorator' retrieved from /home/airflow/.local/lib/python3.12/site-packages/airflow/example_dags/example_task_group_decorator.py
[2024-07-08T15:23:06.231+0000] {logging_mixin.py:188} INFO - [2024-07-08T15:23:06.230+0000] {dag.py:3096} INFO - Sync 1 DAGs
[2024-07-08T15:23:06.260+0000] {logging_mixin.py:188} INFO - [2024-07-08T15:23:06.260+0000] {dag.py:3954} INFO - Setting next_dagrun for example_task_group_decorator to 2024-07-07 00:00:00+00:00, run_after=2024-07-08 00:00:00+00:00
[2024-07-08T15:23:06.289+0000] {processor.py:183} INFO - Processing /home/airflow/.local/lib/python3.12/site-packages/airflow/example_dags/example_task_group_decorator.py took 0.163 seconds
[2024-07-08T15:23:37.671+0000] {processor.py:161} INFO - Started process (PID=1470) to work on /home/airflow/.local/lib/python3.12/site-packages/airflow/example_dags/example_task_group_decorator.py
[2024-07-08T15:23:37.684+0000] {processor.py:830} INFO - Processing file /home/airflow/.local/lib/python3.12/site-packages/airflow/example_dags/example_task_group_decorator.py for tasks to queue
[2024-07-08T15:23:37.687+0000] {logging_mixin.py:188} INFO - [2024-07-08T15:23:37.686+0000] {dagbag.py:545} INFO - Filling up the DagBag from /home/airflow/.local/lib/python3.12/site-packages/airflow/example_dags/example_task_group_decorator.py
[2024-07-08T15:23:37.778+0000] {processor.py:840} INFO - DAG(s) 'example_task_group_decorator' retrieved from /home/airflow/.local/lib/python3.12/site-packages/airflow/example_dags/example_task_group_decorator.py
[2024-07-08T15:23:37.893+0000] {logging_mixin.py:188} INFO - [2024-07-08T15:23:37.892+0000] {dag.py:3096} INFO - Sync 1 DAGs
[2024-07-08T15:23:38.031+0000] {logging_mixin.py:188} INFO - [2024-07-08T15:23:38.030+0000] {dag.py:3954} INFO - Setting next_dagrun for example_task_group_decorator to 2024-07-07 00:00:00+00:00, run_after=2024-07-08 00:00:00+00:00
[2024-07-08T15:23:38.194+0000] {processor.py:183} INFO - Processing /home/airflow/.local/lib/python3.12/site-packages/airflow/example_dags/example_task_group_decorator.py took 0.545 seconds
[2024-07-08T15:24:08.310+0000] {processor.py:161} INFO - Started process (PID=1536) to work on /home/airflow/.local/lib/python3.12/site-packages/airflow/example_dags/example_task_group_decorator.py
[2024-07-08T15:24:08.313+0000] {processor.py:830} INFO - Processing file /home/airflow/.local/lib/python3.12/site-packages/airflow/example_dags/example_task_group_decorator.py for tasks to queue
[2024-07-08T15:24:08.315+0000] {logging_mixin.py:188} INFO - [2024-07-08T15:24:08.315+0000] {dagbag.py:545} INFO - Filling up the DagBag from /home/airflow/.local/lib/python3.12/site-packages/airflow/example_dags/example_task_group_decorator.py
[2024-07-08T15:24:08.337+0000] {processor.py:840} INFO - DAG(s) 'example_task_group_decorator' retrieved from /home/airflow/.local/lib/python3.12/site-packages/airflow/example_dags/example_task_group_decorator.py
[2024-07-08T15:24:08.373+0000] {logging_mixin.py:188} INFO - [2024-07-08T15:24:08.372+0000] {dag.py:3096} INFO - Sync 1 DAGs
[2024-07-08T15:24:08.404+0000] {logging_mixin.py:188} INFO - [2024-07-08T15:24:08.404+0000] {dag.py:3954} INFO - Setting next_dagrun for example_task_group_decorator to 2024-07-07 00:00:00+00:00, run_after=2024-07-08 00:00:00+00:00
[2024-07-08T15:24:08.428+0000] {processor.py:183} INFO - Processing /home/airflow/.local/lib/python3.12/site-packages/airflow/example_dags/example_task_group_decorator.py took 0.127 seconds
[2024-07-08T15:24:38.837+0000] {processor.py:161} INFO - Started process (PID=1595) to work on /home/airflow/.local/lib/python3.12/site-packages/airflow/example_dags/example_task_group_decorator.py
[2024-07-08T15:24:38.839+0000] {processor.py:830} INFO - Processing file /home/airflow/.local/lib/python3.12/site-packages/airflow/example_dags/example_task_group_decorator.py for tasks to queue
[2024-07-08T15:24:38.841+0000] {logging_mixin.py:188} INFO - [2024-07-08T15:24:38.840+0000] {dagbag.py:545} INFO - Filling up the DagBag from /home/airflow/.local/lib/python3.12/site-packages/airflow/example_dags/example_task_group_decorator.py
[2024-07-08T15:24:38.866+0000] {processor.py:840} INFO - DAG(s) 'example_task_group_decorator' retrieved from /home/airflow/.local/lib/python3.12/site-packages/airflow/example_dags/example_task_group_decorator.py
[2024-07-08T15:24:38.904+0000] {logging_mixin.py:188} INFO - [2024-07-08T15:24:38.903+0000] {dag.py:3096} INFO - Sync 1 DAGs
[2024-07-08T15:24:38.933+0000] {logging_mixin.py:188} INFO - [2024-07-08T15:24:38.933+0000] {dag.py:3954} INFO - Setting next_dagrun for example_task_group_decorator to 2024-07-07 00:00:00+00:00, run_after=2024-07-08 00:00:00+00:00
[2024-07-08T15:24:38.962+0000] {processor.py:183} INFO - Processing /home/airflow/.local/lib/python3.12/site-packages/airflow/example_dags/example_task_group_decorator.py took 0.133 seconds
[2024-07-08T15:25:09.903+0000] {processor.py:161} INFO - Started process (PID=1657) to work on /home/airflow/.local/lib/python3.12/site-packages/airflow/example_dags/example_task_group_decorator.py
[2024-07-08T15:25:09.905+0000] {processor.py:830} INFO - Processing file /home/airflow/.local/lib/python3.12/site-packages/airflow/example_dags/example_task_group_decorator.py for tasks to queue
[2024-07-08T15:25:09.907+0000] {logging_mixin.py:188} INFO - [2024-07-08T15:25:09.906+0000] {dagbag.py:545} INFO - Filling up the DagBag from /home/airflow/.local/lib/python3.12/site-packages/airflow/example_dags/example_task_group_decorator.py
[2024-07-08T15:25:09.929+0000] {processor.py:840} INFO - DAG(s) 'example_task_group_decorator' retrieved from /home/airflow/.local/lib/python3.12/site-packages/airflow/example_dags/example_task_group_decorator.py
[2024-07-08T15:25:09.973+0000] {logging_mixin.py:188} INFO - [2024-07-08T15:25:09.973+0000] {dag.py:3096} INFO - Sync 1 DAGs
[2024-07-08T15:25:10.012+0000] {logging_mixin.py:188} INFO - [2024-07-08T15:25:10.012+0000] {dag.py:3954} INFO - Setting next_dagrun for example_task_group_decorator to 2024-07-07 00:00:00+00:00, run_after=2024-07-08 00:00:00+00:00
[2024-07-08T15:25:10.043+0000] {processor.py:183} INFO - Processing /home/airflow/.local/lib/python3.12/site-packages/airflow/example_dags/example_task_group_decorator.py took 0.150 seconds
[2024-07-08T15:25:40.874+0000] {processor.py:161} INFO - Started process (PID=1724) to work on /home/airflow/.local/lib/python3.12/site-packages/airflow/example_dags/example_task_group_decorator.py
[2024-07-08T15:25:40.875+0000] {processor.py:830} INFO - Processing file /home/airflow/.local/lib/python3.12/site-packages/airflow/example_dags/example_task_group_decorator.py for tasks to queue
[2024-07-08T15:25:40.877+0000] {logging_mixin.py:188} INFO - [2024-07-08T15:25:40.876+0000] {dagbag.py:545} INFO - Filling up the DagBag from /home/airflow/.local/lib/python3.12/site-packages/airflow/example_dags/example_task_group_decorator.py
[2024-07-08T15:25:40.903+0000] {processor.py:840} INFO - DAG(s) 'example_task_group_decorator' retrieved from /home/airflow/.local/lib/python3.12/site-packages/airflow/example_dags/example_task_group_decorator.py
[2024-07-08T15:25:40.937+0000] {logging_mixin.py:188} INFO - [2024-07-08T15:25:40.936+0000] {dag.py:3096} INFO - Sync 1 DAGs
[2024-07-08T15:25:40.974+0000] {logging_mixin.py:188} INFO - [2024-07-08T15:25:40.973+0000] {dag.py:3954} INFO - Setting next_dagrun for example_task_group_decorator to 2024-07-07 00:00:00+00:00, run_after=2024-07-08 00:00:00+00:00
[2024-07-08T15:25:41.009+0000] {processor.py:183} INFO - Processing /home/airflow/.local/lib/python3.12/site-packages/airflow/example_dags/example_task_group_decorator.py took 0.142 seconds
[2024-07-08T15:26:12.160+0000] {processor.py:161} INFO - Started process (PID=1789) to work on /home/airflow/.local/lib/python3.12/site-packages/airflow/example_dags/example_task_group_decorator.py
[2024-07-08T15:26:12.163+0000] {processor.py:830} INFO - Processing file /home/airflow/.local/lib/python3.12/site-packages/airflow/example_dags/example_task_group_decorator.py for tasks to queue
[2024-07-08T15:26:12.167+0000] {logging_mixin.py:188} INFO - [2024-07-08T15:26:12.165+0000] {dagbag.py:545} INFO - Filling up the DagBag from /home/airflow/.local/lib/python3.12/site-packages/airflow/example_dags/example_task_group_decorator.py
[2024-07-08T15:26:12.217+0000] {processor.py:840} INFO - DAG(s) 'example_task_group_decorator' retrieved from /home/airflow/.local/lib/python3.12/site-packages/airflow/example_dags/example_task_group_decorator.py
[2024-07-08T15:26:12.269+0000] {logging_mixin.py:188} INFO - [2024-07-08T15:26:12.269+0000] {dag.py:3096} INFO - Sync 1 DAGs
[2024-07-08T15:26:12.318+0000] {logging_mixin.py:188} INFO - [2024-07-08T15:26:12.318+0000] {dag.py:3954} INFO - Setting next_dagrun for example_task_group_decorator to 2024-07-07 00:00:00+00:00, run_after=2024-07-08 00:00:00+00:00
[2024-07-08T15:26:12.353+0000] {processor.py:183} INFO - Processing /home/airflow/.local/lib/python3.12/site-packages/airflow/example_dags/example_task_group_decorator.py took 0.205 seconds
[2024-07-08T15:26:42.687+0000] {processor.py:161} INFO - Started process (PID=1850) to work on /home/airflow/.local/lib/python3.12/site-packages/airflow/example_dags/example_task_group_decorator.py
[2024-07-08T15:26:42.689+0000] {processor.py:830} INFO - Processing file /home/airflow/.local/lib/python3.12/site-packages/airflow/example_dags/example_task_group_decorator.py for tasks to queue
[2024-07-08T15:26:42.690+0000] {logging_mixin.py:188} INFO - [2024-07-08T15:26:42.690+0000] {dagbag.py:545} INFO - Filling up the DagBag from /home/airflow/.local/lib/python3.12/site-packages/airflow/example_dags/example_task_group_decorator.py
[2024-07-08T15:26:42.736+0000] {processor.py:840} INFO - DAG(s) 'example_task_group_decorator' retrieved from /home/airflow/.local/lib/python3.12/site-packages/airflow/example_dags/example_task_group_decorator.py
[2024-07-08T15:26:42.777+0000] {logging_mixin.py:188} INFO - [2024-07-08T15:26:42.777+0000] {dag.py:3096} INFO - Sync 1 DAGs
[2024-07-08T15:26:42.835+0000] {logging_mixin.py:188} INFO - [2024-07-08T15:26:42.833+0000] {dag.py:3954} INFO - Setting next_dagrun for example_task_group_decorator to 2024-07-07 00:00:00+00:00, run_after=2024-07-08 00:00:00+00:00
[2024-07-08T15:26:42.867+0000] {processor.py:183} INFO - Processing /home/airflow/.local/lib/python3.12/site-packages/airflow/example_dags/example_task_group_decorator.py took 0.187 seconds
[2024-07-08T15:27:13.465+0000] {processor.py:161} INFO - Started process (PID=1910) to work on /home/airflow/.local/lib/python3.12/site-packages/airflow/example_dags/example_task_group_decorator.py
[2024-07-08T15:27:13.466+0000] {processor.py:830} INFO - Processing file /home/airflow/.local/lib/python3.12/site-packages/airflow/example_dags/example_task_group_decorator.py for tasks to queue
[2024-07-08T15:27:13.468+0000] {logging_mixin.py:188} INFO - [2024-07-08T15:27:13.467+0000] {dagbag.py:545} INFO - Filling up the DagBag from /home/airflow/.local/lib/python3.12/site-packages/airflow/example_dags/example_task_group_decorator.py
[2024-07-08T15:27:13.492+0000] {processor.py:840} INFO - DAG(s) 'example_task_group_decorator' retrieved from /home/airflow/.local/lib/python3.12/site-packages/airflow/example_dags/example_task_group_decorator.py
[2024-07-08T15:27:13.527+0000] {logging_mixin.py:188} INFO - [2024-07-08T15:27:13.527+0000] {dag.py:3096} INFO - Sync 1 DAGs
[2024-07-08T15:27:13.561+0000] {logging_mixin.py:188} INFO - [2024-07-08T15:27:13.560+0000] {dag.py:3954} INFO - Setting next_dagrun for example_task_group_decorator to 2024-07-07 00:00:00+00:00, run_after=2024-07-08 00:00:00+00:00
[2024-07-08T15:27:13.593+0000] {processor.py:183} INFO - Processing /home/airflow/.local/lib/python3.12/site-packages/airflow/example_dags/example_task_group_decorator.py took 0.136 seconds
[2024-07-08T15:27:44.372+0000] {processor.py:161} INFO - Started process (PID=1968) to work on /home/airflow/.local/lib/python3.12/site-packages/airflow/example_dags/example_task_group_decorator.py
[2024-07-08T15:27:44.374+0000] {processor.py:830} INFO - Processing file /home/airflow/.local/lib/python3.12/site-packages/airflow/example_dags/example_task_group_decorator.py for tasks to queue
[2024-07-08T15:27:44.377+0000] {logging_mixin.py:188} INFO - [2024-07-08T15:27:44.376+0000] {dagbag.py:545} INFO - Filling up the DagBag from /home/airflow/.local/lib/python3.12/site-packages/airflow/example_dags/example_task_group_decorator.py
[2024-07-08T15:27:44.405+0000] {processor.py:840} INFO - DAG(s) 'example_task_group_decorator' retrieved from /home/airflow/.local/lib/python3.12/site-packages/airflow/example_dags/example_task_group_decorator.py
[2024-07-08T15:27:44.615+0000] {logging_mixin.py:188} INFO - [2024-07-08T15:27:44.614+0000] {dag.py:3096} INFO - Sync 1 DAGs
[2024-07-08T15:27:44.643+0000] {logging_mixin.py:188} INFO - [2024-07-08T15:27:44.643+0000] {dag.py:3954} INFO - Setting next_dagrun for example_task_group_decorator to 2024-07-07 00:00:00+00:00, run_after=2024-07-08 00:00:00+00:00
[2024-07-08T15:27:44.677+0000] {processor.py:183} INFO - Processing /home/airflow/.local/lib/python3.12/site-packages/airflow/example_dags/example_task_group_decorator.py took 0.312 seconds
[2024-07-08T15:28:15.125+0000] {processor.py:161} INFO - Started process (PID=2027) to work on /home/airflow/.local/lib/python3.12/site-packages/airflow/example_dags/example_task_group_decorator.py
[2024-07-08T15:28:15.127+0000] {processor.py:830} INFO - Processing file /home/airflow/.local/lib/python3.12/site-packages/airflow/example_dags/example_task_group_decorator.py for tasks to queue
[2024-07-08T15:28:15.129+0000] {logging_mixin.py:188} INFO - [2024-07-08T15:28:15.129+0000] {dagbag.py:545} INFO - Filling up the DagBag from /home/airflow/.local/lib/python3.12/site-packages/airflow/example_dags/example_task_group_decorator.py
[2024-07-08T15:28:15.158+0000] {processor.py:840} INFO - DAG(s) 'example_task_group_decorator' retrieved from /home/airflow/.local/lib/python3.12/site-packages/airflow/example_dags/example_task_group_decorator.py
[2024-07-08T15:28:15.196+0000] {logging_mixin.py:188} INFO - [2024-07-08T15:28:15.195+0000] {dag.py:3096} INFO - Sync 1 DAGs
[2024-07-08T15:28:15.230+0000] {logging_mixin.py:188} INFO - [2024-07-08T15:28:15.230+0000] {dag.py:3954} INFO - Setting next_dagrun for example_task_group_decorator to 2024-07-07 00:00:00+00:00, run_after=2024-07-08 00:00:00+00:00
[2024-07-08T15:28:15.257+0000] {processor.py:183} INFO - Processing /home/airflow/.local/lib/python3.12/site-packages/airflow/example_dags/example_task_group_decorator.py took 0.140 seconds
[2024-07-08T15:31:09.327+0000] {processor.py:161} INFO - Started process (PID=2088) to work on /home/airflow/.local/lib/python3.12/site-packages/airflow/example_dags/example_task_group_decorator.py
[2024-07-08T15:31:09.329+0000] {processor.py:830} INFO - Processing file /home/airflow/.local/lib/python3.12/site-packages/airflow/example_dags/example_task_group_decorator.py for tasks to queue
[2024-07-08T15:31:09.332+0000] {logging_mixin.py:188} INFO - [2024-07-08T15:31:09.331+0000] {dagbag.py:545} INFO - Filling up the DagBag from /home/airflow/.local/lib/python3.12/site-packages/airflow/example_dags/example_task_group_decorator.py
[2024-07-08T15:31:09.397+0000] {processor.py:840} INFO - DAG(s) 'example_task_group_decorator' retrieved from /home/airflow/.local/lib/python3.12/site-packages/airflow/example_dags/example_task_group_decorator.py
[2024-07-08T15:31:09.463+0000] {logging_mixin.py:188} INFO - [2024-07-08T15:31:09.462+0000] {dag.py:3096} INFO - Sync 1 DAGs
[2024-07-08T15:31:09.509+0000] {logging_mixin.py:188} INFO - [2024-07-08T15:31:09.509+0000] {dag.py:3954} INFO - Setting next_dagrun for example_task_group_decorator to 2024-07-07 00:00:00+00:00, run_after=2024-07-08 00:00:00+00:00
[2024-07-08T15:31:09.612+0000] {processor.py:183} INFO - Processing /home/airflow/.local/lib/python3.12/site-packages/airflow/example_dags/example_task_group_decorator.py took 0.304 seconds
[2024-07-08T15:31:40.467+0000] {processor.py:161} INFO - Started process (PID=2146) to work on /home/airflow/.local/lib/python3.12/site-packages/airflow/example_dags/example_task_group_decorator.py
[2024-07-08T15:31:40.469+0000] {processor.py:830} INFO - Processing file /home/airflow/.local/lib/python3.12/site-packages/airflow/example_dags/example_task_group_decorator.py for tasks to queue
[2024-07-08T15:31:40.471+0000] {logging_mixin.py:188} INFO - [2024-07-08T15:31:40.470+0000] {dagbag.py:545} INFO - Filling up the DagBag from /home/airflow/.local/lib/python3.12/site-packages/airflow/example_dags/example_task_group_decorator.py
[2024-07-08T15:31:40.503+0000] {processor.py:840} INFO - DAG(s) 'example_task_group_decorator' retrieved from /home/airflow/.local/lib/python3.12/site-packages/airflow/example_dags/example_task_group_decorator.py
[2024-07-08T15:31:40.563+0000] {logging_mixin.py:188} INFO - [2024-07-08T15:31:40.562+0000] {dag.py:3096} INFO - Sync 1 DAGs
[2024-07-08T15:31:40.618+0000] {logging_mixin.py:188} INFO - [2024-07-08T15:31:40.617+0000] {dag.py:3954} INFO - Setting next_dagrun for example_task_group_decorator to 2024-07-07 00:00:00+00:00, run_after=2024-07-08 00:00:00+00:00
[2024-07-08T15:31:40.679+0000] {processor.py:183} INFO - Processing /home/airflow/.local/lib/python3.12/site-packages/airflow/example_dags/example_task_group_decorator.py took 0.223 seconds
[2024-07-08T15:32:11.378+0000] {processor.py:161} INFO - Started process (PID=2205) to work on /home/airflow/.local/lib/python3.12/site-packages/airflow/example_dags/example_task_group_decorator.py
[2024-07-08T15:32:11.379+0000] {processor.py:830} INFO - Processing file /home/airflow/.local/lib/python3.12/site-packages/airflow/example_dags/example_task_group_decorator.py for tasks to queue
[2024-07-08T15:32:11.380+0000] {logging_mixin.py:188} INFO - [2024-07-08T15:32:11.380+0000] {dagbag.py:545} INFO - Filling up the DagBag from /home/airflow/.local/lib/python3.12/site-packages/airflow/example_dags/example_task_group_decorator.py
[2024-07-08T15:32:11.401+0000] {processor.py:840} INFO - DAG(s) 'example_task_group_decorator' retrieved from /home/airflow/.local/lib/python3.12/site-packages/airflow/example_dags/example_task_group_decorator.py
[2024-07-08T15:32:11.437+0000] {logging_mixin.py:188} INFO - [2024-07-08T15:32:11.436+0000] {dag.py:3096} INFO - Sync 1 DAGs
[2024-07-08T15:32:11.467+0000] {logging_mixin.py:188} INFO - [2024-07-08T15:32:11.467+0000] {dag.py:3954} INFO - Setting next_dagrun for example_task_group_decorator to 2024-07-07 00:00:00+00:00, run_after=2024-07-08 00:00:00+00:00
[2024-07-08T15:32:11.492+0000] {processor.py:183} INFO - Processing /home/airflow/.local/lib/python3.12/site-packages/airflow/example_dags/example_task_group_decorator.py took 0.121 seconds
[2024-07-08T15:36:17.296+0000] {processor.py:161} INFO - Started process (PID=2286) to work on /home/airflow/.local/lib/python3.12/site-packages/airflow/example_dags/example_task_group_decorator.py
[2024-07-08T15:36:17.298+0000] {processor.py:830} INFO - Processing file /home/airflow/.local/lib/python3.12/site-packages/airflow/example_dags/example_task_group_decorator.py for tasks to queue
[2024-07-08T15:36:17.300+0000] {logging_mixin.py:188} INFO - [2024-07-08T15:36:17.300+0000] {dagbag.py:545} INFO - Filling up the DagBag from /home/airflow/.local/lib/python3.12/site-packages/airflow/example_dags/example_task_group_decorator.py
[2024-07-08T15:36:17.336+0000] {processor.py:840} INFO - DAG(s) 'example_task_group_decorator' retrieved from /home/airflow/.local/lib/python3.12/site-packages/airflow/example_dags/example_task_group_decorator.py
[2024-07-08T15:36:17.471+0000] {logging_mixin.py:188} INFO - [2024-07-08T15:36:17.470+0000] {dag.py:3096} INFO - Sync 1 DAGs
[2024-07-08T15:36:17.679+0000] {logging_mixin.py:188} INFO - [2024-07-08T15:36:17.678+0000] {dag.py:3954} INFO - Setting next_dagrun for example_task_group_decorator to 2024-07-07 00:00:00+00:00, run_after=2024-07-08 00:00:00+00:00
[2024-07-08T15:36:17.866+0000] {processor.py:183} INFO - Processing /home/airflow/.local/lib/python3.12/site-packages/airflow/example_dags/example_task_group_decorator.py took 0.589 seconds
[2024-07-08T15:42:17.193+0000] {processor.py:161} INFO - Started process (PID=2418) to work on /home/airflow/.local/lib/python3.12/site-packages/airflow/example_dags/example_task_group_decorator.py
[2024-07-08T15:42:17.199+0000] {processor.py:830} INFO - Processing file /home/airflow/.local/lib/python3.12/site-packages/airflow/example_dags/example_task_group_decorator.py for tasks to queue
[2024-07-08T15:42:17.202+0000] {logging_mixin.py:188} INFO - [2024-07-08T15:42:17.201+0000] {dagbag.py:545} INFO - Filling up the DagBag from /home/airflow/.local/lib/python3.12/site-packages/airflow/example_dags/example_task_group_decorator.py
[2024-07-08T15:42:17.242+0000] {processor.py:840} INFO - DAG(s) 'example_task_group_decorator' retrieved from /home/airflow/.local/lib/python3.12/site-packages/airflow/example_dags/example_task_group_decorator.py
[2024-07-08T15:42:17.332+0000] {logging_mixin.py:188} INFO - [2024-07-08T15:42:17.332+0000] {dag.py:3096} INFO - Sync 1 DAGs
[2024-07-08T15:42:17.387+0000] {logging_mixin.py:188} INFO - [2024-07-08T15:42:17.387+0000] {dag.py:3954} INFO - Setting next_dagrun for example_task_group_decorator to 2024-07-07 00:00:00+00:00, run_after=2024-07-08 00:00:00+00:00
[2024-07-08T15:42:17.441+0000] {processor.py:183} INFO - Processing /home/airflow/.local/lib/python3.12/site-packages/airflow/example_dags/example_task_group_decorator.py took 0.260 seconds
[2024-07-08T15:42:47.890+0000] {processor.py:161} INFO - Started process (PID=2481) to work on /home/airflow/.local/lib/python3.12/site-packages/airflow/example_dags/example_task_group_decorator.py
[2024-07-08T15:42:47.892+0000] {processor.py:830} INFO - Processing file /home/airflow/.local/lib/python3.12/site-packages/airflow/example_dags/example_task_group_decorator.py for tasks to queue
[2024-07-08T15:42:47.894+0000] {logging_mixin.py:188} INFO - [2024-07-08T15:42:47.893+0000] {dagbag.py:545} INFO - Filling up the DagBag from /home/airflow/.local/lib/python3.12/site-packages/airflow/example_dags/example_task_group_decorator.py
[2024-07-08T15:42:47.920+0000] {processor.py:840} INFO - DAG(s) 'example_task_group_decorator' retrieved from /home/airflow/.local/lib/python3.12/site-packages/airflow/example_dags/example_task_group_decorator.py
[2024-07-08T15:42:47.962+0000] {logging_mixin.py:188} INFO - [2024-07-08T15:42:47.962+0000] {dag.py:3096} INFO - Sync 1 DAGs
[2024-07-08T15:42:48.002+0000] {logging_mixin.py:188} INFO - [2024-07-08T15:42:48.001+0000] {dag.py:3954} INFO - Setting next_dagrun for example_task_group_decorator to 2024-07-07 00:00:00+00:00, run_after=2024-07-08 00:00:00+00:00
[2024-07-08T15:42:48.049+0000] {processor.py:183} INFO - Processing /home/airflow/.local/lib/python3.12/site-packages/airflow/example_dags/example_task_group_decorator.py took 0.168 seconds
[2024-07-08T15:43:18.374+0000] {processor.py:161} INFO - Started process (PID=2541) to work on /home/airflow/.local/lib/python3.12/site-packages/airflow/example_dags/example_task_group_decorator.py
[2024-07-08T15:43:18.377+0000] {processor.py:830} INFO - Processing file /home/airflow/.local/lib/python3.12/site-packages/airflow/example_dags/example_task_group_decorator.py for tasks to queue
[2024-07-08T15:43:18.383+0000] {logging_mixin.py:188} INFO - [2024-07-08T15:43:18.382+0000] {dagbag.py:545} INFO - Filling up the DagBag from /home/airflow/.local/lib/python3.12/site-packages/airflow/example_dags/example_task_group_decorator.py
[2024-07-08T15:43:18.424+0000] {processor.py:840} INFO - DAG(s) 'example_task_group_decorator' retrieved from /home/airflow/.local/lib/python3.12/site-packages/airflow/example_dags/example_task_group_decorator.py
[2024-07-08T15:43:18.484+0000] {logging_mixin.py:188} INFO - [2024-07-08T15:43:18.484+0000] {dag.py:3096} INFO - Sync 1 DAGs
[2024-07-08T15:43:18.530+0000] {logging_mixin.py:188} INFO - [2024-07-08T15:43:18.530+0000] {dag.py:3954} INFO - Setting next_dagrun for example_task_group_decorator to 2024-07-07 00:00:00+00:00, run_after=2024-07-08 00:00:00+00:00
[2024-07-08T15:43:18.578+0000] {processor.py:183} INFO - Processing /home/airflow/.local/lib/python3.12/site-packages/airflow/example_dags/example_task_group_decorator.py took 0.214 seconds
[2024-07-08T15:43:49.447+0000] {processor.py:161} INFO - Started process (PID=2601) to work on /home/airflow/.local/lib/python3.12/site-packages/airflow/example_dags/example_task_group_decorator.py
[2024-07-08T15:43:49.449+0000] {processor.py:830} INFO - Processing file /home/airflow/.local/lib/python3.12/site-packages/airflow/example_dags/example_task_group_decorator.py for tasks to queue
[2024-07-08T15:43:49.450+0000] {logging_mixin.py:188} INFO - [2024-07-08T15:43:49.450+0000] {dagbag.py:545} INFO - Filling up the DagBag from /home/airflow/.local/lib/python3.12/site-packages/airflow/example_dags/example_task_group_decorator.py
[2024-07-08T15:43:49.471+0000] {processor.py:840} INFO - DAG(s) 'example_task_group_decorator' retrieved from /home/airflow/.local/lib/python3.12/site-packages/airflow/example_dags/example_task_group_decorator.py
[2024-07-08T15:43:49.502+0000] {logging_mixin.py:188} INFO - [2024-07-08T15:43:49.502+0000] {dag.py:3096} INFO - Sync 1 DAGs
[2024-07-08T15:43:49.524+0000] {logging_mixin.py:188} INFO - [2024-07-08T15:43:49.524+0000] {dag.py:3954} INFO - Setting next_dagrun for example_task_group_decorator to 2024-07-07 00:00:00+00:00, run_after=2024-07-08 00:00:00+00:00
[2024-07-08T15:43:49.556+0000] {processor.py:183} INFO - Processing /home/airflow/.local/lib/python3.12/site-packages/airflow/example_dags/example_task_group_decorator.py took 0.118 seconds
