[2024-07-08T15:07:34.082+0000] {processor.py:161} INFO - Started process (PID=43) to work on /home/airflow/.local/lib/python3.12/site-packages/airflow/example_dags/example_setup_teardown.py
[2024-07-08T15:07:34.085+0000] {processor.py:830} INFO - Processing file /home/airflow/.local/lib/python3.12/site-packages/airflow/example_dags/example_setup_teardown.py for tasks to queue
[2024-07-08T15:07:34.095+0000] {logging_mixin.py:188} INFO - [2024-07-08T15:07:34.094+0000] {dagbag.py:545} INFO - Filling up the DagBag from /home/airflow/.local/lib/python3.12/site-packages/airflow/example_dags/example_setup_teardown.py
[2024-07-08T15:07:34.191+0000] {processor.py:840} INFO - DAG(s) 'example_setup_teardown' retrieved from /home/airflow/.local/lib/python3.12/site-packages/airflow/example_dags/example_setup_teardown.py
[2024-07-08T15:07:34.875+0000] {logging_mixin.py:188} INFO - [2024-07-08T15:07:34.875+0000] {dag.py:3096} INFO - Sync 1 DAGs
[2024-07-08T15:07:35.132+0000] {logging_mixin.py:188} INFO - [2024-07-08T15:07:35.131+0000] {dag.py:3954} INFO - Setting next_dagrun for example_setup_teardown to 2024-07-07 00:00:00+00:00, run_after=2024-07-08 00:00:00+00:00
[2024-07-08T15:07:35.265+0000] {processor.py:183} INFO - Processing /home/airflow/.local/lib/python3.12/site-packages/airflow/example_dags/example_setup_teardown.py took 1.289 seconds
[2024-07-08T15:08:07.108+0000] {processor.py:161} INFO - Started process (PID=101) to work on /home/airflow/.local/lib/python3.12/site-packages/airflow/example_dags/example_setup_teardown.py
[2024-07-08T15:08:07.110+0000] {processor.py:830} INFO - Processing file /home/airflow/.local/lib/python3.12/site-packages/airflow/example_dags/example_setup_teardown.py for tasks to queue
[2024-07-08T15:08:07.114+0000] {logging_mixin.py:188} INFO - [2024-07-08T15:08:07.113+0000] {dagbag.py:545} INFO - Filling up the DagBag from /home/airflow/.local/lib/python3.12/site-packages/airflow/example_dags/example_setup_teardown.py
[2024-07-08T15:08:07.126+0000] {processor.py:840} INFO - DAG(s) 'example_setup_teardown' retrieved from /home/airflow/.local/lib/python3.12/site-packages/airflow/example_dags/example_setup_teardown.py
[2024-07-08T15:08:07.158+0000] {logging_mixin.py:188} INFO - [2024-07-08T15:08:07.158+0000] {dag.py:3096} INFO - Sync 1 DAGs
[2024-07-08T15:08:07.193+0000] {logging_mixin.py:188} INFO - [2024-07-08T15:08:07.193+0000] {dag.py:3954} INFO - Setting next_dagrun for example_setup_teardown to 2024-07-07 00:00:00+00:00, run_after=2024-07-08 00:00:00+00:00
[2024-07-08T15:08:07.232+0000] {processor.py:183} INFO - Processing /home/airflow/.local/lib/python3.12/site-packages/airflow/example_dags/example_setup_teardown.py took 0.132 seconds
[2024-07-08T15:08:37.724+0000] {processor.py:161} INFO - Started process (PID=156) to work on /home/airflow/.local/lib/python3.12/site-packages/airflow/example_dags/example_setup_teardown.py
[2024-07-08T15:08:37.731+0000] {processor.py:830} INFO - Processing file /home/airflow/.local/lib/python3.12/site-packages/airflow/example_dags/example_setup_teardown.py for tasks to queue
[2024-07-08T15:08:37.734+0000] {logging_mixin.py:188} INFO - [2024-07-08T15:08:37.733+0000] {dagbag.py:545} INFO - Filling up the DagBag from /home/airflow/.local/lib/python3.12/site-packages/airflow/example_dags/example_setup_teardown.py
[2024-07-08T15:08:37.756+0000] {processor.py:840} INFO - DAG(s) 'example_setup_teardown' retrieved from /home/airflow/.local/lib/python3.12/site-packages/airflow/example_dags/example_setup_teardown.py
[2024-07-08T15:08:37.796+0000] {logging_mixin.py:188} INFO - [2024-07-08T15:08:37.796+0000] {dag.py:3096} INFO - Sync 1 DAGs
[2024-07-08T15:08:37.829+0000] {logging_mixin.py:188} INFO - [2024-07-08T15:08:37.829+0000] {dag.py:3954} INFO - Setting next_dagrun for example_setup_teardown to 2024-07-07 00:00:00+00:00, run_after=2024-07-08 00:00:00+00:00
[2024-07-08T15:08:37.875+0000] {processor.py:183} INFO - Processing /home/airflow/.local/lib/python3.12/site-packages/airflow/example_dags/example_setup_teardown.py took 0.169 seconds
[2024-07-08T15:09:09.431+0000] {processor.py:161} INFO - Started process (PID=214) to work on /home/airflow/.local/lib/python3.12/site-packages/airflow/example_dags/example_setup_teardown.py
[2024-07-08T15:09:09.437+0000] {processor.py:830} INFO - Processing file /home/airflow/.local/lib/python3.12/site-packages/airflow/example_dags/example_setup_teardown.py for tasks to queue
[2024-07-08T15:09:09.448+0000] {logging_mixin.py:188} INFO - [2024-07-08T15:09:09.446+0000] {dagbag.py:545} INFO - Filling up the DagBag from /home/airflow/.local/lib/python3.12/site-packages/airflow/example_dags/example_setup_teardown.py
[2024-07-08T15:09:09.472+0000] {processor.py:840} INFO - DAG(s) 'example_setup_teardown' retrieved from /home/airflow/.local/lib/python3.12/site-packages/airflow/example_dags/example_setup_teardown.py
[2024-07-08T15:09:09.582+0000] {logging_mixin.py:188} INFO - [2024-07-08T15:09:09.581+0000] {dag.py:3096} INFO - Sync 1 DAGs
[2024-07-08T15:09:09.703+0000] {logging_mixin.py:188} INFO - [2024-07-08T15:09:09.702+0000] {dag.py:3954} INFO - Setting next_dagrun for example_setup_teardown to 2024-07-07 00:00:00+00:00, run_after=2024-07-08 00:00:00+00:00
[2024-07-08T15:09:09.818+0000] {processor.py:183} INFO - Processing /home/airflow/.local/lib/python3.12/site-packages/airflow/example_dags/example_setup_teardown.py took 0.418 seconds
[2024-07-08T15:09:40.151+0000] {processor.py:161} INFO - Started process (PID=272) to work on /home/airflow/.local/lib/python3.12/site-packages/airflow/example_dags/example_setup_teardown.py
[2024-07-08T15:09:40.153+0000] {processor.py:830} INFO - Processing file /home/airflow/.local/lib/python3.12/site-packages/airflow/example_dags/example_setup_teardown.py for tasks to queue
[2024-07-08T15:09:40.155+0000] {logging_mixin.py:188} INFO - [2024-07-08T15:09:40.155+0000] {dagbag.py:545} INFO - Filling up the DagBag from /home/airflow/.local/lib/python3.12/site-packages/airflow/example_dags/example_setup_teardown.py
[2024-07-08T15:09:40.163+0000] {processor.py:840} INFO - DAG(s) 'example_setup_teardown' retrieved from /home/airflow/.local/lib/python3.12/site-packages/airflow/example_dags/example_setup_teardown.py
[2024-07-08T15:09:40.190+0000] {logging_mixin.py:188} INFO - [2024-07-08T15:09:40.189+0000] {dag.py:3096} INFO - Sync 1 DAGs
[2024-07-08T15:09:40.218+0000] {logging_mixin.py:188} INFO - [2024-07-08T15:09:40.217+0000] {dag.py:3954} INFO - Setting next_dagrun for example_setup_teardown to 2024-07-07 00:00:00+00:00, run_after=2024-07-08 00:00:00+00:00
[2024-07-08T15:09:40.249+0000] {processor.py:183} INFO - Processing /home/airflow/.local/lib/python3.12/site-packages/airflow/example_dags/example_setup_teardown.py took 0.104 seconds
[2024-07-08T15:10:10.972+0000] {processor.py:161} INFO - Started process (PID=330) to work on /home/airflow/.local/lib/python3.12/site-packages/airflow/example_dags/example_setup_teardown.py
[2024-07-08T15:10:10.973+0000] {processor.py:830} INFO - Processing file /home/airflow/.local/lib/python3.12/site-packages/airflow/example_dags/example_setup_teardown.py for tasks to queue
[2024-07-08T15:10:10.975+0000] {logging_mixin.py:188} INFO - [2024-07-08T15:10:10.975+0000] {dagbag.py:545} INFO - Filling up the DagBag from /home/airflow/.local/lib/python3.12/site-packages/airflow/example_dags/example_setup_teardown.py
[2024-07-08T15:10:10.983+0000] {processor.py:840} INFO - DAG(s) 'example_setup_teardown' retrieved from /home/airflow/.local/lib/python3.12/site-packages/airflow/example_dags/example_setup_teardown.py
[2024-07-08T15:10:11.006+0000] {logging_mixin.py:188} INFO - [2024-07-08T15:10:11.006+0000] {dag.py:3096} INFO - Sync 1 DAGs
[2024-07-08T15:10:11.036+0000] {logging_mixin.py:188} INFO - [2024-07-08T15:10:11.035+0000] {dag.py:3954} INFO - Setting next_dagrun for example_setup_teardown to 2024-07-07 00:00:00+00:00, run_after=2024-07-08 00:00:00+00:00
[2024-07-08T15:10:11.063+0000] {processor.py:183} INFO - Processing /home/airflow/.local/lib/python3.12/site-packages/airflow/example_dags/example_setup_teardown.py took 0.097 seconds
[2024-07-08T15:10:41.461+0000] {processor.py:161} INFO - Started process (PID=387) to work on /home/airflow/.local/lib/python3.12/site-packages/airflow/example_dags/example_setup_teardown.py
[2024-07-08T15:10:41.463+0000] {processor.py:830} INFO - Processing file /home/airflow/.local/lib/python3.12/site-packages/airflow/example_dags/example_setup_teardown.py for tasks to queue
[2024-07-08T15:10:41.466+0000] {logging_mixin.py:188} INFO - [2024-07-08T15:10:41.466+0000] {dagbag.py:545} INFO - Filling up the DagBag from /home/airflow/.local/lib/python3.12/site-packages/airflow/example_dags/example_setup_teardown.py
[2024-07-08T15:10:41.476+0000] {processor.py:840} INFO - DAG(s) 'example_setup_teardown' retrieved from /home/airflow/.local/lib/python3.12/site-packages/airflow/example_dags/example_setup_teardown.py
[2024-07-08T15:10:41.503+0000] {logging_mixin.py:188} INFO - [2024-07-08T15:10:41.503+0000] {dag.py:3096} INFO - Sync 1 DAGs
[2024-07-08T15:10:41.533+0000] {logging_mixin.py:188} INFO - [2024-07-08T15:10:41.532+0000] {dag.py:3954} INFO - Setting next_dagrun for example_setup_teardown to 2024-07-07 00:00:00+00:00, run_after=2024-07-08 00:00:00+00:00
[2024-07-08T15:10:41.564+0000] {processor.py:183} INFO - Processing /home/airflow/.local/lib/python3.12/site-packages/airflow/example_dags/example_setup_teardown.py took 0.118 seconds
[2024-07-08T15:11:12.428+0000] {processor.py:161} INFO - Started process (PID=445) to work on /home/airflow/.local/lib/python3.12/site-packages/airflow/example_dags/example_setup_teardown.py
[2024-07-08T15:11:12.429+0000] {processor.py:830} INFO - Processing file /home/airflow/.local/lib/python3.12/site-packages/airflow/example_dags/example_setup_teardown.py for tasks to queue
[2024-07-08T15:11:12.431+0000] {logging_mixin.py:188} INFO - [2024-07-08T15:11:12.431+0000] {dagbag.py:545} INFO - Filling up the DagBag from /home/airflow/.local/lib/python3.12/site-packages/airflow/example_dags/example_setup_teardown.py
[2024-07-08T15:11:12.439+0000] {processor.py:840} INFO - DAG(s) 'example_setup_teardown' retrieved from /home/airflow/.local/lib/python3.12/site-packages/airflow/example_dags/example_setup_teardown.py
[2024-07-08T15:11:12.464+0000] {logging_mixin.py:188} INFO - [2024-07-08T15:11:12.464+0000] {dag.py:3096} INFO - Sync 1 DAGs
[2024-07-08T15:11:12.489+0000] {logging_mixin.py:188} INFO - [2024-07-08T15:11:12.489+0000] {dag.py:3954} INFO - Setting next_dagrun for example_setup_teardown to 2024-07-07 00:00:00+00:00, run_after=2024-07-08 00:00:00+00:00
[2024-07-08T15:11:12.526+0000] {processor.py:183} INFO - Processing /home/airflow/.local/lib/python3.12/site-packages/airflow/example_dags/example_setup_teardown.py took 0.105 seconds
[2024-07-08T15:11:43.265+0000] {processor.py:161} INFO - Started process (PID=508) to work on /home/airflow/.local/lib/python3.12/site-packages/airflow/example_dags/example_setup_teardown.py
[2024-07-08T15:11:43.266+0000] {processor.py:830} INFO - Processing file /home/airflow/.local/lib/python3.12/site-packages/airflow/example_dags/example_setup_teardown.py for tasks to queue
[2024-07-08T15:11:43.269+0000] {logging_mixin.py:188} INFO - [2024-07-08T15:11:43.269+0000] {dagbag.py:545} INFO - Filling up the DagBag from /home/airflow/.local/lib/python3.12/site-packages/airflow/example_dags/example_setup_teardown.py
[2024-07-08T15:11:43.281+0000] {processor.py:840} INFO - DAG(s) 'example_setup_teardown' retrieved from /home/airflow/.local/lib/python3.12/site-packages/airflow/example_dags/example_setup_teardown.py
[2024-07-08T15:11:43.311+0000] {logging_mixin.py:188} INFO - [2024-07-08T15:11:43.310+0000] {dag.py:3096} INFO - Sync 1 DAGs
[2024-07-08T15:11:43.339+0000] {logging_mixin.py:188} INFO - [2024-07-08T15:11:43.338+0000] {dag.py:3954} INFO - Setting next_dagrun for example_setup_teardown to 2024-07-07 00:00:00+00:00, run_after=2024-07-08 00:00:00+00:00
[2024-07-08T15:11:43.373+0000] {processor.py:183} INFO - Processing /home/airflow/.local/lib/python3.12/site-packages/airflow/example_dags/example_setup_teardown.py took 0.115 seconds
[2024-07-08T15:12:14.131+0000] {processor.py:161} INFO - Started process (PID=566) to work on /home/airflow/.local/lib/python3.12/site-packages/airflow/example_dags/example_setup_teardown.py
[2024-07-08T15:12:14.132+0000] {processor.py:830} INFO - Processing file /home/airflow/.local/lib/python3.12/site-packages/airflow/example_dags/example_setup_teardown.py for tasks to queue
[2024-07-08T15:12:14.135+0000] {logging_mixin.py:188} INFO - [2024-07-08T15:12:14.134+0000] {dagbag.py:545} INFO - Filling up the DagBag from /home/airflow/.local/lib/python3.12/site-packages/airflow/example_dags/example_setup_teardown.py
[2024-07-08T15:12:14.146+0000] {processor.py:840} INFO - DAG(s) 'example_setup_teardown' retrieved from /home/airflow/.local/lib/python3.12/site-packages/airflow/example_dags/example_setup_teardown.py
[2024-07-08T15:12:14.179+0000] {logging_mixin.py:188} INFO - [2024-07-08T15:12:14.179+0000] {dag.py:3096} INFO - Sync 1 DAGs
[2024-07-08T15:12:14.214+0000] {logging_mixin.py:188} INFO - [2024-07-08T15:12:14.214+0000] {dag.py:3954} INFO - Setting next_dagrun for example_setup_teardown to 2024-07-07 00:00:00+00:00, run_after=2024-07-08 00:00:00+00:00
[2024-07-08T15:12:14.252+0000] {processor.py:183} INFO - Processing /home/airflow/.local/lib/python3.12/site-packages/airflow/example_dags/example_setup_teardown.py took 0.130 seconds
[2024-07-08T15:12:45.138+0000] {processor.py:161} INFO - Started process (PID=625) to work on /home/airflow/.local/lib/python3.12/site-packages/airflow/example_dags/example_setup_teardown.py
[2024-07-08T15:12:45.140+0000] {processor.py:830} INFO - Processing file /home/airflow/.local/lib/python3.12/site-packages/airflow/example_dags/example_setup_teardown.py for tasks to queue
[2024-07-08T15:12:45.143+0000] {logging_mixin.py:188} INFO - [2024-07-08T15:12:45.143+0000] {dagbag.py:545} INFO - Filling up the DagBag from /home/airflow/.local/lib/python3.12/site-packages/airflow/example_dags/example_setup_teardown.py
[2024-07-08T15:12:45.150+0000] {processor.py:840} INFO - DAG(s) 'example_setup_teardown' retrieved from /home/airflow/.local/lib/python3.12/site-packages/airflow/example_dags/example_setup_teardown.py
[2024-07-08T15:12:45.177+0000] {logging_mixin.py:188} INFO - [2024-07-08T15:12:45.176+0000] {dag.py:3096} INFO - Sync 1 DAGs
[2024-07-08T15:12:45.214+0000] {logging_mixin.py:188} INFO - [2024-07-08T15:12:45.214+0000] {dag.py:3954} INFO - Setting next_dagrun for example_setup_teardown to 2024-07-07 00:00:00+00:00, run_after=2024-07-08 00:00:00+00:00
[2024-07-08T15:12:45.254+0000] {processor.py:183} INFO - Processing /home/airflow/.local/lib/python3.12/site-packages/airflow/example_dags/example_setup_teardown.py took 0.122 seconds
[2024-07-08T15:13:16.485+0000] {processor.py:161} INFO - Started process (PID=683) to work on /home/airflow/.local/lib/python3.12/site-packages/airflow/example_dags/example_setup_teardown.py
[2024-07-08T15:13:16.487+0000] {processor.py:830} INFO - Processing file /home/airflow/.local/lib/python3.12/site-packages/airflow/example_dags/example_setup_teardown.py for tasks to queue
[2024-07-08T15:13:16.490+0000] {logging_mixin.py:188} INFO - [2024-07-08T15:13:16.490+0000] {dagbag.py:545} INFO - Filling up the DagBag from /home/airflow/.local/lib/python3.12/site-packages/airflow/example_dags/example_setup_teardown.py
[2024-07-08T15:13:16.500+0000] {processor.py:840} INFO - DAG(s) 'example_setup_teardown' retrieved from /home/airflow/.local/lib/python3.12/site-packages/airflow/example_dags/example_setup_teardown.py
[2024-07-08T15:13:16.530+0000] {logging_mixin.py:188} INFO - [2024-07-08T15:13:16.530+0000] {dag.py:3096} INFO - Sync 1 DAGs
[2024-07-08T15:13:16.569+0000] {logging_mixin.py:188} INFO - [2024-07-08T15:13:16.569+0000] {dag.py:3954} INFO - Setting next_dagrun for example_setup_teardown to 2024-07-07 00:00:00+00:00, run_after=2024-07-08 00:00:00+00:00
[2024-07-08T15:13:16.603+0000] {processor.py:183} INFO - Processing /home/airflow/.local/lib/python3.12/site-packages/airflow/example_dags/example_setup_teardown.py took 0.127 seconds
[2024-07-08T15:13:49.277+0000] {processor.py:161} INFO - Started process (PID=741) to work on /home/airflow/.local/lib/python3.12/site-packages/airflow/example_dags/example_setup_teardown.py
[2024-07-08T15:13:49.287+0000] {processor.py:830} INFO - Processing file /home/airflow/.local/lib/python3.12/site-packages/airflow/example_dags/example_setup_teardown.py for tasks to queue
[2024-07-08T15:13:49.293+0000] {logging_mixin.py:188} INFO - [2024-07-08T15:13:49.290+0000] {dagbag.py:545} INFO - Filling up the DagBag from /home/airflow/.local/lib/python3.12/site-packages/airflow/example_dags/example_setup_teardown.py
[2024-07-08T15:13:49.444+0000] {processor.py:840} INFO - DAG(s) 'example_setup_teardown' retrieved from /home/airflow/.local/lib/python3.12/site-packages/airflow/example_dags/example_setup_teardown.py
[2024-07-08T15:13:50.997+0000] {logging_mixin.py:188} INFO - [2024-07-08T15:13:50.955+0000] {dag.py:3096} INFO - Sync 1 DAGs
[2024-07-08T15:13:52.329+0000] {logging_mixin.py:188} INFO - [2024-07-08T15:13:52.320+0000] {dag.py:3954} INFO - Setting next_dagrun for example_setup_teardown to 2024-07-07 00:00:00+00:00, run_after=2024-07-08 00:00:00+00:00
[2024-07-08T15:16:37.416+0000] {processor.py:161} INFO - Started process (PID=793) to work on /home/airflow/.local/lib/python3.12/site-packages/airflow/example_dags/example_setup_teardown.py
[2024-07-08T15:16:37.418+0000] {processor.py:830} INFO - Processing file /home/airflow/.local/lib/python3.12/site-packages/airflow/example_dags/example_setup_teardown.py for tasks to queue
[2024-07-08T15:16:37.421+0000] {logging_mixin.py:188} INFO - [2024-07-08T15:16:37.421+0000] {dagbag.py:545} INFO - Filling up the DagBag from /home/airflow/.local/lib/python3.12/site-packages/airflow/example_dags/example_setup_teardown.py
[2024-07-08T15:16:37.444+0000] {processor.py:840} INFO - DAG(s) 'example_setup_teardown' retrieved from /home/airflow/.local/lib/python3.12/site-packages/airflow/example_dags/example_setup_teardown.py
[2024-07-08T15:16:38.077+0000] {logging_mixin.py:188} INFO - [2024-07-08T15:16:38.076+0000] {dag.py:3096} INFO - Sync 1 DAGs
[2024-07-08T15:16:38.118+0000] {logging_mixin.py:188} INFO - [2024-07-08T15:16:38.118+0000] {dag.py:3954} INFO - Setting next_dagrun for example_setup_teardown to 2024-07-07 00:00:00+00:00, run_after=2024-07-08 00:00:00+00:00
[2024-07-08T15:16:38.174+0000] {processor.py:183} INFO - Processing /home/airflow/.local/lib/python3.12/site-packages/airflow/example_dags/example_setup_teardown.py took 0.774 seconds
[2024-07-08T15:17:08.808+0000] {processor.py:161} INFO - Started process (PID=857) to work on /home/airflow/.local/lib/python3.12/site-packages/airflow/example_dags/example_setup_teardown.py
[2024-07-08T15:17:08.809+0000] {processor.py:830} INFO - Processing file /home/airflow/.local/lib/python3.12/site-packages/airflow/example_dags/example_setup_teardown.py for tasks to queue
[2024-07-08T15:17:08.811+0000] {logging_mixin.py:188} INFO - [2024-07-08T15:17:08.810+0000] {dagbag.py:545} INFO - Filling up the DagBag from /home/airflow/.local/lib/python3.12/site-packages/airflow/example_dags/example_setup_teardown.py
[2024-07-08T15:17:08.824+0000] {processor.py:840} INFO - DAG(s) 'example_setup_teardown' retrieved from /home/airflow/.local/lib/python3.12/site-packages/airflow/example_dags/example_setup_teardown.py
[2024-07-08T15:17:08.860+0000] {logging_mixin.py:188} INFO - [2024-07-08T15:17:08.859+0000] {dag.py:3096} INFO - Sync 1 DAGs
[2024-07-08T15:17:08.897+0000] {logging_mixin.py:188} INFO - [2024-07-08T15:17:08.897+0000] {dag.py:3954} INFO - Setting next_dagrun for example_setup_teardown to 2024-07-07 00:00:00+00:00, run_after=2024-07-08 00:00:00+00:00
[2024-07-08T15:17:08.930+0000] {processor.py:183} INFO - Processing /home/airflow/.local/lib/python3.12/site-packages/airflow/example_dags/example_setup_teardown.py took 0.131 seconds
[2024-07-08T15:18:58.471+0000] {processor.py:161} INFO - Started process (PID=925) to work on /home/airflow/.local/lib/python3.12/site-packages/airflow/example_dags/example_setup_teardown.py
[2024-07-08T15:18:58.473+0000] {processor.py:830} INFO - Processing file /home/airflow/.local/lib/python3.12/site-packages/airflow/example_dags/example_setup_teardown.py for tasks to queue
[2024-07-08T15:18:58.475+0000] {logging_mixin.py:188} INFO - [2024-07-08T15:18:58.474+0000] {dagbag.py:545} INFO - Filling up the DagBag from /home/airflow/.local/lib/python3.12/site-packages/airflow/example_dags/example_setup_teardown.py
[2024-07-08T15:18:58.491+0000] {processor.py:840} INFO - DAG(s) 'example_setup_teardown' retrieved from /home/airflow/.local/lib/python3.12/site-packages/airflow/example_dags/example_setup_teardown.py
[2024-07-08T15:18:58.544+0000] {logging_mixin.py:188} INFO - [2024-07-08T15:18:58.544+0000] {dag.py:3096} INFO - Sync 1 DAGs
[2024-07-08T15:18:58.601+0000] {logging_mixin.py:188} INFO - [2024-07-08T15:18:58.600+0000] {dag.py:3954} INFO - Setting next_dagrun for example_setup_teardown to 2024-07-07 00:00:00+00:00, run_after=2024-07-08 00:00:00+00:00
[2024-07-08T15:18:58.652+0000] {processor.py:183} INFO - Processing /home/airflow/.local/lib/python3.12/site-packages/airflow/example_dags/example_setup_teardown.py took 0.191 seconds
[2024-07-08T15:19:29.280+0000] {processor.py:161} INFO - Started process (PID=983) to work on /home/airflow/.local/lib/python3.12/site-packages/airflow/example_dags/example_setup_teardown.py
[2024-07-08T15:19:29.282+0000] {processor.py:830} INFO - Processing file /home/airflow/.local/lib/python3.12/site-packages/airflow/example_dags/example_setup_teardown.py for tasks to queue
[2024-07-08T15:19:29.283+0000] {logging_mixin.py:188} INFO - [2024-07-08T15:19:29.282+0000] {dagbag.py:545} INFO - Filling up the DagBag from /home/airflow/.local/lib/python3.12/site-packages/airflow/example_dags/example_setup_teardown.py
[2024-07-08T15:19:29.296+0000] {processor.py:840} INFO - DAG(s) 'example_setup_teardown' retrieved from /home/airflow/.local/lib/python3.12/site-packages/airflow/example_dags/example_setup_teardown.py
[2024-07-08T15:19:29.331+0000] {logging_mixin.py:188} INFO - [2024-07-08T15:19:29.331+0000] {dag.py:3096} INFO - Sync 1 DAGs
[2024-07-08T15:19:29.378+0000] {logging_mixin.py:188} INFO - [2024-07-08T15:19:29.378+0000] {dag.py:3954} INFO - Setting next_dagrun for example_setup_teardown to 2024-07-07 00:00:00+00:00, run_after=2024-07-08 00:00:00+00:00
[2024-07-08T15:19:29.455+0000] {processor.py:183} INFO - Processing /home/airflow/.local/lib/python3.12/site-packages/airflow/example_dags/example_setup_teardown.py took 0.184 seconds
[2024-07-08T15:20:00.574+0000] {processor.py:161} INFO - Started process (PID=1041) to work on /home/airflow/.local/lib/python3.12/site-packages/airflow/example_dags/example_setup_teardown.py
[2024-07-08T15:20:00.577+0000] {processor.py:830} INFO - Processing file /home/airflow/.local/lib/python3.12/site-packages/airflow/example_dags/example_setup_teardown.py for tasks to queue
[2024-07-08T15:20:00.579+0000] {logging_mixin.py:188} INFO - [2024-07-08T15:20:00.579+0000] {dagbag.py:545} INFO - Filling up the DagBag from /home/airflow/.local/lib/python3.12/site-packages/airflow/example_dags/example_setup_teardown.py
[2024-07-08T15:20:00.600+0000] {processor.py:840} INFO - DAG(s) 'example_setup_teardown' retrieved from /home/airflow/.local/lib/python3.12/site-packages/airflow/example_dags/example_setup_teardown.py
[2024-07-08T15:20:00.639+0000] {logging_mixin.py:188} INFO - [2024-07-08T15:20:00.638+0000] {dag.py:3096} INFO - Sync 1 DAGs
[2024-07-08T15:20:00.690+0000] {logging_mixin.py:188} INFO - [2024-07-08T15:20:00.680+0000] {dag.py:3954} INFO - Setting next_dagrun for example_setup_teardown to 2024-07-07 00:00:00+00:00, run_after=2024-07-08 00:00:00+00:00
[2024-07-08T15:20:00.728+0000] {processor.py:183} INFO - Processing /home/airflow/.local/lib/python3.12/site-packages/airflow/example_dags/example_setup_teardown.py took 0.166 seconds
[2024-07-08T15:20:31.227+0000] {processor.py:161} INFO - Started process (PID=1097) to work on /home/airflow/.local/lib/python3.12/site-packages/airflow/example_dags/example_setup_teardown.py
[2024-07-08T15:20:31.229+0000] {processor.py:830} INFO - Processing file /home/airflow/.local/lib/python3.12/site-packages/airflow/example_dags/example_setup_teardown.py for tasks to queue
[2024-07-08T15:20:31.232+0000] {logging_mixin.py:188} INFO - [2024-07-08T15:20:31.231+0000] {dagbag.py:545} INFO - Filling up the DagBag from /home/airflow/.local/lib/python3.12/site-packages/airflow/example_dags/example_setup_teardown.py
[2024-07-08T15:20:31.245+0000] {processor.py:840} INFO - DAG(s) 'example_setup_teardown' retrieved from /home/airflow/.local/lib/python3.12/site-packages/airflow/example_dags/example_setup_teardown.py
[2024-07-08T15:20:31.276+0000] {logging_mixin.py:188} INFO - [2024-07-08T15:20:31.276+0000] {dag.py:3096} INFO - Sync 1 DAGs
[2024-07-08T15:20:31.310+0000] {logging_mixin.py:188} INFO - [2024-07-08T15:20:31.310+0000] {dag.py:3954} INFO - Setting next_dagrun for example_setup_teardown to 2024-07-07 00:00:00+00:00, run_after=2024-07-08 00:00:00+00:00
[2024-07-08T15:20:31.345+0000] {processor.py:183} INFO - Processing /home/airflow/.local/lib/python3.12/site-packages/airflow/example_dags/example_setup_teardown.py took 0.125 seconds
[2024-07-08T15:21:02.257+0000] {processor.py:161} INFO - Started process (PID=1155) to work on /home/airflow/.local/lib/python3.12/site-packages/airflow/example_dags/example_setup_teardown.py
[2024-07-08T15:21:02.260+0000] {processor.py:830} INFO - Processing file /home/airflow/.local/lib/python3.12/site-packages/airflow/example_dags/example_setup_teardown.py for tasks to queue
[2024-07-08T15:21:02.263+0000] {logging_mixin.py:188} INFO - [2024-07-08T15:21:02.262+0000] {dagbag.py:545} INFO - Filling up the DagBag from /home/airflow/.local/lib/python3.12/site-packages/airflow/example_dags/example_setup_teardown.py
[2024-07-08T15:21:02.279+0000] {processor.py:840} INFO - DAG(s) 'example_setup_teardown' retrieved from /home/airflow/.local/lib/python3.12/site-packages/airflow/example_dags/example_setup_teardown.py
[2024-07-08T15:21:02.305+0000] {logging_mixin.py:188} INFO - [2024-07-08T15:21:02.305+0000] {dag.py:3096} INFO - Sync 1 DAGs
[2024-07-08T15:21:02.335+0000] {logging_mixin.py:188} INFO - [2024-07-08T15:21:02.334+0000] {dag.py:3954} INFO - Setting next_dagrun for example_setup_teardown to 2024-07-07 00:00:00+00:00, run_after=2024-07-08 00:00:00+00:00
[2024-07-08T15:21:02.363+0000] {processor.py:183} INFO - Processing /home/airflow/.local/lib/python3.12/site-packages/airflow/example_dags/example_setup_teardown.py took 0.119 seconds
[2024-07-08T15:21:32.621+0000] {processor.py:161} INFO - Started process (PID=1213) to work on /home/airflow/.local/lib/python3.12/site-packages/airflow/example_dags/example_setup_teardown.py
[2024-07-08T15:21:32.623+0000] {processor.py:830} INFO - Processing file /home/airflow/.local/lib/python3.12/site-packages/airflow/example_dags/example_setup_teardown.py for tasks to queue
[2024-07-08T15:21:32.624+0000] {logging_mixin.py:188} INFO - [2024-07-08T15:21:32.624+0000] {dagbag.py:545} INFO - Filling up the DagBag from /home/airflow/.local/lib/python3.12/site-packages/airflow/example_dags/example_setup_teardown.py
[2024-07-08T15:21:32.637+0000] {processor.py:840} INFO - DAG(s) 'example_setup_teardown' retrieved from /home/airflow/.local/lib/python3.12/site-packages/airflow/example_dags/example_setup_teardown.py
[2024-07-08T15:21:32.667+0000] {logging_mixin.py:188} INFO - [2024-07-08T15:21:32.667+0000] {dag.py:3096} INFO - Sync 1 DAGs
[2024-07-08T15:21:32.698+0000] {logging_mixin.py:188} INFO - [2024-07-08T15:21:32.698+0000] {dag.py:3954} INFO - Setting next_dagrun for example_setup_teardown to 2024-07-07 00:00:00+00:00, run_after=2024-07-08 00:00:00+00:00
[2024-07-08T15:21:32.726+0000] {processor.py:183} INFO - Processing /home/airflow/.local/lib/python3.12/site-packages/airflow/example_dags/example_setup_teardown.py took 0.111 seconds
[2024-07-08T15:22:03.434+0000] {processor.py:161} INFO - Started process (PID=1271) to work on /home/airflow/.local/lib/python3.12/site-packages/airflow/example_dags/example_setup_teardown.py
[2024-07-08T15:22:03.436+0000] {processor.py:830} INFO - Processing file /home/airflow/.local/lib/python3.12/site-packages/airflow/example_dags/example_setup_teardown.py for tasks to queue
[2024-07-08T15:22:03.438+0000] {logging_mixin.py:188} INFO - [2024-07-08T15:22:03.437+0000] {dagbag.py:545} INFO - Filling up the DagBag from /home/airflow/.local/lib/python3.12/site-packages/airflow/example_dags/example_setup_teardown.py
[2024-07-08T15:22:03.453+0000] {processor.py:840} INFO - DAG(s) 'example_setup_teardown' retrieved from /home/airflow/.local/lib/python3.12/site-packages/airflow/example_dags/example_setup_teardown.py
[2024-07-08T15:22:03.495+0000] {logging_mixin.py:188} INFO - [2024-07-08T15:22:03.494+0000] {dag.py:3096} INFO - Sync 1 DAGs
[2024-07-08T15:22:03.524+0000] {logging_mixin.py:188} INFO - [2024-07-08T15:22:03.523+0000] {dag.py:3954} INFO - Setting next_dagrun for example_setup_teardown to 2024-07-07 00:00:00+00:00, run_after=2024-07-08 00:00:00+00:00
[2024-07-08T15:22:03.548+0000] {processor.py:183} INFO - Processing /home/airflow/.local/lib/python3.12/site-packages/airflow/example_dags/example_setup_teardown.py took 0.123 seconds
[2024-07-08T15:22:34.013+0000] {processor.py:161} INFO - Started process (PID=1333) to work on /home/airflow/.local/lib/python3.12/site-packages/airflow/example_dags/example_setup_teardown.py
[2024-07-08T15:22:34.014+0000] {processor.py:830} INFO - Processing file /home/airflow/.local/lib/python3.12/site-packages/airflow/example_dags/example_setup_teardown.py for tasks to queue
[2024-07-08T15:22:34.017+0000] {logging_mixin.py:188} INFO - [2024-07-08T15:22:34.016+0000] {dagbag.py:545} INFO - Filling up the DagBag from /home/airflow/.local/lib/python3.12/site-packages/airflow/example_dags/example_setup_teardown.py
[2024-07-08T15:22:34.034+0000] {processor.py:840} INFO - DAG(s) 'example_setup_teardown' retrieved from /home/airflow/.local/lib/python3.12/site-packages/airflow/example_dags/example_setup_teardown.py
[2024-07-08T15:22:34.075+0000] {logging_mixin.py:188} INFO - [2024-07-08T15:22:34.074+0000] {dag.py:3096} INFO - Sync 1 DAGs
[2024-07-08T15:22:34.118+0000] {logging_mixin.py:188} INFO - [2024-07-08T15:22:34.118+0000] {dag.py:3954} INFO - Setting next_dagrun for example_setup_teardown to 2024-07-07 00:00:00+00:00, run_after=2024-07-08 00:00:00+00:00
[2024-07-08T15:22:34.168+0000] {processor.py:183} INFO - Processing /home/airflow/.local/lib/python3.12/site-packages/airflow/example_dags/example_setup_teardown.py took 0.167 seconds
[2024-07-08T15:23:04.279+0000] {processor.py:161} INFO - Started process (PID=1395) to work on /home/airflow/.local/lib/python3.12/site-packages/airflow/example_dags/example_setup_teardown.py
[2024-07-08T15:23:04.282+0000] {processor.py:830} INFO - Processing file /home/airflow/.local/lib/python3.12/site-packages/airflow/example_dags/example_setup_teardown.py for tasks to queue
[2024-07-08T15:23:04.284+0000] {logging_mixin.py:188} INFO - [2024-07-08T15:23:04.284+0000] {dagbag.py:545} INFO - Filling up the DagBag from /home/airflow/.local/lib/python3.12/site-packages/airflow/example_dags/example_setup_teardown.py
[2024-07-08T15:23:04.299+0000] {processor.py:840} INFO - DAG(s) 'example_setup_teardown' retrieved from /home/airflow/.local/lib/python3.12/site-packages/airflow/example_dags/example_setup_teardown.py
[2024-07-08T15:23:04.332+0000] {logging_mixin.py:188} INFO - [2024-07-08T15:23:04.332+0000] {dag.py:3096} INFO - Sync 1 DAGs
[2024-07-08T15:23:04.362+0000] {logging_mixin.py:188} INFO - [2024-07-08T15:23:04.362+0000] {dag.py:3954} INFO - Setting next_dagrun for example_setup_teardown to 2024-07-07 00:00:00+00:00, run_after=2024-07-08 00:00:00+00:00
[2024-07-08T15:23:04.386+0000] {processor.py:183} INFO - Processing /home/airflow/.local/lib/python3.12/site-packages/airflow/example_dags/example_setup_teardown.py took 0.126 seconds
[2024-07-08T15:23:35.234+0000] {processor.py:161} INFO - Started process (PID=1459) to work on /home/airflow/.local/lib/python3.12/site-packages/airflow/example_dags/example_setup_teardown.py
[2024-07-08T15:23:35.236+0000] {processor.py:830} INFO - Processing file /home/airflow/.local/lib/python3.12/site-packages/airflow/example_dags/example_setup_teardown.py for tasks to queue
[2024-07-08T15:23:35.238+0000] {logging_mixin.py:188} INFO - [2024-07-08T15:23:35.237+0000] {dagbag.py:545} INFO - Filling up the DagBag from /home/airflow/.local/lib/python3.12/site-packages/airflow/example_dags/example_setup_teardown.py
[2024-07-08T15:23:35.250+0000] {processor.py:840} INFO - DAG(s) 'example_setup_teardown' retrieved from /home/airflow/.local/lib/python3.12/site-packages/airflow/example_dags/example_setup_teardown.py
[2024-07-08T15:23:35.296+0000] {logging_mixin.py:188} INFO - [2024-07-08T15:23:35.296+0000] {dag.py:3096} INFO - Sync 1 DAGs
[2024-07-08T15:23:35.399+0000] {logging_mixin.py:188} INFO - [2024-07-08T15:23:35.398+0000] {dag.py:3954} INFO - Setting next_dagrun for example_setup_teardown to 2024-07-07 00:00:00+00:00, run_after=2024-07-08 00:00:00+00:00
[2024-07-08T15:23:35.443+0000] {processor.py:183} INFO - Processing /home/airflow/.local/lib/python3.12/site-packages/airflow/example_dags/example_setup_teardown.py took 0.219 seconds
[2024-07-08T15:24:05.507+0000] {processor.py:161} INFO - Started process (PID=1525) to work on /home/airflow/.local/lib/python3.12/site-packages/airflow/example_dags/example_setup_teardown.py
[2024-07-08T15:24:05.509+0000] {processor.py:830} INFO - Processing file /home/airflow/.local/lib/python3.12/site-packages/airflow/example_dags/example_setup_teardown.py for tasks to queue
[2024-07-08T15:24:05.511+0000] {logging_mixin.py:188} INFO - [2024-07-08T15:24:05.510+0000] {dagbag.py:545} INFO - Filling up the DagBag from /home/airflow/.local/lib/python3.12/site-packages/airflow/example_dags/example_setup_teardown.py
[2024-07-08T15:24:05.521+0000] {processor.py:840} INFO - DAG(s) 'example_setup_teardown' retrieved from /home/airflow/.local/lib/python3.12/site-packages/airflow/example_dags/example_setup_teardown.py
[2024-07-08T15:24:05.547+0000] {logging_mixin.py:188} INFO - [2024-07-08T15:24:05.547+0000] {dag.py:3096} INFO - Sync 1 DAGs
[2024-07-08T15:24:05.579+0000] {logging_mixin.py:188} INFO - [2024-07-08T15:24:05.579+0000] {dag.py:3954} INFO - Setting next_dagrun for example_setup_teardown to 2024-07-07 00:00:00+00:00, run_after=2024-07-08 00:00:00+00:00
[2024-07-08T15:24:05.606+0000] {processor.py:183} INFO - Processing /home/airflow/.local/lib/python3.12/site-packages/airflow/example_dags/example_setup_teardown.py took 0.108 seconds
[2024-07-08T15:24:35.807+0000] {processor.py:161} INFO - Started process (PID=1584) to work on /home/airflow/.local/lib/python3.12/site-packages/airflow/example_dags/example_setup_teardown.py
[2024-07-08T15:24:35.809+0000] {processor.py:830} INFO - Processing file /home/airflow/.local/lib/python3.12/site-packages/airflow/example_dags/example_setup_teardown.py for tasks to queue
[2024-07-08T15:24:35.811+0000] {logging_mixin.py:188} INFO - [2024-07-08T15:24:35.810+0000] {dagbag.py:545} INFO - Filling up the DagBag from /home/airflow/.local/lib/python3.12/site-packages/airflow/example_dags/example_setup_teardown.py
[2024-07-08T15:24:35.831+0000] {processor.py:840} INFO - DAG(s) 'example_setup_teardown' retrieved from /home/airflow/.local/lib/python3.12/site-packages/airflow/example_dags/example_setup_teardown.py
[2024-07-08T15:24:35.861+0000] {logging_mixin.py:188} INFO - [2024-07-08T15:24:35.861+0000] {dag.py:3096} INFO - Sync 1 DAGs
[2024-07-08T15:24:35.893+0000] {logging_mixin.py:188} INFO - [2024-07-08T15:24:35.893+0000] {dag.py:3954} INFO - Setting next_dagrun for example_setup_teardown to 2024-07-07 00:00:00+00:00, run_after=2024-07-08 00:00:00+00:00
[2024-07-08T15:24:35.918+0000] {processor.py:183} INFO - Processing /home/airflow/.local/lib/python3.12/site-packages/airflow/example_dags/example_setup_teardown.py took 0.121 seconds
[2024-07-08T15:25:06.088+0000] {processor.py:161} INFO - Started process (PID=1647) to work on /home/airflow/.local/lib/python3.12/site-packages/airflow/example_dags/example_setup_teardown.py
[2024-07-08T15:25:06.090+0000] {processor.py:830} INFO - Processing file /home/airflow/.local/lib/python3.12/site-packages/airflow/example_dags/example_setup_teardown.py for tasks to queue
[2024-07-08T15:25:06.092+0000] {logging_mixin.py:188} INFO - [2024-07-08T15:25:06.091+0000] {dagbag.py:545} INFO - Filling up the DagBag from /home/airflow/.local/lib/python3.12/site-packages/airflow/example_dags/example_setup_teardown.py
[2024-07-08T15:25:06.111+0000] {processor.py:840} INFO - DAG(s) 'example_setup_teardown' retrieved from /home/airflow/.local/lib/python3.12/site-packages/airflow/example_dags/example_setup_teardown.py
[2024-07-08T15:25:06.151+0000] {logging_mixin.py:188} INFO - [2024-07-08T15:25:06.151+0000] {dag.py:3096} INFO - Sync 1 DAGs
[2024-07-08T15:25:06.185+0000] {logging_mixin.py:188} INFO - [2024-07-08T15:25:06.185+0000] {dag.py:3954} INFO - Setting next_dagrun for example_setup_teardown to 2024-07-07 00:00:00+00:00, run_after=2024-07-08 00:00:00+00:00
[2024-07-08T15:25:06.217+0000] {processor.py:183} INFO - Processing /home/airflow/.local/lib/python3.12/site-packages/airflow/example_dags/example_setup_teardown.py took 0.139 seconds
[2024-07-08T15:25:36.785+0000] {processor.py:161} INFO - Started process (PID=1714) to work on /home/airflow/.local/lib/python3.12/site-packages/airflow/example_dags/example_setup_teardown.py
[2024-07-08T15:25:36.788+0000] {processor.py:830} INFO - Processing file /home/airflow/.local/lib/python3.12/site-packages/airflow/example_dags/example_setup_teardown.py for tasks to queue
[2024-07-08T15:25:36.790+0000] {logging_mixin.py:188} INFO - [2024-07-08T15:25:36.790+0000] {dagbag.py:545} INFO - Filling up the DagBag from /home/airflow/.local/lib/python3.12/site-packages/airflow/example_dags/example_setup_teardown.py
[2024-07-08T15:25:36.805+0000] {processor.py:840} INFO - DAG(s) 'example_setup_teardown' retrieved from /home/airflow/.local/lib/python3.12/site-packages/airflow/example_dags/example_setup_teardown.py
[2024-07-08T15:25:36.865+0000] {logging_mixin.py:188} INFO - [2024-07-08T15:25:36.859+0000] {dag.py:3096} INFO - Sync 1 DAGs
[2024-07-08T15:25:36.909+0000] {logging_mixin.py:188} INFO - [2024-07-08T15:25:36.909+0000] {dag.py:3954} INFO - Setting next_dagrun for example_setup_teardown to 2024-07-07 00:00:00+00:00, run_after=2024-07-08 00:00:00+00:00
[2024-07-08T15:25:36.948+0000] {processor.py:183} INFO - Processing /home/airflow/.local/lib/python3.12/site-packages/airflow/example_dags/example_setup_teardown.py took 0.175 seconds
[2024-07-08T15:26:07.981+0000] {processor.py:161} INFO - Started process (PID=1779) to work on /home/airflow/.local/lib/python3.12/site-packages/airflow/example_dags/example_setup_teardown.py
[2024-07-08T15:26:07.982+0000] {processor.py:830} INFO - Processing file /home/airflow/.local/lib/python3.12/site-packages/airflow/example_dags/example_setup_teardown.py for tasks to queue
[2024-07-08T15:26:07.984+0000] {logging_mixin.py:188} INFO - [2024-07-08T15:26:07.983+0000] {dagbag.py:545} INFO - Filling up the DagBag from /home/airflow/.local/lib/python3.12/site-packages/airflow/example_dags/example_setup_teardown.py
[2024-07-08T15:26:07.993+0000] {processor.py:840} INFO - DAG(s) 'example_setup_teardown' retrieved from /home/airflow/.local/lib/python3.12/site-packages/airflow/example_dags/example_setup_teardown.py
[2024-07-08T15:26:08.018+0000] {logging_mixin.py:188} INFO - [2024-07-08T15:26:08.018+0000] {dag.py:3096} INFO - Sync 1 DAGs
[2024-07-08T15:26:08.048+0000] {logging_mixin.py:188} INFO - [2024-07-08T15:26:08.048+0000] {dag.py:3954} INFO - Setting next_dagrun for example_setup_teardown to 2024-07-07 00:00:00+00:00, run_after=2024-07-08 00:00:00+00:00
[2024-07-08T15:26:08.083+0000] {processor.py:183} INFO - Processing /home/airflow/.local/lib/python3.12/site-packages/airflow/example_dags/example_setup_teardown.py took 0.109 seconds
[2024-07-08T15:26:38.689+0000] {processor.py:161} INFO - Started process (PID=1839) to work on /home/airflow/.local/lib/python3.12/site-packages/airflow/example_dags/example_setup_teardown.py
[2024-07-08T15:26:38.691+0000] {processor.py:830} INFO - Processing file /home/airflow/.local/lib/python3.12/site-packages/airflow/example_dags/example_setup_teardown.py for tasks to queue
[2024-07-08T15:26:38.692+0000] {logging_mixin.py:188} INFO - [2024-07-08T15:26:38.692+0000] {dagbag.py:545} INFO - Filling up the DagBag from /home/airflow/.local/lib/python3.12/site-packages/airflow/example_dags/example_setup_teardown.py
[2024-07-08T15:26:38.703+0000] {processor.py:840} INFO - DAG(s) 'example_setup_teardown' retrieved from /home/airflow/.local/lib/python3.12/site-packages/airflow/example_dags/example_setup_teardown.py
[2024-07-08T15:26:38.737+0000] {logging_mixin.py:188} INFO - [2024-07-08T15:26:38.736+0000] {dag.py:3096} INFO - Sync 1 DAGs
[2024-07-08T15:26:38.770+0000] {logging_mixin.py:188} INFO - [2024-07-08T15:26:38.769+0000] {dag.py:3954} INFO - Setting next_dagrun for example_setup_teardown to 2024-07-07 00:00:00+00:00, run_after=2024-07-08 00:00:00+00:00
[2024-07-08T15:26:38.802+0000] {processor.py:183} INFO - Processing /home/airflow/.local/lib/python3.12/site-packages/airflow/example_dags/example_setup_teardown.py took 0.121 seconds
[2024-07-08T15:27:09.513+0000] {processor.py:161} INFO - Started process (PID=1900) to work on /home/airflow/.local/lib/python3.12/site-packages/airflow/example_dags/example_setup_teardown.py
[2024-07-08T15:27:09.514+0000] {processor.py:830} INFO - Processing file /home/airflow/.local/lib/python3.12/site-packages/airflow/example_dags/example_setup_teardown.py for tasks to queue
[2024-07-08T15:27:09.516+0000] {logging_mixin.py:188} INFO - [2024-07-08T15:27:09.516+0000] {dagbag.py:545} INFO - Filling up the DagBag from /home/airflow/.local/lib/python3.12/site-packages/airflow/example_dags/example_setup_teardown.py
[2024-07-08T15:27:09.527+0000] {processor.py:840} INFO - DAG(s) 'example_setup_teardown' retrieved from /home/airflow/.local/lib/python3.12/site-packages/airflow/example_dags/example_setup_teardown.py
[2024-07-08T15:27:09.555+0000] {logging_mixin.py:188} INFO - [2024-07-08T15:27:09.555+0000] {dag.py:3096} INFO - Sync 1 DAGs
[2024-07-08T15:27:09.778+0000] {logging_mixin.py:188} INFO - [2024-07-08T15:27:09.778+0000] {dag.py:3954} INFO - Setting next_dagrun for example_setup_teardown to 2024-07-07 00:00:00+00:00, run_after=2024-07-08 00:00:00+00:00
[2024-07-08T15:27:09.813+0000] {processor.py:183} INFO - Processing /home/airflow/.local/lib/python3.12/site-packages/airflow/example_dags/example_setup_teardown.py took 0.309 seconds
[2024-07-08T15:27:40.427+0000] {processor.py:161} INFO - Started process (PID=1958) to work on /home/airflow/.local/lib/python3.12/site-packages/airflow/example_dags/example_setup_teardown.py
[2024-07-08T15:27:40.428+0000] {processor.py:830} INFO - Processing file /home/airflow/.local/lib/python3.12/site-packages/airflow/example_dags/example_setup_teardown.py for tasks to queue
[2024-07-08T15:27:40.430+0000] {logging_mixin.py:188} INFO - [2024-07-08T15:27:40.429+0000] {dagbag.py:545} INFO - Filling up the DagBag from /home/airflow/.local/lib/python3.12/site-packages/airflow/example_dags/example_setup_teardown.py
[2024-07-08T15:27:40.443+0000] {processor.py:840} INFO - DAG(s) 'example_setup_teardown' retrieved from /home/airflow/.local/lib/python3.12/site-packages/airflow/example_dags/example_setup_teardown.py
[2024-07-08T15:27:40.522+0000] {logging_mixin.py:188} INFO - [2024-07-08T15:27:40.522+0000] {dag.py:3096} INFO - Sync 1 DAGs
[2024-07-08T15:27:40.803+0000] {logging_mixin.py:188} INFO - [2024-07-08T15:27:40.803+0000] {dag.py:3954} INFO - Setting next_dagrun for example_setup_teardown to 2024-07-07 00:00:00+00:00, run_after=2024-07-08 00:00:00+00:00
[2024-07-08T15:27:40.831+0000] {processor.py:183} INFO - Processing /home/airflow/.local/lib/python3.12/site-packages/airflow/example_dags/example_setup_teardown.py took 0.413 seconds
[2024-07-08T15:28:10.975+0000] {processor.py:161} INFO - Started process (PID=2017) to work on /home/airflow/.local/lib/python3.12/site-packages/airflow/example_dags/example_setup_teardown.py
[2024-07-08T15:28:10.977+0000] {processor.py:830} INFO - Processing file /home/airflow/.local/lib/python3.12/site-packages/airflow/example_dags/example_setup_teardown.py for tasks to queue
[2024-07-08T15:28:10.978+0000] {logging_mixin.py:188} INFO - [2024-07-08T15:28:10.978+0000] {dagbag.py:545} INFO - Filling up the DagBag from /home/airflow/.local/lib/python3.12/site-packages/airflow/example_dags/example_setup_teardown.py
[2024-07-08T15:28:10.988+0000] {processor.py:840} INFO - DAG(s) 'example_setup_teardown' retrieved from /home/airflow/.local/lib/python3.12/site-packages/airflow/example_dags/example_setup_teardown.py
[2024-07-08T15:28:11.017+0000] {logging_mixin.py:188} INFO - [2024-07-08T15:28:11.017+0000] {dag.py:3096} INFO - Sync 1 DAGs
[2024-07-08T15:28:11.049+0000] {logging_mixin.py:188} INFO - [2024-07-08T15:28:11.049+0000] {dag.py:3954} INFO - Setting next_dagrun for example_setup_teardown to 2024-07-07 00:00:00+00:00, run_after=2024-07-08 00:00:00+00:00
[2024-07-08T15:28:11.083+0000] {processor.py:183} INFO - Processing /home/airflow/.local/lib/python3.12/site-packages/airflow/example_dags/example_setup_teardown.py took 0.118 seconds
[2024-07-08T15:31:07.740+0000] {processor.py:161} INFO - Started process (PID=2077) to work on /home/airflow/.local/lib/python3.12/site-packages/airflow/example_dags/example_setup_teardown.py
[2024-07-08T15:31:07.742+0000] {processor.py:830} INFO - Processing file /home/airflow/.local/lib/python3.12/site-packages/airflow/example_dags/example_setup_teardown.py for tasks to queue
[2024-07-08T15:31:07.744+0000] {logging_mixin.py:188} INFO - [2024-07-08T15:31:07.743+0000] {dagbag.py:545} INFO - Filling up the DagBag from /home/airflow/.local/lib/python3.12/site-packages/airflow/example_dags/example_setup_teardown.py
[2024-07-08T15:31:07.755+0000] {processor.py:840} INFO - DAG(s) 'example_setup_teardown' retrieved from /home/airflow/.local/lib/python3.12/site-packages/airflow/example_dags/example_setup_teardown.py
[2024-07-08T15:31:07.785+0000] {logging_mixin.py:188} INFO - [2024-07-08T15:31:07.784+0000] {dag.py:3096} INFO - Sync 1 DAGs
[2024-07-08T15:31:07.817+0000] {logging_mixin.py:188} INFO - [2024-07-08T15:31:07.816+0000] {dag.py:3954} INFO - Setting next_dagrun for example_setup_teardown to 2024-07-07 00:00:00+00:00, run_after=2024-07-08 00:00:00+00:00
[2024-07-08T15:31:07.846+0000] {processor.py:183} INFO - Processing /home/airflow/.local/lib/python3.12/site-packages/airflow/example_dags/example_setup_teardown.py took 0.114 seconds
[2024-07-08T15:31:38.822+0000] {processor.py:161} INFO - Started process (PID=2135) to work on /home/airflow/.local/lib/python3.12/site-packages/airflow/example_dags/example_setup_teardown.py
[2024-07-08T15:31:38.823+0000] {processor.py:830} INFO - Processing file /home/airflow/.local/lib/python3.12/site-packages/airflow/example_dags/example_setup_teardown.py for tasks to queue
[2024-07-08T15:31:38.825+0000] {logging_mixin.py:188} INFO - [2024-07-08T15:31:38.824+0000] {dagbag.py:545} INFO - Filling up the DagBag from /home/airflow/.local/lib/python3.12/site-packages/airflow/example_dags/example_setup_teardown.py
[2024-07-08T15:31:38.841+0000] {processor.py:840} INFO - DAG(s) 'example_setup_teardown' retrieved from /home/airflow/.local/lib/python3.12/site-packages/airflow/example_dags/example_setup_teardown.py
[2024-07-08T15:31:38.889+0000] {logging_mixin.py:188} INFO - [2024-07-08T15:31:38.889+0000] {dag.py:3096} INFO - Sync 1 DAGs
[2024-07-08T15:31:38.945+0000] {logging_mixin.py:188} INFO - [2024-07-08T15:31:38.944+0000] {dag.py:3954} INFO - Setting next_dagrun for example_setup_teardown to 2024-07-07 00:00:00+00:00, run_after=2024-07-08 00:00:00+00:00
[2024-07-08T15:31:38.989+0000] {processor.py:183} INFO - Processing /home/airflow/.local/lib/python3.12/site-packages/airflow/example_dags/example_setup_teardown.py took 0.186 seconds
[2024-07-08T15:32:09.101+0000] {processor.py:161} INFO - Started process (PID=2194) to work on /home/airflow/.local/lib/python3.12/site-packages/airflow/example_dags/example_setup_teardown.py
[2024-07-08T15:32:09.103+0000] {processor.py:830} INFO - Processing file /home/airflow/.local/lib/python3.12/site-packages/airflow/example_dags/example_setup_teardown.py for tasks to queue
[2024-07-08T15:32:09.107+0000] {logging_mixin.py:188} INFO - [2024-07-08T15:32:09.106+0000] {dagbag.py:545} INFO - Filling up the DagBag from /home/airflow/.local/lib/python3.12/site-packages/airflow/example_dags/example_setup_teardown.py
[2024-07-08T15:32:09.133+0000] {processor.py:840} INFO - DAG(s) 'example_setup_teardown' retrieved from /home/airflow/.local/lib/python3.12/site-packages/airflow/example_dags/example_setup_teardown.py
[2024-07-08T15:32:09.177+0000] {logging_mixin.py:188} INFO - [2024-07-08T15:32:09.176+0000] {dag.py:3096} INFO - Sync 1 DAGs
[2024-07-08T15:32:09.234+0000] {logging_mixin.py:188} INFO - [2024-07-08T15:32:09.234+0000] {dag.py:3954} INFO - Setting next_dagrun for example_setup_teardown to 2024-07-07 00:00:00+00:00, run_after=2024-07-08 00:00:00+00:00
[2024-07-08T15:32:09.282+0000] {processor.py:183} INFO - Processing /home/airflow/.local/lib/python3.12/site-packages/airflow/example_dags/example_setup_teardown.py took 0.200 seconds
[2024-07-08T15:33:53.712+0000] {processor.py:161} INFO - Started process (PID=2257) to work on /home/airflow/.local/lib/python3.12/site-packages/airflow/example_dags/example_setup_teardown.py
[2024-07-08T15:33:53.717+0000] {processor.py:830} INFO - Processing file /home/airflow/.local/lib/python3.12/site-packages/airflow/example_dags/example_setup_teardown.py for tasks to queue
[2024-07-08T15:33:53.727+0000] {logging_mixin.py:188} INFO - [2024-07-08T15:33:53.718+0000] {dagbag.py:545} INFO - Filling up the DagBag from /home/airflow/.local/lib/python3.12/site-packages/airflow/example_dags/example_setup_teardown.py
[2024-07-08T15:33:53.904+0000] {processor.py:840} INFO - DAG(s) 'example_setup_teardown' retrieved from /home/airflow/.local/lib/python3.12/site-packages/airflow/example_dags/example_setup_teardown.py
[2024-07-08T15:33:55.135+0000] {logging_mixin.py:188} INFO - [2024-07-08T15:33:55.134+0000] {dag.py:3096} INFO - Sync 1 DAGs
[2024-07-08T15:33:55.367+0000] {logging_mixin.py:188} INFO - [2024-07-08T15:33:55.364+0000] {dag.py:3954} INFO - Setting next_dagrun for example_setup_teardown to 2024-07-07 00:00:00+00:00, run_after=2024-07-08 00:00:00+00:00
[2024-07-08T15:33:55.565+0000] {processor.py:183} INFO - Processing /home/airflow/.local/lib/python3.12/site-packages/airflow/example_dags/example_setup_teardown.py took 1.935 seconds
[2024-07-08T15:40:12.685+0000] {processor.py:161} INFO - Started process (PID=2377) to work on /home/airflow/.local/lib/python3.12/site-packages/airflow/example_dags/example_setup_teardown.py
[2024-07-08T15:40:12.690+0000] {processor.py:830} INFO - Processing file /home/airflow/.local/lib/python3.12/site-packages/airflow/example_dags/example_setup_teardown.py for tasks to queue
[2024-07-08T15:40:12.693+0000] {logging_mixin.py:188} INFO - [2024-07-08T15:40:12.692+0000] {dagbag.py:545} INFO - Filling up the DagBag from /home/airflow/.local/lib/python3.12/site-packages/airflow/example_dags/example_setup_teardown.py
[2024-07-08T15:40:12.714+0000] {processor.py:840} INFO - DAG(s) 'example_setup_teardown' retrieved from /home/airflow/.local/lib/python3.12/site-packages/airflow/example_dags/example_setup_teardown.py
[2024-07-08T15:40:13.176+0000] {logging_mixin.py:188} INFO - [2024-07-08T15:40:13.161+0000] {dag.py:3096} INFO - Sync 1 DAGs
[2024-07-08T15:40:13.644+0000] {logging_mixin.py:188} INFO - [2024-07-08T15:40:13.637+0000] {dag.py:3954} INFO - Setting next_dagrun for example_setup_teardown to 2024-07-07 00:00:00+00:00, run_after=2024-07-08 00:00:00+00:00
[2024-07-08T15:40:14.169+0000] {processor.py:183} INFO - Processing /home/airflow/.local/lib/python3.12/site-packages/airflow/example_dags/example_setup_teardown.py took 1.518 seconds
[2024-07-08T15:42:13.334+0000] {processor.py:161} INFO - Started process (PID=2407) to work on /home/airflow/.local/lib/python3.12/site-packages/airflow/example_dags/example_setup_teardown.py
[2024-07-08T15:42:13.336+0000] {processor.py:830} INFO - Processing file /home/airflow/.local/lib/python3.12/site-packages/airflow/example_dags/example_setup_teardown.py for tasks to queue
[2024-07-08T15:42:13.340+0000] {logging_mixin.py:188} INFO - [2024-07-08T15:42:13.337+0000] {dagbag.py:545} INFO - Filling up the DagBag from /home/airflow/.local/lib/python3.12/site-packages/airflow/example_dags/example_setup_teardown.py
[2024-07-08T15:42:13.358+0000] {processor.py:840} INFO - DAG(s) 'example_setup_teardown' retrieved from /home/airflow/.local/lib/python3.12/site-packages/airflow/example_dags/example_setup_teardown.py
[2024-07-08T15:42:13.424+0000] {logging_mixin.py:188} INFO - [2024-07-08T15:42:13.424+0000] {dag.py:3096} INFO - Sync 1 DAGs
[2024-07-08T15:42:13.610+0000] {logging_mixin.py:188} INFO - [2024-07-08T15:42:13.609+0000] {dag.py:3954} INFO - Setting next_dagrun for example_setup_teardown to 2024-07-07 00:00:00+00:00, run_after=2024-07-08 00:00:00+00:00
[2024-07-08T15:42:13.724+0000] {processor.py:183} INFO - Processing /home/airflow/.local/lib/python3.12/site-packages/airflow/example_dags/example_setup_teardown.py took 0.452 seconds
[2024-07-08T15:42:44.525+0000] {processor.py:161} INFO - Started process (PID=2470) to work on /home/airflow/.local/lib/python3.12/site-packages/airflow/example_dags/example_setup_teardown.py
[2024-07-08T15:42:44.526+0000] {processor.py:830} INFO - Processing file /home/airflow/.local/lib/python3.12/site-packages/airflow/example_dags/example_setup_teardown.py for tasks to queue
[2024-07-08T15:42:44.529+0000] {logging_mixin.py:188} INFO - [2024-07-08T15:42:44.528+0000] {dagbag.py:545} INFO - Filling up the DagBag from /home/airflow/.local/lib/python3.12/site-packages/airflow/example_dags/example_setup_teardown.py
[2024-07-08T15:42:44.566+0000] {processor.py:840} INFO - DAG(s) 'example_setup_teardown' retrieved from /home/airflow/.local/lib/python3.12/site-packages/airflow/example_dags/example_setup_teardown.py
[2024-07-08T15:42:44.626+0000] {logging_mixin.py:188} INFO - [2024-07-08T15:42:44.623+0000] {dag.py:3096} INFO - Sync 1 DAGs
[2024-07-08T15:42:44.675+0000] {logging_mixin.py:188} INFO - [2024-07-08T15:42:44.675+0000] {dag.py:3954} INFO - Setting next_dagrun for example_setup_teardown to 2024-07-07 00:00:00+00:00, run_after=2024-07-08 00:00:00+00:00
[2024-07-08T15:42:44.713+0000] {processor.py:183} INFO - Processing /home/airflow/.local/lib/python3.12/site-packages/airflow/example_dags/example_setup_teardown.py took 0.205 seconds
[2024-07-08T15:43:14.849+0000] {processor.py:161} INFO - Started process (PID=2530) to work on /home/airflow/.local/lib/python3.12/site-packages/airflow/example_dags/example_setup_teardown.py
[2024-07-08T15:43:14.850+0000] {processor.py:830} INFO - Processing file /home/airflow/.local/lib/python3.12/site-packages/airflow/example_dags/example_setup_teardown.py for tasks to queue
[2024-07-08T15:43:14.852+0000] {logging_mixin.py:188} INFO - [2024-07-08T15:43:14.851+0000] {dagbag.py:545} INFO - Filling up the DagBag from /home/airflow/.local/lib/python3.12/site-packages/airflow/example_dags/example_setup_teardown.py
[2024-07-08T15:43:14.858+0000] {processor.py:840} INFO - DAG(s) 'example_setup_teardown' retrieved from /home/airflow/.local/lib/python3.12/site-packages/airflow/example_dags/example_setup_teardown.py
[2024-07-08T15:43:14.890+0000] {logging_mixin.py:188} INFO - [2024-07-08T15:43:14.889+0000] {dag.py:3096} INFO - Sync 1 DAGs
[2024-07-08T15:43:14.913+0000] {logging_mixin.py:188} INFO - [2024-07-08T15:43:14.913+0000] {dag.py:3954} INFO - Setting next_dagrun for example_setup_teardown to 2024-07-07 00:00:00+00:00, run_after=2024-07-08 00:00:00+00:00
[2024-07-08T15:43:14.949+0000] {processor.py:183} INFO - Processing /home/airflow/.local/lib/python3.12/site-packages/airflow/example_dags/example_setup_teardown.py took 0.108 seconds
[2024-07-08T15:43:45.346+0000] {processor.py:161} INFO - Started process (PID=2590) to work on /home/airflow/.local/lib/python3.12/site-packages/airflow/example_dags/example_setup_teardown.py
[2024-07-08T15:43:45.348+0000] {processor.py:830} INFO - Processing file /home/airflow/.local/lib/python3.12/site-packages/airflow/example_dags/example_setup_teardown.py for tasks to queue
[2024-07-08T15:43:45.349+0000] {logging_mixin.py:188} INFO - [2024-07-08T15:43:45.349+0000] {dagbag.py:545} INFO - Filling up the DagBag from /home/airflow/.local/lib/python3.12/site-packages/airflow/example_dags/example_setup_teardown.py
[2024-07-08T15:43:45.356+0000] {processor.py:840} INFO - DAG(s) 'example_setup_teardown' retrieved from /home/airflow/.local/lib/python3.12/site-packages/airflow/example_dags/example_setup_teardown.py
[2024-07-08T15:43:45.392+0000] {logging_mixin.py:188} INFO - [2024-07-08T15:43:45.392+0000] {dag.py:3096} INFO - Sync 1 DAGs
[2024-07-08T15:43:45.432+0000] {logging_mixin.py:188} INFO - [2024-07-08T15:43:45.432+0000] {dag.py:3954} INFO - Setting next_dagrun for example_setup_teardown to 2024-07-07 00:00:00+00:00, run_after=2024-07-08 00:00:00+00:00
[2024-07-08T15:43:45.480+0000] {processor.py:183} INFO - Processing /home/airflow/.local/lib/python3.12/site-packages/airflow/example_dags/example_setup_teardown.py took 0.143 seconds
