[2024-07-08T15:07:35.487+0000] {processor.py:161} INFO - Started process (PID=45) to work on /home/airflow/.local/lib/python3.12/site-packages/airflow/example_dags/example_dag_decorator.py
[2024-07-08T15:07:35.508+0000] {processor.py:830} INFO - Processing file /home/airflow/.local/lib/python3.12/site-packages/airflow/example_dags/example_dag_decorator.py for tasks to queue
[2024-07-08T15:07:35.523+0000] {logging_mixin.py:188} INFO - [2024-07-08T15:07:35.523+0000] {dagbag.py:545} INFO - Filling up the DagBag from /home/airflow/.local/lib/python3.12/site-packages/airflow/example_dags/example_dag_decorator.py
[2024-07-08T15:07:39.629+0000] {processor.py:840} INFO - DAG(s) 'example_dag_decorator' retrieved from /home/airflow/.local/lib/python3.12/site-packages/airflow/example_dags/example_dag_decorator.py
[2024-07-08T15:07:40.630+0000] {logging_mixin.py:188} INFO - [2024-07-08T15:07:40.627+0000] {dag.py:3096} INFO - Sync 1 DAGs
[2024-07-08T15:07:40.931+0000] {logging_mixin.py:188} INFO - [2024-07-08T15:07:40.930+0000] {dag.py:3954} INFO - Setting next_dagrun for example_dag_decorator to None, run_after=None
[2024-07-08T15:07:41.112+0000] {processor.py:183} INFO - Processing /home/airflow/.local/lib/python3.12/site-packages/airflow/example_dags/example_dag_decorator.py took 5.697 seconds
[2024-07-08T15:08:11.515+0000] {processor.py:161} INFO - Started process (PID=104) to work on /home/airflow/.local/lib/python3.12/site-packages/airflow/example_dags/example_dag_decorator.py
[2024-07-08T15:08:11.518+0000] {processor.py:830} INFO - Processing file /home/airflow/.local/lib/python3.12/site-packages/airflow/example_dags/example_dag_decorator.py for tasks to queue
[2024-07-08T15:08:11.521+0000] {logging_mixin.py:188} INFO - [2024-07-08T15:08:11.520+0000] {dagbag.py:545} INFO - Filling up the DagBag from /home/airflow/.local/lib/python3.12/site-packages/airflow/example_dags/example_dag_decorator.py
[2024-07-08T15:08:11.741+0000] {processor.py:840} INFO - DAG(s) 'example_dag_decorator' retrieved from /home/airflow/.local/lib/python3.12/site-packages/airflow/example_dags/example_dag_decorator.py
[2024-07-08T15:08:11.881+0000] {logging_mixin.py:188} INFO - [2024-07-08T15:08:11.880+0000] {dag.py:3096} INFO - Sync 1 DAGs
[2024-07-08T15:08:11.902+0000] {logging_mixin.py:188} INFO - [2024-07-08T15:08:11.902+0000] {dag.py:3954} INFO - Setting next_dagrun for example_dag_decorator to None, run_after=None
[2024-07-08T15:08:11.946+0000] {processor.py:183} INFO - Processing /home/airflow/.local/lib/python3.12/site-packages/airflow/example_dags/example_dag_decorator.py took 0.439 seconds
[2024-07-08T15:08:42.156+0000] {processor.py:161} INFO - Started process (PID=167) to work on /home/airflow/.local/lib/python3.12/site-packages/airflow/example_dags/example_dag_decorator.py
[2024-07-08T15:08:42.159+0000] {processor.py:830} INFO - Processing file /home/airflow/.local/lib/python3.12/site-packages/airflow/example_dags/example_dag_decorator.py for tasks to queue
[2024-07-08T15:08:42.166+0000] {logging_mixin.py:188} INFO - [2024-07-08T15:08:42.165+0000] {dagbag.py:545} INFO - Filling up the DagBag from /home/airflow/.local/lib/python3.12/site-packages/airflow/example_dags/example_dag_decorator.py
[2024-07-08T15:08:42.340+0000] {processor.py:840} INFO - DAG(s) 'example_dag_decorator' retrieved from /home/airflow/.local/lib/python3.12/site-packages/airflow/example_dags/example_dag_decorator.py
[2024-07-08T15:08:42.465+0000] {logging_mixin.py:188} INFO - [2024-07-08T15:08:42.465+0000] {dag.py:3096} INFO - Sync 1 DAGs
[2024-07-08T15:08:42.478+0000] {logging_mixin.py:188} INFO - [2024-07-08T15:08:42.477+0000] {dag.py:3954} INFO - Setting next_dagrun for example_dag_decorator to None, run_after=None
[2024-07-08T15:08:42.507+0000] {processor.py:183} INFO - Processing /home/airflow/.local/lib/python3.12/site-packages/airflow/example_dags/example_dag_decorator.py took 0.363 seconds
[2024-07-08T15:09:12.620+0000] {processor.py:161} INFO - Started process (PID=226) to work on /home/airflow/.local/lib/python3.12/site-packages/airflow/example_dags/example_dag_decorator.py
[2024-07-08T15:09:12.622+0000] {processor.py:830} INFO - Processing file /home/airflow/.local/lib/python3.12/site-packages/airflow/example_dags/example_dag_decorator.py for tasks to queue
[2024-07-08T15:09:12.626+0000] {logging_mixin.py:188} INFO - [2024-07-08T15:09:12.625+0000] {dagbag.py:545} INFO - Filling up the DagBag from /home/airflow/.local/lib/python3.12/site-packages/airflow/example_dags/example_dag_decorator.py
[2024-07-08T15:09:12.807+0000] {processor.py:840} INFO - DAG(s) 'example_dag_decorator' retrieved from /home/airflow/.local/lib/python3.12/site-packages/airflow/example_dags/example_dag_decorator.py
[2024-07-08T15:09:12.965+0000] {logging_mixin.py:188} INFO - [2024-07-08T15:09:12.964+0000] {dag.py:3096} INFO - Sync 1 DAGs
[2024-07-08T15:09:12.978+0000] {logging_mixin.py:188} INFO - [2024-07-08T15:09:12.978+0000] {dag.py:3954} INFO - Setting next_dagrun for example_dag_decorator to None, run_after=None
[2024-07-08T15:09:13.010+0000] {processor.py:183} INFO - Processing /home/airflow/.local/lib/python3.12/site-packages/airflow/example_dags/example_dag_decorator.py took 0.398 seconds
[2024-07-08T15:09:43.788+0000] {processor.py:161} INFO - Started process (PID=284) to work on /home/airflow/.local/lib/python3.12/site-packages/airflow/example_dags/example_dag_decorator.py
[2024-07-08T15:09:43.801+0000] {processor.py:830} INFO - Processing file /home/airflow/.local/lib/python3.12/site-packages/airflow/example_dags/example_dag_decorator.py for tasks to queue
[2024-07-08T15:09:43.810+0000] {logging_mixin.py:188} INFO - [2024-07-08T15:09:43.810+0000] {dagbag.py:545} INFO - Filling up the DagBag from /home/airflow/.local/lib/python3.12/site-packages/airflow/example_dags/example_dag_decorator.py
[2024-07-08T15:09:44.427+0000] {processor.py:840} INFO - DAG(s) 'example_dag_decorator' retrieved from /home/airflow/.local/lib/python3.12/site-packages/airflow/example_dags/example_dag_decorator.py
[2024-07-08T15:09:44.710+0000] {logging_mixin.py:188} INFO - [2024-07-08T15:09:44.709+0000] {dag.py:3096} INFO - Sync 1 DAGs
[2024-07-08T15:09:44.726+0000] {logging_mixin.py:188} INFO - [2024-07-08T15:09:44.726+0000] {dag.py:3954} INFO - Setting next_dagrun for example_dag_decorator to None, run_after=None
[2024-07-08T15:09:44.768+0000] {processor.py:183} INFO - Processing /home/airflow/.local/lib/python3.12/site-packages/airflow/example_dags/example_dag_decorator.py took 1.033 seconds
[2024-07-08T15:10:15.321+0000] {processor.py:161} INFO - Started process (PID=339) to work on /home/airflow/.local/lib/python3.12/site-packages/airflow/example_dags/example_dag_decorator.py
[2024-07-08T15:10:15.323+0000] {processor.py:830} INFO - Processing file /home/airflow/.local/lib/python3.12/site-packages/airflow/example_dags/example_dag_decorator.py for tasks to queue
[2024-07-08T15:10:15.326+0000] {logging_mixin.py:188} INFO - [2024-07-08T15:10:15.326+0000] {dagbag.py:545} INFO - Filling up the DagBag from /home/airflow/.local/lib/python3.12/site-packages/airflow/example_dags/example_dag_decorator.py
[2024-07-08T15:10:15.471+0000] {processor.py:840} INFO - DAG(s) 'example_dag_decorator' retrieved from /home/airflow/.local/lib/python3.12/site-packages/airflow/example_dags/example_dag_decorator.py
[2024-07-08T15:10:15.608+0000] {logging_mixin.py:188} INFO - [2024-07-08T15:10:15.607+0000] {dag.py:3096} INFO - Sync 1 DAGs
[2024-07-08T15:10:15.625+0000] {logging_mixin.py:188} INFO - [2024-07-08T15:10:15.625+0000] {dag.py:3954} INFO - Setting next_dagrun for example_dag_decorator to None, run_after=None
[2024-07-08T15:10:15.666+0000] {processor.py:183} INFO - Processing /home/airflow/.local/lib/python3.12/site-packages/airflow/example_dags/example_dag_decorator.py took 0.352 seconds
[2024-07-08T15:10:45.908+0000] {processor.py:161} INFO - Started process (PID=397) to work on /home/airflow/.local/lib/python3.12/site-packages/airflow/example_dags/example_dag_decorator.py
[2024-07-08T15:10:45.910+0000] {processor.py:830} INFO - Processing file /home/airflow/.local/lib/python3.12/site-packages/airflow/example_dags/example_dag_decorator.py for tasks to queue
[2024-07-08T15:10:45.912+0000] {logging_mixin.py:188} INFO - [2024-07-08T15:10:45.912+0000] {dagbag.py:545} INFO - Filling up the DagBag from /home/airflow/.local/lib/python3.12/site-packages/airflow/example_dags/example_dag_decorator.py
[2024-07-08T15:10:46.039+0000] {processor.py:840} INFO - DAG(s) 'example_dag_decorator' retrieved from /home/airflow/.local/lib/python3.12/site-packages/airflow/example_dags/example_dag_decorator.py
[2024-07-08T15:10:46.167+0000] {logging_mixin.py:188} INFO - [2024-07-08T15:10:46.167+0000] {dag.py:3096} INFO - Sync 1 DAGs
[2024-07-08T15:10:46.185+0000] {logging_mixin.py:188} INFO - [2024-07-08T15:10:46.184+0000] {dag.py:3954} INFO - Setting next_dagrun for example_dag_decorator to None, run_after=None
[2024-07-08T15:10:46.214+0000] {processor.py:183} INFO - Processing /home/airflow/.local/lib/python3.12/site-packages/airflow/example_dags/example_dag_decorator.py took 0.322 seconds
[2024-07-08T15:11:16.765+0000] {processor.py:161} INFO - Started process (PID=455) to work on /home/airflow/.local/lib/python3.12/site-packages/airflow/example_dags/example_dag_decorator.py
[2024-07-08T15:11:16.767+0000] {processor.py:830} INFO - Processing file /home/airflow/.local/lib/python3.12/site-packages/airflow/example_dags/example_dag_decorator.py for tasks to queue
[2024-07-08T15:11:16.769+0000] {logging_mixin.py:188} INFO - [2024-07-08T15:11:16.769+0000] {dagbag.py:545} INFO - Filling up the DagBag from /home/airflow/.local/lib/python3.12/site-packages/airflow/example_dags/example_dag_decorator.py
[2024-07-08T15:11:16.888+0000] {processor.py:840} INFO - DAG(s) 'example_dag_decorator' retrieved from /home/airflow/.local/lib/python3.12/site-packages/airflow/example_dags/example_dag_decorator.py
[2024-07-08T15:11:17.004+0000] {logging_mixin.py:188} INFO - [2024-07-08T15:11:17.004+0000] {dag.py:3096} INFO - Sync 1 DAGs
[2024-07-08T15:11:17.016+0000] {logging_mixin.py:188} INFO - [2024-07-08T15:11:17.015+0000] {dag.py:3954} INFO - Setting next_dagrun for example_dag_decorator to None, run_after=None
[2024-07-08T15:11:17.048+0000] {processor.py:183} INFO - Processing /home/airflow/.local/lib/python3.12/site-packages/airflow/example_dags/example_dag_decorator.py took 0.288 seconds
[2024-07-08T15:11:47.464+0000] {processor.py:161} INFO - Started process (PID=512) to work on /home/airflow/.local/lib/python3.12/site-packages/airflow/example_dags/example_dag_decorator.py
[2024-07-08T15:11:47.466+0000] {processor.py:830} INFO - Processing file /home/airflow/.local/lib/python3.12/site-packages/airflow/example_dags/example_dag_decorator.py for tasks to queue
[2024-07-08T15:11:47.470+0000] {logging_mixin.py:188} INFO - [2024-07-08T15:11:47.469+0000] {dagbag.py:545} INFO - Filling up the DagBag from /home/airflow/.local/lib/python3.12/site-packages/airflow/example_dags/example_dag_decorator.py
[2024-07-08T15:11:47.599+0000] {processor.py:840} INFO - DAG(s) 'example_dag_decorator' retrieved from /home/airflow/.local/lib/python3.12/site-packages/airflow/example_dags/example_dag_decorator.py
[2024-07-08T15:11:47.748+0000] {logging_mixin.py:188} INFO - [2024-07-08T15:11:47.747+0000] {dag.py:3096} INFO - Sync 1 DAGs
[2024-07-08T15:11:47.763+0000] {logging_mixin.py:188} INFO - [2024-07-08T15:11:47.763+0000] {dag.py:3954} INFO - Setting next_dagrun for example_dag_decorator to None, run_after=None
[2024-07-08T15:11:47.797+0000] {processor.py:183} INFO - Processing /home/airflow/.local/lib/python3.12/site-packages/airflow/example_dags/example_dag_decorator.py took 0.339 seconds
[2024-07-08T15:12:18.528+0000] {processor.py:161} INFO - Started process (PID=570) to work on /home/airflow/.local/lib/python3.12/site-packages/airflow/example_dags/example_dag_decorator.py
[2024-07-08T15:12:18.530+0000] {processor.py:830} INFO - Processing file /home/airflow/.local/lib/python3.12/site-packages/airflow/example_dags/example_dag_decorator.py for tasks to queue
[2024-07-08T15:12:18.535+0000] {logging_mixin.py:188} INFO - [2024-07-08T15:12:18.535+0000] {dagbag.py:545} INFO - Filling up the DagBag from /home/airflow/.local/lib/python3.12/site-packages/airflow/example_dags/example_dag_decorator.py
[2024-07-08T15:12:18.771+0000] {processor.py:840} INFO - DAG(s) 'example_dag_decorator' retrieved from /home/airflow/.local/lib/python3.12/site-packages/airflow/example_dags/example_dag_decorator.py
[2024-07-08T15:12:18.819+0000] {logging_mixin.py:188} INFO - [2024-07-08T15:12:18.819+0000] {dag.py:3096} INFO - Sync 1 DAGs
[2024-07-08T15:12:18.855+0000] {logging_mixin.py:188} INFO - [2024-07-08T15:12:18.854+0000] {dag.py:3954} INFO - Setting next_dagrun for example_dag_decorator to None, run_after=None
[2024-07-08T15:12:18.912+0000] {processor.py:183} INFO - Processing /home/airflow/.local/lib/python3.12/site-packages/airflow/example_dags/example_dag_decorator.py took 0.394 seconds
[2024-07-08T15:12:49.535+0000] {processor.py:161} INFO - Started process (PID=629) to work on /home/airflow/.local/lib/python3.12/site-packages/airflow/example_dags/example_dag_decorator.py
[2024-07-08T15:12:49.536+0000] {processor.py:830} INFO - Processing file /home/airflow/.local/lib/python3.12/site-packages/airflow/example_dags/example_dag_decorator.py for tasks to queue
[2024-07-08T15:12:49.539+0000] {logging_mixin.py:188} INFO - [2024-07-08T15:12:49.538+0000] {dagbag.py:545} INFO - Filling up the DagBag from /home/airflow/.local/lib/python3.12/site-packages/airflow/example_dags/example_dag_decorator.py
[2024-07-08T15:12:49.696+0000] {processor.py:840} INFO - DAG(s) 'example_dag_decorator' retrieved from /home/airflow/.local/lib/python3.12/site-packages/airflow/example_dags/example_dag_decorator.py
[2024-07-08T15:12:49.840+0000] {logging_mixin.py:188} INFO - [2024-07-08T15:12:49.839+0000] {dag.py:3096} INFO - Sync 1 DAGs
[2024-07-08T15:12:49.879+0000] {logging_mixin.py:188} INFO - [2024-07-08T15:12:49.878+0000] {dag.py:3954} INFO - Setting next_dagrun for example_dag_decorator to None, run_after=None
[2024-07-08T15:12:50.112+0000] {processor.py:183} INFO - Processing /home/airflow/.local/lib/python3.12/site-packages/airflow/example_dags/example_dag_decorator.py took 0.591 seconds
[2024-07-08T15:13:20.702+0000] {processor.py:161} INFO - Started process (PID=688) to work on /home/airflow/.local/lib/python3.12/site-packages/airflow/example_dags/example_dag_decorator.py
[2024-07-08T15:13:20.704+0000] {processor.py:830} INFO - Processing file /home/airflow/.local/lib/python3.12/site-packages/airflow/example_dags/example_dag_decorator.py for tasks to queue
[2024-07-08T15:13:20.707+0000] {logging_mixin.py:188} INFO - [2024-07-08T15:13:20.706+0000] {dagbag.py:545} INFO - Filling up the DagBag from /home/airflow/.local/lib/python3.12/site-packages/airflow/example_dags/example_dag_decorator.py
[2024-07-08T15:13:20.926+0000] {processor.py:840} INFO - DAG(s) 'example_dag_decorator' retrieved from /home/airflow/.local/lib/python3.12/site-packages/airflow/example_dags/example_dag_decorator.py
[2024-07-08T15:13:21.047+0000] {logging_mixin.py:188} INFO - [2024-07-08T15:13:21.047+0000] {dag.py:3096} INFO - Sync 1 DAGs
[2024-07-08T15:13:21.059+0000] {logging_mixin.py:188} INFO - [2024-07-08T15:13:21.059+0000] {dag.py:3954} INFO - Setting next_dagrun for example_dag_decorator to None, run_after=None
[2024-07-08T15:13:21.275+0000] {processor.py:183} INFO - Processing /home/airflow/.local/lib/python3.12/site-packages/airflow/example_dags/example_dag_decorator.py took 0.582 seconds
[2024-07-08T15:16:11.319+0000] {processor.py:161} INFO - Started process (PID=755) to work on /home/airflow/.local/lib/python3.12/site-packages/airflow/example_dags/example_dag_decorator.py
[2024-07-08T15:16:11.321+0000] {processor.py:830} INFO - Processing file /home/airflow/.local/lib/python3.12/site-packages/airflow/example_dags/example_dag_decorator.py for tasks to queue
[2024-07-08T15:16:11.323+0000] {logging_mixin.py:188} INFO - [2024-07-08T15:16:11.322+0000] {dagbag.py:545} INFO - Filling up the DagBag from /home/airflow/.local/lib/python3.12/site-packages/airflow/example_dags/example_dag_decorator.py
[2024-07-08T15:16:11.665+0000] {processor.py:840} INFO - DAG(s) 'example_dag_decorator' retrieved from /home/airflow/.local/lib/python3.12/site-packages/airflow/example_dags/example_dag_decorator.py
[2024-07-08T15:16:11.969+0000] {logging_mixin.py:188} INFO - [2024-07-08T15:16:11.969+0000] {dag.py:3096} INFO - Sync 1 DAGs
[2024-07-08T15:16:11.989+0000] {logging_mixin.py:188} INFO - [2024-07-08T15:16:11.989+0000] {dag.py:3954} INFO - Setting next_dagrun for example_dag_decorator to None, run_after=None
[2024-07-08T15:16:12.425+0000] {processor.py:183} INFO - Processing /home/airflow/.local/lib/python3.12/site-packages/airflow/example_dags/example_dag_decorator.py took 1.118 seconds
[2024-07-08T15:16:42.624+0000] {processor.py:161} INFO - Started process (PID=815) to work on /home/airflow/.local/lib/python3.12/site-packages/airflow/example_dags/example_dag_decorator.py
[2024-07-08T15:16:42.629+0000] {processor.py:830} INFO - Processing file /home/airflow/.local/lib/python3.12/site-packages/airflow/example_dags/example_dag_decorator.py for tasks to queue
[2024-07-08T15:16:42.632+0000] {logging_mixin.py:188} INFO - [2024-07-08T15:16:42.631+0000] {dagbag.py:545} INFO - Filling up the DagBag from /home/airflow/.local/lib/python3.12/site-packages/airflow/example_dags/example_dag_decorator.py
[2024-07-08T15:16:43.041+0000] {processor.py:840} INFO - DAG(s) 'example_dag_decorator' retrieved from /home/airflow/.local/lib/python3.12/site-packages/airflow/example_dags/example_dag_decorator.py
[2024-07-08T15:16:43.259+0000] {logging_mixin.py:188} INFO - [2024-07-08T15:16:43.258+0000] {dag.py:3096} INFO - Sync 1 DAGs
[2024-07-08T15:16:43.278+0000] {logging_mixin.py:188} INFO - [2024-07-08T15:16:43.277+0000] {dag.py:3954} INFO - Setting next_dagrun for example_dag_decorator to None, run_after=None
[2024-07-08T15:16:43.310+0000] {processor.py:183} INFO - Processing /home/airflow/.local/lib/python3.12/site-packages/airflow/example_dags/example_dag_decorator.py took 0.710 seconds
[2024-07-08T15:17:13.386+0000] {processor.py:161} INFO - Started process (PID=875) to work on /home/airflow/.local/lib/python3.12/site-packages/airflow/example_dags/example_dag_decorator.py
[2024-07-08T15:17:13.388+0000] {processor.py:830} INFO - Processing file /home/airflow/.local/lib/python3.12/site-packages/airflow/example_dags/example_dag_decorator.py for tasks to queue
[2024-07-08T15:17:13.389+0000] {logging_mixin.py:188} INFO - [2024-07-08T15:17:13.389+0000] {dagbag.py:545} INFO - Filling up the DagBag from /home/airflow/.local/lib/python3.12/site-packages/airflow/example_dags/example_dag_decorator.py
[2024-07-08T15:17:13.518+0000] {processor.py:840} INFO - DAG(s) 'example_dag_decorator' retrieved from /home/airflow/.local/lib/python3.12/site-packages/airflow/example_dags/example_dag_decorator.py
[2024-07-08T15:17:13.645+0000] {logging_mixin.py:188} INFO - [2024-07-08T15:17:13.644+0000] {dag.py:3096} INFO - Sync 1 DAGs
[2024-07-08T15:17:13.658+0000] {logging_mixin.py:188} INFO - [2024-07-08T15:17:13.657+0000] {dag.py:3954} INFO - Setting next_dagrun for example_dag_decorator to None, run_after=None
[2024-07-08T15:17:13.688+0000] {processor.py:183} INFO - Processing /home/airflow/.local/lib/python3.12/site-packages/airflow/example_dags/example_dag_decorator.py took 0.308 seconds
[2024-07-08T15:18:58.708+0000] {processor.py:161} INFO - Started process (PID=927) to work on /home/airflow/.local/lib/python3.12/site-packages/airflow/example_dags/example_dag_decorator.py
[2024-07-08T15:18:58.709+0000] {processor.py:830} INFO - Processing file /home/airflow/.local/lib/python3.12/site-packages/airflow/example_dags/example_dag_decorator.py for tasks to queue
[2024-07-08T15:18:58.711+0000] {logging_mixin.py:188} INFO - [2024-07-08T15:18:58.710+0000] {dagbag.py:545} INFO - Filling up the DagBag from /home/airflow/.local/lib/python3.12/site-packages/airflow/example_dags/example_dag_decorator.py
[2024-07-08T15:18:59.022+0000] {processor.py:840} INFO - DAG(s) 'example_dag_decorator' retrieved from /home/airflow/.local/lib/python3.12/site-packages/airflow/example_dags/example_dag_decorator.py
[2024-07-08T15:19:00.026+0000] {logging_mixin.py:188} INFO - [2024-07-08T15:19:00.025+0000] {dag.py:3096} INFO - Sync 1 DAGs
[2024-07-08T15:19:00.048+0000] {logging_mixin.py:188} INFO - [2024-07-08T15:19:00.047+0000] {dag.py:3954} INFO - Setting next_dagrun for example_dag_decorator to None, run_after=None
[2024-07-08T15:19:00.124+0000] {processor.py:183} INFO - Processing /home/airflow/.local/lib/python3.12/site-packages/airflow/example_dags/example_dag_decorator.py took 1.426 seconds
[2024-07-08T15:19:31.011+0000] {processor.py:161} INFO - Started process (PID=988) to work on /home/airflow/.local/lib/python3.12/site-packages/airflow/example_dags/example_dag_decorator.py
[2024-07-08T15:19:31.013+0000] {processor.py:830} INFO - Processing file /home/airflow/.local/lib/python3.12/site-packages/airflow/example_dags/example_dag_decorator.py for tasks to queue
[2024-07-08T15:19:31.015+0000] {logging_mixin.py:188} INFO - [2024-07-08T15:19:31.014+0000] {dagbag.py:545} INFO - Filling up the DagBag from /home/airflow/.local/lib/python3.12/site-packages/airflow/example_dags/example_dag_decorator.py
[2024-07-08T15:19:31.354+0000] {processor.py:840} INFO - DAG(s) 'example_dag_decorator' retrieved from /home/airflow/.local/lib/python3.12/site-packages/airflow/example_dags/example_dag_decorator.py
[2024-07-08T15:19:32.163+0000] {logging_mixin.py:188} INFO - [2024-07-08T15:19:32.161+0000] {dag.py:3096} INFO - Sync 1 DAGs
[2024-07-08T15:19:32.215+0000] {logging_mixin.py:188} INFO - [2024-07-08T15:19:32.215+0000] {dag.py:3954} INFO - Setting next_dagrun for example_dag_decorator to None, run_after=None
[2024-07-08T15:19:32.284+0000] {processor.py:183} INFO - Processing /home/airflow/.local/lib/python3.12/site-packages/airflow/example_dags/example_dag_decorator.py took 1.285 seconds
[2024-07-08T15:20:02.370+0000] {processor.py:161} INFO - Started process (PID=1050) to work on /home/airflow/.local/lib/python3.12/site-packages/airflow/example_dags/example_dag_decorator.py
[2024-07-08T15:20:02.371+0000] {processor.py:830} INFO - Processing file /home/airflow/.local/lib/python3.12/site-packages/airflow/example_dags/example_dag_decorator.py for tasks to queue
[2024-07-08T15:20:02.373+0000] {logging_mixin.py:188} INFO - [2024-07-08T15:20:02.372+0000] {dagbag.py:545} INFO - Filling up the DagBag from /home/airflow/.local/lib/python3.12/site-packages/airflow/example_dags/example_dag_decorator.py
[2024-07-08T15:20:02.567+0000] {processor.py:840} INFO - DAG(s) 'example_dag_decorator' retrieved from /home/airflow/.local/lib/python3.12/site-packages/airflow/example_dags/example_dag_decorator.py
[2024-07-08T15:20:02.886+0000] {logging_mixin.py:188} INFO - [2024-07-08T15:20:02.886+0000] {dag.py:3096} INFO - Sync 1 DAGs
[2024-07-08T15:20:02.905+0000] {logging_mixin.py:188} INFO - [2024-07-08T15:20:02.905+0000] {dag.py:3954} INFO - Setting next_dagrun for example_dag_decorator to None, run_after=None
[2024-07-08T15:20:02.941+0000] {processor.py:183} INFO - Processing /home/airflow/.local/lib/python3.12/site-packages/airflow/example_dags/example_dag_decorator.py took 0.578 seconds
[2024-07-08T15:20:33.501+0000] {processor.py:161} INFO - Started process (PID=1108) to work on /home/airflow/.local/lib/python3.12/site-packages/airflow/example_dags/example_dag_decorator.py
[2024-07-08T15:20:33.503+0000] {processor.py:830} INFO - Processing file /home/airflow/.local/lib/python3.12/site-packages/airflow/example_dags/example_dag_decorator.py for tasks to queue
[2024-07-08T15:20:33.505+0000] {logging_mixin.py:188} INFO - [2024-07-08T15:20:33.504+0000] {dagbag.py:545} INFO - Filling up the DagBag from /home/airflow/.local/lib/python3.12/site-packages/airflow/example_dags/example_dag_decorator.py
[2024-07-08T15:20:33.725+0000] {processor.py:840} INFO - DAG(s) 'example_dag_decorator' retrieved from /home/airflow/.local/lib/python3.12/site-packages/airflow/example_dags/example_dag_decorator.py
[2024-07-08T15:20:33.901+0000] {logging_mixin.py:188} INFO - [2024-07-08T15:20:33.900+0000] {dag.py:3096} INFO - Sync 1 DAGs
[2024-07-08T15:20:34.089+0000] {logging_mixin.py:188} INFO - [2024-07-08T15:20:34.088+0000] {dag.py:3954} INFO - Setting next_dagrun for example_dag_decorator to None, run_after=None
[2024-07-08T15:20:34.116+0000] {processor.py:183} INFO - Processing /home/airflow/.local/lib/python3.12/site-packages/airflow/example_dags/example_dag_decorator.py took 0.624 seconds
[2024-07-08T15:21:04.216+0000] {processor.py:161} INFO - Started process (PID=1169) to work on /home/airflow/.local/lib/python3.12/site-packages/airflow/example_dags/example_dag_decorator.py
[2024-07-08T15:21:04.218+0000] {processor.py:830} INFO - Processing file /home/airflow/.local/lib/python3.12/site-packages/airflow/example_dags/example_dag_decorator.py for tasks to queue
[2024-07-08T15:21:04.219+0000] {logging_mixin.py:188} INFO - [2024-07-08T15:21:04.219+0000] {dagbag.py:545} INFO - Filling up the DagBag from /home/airflow/.local/lib/python3.12/site-packages/airflow/example_dags/example_dag_decorator.py
[2024-07-08T15:21:04.434+0000] {processor.py:840} INFO - DAG(s) 'example_dag_decorator' retrieved from /home/airflow/.local/lib/python3.12/site-packages/airflow/example_dags/example_dag_decorator.py
[2024-07-08T15:21:04.674+0000] {logging_mixin.py:188} INFO - [2024-07-08T15:21:04.674+0000] {dag.py:3096} INFO - Sync 1 DAGs
[2024-07-08T15:21:04.853+0000] {logging_mixin.py:188} INFO - [2024-07-08T15:21:04.853+0000] {dag.py:3954} INFO - Setting next_dagrun for example_dag_decorator to None, run_after=None
[2024-07-08T15:21:04.883+0000] {processor.py:183} INFO - Processing /home/airflow/.local/lib/python3.12/site-packages/airflow/example_dags/example_dag_decorator.py took 0.676 seconds
[2024-07-08T15:21:35.061+0000] {processor.py:161} INFO - Started process (PID=1229) to work on /home/airflow/.local/lib/python3.12/site-packages/airflow/example_dags/example_dag_decorator.py
[2024-07-08T15:21:35.063+0000] {processor.py:830} INFO - Processing file /home/airflow/.local/lib/python3.12/site-packages/airflow/example_dags/example_dag_decorator.py for tasks to queue
[2024-07-08T15:21:35.065+0000] {logging_mixin.py:188} INFO - [2024-07-08T15:21:35.064+0000] {dagbag.py:545} INFO - Filling up the DagBag from /home/airflow/.local/lib/python3.12/site-packages/airflow/example_dags/example_dag_decorator.py
[2024-07-08T15:21:35.195+0000] {processor.py:840} INFO - DAG(s) 'example_dag_decorator' retrieved from /home/airflow/.local/lib/python3.12/site-packages/airflow/example_dags/example_dag_decorator.py
[2024-07-08T15:21:35.508+0000] {logging_mixin.py:188} INFO - [2024-07-08T15:21:35.508+0000] {dag.py:3096} INFO - Sync 1 DAGs
[2024-07-08T15:21:35.522+0000] {logging_mixin.py:188} INFO - [2024-07-08T15:21:35.522+0000] {dag.py:3954} INFO - Setting next_dagrun for example_dag_decorator to None, run_after=None
[2024-07-08T15:21:35.553+0000] {processor.py:183} INFO - Processing /home/airflow/.local/lib/python3.12/site-packages/airflow/example_dags/example_dag_decorator.py took 0.501 seconds
[2024-07-08T15:22:06.498+0000] {processor.py:161} INFO - Started process (PID=1285) to work on /home/airflow/.local/lib/python3.12/site-packages/airflow/example_dags/example_dag_decorator.py
[2024-07-08T15:22:06.499+0000] {processor.py:830} INFO - Processing file /home/airflow/.local/lib/python3.12/site-packages/airflow/example_dags/example_dag_decorator.py for tasks to queue
[2024-07-08T15:22:06.500+0000] {logging_mixin.py:188} INFO - [2024-07-08T15:22:06.500+0000] {dagbag.py:545} INFO - Filling up the DagBag from /home/airflow/.local/lib/python3.12/site-packages/airflow/example_dags/example_dag_decorator.py
[2024-07-08T15:22:06.719+0000] {processor.py:840} INFO - DAG(s) 'example_dag_decorator' retrieved from /home/airflow/.local/lib/python3.12/site-packages/airflow/example_dags/example_dag_decorator.py
[2024-07-08T15:22:07.070+0000] {logging_mixin.py:188} INFO - [2024-07-08T15:22:07.070+0000] {dag.py:3096} INFO - Sync 1 DAGs
[2024-07-08T15:22:07.084+0000] {logging_mixin.py:188} INFO - [2024-07-08T15:22:07.084+0000] {dag.py:3954} INFO - Setting next_dagrun for example_dag_decorator to None, run_after=None
[2024-07-08T15:22:07.112+0000] {processor.py:183} INFO - Processing /home/airflow/.local/lib/python3.12/site-packages/airflow/example_dags/example_dag_decorator.py took 0.621 seconds
[2024-07-08T15:22:37.351+0000] {processor.py:161} INFO - Started process (PID=1350) to work on /home/airflow/.local/lib/python3.12/site-packages/airflow/example_dags/example_dag_decorator.py
[2024-07-08T15:22:37.353+0000] {processor.py:830} INFO - Processing file /home/airflow/.local/lib/python3.12/site-packages/airflow/example_dags/example_dag_decorator.py for tasks to queue
[2024-07-08T15:22:37.355+0000] {logging_mixin.py:188} INFO - [2024-07-08T15:22:37.355+0000] {dagbag.py:545} INFO - Filling up the DagBag from /home/airflow/.local/lib/python3.12/site-packages/airflow/example_dags/example_dag_decorator.py
[2024-07-08T15:22:37.732+0000] {processor.py:840} INFO - DAG(s) 'example_dag_decorator' retrieved from /home/airflow/.local/lib/python3.12/site-packages/airflow/example_dags/example_dag_decorator.py
[2024-07-08T15:22:38.156+0000] {logging_mixin.py:188} INFO - [2024-07-08T15:22:38.155+0000] {dag.py:3096} INFO - Sync 1 DAGs
[2024-07-08T15:22:38.173+0000] {logging_mixin.py:188} INFO - [2024-07-08T15:22:38.173+0000] {dag.py:3954} INFO - Setting next_dagrun for example_dag_decorator to None, run_after=None
[2024-07-08T15:22:38.204+0000] {processor.py:183} INFO - Processing /home/airflow/.local/lib/python3.12/site-packages/airflow/example_dags/example_dag_decorator.py took 0.866 seconds
[2024-07-08T15:23:08.515+0000] {processor.py:161} INFO - Started process (PID=1414) to work on /home/airflow/.local/lib/python3.12/site-packages/airflow/example_dags/example_dag_decorator.py
[2024-07-08T15:23:08.517+0000] {processor.py:830} INFO - Processing file /home/airflow/.local/lib/python3.12/site-packages/airflow/example_dags/example_dag_decorator.py for tasks to queue
[2024-07-08T15:23:08.518+0000] {logging_mixin.py:188} INFO - [2024-07-08T15:23:08.518+0000] {dagbag.py:545} INFO - Filling up the DagBag from /home/airflow/.local/lib/python3.12/site-packages/airflow/example_dags/example_dag_decorator.py
[2024-07-08T15:23:08.879+0000] {processor.py:840} INFO - DAG(s) 'example_dag_decorator' retrieved from /home/airflow/.local/lib/python3.12/site-packages/airflow/example_dags/example_dag_decorator.py
[2024-07-08T15:23:09.323+0000] {logging_mixin.py:188} INFO - [2024-07-08T15:23:09.322+0000] {dag.py:3096} INFO - Sync 1 DAGs
[2024-07-08T15:23:09.344+0000] {logging_mixin.py:188} INFO - [2024-07-08T15:23:09.344+0000] {dag.py:3954} INFO - Setting next_dagrun for example_dag_decorator to None, run_after=None
[2024-07-08T15:23:09.388+0000] {processor.py:183} INFO - Processing /home/airflow/.local/lib/python3.12/site-packages/airflow/example_dags/example_dag_decorator.py took 0.884 seconds
[2024-07-08T15:23:40.437+0000] {processor.py:161} INFO - Started process (PID=1477) to work on /home/airflow/.local/lib/python3.12/site-packages/airflow/example_dags/example_dag_decorator.py
[2024-07-08T15:23:40.441+0000] {processor.py:830} INFO - Processing file /home/airflow/.local/lib/python3.12/site-packages/airflow/example_dags/example_dag_decorator.py for tasks to queue
[2024-07-08T15:23:40.455+0000] {logging_mixin.py:188} INFO - [2024-07-08T15:23:40.454+0000] {dagbag.py:545} INFO - Filling up the DagBag from /home/airflow/.local/lib/python3.12/site-packages/airflow/example_dags/example_dag_decorator.py
[2024-07-08T15:23:41.323+0000] {processor.py:840} INFO - DAG(s) 'example_dag_decorator' retrieved from /home/airflow/.local/lib/python3.12/site-packages/airflow/example_dags/example_dag_decorator.py
[2024-07-08T15:23:41.867+0000] {logging_mixin.py:188} INFO - [2024-07-08T15:23:41.866+0000] {dag.py:3096} INFO - Sync 1 DAGs
[2024-07-08T15:23:41.893+0000] {logging_mixin.py:188} INFO - [2024-07-08T15:23:41.893+0000] {dag.py:3954} INFO - Setting next_dagrun for example_dag_decorator to None, run_after=None
[2024-07-08T15:23:41.935+0000] {processor.py:183} INFO - Processing /home/airflow/.local/lib/python3.12/site-packages/airflow/example_dags/example_dag_decorator.py took 1.520 seconds
[2024-07-08T15:24:12.140+0000] {processor.py:161} INFO - Started process (PID=1543) to work on /home/airflow/.local/lib/python3.12/site-packages/airflow/example_dags/example_dag_decorator.py
[2024-07-08T15:24:12.141+0000] {processor.py:830} INFO - Processing file /home/airflow/.local/lib/python3.12/site-packages/airflow/example_dags/example_dag_decorator.py for tasks to queue
[2024-07-08T15:24:12.142+0000] {logging_mixin.py:188} INFO - [2024-07-08T15:24:12.142+0000] {dagbag.py:545} INFO - Filling up the DagBag from /home/airflow/.local/lib/python3.12/site-packages/airflow/example_dags/example_dag_decorator.py
[2024-07-08T15:24:12.421+0000] {processor.py:840} INFO - DAG(s) 'example_dag_decorator' retrieved from /home/airflow/.local/lib/python3.12/site-packages/airflow/example_dags/example_dag_decorator.py
[2024-07-08T15:24:13.338+0000] {logging_mixin.py:188} INFO - [2024-07-08T15:24:13.338+0000] {dag.py:3096} INFO - Sync 1 DAGs
[2024-07-08T15:24:13.354+0000] {logging_mixin.py:188} INFO - [2024-07-08T15:24:13.354+0000] {dag.py:3954} INFO - Setting next_dagrun for example_dag_decorator to None, run_after=None
[2024-07-08T15:24:13.397+0000] {processor.py:183} INFO - Processing /home/airflow/.local/lib/python3.12/site-packages/airflow/example_dags/example_dag_decorator.py took 1.266 seconds
[2024-07-08T15:24:43.740+0000] {processor.py:161} INFO - Started process (PID=1605) to work on /home/airflow/.local/lib/python3.12/site-packages/airflow/example_dags/example_dag_decorator.py
[2024-07-08T15:24:43.742+0000] {processor.py:830} INFO - Processing file /home/airflow/.local/lib/python3.12/site-packages/airflow/example_dags/example_dag_decorator.py for tasks to queue
[2024-07-08T15:24:43.744+0000] {logging_mixin.py:188} INFO - [2024-07-08T15:24:43.743+0000] {dagbag.py:545} INFO - Filling up the DagBag from /home/airflow/.local/lib/python3.12/site-packages/airflow/example_dags/example_dag_decorator.py
[2024-07-08T15:24:43.981+0000] {processor.py:840} INFO - DAG(s) 'example_dag_decorator' retrieved from /home/airflow/.local/lib/python3.12/site-packages/airflow/example_dags/example_dag_decorator.py
[2024-07-08T15:24:44.410+0000] {logging_mixin.py:188} INFO - [2024-07-08T15:24:44.409+0000] {dag.py:3096} INFO - Sync 1 DAGs
[2024-07-08T15:24:44.424+0000] {logging_mixin.py:188} INFO - [2024-07-08T15:24:44.423+0000] {dag.py:3954} INFO - Setting next_dagrun for example_dag_decorator to None, run_after=None
[2024-07-08T15:24:44.529+0000] {processor.py:183} INFO - Processing /home/airflow/.local/lib/python3.12/site-packages/airflow/example_dags/example_dag_decorator.py took 0.799 seconds
[2024-07-08T15:25:14.622+0000] {processor.py:161} INFO - Started process (PID=1673) to work on /home/airflow/.local/lib/python3.12/site-packages/airflow/example_dags/example_dag_decorator.py
[2024-07-08T15:25:14.623+0000] {processor.py:830} INFO - Processing file /home/airflow/.local/lib/python3.12/site-packages/airflow/example_dags/example_dag_decorator.py for tasks to queue
[2024-07-08T15:25:14.624+0000] {logging_mixin.py:188} INFO - [2024-07-08T15:25:14.624+0000] {dagbag.py:545} INFO - Filling up the DagBag from /home/airflow/.local/lib/python3.12/site-packages/airflow/example_dags/example_dag_decorator.py
[2024-07-08T15:25:14.978+0000] {processor.py:840} INFO - DAG(s) 'example_dag_decorator' retrieved from /home/airflow/.local/lib/python3.12/site-packages/airflow/example_dags/example_dag_decorator.py
[2024-07-08T15:25:15.173+0000] {logging_mixin.py:188} INFO - [2024-07-08T15:25:15.173+0000] {dag.py:3096} INFO - Sync 1 DAGs
[2024-07-08T15:25:15.185+0000] {logging_mixin.py:188} INFO - [2024-07-08T15:25:15.185+0000] {dag.py:3954} INFO - Setting next_dagrun for example_dag_decorator to None, run_after=None
[2024-07-08T15:25:15.213+0000] {processor.py:183} INFO - Processing /home/airflow/.local/lib/python3.12/site-packages/airflow/example_dags/example_dag_decorator.py took 0.598 seconds
[2024-07-08T15:25:45.365+0000] {processor.py:161} INFO - Started process (PID=1739) to work on /home/airflow/.local/lib/python3.12/site-packages/airflow/example_dags/example_dag_decorator.py
[2024-07-08T15:25:45.366+0000] {processor.py:830} INFO - Processing file /home/airflow/.local/lib/python3.12/site-packages/airflow/example_dags/example_dag_decorator.py for tasks to queue
[2024-07-08T15:25:45.367+0000] {logging_mixin.py:188} INFO - [2024-07-08T15:25:45.367+0000] {dagbag.py:545} INFO - Filling up the DagBag from /home/airflow/.local/lib/python3.12/site-packages/airflow/example_dags/example_dag_decorator.py
[2024-07-08T15:25:45.752+0000] {processor.py:840} INFO - DAG(s) 'example_dag_decorator' retrieved from /home/airflow/.local/lib/python3.12/site-packages/airflow/example_dags/example_dag_decorator.py
[2024-07-08T15:25:45.966+0000] {logging_mixin.py:188} INFO - [2024-07-08T15:25:45.966+0000] {dag.py:3096} INFO - Sync 1 DAGs
[2024-07-08T15:25:45.979+0000] {logging_mixin.py:188} INFO - [2024-07-08T15:25:45.979+0000] {dag.py:3954} INFO - Setting next_dagrun for example_dag_decorator to None, run_after=None
[2024-07-08T15:25:46.008+0000] {processor.py:183} INFO - Processing /home/airflow/.local/lib/python3.12/site-packages/airflow/example_dags/example_dag_decorator.py took 0.650 seconds
[2024-07-08T15:26:16.256+0000] {processor.py:161} INFO - Started process (PID=1806) to work on /home/airflow/.local/lib/python3.12/site-packages/airflow/example_dags/example_dag_decorator.py
[2024-07-08T15:26:16.258+0000] {processor.py:830} INFO - Processing file /home/airflow/.local/lib/python3.12/site-packages/airflow/example_dags/example_dag_decorator.py for tasks to queue
[2024-07-08T15:26:16.259+0000] {logging_mixin.py:188} INFO - [2024-07-08T15:26:16.259+0000] {dagbag.py:545} INFO - Filling up the DagBag from /home/airflow/.local/lib/python3.12/site-packages/airflow/example_dags/example_dag_decorator.py
[2024-07-08T15:26:16.881+0000] {processor.py:840} INFO - DAG(s) 'example_dag_decorator' retrieved from /home/airflow/.local/lib/python3.12/site-packages/airflow/example_dags/example_dag_decorator.py
[2024-07-08T15:26:17.123+0000] {logging_mixin.py:188} INFO - [2024-07-08T15:26:17.123+0000] {dag.py:3096} INFO - Sync 1 DAGs
[2024-07-08T15:26:17.137+0000] {logging_mixin.py:188} INFO - [2024-07-08T15:26:17.137+0000] {dag.py:3954} INFO - Setting next_dagrun for example_dag_decorator to None, run_after=None
[2024-07-08T15:26:17.161+0000] {processor.py:183} INFO - Processing /home/airflow/.local/lib/python3.12/site-packages/airflow/example_dags/example_dag_decorator.py took 0.921 seconds
[2024-07-08T15:26:47.581+0000] {processor.py:161} INFO - Started process (PID=1869) to work on /home/airflow/.local/lib/python3.12/site-packages/airflow/example_dags/example_dag_decorator.py
[2024-07-08T15:26:47.583+0000] {processor.py:830} INFO - Processing file /home/airflow/.local/lib/python3.12/site-packages/airflow/example_dags/example_dag_decorator.py for tasks to queue
[2024-07-08T15:26:47.586+0000] {logging_mixin.py:188} INFO - [2024-07-08T15:26:47.586+0000] {dagbag.py:545} INFO - Filling up the DagBag from /home/airflow/.local/lib/python3.12/site-packages/airflow/example_dags/example_dag_decorator.py
[2024-07-08T15:26:48.084+0000] {processor.py:840} INFO - DAG(s) 'example_dag_decorator' retrieved from /home/airflow/.local/lib/python3.12/site-packages/airflow/example_dags/example_dag_decorator.py
[2024-07-08T15:26:48.264+0000] {logging_mixin.py:188} INFO - [2024-07-08T15:26:48.264+0000] {dag.py:3096} INFO - Sync 1 DAGs
[2024-07-08T15:26:48.283+0000] {logging_mixin.py:188} INFO - [2024-07-08T15:26:48.283+0000] {dag.py:3954} INFO - Setting next_dagrun for example_dag_decorator to None, run_after=None
[2024-07-08T15:26:48.315+0000] {processor.py:183} INFO - Processing /home/airflow/.local/lib/python3.12/site-packages/airflow/example_dags/example_dag_decorator.py took 0.750 seconds
[2024-07-08T15:27:18.443+0000] {processor.py:161} INFO - Started process (PID=1931) to work on /home/airflow/.local/lib/python3.12/site-packages/airflow/example_dags/example_dag_decorator.py
[2024-07-08T15:27:18.445+0000] {processor.py:830} INFO - Processing file /home/airflow/.local/lib/python3.12/site-packages/airflow/example_dags/example_dag_decorator.py for tasks to queue
[2024-07-08T15:27:18.446+0000] {logging_mixin.py:188} INFO - [2024-07-08T15:27:18.446+0000] {dagbag.py:545} INFO - Filling up the DagBag from /home/airflow/.local/lib/python3.12/site-packages/airflow/example_dags/example_dag_decorator.py
[2024-07-08T15:27:18.807+0000] {processor.py:840} INFO - DAG(s) 'example_dag_decorator' retrieved from /home/airflow/.local/lib/python3.12/site-packages/airflow/example_dags/example_dag_decorator.py
[2024-07-08T15:27:18.924+0000] {logging_mixin.py:188} INFO - [2024-07-08T15:27:18.924+0000] {dag.py:3096} INFO - Sync 1 DAGs
[2024-07-08T15:27:18.935+0000] {logging_mixin.py:188} INFO - [2024-07-08T15:27:18.935+0000] {dag.py:3954} INFO - Setting next_dagrun for example_dag_decorator to None, run_after=None
[2024-07-08T15:27:18.960+0000] {processor.py:183} INFO - Processing /home/airflow/.local/lib/python3.12/site-packages/airflow/example_dags/example_dag_decorator.py took 0.523 seconds
[2024-07-08T15:27:49.285+0000] {processor.py:161} INFO - Started process (PID=1986) to work on /home/airflow/.local/lib/python3.12/site-packages/airflow/example_dags/example_dag_decorator.py
[2024-07-08T15:27:49.287+0000] {processor.py:830} INFO - Processing file /home/airflow/.local/lib/python3.12/site-packages/airflow/example_dags/example_dag_decorator.py for tasks to queue
[2024-07-08T15:27:49.289+0000] {logging_mixin.py:188} INFO - [2024-07-08T15:27:49.289+0000] {dagbag.py:545} INFO - Filling up the DagBag from /home/airflow/.local/lib/python3.12/site-packages/airflow/example_dags/example_dag_decorator.py
[2024-07-08T15:27:49.913+0000] {processor.py:840} INFO - DAG(s) 'example_dag_decorator' retrieved from /home/airflow/.local/lib/python3.12/site-packages/airflow/example_dags/example_dag_decorator.py
[2024-07-08T15:27:50.144+0000] {logging_mixin.py:188} INFO - [2024-07-08T15:27:50.143+0000] {dag.py:3096} INFO - Sync 1 DAGs
[2024-07-08T15:27:50.161+0000] {logging_mixin.py:188} INFO - [2024-07-08T15:27:50.160+0000] {dag.py:3954} INFO - Setting next_dagrun for example_dag_decorator to None, run_after=None
[2024-07-08T15:27:50.209+0000] {processor.py:183} INFO - Processing /home/airflow/.local/lib/python3.12/site-packages/airflow/example_dags/example_dag_decorator.py took 0.943 seconds
[2024-07-08T15:28:20.714+0000] {processor.py:161} INFO - Started process (PID=2045) to work on /home/airflow/.local/lib/python3.12/site-packages/airflow/example_dags/example_dag_decorator.py
[2024-07-08T15:28:20.716+0000] {processor.py:830} INFO - Processing file /home/airflow/.local/lib/python3.12/site-packages/airflow/example_dags/example_dag_decorator.py for tasks to queue
[2024-07-08T15:28:20.718+0000] {logging_mixin.py:188} INFO - [2024-07-08T15:28:20.717+0000] {dagbag.py:545} INFO - Filling up the DagBag from /home/airflow/.local/lib/python3.12/site-packages/airflow/example_dags/example_dag_decorator.py
[2024-07-08T15:28:21.393+0000] {processor.py:840} INFO - DAG(s) 'example_dag_decorator' retrieved from /home/airflow/.local/lib/python3.12/site-packages/airflow/example_dags/example_dag_decorator.py
[2024-07-08T15:28:21.919+0000] {logging_mixin.py:188} INFO - [2024-07-08T15:28:21.918+0000] {dag.py:3096} INFO - Sync 1 DAGs
[2024-07-08T15:28:21.946+0000] {logging_mixin.py:188} INFO - [2024-07-08T15:28:21.945+0000] {dag.py:3954} INFO - Setting next_dagrun for example_dag_decorator to None, run_after=None
[2024-07-08T15:28:22.050+0000] {processor.py:183} INFO - Processing /home/airflow/.local/lib/python3.12/site-packages/airflow/example_dags/example_dag_decorator.py took 1.351 seconds
[2024-07-08T15:31:07.895+0000] {processor.py:161} INFO - Started process (PID=2079) to work on /home/airflow/.local/lib/python3.12/site-packages/airflow/example_dags/example_dag_decorator.py
[2024-07-08T15:31:07.896+0000] {processor.py:830} INFO - Processing file /home/airflow/.local/lib/python3.12/site-packages/airflow/example_dags/example_dag_decorator.py for tasks to queue
[2024-07-08T15:31:07.897+0000] {logging_mixin.py:188} INFO - [2024-07-08T15:31:07.897+0000] {dagbag.py:545} INFO - Filling up the DagBag from /home/airflow/.local/lib/python3.12/site-packages/airflow/example_dags/example_dag_decorator.py
[2024-07-08T15:31:08.165+0000] {processor.py:840} INFO - DAG(s) 'example_dag_decorator' retrieved from /home/airflow/.local/lib/python3.12/site-packages/airflow/example_dags/example_dag_decorator.py
[2024-07-08T15:31:08.530+0000] {logging_mixin.py:188} INFO - [2024-07-08T15:31:08.530+0000] {dag.py:3096} INFO - Sync 1 DAGs
[2024-07-08T15:31:08.552+0000] {logging_mixin.py:188} INFO - [2024-07-08T15:31:08.552+0000] {dag.py:3954} INFO - Setting next_dagrun for example_dag_decorator to None, run_after=None
[2024-07-08T15:31:08.594+0000] {processor.py:183} INFO - Processing /home/airflow/.local/lib/python3.12/site-packages/airflow/example_dags/example_dag_decorator.py took 0.706 seconds
[2024-07-08T15:31:39.053+0000] {processor.py:161} INFO - Started process (PID=2137) to work on /home/airflow/.local/lib/python3.12/site-packages/airflow/example_dags/example_dag_decorator.py
[2024-07-08T15:31:39.056+0000] {processor.py:830} INFO - Processing file /home/airflow/.local/lib/python3.12/site-packages/airflow/example_dags/example_dag_decorator.py for tasks to queue
[2024-07-08T15:31:39.058+0000] {logging_mixin.py:188} INFO - [2024-07-08T15:31:39.057+0000] {dagbag.py:545} INFO - Filling up the DagBag from /home/airflow/.local/lib/python3.12/site-packages/airflow/example_dags/example_dag_decorator.py
[2024-07-08T15:31:39.494+0000] {processor.py:840} INFO - DAG(s) 'example_dag_decorator' retrieved from /home/airflow/.local/lib/python3.12/site-packages/airflow/example_dags/example_dag_decorator.py
[2024-07-08T15:31:39.850+0000] {logging_mixin.py:188} INFO - [2024-07-08T15:31:39.850+0000] {dag.py:3096} INFO - Sync 1 DAGs
[2024-07-08T15:31:39.874+0000] {logging_mixin.py:188} INFO - [2024-07-08T15:31:39.873+0000] {dag.py:3954} INFO - Setting next_dagrun for example_dag_decorator to None, run_after=None
[2024-07-08T15:31:39.921+0000] {processor.py:183} INFO - Processing /home/airflow/.local/lib/python3.12/site-packages/airflow/example_dags/example_dag_decorator.py took 0.880 seconds
[2024-07-08T15:32:10.125+0000] {processor.py:161} INFO - Started process (PID=2199) to work on /home/airflow/.local/lib/python3.12/site-packages/airflow/example_dags/example_dag_decorator.py
[2024-07-08T15:32:10.130+0000] {processor.py:830} INFO - Processing file /home/airflow/.local/lib/python3.12/site-packages/airflow/example_dags/example_dag_decorator.py for tasks to queue
[2024-07-08T15:32:10.133+0000] {logging_mixin.py:188} INFO - [2024-07-08T15:32:10.132+0000] {dagbag.py:545} INFO - Filling up the DagBag from /home/airflow/.local/lib/python3.12/site-packages/airflow/example_dags/example_dag_decorator.py
[2024-07-08T15:32:10.469+0000] {processor.py:840} INFO - DAG(s) 'example_dag_decorator' retrieved from /home/airflow/.local/lib/python3.12/site-packages/airflow/example_dags/example_dag_decorator.py
[2024-07-08T15:32:10.969+0000] {logging_mixin.py:188} INFO - [2024-07-08T15:32:10.969+0000] {dag.py:3096} INFO - Sync 1 DAGs
[2024-07-08T15:32:10.999+0000] {logging_mixin.py:188} INFO - [2024-07-08T15:32:10.998+0000] {dag.py:3954} INFO - Setting next_dagrun for example_dag_decorator to None, run_after=None
[2024-07-08T15:32:11.035+0000] {processor.py:183} INFO - Processing /home/airflow/.local/lib/python3.12/site-packages/airflow/example_dags/example_dag_decorator.py took 0.918 seconds
[2024-07-08T15:33:55.822+0000] {processor.py:161} INFO - Started process (PID=2263) to work on /home/airflow/.local/lib/python3.12/site-packages/airflow/example_dags/example_dag_decorator.py
[2024-07-08T15:33:55.828+0000] {processor.py:830} INFO - Processing file /home/airflow/.local/lib/python3.12/site-packages/airflow/example_dags/example_dag_decorator.py for tasks to queue
[2024-07-08T15:33:55.844+0000] {logging_mixin.py:188} INFO - [2024-07-08T15:33:55.832+0000] {dagbag.py:545} INFO - Filling up the DagBag from /home/airflow/.local/lib/python3.12/site-packages/airflow/example_dags/example_dag_decorator.py
[2024-07-08T15:34:02.479+0000] {processor.py:840} INFO - DAG(s) 'example_dag_decorator' retrieved from /home/airflow/.local/lib/python3.12/site-packages/airflow/example_dags/example_dag_decorator.py
[2024-07-08T15:40:14.293+0000] {processor.py:161} INFO - Started process (PID=2379) to work on /home/airflow/.local/lib/python3.12/site-packages/airflow/example_dags/example_dag_decorator.py
[2024-07-08T15:40:14.303+0000] {processor.py:830} INFO - Processing file /home/airflow/.local/lib/python3.12/site-packages/airflow/example_dags/example_dag_decorator.py for tasks to queue
[2024-07-08T15:40:14.313+0000] {logging_mixin.py:188} INFO - [2024-07-08T15:40:14.305+0000] {dagbag.py:545} INFO - Filling up the DagBag from /home/airflow/.local/lib/python3.12/site-packages/airflow/example_dags/example_dag_decorator.py
[2024-07-08T15:41:17.251+0000] {logging_mixin.py:188} INFO - [2024-07-08T15:40:55.566+0000] {timeout.py:68} ERROR - Process timed out, PID: 2379
[2024-07-08T15:42:13.842+0000] {processor.py:161} INFO - Started process (PID=2409) to work on /home/airflow/.local/lib/python3.12/site-packages/airflow/example_dags/example_dag_decorator.py
[2024-07-08T15:42:13.844+0000] {processor.py:830} INFO - Processing file /home/airflow/.local/lib/python3.12/site-packages/airflow/example_dags/example_dag_decorator.py for tasks to queue
[2024-07-08T15:42:13.847+0000] {logging_mixin.py:188} INFO - [2024-07-08T15:42:13.846+0000] {dagbag.py:545} INFO - Filling up the DagBag from /home/airflow/.local/lib/python3.12/site-packages/airflow/example_dags/example_dag_decorator.py
[2024-07-08T15:42:14.810+0000] {processor.py:840} INFO - DAG(s) 'example_dag_decorator' retrieved from /home/airflow/.local/lib/python3.12/site-packages/airflow/example_dags/example_dag_decorator.py
[2024-07-08T15:42:15.260+0000] {logging_mixin.py:188} INFO - [2024-07-08T15:42:15.260+0000] {dag.py:3096} INFO - Sync 1 DAGs
[2024-07-08T15:42:15.299+0000] {logging_mixin.py:188} INFO - [2024-07-08T15:42:15.298+0000] {dag.py:3954} INFO - Setting next_dagrun for example_dag_decorator to None, run_after=None
[2024-07-08T15:42:15.374+0000] {processor.py:183} INFO - Processing /home/airflow/.local/lib/python3.12/site-packages/airflow/example_dags/example_dag_decorator.py took 1.562 seconds
[2024-07-08T15:42:45.842+0000] {processor.py:161} INFO - Started process (PID=2473) to work on /home/airflow/.local/lib/python3.12/site-packages/airflow/example_dags/example_dag_decorator.py
[2024-07-08T15:42:45.845+0000] {processor.py:830} INFO - Processing file /home/airflow/.local/lib/python3.12/site-packages/airflow/example_dags/example_dag_decorator.py for tasks to queue
[2024-07-08T15:42:45.849+0000] {logging_mixin.py:188} INFO - [2024-07-08T15:42:45.848+0000] {dagbag.py:545} INFO - Filling up the DagBag from /home/airflow/.local/lib/python3.12/site-packages/airflow/example_dags/example_dag_decorator.py
[2024-07-08T15:42:46.215+0000] {processor.py:840} INFO - DAG(s) 'example_dag_decorator' retrieved from /home/airflow/.local/lib/python3.12/site-packages/airflow/example_dags/example_dag_decorator.py
[2024-07-08T15:42:46.436+0000] {logging_mixin.py:188} INFO - [2024-07-08T15:42:46.436+0000] {dag.py:3096} INFO - Sync 1 DAGs
[2024-07-08T15:42:46.454+0000] {logging_mixin.py:188} INFO - [2024-07-08T15:42:46.453+0000] {dag.py:3954} INFO - Setting next_dagrun for example_dag_decorator to None, run_after=None
[2024-07-08T15:42:46.489+0000] {processor.py:183} INFO - Processing /home/airflow/.local/lib/python3.12/site-packages/airflow/example_dags/example_dag_decorator.py took 0.668 seconds
[2024-07-08T15:43:16.618+0000] {processor.py:161} INFO - Started process (PID=2535) to work on /home/airflow/.local/lib/python3.12/site-packages/airflow/example_dags/example_dag_decorator.py
[2024-07-08T15:43:16.620+0000] {processor.py:830} INFO - Processing file /home/airflow/.local/lib/python3.12/site-packages/airflow/example_dags/example_dag_decorator.py for tasks to queue
[2024-07-08T15:43:16.621+0000] {logging_mixin.py:188} INFO - [2024-07-08T15:43:16.621+0000] {dagbag.py:545} INFO - Filling up the DagBag from /home/airflow/.local/lib/python3.12/site-packages/airflow/example_dags/example_dag_decorator.py
[2024-07-08T15:43:16.740+0000] {processor.py:840} INFO - DAG(s) 'example_dag_decorator' retrieved from /home/airflow/.local/lib/python3.12/site-packages/airflow/example_dags/example_dag_decorator.py
[2024-07-08T15:43:16.860+0000] {logging_mixin.py:188} INFO - [2024-07-08T15:43:16.860+0000] {dag.py:3096} INFO - Sync 1 DAGs
[2024-07-08T15:43:16.871+0000] {logging_mixin.py:188} INFO - [2024-07-08T15:43:16.871+0000] {dag.py:3954} INFO - Setting next_dagrun for example_dag_decorator to None, run_after=None
[2024-07-08T15:43:16.898+0000] {processor.py:183} INFO - Processing /home/airflow/.local/lib/python3.12/site-packages/airflow/example_dags/example_dag_decorator.py took 0.286 seconds
[2024-07-08T15:43:47.921+0000] {processor.py:161} INFO - Started process (PID=2595) to work on /home/airflow/.local/lib/python3.12/site-packages/airflow/example_dags/example_dag_decorator.py
[2024-07-08T15:43:47.922+0000] {processor.py:830} INFO - Processing file /home/airflow/.local/lib/python3.12/site-packages/airflow/example_dags/example_dag_decorator.py for tasks to queue
[2024-07-08T15:43:47.924+0000] {logging_mixin.py:188} INFO - [2024-07-08T15:43:47.923+0000] {dagbag.py:545} INFO - Filling up the DagBag from /home/airflow/.local/lib/python3.12/site-packages/airflow/example_dags/example_dag_decorator.py
[2024-07-08T15:43:48.073+0000] {processor.py:840} INFO - DAG(s) 'example_dag_decorator' retrieved from /home/airflow/.local/lib/python3.12/site-packages/airflow/example_dags/example_dag_decorator.py
[2024-07-08T15:43:48.204+0000] {logging_mixin.py:188} INFO - [2024-07-08T15:43:48.204+0000] {dag.py:3096} INFO - Sync 1 DAGs
[2024-07-08T15:43:48.215+0000] {logging_mixin.py:188} INFO - [2024-07-08T15:43:48.215+0000] {dag.py:3954} INFO - Setting next_dagrun for example_dag_decorator to None, run_after=None
[2024-07-08T15:43:48.241+0000] {processor.py:183} INFO - Processing /home/airflow/.local/lib/python3.12/site-packages/airflow/example_dags/example_dag_decorator.py took 0.326 seconds
