[2024-07-08T15:07:55.615+0000] {processor.py:161} INFO - Started process (PID=74) to work on /home/airflow/.local/lib/python3.12/site-packages/airflow/example_dags/example_branch_python_dop_operator_3.py
[2024-07-08T15:07:55.618+0000] {processor.py:830} INFO - Processing file /home/airflow/.local/lib/python3.12/site-packages/airflow/example_dags/example_branch_python_dop_operator_3.py for tasks to queue
[2024-07-08T15:07:55.644+0000] {logging_mixin.py:188} INFO - [2024-07-08T15:07:55.628+0000] {dagbag.py:545} INFO - Filling up the DagBag from /home/airflow/.local/lib/python3.12/site-packages/airflow/example_dags/example_branch_python_dop_operator_3.py
[2024-07-08T15:07:55.661+0000] {processor.py:840} INFO - DAG(s) 'example_branch_dop_operator_v3' retrieved from /home/airflow/.local/lib/python3.12/site-packages/airflow/example_dags/example_branch_python_dop_operator_3.py
[2024-07-08T15:07:56.298+0000] {logging_mixin.py:188} INFO - [2024-07-08T15:07:56.298+0000] {dag.py:3096} INFO - Sync 1 DAGs
[2024-07-08T15:07:56.589+0000] {logging_mixin.py:188} INFO - [2024-07-08T15:07:56.588+0000] {dag.py:3954} INFO - Setting next_dagrun for example_branch_dop_operator_v3 to 2024-07-08 15:06:00+00:00, run_after=2024-07-08 15:07:00+00:00
[2024-07-08T15:07:56.734+0000] {processor.py:183} INFO - Processing /home/airflow/.local/lib/python3.12/site-packages/airflow/example_dags/example_branch_python_dop_operator_3.py took 1.130 seconds
[2024-07-08T15:08:27.490+0000] {processor.py:161} INFO - Started process (PID=131) to work on /home/airflow/.local/lib/python3.12/site-packages/airflow/example_dags/example_branch_python_dop_operator_3.py
[2024-07-08T15:08:27.494+0000] {processor.py:830} INFO - Processing file /home/airflow/.local/lib/python3.12/site-packages/airflow/example_dags/example_branch_python_dop_operator_3.py for tasks to queue
[2024-07-08T15:08:27.513+0000] {logging_mixin.py:188} INFO - [2024-07-08T15:08:27.512+0000] {dagbag.py:545} INFO - Filling up the DagBag from /home/airflow/.local/lib/python3.12/site-packages/airflow/example_dags/example_branch_python_dop_operator_3.py
[2024-07-08T15:08:27.538+0000] {processor.py:840} INFO - DAG(s) 'example_branch_dop_operator_v3' retrieved from /home/airflow/.local/lib/python3.12/site-packages/airflow/example_dags/example_branch_python_dop_operator_3.py
[2024-07-08T15:08:27.571+0000] {logging_mixin.py:188} INFO - [2024-07-08T15:08:27.570+0000] {dag.py:3096} INFO - Sync 1 DAGs
[2024-07-08T15:08:27.629+0000] {logging_mixin.py:188} INFO - [2024-07-08T15:08:27.629+0000] {dag.py:3954} INFO - Setting next_dagrun for example_branch_dop_operator_v3 to 2024-07-08 15:07:00+00:00, run_after=2024-07-08 15:08:00+00:00
[2024-07-08T15:08:27.676+0000] {processor.py:183} INFO - Processing /home/airflow/.local/lib/python3.12/site-packages/airflow/example_dags/example_branch_python_dop_operator_3.py took 0.197 seconds
[2024-07-08T15:08:57.849+0000] {processor.py:161} INFO - Started process (PID=189) to work on /home/airflow/.local/lib/python3.12/site-packages/airflow/example_dags/example_branch_python_dop_operator_3.py
[2024-07-08T15:08:57.852+0000] {processor.py:830} INFO - Processing file /home/airflow/.local/lib/python3.12/site-packages/airflow/example_dags/example_branch_python_dop_operator_3.py for tasks to queue
[2024-07-08T15:08:57.854+0000] {logging_mixin.py:188} INFO - [2024-07-08T15:08:57.854+0000] {dagbag.py:545} INFO - Filling up the DagBag from /home/airflow/.local/lib/python3.12/site-packages/airflow/example_dags/example_branch_python_dop_operator_3.py
[2024-07-08T15:08:57.867+0000] {processor.py:840} INFO - DAG(s) 'example_branch_dop_operator_v3' retrieved from /home/airflow/.local/lib/python3.12/site-packages/airflow/example_dags/example_branch_python_dop_operator_3.py
[2024-07-08T15:08:57.896+0000] {logging_mixin.py:188} INFO - [2024-07-08T15:08:57.896+0000] {dag.py:3096} INFO - Sync 1 DAGs
[2024-07-08T15:08:57.943+0000] {logging_mixin.py:188} INFO - [2024-07-08T15:08:57.942+0000] {dag.py:3954} INFO - Setting next_dagrun for example_branch_dop_operator_v3 to 2024-07-08 15:07:00+00:00, run_after=2024-07-08 15:08:00+00:00
[2024-07-08T15:08:57.977+0000] {processor.py:183} INFO - Processing /home/airflow/.local/lib/python3.12/site-packages/airflow/example_dags/example_branch_python_dop_operator_3.py took 0.137 seconds
[2024-07-08T15:09:28.155+0000] {processor.py:161} INFO - Started process (PID=247) to work on /home/airflow/.local/lib/python3.12/site-packages/airflow/example_dags/example_branch_python_dop_operator_3.py
[2024-07-08T15:09:28.156+0000] {processor.py:830} INFO - Processing file /home/airflow/.local/lib/python3.12/site-packages/airflow/example_dags/example_branch_python_dop_operator_3.py for tasks to queue
[2024-07-08T15:09:28.159+0000] {logging_mixin.py:188} INFO - [2024-07-08T15:09:28.159+0000] {dagbag.py:545} INFO - Filling up the DagBag from /home/airflow/.local/lib/python3.12/site-packages/airflow/example_dags/example_branch_python_dop_operator_3.py
[2024-07-08T15:09:28.172+0000] {processor.py:840} INFO - DAG(s) 'example_branch_dop_operator_v3' retrieved from /home/airflow/.local/lib/python3.12/site-packages/airflow/example_dags/example_branch_python_dop_operator_3.py
[2024-07-08T15:09:28.196+0000] {logging_mixin.py:188} INFO - [2024-07-08T15:09:28.196+0000] {dag.py:3096} INFO - Sync 1 DAGs
[2024-07-08T15:09:28.228+0000] {logging_mixin.py:188} INFO - [2024-07-08T15:09:28.227+0000] {dag.py:3954} INFO - Setting next_dagrun for example_branch_dop_operator_v3 to 2024-07-08 15:08:00+00:00, run_after=2024-07-08 15:09:00+00:00
[2024-07-08T15:09:28.260+0000] {processor.py:183} INFO - Processing /home/airflow/.local/lib/python3.12/site-packages/airflow/example_dags/example_branch_python_dop_operator_3.py took 0.113 seconds
[2024-07-08T15:09:58.929+0000] {processor.py:161} INFO - Started process (PID=305) to work on /home/airflow/.local/lib/python3.12/site-packages/airflow/example_dags/example_branch_python_dop_operator_3.py
[2024-07-08T15:09:58.931+0000] {processor.py:830} INFO - Processing file /home/airflow/.local/lib/python3.12/site-packages/airflow/example_dags/example_branch_python_dop_operator_3.py for tasks to queue
[2024-07-08T15:09:58.934+0000] {logging_mixin.py:188} INFO - [2024-07-08T15:09:58.933+0000] {dagbag.py:545} INFO - Filling up the DagBag from /home/airflow/.local/lib/python3.12/site-packages/airflow/example_dags/example_branch_python_dop_operator_3.py
[2024-07-08T15:09:58.947+0000] {processor.py:840} INFO - DAG(s) 'example_branch_dop_operator_v3' retrieved from /home/airflow/.local/lib/python3.12/site-packages/airflow/example_dags/example_branch_python_dop_operator_3.py
[2024-07-08T15:09:58.975+0000] {logging_mixin.py:188} INFO - [2024-07-08T15:09:58.975+0000] {dag.py:3096} INFO - Sync 1 DAGs
[2024-07-08T15:09:59.044+0000] {logging_mixin.py:188} INFO - [2024-07-08T15:09:59.044+0000] {dag.py:3954} INFO - Setting next_dagrun for example_branch_dop_operator_v3 to 2024-07-08 15:08:00+00:00, run_after=2024-07-08 15:09:00+00:00
[2024-07-08T15:09:59.123+0000] {processor.py:183} INFO - Processing /home/airflow/.local/lib/python3.12/site-packages/airflow/example_dags/example_branch_python_dop_operator_3.py took 0.202 seconds
[2024-07-08T15:10:30.149+0000] {processor.py:161} INFO - Started process (PID=362) to work on /home/airflow/.local/lib/python3.12/site-packages/airflow/example_dags/example_branch_python_dop_operator_3.py
[2024-07-08T15:10:30.150+0000] {processor.py:830} INFO - Processing file /home/airflow/.local/lib/python3.12/site-packages/airflow/example_dags/example_branch_python_dop_operator_3.py for tasks to queue
[2024-07-08T15:10:30.153+0000] {logging_mixin.py:188} INFO - [2024-07-08T15:10:30.153+0000] {dagbag.py:545} INFO - Filling up the DagBag from /home/airflow/.local/lib/python3.12/site-packages/airflow/example_dags/example_branch_python_dop_operator_3.py
[2024-07-08T15:10:30.163+0000] {processor.py:840} INFO - DAG(s) 'example_branch_dop_operator_v3' retrieved from /home/airflow/.local/lib/python3.12/site-packages/airflow/example_dags/example_branch_python_dop_operator_3.py
[2024-07-08T15:10:30.185+0000] {logging_mixin.py:188} INFO - [2024-07-08T15:10:30.184+0000] {dag.py:3096} INFO - Sync 1 DAGs
[2024-07-08T15:10:30.216+0000] {logging_mixin.py:188} INFO - [2024-07-08T15:10:30.216+0000] {dag.py:3954} INFO - Setting next_dagrun for example_branch_dop_operator_v3 to 2024-07-08 15:09:00+00:00, run_after=2024-07-08 15:10:00+00:00
[2024-07-08T15:10:30.254+0000] {processor.py:183} INFO - Processing /home/airflow/.local/lib/python3.12/site-packages/airflow/example_dags/example_branch_python_dop_operator_3.py took 0.115 seconds
[2024-07-08T15:11:00.617+0000] {processor.py:161} INFO - Started process (PID=420) to work on /home/airflow/.local/lib/python3.12/site-packages/airflow/example_dags/example_branch_python_dop_operator_3.py
[2024-07-08T15:11:00.619+0000] {processor.py:830} INFO - Processing file /home/airflow/.local/lib/python3.12/site-packages/airflow/example_dags/example_branch_python_dop_operator_3.py for tasks to queue
[2024-07-08T15:11:00.622+0000] {logging_mixin.py:188} INFO - [2024-07-08T15:11:00.621+0000] {dagbag.py:545} INFO - Filling up the DagBag from /home/airflow/.local/lib/python3.12/site-packages/airflow/example_dags/example_branch_python_dop_operator_3.py
[2024-07-08T15:11:00.633+0000] {processor.py:840} INFO - DAG(s) 'example_branch_dop_operator_v3' retrieved from /home/airflow/.local/lib/python3.12/site-packages/airflow/example_dags/example_branch_python_dop_operator_3.py
[2024-07-08T15:11:00.656+0000] {logging_mixin.py:188} INFO - [2024-07-08T15:11:00.656+0000] {dag.py:3096} INFO - Sync 1 DAGs
[2024-07-08T15:11:00.688+0000] {logging_mixin.py:188} INFO - [2024-07-08T15:11:00.688+0000] {dag.py:3954} INFO - Setting next_dagrun for example_branch_dop_operator_v3 to 2024-07-08 15:10:00+00:00, run_after=2024-07-08 15:11:00+00:00
[2024-07-08T15:11:00.722+0000] {processor.py:183} INFO - Processing /home/airflow/.local/lib/python3.12/site-packages/airflow/example_dags/example_branch_python_dop_operator_3.py took 0.112 seconds
[2024-07-08T15:11:31.607+0000] {processor.py:161} INFO - Started process (PID=478) to work on /home/airflow/.local/lib/python3.12/site-packages/airflow/example_dags/example_branch_python_dop_operator_3.py
[2024-07-08T15:11:31.608+0000] {processor.py:830} INFO - Processing file /home/airflow/.local/lib/python3.12/site-packages/airflow/example_dags/example_branch_python_dop_operator_3.py for tasks to queue
[2024-07-08T15:11:31.611+0000] {logging_mixin.py:188} INFO - [2024-07-08T15:11:31.610+0000] {dagbag.py:545} INFO - Filling up the DagBag from /home/airflow/.local/lib/python3.12/site-packages/airflow/example_dags/example_branch_python_dop_operator_3.py
[2024-07-08T15:11:31.627+0000] {processor.py:840} INFO - DAG(s) 'example_branch_dop_operator_v3' retrieved from /home/airflow/.local/lib/python3.12/site-packages/airflow/example_dags/example_branch_python_dop_operator_3.py
[2024-07-08T15:11:31.649+0000] {logging_mixin.py:188} INFO - [2024-07-08T15:11:31.649+0000] {dag.py:3096} INFO - Sync 1 DAGs
[2024-07-08T15:11:31.683+0000] {logging_mixin.py:188} INFO - [2024-07-08T15:11:31.682+0000] {dag.py:3954} INFO - Setting next_dagrun for example_branch_dop_operator_v3 to 2024-07-08 15:10:00+00:00, run_after=2024-07-08 15:11:00+00:00
[2024-07-08T15:11:31.712+0000] {processor.py:183} INFO - Processing /home/airflow/.local/lib/python3.12/site-packages/airflow/example_dags/example_branch_python_dop_operator_3.py took 0.115 seconds
[2024-07-08T15:12:01.937+0000] {processor.py:161} INFO - Started process (PID=535) to work on /home/airflow/.local/lib/python3.12/site-packages/airflow/example_dags/example_branch_python_dop_operator_3.py
[2024-07-08T15:12:01.939+0000] {processor.py:830} INFO - Processing file /home/airflow/.local/lib/python3.12/site-packages/airflow/example_dags/example_branch_python_dop_operator_3.py for tasks to queue
[2024-07-08T15:12:01.942+0000] {logging_mixin.py:188} INFO - [2024-07-08T15:12:01.942+0000] {dagbag.py:545} INFO - Filling up the DagBag from /home/airflow/.local/lib/python3.12/site-packages/airflow/example_dags/example_branch_python_dop_operator_3.py
[2024-07-08T15:12:01.962+0000] {processor.py:840} INFO - DAG(s) 'example_branch_dop_operator_v3' retrieved from /home/airflow/.local/lib/python3.12/site-packages/airflow/example_dags/example_branch_python_dop_operator_3.py
[2024-07-08T15:12:02.001+0000] {logging_mixin.py:188} INFO - [2024-07-08T15:12:02.000+0000] {dag.py:3096} INFO - Sync 1 DAGs
[2024-07-08T15:12:02.051+0000] {logging_mixin.py:188} INFO - [2024-07-08T15:12:02.049+0000] {dag.py:3954} INFO - Setting next_dagrun for example_branch_dop_operator_v3 to 2024-07-08 15:11:00+00:00, run_after=2024-07-08 15:12:00+00:00
[2024-07-08T15:12:02.106+0000] {processor.py:183} INFO - Processing /home/airflow/.local/lib/python3.12/site-packages/airflow/example_dags/example_branch_python_dop_operator_3.py took 0.182 seconds
[2024-07-08T15:12:32.713+0000] {processor.py:161} INFO - Started process (PID=593) to work on /home/airflow/.local/lib/python3.12/site-packages/airflow/example_dags/example_branch_python_dop_operator_3.py
[2024-07-08T15:12:32.715+0000] {processor.py:830} INFO - Processing file /home/airflow/.local/lib/python3.12/site-packages/airflow/example_dags/example_branch_python_dop_operator_3.py for tasks to queue
[2024-07-08T15:12:32.718+0000] {logging_mixin.py:188} INFO - [2024-07-08T15:12:32.718+0000] {dagbag.py:545} INFO - Filling up the DagBag from /home/airflow/.local/lib/python3.12/site-packages/airflow/example_dags/example_branch_python_dop_operator_3.py
[2024-07-08T15:12:32.732+0000] {processor.py:840} INFO - DAG(s) 'example_branch_dop_operator_v3' retrieved from /home/airflow/.local/lib/python3.12/site-packages/airflow/example_dags/example_branch_python_dop_operator_3.py
[2024-07-08T15:12:32.759+0000] {logging_mixin.py:188} INFO - [2024-07-08T15:12:32.759+0000] {dag.py:3096} INFO - Sync 1 DAGs
[2024-07-08T15:12:32.795+0000] {logging_mixin.py:188} INFO - [2024-07-08T15:12:32.794+0000] {dag.py:3954} INFO - Setting next_dagrun for example_branch_dop_operator_v3 to 2024-07-08 15:11:00+00:00, run_after=2024-07-08 15:12:00+00:00
[2024-07-08T15:12:32.835+0000] {processor.py:183} INFO - Processing /home/airflow/.local/lib/python3.12/site-packages/airflow/example_dags/example_branch_python_dop_operator_3.py took 0.130 seconds
[2024-07-08T15:13:03.083+0000] {processor.py:161} INFO - Started process (PID=652) to work on /home/airflow/.local/lib/python3.12/site-packages/airflow/example_dags/example_branch_python_dop_operator_3.py
[2024-07-08T15:13:03.084+0000] {processor.py:830} INFO - Processing file /home/airflow/.local/lib/python3.12/site-packages/airflow/example_dags/example_branch_python_dop_operator_3.py for tasks to queue
[2024-07-08T15:13:03.087+0000] {logging_mixin.py:188} INFO - [2024-07-08T15:13:03.087+0000] {dagbag.py:545} INFO - Filling up the DagBag from /home/airflow/.local/lib/python3.12/site-packages/airflow/example_dags/example_branch_python_dop_operator_3.py
[2024-07-08T15:13:03.101+0000] {processor.py:840} INFO - DAG(s) 'example_branch_dop_operator_v3' retrieved from /home/airflow/.local/lib/python3.12/site-packages/airflow/example_dags/example_branch_python_dop_operator_3.py
[2024-07-08T15:13:03.130+0000] {logging_mixin.py:188} INFO - [2024-07-08T15:13:03.130+0000] {dag.py:3096} INFO - Sync 1 DAGs
[2024-07-08T15:13:03.169+0000] {logging_mixin.py:188} INFO - [2024-07-08T15:13:03.169+0000] {dag.py:3954} INFO - Setting next_dagrun for example_branch_dop_operator_v3 to 2024-07-08 15:12:00+00:00, run_after=2024-07-08 15:13:00+00:00
[2024-07-08T15:13:03.203+0000] {processor.py:183} INFO - Processing /home/airflow/.local/lib/python3.12/site-packages/airflow/example_dags/example_branch_python_dop_operator_3.py took 0.130 seconds
[2024-07-08T15:13:33.767+0000] {processor.py:161} INFO - Started process (PID=710) to work on /home/airflow/.local/lib/python3.12/site-packages/airflow/example_dags/example_branch_python_dop_operator_3.py
[2024-07-08T15:13:33.776+0000] {processor.py:830} INFO - Processing file /home/airflow/.local/lib/python3.12/site-packages/airflow/example_dags/example_branch_python_dop_operator_3.py for tasks to queue
[2024-07-08T15:13:33.778+0000] {logging_mixin.py:188} INFO - [2024-07-08T15:13:33.778+0000] {dagbag.py:545} INFO - Filling up the DagBag from /home/airflow/.local/lib/python3.12/site-packages/airflow/example_dags/example_branch_python_dop_operator_3.py
[2024-07-08T15:13:33.793+0000] {processor.py:840} INFO - DAG(s) 'example_branch_dop_operator_v3' retrieved from /home/airflow/.local/lib/python3.12/site-packages/airflow/example_dags/example_branch_python_dop_operator_3.py
[2024-07-08T15:13:33.819+0000] {logging_mixin.py:188} INFO - [2024-07-08T15:13:33.818+0000] {dag.py:3096} INFO - Sync 1 DAGs
[2024-07-08T15:13:33.868+0000] {logging_mixin.py:188} INFO - [2024-07-08T15:13:33.868+0000] {dag.py:3954} INFO - Setting next_dagrun for example_branch_dop_operator_v3 to 2024-07-08 15:12:00+00:00, run_after=2024-07-08 15:13:00+00:00
[2024-07-08T15:13:33.987+0000] {processor.py:183} INFO - Processing /home/airflow/.local/lib/python3.12/site-packages/airflow/example_dags/example_branch_python_dop_operator_3.py took 0.228 seconds
[2024-07-08T15:16:14.066+0000] {processor.py:161} INFO - Started process (PID=776) to work on /home/airflow/.local/lib/python3.12/site-packages/airflow/example_dags/example_branch_python_dop_operator_3.py
[2024-07-08T15:16:14.067+0000] {processor.py:830} INFO - Processing file /home/airflow/.local/lib/python3.12/site-packages/airflow/example_dags/example_branch_python_dop_operator_3.py for tasks to queue
[2024-07-08T15:16:14.069+0000] {logging_mixin.py:188} INFO - [2024-07-08T15:16:14.068+0000] {dagbag.py:545} INFO - Filling up the DagBag from /home/airflow/.local/lib/python3.12/site-packages/airflow/example_dags/example_branch_python_dop_operator_3.py
[2024-07-08T15:16:14.090+0000] {processor.py:840} INFO - DAG(s) 'example_branch_dop_operator_v3' retrieved from /home/airflow/.local/lib/python3.12/site-packages/airflow/example_dags/example_branch_python_dop_operator_3.py
[2024-07-08T15:16:14.121+0000] {logging_mixin.py:188} INFO - [2024-07-08T15:16:14.120+0000] {dag.py:3096} INFO - Sync 1 DAGs
[2024-07-08T15:16:14.149+0000] {logging_mixin.py:188} INFO - [2024-07-08T15:16:14.149+0000] {dag.py:3954} INFO - Setting next_dagrun for example_branch_dop_operator_v3 to 2024-07-08 15:15:00+00:00, run_after=2024-07-08 15:16:00+00:00
[2024-07-08T15:16:14.181+0000] {processor.py:183} INFO - Processing /home/airflow/.local/lib/python3.12/site-packages/airflow/example_dags/example_branch_python_dop_operator_3.py took 0.125 seconds
[2024-07-08T15:16:45.998+0000] {processor.py:161} INFO - Started process (PID=834) to work on /home/airflow/.local/lib/python3.12/site-packages/airflow/example_dags/example_branch_python_dop_operator_3.py
[2024-07-08T15:16:46.001+0000] {processor.py:830} INFO - Processing file /home/airflow/.local/lib/python3.12/site-packages/airflow/example_dags/example_branch_python_dop_operator_3.py for tasks to queue
[2024-07-08T15:16:46.006+0000] {logging_mixin.py:188} INFO - [2024-07-08T15:16:46.006+0000] {dagbag.py:545} INFO - Filling up the DagBag from /home/airflow/.local/lib/python3.12/site-packages/airflow/example_dags/example_branch_python_dop_operator_3.py
[2024-07-08T15:16:46.044+0000] {processor.py:840} INFO - DAG(s) 'example_branch_dop_operator_v3' retrieved from /home/airflow/.local/lib/python3.12/site-packages/airflow/example_dags/example_branch_python_dop_operator_3.py
[2024-07-08T15:16:46.165+0000] {logging_mixin.py:188} INFO - [2024-07-08T15:16:46.164+0000] {dag.py:3096} INFO - Sync 1 DAGs
[2024-07-08T15:16:46.237+0000] {logging_mixin.py:188} INFO - [2024-07-08T15:16:46.237+0000] {dag.py:3954} INFO - Setting next_dagrun for example_branch_dop_operator_v3 to 2024-07-08 15:15:00+00:00, run_after=2024-07-08 15:16:00+00:00
[2024-07-08T15:16:46.272+0000] {processor.py:183} INFO - Processing /home/airflow/.local/lib/python3.12/site-packages/airflow/example_dags/example_branch_python_dop_operator_3.py took 0.291 seconds
[2024-07-08T15:17:17.755+0000] {processor.py:161} INFO - Started process (PID=892) to work on /home/airflow/.local/lib/python3.12/site-packages/airflow/example_dags/example_branch_python_dop_operator_3.py
[2024-07-08T15:17:17.768+0000] {processor.py:830} INFO - Processing file /home/airflow/.local/lib/python3.12/site-packages/airflow/example_dags/example_branch_python_dop_operator_3.py for tasks to queue
[2024-07-08T15:17:17.777+0000] {logging_mixin.py:188} INFO - [2024-07-08T15:17:17.776+0000] {dagbag.py:545} INFO - Filling up the DagBag from /home/airflow/.local/lib/python3.12/site-packages/airflow/example_dags/example_branch_python_dop_operator_3.py
[2024-07-08T15:17:17.825+0000] {processor.py:840} INFO - DAG(s) 'example_branch_dop_operator_v3' retrieved from /home/airflow/.local/lib/python3.12/site-packages/airflow/example_dags/example_branch_python_dop_operator_3.py
[2024-07-08T15:17:17.874+0000] {logging_mixin.py:188} INFO - [2024-07-08T15:17:17.874+0000] {dag.py:3096} INFO - Sync 1 DAGs
[2024-07-08T15:17:17.928+0000] {logging_mixin.py:188} INFO - [2024-07-08T15:17:17.927+0000] {dag.py:3954} INFO - Setting next_dagrun for example_branch_dop_operator_v3 to 2024-07-08 15:16:00+00:00, run_after=2024-07-08 15:17:00+00:00
[2024-07-08T15:17:17.974+0000] {processor.py:183} INFO - Processing /home/airflow/.local/lib/python3.12/site-packages/airflow/example_dags/example_branch_python_dop_operator_3.py took 0.242 seconds
[2024-07-08T15:19:02.745+0000] {processor.py:161} INFO - Started process (PID=950) to work on /home/airflow/.local/lib/python3.12/site-packages/airflow/example_dags/example_branch_python_dop_operator_3.py
[2024-07-08T15:19:02.747+0000] {processor.py:830} INFO - Processing file /home/airflow/.local/lib/python3.12/site-packages/airflow/example_dags/example_branch_python_dop_operator_3.py for tasks to queue
[2024-07-08T15:19:02.748+0000] {logging_mixin.py:188} INFO - [2024-07-08T15:19:02.748+0000] {dagbag.py:545} INFO - Filling up the DagBag from /home/airflow/.local/lib/python3.12/site-packages/airflow/example_dags/example_branch_python_dop_operator_3.py
[2024-07-08T15:19:02.759+0000] {processor.py:840} INFO - DAG(s) 'example_branch_dop_operator_v3' retrieved from /home/airflow/.local/lib/python3.12/site-packages/airflow/example_dags/example_branch_python_dop_operator_3.py
[2024-07-08T15:19:02.787+0000] {logging_mixin.py:188} INFO - [2024-07-08T15:19:02.786+0000] {dag.py:3096} INFO - Sync 1 DAGs
[2024-07-08T15:19:02.832+0000] {logging_mixin.py:188} INFO - [2024-07-08T15:19:02.831+0000] {dag.py:3954} INFO - Setting next_dagrun for example_branch_dop_operator_v3 to 2024-07-08 15:18:00+00:00, run_after=2024-07-08 15:19:00+00:00
[2024-07-08T15:19:02.885+0000] {processor.py:183} INFO - Processing /home/airflow/.local/lib/python3.12/site-packages/airflow/example_dags/example_branch_python_dop_operator_3.py took 0.146 seconds
[2024-07-08T15:19:36.425+0000] {processor.py:161} INFO - Started process (PID=1008) to work on /home/airflow/.local/lib/python3.12/site-packages/airflow/example_dags/example_branch_python_dop_operator_3.py
[2024-07-08T15:19:36.431+0000] {processor.py:830} INFO - Processing file /home/airflow/.local/lib/python3.12/site-packages/airflow/example_dags/example_branch_python_dop_operator_3.py for tasks to queue
[2024-07-08T15:19:36.434+0000] {logging_mixin.py:188} INFO - [2024-07-08T15:19:36.433+0000] {dagbag.py:545} INFO - Filling up the DagBag from /home/airflow/.local/lib/python3.12/site-packages/airflow/example_dags/example_branch_python_dop_operator_3.py
[2024-07-08T15:19:36.465+0000] {processor.py:840} INFO - DAG(s) 'example_branch_dop_operator_v3' retrieved from /home/airflow/.local/lib/python3.12/site-packages/airflow/example_dags/example_branch_python_dop_operator_3.py
[2024-07-08T15:19:36.549+0000] {logging_mixin.py:188} INFO - [2024-07-08T15:19:36.548+0000] {dag.py:3096} INFO - Sync 1 DAGs
[2024-07-08T15:19:36.651+0000] {logging_mixin.py:188} INFO - [2024-07-08T15:19:36.651+0000] {dag.py:3954} INFO - Setting next_dagrun for example_branch_dop_operator_v3 to 2024-07-08 15:18:00+00:00, run_after=2024-07-08 15:19:00+00:00
[2024-07-08T15:19:36.714+0000] {processor.py:183} INFO - Processing /home/airflow/.local/lib/python3.12/site-packages/airflow/example_dags/example_branch_python_dop_operator_3.py took 0.301 seconds
[2024-07-08T15:20:07.511+0000] {processor.py:161} INFO - Started process (PID=1066) to work on /home/airflow/.local/lib/python3.12/site-packages/airflow/example_dags/example_branch_python_dop_operator_3.py
[2024-07-08T15:20:07.513+0000] {processor.py:830} INFO - Processing file /home/airflow/.local/lib/python3.12/site-packages/airflow/example_dags/example_branch_python_dop_operator_3.py for tasks to queue
[2024-07-08T15:20:07.519+0000] {logging_mixin.py:188} INFO - [2024-07-08T15:20:07.515+0000] {dagbag.py:545} INFO - Filling up the DagBag from /home/airflow/.local/lib/python3.12/site-packages/airflow/example_dags/example_branch_python_dop_operator_3.py
[2024-07-08T15:20:07.550+0000] {processor.py:840} INFO - DAG(s) 'example_branch_dop_operator_v3' retrieved from /home/airflow/.local/lib/python3.12/site-packages/airflow/example_dags/example_branch_python_dop_operator_3.py
[2024-07-08T15:20:07.621+0000] {logging_mixin.py:188} INFO - [2024-07-08T15:20:07.620+0000] {dag.py:3096} INFO - Sync 1 DAGs
[2024-07-08T15:20:07.691+0000] {logging_mixin.py:188} INFO - [2024-07-08T15:20:07.690+0000] {dag.py:3954} INFO - Setting next_dagrun for example_branch_dop_operator_v3 to 2024-07-08 15:19:00+00:00, run_after=2024-07-08 15:20:00+00:00
[2024-07-08T15:20:07.745+0000] {processor.py:183} INFO - Processing /home/airflow/.local/lib/python3.12/site-packages/airflow/example_dags/example_branch_python_dop_operator_3.py took 0.247 seconds
[2024-07-08T15:20:38.213+0000] {processor.py:161} INFO - Started process (PID=1124) to work on /home/airflow/.local/lib/python3.12/site-packages/airflow/example_dags/example_branch_python_dop_operator_3.py
[2024-07-08T15:20:38.214+0000] {processor.py:830} INFO - Processing file /home/airflow/.local/lib/python3.12/site-packages/airflow/example_dags/example_branch_python_dop_operator_3.py for tasks to queue
[2024-07-08T15:20:38.216+0000] {logging_mixin.py:188} INFO - [2024-07-08T15:20:38.215+0000] {dagbag.py:545} INFO - Filling up the DagBag from /home/airflow/.local/lib/python3.12/site-packages/airflow/example_dags/example_branch_python_dop_operator_3.py
[2024-07-08T15:20:38.228+0000] {processor.py:840} INFO - DAG(s) 'example_branch_dop_operator_v3' retrieved from /home/airflow/.local/lib/python3.12/site-packages/airflow/example_dags/example_branch_python_dop_operator_3.py
[2024-07-08T15:20:38.258+0000] {logging_mixin.py:188} INFO - [2024-07-08T15:20:38.258+0000] {dag.py:3096} INFO - Sync 1 DAGs
[2024-07-08T15:20:38.295+0000] {logging_mixin.py:188} INFO - [2024-07-08T15:20:38.295+0000] {dag.py:3954} INFO - Setting next_dagrun for example_branch_dop_operator_v3 to 2024-07-08 15:19:00+00:00, run_after=2024-07-08 15:20:00+00:00
[2024-07-08T15:20:38.337+0000] {processor.py:183} INFO - Processing /home/airflow/.local/lib/python3.12/site-packages/airflow/example_dags/example_branch_python_dop_operator_3.py took 0.132 seconds
[2024-07-08T15:21:08.557+0000] {processor.py:161} INFO - Started process (PID=1182) to work on /home/airflow/.local/lib/python3.12/site-packages/airflow/example_dags/example_branch_python_dop_operator_3.py
[2024-07-08T15:21:08.559+0000] {processor.py:830} INFO - Processing file /home/airflow/.local/lib/python3.12/site-packages/airflow/example_dags/example_branch_python_dop_operator_3.py for tasks to queue
[2024-07-08T15:21:08.561+0000] {logging_mixin.py:188} INFO - [2024-07-08T15:21:08.560+0000] {dagbag.py:545} INFO - Filling up the DagBag from /home/airflow/.local/lib/python3.12/site-packages/airflow/example_dags/example_branch_python_dop_operator_3.py
[2024-07-08T15:21:08.573+0000] {processor.py:840} INFO - DAG(s) 'example_branch_dop_operator_v3' retrieved from /home/airflow/.local/lib/python3.12/site-packages/airflow/example_dags/example_branch_python_dop_operator_3.py
[2024-07-08T15:21:08.603+0000] {logging_mixin.py:188} INFO - [2024-07-08T15:21:08.603+0000] {dag.py:3096} INFO - Sync 1 DAGs
[2024-07-08T15:21:08.646+0000] {logging_mixin.py:188} INFO - [2024-07-08T15:21:08.645+0000] {dag.py:3954} INFO - Setting next_dagrun for example_branch_dop_operator_v3 to 2024-07-08 15:20:00+00:00, run_after=2024-07-08 15:21:00+00:00
[2024-07-08T15:21:08.673+0000] {processor.py:183} INFO - Processing /home/airflow/.local/lib/python3.12/site-packages/airflow/example_dags/example_branch_python_dop_operator_3.py took 0.123 seconds
[2024-07-08T15:21:39.476+0000] {processor.py:161} INFO - Started process (PID=1240) to work on /home/airflow/.local/lib/python3.12/site-packages/airflow/example_dags/example_branch_python_dop_operator_3.py
[2024-07-08T15:21:39.477+0000] {processor.py:830} INFO - Processing file /home/airflow/.local/lib/python3.12/site-packages/airflow/example_dags/example_branch_python_dop_operator_3.py for tasks to queue
[2024-07-08T15:21:39.480+0000] {logging_mixin.py:188} INFO - [2024-07-08T15:21:39.479+0000] {dagbag.py:545} INFO - Filling up the DagBag from /home/airflow/.local/lib/python3.12/site-packages/airflow/example_dags/example_branch_python_dop_operator_3.py
[2024-07-08T15:21:39.494+0000] {processor.py:840} INFO - DAG(s) 'example_branch_dop_operator_v3' retrieved from /home/airflow/.local/lib/python3.12/site-packages/airflow/example_dags/example_branch_python_dop_operator_3.py
[2024-07-08T15:21:39.520+0000] {logging_mixin.py:188} INFO - [2024-07-08T15:21:39.519+0000] {dag.py:3096} INFO - Sync 1 DAGs
[2024-07-08T15:21:39.556+0000] {logging_mixin.py:188} INFO - [2024-07-08T15:21:39.556+0000] {dag.py:3954} INFO - Setting next_dagrun for example_branch_dop_operator_v3 to 2024-07-08 15:20:00+00:00, run_after=2024-07-08 15:21:00+00:00
[2024-07-08T15:21:39.583+0000] {processor.py:183} INFO - Processing /home/airflow/.local/lib/python3.12/site-packages/airflow/example_dags/example_branch_python_dop_operator_3.py took 0.117 seconds
[2024-07-08T15:22:09.950+0000] {processor.py:161} INFO - Started process (PID=1298) to work on /home/airflow/.local/lib/python3.12/site-packages/airflow/example_dags/example_branch_python_dop_operator_3.py
[2024-07-08T15:22:09.956+0000] {processor.py:830} INFO - Processing file /home/airflow/.local/lib/python3.12/site-packages/airflow/example_dags/example_branch_python_dop_operator_3.py for tasks to queue
[2024-07-08T15:22:09.957+0000] {logging_mixin.py:188} INFO - [2024-07-08T15:22:09.957+0000] {dagbag.py:545} INFO - Filling up the DagBag from /home/airflow/.local/lib/python3.12/site-packages/airflow/example_dags/example_branch_python_dop_operator_3.py
[2024-07-08T15:22:09.971+0000] {processor.py:840} INFO - DAG(s) 'example_branch_dop_operator_v3' retrieved from /home/airflow/.local/lib/python3.12/site-packages/airflow/example_dags/example_branch_python_dop_operator_3.py
[2024-07-08T15:22:09.999+0000] {logging_mixin.py:188} INFO - [2024-07-08T15:22:09.999+0000] {dag.py:3096} INFO - Sync 1 DAGs
[2024-07-08T15:22:10.036+0000] {logging_mixin.py:188} INFO - [2024-07-08T15:22:10.036+0000] {dag.py:3954} INFO - Setting next_dagrun for example_branch_dop_operator_v3 to 2024-07-08 15:21:00+00:00, run_after=2024-07-08 15:22:00+00:00
[2024-07-08T15:22:10.061+0000] {processor.py:183} INFO - Processing /home/airflow/.local/lib/python3.12/site-packages/airflow/example_dags/example_branch_python_dop_operator_3.py took 0.118 seconds
[2024-07-08T15:22:40.759+0000] {processor.py:161} INFO - Started process (PID=1362) to work on /home/airflow/.local/lib/python3.12/site-packages/airflow/example_dags/example_branch_python_dop_operator_3.py
[2024-07-08T15:22:40.760+0000] {processor.py:830} INFO - Processing file /home/airflow/.local/lib/python3.12/site-packages/airflow/example_dags/example_branch_python_dop_operator_3.py for tasks to queue
[2024-07-08T15:22:40.762+0000] {logging_mixin.py:188} INFO - [2024-07-08T15:22:40.761+0000] {dagbag.py:545} INFO - Filling up the DagBag from /home/airflow/.local/lib/python3.12/site-packages/airflow/example_dags/example_branch_python_dop_operator_3.py
[2024-07-08T15:22:40.780+0000] {processor.py:840} INFO - DAG(s) 'example_branch_dop_operator_v3' retrieved from /home/airflow/.local/lib/python3.12/site-packages/airflow/example_dags/example_branch_python_dop_operator_3.py
[2024-07-08T15:22:40.813+0000] {logging_mixin.py:188} INFO - [2024-07-08T15:22:40.812+0000] {dag.py:3096} INFO - Sync 1 DAGs
[2024-07-08T15:22:40.846+0000] {logging_mixin.py:188} INFO - [2024-07-08T15:22:40.846+0000] {dag.py:3954} INFO - Setting next_dagrun for example_branch_dop_operator_v3 to 2024-07-08 15:21:00+00:00, run_after=2024-07-08 15:22:00+00:00
[2024-07-08T15:22:40.873+0000] {processor.py:183} INFO - Processing /home/airflow/.local/lib/python3.12/site-packages/airflow/example_dags/example_branch_python_dop_operator_3.py took 0.125 seconds
[2024-07-08T15:23:11.158+0000] {processor.py:161} INFO - Started process (PID=1424) to work on /home/airflow/.local/lib/python3.12/site-packages/airflow/example_dags/example_branch_python_dop_operator_3.py
[2024-07-08T15:23:11.160+0000] {processor.py:830} INFO - Processing file /home/airflow/.local/lib/python3.12/site-packages/airflow/example_dags/example_branch_python_dop_operator_3.py for tasks to queue
[2024-07-08T15:23:11.162+0000] {logging_mixin.py:188} INFO - [2024-07-08T15:23:11.161+0000] {dagbag.py:545} INFO - Filling up the DagBag from /home/airflow/.local/lib/python3.12/site-packages/airflow/example_dags/example_branch_python_dop_operator_3.py
[2024-07-08T15:23:11.186+0000] {processor.py:840} INFO - DAG(s) 'example_branch_dop_operator_v3' retrieved from /home/airflow/.local/lib/python3.12/site-packages/airflow/example_dags/example_branch_python_dop_operator_3.py
[2024-07-08T15:23:11.221+0000] {logging_mixin.py:188} INFO - [2024-07-08T15:23:11.221+0000] {dag.py:3096} INFO - Sync 1 DAGs
[2024-07-08T15:23:11.272+0000] {logging_mixin.py:188} INFO - [2024-07-08T15:23:11.271+0000] {dag.py:3954} INFO - Setting next_dagrun for example_branch_dop_operator_v3 to 2024-07-08 15:22:00+00:00, run_after=2024-07-08 15:23:00+00:00
[2024-07-08T15:23:11.315+0000] {processor.py:183} INFO - Processing /home/airflow/.local/lib/python3.12/site-packages/airflow/example_dags/example_branch_python_dop_operator_3.py took 0.168 seconds
[2024-07-08T15:23:42.452+0000] {processor.py:161} INFO - Started process (PID=1485) to work on /home/airflow/.local/lib/python3.12/site-packages/airflow/example_dags/example_branch_python_dop_operator_3.py
[2024-07-08T15:23:42.453+0000] {processor.py:830} INFO - Processing file /home/airflow/.local/lib/python3.12/site-packages/airflow/example_dags/example_branch_python_dop_operator_3.py for tasks to queue
[2024-07-08T15:23:42.455+0000] {logging_mixin.py:188} INFO - [2024-07-08T15:23:42.454+0000] {dagbag.py:545} INFO - Filling up the DagBag from /home/airflow/.local/lib/python3.12/site-packages/airflow/example_dags/example_branch_python_dop_operator_3.py
[2024-07-08T15:23:42.466+0000] {processor.py:840} INFO - DAG(s) 'example_branch_dop_operator_v3' retrieved from /home/airflow/.local/lib/python3.12/site-packages/airflow/example_dags/example_branch_python_dop_operator_3.py
[2024-07-08T15:23:42.504+0000] {logging_mixin.py:188} INFO - [2024-07-08T15:23:42.503+0000] {dag.py:3096} INFO - Sync 1 DAGs
[2024-07-08T15:23:42.560+0000] {logging_mixin.py:188} INFO - [2024-07-08T15:23:42.560+0000] {dag.py:3954} INFO - Setting next_dagrun for example_branch_dop_operator_v3 to 2024-07-08 15:22:00+00:00, run_after=2024-07-08 15:23:00+00:00
[2024-07-08T15:23:42.586+0000] {processor.py:183} INFO - Processing /home/airflow/.local/lib/python3.12/site-packages/airflow/example_dags/example_branch_python_dop_operator_3.py took 0.150 seconds
[2024-07-08T15:24:13.582+0000] {processor.py:161} INFO - Started process (PID=1550) to work on /home/airflow/.local/lib/python3.12/site-packages/airflow/example_dags/example_branch_python_dop_operator_3.py
[2024-07-08T15:24:13.584+0000] {processor.py:830} INFO - Processing file /home/airflow/.local/lib/python3.12/site-packages/airflow/example_dags/example_branch_python_dop_operator_3.py for tasks to queue
[2024-07-08T15:24:13.585+0000] {logging_mixin.py:188} INFO - [2024-07-08T15:24:13.585+0000] {dagbag.py:545} INFO - Filling up the DagBag from /home/airflow/.local/lib/python3.12/site-packages/airflow/example_dags/example_branch_python_dop_operator_3.py
[2024-07-08T15:24:13.597+0000] {processor.py:840} INFO - DAG(s) 'example_branch_dop_operator_v3' retrieved from /home/airflow/.local/lib/python3.12/site-packages/airflow/example_dags/example_branch_python_dop_operator_3.py
[2024-07-08T15:24:13.626+0000] {logging_mixin.py:188} INFO - [2024-07-08T15:24:13.625+0000] {dag.py:3096} INFO - Sync 1 DAGs
[2024-07-08T15:24:13.662+0000] {logging_mixin.py:188} INFO - [2024-07-08T15:24:13.662+0000] {dag.py:3954} INFO - Setting next_dagrun for example_branch_dop_operator_v3 to 2024-07-08 15:23:00+00:00, run_after=2024-07-08 15:24:00+00:00
[2024-07-08T15:24:13.696+0000] {processor.py:183} INFO - Processing /home/airflow/.local/lib/python3.12/site-packages/airflow/example_dags/example_branch_python_dop_operator_3.py took 0.123 seconds
[2024-07-08T15:24:44.403+0000] {processor.py:161} INFO - Started process (PID=1610) to work on /home/airflow/.local/lib/python3.12/site-packages/airflow/example_dags/example_branch_python_dop_operator_3.py
[2024-07-08T15:24:44.406+0000] {processor.py:830} INFO - Processing file /home/airflow/.local/lib/python3.12/site-packages/airflow/example_dags/example_branch_python_dop_operator_3.py for tasks to queue
[2024-07-08T15:24:44.408+0000] {logging_mixin.py:188} INFO - [2024-07-08T15:24:44.407+0000] {dagbag.py:545} INFO - Filling up the DagBag from /home/airflow/.local/lib/python3.12/site-packages/airflow/example_dags/example_branch_python_dop_operator_3.py
[2024-07-08T15:24:44.426+0000] {processor.py:840} INFO - DAG(s) 'example_branch_dop_operator_v3' retrieved from /home/airflow/.local/lib/python3.12/site-packages/airflow/example_dags/example_branch_python_dop_operator_3.py
[2024-07-08T15:24:44.523+0000] {logging_mixin.py:188} INFO - [2024-07-08T15:24:44.523+0000] {dag.py:3096} INFO - Sync 1 DAGs
[2024-07-08T15:24:44.566+0000] {logging_mixin.py:188} INFO - [2024-07-08T15:24:44.565+0000] {dag.py:3954} INFO - Setting next_dagrun for example_branch_dop_operator_v3 to 2024-07-08 15:23:00+00:00, run_after=2024-07-08 15:24:00+00:00
[2024-07-08T15:24:44.593+0000] {processor.py:183} INFO - Processing /home/airflow/.local/lib/python3.12/site-packages/airflow/example_dags/example_branch_python_dop_operator_3.py took 0.197 seconds
[2024-07-08T15:25:15.269+0000] {processor.py:161} INFO - Started process (PID=1674) to work on /home/airflow/.local/lib/python3.12/site-packages/airflow/example_dags/example_branch_python_dop_operator_3.py
[2024-07-08T15:25:15.271+0000] {processor.py:830} INFO - Processing file /home/airflow/.local/lib/python3.12/site-packages/airflow/example_dags/example_branch_python_dop_operator_3.py for tasks to queue
[2024-07-08T15:25:15.272+0000] {logging_mixin.py:188} INFO - [2024-07-08T15:25:15.272+0000] {dagbag.py:545} INFO - Filling up the DagBag from /home/airflow/.local/lib/python3.12/site-packages/airflow/example_dags/example_branch_python_dop_operator_3.py
[2024-07-08T15:25:15.290+0000] {processor.py:840} INFO - DAG(s) 'example_branch_dop_operator_v3' retrieved from /home/airflow/.local/lib/python3.12/site-packages/airflow/example_dags/example_branch_python_dop_operator_3.py
[2024-07-08T15:25:15.321+0000] {logging_mixin.py:188} INFO - [2024-07-08T15:25:15.321+0000] {dag.py:3096} INFO - Sync 1 DAGs
[2024-07-08T15:25:15.360+0000] {logging_mixin.py:188} INFO - [2024-07-08T15:25:15.360+0000] {dag.py:3954} INFO - Setting next_dagrun for example_branch_dop_operator_v3 to 2024-07-08 15:24:00+00:00, run_after=2024-07-08 15:25:00+00:00
[2024-07-08T15:25:15.390+0000] {processor.py:183} INFO - Processing /home/airflow/.local/lib/python3.12/site-packages/airflow/example_dags/example_branch_python_dop_operator_3.py took 0.132 seconds
[2024-07-08T15:25:45.573+0000] {processor.py:161} INFO - Started process (PID=1741) to work on /home/airflow/.local/lib/python3.12/site-packages/airflow/example_dags/example_branch_python_dop_operator_3.py
[2024-07-08T15:25:45.574+0000] {processor.py:830} INFO - Processing file /home/airflow/.local/lib/python3.12/site-packages/airflow/example_dags/example_branch_python_dop_operator_3.py for tasks to queue
[2024-07-08T15:25:45.576+0000] {logging_mixin.py:188} INFO - [2024-07-08T15:25:45.575+0000] {dagbag.py:545} INFO - Filling up the DagBag from /home/airflow/.local/lib/python3.12/site-packages/airflow/example_dags/example_branch_python_dop_operator_3.py
[2024-07-08T15:25:45.588+0000] {processor.py:840} INFO - DAG(s) 'example_branch_dop_operator_v3' retrieved from /home/airflow/.local/lib/python3.12/site-packages/airflow/example_dags/example_branch_python_dop_operator_3.py
[2024-07-08T15:25:45.617+0000] {logging_mixin.py:188} INFO - [2024-07-08T15:25:45.617+0000] {dag.py:3096} INFO - Sync 1 DAGs
[2024-07-08T15:25:45.656+0000] {logging_mixin.py:188} INFO - [2024-07-08T15:25:45.655+0000] {dag.py:3954} INFO - Setting next_dagrun for example_branch_dop_operator_v3 to 2024-07-08 15:24:00+00:00, run_after=2024-07-08 15:25:00+00:00
[2024-07-08T15:25:45.685+0000] {processor.py:183} INFO - Processing /home/airflow/.local/lib/python3.12/site-packages/airflow/example_dags/example_branch_python_dop_operator_3.py took 0.121 seconds
[2024-07-08T15:26:16.001+0000] {processor.py:161} INFO - Started process (PID=1804) to work on /home/airflow/.local/lib/python3.12/site-packages/airflow/example_dags/example_branch_python_dop_operator_3.py
[2024-07-08T15:26:16.002+0000] {processor.py:830} INFO - Processing file /home/airflow/.local/lib/python3.12/site-packages/airflow/example_dags/example_branch_python_dop_operator_3.py for tasks to queue
[2024-07-08T15:26:16.003+0000] {logging_mixin.py:188} INFO - [2024-07-08T15:26:16.003+0000] {dagbag.py:545} INFO - Filling up the DagBag from /home/airflow/.local/lib/python3.12/site-packages/airflow/example_dags/example_branch_python_dop_operator_3.py
[2024-07-08T15:26:16.017+0000] {processor.py:840} INFO - DAG(s) 'example_branch_dop_operator_v3' retrieved from /home/airflow/.local/lib/python3.12/site-packages/airflow/example_dags/example_branch_python_dop_operator_3.py
[2024-07-08T15:26:16.058+0000] {logging_mixin.py:188} INFO - [2024-07-08T15:26:16.057+0000] {dag.py:3096} INFO - Sync 1 DAGs
[2024-07-08T15:26:16.103+0000] {logging_mixin.py:188} INFO - [2024-07-08T15:26:16.103+0000] {dag.py:3954} INFO - Setting next_dagrun for example_branch_dop_operator_v3 to 2024-07-08 15:25:00+00:00, run_after=2024-07-08 15:26:00+00:00
[2024-07-08T15:26:16.152+0000] {processor.py:183} INFO - Processing /home/airflow/.local/lib/python3.12/site-packages/airflow/example_dags/example_branch_python_dop_operator_3.py took 0.159 seconds
[2024-07-08T15:26:46.204+0000] {processor.py:161} INFO - Started process (PID=1866) to work on /home/airflow/.local/lib/python3.12/site-packages/airflow/example_dags/example_branch_python_dop_operator_3.py
[2024-07-08T15:26:46.206+0000] {processor.py:830} INFO - Processing file /home/airflow/.local/lib/python3.12/site-packages/airflow/example_dags/example_branch_python_dop_operator_3.py for tasks to queue
[2024-07-08T15:26:46.208+0000] {logging_mixin.py:188} INFO - [2024-07-08T15:26:46.207+0000] {dagbag.py:545} INFO - Filling up the DagBag from /home/airflow/.local/lib/python3.12/site-packages/airflow/example_dags/example_branch_python_dop_operator_3.py
[2024-07-08T15:26:46.222+0000] {processor.py:840} INFO - DAG(s) 'example_branch_dop_operator_v3' retrieved from /home/airflow/.local/lib/python3.12/site-packages/airflow/example_dags/example_branch_python_dop_operator_3.py
[2024-07-08T15:26:46.254+0000] {logging_mixin.py:188} INFO - [2024-07-08T15:26:46.254+0000] {dag.py:3096} INFO - Sync 1 DAGs
[2024-07-08T15:26:46.300+0000] {logging_mixin.py:188} INFO - [2024-07-08T15:26:46.300+0000] {dag.py:3954} INFO - Setting next_dagrun for example_branch_dop_operator_v3 to 2024-07-08 15:25:00+00:00, run_after=2024-07-08 15:26:00+00:00
[2024-07-08T15:26:46.328+0000] {processor.py:183} INFO - Processing /home/airflow/.local/lib/python3.12/site-packages/airflow/example_dags/example_branch_python_dop_operator_3.py took 0.133 seconds
[2024-07-08T15:27:16.909+0000] {processor.py:161} INFO - Started process (PID=1925) to work on /home/airflow/.local/lib/python3.12/site-packages/airflow/example_dags/example_branch_python_dop_operator_3.py
[2024-07-08T15:27:16.911+0000] {processor.py:830} INFO - Processing file /home/airflow/.local/lib/python3.12/site-packages/airflow/example_dags/example_branch_python_dop_operator_3.py for tasks to queue
[2024-07-08T15:27:16.913+0000] {logging_mixin.py:188} INFO - [2024-07-08T15:27:16.912+0000] {dagbag.py:545} INFO - Filling up the DagBag from /home/airflow/.local/lib/python3.12/site-packages/airflow/example_dags/example_branch_python_dop_operator_3.py
[2024-07-08T15:27:16.923+0000] {processor.py:840} INFO - DAG(s) 'example_branch_dop_operator_v3' retrieved from /home/airflow/.local/lib/python3.12/site-packages/airflow/example_dags/example_branch_python_dop_operator_3.py
[2024-07-08T15:27:16.952+0000] {logging_mixin.py:188} INFO - [2024-07-08T15:27:16.951+0000] {dag.py:3096} INFO - Sync 1 DAGs
[2024-07-08T15:27:16.996+0000] {logging_mixin.py:188} INFO - [2024-07-08T15:27:16.996+0000] {dag.py:3954} INFO - Setting next_dagrun for example_branch_dop_operator_v3 to 2024-07-08 15:26:00+00:00, run_after=2024-07-08 15:27:00+00:00
[2024-07-08T15:27:17.026+0000] {processor.py:183} INFO - Processing /home/airflow/.local/lib/python3.12/site-packages/airflow/example_dags/example_branch_python_dop_operator_3.py took 0.127 seconds
[2024-07-08T15:27:47.845+0000] {processor.py:161} INFO - Started process (PID=1983) to work on /home/airflow/.local/lib/python3.12/site-packages/airflow/example_dags/example_branch_python_dop_operator_3.py
[2024-07-08T15:27:47.848+0000] {processor.py:830} INFO - Processing file /home/airflow/.local/lib/python3.12/site-packages/airflow/example_dags/example_branch_python_dop_operator_3.py for tasks to queue
[2024-07-08T15:27:47.850+0000] {logging_mixin.py:188} INFO - [2024-07-08T15:27:47.849+0000] {dagbag.py:545} INFO - Filling up the DagBag from /home/airflow/.local/lib/python3.12/site-packages/airflow/example_dags/example_branch_python_dop_operator_3.py
[2024-07-08T15:27:47.870+0000] {processor.py:840} INFO - DAG(s) 'example_branch_dop_operator_v3' retrieved from /home/airflow/.local/lib/python3.12/site-packages/airflow/example_dags/example_branch_python_dop_operator_3.py
[2024-07-08T15:27:47.904+0000] {logging_mixin.py:188} INFO - [2024-07-08T15:27:47.904+0000] {dag.py:3096} INFO - Sync 1 DAGs
[2024-07-08T15:27:47.951+0000] {logging_mixin.py:188} INFO - [2024-07-08T15:27:47.950+0000] {dag.py:3954} INFO - Setting next_dagrun for example_branch_dop_operator_v3 to 2024-07-08 15:26:00+00:00, run_after=2024-07-08 15:27:00+00:00
[2024-07-08T15:27:47.990+0000] {processor.py:183} INFO - Processing /home/airflow/.local/lib/python3.12/site-packages/airflow/example_dags/example_branch_python_dop_operator_3.py took 0.161 seconds
[2024-07-08T15:28:19.414+0000] {processor.py:161} INFO - Started process (PID=2042) to work on /home/airflow/.local/lib/python3.12/site-packages/airflow/example_dags/example_branch_python_dop_operator_3.py
[2024-07-08T15:28:19.433+0000] {processor.py:830} INFO - Processing file /home/airflow/.local/lib/python3.12/site-packages/airflow/example_dags/example_branch_python_dop_operator_3.py for tasks to queue
[2024-07-08T15:28:19.441+0000] {logging_mixin.py:188} INFO - [2024-07-08T15:28:19.435+0000] {dagbag.py:545} INFO - Filling up the DagBag from /home/airflow/.local/lib/python3.12/site-packages/airflow/example_dags/example_branch_python_dop_operator_3.py
[2024-07-08T15:28:19.681+0000] {processor.py:840} INFO - DAG(s) 'example_branch_dop_operator_v3' retrieved from /home/airflow/.local/lib/python3.12/site-packages/airflow/example_dags/example_branch_python_dop_operator_3.py
[2024-07-08T15:28:20.041+0000] {logging_mixin.py:188} INFO - [2024-07-08T15:28:20.040+0000] {dag.py:3096} INFO - Sync 1 DAGs
[2024-07-08T15:28:20.139+0000] {logging_mixin.py:188} INFO - [2024-07-08T15:28:20.138+0000] {dag.py:3954} INFO - Setting next_dagrun for example_branch_dop_operator_v3 to 2024-07-08 15:27:00+00:00, run_after=2024-07-08 15:28:00+00:00
[2024-07-08T15:28:20.220+0000] {processor.py:183} INFO - Processing /home/airflow/.local/lib/python3.12/site-packages/airflow/example_dags/example_branch_python_dop_operator_3.py took 1.183 seconds
[2024-07-08T15:31:15.432+0000] {processor.py:161} INFO - Started process (PID=2102) to work on /home/airflow/.local/lib/python3.12/site-packages/airflow/example_dags/example_branch_python_dop_operator_3.py
[2024-07-08T15:31:15.434+0000] {processor.py:830} INFO - Processing file /home/airflow/.local/lib/python3.12/site-packages/airflow/example_dags/example_branch_python_dop_operator_3.py for tasks to queue
[2024-07-08T15:31:15.435+0000] {logging_mixin.py:188} INFO - [2024-07-08T15:31:15.435+0000] {dagbag.py:545} INFO - Filling up the DagBag from /home/airflow/.local/lib/python3.12/site-packages/airflow/example_dags/example_branch_python_dop_operator_3.py
[2024-07-08T15:31:15.449+0000] {processor.py:840} INFO - DAG(s) 'example_branch_dop_operator_v3' retrieved from /home/airflow/.local/lib/python3.12/site-packages/airflow/example_dags/example_branch_python_dop_operator_3.py
[2024-07-08T15:31:15.474+0000] {logging_mixin.py:188} INFO - [2024-07-08T15:31:15.474+0000] {dag.py:3096} INFO - Sync 1 DAGs
[2024-07-08T15:31:15.503+0000] {logging_mixin.py:188} INFO - [2024-07-08T15:31:15.502+0000] {dag.py:3954} INFO - Setting next_dagrun for example_branch_dop_operator_v3 to 2024-07-08 15:30:00+00:00, run_after=2024-07-08 15:31:00+00:00
[2024-07-08T15:31:15.529+0000] {processor.py:183} INFO - Processing /home/airflow/.local/lib/python3.12/site-packages/airflow/example_dags/example_branch_python_dop_operator_3.py took 0.104 seconds
[2024-07-08T15:31:46.663+0000] {processor.py:161} INFO - Started process (PID=2160) to work on /home/airflow/.local/lib/python3.12/site-packages/airflow/example_dags/example_branch_python_dop_operator_3.py
[2024-07-08T15:31:46.664+0000] {processor.py:830} INFO - Processing file /home/airflow/.local/lib/python3.12/site-packages/airflow/example_dags/example_branch_python_dop_operator_3.py for tasks to queue
[2024-07-08T15:31:46.666+0000] {logging_mixin.py:188} INFO - [2024-07-08T15:31:46.666+0000] {dagbag.py:545} INFO - Filling up the DagBag from /home/airflow/.local/lib/python3.12/site-packages/airflow/example_dags/example_branch_python_dop_operator_3.py
[2024-07-08T15:31:46.687+0000] {processor.py:840} INFO - DAG(s) 'example_branch_dop_operator_v3' retrieved from /home/airflow/.local/lib/python3.12/site-packages/airflow/example_dags/example_branch_python_dop_operator_3.py
[2024-07-08T15:31:46.733+0000] {logging_mixin.py:188} INFO - [2024-07-08T15:31:46.733+0000] {dag.py:3096} INFO - Sync 1 DAGs
[2024-07-08T15:31:46.773+0000] {logging_mixin.py:188} INFO - [2024-07-08T15:31:46.772+0000] {dag.py:3954} INFO - Setting next_dagrun for example_branch_dop_operator_v3 to 2024-07-08 15:30:00+00:00, run_after=2024-07-08 15:31:00+00:00
[2024-07-08T15:31:46.811+0000] {processor.py:183} INFO - Processing /home/airflow/.local/lib/python3.12/site-packages/airflow/example_dags/example_branch_python_dop_operator_3.py took 0.158 seconds
[2024-07-08T15:32:22.512+0000] {processor.py:161} INFO - Started process (PID=2219) to work on /home/airflow/.local/lib/python3.12/site-packages/airflow/example_dags/example_branch_python_dop_operator_3.py
[2024-07-08T15:32:22.513+0000] {processor.py:830} INFO - Processing file /home/airflow/.local/lib/python3.12/site-packages/airflow/example_dags/example_branch_python_dop_operator_3.py for tasks to queue
[2024-07-08T15:32:22.517+0000] {logging_mixin.py:188} INFO - [2024-07-08T15:32:22.515+0000] {dagbag.py:545} INFO - Filling up the DagBag from /home/airflow/.local/lib/python3.12/site-packages/airflow/example_dags/example_branch_python_dop_operator_3.py
[2024-07-08T15:32:22.536+0000] {processor.py:840} INFO - DAG(s) 'example_branch_dop_operator_v3' retrieved from /home/airflow/.local/lib/python3.12/site-packages/airflow/example_dags/example_branch_python_dop_operator_3.py
[2024-07-08T15:32:22.578+0000] {logging_mixin.py:188} INFO - [2024-07-08T15:32:22.577+0000] {dag.py:3096} INFO - Sync 1 DAGs
[2024-07-08T15:32:22.661+0000] {logging_mixin.py:188} INFO - [2024-07-08T15:32:22.661+0000] {dag.py:3954} INFO - Setting next_dagrun for example_branch_dop_operator_v3 to 2024-07-08 15:31:00+00:00, run_after=2024-07-08 15:32:00+00:00
[2024-07-08T15:32:22.704+0000] {processor.py:183} INFO - Processing /home/airflow/.local/lib/python3.12/site-packages/airflow/example_dags/example_branch_python_dop_operator_3.py took 0.202 seconds
[2024-07-08T15:37:53.974+0000] {processor.py:161} INFO - Started process (PID=2314) to work on /home/airflow/.local/lib/python3.12/site-packages/airflow/example_dags/example_branch_python_dop_operator_3.py
[2024-07-08T15:37:54.006+0000] {processor.py:830} INFO - Processing file /home/airflow/.local/lib/python3.12/site-packages/airflow/example_dags/example_branch_python_dop_operator_3.py for tasks to queue
[2024-07-08T15:37:54.088+0000] {logging_mixin.py:188} INFO - [2024-07-08T15:37:54.083+0000] {dagbag.py:545} INFO - Filling up the DagBag from /home/airflow/.local/lib/python3.12/site-packages/airflow/example_dags/example_branch_python_dop_operator_3.py
[2024-07-08T15:37:54.401+0000] {processor.py:840} INFO - DAG(s) 'example_branch_dop_operator_v3' retrieved from /home/airflow/.local/lib/python3.12/site-packages/airflow/example_dags/example_branch_python_dop_operator_3.py
[2024-07-08T15:37:57.068+0000] {logging_mixin.py:188} INFO - [2024-07-08T15:37:56.999+0000] {dag.py:3096} INFO - Sync 1 DAGs
[2024-07-08T15:38:00.454+0000] {logging_mixin.py:188} INFO - [2024-07-08T15:38:00.454+0000] {dag.py:3954} INFO - Setting next_dagrun for example_branch_dop_operator_v3 to 2024-07-08 15:37:00+00:00, run_after=2024-07-08 15:38:00+00:00
[2024-07-08T15:38:01.457+0000] {processor.py:183} INFO - Processing /home/airflow/.local/lib/python3.12/site-packages/airflow/example_dags/example_branch_python_dop_operator_3.py took 7.587 seconds
[2024-07-08T15:42:21.172+0000] {processor.py:161} INFO - Started process (PID=2432) to work on /home/airflow/.local/lib/python3.12/site-packages/airflow/example_dags/example_branch_python_dop_operator_3.py
[2024-07-08T15:42:21.180+0000] {processor.py:830} INFO - Processing file /home/airflow/.local/lib/python3.12/site-packages/airflow/example_dags/example_branch_python_dop_operator_3.py for tasks to queue
[2024-07-08T15:42:21.182+0000] {logging_mixin.py:188} INFO - [2024-07-08T15:42:21.181+0000] {dagbag.py:545} INFO - Filling up the DagBag from /home/airflow/.local/lib/python3.12/site-packages/airflow/example_dags/example_branch_python_dop_operator_3.py
[2024-07-08T15:42:21.210+0000] {processor.py:840} INFO - DAG(s) 'example_branch_dop_operator_v3' retrieved from /home/airflow/.local/lib/python3.12/site-packages/airflow/example_dags/example_branch_python_dop_operator_3.py
[2024-07-08T15:42:21.269+0000] {logging_mixin.py:188} INFO - [2024-07-08T15:42:21.269+0000] {dag.py:3096} INFO - Sync 1 DAGs
[2024-07-08T15:42:21.344+0000] {logging_mixin.py:188} INFO - [2024-07-08T15:42:21.344+0000] {dag.py:3954} INFO - Setting next_dagrun for example_branch_dop_operator_v3 to 2024-07-08 15:41:00+00:00, run_after=2024-07-08 15:42:00+00:00
[2024-07-08T15:42:21.404+0000] {processor.py:183} INFO - Processing /home/airflow/.local/lib/python3.12/site-packages/airflow/example_dags/example_branch_python_dop_operator_3.py took 0.252 seconds
[2024-07-08T15:42:52.054+0000] {processor.py:161} INFO - Started process (PID=2495) to work on /home/airflow/.local/lib/python3.12/site-packages/airflow/example_dags/example_branch_python_dop_operator_3.py
[2024-07-08T15:42:52.055+0000] {processor.py:830} INFO - Processing file /home/airflow/.local/lib/python3.12/site-packages/airflow/example_dags/example_branch_python_dop_operator_3.py for tasks to queue
[2024-07-08T15:42:52.057+0000] {logging_mixin.py:188} INFO - [2024-07-08T15:42:52.056+0000] {dagbag.py:545} INFO - Filling up the DagBag from /home/airflow/.local/lib/python3.12/site-packages/airflow/example_dags/example_branch_python_dop_operator_3.py
[2024-07-08T15:42:52.066+0000] {processor.py:840} INFO - DAG(s) 'example_branch_dop_operator_v3' retrieved from /home/airflow/.local/lib/python3.12/site-packages/airflow/example_dags/example_branch_python_dop_operator_3.py
[2024-07-08T15:42:52.097+0000] {logging_mixin.py:188} INFO - [2024-07-08T15:42:52.097+0000] {dag.py:3096} INFO - Sync 1 DAGs
[2024-07-08T15:42:52.126+0000] {logging_mixin.py:188} INFO - [2024-07-08T15:42:52.126+0000] {dag.py:3954} INFO - Setting next_dagrun for example_branch_dop_operator_v3 to 2024-07-08 15:41:00+00:00, run_after=2024-07-08 15:42:00+00:00
[2024-07-08T15:42:52.152+0000] {processor.py:183} INFO - Processing /home/airflow/.local/lib/python3.12/site-packages/airflow/example_dags/example_branch_python_dop_operator_3.py took 0.106 seconds
[2024-07-08T15:43:22.700+0000] {processor.py:161} INFO - Started process (PID=2555) to work on /home/airflow/.local/lib/python3.12/site-packages/airflow/example_dags/example_branch_python_dop_operator_3.py
[2024-07-08T15:43:22.701+0000] {processor.py:830} INFO - Processing file /home/airflow/.local/lib/python3.12/site-packages/airflow/example_dags/example_branch_python_dop_operator_3.py for tasks to queue
[2024-07-08T15:43:22.705+0000] {logging_mixin.py:188} INFO - [2024-07-08T15:43:22.703+0000] {dagbag.py:545} INFO - Filling up the DagBag from /home/airflow/.local/lib/python3.12/site-packages/airflow/example_dags/example_branch_python_dop_operator_3.py
[2024-07-08T15:43:22.717+0000] {processor.py:840} INFO - DAG(s) 'example_branch_dop_operator_v3' retrieved from /home/airflow/.local/lib/python3.12/site-packages/airflow/example_dags/example_branch_python_dop_operator_3.py
[2024-07-08T15:43:22.748+0000] {logging_mixin.py:188} INFO - [2024-07-08T15:43:22.747+0000] {dag.py:3096} INFO - Sync 1 DAGs
[2024-07-08T15:43:22.787+0000] {logging_mixin.py:188} INFO - [2024-07-08T15:43:22.786+0000] {dag.py:3954} INFO - Setting next_dagrun for example_branch_dop_operator_v3 to 2024-07-08 15:42:00+00:00, run_after=2024-07-08 15:43:00+00:00
[2024-07-08T15:43:22.814+0000] {processor.py:183} INFO - Processing /home/airflow/.local/lib/python3.12/site-packages/airflow/example_dags/example_branch_python_dop_operator_3.py took 0.122 seconds
[2024-07-08T15:43:52.893+0000] {processor.py:161} INFO - Started process (PID=2615) to work on /home/airflow/.local/lib/python3.12/site-packages/airflow/example_dags/example_branch_python_dop_operator_3.py
[2024-07-08T15:43:52.894+0000] {processor.py:830} INFO - Processing file /home/airflow/.local/lib/python3.12/site-packages/airflow/example_dags/example_branch_python_dop_operator_3.py for tasks to queue
[2024-07-08T15:43:52.895+0000] {logging_mixin.py:188} INFO - [2024-07-08T15:43:52.895+0000] {dagbag.py:545} INFO - Filling up the DagBag from /home/airflow/.local/lib/python3.12/site-packages/airflow/example_dags/example_branch_python_dop_operator_3.py
[2024-07-08T15:43:52.905+0000] {processor.py:840} INFO - DAG(s) 'example_branch_dop_operator_v3' retrieved from /home/airflow/.local/lib/python3.12/site-packages/airflow/example_dags/example_branch_python_dop_operator_3.py
[2024-07-08T15:43:52.938+0000] {logging_mixin.py:188} INFO - [2024-07-08T15:43:52.937+0000] {dag.py:3096} INFO - Sync 1 DAGs
[2024-07-08T15:43:52.971+0000] {logging_mixin.py:188} INFO - [2024-07-08T15:43:52.970+0000] {dag.py:3954} INFO - Setting next_dagrun for example_branch_dop_operator_v3 to 2024-07-08 15:42:00+00:00, run_after=2024-07-08 15:43:00+00:00
[2024-07-08T15:43:53.004+0000] {processor.py:183} INFO - Processing /home/airflow/.local/lib/python3.12/site-packages/airflow/example_dags/example_branch_python_dop_operator_3.py took 0.118 seconds
