[2024-07-08T15:07:31.563+0000] {processor.py:161} INFO - Started process (PID=39) to work on /home/airflow/.local/lib/python3.12/site-packages/airflow/example_dags/example_bash_operator.py
[2024-07-08T15:07:31.565+0000] {processor.py:830} INFO - Processing file /home/airflow/.local/lib/python3.12/site-packages/airflow/example_dags/example_bash_operator.py for tasks to queue
[2024-07-08T15:07:31.576+0000] {logging_mixin.py:188} INFO - [2024-07-08T15:07:31.575+0000] {dagbag.py:545} INFO - Filling up the DagBag from /home/airflow/.local/lib/python3.12/site-packages/airflow/example_dags/example_bash_operator.py
[2024-07-08T15:07:31.619+0000] {processor.py:840} INFO - DAG(s) 'example_bash_operator' retrieved from /home/airflow/.local/lib/python3.12/site-packages/airflow/example_dags/example_bash_operator.py
[2024-07-08T15:07:32.206+0000] {logging_mixin.py:188} INFO - [2024-07-08T15:07:32.205+0000] {dag.py:3096} INFO - Sync 1 DAGs
[2024-07-08T15:07:32.321+0000] {logging_mixin.py:188} INFO - [2024-07-08T15:07:32.320+0000] {dag.py:3954} INFO - Setting next_dagrun for example_bash_operator to 2024-07-07 00:00:00+00:00, run_after=2024-07-08 00:00:00+00:00
[2024-07-08T15:07:32.468+0000] {processor.py:183} INFO - Processing /home/airflow/.local/lib/python3.12/site-packages/airflow/example_dags/example_bash_operator.py took 0.918 seconds
[2024-07-08T15:08:06.254+0000] {processor.py:161} INFO - Started process (PID=97) to work on /home/airflow/.local/lib/python3.12/site-packages/airflow/example_dags/example_bash_operator.py
[2024-07-08T15:08:06.256+0000] {processor.py:830} INFO - Processing file /home/airflow/.local/lib/python3.12/site-packages/airflow/example_dags/example_bash_operator.py for tasks to queue
[2024-07-08T15:08:06.259+0000] {logging_mixin.py:188} INFO - [2024-07-08T15:08:06.259+0000] {dagbag.py:545} INFO - Filling up the DagBag from /home/airflow/.local/lib/python3.12/site-packages/airflow/example_dags/example_bash_operator.py
[2024-07-08T15:08:06.279+0000] {processor.py:840} INFO - DAG(s) 'example_bash_operator' retrieved from /home/airflow/.local/lib/python3.12/site-packages/airflow/example_dags/example_bash_operator.py
[2024-07-08T15:08:06.333+0000] {logging_mixin.py:188} INFO - [2024-07-08T15:08:06.332+0000] {dag.py:3096} INFO - Sync 1 DAGs
[2024-07-08T15:08:06.387+0000] {logging_mixin.py:188} INFO - [2024-07-08T15:08:06.387+0000] {dag.py:3954} INFO - Setting next_dagrun for example_bash_operator to 2024-07-07 00:00:00+00:00, run_after=2024-07-08 00:00:00+00:00
[2024-07-08T15:08:06.429+0000] {processor.py:183} INFO - Processing /home/airflow/.local/lib/python3.12/site-packages/airflow/example_dags/example_bash_operator.py took 0.184 seconds
[2024-07-08T15:08:37.281+0000] {processor.py:161} INFO - Started process (PID=152) to work on /home/airflow/.local/lib/python3.12/site-packages/airflow/example_dags/example_bash_operator.py
[2024-07-08T15:08:37.294+0000] {processor.py:830} INFO - Processing file /home/airflow/.local/lib/python3.12/site-packages/airflow/example_dags/example_bash_operator.py for tasks to queue
[2024-07-08T15:08:37.297+0000] {logging_mixin.py:188} INFO - [2024-07-08T15:08:37.297+0000] {dagbag.py:545} INFO - Filling up the DagBag from /home/airflow/.local/lib/python3.12/site-packages/airflow/example_dags/example_bash_operator.py
[2024-07-08T15:08:37.310+0000] {processor.py:840} INFO - DAG(s) 'example_bash_operator' retrieved from /home/airflow/.local/lib/python3.12/site-packages/airflow/example_dags/example_bash_operator.py
[2024-07-08T15:08:37.344+0000] {logging_mixin.py:188} INFO - [2024-07-08T15:08:37.343+0000] {dag.py:3096} INFO - Sync 1 DAGs
[2024-07-08T15:08:37.377+0000] {logging_mixin.py:188} INFO - [2024-07-08T15:08:37.377+0000] {dag.py:3954} INFO - Setting next_dagrun for example_bash_operator to 2024-07-07 00:00:00+00:00, run_after=2024-07-08 00:00:00+00:00
[2024-07-08T15:08:37.464+0000] {processor.py:183} INFO - Processing /home/airflow/.local/lib/python3.12/site-packages/airflow/example_dags/example_bash_operator.py took 0.189 seconds
[2024-07-08T15:09:08.208+0000] {processor.py:161} INFO - Started process (PID=210) to work on /home/airflow/.local/lib/python3.12/site-packages/airflow/example_dags/example_bash_operator.py
[2024-07-08T15:09:08.374+0000] {processor.py:830} INFO - Processing file /home/airflow/.local/lib/python3.12/site-packages/airflow/example_dags/example_bash_operator.py for tasks to queue
[2024-07-08T15:09:08.387+0000] {logging_mixin.py:188} INFO - [2024-07-08T15:09:08.387+0000] {dagbag.py:545} INFO - Filling up the DagBag from /home/airflow/.local/lib/python3.12/site-packages/airflow/example_dags/example_bash_operator.py
[2024-07-08T15:09:08.552+0000] {processor.py:840} INFO - DAG(s) 'example_bash_operator' retrieved from /home/airflow/.local/lib/python3.12/site-packages/airflow/example_dags/example_bash_operator.py
[2024-07-08T15:09:08.743+0000] {logging_mixin.py:188} INFO - [2024-07-08T15:09:08.741+0000] {dag.py:3096} INFO - Sync 1 DAGs
[2024-07-08T15:09:08.946+0000] {logging_mixin.py:188} INFO - [2024-07-08T15:09:08.944+0000] {dag.py:3954} INFO - Setting next_dagrun for example_bash_operator to 2024-07-07 00:00:00+00:00, run_after=2024-07-08 00:00:00+00:00
[2024-07-08T15:09:09.013+0000] {processor.py:183} INFO - Processing /home/airflow/.local/lib/python3.12/site-packages/airflow/example_dags/example_bash_operator.py took 0.845 seconds
[2024-07-08T15:09:39.775+0000] {processor.py:161} INFO - Started process (PID=268) to work on /home/airflow/.local/lib/python3.12/site-packages/airflow/example_dags/example_bash_operator.py
[2024-07-08T15:09:39.777+0000] {processor.py:830} INFO - Processing file /home/airflow/.local/lib/python3.12/site-packages/airflow/example_dags/example_bash_operator.py for tasks to queue
[2024-07-08T15:09:39.780+0000] {logging_mixin.py:188} INFO - [2024-07-08T15:09:39.779+0000] {dagbag.py:545} INFO - Filling up the DagBag from /home/airflow/.local/lib/python3.12/site-packages/airflow/example_dags/example_bash_operator.py
[2024-07-08T15:09:39.796+0000] {processor.py:840} INFO - DAG(s) 'example_bash_operator' retrieved from /home/airflow/.local/lib/python3.12/site-packages/airflow/example_dags/example_bash_operator.py
[2024-07-08T15:09:39.841+0000] {logging_mixin.py:188} INFO - [2024-07-08T15:09:39.840+0000] {dag.py:3096} INFO - Sync 1 DAGs
[2024-07-08T15:09:39.874+0000] {logging_mixin.py:188} INFO - [2024-07-08T15:09:39.873+0000] {dag.py:3954} INFO - Setting next_dagrun for example_bash_operator to 2024-07-07 00:00:00+00:00, run_after=2024-07-08 00:00:00+00:00
[2024-07-08T15:09:39.924+0000] {processor.py:183} INFO - Processing /home/airflow/.local/lib/python3.12/site-packages/airflow/example_dags/example_bash_operator.py took 0.157 seconds
[2024-07-08T15:10:10.639+0000] {processor.py:161} INFO - Started process (PID=326) to work on /home/airflow/.local/lib/python3.12/site-packages/airflow/example_dags/example_bash_operator.py
[2024-07-08T15:10:10.640+0000] {processor.py:830} INFO - Processing file /home/airflow/.local/lib/python3.12/site-packages/airflow/example_dags/example_bash_operator.py for tasks to queue
[2024-07-08T15:10:10.644+0000] {logging_mixin.py:188} INFO - [2024-07-08T15:10:10.643+0000] {dagbag.py:545} INFO - Filling up the DagBag from /home/airflow/.local/lib/python3.12/site-packages/airflow/example_dags/example_bash_operator.py
[2024-07-08T15:10:10.657+0000] {processor.py:840} INFO - DAG(s) 'example_bash_operator' retrieved from /home/airflow/.local/lib/python3.12/site-packages/airflow/example_dags/example_bash_operator.py
[2024-07-08T15:10:10.698+0000] {logging_mixin.py:188} INFO - [2024-07-08T15:10:10.698+0000] {dag.py:3096} INFO - Sync 1 DAGs
[2024-07-08T15:10:10.729+0000] {logging_mixin.py:188} INFO - [2024-07-08T15:10:10.728+0000] {dag.py:3954} INFO - Setting next_dagrun for example_bash_operator to 2024-07-07 00:00:00+00:00, run_after=2024-07-08 00:00:00+00:00
[2024-07-08T15:10:10.761+0000] {processor.py:183} INFO - Processing /home/airflow/.local/lib/python3.12/site-packages/airflow/example_dags/example_bash_operator.py took 0.131 seconds
[2024-07-08T15:10:41.001+0000] {processor.py:161} INFO - Started process (PID=383) to work on /home/airflow/.local/lib/python3.12/site-packages/airflow/example_dags/example_bash_operator.py
[2024-07-08T15:10:41.003+0000] {processor.py:830} INFO - Processing file /home/airflow/.local/lib/python3.12/site-packages/airflow/example_dags/example_bash_operator.py for tasks to queue
[2024-07-08T15:10:41.006+0000] {logging_mixin.py:188} INFO - [2024-07-08T15:10:41.005+0000] {dagbag.py:545} INFO - Filling up the DagBag from /home/airflow/.local/lib/python3.12/site-packages/airflow/example_dags/example_bash_operator.py
[2024-07-08T15:10:41.019+0000] {processor.py:840} INFO - DAG(s) 'example_bash_operator' retrieved from /home/airflow/.local/lib/python3.12/site-packages/airflow/example_dags/example_bash_operator.py
[2024-07-08T15:10:41.053+0000] {logging_mixin.py:188} INFO - [2024-07-08T15:10:41.053+0000] {dag.py:3096} INFO - Sync 1 DAGs
[2024-07-08T15:10:41.084+0000] {logging_mixin.py:188} INFO - [2024-07-08T15:10:41.084+0000] {dag.py:3954} INFO - Setting next_dagrun for example_bash_operator to 2024-07-07 00:00:00+00:00, run_after=2024-07-08 00:00:00+00:00
[2024-07-08T15:10:41.114+0000] {processor.py:183} INFO - Processing /home/airflow/.local/lib/python3.12/site-packages/airflow/example_dags/example_bash_operator.py took 0.121 seconds
[2024-07-08T15:11:12.131+0000] {processor.py:161} INFO - Started process (PID=441) to work on /home/airflow/.local/lib/python3.12/site-packages/airflow/example_dags/example_bash_operator.py
[2024-07-08T15:11:12.133+0000] {processor.py:830} INFO - Processing file /home/airflow/.local/lib/python3.12/site-packages/airflow/example_dags/example_bash_operator.py for tasks to queue
[2024-07-08T15:11:12.135+0000] {logging_mixin.py:188} INFO - [2024-07-08T15:11:12.135+0000] {dagbag.py:545} INFO - Filling up the DagBag from /home/airflow/.local/lib/python3.12/site-packages/airflow/example_dags/example_bash_operator.py
[2024-07-08T15:11:12.148+0000] {processor.py:840} INFO - DAG(s) 'example_bash_operator' retrieved from /home/airflow/.local/lib/python3.12/site-packages/airflow/example_dags/example_bash_operator.py
[2024-07-08T15:11:12.184+0000] {logging_mixin.py:188} INFO - [2024-07-08T15:11:12.184+0000] {dag.py:3096} INFO - Sync 1 DAGs
[2024-07-08T15:11:12.213+0000] {logging_mixin.py:188} INFO - [2024-07-08T15:11:12.213+0000] {dag.py:3954} INFO - Setting next_dagrun for example_bash_operator to 2024-07-07 00:00:00+00:00, run_after=2024-07-08 00:00:00+00:00
[2024-07-08T15:11:12.244+0000] {processor.py:183} INFO - Processing /home/airflow/.local/lib/python3.12/site-packages/airflow/example_dags/example_bash_operator.py took 0.120 seconds
[2024-07-08T15:11:42.948+0000] {processor.py:161} INFO - Started process (PID=504) to work on /home/airflow/.local/lib/python3.12/site-packages/airflow/example_dags/example_bash_operator.py
[2024-07-08T15:11:42.949+0000] {processor.py:830} INFO - Processing file /home/airflow/.local/lib/python3.12/site-packages/airflow/example_dags/example_bash_operator.py for tasks to queue
[2024-07-08T15:11:42.952+0000] {logging_mixin.py:188} INFO - [2024-07-08T15:11:42.951+0000] {dagbag.py:545} INFO - Filling up the DagBag from /home/airflow/.local/lib/python3.12/site-packages/airflow/example_dags/example_bash_operator.py
[2024-07-08T15:11:42.965+0000] {processor.py:840} INFO - DAG(s) 'example_bash_operator' retrieved from /home/airflow/.local/lib/python3.12/site-packages/airflow/example_dags/example_bash_operator.py
[2024-07-08T15:11:43.003+0000] {logging_mixin.py:188} INFO - [2024-07-08T15:11:43.003+0000] {dag.py:3096} INFO - Sync 1 DAGs
[2024-07-08T15:11:43.035+0000] {logging_mixin.py:188} INFO - [2024-07-08T15:11:43.035+0000] {dag.py:3954} INFO - Setting next_dagrun for example_bash_operator to 2024-07-07 00:00:00+00:00, run_after=2024-07-08 00:00:00+00:00
[2024-07-08T15:11:43.065+0000] {processor.py:183} INFO - Processing /home/airflow/.local/lib/python3.12/site-packages/airflow/example_dags/example_bash_operator.py took 0.125 seconds
[2024-07-08T15:12:13.764+0000] {processor.py:161} INFO - Started process (PID=562) to work on /home/airflow/.local/lib/python3.12/site-packages/airflow/example_dags/example_bash_operator.py
[2024-07-08T15:12:13.766+0000] {processor.py:830} INFO - Processing file /home/airflow/.local/lib/python3.12/site-packages/airflow/example_dags/example_bash_operator.py for tasks to queue
[2024-07-08T15:12:13.768+0000] {logging_mixin.py:188} INFO - [2024-07-08T15:12:13.767+0000] {dagbag.py:545} INFO - Filling up the DagBag from /home/airflow/.local/lib/python3.12/site-packages/airflow/example_dags/example_bash_operator.py
[2024-07-08T15:12:13.787+0000] {processor.py:840} INFO - DAG(s) 'example_bash_operator' retrieved from /home/airflow/.local/lib/python3.12/site-packages/airflow/example_dags/example_bash_operator.py
[2024-07-08T15:12:13.831+0000] {logging_mixin.py:188} INFO - [2024-07-08T15:12:13.831+0000] {dag.py:3096} INFO - Sync 1 DAGs
[2024-07-08T15:12:13.870+0000] {logging_mixin.py:188} INFO - [2024-07-08T15:12:13.870+0000] {dag.py:3954} INFO - Setting next_dagrun for example_bash_operator to 2024-07-07 00:00:00+00:00, run_after=2024-07-08 00:00:00+00:00
[2024-07-08T15:12:13.913+0000] {processor.py:183} INFO - Processing /home/airflow/.local/lib/python3.12/site-packages/airflow/example_dags/example_bash_operator.py took 0.156 seconds
[2024-07-08T15:12:44.784+0000] {processor.py:161} INFO - Started process (PID=621) to work on /home/airflow/.local/lib/python3.12/site-packages/airflow/example_dags/example_bash_operator.py
[2024-07-08T15:12:44.785+0000] {processor.py:830} INFO - Processing file /home/airflow/.local/lib/python3.12/site-packages/airflow/example_dags/example_bash_operator.py for tasks to queue
[2024-07-08T15:12:44.789+0000] {logging_mixin.py:188} INFO - [2024-07-08T15:12:44.788+0000] {dagbag.py:545} INFO - Filling up the DagBag from /home/airflow/.local/lib/python3.12/site-packages/airflow/example_dags/example_bash_operator.py
[2024-07-08T15:12:44.808+0000] {processor.py:840} INFO - DAG(s) 'example_bash_operator' retrieved from /home/airflow/.local/lib/python3.12/site-packages/airflow/example_dags/example_bash_operator.py
[2024-07-08T15:12:44.854+0000] {logging_mixin.py:188} INFO - [2024-07-08T15:12:44.853+0000] {dag.py:3096} INFO - Sync 1 DAGs
[2024-07-08T15:12:44.893+0000] {logging_mixin.py:188} INFO - [2024-07-08T15:12:44.893+0000] {dag.py:3954} INFO - Setting next_dagrun for example_bash_operator to 2024-07-07 00:00:00+00:00, run_after=2024-07-08 00:00:00+00:00
[2024-07-08T15:12:44.935+0000] {processor.py:183} INFO - Processing /home/airflow/.local/lib/python3.12/site-packages/airflow/example_dags/example_bash_operator.py took 0.160 seconds
[2024-07-08T15:13:15.801+0000] {processor.py:161} INFO - Started process (PID=679) to work on /home/airflow/.local/lib/python3.12/site-packages/airflow/example_dags/example_bash_operator.py
[2024-07-08T15:13:15.807+0000] {processor.py:830} INFO - Processing file /home/airflow/.local/lib/python3.12/site-packages/airflow/example_dags/example_bash_operator.py for tasks to queue
[2024-07-08T15:13:15.822+0000] {logging_mixin.py:188} INFO - [2024-07-08T15:13:15.822+0000] {dagbag.py:545} INFO - Filling up the DagBag from /home/airflow/.local/lib/python3.12/site-packages/airflow/example_dags/example_bash_operator.py
[2024-07-08T15:13:15.895+0000] {processor.py:840} INFO - DAG(s) 'example_bash_operator' retrieved from /home/airflow/.local/lib/python3.12/site-packages/airflow/example_dags/example_bash_operator.py
[2024-07-08T15:13:16.023+0000] {logging_mixin.py:188} INFO - [2024-07-08T15:13:16.022+0000] {dag.py:3096} INFO - Sync 1 DAGs
[2024-07-08T15:13:16.143+0000] {logging_mixin.py:188} INFO - [2024-07-08T15:13:16.143+0000] {dag.py:3954} INFO - Setting next_dagrun for example_bash_operator to 2024-07-07 00:00:00+00:00, run_after=2024-07-08 00:00:00+00:00
[2024-07-08T15:13:16.202+0000] {processor.py:183} INFO - Processing /home/airflow/.local/lib/python3.12/site-packages/airflow/example_dags/example_bash_operator.py took 0.425 seconds
[2024-07-08T15:13:46.444+0000] {processor.py:161} INFO - Started process (PID=737) to work on /home/airflow/.local/lib/python3.12/site-packages/airflow/example_dags/example_bash_operator.py
[2024-07-08T15:13:46.465+0000] {processor.py:830} INFO - Processing file /home/airflow/.local/lib/python3.12/site-packages/airflow/example_dags/example_bash_operator.py for tasks to queue
[2024-07-08T15:13:46.486+0000] {logging_mixin.py:188} INFO - [2024-07-08T15:13:46.480+0000] {dagbag.py:545} INFO - Filling up the DagBag from /home/airflow/.local/lib/python3.12/site-packages/airflow/example_dags/example_bash_operator.py
[2024-07-08T15:13:46.635+0000] {processor.py:840} INFO - DAG(s) 'example_bash_operator' retrieved from /home/airflow/.local/lib/python3.12/site-packages/airflow/example_dags/example_bash_operator.py
[2024-07-08T15:13:46.980+0000] {logging_mixin.py:188} INFO - [2024-07-08T15:13:46.980+0000] {dag.py:3096} INFO - Sync 1 DAGs
[2024-07-08T15:13:47.094+0000] {logging_mixin.py:188} INFO - [2024-07-08T15:13:47.093+0000] {dag.py:3954} INFO - Setting next_dagrun for example_bash_operator to 2024-07-07 00:00:00+00:00, run_after=2024-07-08 00:00:00+00:00
[2024-07-08T15:13:47.226+0000] {processor.py:183} INFO - Processing /home/airflow/.local/lib/python3.12/site-packages/airflow/example_dags/example_bash_operator.py took 0.813 seconds
[2024-07-08T15:16:10.468+0000] {processor.py:161} INFO - Started process (PID=751) to work on /home/airflow/.local/lib/python3.12/site-packages/airflow/example_dags/example_bash_operator.py
[2024-07-08T15:16:10.470+0000] {processor.py:830} INFO - Processing file /home/airflow/.local/lib/python3.12/site-packages/airflow/example_dags/example_bash_operator.py for tasks to queue
[2024-07-08T15:16:10.472+0000] {logging_mixin.py:188} INFO - [2024-07-08T15:16:10.471+0000] {dagbag.py:545} INFO - Filling up the DagBag from /home/airflow/.local/lib/python3.12/site-packages/airflow/example_dags/example_bash_operator.py
[2024-07-08T15:16:10.495+0000] {processor.py:840} INFO - DAG(s) 'example_bash_operator' retrieved from /home/airflow/.local/lib/python3.12/site-packages/airflow/example_dags/example_bash_operator.py
[2024-07-08T15:16:10.605+0000] {logging_mixin.py:188} INFO - [2024-07-08T15:16:10.604+0000] {dag.py:3096} INFO - Sync 1 DAGs
[2024-07-08T15:16:10.686+0000] {logging_mixin.py:188} INFO - [2024-07-08T15:16:10.686+0000] {dag.py:3954} INFO - Setting next_dagrun for example_bash_operator to 2024-07-07 00:00:00+00:00, run_after=2024-07-08 00:00:00+00:00
[2024-07-08T15:16:10.783+0000] {processor.py:183} INFO - Processing /home/airflow/.local/lib/python3.12/site-packages/airflow/example_dags/example_bash_operator.py took 0.326 seconds
[2024-07-08T15:16:41.286+0000] {processor.py:161} INFO - Started process (PID=809) to work on /home/airflow/.local/lib/python3.12/site-packages/airflow/example_dags/example_bash_operator.py
[2024-07-08T15:16:41.288+0000] {processor.py:830} INFO - Processing file /home/airflow/.local/lib/python3.12/site-packages/airflow/example_dags/example_bash_operator.py for tasks to queue
[2024-07-08T15:16:41.290+0000] {logging_mixin.py:188} INFO - [2024-07-08T15:16:41.289+0000] {dagbag.py:545} INFO - Filling up the DagBag from /home/airflow/.local/lib/python3.12/site-packages/airflow/example_dags/example_bash_operator.py
[2024-07-08T15:16:41.318+0000] {processor.py:840} INFO - DAG(s) 'example_bash_operator' retrieved from /home/airflow/.local/lib/python3.12/site-packages/airflow/example_dags/example_bash_operator.py
[2024-07-08T15:16:41.525+0000] {logging_mixin.py:188} INFO - [2024-07-08T15:16:41.524+0000] {dag.py:3096} INFO - Sync 1 DAGs
[2024-07-08T15:16:41.597+0000] {logging_mixin.py:188} INFO - [2024-07-08T15:16:41.597+0000] {dag.py:3954} INFO - Setting next_dagrun for example_bash_operator to 2024-07-07 00:00:00+00:00, run_after=2024-07-08 00:00:00+00:00
[2024-07-08T15:16:41.637+0000] {processor.py:183} INFO - Processing /home/airflow/.local/lib/python3.12/site-packages/airflow/example_dags/example_bash_operator.py took 0.359 seconds
[2024-07-08T15:17:12.534+0000] {processor.py:161} INFO - Started process (PID=867) to work on /home/airflow/.local/lib/python3.12/site-packages/airflow/example_dags/example_bash_operator.py
[2024-07-08T15:17:12.535+0000] {processor.py:830} INFO - Processing file /home/airflow/.local/lib/python3.12/site-packages/airflow/example_dags/example_bash_operator.py for tasks to queue
[2024-07-08T15:17:12.536+0000] {logging_mixin.py:188} INFO - [2024-07-08T15:17:12.536+0000] {dagbag.py:545} INFO - Filling up the DagBag from /home/airflow/.local/lib/python3.12/site-packages/airflow/example_dags/example_bash_operator.py
[2024-07-08T15:17:12.552+0000] {processor.py:840} INFO - DAG(s) 'example_bash_operator' retrieved from /home/airflow/.local/lib/python3.12/site-packages/airflow/example_dags/example_bash_operator.py
[2024-07-08T15:17:12.593+0000] {logging_mixin.py:188} INFO - [2024-07-08T15:17:12.592+0000] {dag.py:3096} INFO - Sync 1 DAGs
[2024-07-08T15:17:12.624+0000] {logging_mixin.py:188} INFO - [2024-07-08T15:17:12.624+0000] {dag.py:3954} INFO - Setting next_dagrun for example_bash_operator to 2024-07-07 00:00:00+00:00, run_after=2024-07-08 00:00:00+00:00
[2024-07-08T15:17:12.661+0000] {processor.py:183} INFO - Processing /home/airflow/.local/lib/python3.12/site-packages/airflow/example_dags/example_bash_operator.py took 0.134 seconds
[2024-07-08T15:18:57.738+0000] {processor.py:161} INFO - Started process (PID=921) to work on /home/airflow/.local/lib/python3.12/site-packages/airflow/example_dags/example_bash_operator.py
[2024-07-08T15:18:57.740+0000] {processor.py:830} INFO - Processing file /home/airflow/.local/lib/python3.12/site-packages/airflow/example_dags/example_bash_operator.py for tasks to queue
[2024-07-08T15:18:57.742+0000] {logging_mixin.py:188} INFO - [2024-07-08T15:18:57.741+0000] {dagbag.py:545} INFO - Filling up the DagBag from /home/airflow/.local/lib/python3.12/site-packages/airflow/example_dags/example_bash_operator.py
[2024-07-08T15:18:57.762+0000] {processor.py:840} INFO - DAG(s) 'example_bash_operator' retrieved from /home/airflow/.local/lib/python3.12/site-packages/airflow/example_dags/example_bash_operator.py
[2024-07-08T15:18:57.822+0000] {logging_mixin.py:188} INFO - [2024-07-08T15:18:57.821+0000] {dag.py:3096} INFO - Sync 1 DAGs
[2024-07-08T15:18:57.883+0000] {logging_mixin.py:188} INFO - [2024-07-08T15:18:57.883+0000] {dag.py:3954} INFO - Setting next_dagrun for example_bash_operator to 2024-07-07 00:00:00+00:00, run_after=2024-07-08 00:00:00+00:00
[2024-07-08T15:18:57.915+0000] {processor.py:183} INFO - Processing /home/airflow/.local/lib/python3.12/site-packages/airflow/example_dags/example_bash_operator.py took 0.191 seconds
[2024-07-08T15:19:28.542+0000] {processor.py:161} INFO - Started process (PID=979) to work on /home/airflow/.local/lib/python3.12/site-packages/airflow/example_dags/example_bash_operator.py
[2024-07-08T15:19:28.546+0000] {processor.py:830} INFO - Processing file /home/airflow/.local/lib/python3.12/site-packages/airflow/example_dags/example_bash_operator.py for tasks to queue
[2024-07-08T15:19:28.548+0000] {logging_mixin.py:188} INFO - [2024-07-08T15:19:28.547+0000] {dagbag.py:545} INFO - Filling up the DagBag from /home/airflow/.local/lib/python3.12/site-packages/airflow/example_dags/example_bash_operator.py
[2024-07-08T15:19:28.569+0000] {processor.py:840} INFO - DAG(s) 'example_bash_operator' retrieved from /home/airflow/.local/lib/python3.12/site-packages/airflow/example_dags/example_bash_operator.py
[2024-07-08T15:19:28.620+0000] {logging_mixin.py:188} INFO - [2024-07-08T15:19:28.618+0000] {dag.py:3096} INFO - Sync 1 DAGs
[2024-07-08T15:19:28.684+0000] {logging_mixin.py:188} INFO - [2024-07-08T15:19:28.684+0000] {dag.py:3954} INFO - Setting next_dagrun for example_bash_operator to 2024-07-07 00:00:00+00:00, run_after=2024-07-08 00:00:00+00:00
[2024-07-08T15:19:28.736+0000] {processor.py:183} INFO - Processing /home/airflow/.local/lib/python3.12/site-packages/airflow/example_dags/example_bash_operator.py took 0.205 seconds
[2024-07-08T15:19:59.083+0000] {processor.py:161} INFO - Started process (PID=1035) to work on /home/airflow/.local/lib/python3.12/site-packages/airflow/example_dags/example_bash_operator.py
[2024-07-08T15:19:59.110+0000] {processor.py:830} INFO - Processing file /home/airflow/.local/lib/python3.12/site-packages/airflow/example_dags/example_bash_operator.py for tasks to queue
[2024-07-08T15:19:59.114+0000] {logging_mixin.py:188} INFO - [2024-07-08T15:19:59.113+0000] {dagbag.py:545} INFO - Filling up the DagBag from /home/airflow/.local/lib/python3.12/site-packages/airflow/example_dags/example_bash_operator.py
[2024-07-08T15:19:59.146+0000] {processor.py:840} INFO - DAG(s) 'example_bash_operator' retrieved from /home/airflow/.local/lib/python3.12/site-packages/airflow/example_dags/example_bash_operator.py
[2024-07-08T15:19:59.199+0000] {logging_mixin.py:188} INFO - [2024-07-08T15:19:59.199+0000] {dag.py:3096} INFO - Sync 1 DAGs
[2024-07-08T15:19:59.255+0000] {logging_mixin.py:188} INFO - [2024-07-08T15:19:59.254+0000] {dag.py:3954} INFO - Setting next_dagrun for example_bash_operator to 2024-07-07 00:00:00+00:00, run_after=2024-07-08 00:00:00+00:00
[2024-07-08T15:19:59.293+0000] {processor.py:183} INFO - Processing /home/airflow/.local/lib/python3.12/site-packages/airflow/example_dags/example_bash_operator.py took 0.228 seconds
[2024-07-08T15:20:29.859+0000] {processor.py:161} INFO - Started process (PID=1093) to work on /home/airflow/.local/lib/python3.12/site-packages/airflow/example_dags/example_bash_operator.py
[2024-07-08T15:20:29.861+0000] {processor.py:830} INFO - Processing file /home/airflow/.local/lib/python3.12/site-packages/airflow/example_dags/example_bash_operator.py for tasks to queue
[2024-07-08T15:20:29.863+0000] {logging_mixin.py:188} INFO - [2024-07-08T15:20:29.862+0000] {dagbag.py:545} INFO - Filling up the DagBag from /home/airflow/.local/lib/python3.12/site-packages/airflow/example_dags/example_bash_operator.py
[2024-07-08T15:20:29.885+0000] {processor.py:840} INFO - DAG(s) 'example_bash_operator' retrieved from /home/airflow/.local/lib/python3.12/site-packages/airflow/example_dags/example_bash_operator.py
[2024-07-08T15:20:29.932+0000] {logging_mixin.py:188} INFO - [2024-07-08T15:20:29.932+0000] {dag.py:3096} INFO - Sync 1 DAGs
[2024-07-08T15:20:29.967+0000] {logging_mixin.py:188} INFO - [2024-07-08T15:20:29.967+0000] {dag.py:3954} INFO - Setting next_dagrun for example_bash_operator to 2024-07-07 00:00:00+00:00, run_after=2024-07-08 00:00:00+00:00
[2024-07-08T15:20:30.004+0000] {processor.py:183} INFO - Processing /home/airflow/.local/lib/python3.12/site-packages/airflow/example_dags/example_bash_operator.py took 0.151 seconds
[2024-07-08T15:21:00.904+0000] {processor.py:161} INFO - Started process (PID=1151) to work on /home/airflow/.local/lib/python3.12/site-packages/airflow/example_dags/example_bash_operator.py
[2024-07-08T15:21:00.906+0000] {processor.py:830} INFO - Processing file /home/airflow/.local/lib/python3.12/site-packages/airflow/example_dags/example_bash_operator.py for tasks to queue
[2024-07-08T15:21:00.908+0000] {logging_mixin.py:188} INFO - [2024-07-08T15:21:00.907+0000] {dagbag.py:545} INFO - Filling up the DagBag from /home/airflow/.local/lib/python3.12/site-packages/airflow/example_dags/example_bash_operator.py
[2024-07-08T15:21:00.924+0000] {processor.py:840} INFO - DAG(s) 'example_bash_operator' retrieved from /home/airflow/.local/lib/python3.12/site-packages/airflow/example_dags/example_bash_operator.py
[2024-07-08T15:21:00.962+0000] {logging_mixin.py:188} INFO - [2024-07-08T15:21:00.962+0000] {dag.py:3096} INFO - Sync 1 DAGs
[2024-07-08T15:21:00.992+0000] {logging_mixin.py:188} INFO - [2024-07-08T15:21:00.992+0000] {dag.py:3954} INFO - Setting next_dagrun for example_bash_operator to 2024-07-07 00:00:00+00:00, run_after=2024-07-08 00:00:00+00:00
[2024-07-08T15:21:01.024+0000] {processor.py:183} INFO - Processing /home/airflow/.local/lib/python3.12/site-packages/airflow/example_dags/example_bash_operator.py took 0.127 seconds
[2024-07-08T15:21:31.291+0000] {processor.py:161} INFO - Started process (PID=1209) to work on /home/airflow/.local/lib/python3.12/site-packages/airflow/example_dags/example_bash_operator.py
[2024-07-08T15:21:31.293+0000] {processor.py:830} INFO - Processing file /home/airflow/.local/lib/python3.12/site-packages/airflow/example_dags/example_bash_operator.py for tasks to queue
[2024-07-08T15:21:31.295+0000] {logging_mixin.py:188} INFO - [2024-07-08T15:21:31.294+0000] {dagbag.py:545} INFO - Filling up the DagBag from /home/airflow/.local/lib/python3.12/site-packages/airflow/example_dags/example_bash_operator.py
[2024-07-08T15:21:31.312+0000] {processor.py:840} INFO - DAG(s) 'example_bash_operator' retrieved from /home/airflow/.local/lib/python3.12/site-packages/airflow/example_dags/example_bash_operator.py
[2024-07-08T15:21:31.349+0000] {logging_mixin.py:188} INFO - [2024-07-08T15:21:31.349+0000] {dag.py:3096} INFO - Sync 1 DAGs
[2024-07-08T15:21:31.380+0000] {logging_mixin.py:188} INFO - [2024-07-08T15:21:31.379+0000] {dag.py:3954} INFO - Setting next_dagrun for example_bash_operator to 2024-07-07 00:00:00+00:00, run_after=2024-07-08 00:00:00+00:00
[2024-07-08T15:21:31.408+0000] {processor.py:183} INFO - Processing /home/airflow/.local/lib/python3.12/site-packages/airflow/example_dags/example_bash_operator.py took 0.124 seconds
[2024-07-08T15:22:02.106+0000] {processor.py:161} INFO - Started process (PID=1267) to work on /home/airflow/.local/lib/python3.12/site-packages/airflow/example_dags/example_bash_operator.py
[2024-07-08T15:22:02.107+0000] {processor.py:830} INFO - Processing file /home/airflow/.local/lib/python3.12/site-packages/airflow/example_dags/example_bash_operator.py for tasks to queue
[2024-07-08T15:22:02.109+0000] {logging_mixin.py:188} INFO - [2024-07-08T15:22:02.108+0000] {dagbag.py:545} INFO - Filling up the DagBag from /home/airflow/.local/lib/python3.12/site-packages/airflow/example_dags/example_bash_operator.py
[2024-07-08T15:22:02.126+0000] {processor.py:840} INFO - DAG(s) 'example_bash_operator' retrieved from /home/airflow/.local/lib/python3.12/site-packages/airflow/example_dags/example_bash_operator.py
[2024-07-08T15:22:02.164+0000] {logging_mixin.py:188} INFO - [2024-07-08T15:22:02.163+0000] {dag.py:3096} INFO - Sync 1 DAGs
[2024-07-08T15:22:02.193+0000] {logging_mixin.py:188} INFO - [2024-07-08T15:22:02.193+0000] {dag.py:3954} INFO - Setting next_dagrun for example_bash_operator to 2024-07-07 00:00:00+00:00, run_after=2024-07-08 00:00:00+00:00
[2024-07-08T15:22:02.223+0000] {processor.py:183} INFO - Processing /home/airflow/.local/lib/python3.12/site-packages/airflow/example_dags/example_bash_operator.py took 0.127 seconds
[2024-07-08T15:22:32.562+0000] {processor.py:161} INFO - Started process (PID=1329) to work on /home/airflow/.local/lib/python3.12/site-packages/airflow/example_dags/example_bash_operator.py
[2024-07-08T15:22:32.563+0000] {processor.py:830} INFO - Processing file /home/airflow/.local/lib/python3.12/site-packages/airflow/example_dags/example_bash_operator.py for tasks to queue
[2024-07-08T15:22:32.565+0000] {logging_mixin.py:188} INFO - [2024-07-08T15:22:32.564+0000] {dagbag.py:545} INFO - Filling up the DagBag from /home/airflow/.local/lib/python3.12/site-packages/airflow/example_dags/example_bash_operator.py
[2024-07-08T15:22:32.585+0000] {processor.py:840} INFO - DAG(s) 'example_bash_operator' retrieved from /home/airflow/.local/lib/python3.12/site-packages/airflow/example_dags/example_bash_operator.py
[2024-07-08T15:22:32.637+0000] {logging_mixin.py:188} INFO - [2024-07-08T15:22:32.636+0000] {dag.py:3096} INFO - Sync 1 DAGs
[2024-07-08T15:22:32.681+0000] {logging_mixin.py:188} INFO - [2024-07-08T15:22:32.681+0000] {dag.py:3954} INFO - Setting next_dagrun for example_bash_operator to 2024-07-07 00:00:00+00:00, run_after=2024-07-08 00:00:00+00:00
[2024-07-08T15:22:32.727+0000] {processor.py:183} INFO - Processing /home/airflow/.local/lib/python3.12/site-packages/airflow/example_dags/example_bash_operator.py took 0.178 seconds
[2024-07-08T15:23:02.873+0000] {processor.py:161} INFO - Started process (PID=1391) to work on /home/airflow/.local/lib/python3.12/site-packages/airflow/example_dags/example_bash_operator.py
[2024-07-08T15:23:02.875+0000] {processor.py:830} INFO - Processing file /home/airflow/.local/lib/python3.12/site-packages/airflow/example_dags/example_bash_operator.py for tasks to queue
[2024-07-08T15:23:02.877+0000] {logging_mixin.py:188} INFO - [2024-07-08T15:23:02.877+0000] {dagbag.py:545} INFO - Filling up the DagBag from /home/airflow/.local/lib/python3.12/site-packages/airflow/example_dags/example_bash_operator.py
[2024-07-08T15:23:02.902+0000] {processor.py:840} INFO - DAG(s) 'example_bash_operator' retrieved from /home/airflow/.local/lib/python3.12/site-packages/airflow/example_dags/example_bash_operator.py
[2024-07-08T15:23:02.959+0000] {logging_mixin.py:188} INFO - [2024-07-08T15:23:02.959+0000] {dag.py:3096} INFO - Sync 1 DAGs
[2024-07-08T15:23:03.009+0000] {logging_mixin.py:188} INFO - [2024-07-08T15:23:03.009+0000] {dag.py:3954} INFO - Setting next_dagrun for example_bash_operator to 2024-07-07 00:00:00+00:00, run_after=2024-07-08 00:00:00+00:00
[2024-07-08T15:23:03.040+0000] {processor.py:183} INFO - Processing /home/airflow/.local/lib/python3.12/site-packages/airflow/example_dags/example_bash_operator.py took 0.177 seconds
[2024-07-08T15:23:33.819+0000] {processor.py:161} INFO - Started process (PID=1455) to work on /home/airflow/.local/lib/python3.12/site-packages/airflow/example_dags/example_bash_operator.py
[2024-07-08T15:23:33.826+0000] {processor.py:830} INFO - Processing file /home/airflow/.local/lib/python3.12/site-packages/airflow/example_dags/example_bash_operator.py for tasks to queue
[2024-07-08T15:23:33.834+0000] {logging_mixin.py:188} INFO - [2024-07-08T15:23:33.828+0000] {dagbag.py:545} INFO - Filling up the DagBag from /home/airflow/.local/lib/python3.12/site-packages/airflow/example_dags/example_bash_operator.py
[2024-07-08T15:23:33.856+0000] {processor.py:840} INFO - DAG(s) 'example_bash_operator' retrieved from /home/airflow/.local/lib/python3.12/site-packages/airflow/example_dags/example_bash_operator.py
[2024-07-08T15:23:33.933+0000] {logging_mixin.py:188} INFO - [2024-07-08T15:23:33.933+0000] {dag.py:3096} INFO - Sync 1 DAGs
[2024-07-08T15:23:33.963+0000] {logging_mixin.py:188} INFO - [2024-07-08T15:23:33.962+0000] {dag.py:3954} INFO - Setting next_dagrun for example_bash_operator to 2024-07-07 00:00:00+00:00, run_after=2024-07-08 00:00:00+00:00
[2024-07-08T15:23:34.000+0000] {processor.py:183} INFO - Processing /home/airflow/.local/lib/python3.12/site-packages/airflow/example_dags/example_bash_operator.py took 0.191 seconds
[2024-07-08T15:24:04.174+0000] {processor.py:161} INFO - Started process (PID=1521) to work on /home/airflow/.local/lib/python3.12/site-packages/airflow/example_dags/example_bash_operator.py
[2024-07-08T15:24:04.176+0000] {processor.py:830} INFO - Processing file /home/airflow/.local/lib/python3.12/site-packages/airflow/example_dags/example_bash_operator.py for tasks to queue
[2024-07-08T15:24:04.177+0000] {logging_mixin.py:188} INFO - [2024-07-08T15:24:04.177+0000] {dagbag.py:545} INFO - Filling up the DagBag from /home/airflow/.local/lib/python3.12/site-packages/airflow/example_dags/example_bash_operator.py
[2024-07-08T15:24:04.191+0000] {processor.py:840} INFO - DAG(s) 'example_bash_operator' retrieved from /home/airflow/.local/lib/python3.12/site-packages/airflow/example_dags/example_bash_operator.py
[2024-07-08T15:24:04.223+0000] {logging_mixin.py:188} INFO - [2024-07-08T15:24:04.223+0000] {dag.py:3096} INFO - Sync 1 DAGs
[2024-07-08T15:24:04.250+0000] {logging_mixin.py:188} INFO - [2024-07-08T15:24:04.250+0000] {dag.py:3954} INFO - Setting next_dagrun for example_bash_operator to 2024-07-07 00:00:00+00:00, run_after=2024-07-08 00:00:00+00:00
[2024-07-08T15:24:04.277+0000] {processor.py:183} INFO - Processing /home/airflow/.local/lib/python3.12/site-packages/airflow/example_dags/example_bash_operator.py took 0.109 seconds
[2024-07-08T15:24:34.453+0000] {processor.py:161} INFO - Started process (PID=1580) to work on /home/airflow/.local/lib/python3.12/site-packages/airflow/example_dags/example_bash_operator.py
[2024-07-08T15:24:34.454+0000] {processor.py:830} INFO - Processing file /home/airflow/.local/lib/python3.12/site-packages/airflow/example_dags/example_bash_operator.py for tasks to queue
[2024-07-08T15:24:34.456+0000] {logging_mixin.py:188} INFO - [2024-07-08T15:24:34.456+0000] {dagbag.py:545} INFO - Filling up the DagBag from /home/airflow/.local/lib/python3.12/site-packages/airflow/example_dags/example_bash_operator.py
[2024-07-08T15:24:34.472+0000] {processor.py:840} INFO - DAG(s) 'example_bash_operator' retrieved from /home/airflow/.local/lib/python3.12/site-packages/airflow/example_dags/example_bash_operator.py
[2024-07-08T15:24:34.513+0000] {logging_mixin.py:188} INFO - [2024-07-08T15:24:34.513+0000] {dag.py:3096} INFO - Sync 1 DAGs
[2024-07-08T15:24:34.541+0000] {logging_mixin.py:188} INFO - [2024-07-08T15:24:34.541+0000] {dag.py:3954} INFO - Setting next_dagrun for example_bash_operator to 2024-07-07 00:00:00+00:00, run_after=2024-07-08 00:00:00+00:00
[2024-07-08T15:24:34.566+0000] {processor.py:183} INFO - Processing /home/airflow/.local/lib/python3.12/site-packages/airflow/example_dags/example_bash_operator.py took 0.120 seconds
[2024-07-08T15:25:04.735+0000] {processor.py:161} INFO - Started process (PID=1643) to work on /home/airflow/.local/lib/python3.12/site-packages/airflow/example_dags/example_bash_operator.py
[2024-07-08T15:25:04.736+0000] {processor.py:830} INFO - Processing file /home/airflow/.local/lib/python3.12/site-packages/airflow/example_dags/example_bash_operator.py for tasks to queue
[2024-07-08T15:25:04.737+0000] {logging_mixin.py:188} INFO - [2024-07-08T15:25:04.737+0000] {dagbag.py:545} INFO - Filling up the DagBag from /home/airflow/.local/lib/python3.12/site-packages/airflow/example_dags/example_bash_operator.py
[2024-07-08T15:25:04.760+0000] {processor.py:840} INFO - DAG(s) 'example_bash_operator' retrieved from /home/airflow/.local/lib/python3.12/site-packages/airflow/example_dags/example_bash_operator.py
[2024-07-08T15:25:04.796+0000] {logging_mixin.py:188} INFO - [2024-07-08T15:25:04.796+0000] {dag.py:3096} INFO - Sync 1 DAGs
[2024-07-08T15:25:04.828+0000] {logging_mixin.py:188} INFO - [2024-07-08T15:25:04.828+0000] {dag.py:3954} INFO - Setting next_dagrun for example_bash_operator to 2024-07-07 00:00:00+00:00, run_after=2024-07-08 00:00:00+00:00
[2024-07-08T15:25:04.854+0000] {processor.py:183} INFO - Processing /home/airflow/.local/lib/python3.12/site-packages/airflow/example_dags/example_bash_operator.py took 0.126 seconds
[2024-07-08T15:25:35.188+0000] {processor.py:161} INFO - Started process (PID=1709) to work on /home/airflow/.local/lib/python3.12/site-packages/airflow/example_dags/example_bash_operator.py
[2024-07-08T15:25:35.189+0000] {processor.py:830} INFO - Processing file /home/airflow/.local/lib/python3.12/site-packages/airflow/example_dags/example_bash_operator.py for tasks to queue
[2024-07-08T15:25:35.191+0000] {logging_mixin.py:188} INFO - [2024-07-08T15:25:35.191+0000] {dagbag.py:545} INFO - Filling up the DagBag from /home/airflow/.local/lib/python3.12/site-packages/airflow/example_dags/example_bash_operator.py
[2024-07-08T15:25:35.212+0000] {processor.py:840} INFO - DAG(s) 'example_bash_operator' retrieved from /home/airflow/.local/lib/python3.12/site-packages/airflow/example_dags/example_bash_operator.py
[2024-07-08T15:25:35.276+0000] {logging_mixin.py:188} INFO - [2024-07-08T15:25:35.276+0000] {dag.py:3096} INFO - Sync 1 DAGs
[2024-07-08T15:25:35.347+0000] {logging_mixin.py:188} INFO - [2024-07-08T15:25:35.346+0000] {dag.py:3954} INFO - Setting next_dagrun for example_bash_operator to 2024-07-07 00:00:00+00:00, run_after=2024-07-08 00:00:00+00:00
[2024-07-08T15:25:35.399+0000] {processor.py:183} INFO - Processing /home/airflow/.local/lib/python3.12/site-packages/airflow/example_dags/example_bash_operator.py took 0.221 seconds
[2024-07-08T15:26:05.461+0000] {processor.py:161} INFO - Started process (PID=1774) to work on /home/airflow/.local/lib/python3.12/site-packages/airflow/example_dags/example_bash_operator.py
[2024-07-08T15:26:05.463+0000] {processor.py:830} INFO - Processing file /home/airflow/.local/lib/python3.12/site-packages/airflow/example_dags/example_bash_operator.py for tasks to queue
[2024-07-08T15:26:05.465+0000] {logging_mixin.py:188} INFO - [2024-07-08T15:26:05.464+0000] {dagbag.py:545} INFO - Filling up the DagBag from /home/airflow/.local/lib/python3.12/site-packages/airflow/example_dags/example_bash_operator.py
[2024-07-08T15:26:05.483+0000] {processor.py:840} INFO - DAG(s) 'example_bash_operator' retrieved from /home/airflow/.local/lib/python3.12/site-packages/airflow/example_dags/example_bash_operator.py
[2024-07-08T15:26:05.528+0000] {logging_mixin.py:188} INFO - [2024-07-08T15:26:05.527+0000] {dag.py:3096} INFO - Sync 1 DAGs
[2024-07-08T15:26:05.559+0000] {logging_mixin.py:188} INFO - [2024-07-08T15:26:05.558+0000] {dag.py:3954} INFO - Setting next_dagrun for example_bash_operator to 2024-07-07 00:00:00+00:00, run_after=2024-07-08 00:00:00+00:00
[2024-07-08T15:26:05.606+0000] {processor.py:183} INFO - Processing /home/airflow/.local/lib/python3.12/site-packages/airflow/example_dags/example_bash_operator.py took 0.153 seconds
[2024-07-08T15:26:36.344+0000] {processor.py:161} INFO - Started process (PID=1835) to work on /home/airflow/.local/lib/python3.12/site-packages/airflow/example_dags/example_bash_operator.py
[2024-07-08T15:26:36.345+0000] {processor.py:830} INFO - Processing file /home/airflow/.local/lib/python3.12/site-packages/airflow/example_dags/example_bash_operator.py for tasks to queue
[2024-07-08T15:26:36.347+0000] {logging_mixin.py:188} INFO - [2024-07-08T15:26:36.346+0000] {dagbag.py:545} INFO - Filling up the DagBag from /home/airflow/.local/lib/python3.12/site-packages/airflow/example_dags/example_bash_operator.py
[2024-07-08T15:26:36.361+0000] {processor.py:840} INFO - DAG(s) 'example_bash_operator' retrieved from /home/airflow/.local/lib/python3.12/site-packages/airflow/example_dags/example_bash_operator.py
[2024-07-08T15:26:36.396+0000] {logging_mixin.py:188} INFO - [2024-07-08T15:26:36.395+0000] {dag.py:3096} INFO - Sync 1 DAGs
[2024-07-08T15:26:36.423+0000] {logging_mixin.py:188} INFO - [2024-07-08T15:26:36.423+0000] {dag.py:3954} INFO - Setting next_dagrun for example_bash_operator to 2024-07-07 00:00:00+00:00, run_after=2024-07-08 00:00:00+00:00
[2024-07-08T15:26:36.451+0000] {processor.py:183} INFO - Processing /home/airflow/.local/lib/python3.12/site-packages/airflow/example_dags/example_bash_operator.py took 0.114 seconds
[2024-07-08T15:27:07.143+0000] {processor.py:161} INFO - Started process (PID=1896) to work on /home/airflow/.local/lib/python3.12/site-packages/airflow/example_dags/example_bash_operator.py
[2024-07-08T15:27:07.144+0000] {processor.py:830} INFO - Processing file /home/airflow/.local/lib/python3.12/site-packages/airflow/example_dags/example_bash_operator.py for tasks to queue
[2024-07-08T15:27:07.146+0000] {logging_mixin.py:188} INFO - [2024-07-08T15:27:07.145+0000] {dagbag.py:545} INFO - Filling up the DagBag from /home/airflow/.local/lib/python3.12/site-packages/airflow/example_dags/example_bash_operator.py
[2024-07-08T15:27:07.161+0000] {processor.py:840} INFO - DAG(s) 'example_bash_operator' retrieved from /home/airflow/.local/lib/python3.12/site-packages/airflow/example_dags/example_bash_operator.py
[2024-07-08T15:27:07.200+0000] {logging_mixin.py:188} INFO - [2024-07-08T15:27:07.199+0000] {dag.py:3096} INFO - Sync 1 DAGs
[2024-07-08T15:27:07.379+0000] {logging_mixin.py:188} INFO - [2024-07-08T15:27:07.379+0000] {dag.py:3954} INFO - Setting next_dagrun for example_bash_operator to 2024-07-07 00:00:00+00:00, run_after=2024-07-08 00:00:00+00:00
[2024-07-08T15:27:07.408+0000] {processor.py:183} INFO - Processing /home/airflow/.local/lib/python3.12/site-packages/airflow/example_dags/example_bash_operator.py took 0.272 seconds
[2024-07-08T15:27:38.679+0000] {processor.py:161} INFO - Started process (PID=1954) to work on /home/airflow/.local/lib/python3.12/site-packages/airflow/example_dags/example_bash_operator.py
[2024-07-08T15:27:38.681+0000] {processor.py:830} INFO - Processing file /home/airflow/.local/lib/python3.12/site-packages/airflow/example_dags/example_bash_operator.py for tasks to queue
[2024-07-08T15:27:38.682+0000] {logging_mixin.py:188} INFO - [2024-07-08T15:27:38.682+0000] {dagbag.py:545} INFO - Filling up the DagBag from /home/airflow/.local/lib/python3.12/site-packages/airflow/example_dags/example_bash_operator.py
[2024-07-08T15:27:38.699+0000] {processor.py:840} INFO - DAG(s) 'example_bash_operator' retrieved from /home/airflow/.local/lib/python3.12/site-packages/airflow/example_dags/example_bash_operator.py
[2024-07-08T15:27:38.748+0000] {logging_mixin.py:188} INFO - [2024-07-08T15:27:38.748+0000] {dag.py:3096} INFO - Sync 1 DAGs
[2024-07-08T15:27:38.971+0000] {logging_mixin.py:188} INFO - [2024-07-08T15:27:38.970+0000] {dag.py:3954} INFO - Setting next_dagrun for example_bash_operator to 2024-07-07 00:00:00+00:00, run_after=2024-07-08 00:00:00+00:00
[2024-07-08T15:27:39.010+0000] {processor.py:183} INFO - Processing /home/airflow/.local/lib/python3.12/site-packages/airflow/example_dags/example_bash_operator.py took 0.346 seconds
[2024-07-08T15:28:09.362+0000] {processor.py:161} INFO - Started process (PID=2013) to work on /home/airflow/.local/lib/python3.12/site-packages/airflow/example_dags/example_bash_operator.py
[2024-07-08T15:28:09.363+0000] {processor.py:830} INFO - Processing file /home/airflow/.local/lib/python3.12/site-packages/airflow/example_dags/example_bash_operator.py for tasks to queue
[2024-07-08T15:28:09.365+0000] {logging_mixin.py:188} INFO - [2024-07-08T15:28:09.364+0000] {dagbag.py:545} INFO - Filling up the DagBag from /home/airflow/.local/lib/python3.12/site-packages/airflow/example_dags/example_bash_operator.py
[2024-07-08T15:28:09.381+0000] {processor.py:840} INFO - DAG(s) 'example_bash_operator' retrieved from /home/airflow/.local/lib/python3.12/site-packages/airflow/example_dags/example_bash_operator.py
[2024-07-08T15:28:09.428+0000] {logging_mixin.py:188} INFO - [2024-07-08T15:28:09.427+0000] {dag.py:3096} INFO - Sync 1 DAGs
[2024-07-08T15:28:09.460+0000] {logging_mixin.py:188} INFO - [2024-07-08T15:28:09.460+0000] {dag.py:3954} INFO - Setting next_dagrun for example_bash_operator to 2024-07-07 00:00:00+00:00, run_after=2024-07-08 00:00:00+00:00
[2024-07-08T15:28:09.489+0000] {processor.py:183} INFO - Processing /home/airflow/.local/lib/python3.12/site-packages/airflow/example_dags/example_bash_operator.py took 0.135 seconds
[2024-07-08T15:31:07.363+0000] {processor.py:161} INFO - Started process (PID=2073) to work on /home/airflow/.local/lib/python3.12/site-packages/airflow/example_dags/example_bash_operator.py
[2024-07-08T15:31:07.365+0000] {processor.py:830} INFO - Processing file /home/airflow/.local/lib/python3.12/site-packages/airflow/example_dags/example_bash_operator.py for tasks to queue
[2024-07-08T15:31:07.367+0000] {logging_mixin.py:188} INFO - [2024-07-08T15:31:07.366+0000] {dagbag.py:545} INFO - Filling up the DagBag from /home/airflow/.local/lib/python3.12/site-packages/airflow/example_dags/example_bash_operator.py
[2024-07-08T15:31:07.383+0000] {processor.py:840} INFO - DAG(s) 'example_bash_operator' retrieved from /home/airflow/.local/lib/python3.12/site-packages/airflow/example_dags/example_bash_operator.py
[2024-07-08T15:31:07.425+0000] {logging_mixin.py:188} INFO - [2024-07-08T15:31:07.425+0000] {dag.py:3096} INFO - Sync 1 DAGs
[2024-07-08T15:31:07.459+0000] {logging_mixin.py:188} INFO - [2024-07-08T15:31:07.459+0000] {dag.py:3954} INFO - Setting next_dagrun for example_bash_operator to 2024-07-07 00:00:00+00:00, run_after=2024-07-08 00:00:00+00:00
[2024-07-08T15:31:07.483+0000] {processor.py:183} INFO - Processing /home/airflow/.local/lib/python3.12/site-packages/airflow/example_dags/example_bash_operator.py took 0.126 seconds
[2024-07-08T15:31:38.224+0000] {processor.py:161} INFO - Started process (PID=2131) to work on /home/airflow/.local/lib/python3.12/site-packages/airflow/example_dags/example_bash_operator.py
[2024-07-08T15:31:38.226+0000] {processor.py:830} INFO - Processing file /home/airflow/.local/lib/python3.12/site-packages/airflow/example_dags/example_bash_operator.py for tasks to queue
[2024-07-08T15:31:38.227+0000] {logging_mixin.py:188} INFO - [2024-07-08T15:31:38.227+0000] {dagbag.py:545} INFO - Filling up the DagBag from /home/airflow/.local/lib/python3.12/site-packages/airflow/example_dags/example_bash_operator.py
[2024-07-08T15:31:38.252+0000] {processor.py:840} INFO - DAG(s) 'example_bash_operator' retrieved from /home/airflow/.local/lib/python3.12/site-packages/airflow/example_dags/example_bash_operator.py
[2024-07-08T15:31:38.305+0000] {logging_mixin.py:188} INFO - [2024-07-08T15:31:38.304+0000] {dag.py:3096} INFO - Sync 1 DAGs
[2024-07-08T15:31:38.348+0000] {logging_mixin.py:188} INFO - [2024-07-08T15:31:38.348+0000] {dag.py:3954} INFO - Setting next_dagrun for example_bash_operator to 2024-07-07 00:00:00+00:00, run_after=2024-07-08 00:00:00+00:00
[2024-07-08T15:31:38.402+0000] {processor.py:183} INFO - Processing /home/airflow/.local/lib/python3.12/site-packages/airflow/example_dags/example_bash_operator.py took 0.190 seconds
[2024-07-08T15:32:08.606+0000] {processor.py:161} INFO - Started process (PID=2190) to work on /home/airflow/.local/lib/python3.12/site-packages/airflow/example_dags/example_bash_operator.py
[2024-07-08T15:32:08.607+0000] {processor.py:830} INFO - Processing file /home/airflow/.local/lib/python3.12/site-packages/airflow/example_dags/example_bash_operator.py for tasks to queue
[2024-07-08T15:32:08.611+0000] {logging_mixin.py:188} INFO - [2024-07-08T15:32:08.608+0000] {dagbag.py:545} INFO - Filling up the DagBag from /home/airflow/.local/lib/python3.12/site-packages/airflow/example_dags/example_bash_operator.py
[2024-07-08T15:32:08.631+0000] {processor.py:840} INFO - DAG(s) 'example_bash_operator' retrieved from /home/airflow/.local/lib/python3.12/site-packages/airflow/example_dags/example_bash_operator.py
[2024-07-08T15:32:08.667+0000] {logging_mixin.py:188} INFO - [2024-07-08T15:32:08.667+0000] {dag.py:3096} INFO - Sync 1 DAGs
[2024-07-08T15:32:08.699+0000] {logging_mixin.py:188} INFO - [2024-07-08T15:32:08.699+0000] {dag.py:3954} INFO - Setting next_dagrun for example_bash_operator to 2024-07-07 00:00:00+00:00, run_after=2024-07-08 00:00:00+00:00
[2024-07-08T15:32:08.734+0000] {processor.py:183} INFO - Processing /home/airflow/.local/lib/python3.12/site-packages/airflow/example_dags/example_bash_operator.py took 0.147 seconds
[2024-07-08T15:33:50.330+0000] {processor.py:161} INFO - Started process (PID=2249) to work on /home/airflow/.local/lib/python3.12/site-packages/airflow/example_dags/example_bash_operator.py
[2024-07-08T15:33:50.340+0000] {processor.py:830} INFO - Processing file /home/airflow/.local/lib/python3.12/site-packages/airflow/example_dags/example_bash_operator.py for tasks to queue
[2024-07-08T15:33:50.348+0000] {logging_mixin.py:188} INFO - [2024-07-08T15:33:50.347+0000] {dagbag.py:545} INFO - Filling up the DagBag from /home/airflow/.local/lib/python3.12/site-packages/airflow/example_dags/example_bash_operator.py
[2024-07-08T15:33:50.414+0000] {processor.py:840} INFO - DAG(s) 'example_bash_operator' retrieved from /home/airflow/.local/lib/python3.12/site-packages/airflow/example_dags/example_bash_operator.py
[2024-07-08T15:33:50.611+0000] {logging_mixin.py:188} INFO - [2024-07-08T15:33:50.603+0000] {dag.py:3096} INFO - Sync 1 DAGs
[2024-07-08T15:33:51.380+0000] {logging_mixin.py:188} INFO - [2024-07-08T15:33:51.379+0000] {dag.py:3954} INFO - Setting next_dagrun for example_bash_operator to 2024-07-07 00:00:00+00:00, run_after=2024-07-08 00:00:00+00:00
[2024-07-08T15:33:52.247+0000] {processor.py:183} INFO - Processing /home/airflow/.local/lib/python3.12/site-packages/airflow/example_dags/example_bash_operator.py took 1.938 seconds
[2024-07-08T15:40:10.759+0000] {processor.py:161} INFO - Started process (PID=2369) to work on /home/airflow/.local/lib/python3.12/site-packages/airflow/example_dags/example_bash_operator.py
[2024-07-08T15:40:10.763+0000] {processor.py:830} INFO - Processing file /home/airflow/.local/lib/python3.12/site-packages/airflow/example_dags/example_bash_operator.py for tasks to queue
[2024-07-08T15:40:10.765+0000] {logging_mixin.py:188} INFO - [2024-07-08T15:40:10.764+0000] {dagbag.py:545} INFO - Filling up the DagBag from /home/airflow/.local/lib/python3.12/site-packages/airflow/example_dags/example_bash_operator.py
[2024-07-08T15:40:10.841+0000] {processor.py:840} INFO - DAG(s) 'example_bash_operator' retrieved from /home/airflow/.local/lib/python3.12/site-packages/airflow/example_dags/example_bash_operator.py
[2024-07-08T15:40:10.980+0000] {logging_mixin.py:188} INFO - [2024-07-08T15:40:10.980+0000] {dag.py:3096} INFO - Sync 1 DAGs
[2024-07-08T15:40:11.069+0000] {logging_mixin.py:188} INFO - [2024-07-08T15:40:11.068+0000] {dag.py:3954} INFO - Setting next_dagrun for example_bash_operator to 2024-07-07 00:00:00+00:00, run_after=2024-07-08 00:00:00+00:00
[2024-07-08T15:40:11.170+0000] {processor.py:183} INFO - Processing /home/airflow/.local/lib/python3.12/site-packages/airflow/example_dags/example_bash_operator.py took 0.422 seconds
[2024-07-08T15:41:27.959+0000] {processor.py:161} INFO - Started process (PID=2397) to work on /home/airflow/.local/lib/python3.12/site-packages/airflow/example_dags/example_bash_operator.py
[2024-07-08T15:41:27.964+0000] {processor.py:830} INFO - Processing file /home/airflow/.local/lib/python3.12/site-packages/airflow/example_dags/example_bash_operator.py for tasks to queue
[2024-07-08T15:41:27.974+0000] {logging_mixin.py:188} INFO - [2024-07-08T15:41:27.966+0000] {dagbag.py:545} INFO - Filling up the DagBag from /home/airflow/.local/lib/python3.12/site-packages/airflow/example_dags/example_bash_operator.py
[2024-07-08T15:41:28.063+0000] {processor.py:840} INFO - DAG(s) 'example_bash_operator' retrieved from /home/airflow/.local/lib/python3.12/site-packages/airflow/example_dags/example_bash_operator.py
[2024-07-08T15:41:28.882+0000] {logging_mixin.py:188} INFO - [2024-07-08T15:41:28.871+0000] {dag.py:3096} INFO - Sync 1 DAGs
[2024-07-08T15:41:29.151+0000] {logging_mixin.py:188} INFO - [2024-07-08T15:41:29.150+0000] {dag.py:3954} INFO - Setting next_dagrun for example_bash_operator to 2024-07-07 00:00:00+00:00, run_after=2024-07-08 00:00:00+00:00
[2024-07-08T15:41:58.704+0000] {processor.py:183} INFO - Processing /home/airflow/.local/lib/python3.12/site-packages/airflow/example_dags/example_bash_operator.py took 30.778 seconds
[2024-07-08T15:42:29.020+0000] {processor.py:161} INFO - Started process (PID=2456) to work on /home/airflow/.local/lib/python3.12/site-packages/airflow/example_dags/example_bash_operator.py
[2024-07-08T15:42:29.021+0000] {processor.py:830} INFO - Processing file /home/airflow/.local/lib/python3.12/site-packages/airflow/example_dags/example_bash_operator.py for tasks to queue
[2024-07-08T15:42:29.023+0000] {logging_mixin.py:188} INFO - [2024-07-08T15:42:29.022+0000] {dagbag.py:545} INFO - Filling up the DagBag from /home/airflow/.local/lib/python3.12/site-packages/airflow/example_dags/example_bash_operator.py
[2024-07-08T15:42:29.036+0000] {processor.py:840} INFO - DAG(s) 'example_bash_operator' retrieved from /home/airflow/.local/lib/python3.12/site-packages/airflow/example_dags/example_bash_operator.py
[2024-07-08T15:42:29.080+0000] {logging_mixin.py:188} INFO - [2024-07-08T15:42:29.079+0000] {dag.py:3096} INFO - Sync 1 DAGs
[2024-07-08T15:42:29.106+0000] {logging_mixin.py:188} INFO - [2024-07-08T15:42:29.105+0000] {dag.py:3954} INFO - Setting next_dagrun for example_bash_operator to 2024-07-07 00:00:00+00:00, run_after=2024-07-08 00:00:00+00:00
[2024-07-08T15:42:29.129+0000] {processor.py:183} INFO - Processing /home/airflow/.local/lib/python3.12/site-packages/airflow/example_dags/example_bash_operator.py took 0.120 seconds
[2024-07-08T15:42:59.461+0000] {processor.py:161} INFO - Started process (PID=2519) to work on /home/airflow/.local/lib/python3.12/site-packages/airflow/example_dags/example_bash_operator.py
[2024-07-08T15:42:59.462+0000] {processor.py:830} INFO - Processing file /home/airflow/.local/lib/python3.12/site-packages/airflow/example_dags/example_bash_operator.py for tasks to queue
[2024-07-08T15:42:59.463+0000] {logging_mixin.py:188} INFO - [2024-07-08T15:42:59.463+0000] {dagbag.py:545} INFO - Filling up the DagBag from /home/airflow/.local/lib/python3.12/site-packages/airflow/example_dags/example_bash_operator.py
[2024-07-08T15:42:59.475+0000] {processor.py:840} INFO - DAG(s) 'example_bash_operator' retrieved from /home/airflow/.local/lib/python3.12/site-packages/airflow/example_dags/example_bash_operator.py
[2024-07-08T15:42:59.507+0000] {logging_mixin.py:188} INFO - [2024-07-08T15:42:59.507+0000] {dag.py:3096} INFO - Sync 1 DAGs
[2024-07-08T15:42:59.529+0000] {logging_mixin.py:188} INFO - [2024-07-08T15:42:59.529+0000] {dag.py:3954} INFO - Setting next_dagrun for example_bash_operator to 2024-07-07 00:00:00+00:00, run_after=2024-07-08 00:00:00+00:00
[2024-07-08T15:42:59.559+0000] {processor.py:183} INFO - Processing /home/airflow/.local/lib/python3.12/site-packages/airflow/example_dags/example_bash_operator.py took 0.104 seconds
[2024-07-08T15:43:29.992+0000] {processor.py:161} INFO - Started process (PID=2579) to work on /home/airflow/.local/lib/python3.12/site-packages/airflow/example_dags/example_bash_operator.py
[2024-07-08T15:43:29.994+0000] {processor.py:830} INFO - Processing file /home/airflow/.local/lib/python3.12/site-packages/airflow/example_dags/example_bash_operator.py for tasks to queue
[2024-07-08T15:43:29.995+0000] {logging_mixin.py:188} INFO - [2024-07-08T15:43:29.995+0000] {dagbag.py:545} INFO - Filling up the DagBag from /home/airflow/.local/lib/python3.12/site-packages/airflow/example_dags/example_bash_operator.py
[2024-07-08T15:43:30.012+0000] {processor.py:840} INFO - DAG(s) 'example_bash_operator' retrieved from /home/airflow/.local/lib/python3.12/site-packages/airflow/example_dags/example_bash_operator.py
[2024-07-08T15:43:30.049+0000] {logging_mixin.py:188} INFO - [2024-07-08T15:43:30.049+0000] {dag.py:3096} INFO - Sync 1 DAGs
[2024-07-08T15:43:30.073+0000] {logging_mixin.py:188} INFO - [2024-07-08T15:43:30.072+0000] {dag.py:3954} INFO - Setting next_dagrun for example_bash_operator to 2024-07-07 00:00:00+00:00, run_after=2024-07-08 00:00:00+00:00
[2024-07-08T15:43:30.096+0000] {processor.py:183} INFO - Processing /home/airflow/.local/lib/python3.12/site-packages/airflow/example_dags/example_bash_operator.py took 0.120 seconds
