[2024-07-08T15:07:53.201+0000] {processor.py:161} INFO - Started process (PID=71) to work on /home/airflow/.local/lib/python3.12/site-packages/airflow/example_dags/example_subdag_operator.py
[2024-07-08T15:07:53.281+0000] {processor.py:830} INFO - Processing file /home/airflow/.local/lib/python3.12/site-packages/airflow/example_dags/example_subdag_operator.py for tasks to queue
[2024-07-08T15:07:53.350+0000] {logging_mixin.py:188} INFO - [2024-07-08T15:07:53.333+0000] {dagbag.py:545} INFO - Filling up the DagBag from /home/airflow/.local/lib/python3.12/site-packages/airflow/example_dags/example_subdag_operator.py
[2024-07-08T15:07:54.128+0000] {processor.py:840} INFO - DAG(s) 'example_subdag_operator.section-1', 'example_subdag_operator.section-2', 'example_subdag_operator' retrieved from /home/airflow/.local/lib/python3.12/site-packages/airflow/example_dags/example_subdag_operator.py
[2024-07-08T15:07:54.650+0000] {logging_mixin.py:188} INFO - [2024-07-08T15:07:54.649+0000] {dag.py:3096} INFO - Sync 3 DAGs
[2024-07-08T15:07:54.717+0000] {logging_mixin.py:188} INFO - [2024-07-08T15:07:54.717+0000] {dag.py:3954} INFO - Setting next_dagrun for example_subdag_operator to 2022-01-01 00:00:00+00:00, run_after=2022-01-01 00:00:00+00:00
[2024-07-08T15:07:54.727+0000] {logging_mixin.py:188} INFO - [2024-07-08T15:07:54.726+0000] {dag.py:3954} INFO - Setting next_dagrun for example_subdag_operator.section-1 to None, run_after=None
[2024-07-08T15:07:54.738+0000] {logging_mixin.py:188} INFO - [2024-07-08T15:07:54.737+0000] {dag.py:3954} INFO - Setting next_dagrun for example_subdag_operator.section-2 to None, run_after=None
[2024-07-08T15:07:54.778+0000] {logging_mixin.py:188} INFO - [2024-07-08T15:07:54.777+0000] {dag.py:3096} INFO - Sync 2 DAGs
[2024-07-08T15:07:54.799+0000] {logging_mixin.py:188} INFO - [2024-07-08T15:07:54.799+0000] {dag.py:3954} INFO - Setting next_dagrun for example_subdag_operator.section-1 to None, run_after=None
[2024-07-08T15:07:54.801+0000] {logging_mixin.py:188} INFO - [2024-07-08T15:07:54.801+0000] {dag.py:3954} INFO - Setting next_dagrun for example_subdag_operator.section-2 to None, run_after=None
[2024-07-08T15:07:54.830+0000] {processor.py:183} INFO - Processing /home/airflow/.local/lib/python3.12/site-packages/airflow/example_dags/example_subdag_operator.py took 1.821 seconds
[2024-07-08T15:08:25.161+0000] {processor.py:161} INFO - Started process (PID=128) to work on /home/airflow/.local/lib/python3.12/site-packages/airflow/example_dags/example_subdag_operator.py
[2024-07-08T15:08:25.163+0000] {processor.py:830} INFO - Processing file /home/airflow/.local/lib/python3.12/site-packages/airflow/example_dags/example_subdag_operator.py for tasks to queue
[2024-07-08T15:08:25.165+0000] {logging_mixin.py:188} INFO - [2024-07-08T15:08:25.165+0000] {dagbag.py:545} INFO - Filling up the DagBag from /home/airflow/.local/lib/python3.12/site-packages/airflow/example_dags/example_subdag_operator.py
[2024-07-08T15:08:25.195+0000] {processor.py:840} INFO - DAG(s) 'example_subdag_operator.section-1', 'example_subdag_operator.section-2', 'example_subdag_operator' retrieved from /home/airflow/.local/lib/python3.12/site-packages/airflow/example_dags/example_subdag_operator.py
[2024-07-08T15:08:25.215+0000] {logging_mixin.py:188} INFO - [2024-07-08T15:08:25.215+0000] {dag.py:3096} INFO - Sync 3 DAGs
[2024-07-08T15:08:25.241+0000] {logging_mixin.py:188} INFO - [2024-07-08T15:08:25.241+0000] {dag.py:3954} INFO - Setting next_dagrun for example_subdag_operator to 2022-01-01 00:00:00+00:00, run_after=2022-01-01 00:00:00+00:00
[2024-07-08T15:08:25.246+0000] {logging_mixin.py:188} INFO - [2024-07-08T15:08:25.245+0000] {dag.py:3954} INFO - Setting next_dagrun for example_subdag_operator.section-1 to None, run_after=None
[2024-07-08T15:08:25.248+0000] {logging_mixin.py:188} INFO - [2024-07-08T15:08:25.248+0000] {dag.py:3954} INFO - Setting next_dagrun for example_subdag_operator.section-2 to None, run_after=None
[2024-07-08T15:08:25.257+0000] {logging_mixin.py:188} INFO - [2024-07-08T15:08:25.257+0000] {dag.py:3096} INFO - Sync 2 DAGs
[2024-07-08T15:08:25.265+0000] {logging_mixin.py:188} INFO - [2024-07-08T15:08:25.264+0000] {dag.py:3954} INFO - Setting next_dagrun for example_subdag_operator.section-1 to None, run_after=None
[2024-07-08T15:08:25.266+0000] {logging_mixin.py:188} INFO - [2024-07-08T15:08:25.266+0000] {dag.py:3954} INFO - Setting next_dagrun for example_subdag_operator.section-2 to None, run_after=None
[2024-07-08T15:08:25.284+0000] {processor.py:183} INFO - Processing /home/airflow/.local/lib/python3.12/site-packages/airflow/example_dags/example_subdag_operator.py took 0.134 seconds
[2024-07-08T15:08:55.414+0000] {processor.py:161} INFO - Started process (PID=186) to work on /home/airflow/.local/lib/python3.12/site-packages/airflow/example_dags/example_subdag_operator.py
[2024-07-08T15:08:55.418+0000] {processor.py:830} INFO - Processing file /home/airflow/.local/lib/python3.12/site-packages/airflow/example_dags/example_subdag_operator.py for tasks to queue
[2024-07-08T15:08:55.422+0000] {logging_mixin.py:188} INFO - [2024-07-08T15:08:55.421+0000] {dagbag.py:545} INFO - Filling up the DagBag from /home/airflow/.local/lib/python3.12/site-packages/airflow/example_dags/example_subdag_operator.py
[2024-07-08T15:08:55.478+0000] {processor.py:840} INFO - DAG(s) 'example_subdag_operator.section-1', 'example_subdag_operator.section-2', 'example_subdag_operator' retrieved from /home/airflow/.local/lib/python3.12/site-packages/airflow/example_dags/example_subdag_operator.py
[2024-07-08T15:08:55.508+0000] {logging_mixin.py:188} INFO - [2024-07-08T15:08:55.508+0000] {dag.py:3096} INFO - Sync 3 DAGs
[2024-07-08T15:08:55.555+0000] {logging_mixin.py:188} INFO - [2024-07-08T15:08:55.555+0000] {dag.py:3954} INFO - Setting next_dagrun for example_subdag_operator to 2022-01-01 00:00:00+00:00, run_after=2022-01-01 00:00:00+00:00
[2024-07-08T15:08:55.563+0000] {logging_mixin.py:188} INFO - [2024-07-08T15:08:55.562+0000] {dag.py:3954} INFO - Setting next_dagrun for example_subdag_operator.section-1 to None, run_after=None
[2024-07-08T15:08:55.566+0000] {logging_mixin.py:188} INFO - [2024-07-08T15:08:55.565+0000] {dag.py:3954} INFO - Setting next_dagrun for example_subdag_operator.section-2 to None, run_after=None
[2024-07-08T15:08:55.582+0000] {logging_mixin.py:188} INFO - [2024-07-08T15:08:55.581+0000] {dag.py:3096} INFO - Sync 2 DAGs
[2024-07-08T15:08:55.596+0000] {logging_mixin.py:188} INFO - [2024-07-08T15:08:55.595+0000] {dag.py:3954} INFO - Setting next_dagrun for example_subdag_operator.section-1 to None, run_after=None
[2024-07-08T15:08:55.597+0000] {logging_mixin.py:188} INFO - [2024-07-08T15:08:55.596+0000] {dag.py:3954} INFO - Setting next_dagrun for example_subdag_operator.section-2 to None, run_after=None
[2024-07-08T15:08:55.622+0000] {processor.py:183} INFO - Processing /home/airflow/.local/lib/python3.12/site-packages/airflow/example_dags/example_subdag_operator.py took 0.219 seconds
[2024-07-08T15:09:25.816+0000] {processor.py:161} INFO - Started process (PID=244) to work on /home/airflow/.local/lib/python3.12/site-packages/airflow/example_dags/example_subdag_operator.py
[2024-07-08T15:09:25.818+0000] {processor.py:830} INFO - Processing file /home/airflow/.local/lib/python3.12/site-packages/airflow/example_dags/example_subdag_operator.py for tasks to queue
[2024-07-08T15:09:25.821+0000] {logging_mixin.py:188} INFO - [2024-07-08T15:09:25.820+0000] {dagbag.py:545} INFO - Filling up the DagBag from /home/airflow/.local/lib/python3.12/site-packages/airflow/example_dags/example_subdag_operator.py
[2024-07-08T15:09:25.864+0000] {processor.py:840} INFO - DAG(s) 'example_subdag_operator.section-1', 'example_subdag_operator.section-2', 'example_subdag_operator' retrieved from /home/airflow/.local/lib/python3.12/site-packages/airflow/example_dags/example_subdag_operator.py
[2024-07-08T15:09:25.894+0000] {logging_mixin.py:188} INFO - [2024-07-08T15:09:25.894+0000] {dag.py:3096} INFO - Sync 3 DAGs
[2024-07-08T15:09:25.934+0000] {logging_mixin.py:188} INFO - [2024-07-08T15:09:25.934+0000] {dag.py:3954} INFO - Setting next_dagrun for example_subdag_operator to 2022-01-01 00:00:00+00:00, run_after=2022-01-01 00:00:00+00:00
[2024-07-08T15:09:25.940+0000] {logging_mixin.py:188} INFO - [2024-07-08T15:09:25.939+0000] {dag.py:3954} INFO - Setting next_dagrun for example_subdag_operator.section-1 to None, run_after=None
[2024-07-08T15:09:25.944+0000] {logging_mixin.py:188} INFO - [2024-07-08T15:09:25.943+0000] {dag.py:3954} INFO - Setting next_dagrun for example_subdag_operator.section-2 to None, run_after=None
[2024-07-08T15:09:25.956+0000] {logging_mixin.py:188} INFO - [2024-07-08T15:09:25.956+0000] {dag.py:3096} INFO - Sync 2 DAGs
[2024-07-08T15:09:25.967+0000] {logging_mixin.py:188} INFO - [2024-07-08T15:09:25.967+0000] {dag.py:3954} INFO - Setting next_dagrun for example_subdag_operator.section-1 to None, run_after=None
[2024-07-08T15:09:25.968+0000] {logging_mixin.py:188} INFO - [2024-07-08T15:09:25.968+0000] {dag.py:3954} INFO - Setting next_dagrun for example_subdag_operator.section-2 to None, run_after=None
[2024-07-08T15:09:25.988+0000] {processor.py:183} INFO - Processing /home/airflow/.local/lib/python3.12/site-packages/airflow/example_dags/example_subdag_operator.py took 0.183 seconds
[2024-07-08T15:09:56.547+0000] {processor.py:161} INFO - Started process (PID=302) to work on /home/airflow/.local/lib/python3.12/site-packages/airflow/example_dags/example_subdag_operator.py
[2024-07-08T15:09:56.549+0000] {processor.py:830} INFO - Processing file /home/airflow/.local/lib/python3.12/site-packages/airflow/example_dags/example_subdag_operator.py for tasks to queue
[2024-07-08T15:09:56.554+0000] {logging_mixin.py:188} INFO - [2024-07-08T15:09:56.553+0000] {dagbag.py:545} INFO - Filling up the DagBag from /home/airflow/.local/lib/python3.12/site-packages/airflow/example_dags/example_subdag_operator.py
[2024-07-08T15:09:56.603+0000] {processor.py:840} INFO - DAG(s) 'example_subdag_operator.section-1', 'example_subdag_operator.section-2', 'example_subdag_operator' retrieved from /home/airflow/.local/lib/python3.12/site-packages/airflow/example_dags/example_subdag_operator.py
[2024-07-08T15:09:56.628+0000] {logging_mixin.py:188} INFO - [2024-07-08T15:09:56.628+0000] {dag.py:3096} INFO - Sync 3 DAGs
[2024-07-08T15:09:56.666+0000] {logging_mixin.py:188} INFO - [2024-07-08T15:09:56.665+0000] {dag.py:3954} INFO - Setting next_dagrun for example_subdag_operator to 2022-01-01 00:00:00+00:00, run_after=2022-01-01 00:00:00+00:00
[2024-07-08T15:09:56.672+0000] {logging_mixin.py:188} INFO - [2024-07-08T15:09:56.671+0000] {dag.py:3954} INFO - Setting next_dagrun for example_subdag_operator.section-1 to None, run_after=None
[2024-07-08T15:09:56.679+0000] {logging_mixin.py:188} INFO - [2024-07-08T15:09:56.678+0000] {dag.py:3954} INFO - Setting next_dagrun for example_subdag_operator.section-2 to None, run_after=None
[2024-07-08T15:09:56.702+0000] {logging_mixin.py:188} INFO - [2024-07-08T15:09:56.702+0000] {dag.py:3096} INFO - Sync 2 DAGs
[2024-07-08T15:09:56.714+0000] {logging_mixin.py:188} INFO - [2024-07-08T15:09:56.714+0000] {dag.py:3954} INFO - Setting next_dagrun for example_subdag_operator.section-1 to None, run_after=None
[2024-07-08T15:09:56.715+0000] {logging_mixin.py:188} INFO - [2024-07-08T15:09:56.715+0000] {dag.py:3954} INFO - Setting next_dagrun for example_subdag_operator.section-2 to None, run_after=None
[2024-07-08T15:09:56.733+0000] {processor.py:183} INFO - Processing /home/airflow/.local/lib/python3.12/site-packages/airflow/example_dags/example_subdag_operator.py took 0.203 seconds
[2024-07-08T15:10:26.815+0000] {processor.py:161} INFO - Started process (PID=359) to work on /home/airflow/.local/lib/python3.12/site-packages/airflow/example_dags/example_subdag_operator.py
[2024-07-08T15:10:26.817+0000] {processor.py:830} INFO - Processing file /home/airflow/.local/lib/python3.12/site-packages/airflow/example_dags/example_subdag_operator.py for tasks to queue
[2024-07-08T15:10:26.820+0000] {logging_mixin.py:188} INFO - [2024-07-08T15:10:26.819+0000] {dagbag.py:545} INFO - Filling up the DagBag from /home/airflow/.local/lib/python3.12/site-packages/airflow/example_dags/example_subdag_operator.py
[2024-07-08T15:10:26.854+0000] {processor.py:840} INFO - DAG(s) 'example_subdag_operator.section-1', 'example_subdag_operator.section-2', 'example_subdag_operator' retrieved from /home/airflow/.local/lib/python3.12/site-packages/airflow/example_dags/example_subdag_operator.py
[2024-07-08T15:10:26.872+0000] {logging_mixin.py:188} INFO - [2024-07-08T15:10:26.872+0000] {dag.py:3096} INFO - Sync 3 DAGs
[2024-07-08T15:10:26.904+0000] {logging_mixin.py:188} INFO - [2024-07-08T15:10:26.904+0000] {dag.py:3954} INFO - Setting next_dagrun for example_subdag_operator to 2022-01-01 00:00:00+00:00, run_after=2022-01-01 00:00:00+00:00
[2024-07-08T15:10:26.909+0000] {logging_mixin.py:188} INFO - [2024-07-08T15:10:26.909+0000] {dag.py:3954} INFO - Setting next_dagrun for example_subdag_operator.section-1 to None, run_after=None
[2024-07-08T15:10:26.912+0000] {logging_mixin.py:188} INFO - [2024-07-08T15:10:26.912+0000] {dag.py:3954} INFO - Setting next_dagrun for example_subdag_operator.section-2 to None, run_after=None
[2024-07-08T15:10:26.923+0000] {logging_mixin.py:188} INFO - [2024-07-08T15:10:26.923+0000] {dag.py:3096} INFO - Sync 2 DAGs
[2024-07-08T15:10:26.933+0000] {logging_mixin.py:188} INFO - [2024-07-08T15:10:26.932+0000] {dag.py:3954} INFO - Setting next_dagrun for example_subdag_operator.section-1 to None, run_after=None
[2024-07-08T15:10:26.934+0000] {logging_mixin.py:188} INFO - [2024-07-08T15:10:26.933+0000] {dag.py:3954} INFO - Setting next_dagrun for example_subdag_operator.section-2 to None, run_after=None
[2024-07-08T15:10:26.952+0000] {processor.py:183} INFO - Processing /home/airflow/.local/lib/python3.12/site-packages/airflow/example_dags/example_subdag_operator.py took 0.147 seconds
[2024-07-08T15:10:57.262+0000] {processor.py:161} INFO - Started process (PID=417) to work on /home/airflow/.local/lib/python3.12/site-packages/airflow/example_dags/example_subdag_operator.py
[2024-07-08T15:10:57.263+0000] {processor.py:830} INFO - Processing file /home/airflow/.local/lib/python3.12/site-packages/airflow/example_dags/example_subdag_operator.py for tasks to queue
[2024-07-08T15:10:57.266+0000] {logging_mixin.py:188} INFO - [2024-07-08T15:10:57.265+0000] {dagbag.py:545} INFO - Filling up the DagBag from /home/airflow/.local/lib/python3.12/site-packages/airflow/example_dags/example_subdag_operator.py
[2024-07-08T15:10:57.297+0000] {processor.py:840} INFO - DAG(s) 'example_subdag_operator.section-1', 'example_subdag_operator.section-2', 'example_subdag_operator' retrieved from /home/airflow/.local/lib/python3.12/site-packages/airflow/example_dags/example_subdag_operator.py
[2024-07-08T15:10:57.320+0000] {logging_mixin.py:188} INFO - [2024-07-08T15:10:57.320+0000] {dag.py:3096} INFO - Sync 3 DAGs
[2024-07-08T15:10:57.350+0000] {logging_mixin.py:188} INFO - [2024-07-08T15:10:57.350+0000] {dag.py:3954} INFO - Setting next_dagrun for example_subdag_operator to 2022-01-01 00:00:00+00:00, run_after=2022-01-01 00:00:00+00:00
[2024-07-08T15:10:57.355+0000] {logging_mixin.py:188} INFO - [2024-07-08T15:10:57.355+0000] {dag.py:3954} INFO - Setting next_dagrun for example_subdag_operator.section-1 to None, run_after=None
[2024-07-08T15:10:57.357+0000] {logging_mixin.py:188} INFO - [2024-07-08T15:10:57.357+0000] {dag.py:3954} INFO - Setting next_dagrun for example_subdag_operator.section-2 to None, run_after=None
[2024-07-08T15:10:57.366+0000] {logging_mixin.py:188} INFO - [2024-07-08T15:10:57.366+0000] {dag.py:3096} INFO - Sync 2 DAGs
[2024-07-08T15:10:57.373+0000] {logging_mixin.py:188} INFO - [2024-07-08T15:10:57.373+0000] {dag.py:3954} INFO - Setting next_dagrun for example_subdag_operator.section-1 to None, run_after=None
[2024-07-08T15:10:57.374+0000] {logging_mixin.py:188} INFO - [2024-07-08T15:10:57.374+0000] {dag.py:3954} INFO - Setting next_dagrun for example_subdag_operator.section-2 to None, run_after=None
[2024-07-08T15:10:57.444+0000] {processor.py:183} INFO - Processing /home/airflow/.local/lib/python3.12/site-packages/airflow/example_dags/example_subdag_operator.py took 0.197 seconds
[2024-07-08T15:11:28.215+0000] {processor.py:161} INFO - Started process (PID=475) to work on /home/airflow/.local/lib/python3.12/site-packages/airflow/example_dags/example_subdag_operator.py
[2024-07-08T15:11:28.216+0000] {processor.py:830} INFO - Processing file /home/airflow/.local/lib/python3.12/site-packages/airflow/example_dags/example_subdag_operator.py for tasks to queue
[2024-07-08T15:11:28.220+0000] {logging_mixin.py:188} INFO - [2024-07-08T15:11:28.219+0000] {dagbag.py:545} INFO - Filling up the DagBag from /home/airflow/.local/lib/python3.12/site-packages/airflow/example_dags/example_subdag_operator.py
[2024-07-08T15:11:28.261+0000] {processor.py:840} INFO - DAG(s) 'example_subdag_operator.section-1', 'example_subdag_operator.section-2', 'example_subdag_operator' retrieved from /home/airflow/.local/lib/python3.12/site-packages/airflow/example_dags/example_subdag_operator.py
[2024-07-08T15:11:28.292+0000] {logging_mixin.py:188} INFO - [2024-07-08T15:11:28.291+0000] {dag.py:3096} INFO - Sync 3 DAGs
[2024-07-08T15:11:28.355+0000] {logging_mixin.py:188} INFO - [2024-07-08T15:11:28.355+0000] {dag.py:3954} INFO - Setting next_dagrun for example_subdag_operator to 2022-01-01 00:00:00+00:00, run_after=2022-01-01 00:00:00+00:00
[2024-07-08T15:11:28.364+0000] {logging_mixin.py:188} INFO - [2024-07-08T15:11:28.364+0000] {dag.py:3954} INFO - Setting next_dagrun for example_subdag_operator.section-1 to None, run_after=None
[2024-07-08T15:11:28.368+0000] {logging_mixin.py:188} INFO - [2024-07-08T15:11:28.368+0000] {dag.py:3954} INFO - Setting next_dagrun for example_subdag_operator.section-2 to None, run_after=None
[2024-07-08T15:11:28.381+0000] {logging_mixin.py:188} INFO - [2024-07-08T15:11:28.380+0000] {dag.py:3096} INFO - Sync 2 DAGs
[2024-07-08T15:11:28.390+0000] {logging_mixin.py:188} INFO - [2024-07-08T15:11:28.390+0000] {dag.py:3954} INFO - Setting next_dagrun for example_subdag_operator.section-1 to None, run_after=None
[2024-07-08T15:11:28.392+0000] {logging_mixin.py:188} INFO - [2024-07-08T15:11:28.391+0000] {dag.py:3954} INFO - Setting next_dagrun for example_subdag_operator.section-2 to None, run_after=None
[2024-07-08T15:11:28.415+0000] {processor.py:183} INFO - Processing /home/airflow/.local/lib/python3.12/site-packages/airflow/example_dags/example_subdag_operator.py took 0.209 seconds
[2024-07-08T15:11:58.558+0000] {processor.py:161} INFO - Started process (PID=532) to work on /home/airflow/.local/lib/python3.12/site-packages/airflow/example_dags/example_subdag_operator.py
[2024-07-08T15:11:58.559+0000] {processor.py:830} INFO - Processing file /home/airflow/.local/lib/python3.12/site-packages/airflow/example_dags/example_subdag_operator.py for tasks to queue
[2024-07-08T15:11:58.562+0000] {logging_mixin.py:188} INFO - [2024-07-08T15:11:58.561+0000] {dagbag.py:545} INFO - Filling up the DagBag from /home/airflow/.local/lib/python3.12/site-packages/airflow/example_dags/example_subdag_operator.py
[2024-07-08T15:11:58.595+0000] {processor.py:840} INFO - DAG(s) 'example_subdag_operator.section-1', 'example_subdag_operator.section-2', 'example_subdag_operator' retrieved from /home/airflow/.local/lib/python3.12/site-packages/airflow/example_dags/example_subdag_operator.py
[2024-07-08T15:11:58.623+0000] {logging_mixin.py:188} INFO - [2024-07-08T15:11:58.623+0000] {dag.py:3096} INFO - Sync 3 DAGs
[2024-07-08T15:11:58.660+0000] {logging_mixin.py:188} INFO - [2024-07-08T15:11:58.660+0000] {dag.py:3954} INFO - Setting next_dagrun for example_subdag_operator to 2022-01-01 00:00:00+00:00, run_after=2022-01-01 00:00:00+00:00
[2024-07-08T15:11:58.668+0000] {logging_mixin.py:188} INFO - [2024-07-08T15:11:58.667+0000] {dag.py:3954} INFO - Setting next_dagrun for example_subdag_operator.section-1 to None, run_after=None
[2024-07-08T15:11:58.672+0000] {logging_mixin.py:188} INFO - [2024-07-08T15:11:58.671+0000] {dag.py:3954} INFO - Setting next_dagrun for example_subdag_operator.section-2 to None, run_after=None
[2024-07-08T15:11:58.687+0000] {logging_mixin.py:188} INFO - [2024-07-08T15:11:58.687+0000] {dag.py:3096} INFO - Sync 2 DAGs
[2024-07-08T15:11:58.698+0000] {logging_mixin.py:188} INFO - [2024-07-08T15:11:58.697+0000] {dag.py:3954} INFO - Setting next_dagrun for example_subdag_operator.section-1 to None, run_after=None
[2024-07-08T15:11:58.701+0000] {logging_mixin.py:188} INFO - [2024-07-08T15:11:58.700+0000] {dag.py:3954} INFO - Setting next_dagrun for example_subdag_operator.section-2 to None, run_after=None
[2024-07-08T15:11:58.720+0000] {processor.py:183} INFO - Processing /home/airflow/.local/lib/python3.12/site-packages/airflow/example_dags/example_subdag_operator.py took 0.175 seconds
[2024-07-08T15:12:29.329+0000] {processor.py:161} INFO - Started process (PID=590) to work on /home/airflow/.local/lib/python3.12/site-packages/airflow/example_dags/example_subdag_operator.py
[2024-07-08T15:12:29.334+0000] {processor.py:830} INFO - Processing file /home/airflow/.local/lib/python3.12/site-packages/airflow/example_dags/example_subdag_operator.py for tasks to queue
[2024-07-08T15:12:29.337+0000] {logging_mixin.py:188} INFO - [2024-07-08T15:12:29.337+0000] {dagbag.py:545} INFO - Filling up the DagBag from /home/airflow/.local/lib/python3.12/site-packages/airflow/example_dags/example_subdag_operator.py
[2024-07-08T15:12:29.377+0000] {processor.py:840} INFO - DAG(s) 'example_subdag_operator.section-1', 'example_subdag_operator.section-2', 'example_subdag_operator' retrieved from /home/airflow/.local/lib/python3.12/site-packages/airflow/example_dags/example_subdag_operator.py
[2024-07-08T15:12:29.408+0000] {logging_mixin.py:188} INFO - [2024-07-08T15:12:29.408+0000] {dag.py:3096} INFO - Sync 3 DAGs
[2024-07-08T15:12:29.446+0000] {logging_mixin.py:188} INFO - [2024-07-08T15:12:29.446+0000] {dag.py:3954} INFO - Setting next_dagrun for example_subdag_operator to 2022-01-01 00:00:00+00:00, run_after=2022-01-01 00:00:00+00:00
[2024-07-08T15:12:29.454+0000] {logging_mixin.py:188} INFO - [2024-07-08T15:12:29.454+0000] {dag.py:3954} INFO - Setting next_dagrun for example_subdag_operator.section-1 to None, run_after=None
[2024-07-08T15:12:29.456+0000] {logging_mixin.py:188} INFO - [2024-07-08T15:12:29.456+0000] {dag.py:3954} INFO - Setting next_dagrun for example_subdag_operator.section-2 to None, run_after=None
[2024-07-08T15:12:29.471+0000] {logging_mixin.py:188} INFO - [2024-07-08T15:12:29.471+0000] {dag.py:3096} INFO - Sync 2 DAGs
[2024-07-08T15:12:29.486+0000] {logging_mixin.py:188} INFO - [2024-07-08T15:12:29.485+0000] {dag.py:3954} INFO - Setting next_dagrun for example_subdag_operator.section-1 to None, run_after=None
[2024-07-08T15:12:29.487+0000] {logging_mixin.py:188} INFO - [2024-07-08T15:12:29.487+0000] {dag.py:3954} INFO - Setting next_dagrun for example_subdag_operator.section-2 to None, run_after=None
[2024-07-08T15:12:29.511+0000] {processor.py:183} INFO - Processing /home/airflow/.local/lib/python3.12/site-packages/airflow/example_dags/example_subdag_operator.py took 0.190 seconds
[2024-07-08T15:12:59.735+0000] {processor.py:161} INFO - Started process (PID=649) to work on /home/airflow/.local/lib/python3.12/site-packages/airflow/example_dags/example_subdag_operator.py
[2024-07-08T15:12:59.737+0000] {processor.py:830} INFO - Processing file /home/airflow/.local/lib/python3.12/site-packages/airflow/example_dags/example_subdag_operator.py for tasks to queue
[2024-07-08T15:12:59.741+0000] {logging_mixin.py:188} INFO - [2024-07-08T15:12:59.740+0000] {dagbag.py:545} INFO - Filling up the DagBag from /home/airflow/.local/lib/python3.12/site-packages/airflow/example_dags/example_subdag_operator.py
[2024-07-08T15:12:59.770+0000] {processor.py:840} INFO - DAG(s) 'example_subdag_operator.section-1', 'example_subdag_operator.section-2', 'example_subdag_operator' retrieved from /home/airflow/.local/lib/python3.12/site-packages/airflow/example_dags/example_subdag_operator.py
[2024-07-08T15:12:59.795+0000] {logging_mixin.py:188} INFO - [2024-07-08T15:12:59.795+0000] {dag.py:3096} INFO - Sync 3 DAGs
[2024-07-08T15:12:59.831+0000] {logging_mixin.py:188} INFO - [2024-07-08T15:12:59.830+0000] {dag.py:3954} INFO - Setting next_dagrun for example_subdag_operator to 2022-01-01 00:00:00+00:00, run_after=2022-01-01 00:00:00+00:00
[2024-07-08T15:12:59.838+0000] {logging_mixin.py:188} INFO - [2024-07-08T15:12:59.837+0000] {dag.py:3954} INFO - Setting next_dagrun for example_subdag_operator.section-1 to None, run_after=None
[2024-07-08T15:12:59.842+0000] {logging_mixin.py:188} INFO - [2024-07-08T15:12:59.842+0000] {dag.py:3954} INFO - Setting next_dagrun for example_subdag_operator.section-2 to None, run_after=None
[2024-07-08T15:12:59.853+0000] {logging_mixin.py:188} INFO - [2024-07-08T15:12:59.852+0000] {dag.py:3096} INFO - Sync 2 DAGs
[2024-07-08T15:12:59.864+0000] {logging_mixin.py:188} INFO - [2024-07-08T15:12:59.863+0000] {dag.py:3954} INFO - Setting next_dagrun for example_subdag_operator.section-1 to None, run_after=None
[2024-07-08T15:12:59.865+0000] {logging_mixin.py:188} INFO - [2024-07-08T15:12:59.865+0000] {dag.py:3954} INFO - Setting next_dagrun for example_subdag_operator.section-2 to None, run_after=None
[2024-07-08T15:12:59.887+0000] {processor.py:183} INFO - Processing /home/airflow/.local/lib/python3.12/site-packages/airflow/example_dags/example_subdag_operator.py took 0.159 seconds
[2024-07-08T15:13:30.349+0000] {processor.py:161} INFO - Started process (PID=707) to work on /home/airflow/.local/lib/python3.12/site-packages/airflow/example_dags/example_subdag_operator.py
[2024-07-08T15:13:30.350+0000] {processor.py:830} INFO - Processing file /home/airflow/.local/lib/python3.12/site-packages/airflow/example_dags/example_subdag_operator.py for tasks to queue
[2024-07-08T15:13:30.353+0000] {logging_mixin.py:188} INFO - [2024-07-08T15:13:30.353+0000] {dagbag.py:545} INFO - Filling up the DagBag from /home/airflow/.local/lib/python3.12/site-packages/airflow/example_dags/example_subdag_operator.py
[2024-07-08T15:13:30.397+0000] {processor.py:840} INFO - DAG(s) 'example_subdag_operator.section-1', 'example_subdag_operator.section-2', 'example_subdag_operator' retrieved from /home/airflow/.local/lib/python3.12/site-packages/airflow/example_dags/example_subdag_operator.py
[2024-07-08T15:13:30.428+0000] {logging_mixin.py:188} INFO - [2024-07-08T15:13:30.428+0000] {dag.py:3096} INFO - Sync 3 DAGs
[2024-07-08T15:13:30.463+0000] {logging_mixin.py:188} INFO - [2024-07-08T15:13:30.463+0000] {dag.py:3954} INFO - Setting next_dagrun for example_subdag_operator to 2022-01-01 00:00:00+00:00, run_after=2022-01-01 00:00:00+00:00
[2024-07-08T15:13:30.471+0000] {logging_mixin.py:188} INFO - [2024-07-08T15:13:30.470+0000] {dag.py:3954} INFO - Setting next_dagrun for example_subdag_operator.section-1 to None, run_after=None
[2024-07-08T15:13:30.474+0000] {logging_mixin.py:188} INFO - [2024-07-08T15:13:30.474+0000] {dag.py:3954} INFO - Setting next_dagrun for example_subdag_operator.section-2 to None, run_after=None
[2024-07-08T15:13:30.498+0000] {logging_mixin.py:188} INFO - [2024-07-08T15:13:30.498+0000] {dag.py:3096} INFO - Sync 2 DAGs
[2024-07-08T15:13:30.513+0000] {logging_mixin.py:188} INFO - [2024-07-08T15:13:30.513+0000] {dag.py:3954} INFO - Setting next_dagrun for example_subdag_operator.section-1 to None, run_after=None
[2024-07-08T15:13:30.515+0000] {logging_mixin.py:188} INFO - [2024-07-08T15:13:30.514+0000] {dag.py:3954} INFO - Setting next_dagrun for example_subdag_operator.section-2 to None, run_after=None
[2024-07-08T15:13:30.534+0000] {processor.py:183} INFO - Processing /home/airflow/.local/lib/python3.12/site-packages/airflow/example_dags/example_subdag_operator.py took 0.193 seconds
[2024-07-08T15:16:13.739+0000] {processor.py:161} INFO - Started process (PID=773) to work on /home/airflow/.local/lib/python3.12/site-packages/airflow/example_dags/example_subdag_operator.py
[2024-07-08T15:16:13.740+0000] {processor.py:830} INFO - Processing file /home/airflow/.local/lib/python3.12/site-packages/airflow/example_dags/example_subdag_operator.py for tasks to queue
[2024-07-08T15:16:13.742+0000] {logging_mixin.py:188} INFO - [2024-07-08T15:16:13.741+0000] {dagbag.py:545} INFO - Filling up the DagBag from /home/airflow/.local/lib/python3.12/site-packages/airflow/example_dags/example_subdag_operator.py
[2024-07-08T15:16:13.777+0000] {processor.py:840} INFO - DAG(s) 'example_subdag_operator.section-1', 'example_subdag_operator.section-2', 'example_subdag_operator' retrieved from /home/airflow/.local/lib/python3.12/site-packages/airflow/example_dags/example_subdag_operator.py
[2024-07-08T15:16:13.798+0000] {logging_mixin.py:188} INFO - [2024-07-08T15:16:13.798+0000] {dag.py:3096} INFO - Sync 3 DAGs
[2024-07-08T15:16:13.829+0000] {logging_mixin.py:188} INFO - [2024-07-08T15:16:13.828+0000] {dag.py:3954} INFO - Setting next_dagrun for example_subdag_operator to 2022-01-01 00:00:00+00:00, run_after=2022-01-01 00:00:00+00:00
[2024-07-08T15:16:13.834+0000] {logging_mixin.py:188} INFO - [2024-07-08T15:16:13.834+0000] {dag.py:3954} INFO - Setting next_dagrun for example_subdag_operator.section-1 to None, run_after=None
[2024-07-08T15:16:13.836+0000] {logging_mixin.py:188} INFO - [2024-07-08T15:16:13.836+0000] {dag.py:3954} INFO - Setting next_dagrun for example_subdag_operator.section-2 to None, run_after=None
[2024-07-08T15:16:13.845+0000] {logging_mixin.py:188} INFO - [2024-07-08T15:16:13.845+0000] {dag.py:3096} INFO - Sync 2 DAGs
[2024-07-08T15:16:13.852+0000] {logging_mixin.py:188} INFO - [2024-07-08T15:16:13.851+0000] {dag.py:3954} INFO - Setting next_dagrun for example_subdag_operator.section-1 to None, run_after=None
[2024-07-08T15:16:13.853+0000] {logging_mixin.py:188} INFO - [2024-07-08T15:16:13.852+0000] {dag.py:3954} INFO - Setting next_dagrun for example_subdag_operator.section-2 to None, run_after=None
[2024-07-08T15:16:13.870+0000] {processor.py:183} INFO - Processing /home/airflow/.local/lib/python3.12/site-packages/airflow/example_dags/example_subdag_operator.py took 0.139 seconds
[2024-07-08T15:16:45.285+0000] {processor.py:161} INFO - Started process (PID=831) to work on /home/airflow/.local/lib/python3.12/site-packages/airflow/example_dags/example_subdag_operator.py
[2024-07-08T15:16:45.287+0000] {processor.py:830} INFO - Processing file /home/airflow/.local/lib/python3.12/site-packages/airflow/example_dags/example_subdag_operator.py for tasks to queue
[2024-07-08T15:16:45.289+0000] {logging_mixin.py:188} INFO - [2024-07-08T15:16:45.289+0000] {dagbag.py:545} INFO - Filling up the DagBag from /home/airflow/.local/lib/python3.12/site-packages/airflow/example_dags/example_subdag_operator.py
[2024-07-08T15:16:45.334+0000] {processor.py:840} INFO - DAG(s) 'example_subdag_operator.section-1', 'example_subdag_operator.section-2', 'example_subdag_operator' retrieved from /home/airflow/.local/lib/python3.12/site-packages/airflow/example_dags/example_subdag_operator.py
[2024-07-08T15:16:45.375+0000] {logging_mixin.py:188} INFO - [2024-07-08T15:16:45.375+0000] {dag.py:3096} INFO - Sync 3 DAGs
[2024-07-08T15:16:45.492+0000] {logging_mixin.py:188} INFO - [2024-07-08T15:16:45.491+0000] {dag.py:3954} INFO - Setting next_dagrun for example_subdag_operator to 2022-01-01 00:00:00+00:00, run_after=2022-01-01 00:00:00+00:00
[2024-07-08T15:16:45.501+0000] {logging_mixin.py:188} INFO - [2024-07-08T15:16:45.501+0000] {dag.py:3954} INFO - Setting next_dagrun for example_subdag_operator.section-1 to None, run_after=None
[2024-07-08T15:16:45.509+0000] {logging_mixin.py:188} INFO - [2024-07-08T15:16:45.508+0000] {dag.py:3954} INFO - Setting next_dagrun for example_subdag_operator.section-2 to None, run_after=None
[2024-07-08T15:16:45.529+0000] {logging_mixin.py:188} INFO - [2024-07-08T15:16:45.528+0000] {dag.py:3096} INFO - Sync 2 DAGs
[2024-07-08T15:16:45.556+0000] {logging_mixin.py:188} INFO - [2024-07-08T15:16:45.556+0000] {dag.py:3954} INFO - Setting next_dagrun for example_subdag_operator.section-1 to None, run_after=None
[2024-07-08T15:16:45.563+0000] {logging_mixin.py:188} INFO - [2024-07-08T15:16:45.562+0000] {dag.py:3954} INFO - Setting next_dagrun for example_subdag_operator.section-2 to None, run_after=None
[2024-07-08T15:16:45.612+0000] {processor.py:183} INFO - Processing /home/airflow/.local/lib/python3.12/site-packages/airflow/example_dags/example_subdag_operator.py took 0.341 seconds
[2024-07-08T15:17:17.155+0000] {processor.py:161} INFO - Started process (PID=889) to work on /home/airflow/.local/lib/python3.12/site-packages/airflow/example_dags/example_subdag_operator.py
[2024-07-08T15:17:17.157+0000] {processor.py:830} INFO - Processing file /home/airflow/.local/lib/python3.12/site-packages/airflow/example_dags/example_subdag_operator.py for tasks to queue
[2024-07-08T15:17:17.158+0000] {logging_mixin.py:188} INFO - [2024-07-08T15:17:17.158+0000] {dagbag.py:545} INFO - Filling up the DagBag from /home/airflow/.local/lib/python3.12/site-packages/airflow/example_dags/example_subdag_operator.py
[2024-07-08T15:17:17.215+0000] {processor.py:840} INFO - DAG(s) 'example_subdag_operator.section-1', 'example_subdag_operator.section-2', 'example_subdag_operator' retrieved from /home/airflow/.local/lib/python3.12/site-packages/airflow/example_dags/example_subdag_operator.py
[2024-07-08T15:17:17.255+0000] {logging_mixin.py:188} INFO - [2024-07-08T15:17:17.255+0000] {dag.py:3096} INFO - Sync 3 DAGs
[2024-07-08T15:17:17.317+0000] {logging_mixin.py:188} INFO - [2024-07-08T15:17:17.316+0000] {dag.py:3954} INFO - Setting next_dagrun for example_subdag_operator to 2022-01-01 00:00:00+00:00, run_after=2022-01-01 00:00:00+00:00
[2024-07-08T15:17:17.325+0000] {logging_mixin.py:188} INFO - [2024-07-08T15:17:17.324+0000] {dag.py:3954} INFO - Setting next_dagrun for example_subdag_operator.section-1 to None, run_after=None
[2024-07-08T15:17:17.330+0000] {logging_mixin.py:188} INFO - [2024-07-08T15:17:17.327+0000] {dag.py:3954} INFO - Setting next_dagrun for example_subdag_operator.section-2 to None, run_after=None
[2024-07-08T15:17:17.348+0000] {logging_mixin.py:188} INFO - [2024-07-08T15:17:17.347+0000] {dag.py:3096} INFO - Sync 2 DAGs
[2024-07-08T15:17:17.369+0000] {logging_mixin.py:188} INFO - [2024-07-08T15:17:17.369+0000] {dag.py:3954} INFO - Setting next_dagrun for example_subdag_operator.section-1 to None, run_after=None
[2024-07-08T15:17:17.371+0000] {logging_mixin.py:188} INFO - [2024-07-08T15:17:17.370+0000] {dag.py:3954} INFO - Setting next_dagrun for example_subdag_operator.section-2 to None, run_after=None
[2024-07-08T15:17:17.409+0000] {processor.py:183} INFO - Processing /home/airflow/.local/lib/python3.12/site-packages/airflow/example_dags/example_subdag_operator.py took 0.264 seconds
[2024-07-08T15:19:02.449+0000] {processor.py:161} INFO - Started process (PID=947) to work on /home/airflow/.local/lib/python3.12/site-packages/airflow/example_dags/example_subdag_operator.py
[2024-07-08T15:19:02.450+0000] {processor.py:830} INFO - Processing file /home/airflow/.local/lib/python3.12/site-packages/airflow/example_dags/example_subdag_operator.py for tasks to queue
[2024-07-08T15:19:02.452+0000] {logging_mixin.py:188} INFO - [2024-07-08T15:19:02.452+0000] {dagbag.py:545} INFO - Filling up the DagBag from /home/airflow/.local/lib/python3.12/site-packages/airflow/example_dags/example_subdag_operator.py
[2024-07-08T15:19:02.501+0000] {processor.py:840} INFO - DAG(s) 'example_subdag_operator.section-1', 'example_subdag_operator.section-2', 'example_subdag_operator' retrieved from /home/airflow/.local/lib/python3.12/site-packages/airflow/example_dags/example_subdag_operator.py
[2024-07-08T15:19:02.534+0000] {logging_mixin.py:188} INFO - [2024-07-08T15:19:02.534+0000] {dag.py:3096} INFO - Sync 3 DAGs
[2024-07-08T15:19:02.582+0000] {logging_mixin.py:188} INFO - [2024-07-08T15:19:02.581+0000] {dag.py:3954} INFO - Setting next_dagrun for example_subdag_operator to 2022-01-01 00:00:00+00:00, run_after=2022-01-01 00:00:00+00:00
[2024-07-08T15:19:02.590+0000] {logging_mixin.py:188} INFO - [2024-07-08T15:19:02.590+0000] {dag.py:3954} INFO - Setting next_dagrun for example_subdag_operator.section-1 to None, run_after=None
[2024-07-08T15:19:02.594+0000] {logging_mixin.py:188} INFO - [2024-07-08T15:19:02.593+0000] {dag.py:3954} INFO - Setting next_dagrun for example_subdag_operator.section-2 to None, run_after=None
[2024-07-08T15:19:02.609+0000] {logging_mixin.py:188} INFO - [2024-07-08T15:19:02.608+0000] {dag.py:3096} INFO - Sync 2 DAGs
[2024-07-08T15:19:02.621+0000] {logging_mixin.py:188} INFO - [2024-07-08T15:19:02.621+0000] {dag.py:3954} INFO - Setting next_dagrun for example_subdag_operator.section-1 to None, run_after=None
[2024-07-08T15:19:02.622+0000] {logging_mixin.py:188} INFO - [2024-07-08T15:19:02.622+0000] {dag.py:3954} INFO - Setting next_dagrun for example_subdag_operator.section-2 to None, run_after=None
[2024-07-08T15:19:02.644+0000] {processor.py:183} INFO - Processing /home/airflow/.local/lib/python3.12/site-packages/airflow/example_dags/example_subdag_operator.py took 0.206 seconds
[2024-07-08T15:19:35.430+0000] {processor.py:161} INFO - Started process (PID=1005) to work on /home/airflow/.local/lib/python3.12/site-packages/airflow/example_dags/example_subdag_operator.py
[2024-07-08T15:19:35.435+0000] {processor.py:830} INFO - Processing file /home/airflow/.local/lib/python3.12/site-packages/airflow/example_dags/example_subdag_operator.py for tasks to queue
[2024-07-08T15:19:35.438+0000] {logging_mixin.py:188} INFO - [2024-07-08T15:19:35.437+0000] {dagbag.py:545} INFO - Filling up the DagBag from /home/airflow/.local/lib/python3.12/site-packages/airflow/example_dags/example_subdag_operator.py
[2024-07-08T15:19:35.540+0000] {processor.py:840} INFO - DAG(s) 'example_subdag_operator.section-1', 'example_subdag_operator.section-2', 'example_subdag_operator' retrieved from /home/airflow/.local/lib/python3.12/site-packages/airflow/example_dags/example_subdag_operator.py
[2024-07-08T15:19:35.586+0000] {logging_mixin.py:188} INFO - [2024-07-08T15:19:35.585+0000] {dag.py:3096} INFO - Sync 3 DAGs
[2024-07-08T15:19:35.675+0000] {logging_mixin.py:188} INFO - [2024-07-08T15:19:35.674+0000] {dag.py:3954} INFO - Setting next_dagrun for example_subdag_operator to 2022-01-01 00:00:00+00:00, run_after=2022-01-01 00:00:00+00:00
[2024-07-08T15:19:35.694+0000] {logging_mixin.py:188} INFO - [2024-07-08T15:19:35.694+0000] {dag.py:3954} INFO - Setting next_dagrun for example_subdag_operator.section-1 to None, run_after=None
[2024-07-08T15:19:35.706+0000] {logging_mixin.py:188} INFO - [2024-07-08T15:19:35.706+0000] {dag.py:3954} INFO - Setting next_dagrun for example_subdag_operator.section-2 to None, run_after=None
[2024-07-08T15:19:35.732+0000] {logging_mixin.py:188} INFO - [2024-07-08T15:19:35.731+0000] {dag.py:3096} INFO - Sync 2 DAGs
[2024-07-08T15:19:35.746+0000] {logging_mixin.py:188} INFO - [2024-07-08T15:19:35.746+0000] {dag.py:3954} INFO - Setting next_dagrun for example_subdag_operator.section-1 to None, run_after=None
[2024-07-08T15:19:35.748+0000] {logging_mixin.py:188} INFO - [2024-07-08T15:19:35.747+0000] {dag.py:3954} INFO - Setting next_dagrun for example_subdag_operator.section-2 to None, run_after=None
[2024-07-08T15:19:35.781+0000] {processor.py:183} INFO - Processing /home/airflow/.local/lib/python3.12/site-packages/airflow/example_dags/example_subdag_operator.py took 0.393 seconds
[2024-07-08T15:20:06.222+0000] {processor.py:161} INFO - Started process (PID=1063) to work on /home/airflow/.local/lib/python3.12/site-packages/airflow/example_dags/example_subdag_operator.py
[2024-07-08T15:20:06.224+0000] {processor.py:830} INFO - Processing file /home/airflow/.local/lib/python3.12/site-packages/airflow/example_dags/example_subdag_operator.py for tasks to queue
[2024-07-08T15:20:06.225+0000] {logging_mixin.py:188} INFO - [2024-07-08T15:20:06.225+0000] {dagbag.py:545} INFO - Filling up the DagBag from /home/airflow/.local/lib/python3.12/site-packages/airflow/example_dags/example_subdag_operator.py
[2024-07-08T15:20:06.259+0000] {processor.py:840} INFO - DAG(s) 'example_subdag_operator.section-1', 'example_subdag_operator.section-2', 'example_subdag_operator' retrieved from /home/airflow/.local/lib/python3.12/site-packages/airflow/example_dags/example_subdag_operator.py
[2024-07-08T15:20:06.288+0000] {logging_mixin.py:188} INFO - [2024-07-08T15:20:06.287+0000] {dag.py:3096} INFO - Sync 3 DAGs
[2024-07-08T15:20:06.342+0000] {logging_mixin.py:188} INFO - [2024-07-08T15:20:06.341+0000] {dag.py:3954} INFO - Setting next_dagrun for example_subdag_operator to 2022-01-01 00:00:00+00:00, run_after=2022-01-01 00:00:00+00:00
[2024-07-08T15:20:06.350+0000] {logging_mixin.py:188} INFO - [2024-07-08T15:20:06.350+0000] {dag.py:3954} INFO - Setting next_dagrun for example_subdag_operator.section-1 to None, run_after=None
[2024-07-08T15:20:06.355+0000] {logging_mixin.py:188} INFO - [2024-07-08T15:20:06.355+0000] {dag.py:3954} INFO - Setting next_dagrun for example_subdag_operator.section-2 to None, run_after=None
[2024-07-08T15:20:06.367+0000] {logging_mixin.py:188} INFO - [2024-07-08T15:20:06.367+0000] {dag.py:3096} INFO - Sync 2 DAGs
[2024-07-08T15:20:06.384+0000] {logging_mixin.py:188} INFO - [2024-07-08T15:20:06.383+0000] {dag.py:3954} INFO - Setting next_dagrun for example_subdag_operator.section-1 to None, run_after=None
[2024-07-08T15:20:06.385+0000] {logging_mixin.py:188} INFO - [2024-07-08T15:20:06.385+0000] {dag.py:3954} INFO - Setting next_dagrun for example_subdag_operator.section-2 to None, run_after=None
[2024-07-08T15:20:06.422+0000] {processor.py:183} INFO - Processing /home/airflow/.local/lib/python3.12/site-packages/airflow/example_dags/example_subdag_operator.py took 0.209 seconds
[2024-07-08T15:20:36.860+0000] {processor.py:161} INFO - Started process (PID=1121) to work on /home/airflow/.local/lib/python3.12/site-packages/airflow/example_dags/example_subdag_operator.py
[2024-07-08T15:20:36.861+0000] {processor.py:830} INFO - Processing file /home/airflow/.local/lib/python3.12/site-packages/airflow/example_dags/example_subdag_operator.py for tasks to queue
[2024-07-08T15:20:36.863+0000] {logging_mixin.py:188} INFO - [2024-07-08T15:20:36.862+0000] {dagbag.py:545} INFO - Filling up the DagBag from /home/airflow/.local/lib/python3.12/site-packages/airflow/example_dags/example_subdag_operator.py
[2024-07-08T15:20:36.894+0000] {processor.py:840} INFO - DAG(s) 'example_subdag_operator.section-1', 'example_subdag_operator.section-2', 'example_subdag_operator' retrieved from /home/airflow/.local/lib/python3.12/site-packages/airflow/example_dags/example_subdag_operator.py
[2024-07-08T15:20:36.917+0000] {logging_mixin.py:188} INFO - [2024-07-08T15:20:36.917+0000] {dag.py:3096} INFO - Sync 3 DAGs
[2024-07-08T15:20:36.958+0000] {logging_mixin.py:188} INFO - [2024-07-08T15:20:36.958+0000] {dag.py:3954} INFO - Setting next_dagrun for example_subdag_operator to 2022-01-01 00:00:00+00:00, run_after=2022-01-01 00:00:00+00:00
[2024-07-08T15:20:36.964+0000] {logging_mixin.py:188} INFO - [2024-07-08T15:20:36.963+0000] {dag.py:3954} INFO - Setting next_dagrun for example_subdag_operator.section-1 to None, run_after=None
[2024-07-08T15:20:36.967+0000] {logging_mixin.py:188} INFO - [2024-07-08T15:20:36.966+0000] {dag.py:3954} INFO - Setting next_dagrun for example_subdag_operator.section-2 to None, run_after=None
[2024-07-08T15:20:36.977+0000] {logging_mixin.py:188} INFO - [2024-07-08T15:20:36.977+0000] {dag.py:3096} INFO - Sync 2 DAGs
[2024-07-08T15:20:36.984+0000] {logging_mixin.py:188} INFO - [2024-07-08T15:20:36.984+0000] {dag.py:3954} INFO - Setting next_dagrun for example_subdag_operator.section-1 to None, run_after=None
[2024-07-08T15:20:36.985+0000] {logging_mixin.py:188} INFO - [2024-07-08T15:20:36.985+0000] {dag.py:3954} INFO - Setting next_dagrun for example_subdag_operator.section-2 to None, run_after=None
[2024-07-08T15:20:37.004+0000] {processor.py:183} INFO - Processing /home/airflow/.local/lib/python3.12/site-packages/airflow/example_dags/example_subdag_operator.py took 0.151 seconds
[2024-07-08T15:21:07.307+0000] {processor.py:161} INFO - Started process (PID=1179) to work on /home/airflow/.local/lib/python3.12/site-packages/airflow/example_dags/example_subdag_operator.py
[2024-07-08T15:21:07.310+0000] {processor.py:830} INFO - Processing file /home/airflow/.local/lib/python3.12/site-packages/airflow/example_dags/example_subdag_operator.py for tasks to queue
[2024-07-08T15:21:07.313+0000] {logging_mixin.py:188} INFO - [2024-07-08T15:21:07.313+0000] {dagbag.py:545} INFO - Filling up the DagBag from /home/airflow/.local/lib/python3.12/site-packages/airflow/example_dags/example_subdag_operator.py
[2024-07-08T15:21:07.343+0000] {processor.py:840} INFO - DAG(s) 'example_subdag_operator.section-1', 'example_subdag_operator.section-2', 'example_subdag_operator' retrieved from /home/airflow/.local/lib/python3.12/site-packages/airflow/example_dags/example_subdag_operator.py
[2024-07-08T15:21:07.376+0000] {logging_mixin.py:188} INFO - [2024-07-08T15:21:07.376+0000] {dag.py:3096} INFO - Sync 3 DAGs
[2024-07-08T15:21:07.422+0000] {logging_mixin.py:188} INFO - [2024-07-08T15:21:07.422+0000] {dag.py:3954} INFO - Setting next_dagrun for example_subdag_operator to 2022-01-01 00:00:00+00:00, run_after=2022-01-01 00:00:00+00:00
[2024-07-08T15:21:07.429+0000] {logging_mixin.py:188} INFO - [2024-07-08T15:21:07.428+0000] {dag.py:3954} INFO - Setting next_dagrun for example_subdag_operator.section-1 to None, run_after=None
[2024-07-08T15:21:07.431+0000] {logging_mixin.py:188} INFO - [2024-07-08T15:21:07.431+0000] {dag.py:3954} INFO - Setting next_dagrun for example_subdag_operator.section-2 to None, run_after=None
[2024-07-08T15:21:07.443+0000] {logging_mixin.py:188} INFO - [2024-07-08T15:21:07.443+0000] {dag.py:3096} INFO - Sync 2 DAGs
[2024-07-08T15:21:07.456+0000] {logging_mixin.py:188} INFO - [2024-07-08T15:21:07.455+0000] {dag.py:3954} INFO - Setting next_dagrun for example_subdag_operator.section-1 to None, run_after=None
[2024-07-08T15:21:07.457+0000] {logging_mixin.py:188} INFO - [2024-07-08T15:21:07.457+0000] {dag.py:3954} INFO - Setting next_dagrun for example_subdag_operator.section-2 to None, run_after=None
[2024-07-08T15:21:07.498+0000] {processor.py:183} INFO - Processing /home/airflow/.local/lib/python3.12/site-packages/airflow/example_dags/example_subdag_operator.py took 0.203 seconds
[2024-07-08T15:21:38.152+0000] {processor.py:161} INFO - Started process (PID=1237) to work on /home/airflow/.local/lib/python3.12/site-packages/airflow/example_dags/example_subdag_operator.py
[2024-07-08T15:21:38.153+0000] {processor.py:830} INFO - Processing file /home/airflow/.local/lib/python3.12/site-packages/airflow/example_dags/example_subdag_operator.py for tasks to queue
[2024-07-08T15:21:38.155+0000] {logging_mixin.py:188} INFO - [2024-07-08T15:21:38.154+0000] {dagbag.py:545} INFO - Filling up the DagBag from /home/airflow/.local/lib/python3.12/site-packages/airflow/example_dags/example_subdag_operator.py
[2024-07-08T15:21:38.185+0000] {processor.py:840} INFO - DAG(s) 'example_subdag_operator.section-1', 'example_subdag_operator.section-2', 'example_subdag_operator' retrieved from /home/airflow/.local/lib/python3.12/site-packages/airflow/example_dags/example_subdag_operator.py
[2024-07-08T15:21:38.206+0000] {logging_mixin.py:188} INFO - [2024-07-08T15:21:38.206+0000] {dag.py:3096} INFO - Sync 3 DAGs
[2024-07-08T15:21:38.232+0000] {logging_mixin.py:188} INFO - [2024-07-08T15:21:38.231+0000] {dag.py:3954} INFO - Setting next_dagrun for example_subdag_operator to 2022-01-01 00:00:00+00:00, run_after=2022-01-01 00:00:00+00:00
[2024-07-08T15:21:38.238+0000] {logging_mixin.py:188} INFO - [2024-07-08T15:21:38.237+0000] {dag.py:3954} INFO - Setting next_dagrun for example_subdag_operator.section-1 to None, run_after=None
[2024-07-08T15:21:38.240+0000] {logging_mixin.py:188} INFO - [2024-07-08T15:21:38.240+0000] {dag.py:3954} INFO - Setting next_dagrun for example_subdag_operator.section-2 to None, run_after=None
[2024-07-08T15:21:38.249+0000] {logging_mixin.py:188} INFO - [2024-07-08T15:21:38.248+0000] {dag.py:3096} INFO - Sync 2 DAGs
[2024-07-08T15:21:38.255+0000] {logging_mixin.py:188} INFO - [2024-07-08T15:21:38.255+0000] {dag.py:3954} INFO - Setting next_dagrun for example_subdag_operator.section-1 to None, run_after=None
[2024-07-08T15:21:38.256+0000] {logging_mixin.py:188} INFO - [2024-07-08T15:21:38.256+0000] {dag.py:3954} INFO - Setting next_dagrun for example_subdag_operator.section-2 to None, run_after=None
[2024-07-08T15:21:38.272+0000] {processor.py:183} INFO - Processing /home/airflow/.local/lib/python3.12/site-packages/airflow/example_dags/example_subdag_operator.py took 0.126 seconds
[2024-07-08T15:22:08.706+0000] {processor.py:161} INFO - Started process (PID=1295) to work on /home/airflow/.local/lib/python3.12/site-packages/airflow/example_dags/example_subdag_operator.py
[2024-07-08T15:22:08.708+0000] {processor.py:830} INFO - Processing file /home/airflow/.local/lib/python3.12/site-packages/airflow/example_dags/example_subdag_operator.py for tasks to queue
[2024-07-08T15:22:08.709+0000] {logging_mixin.py:188} INFO - [2024-07-08T15:22:08.708+0000] {dagbag.py:545} INFO - Filling up the DagBag from /home/airflow/.local/lib/python3.12/site-packages/airflow/example_dags/example_subdag_operator.py
[2024-07-08T15:22:08.739+0000] {processor.py:840} INFO - DAG(s) 'example_subdag_operator.section-1', 'example_subdag_operator.section-2', 'example_subdag_operator' retrieved from /home/airflow/.local/lib/python3.12/site-packages/airflow/example_dags/example_subdag_operator.py
[2024-07-08T15:22:08.766+0000] {logging_mixin.py:188} INFO - [2024-07-08T15:22:08.766+0000] {dag.py:3096} INFO - Sync 3 DAGs
[2024-07-08T15:22:08.806+0000] {logging_mixin.py:188} INFO - [2024-07-08T15:22:08.806+0000] {dag.py:3954} INFO - Setting next_dagrun for example_subdag_operator to 2022-01-01 00:00:00+00:00, run_after=2022-01-01 00:00:00+00:00
[2024-07-08T15:22:08.812+0000] {logging_mixin.py:188} INFO - [2024-07-08T15:22:08.812+0000] {dag.py:3954} INFO - Setting next_dagrun for example_subdag_operator.section-1 to None, run_after=None
[2024-07-08T15:22:08.825+0000] {logging_mixin.py:188} INFO - [2024-07-08T15:22:08.824+0000] {dag.py:3954} INFO - Setting next_dagrun for example_subdag_operator.section-2 to None, run_after=None
[2024-07-08T15:22:08.844+0000] {logging_mixin.py:188} INFO - [2024-07-08T15:22:08.843+0000] {dag.py:3096} INFO - Sync 2 DAGs
[2024-07-08T15:22:08.859+0000] {logging_mixin.py:188} INFO - [2024-07-08T15:22:08.859+0000] {dag.py:3954} INFO - Setting next_dagrun for example_subdag_operator.section-1 to None, run_after=None
[2024-07-08T15:22:08.860+0000] {logging_mixin.py:188} INFO - [2024-07-08T15:22:08.860+0000] {dag.py:3954} INFO - Setting next_dagrun for example_subdag_operator.section-2 to None, run_after=None
[2024-07-08T15:22:08.881+0000] {processor.py:183} INFO - Processing /home/airflow/.local/lib/python3.12/site-packages/airflow/example_dags/example_subdag_operator.py took 0.182 seconds
[2024-07-08T15:22:39.475+0000] {processor.py:161} INFO - Started process (PID=1359) to work on /home/airflow/.local/lib/python3.12/site-packages/airflow/example_dags/example_subdag_operator.py
[2024-07-08T15:22:39.476+0000] {processor.py:830} INFO - Processing file /home/airflow/.local/lib/python3.12/site-packages/airflow/example_dags/example_subdag_operator.py for tasks to queue
[2024-07-08T15:22:39.478+0000] {logging_mixin.py:188} INFO - [2024-07-08T15:22:39.477+0000] {dagbag.py:545} INFO - Filling up the DagBag from /home/airflow/.local/lib/python3.12/site-packages/airflow/example_dags/example_subdag_operator.py
[2024-07-08T15:22:39.528+0000] {processor.py:840} INFO - DAG(s) 'example_subdag_operator.section-1', 'example_subdag_operator.section-2', 'example_subdag_operator' retrieved from /home/airflow/.local/lib/python3.12/site-packages/airflow/example_dags/example_subdag_operator.py
[2024-07-08T15:22:39.561+0000] {logging_mixin.py:188} INFO - [2024-07-08T15:22:39.560+0000] {dag.py:3096} INFO - Sync 3 DAGs
[2024-07-08T15:22:39.597+0000] {logging_mixin.py:188} INFO - [2024-07-08T15:22:39.597+0000] {dag.py:3954} INFO - Setting next_dagrun for example_subdag_operator to 2022-01-01 00:00:00+00:00, run_after=2022-01-01 00:00:00+00:00
[2024-07-08T15:22:39.603+0000] {logging_mixin.py:188} INFO - [2024-07-08T15:22:39.602+0000] {dag.py:3954} INFO - Setting next_dagrun for example_subdag_operator.section-1 to None, run_after=None
[2024-07-08T15:22:39.605+0000] {logging_mixin.py:188} INFO - [2024-07-08T15:22:39.605+0000] {dag.py:3954} INFO - Setting next_dagrun for example_subdag_operator.section-2 to None, run_after=None
[2024-07-08T15:22:39.619+0000] {logging_mixin.py:188} INFO - [2024-07-08T15:22:39.619+0000] {dag.py:3096} INFO - Sync 2 DAGs
[2024-07-08T15:22:39.627+0000] {logging_mixin.py:188} INFO - [2024-07-08T15:22:39.626+0000] {dag.py:3954} INFO - Setting next_dagrun for example_subdag_operator.section-1 to None, run_after=None
[2024-07-08T15:22:39.627+0000] {logging_mixin.py:188} INFO - [2024-07-08T15:22:39.627+0000] {dag.py:3954} INFO - Setting next_dagrun for example_subdag_operator.section-2 to None, run_after=None
[2024-07-08T15:22:39.643+0000] {processor.py:183} INFO - Processing /home/airflow/.local/lib/python3.12/site-packages/airflow/example_dags/example_subdag_operator.py took 0.177 seconds
[2024-07-08T15:23:10.691+0000] {processor.py:161} INFO - Started process (PID=1421) to work on /home/airflow/.local/lib/python3.12/site-packages/airflow/example_dags/example_subdag_operator.py
[2024-07-08T15:23:10.694+0000] {processor.py:830} INFO - Processing file /home/airflow/.local/lib/python3.12/site-packages/airflow/example_dags/example_subdag_operator.py for tasks to queue
[2024-07-08T15:23:10.696+0000] {logging_mixin.py:188} INFO - [2024-07-08T15:23:10.696+0000] {dagbag.py:545} INFO - Filling up the DagBag from /home/airflow/.local/lib/python3.12/site-packages/airflow/example_dags/example_subdag_operator.py
[2024-07-08T15:23:10.755+0000] {processor.py:840} INFO - DAG(s) 'example_subdag_operator.section-1', 'example_subdag_operator.section-2', 'example_subdag_operator' retrieved from /home/airflow/.local/lib/python3.12/site-packages/airflow/example_dags/example_subdag_operator.py
[2024-07-08T15:23:10.787+0000] {logging_mixin.py:188} INFO - [2024-07-08T15:23:10.787+0000] {dag.py:3096} INFO - Sync 3 DAGs
[2024-07-08T15:23:10.829+0000] {logging_mixin.py:188} INFO - [2024-07-08T15:23:10.828+0000] {dag.py:3954} INFO - Setting next_dagrun for example_subdag_operator to 2022-01-01 00:00:00+00:00, run_after=2022-01-01 00:00:00+00:00
[2024-07-08T15:23:10.836+0000] {logging_mixin.py:188} INFO - [2024-07-08T15:23:10.835+0000] {dag.py:3954} INFO - Setting next_dagrun for example_subdag_operator.section-1 to None, run_after=None
[2024-07-08T15:23:10.838+0000] {logging_mixin.py:188} INFO - [2024-07-08T15:23:10.838+0000] {dag.py:3954} INFO - Setting next_dagrun for example_subdag_operator.section-2 to None, run_after=None
[2024-07-08T15:23:10.851+0000] {logging_mixin.py:188} INFO - [2024-07-08T15:23:10.851+0000] {dag.py:3096} INFO - Sync 2 DAGs
[2024-07-08T15:23:10.861+0000] {logging_mixin.py:188} INFO - [2024-07-08T15:23:10.861+0000] {dag.py:3954} INFO - Setting next_dagrun for example_subdag_operator.section-1 to None, run_after=None
[2024-07-08T15:23:10.863+0000] {logging_mixin.py:188} INFO - [2024-07-08T15:23:10.862+0000] {dag.py:3954} INFO - Setting next_dagrun for example_subdag_operator.section-2 to None, run_after=None
[2024-07-08T15:23:10.897+0000] {processor.py:183} INFO - Processing /home/airflow/.local/lib/python3.12/site-packages/airflow/example_dags/example_subdag_operator.py took 0.220 seconds
[2024-07-08T15:23:42.160+0000] {processor.py:161} INFO - Started process (PID=1482) to work on /home/airflow/.local/lib/python3.12/site-packages/airflow/example_dags/example_subdag_operator.py
[2024-07-08T15:23:42.162+0000] {processor.py:830} INFO - Processing file /home/airflow/.local/lib/python3.12/site-packages/airflow/example_dags/example_subdag_operator.py for tasks to queue
[2024-07-08T15:23:42.164+0000] {logging_mixin.py:188} INFO - [2024-07-08T15:23:42.164+0000] {dagbag.py:545} INFO - Filling up the DagBag from /home/airflow/.local/lib/python3.12/site-packages/airflow/example_dags/example_subdag_operator.py
[2024-07-08T15:23:42.210+0000] {processor.py:840} INFO - DAG(s) 'example_subdag_operator.section-1', 'example_subdag_operator.section-2', 'example_subdag_operator' retrieved from /home/airflow/.local/lib/python3.12/site-packages/airflow/example_dags/example_subdag_operator.py
[2024-07-08T15:23:42.239+0000] {logging_mixin.py:188} INFO - [2024-07-08T15:23:42.239+0000] {dag.py:3096} INFO - Sync 3 DAGs
[2024-07-08T15:23:42.278+0000] {logging_mixin.py:188} INFO - [2024-07-08T15:23:42.278+0000] {dag.py:3954} INFO - Setting next_dagrun for example_subdag_operator to 2022-01-01 00:00:00+00:00, run_after=2022-01-01 00:00:00+00:00
[2024-07-08T15:23:42.289+0000] {logging_mixin.py:188} INFO - [2024-07-08T15:23:42.288+0000] {dag.py:3954} INFO - Setting next_dagrun for example_subdag_operator.section-1 to None, run_after=None
[2024-07-08T15:23:42.292+0000] {logging_mixin.py:188} INFO - [2024-07-08T15:23:42.292+0000] {dag.py:3954} INFO - Setting next_dagrun for example_subdag_operator.section-2 to None, run_after=None
[2024-07-08T15:23:42.306+0000] {logging_mixin.py:188} INFO - [2024-07-08T15:23:42.305+0000] {dag.py:3096} INFO - Sync 2 DAGs
[2024-07-08T15:23:42.315+0000] {logging_mixin.py:188} INFO - [2024-07-08T15:23:42.315+0000] {dag.py:3954} INFO - Setting next_dagrun for example_subdag_operator.section-1 to None, run_after=None
[2024-07-08T15:23:42.316+0000] {logging_mixin.py:188} INFO - [2024-07-08T15:23:42.316+0000] {dag.py:3954} INFO - Setting next_dagrun for example_subdag_operator.section-2 to None, run_after=None
[2024-07-08T15:23:42.337+0000] {processor.py:183} INFO - Processing /home/airflow/.local/lib/python3.12/site-packages/airflow/example_dags/example_subdag_operator.py took 0.190 seconds
[2024-07-08T15:24:13.230+0000] {processor.py:161} INFO - Started process (PID=1547) to work on /home/airflow/.local/lib/python3.12/site-packages/airflow/example_dags/example_subdag_operator.py
[2024-07-08T15:24:13.232+0000] {processor.py:830} INFO - Processing file /home/airflow/.local/lib/python3.12/site-packages/airflow/example_dags/example_subdag_operator.py for tasks to queue
[2024-07-08T15:24:13.235+0000] {logging_mixin.py:188} INFO - [2024-07-08T15:24:13.234+0000] {dagbag.py:545} INFO - Filling up the DagBag from /home/airflow/.local/lib/python3.12/site-packages/airflow/example_dags/example_subdag_operator.py
[2024-07-08T15:24:13.278+0000] {processor.py:840} INFO - DAG(s) 'example_subdag_operator.section-1', 'example_subdag_operator.section-2', 'example_subdag_operator' retrieved from /home/airflow/.local/lib/python3.12/site-packages/airflow/example_dags/example_subdag_operator.py
[2024-07-08T15:24:13.309+0000] {logging_mixin.py:188} INFO - [2024-07-08T15:24:13.309+0000] {dag.py:3096} INFO - Sync 3 DAGs
[2024-07-08T15:24:13.355+0000] {logging_mixin.py:188} INFO - [2024-07-08T15:24:13.355+0000] {dag.py:3954} INFO - Setting next_dagrun for example_subdag_operator to 2022-01-01 00:00:00+00:00, run_after=2022-01-01 00:00:00+00:00
[2024-07-08T15:24:13.369+0000] {logging_mixin.py:188} INFO - [2024-07-08T15:24:13.368+0000] {dag.py:3954} INFO - Setting next_dagrun for example_subdag_operator.section-1 to None, run_after=None
[2024-07-08T15:24:13.372+0000] {logging_mixin.py:188} INFO - [2024-07-08T15:24:13.372+0000] {dag.py:3954} INFO - Setting next_dagrun for example_subdag_operator.section-2 to None, run_after=None
[2024-07-08T15:24:13.388+0000] {logging_mixin.py:188} INFO - [2024-07-08T15:24:13.388+0000] {dag.py:3096} INFO - Sync 2 DAGs
[2024-07-08T15:24:13.398+0000] {logging_mixin.py:188} INFO - [2024-07-08T15:24:13.398+0000] {dag.py:3954} INFO - Setting next_dagrun for example_subdag_operator.section-1 to None, run_after=None
[2024-07-08T15:24:13.399+0000] {logging_mixin.py:188} INFO - [2024-07-08T15:24:13.399+0000] {dag.py:3954} INFO - Setting next_dagrun for example_subdag_operator.section-2 to None, run_after=None
[2024-07-08T15:24:13.419+0000] {processor.py:183} INFO - Processing /home/airflow/.local/lib/python3.12/site-packages/airflow/example_dags/example_subdag_operator.py took 0.200 seconds
[2024-07-08T15:24:43.904+0000] {processor.py:161} INFO - Started process (PID=1607) to work on /home/airflow/.local/lib/python3.12/site-packages/airflow/example_dags/example_subdag_operator.py
[2024-07-08T15:24:43.905+0000] {processor.py:830} INFO - Processing file /home/airflow/.local/lib/python3.12/site-packages/airflow/example_dags/example_subdag_operator.py for tasks to queue
[2024-07-08T15:24:43.906+0000] {logging_mixin.py:188} INFO - [2024-07-08T15:24:43.906+0000] {dagbag.py:545} INFO - Filling up the DagBag from /home/airflow/.local/lib/python3.12/site-packages/airflow/example_dags/example_subdag_operator.py
[2024-07-08T15:24:43.938+0000] {processor.py:840} INFO - DAG(s) 'example_subdag_operator.section-1', 'example_subdag_operator.section-2', 'example_subdag_operator' retrieved from /home/airflow/.local/lib/python3.12/site-packages/airflow/example_dags/example_subdag_operator.py
[2024-07-08T15:24:43.964+0000] {logging_mixin.py:188} INFO - [2024-07-08T15:24:43.963+0000] {dag.py:3096} INFO - Sync 3 DAGs
[2024-07-08T15:24:44.001+0000] {logging_mixin.py:188} INFO - [2024-07-08T15:24:44.000+0000] {dag.py:3954} INFO - Setting next_dagrun for example_subdag_operator to 2022-01-01 00:00:00+00:00, run_after=2022-01-01 00:00:00+00:00
[2024-07-08T15:24:44.008+0000] {logging_mixin.py:188} INFO - [2024-07-08T15:24:44.008+0000] {dag.py:3954} INFO - Setting next_dagrun for example_subdag_operator.section-1 to None, run_after=None
[2024-07-08T15:24:44.011+0000] {logging_mixin.py:188} INFO - [2024-07-08T15:24:44.011+0000] {dag.py:3954} INFO - Setting next_dagrun for example_subdag_operator.section-2 to None, run_after=None
[2024-07-08T15:24:44.024+0000] {logging_mixin.py:188} INFO - [2024-07-08T15:24:44.024+0000] {dag.py:3096} INFO - Sync 2 DAGs
[2024-07-08T15:24:44.036+0000] {logging_mixin.py:188} INFO - [2024-07-08T15:24:44.035+0000] {dag.py:3954} INFO - Setting next_dagrun for example_subdag_operator.section-1 to None, run_after=None
[2024-07-08T15:24:44.037+0000] {logging_mixin.py:188} INFO - [2024-07-08T15:24:44.037+0000] {dag.py:3954} INFO - Setting next_dagrun for example_subdag_operator.section-2 to None, run_after=None
[2024-07-08T15:24:44.054+0000] {processor.py:183} INFO - Processing /home/airflow/.local/lib/python3.12/site-packages/airflow/example_dags/example_subdag_operator.py took 0.158 seconds
[2024-07-08T15:25:14.196+0000] {processor.py:161} INFO - Started process (PID=1670) to work on /home/airflow/.local/lib/python3.12/site-packages/airflow/example_dags/example_subdag_operator.py
[2024-07-08T15:25:14.198+0000] {processor.py:830} INFO - Processing file /home/airflow/.local/lib/python3.12/site-packages/airflow/example_dags/example_subdag_operator.py for tasks to queue
[2024-07-08T15:25:14.199+0000] {logging_mixin.py:188} INFO - [2024-07-08T15:25:14.199+0000] {dagbag.py:545} INFO - Filling up the DagBag from /home/airflow/.local/lib/python3.12/site-packages/airflow/example_dags/example_subdag_operator.py
[2024-07-08T15:25:14.231+0000] {processor.py:840} INFO - DAG(s) 'example_subdag_operator.section-1', 'example_subdag_operator.section-2', 'example_subdag_operator' retrieved from /home/airflow/.local/lib/python3.12/site-packages/airflow/example_dags/example_subdag_operator.py
[2024-07-08T15:25:14.259+0000] {logging_mixin.py:188} INFO - [2024-07-08T15:25:14.258+0000] {dag.py:3096} INFO - Sync 3 DAGs
[2024-07-08T15:25:14.286+0000] {logging_mixin.py:188} INFO - [2024-07-08T15:25:14.285+0000] {dag.py:3954} INFO - Setting next_dagrun for example_subdag_operator to 2022-01-01 00:00:00+00:00, run_after=2022-01-01 00:00:00+00:00
[2024-07-08T15:25:14.291+0000] {logging_mixin.py:188} INFO - [2024-07-08T15:25:14.291+0000] {dag.py:3954} INFO - Setting next_dagrun for example_subdag_operator.section-1 to None, run_after=None
[2024-07-08T15:25:14.294+0000] {logging_mixin.py:188} INFO - [2024-07-08T15:25:14.293+0000] {dag.py:3954} INFO - Setting next_dagrun for example_subdag_operator.section-2 to None, run_after=None
[2024-07-08T15:25:14.308+0000] {logging_mixin.py:188} INFO - [2024-07-08T15:25:14.307+0000] {dag.py:3096} INFO - Sync 2 DAGs
[2024-07-08T15:25:14.318+0000] {logging_mixin.py:188} INFO - [2024-07-08T15:25:14.317+0000] {dag.py:3954} INFO - Setting next_dagrun for example_subdag_operator.section-1 to None, run_after=None
[2024-07-08T15:25:14.319+0000] {logging_mixin.py:188} INFO - [2024-07-08T15:25:14.318+0000] {dag.py:3954} INFO - Setting next_dagrun for example_subdag_operator.section-2 to None, run_after=None
[2024-07-08T15:25:14.338+0000] {processor.py:183} INFO - Processing /home/airflow/.local/lib/python3.12/site-packages/airflow/example_dags/example_subdag_operator.py took 0.150 seconds
[2024-07-08T15:25:45.082+0000] {processor.py:161} INFO - Started process (PID=1736) to work on /home/airflow/.local/lib/python3.12/site-packages/airflow/example_dags/example_subdag_operator.py
[2024-07-08T15:25:45.083+0000] {processor.py:830} INFO - Processing file /home/airflow/.local/lib/python3.12/site-packages/airflow/example_dags/example_subdag_operator.py for tasks to queue
[2024-07-08T15:25:45.085+0000] {logging_mixin.py:188} INFO - [2024-07-08T15:25:45.084+0000] {dagbag.py:545} INFO - Filling up the DagBag from /home/airflow/.local/lib/python3.12/site-packages/airflow/example_dags/example_subdag_operator.py
[2024-07-08T15:25:45.119+0000] {processor.py:840} INFO - DAG(s) 'example_subdag_operator.section-1', 'example_subdag_operator.section-2', 'example_subdag_operator' retrieved from /home/airflow/.local/lib/python3.12/site-packages/airflow/example_dags/example_subdag_operator.py
[2024-07-08T15:25:45.146+0000] {logging_mixin.py:188} INFO - [2024-07-08T15:25:45.145+0000] {dag.py:3096} INFO - Sync 3 DAGs
[2024-07-08T15:25:45.179+0000] {logging_mixin.py:188} INFO - [2024-07-08T15:25:45.179+0000] {dag.py:3954} INFO - Setting next_dagrun for example_subdag_operator to 2022-01-01 00:00:00+00:00, run_after=2022-01-01 00:00:00+00:00
[2024-07-08T15:25:45.186+0000] {logging_mixin.py:188} INFO - [2024-07-08T15:25:45.185+0000] {dag.py:3954} INFO - Setting next_dagrun for example_subdag_operator.section-1 to None, run_after=None
[2024-07-08T15:25:45.189+0000] {logging_mixin.py:188} INFO - [2024-07-08T15:25:45.188+0000] {dag.py:3954} INFO - Setting next_dagrun for example_subdag_operator.section-2 to None, run_after=None
[2024-07-08T15:25:45.201+0000] {logging_mixin.py:188} INFO - [2024-07-08T15:25:45.200+0000] {dag.py:3096} INFO - Sync 2 DAGs
[2024-07-08T15:25:45.209+0000] {logging_mixin.py:188} INFO - [2024-07-08T15:25:45.209+0000] {dag.py:3954} INFO - Setting next_dagrun for example_subdag_operator.section-1 to None, run_after=None
[2024-07-08T15:25:45.210+0000] {logging_mixin.py:188} INFO - [2024-07-08T15:25:45.210+0000] {dag.py:3954} INFO - Setting next_dagrun for example_subdag_operator.section-2 to None, run_after=None
[2024-07-08T15:25:45.228+0000] {processor.py:183} INFO - Processing /home/airflow/.local/lib/python3.12/site-packages/airflow/example_dags/example_subdag_operator.py took 0.153 seconds
[2024-07-08T15:26:15.429+0000] {processor.py:161} INFO - Started process (PID=1800) to work on /home/airflow/.local/lib/python3.12/site-packages/airflow/example_dags/example_subdag_operator.py
[2024-07-08T15:26:15.431+0000] {processor.py:830} INFO - Processing file /home/airflow/.local/lib/python3.12/site-packages/airflow/example_dags/example_subdag_operator.py for tasks to queue
[2024-07-08T15:26:15.432+0000] {logging_mixin.py:188} INFO - [2024-07-08T15:26:15.432+0000] {dagbag.py:545} INFO - Filling up the DagBag from /home/airflow/.local/lib/python3.12/site-packages/airflow/example_dags/example_subdag_operator.py
[2024-07-08T15:26:15.487+0000] {processor.py:840} INFO - DAG(s) 'example_subdag_operator.section-1', 'example_subdag_operator.section-2', 'example_subdag_operator' retrieved from /home/airflow/.local/lib/python3.12/site-packages/airflow/example_dags/example_subdag_operator.py
[2024-07-08T15:26:15.521+0000] {logging_mixin.py:188} INFO - [2024-07-08T15:26:15.520+0000] {dag.py:3096} INFO - Sync 3 DAGs
[2024-07-08T15:26:15.571+0000] {logging_mixin.py:188} INFO - [2024-07-08T15:26:15.570+0000] {dag.py:3954} INFO - Setting next_dagrun for example_subdag_operator to 2022-01-01 00:00:00+00:00, run_after=2022-01-01 00:00:00+00:00
[2024-07-08T15:26:15.591+0000] {logging_mixin.py:188} INFO - [2024-07-08T15:26:15.590+0000] {dag.py:3954} INFO - Setting next_dagrun for example_subdag_operator.section-1 to None, run_after=None
[2024-07-08T15:26:15.594+0000] {logging_mixin.py:188} INFO - [2024-07-08T15:26:15.594+0000] {dag.py:3954} INFO - Setting next_dagrun for example_subdag_operator.section-2 to None, run_after=None
[2024-07-08T15:26:15.611+0000] {logging_mixin.py:188} INFO - [2024-07-08T15:26:15.610+0000] {dag.py:3096} INFO - Sync 2 DAGs
[2024-07-08T15:26:15.622+0000] {logging_mixin.py:188} INFO - [2024-07-08T15:26:15.621+0000] {dag.py:3954} INFO - Setting next_dagrun for example_subdag_operator.section-1 to None, run_after=None
[2024-07-08T15:26:15.629+0000] {logging_mixin.py:188} INFO - [2024-07-08T15:26:15.628+0000] {dag.py:3954} INFO - Setting next_dagrun for example_subdag_operator.section-2 to None, run_after=None
[2024-07-08T15:26:15.672+0000] {processor.py:183} INFO - Processing /home/airflow/.local/lib/python3.12/site-packages/airflow/example_dags/example_subdag_operator.py took 0.255 seconds
[2024-07-08T15:26:45.897+0000] {processor.py:161} INFO - Started process (PID=1863) to work on /home/airflow/.local/lib/python3.12/site-packages/airflow/example_dags/example_subdag_operator.py
[2024-07-08T15:26:45.899+0000] {processor.py:830} INFO - Processing file /home/airflow/.local/lib/python3.12/site-packages/airflow/example_dags/example_subdag_operator.py for tasks to queue
[2024-07-08T15:26:45.902+0000] {logging_mixin.py:188} INFO - [2024-07-08T15:26:45.901+0000] {dagbag.py:545} INFO - Filling up the DagBag from /home/airflow/.local/lib/python3.12/site-packages/airflow/example_dags/example_subdag_operator.py
[2024-07-08T15:26:45.949+0000] {processor.py:840} INFO - DAG(s) 'example_subdag_operator.section-1', 'example_subdag_operator.section-2', 'example_subdag_operator' retrieved from /home/airflow/.local/lib/python3.12/site-packages/airflow/example_dags/example_subdag_operator.py
[2024-07-08T15:26:45.980+0000] {logging_mixin.py:188} INFO - [2024-07-08T15:26:45.980+0000] {dag.py:3096} INFO - Sync 3 DAGs
[2024-07-08T15:26:46.021+0000] {logging_mixin.py:188} INFO - [2024-07-08T15:26:46.020+0000] {dag.py:3954} INFO - Setting next_dagrun for example_subdag_operator to 2022-01-01 00:00:00+00:00, run_after=2022-01-01 00:00:00+00:00
[2024-07-08T15:26:46.029+0000] {logging_mixin.py:188} INFO - [2024-07-08T15:26:46.029+0000] {dag.py:3954} INFO - Setting next_dagrun for example_subdag_operator.section-1 to None, run_after=None
[2024-07-08T15:26:46.035+0000] {logging_mixin.py:188} INFO - [2024-07-08T15:26:46.034+0000] {dag.py:3954} INFO - Setting next_dagrun for example_subdag_operator.section-2 to None, run_after=None
[2024-07-08T15:26:46.048+0000] {logging_mixin.py:188} INFO - [2024-07-08T15:26:46.048+0000] {dag.py:3096} INFO - Sync 2 DAGs
[2024-07-08T15:26:46.058+0000] {logging_mixin.py:188} INFO - [2024-07-08T15:26:46.058+0000] {dag.py:3954} INFO - Setting next_dagrun for example_subdag_operator.section-1 to None, run_after=None
[2024-07-08T15:26:46.059+0000] {logging_mixin.py:188} INFO - [2024-07-08T15:26:46.059+0000] {dag.py:3954} INFO - Setting next_dagrun for example_subdag_operator.section-2 to None, run_after=None
[2024-07-08T15:26:46.080+0000] {processor.py:183} INFO - Processing /home/airflow/.local/lib/python3.12/site-packages/airflow/example_dags/example_subdag_operator.py took 0.194 seconds
[2024-07-08T15:27:16.687+0000] {processor.py:161} INFO - Started process (PID=1922) to work on /home/airflow/.local/lib/python3.12/site-packages/airflow/example_dags/example_subdag_operator.py
[2024-07-08T15:27:16.688+0000] {processor.py:830} INFO - Processing file /home/airflow/.local/lib/python3.12/site-packages/airflow/example_dags/example_subdag_operator.py for tasks to queue
[2024-07-08T15:27:16.690+0000] {logging_mixin.py:188} INFO - [2024-07-08T15:27:16.689+0000] {dagbag.py:545} INFO - Filling up the DagBag from /home/airflow/.local/lib/python3.12/site-packages/airflow/example_dags/example_subdag_operator.py
[2024-07-08T15:27:16.721+0000] {processor.py:840} INFO - DAG(s) 'example_subdag_operator.section-1', 'example_subdag_operator.section-2', 'example_subdag_operator' retrieved from /home/airflow/.local/lib/python3.12/site-packages/airflow/example_dags/example_subdag_operator.py
[2024-07-08T15:27:16.747+0000] {logging_mixin.py:188} INFO - [2024-07-08T15:27:16.747+0000] {dag.py:3096} INFO - Sync 3 DAGs
[2024-07-08T15:27:16.781+0000] {logging_mixin.py:188} INFO - [2024-07-08T15:27:16.780+0000] {dag.py:3954} INFO - Setting next_dagrun for example_subdag_operator to 2022-01-01 00:00:00+00:00, run_after=2022-01-01 00:00:00+00:00
[2024-07-08T15:27:16.786+0000] {logging_mixin.py:188} INFO - [2024-07-08T15:27:16.786+0000] {dag.py:3954} INFO - Setting next_dagrun for example_subdag_operator.section-1 to None, run_after=None
[2024-07-08T15:27:16.788+0000] {logging_mixin.py:188} INFO - [2024-07-08T15:27:16.788+0000] {dag.py:3954} INFO - Setting next_dagrun for example_subdag_operator.section-2 to None, run_after=None
[2024-07-08T15:27:16.799+0000] {logging_mixin.py:188} INFO - [2024-07-08T15:27:16.799+0000] {dag.py:3096} INFO - Sync 2 DAGs
[2024-07-08T15:27:16.808+0000] {logging_mixin.py:188} INFO - [2024-07-08T15:27:16.807+0000] {dag.py:3954} INFO - Setting next_dagrun for example_subdag_operator.section-1 to None, run_after=None
[2024-07-08T15:27:16.809+0000] {logging_mixin.py:188} INFO - [2024-07-08T15:27:16.809+0000] {dag.py:3954} INFO - Setting next_dagrun for example_subdag_operator.section-2 to None, run_after=None
[2024-07-08T15:27:16.827+0000] {processor.py:183} INFO - Processing /home/airflow/.local/lib/python3.12/site-packages/airflow/example_dags/example_subdag_operator.py took 0.147 seconds
[2024-07-08T15:27:47.343+0000] {processor.py:161} INFO - Started process (PID=1980) to work on /home/airflow/.local/lib/python3.12/site-packages/airflow/example_dags/example_subdag_operator.py
[2024-07-08T15:27:47.344+0000] {processor.py:830} INFO - Processing file /home/airflow/.local/lib/python3.12/site-packages/airflow/example_dags/example_subdag_operator.py for tasks to queue
[2024-07-08T15:27:47.346+0000] {logging_mixin.py:188} INFO - [2024-07-08T15:27:47.346+0000] {dagbag.py:545} INFO - Filling up the DagBag from /home/airflow/.local/lib/python3.12/site-packages/airflow/example_dags/example_subdag_operator.py
[2024-07-08T15:27:47.377+0000] {processor.py:840} INFO - DAG(s) 'example_subdag_operator.section-1', 'example_subdag_operator.section-2', 'example_subdag_operator' retrieved from /home/airflow/.local/lib/python3.12/site-packages/airflow/example_dags/example_subdag_operator.py
[2024-07-08T15:27:47.401+0000] {logging_mixin.py:188} INFO - [2024-07-08T15:27:47.401+0000] {dag.py:3096} INFO - Sync 3 DAGs
[2024-07-08T15:27:47.437+0000] {logging_mixin.py:188} INFO - [2024-07-08T15:27:47.436+0000] {dag.py:3954} INFO - Setting next_dagrun for example_subdag_operator to 2022-01-01 00:00:00+00:00, run_after=2022-01-01 00:00:00+00:00
[2024-07-08T15:27:47.447+0000] {logging_mixin.py:188} INFO - [2024-07-08T15:27:47.446+0000] {dag.py:3954} INFO - Setting next_dagrun for example_subdag_operator.section-1 to None, run_after=None
[2024-07-08T15:27:47.449+0000] {logging_mixin.py:188} INFO - [2024-07-08T15:27:47.449+0000] {dag.py:3954} INFO - Setting next_dagrun for example_subdag_operator.section-2 to None, run_after=None
[2024-07-08T15:27:47.461+0000] {logging_mixin.py:188} INFO - [2024-07-08T15:27:47.461+0000] {dag.py:3096} INFO - Sync 2 DAGs
[2024-07-08T15:27:47.483+0000] {logging_mixin.py:188} INFO - [2024-07-08T15:27:47.482+0000] {dag.py:3954} INFO - Setting next_dagrun for example_subdag_operator.section-1 to None, run_after=None
[2024-07-08T15:27:47.484+0000] {logging_mixin.py:188} INFO - [2024-07-08T15:27:47.484+0000] {dag.py:3954} INFO - Setting next_dagrun for example_subdag_operator.section-2 to None, run_after=None
[2024-07-08T15:27:47.511+0000] {processor.py:183} INFO - Processing /home/airflow/.local/lib/python3.12/site-packages/airflow/example_dags/example_subdag_operator.py took 0.176 seconds
[2024-07-08T15:28:18.153+0000] {processor.py:161} INFO - Started process (PID=2039) to work on /home/airflow/.local/lib/python3.12/site-packages/airflow/example_dags/example_subdag_operator.py
[2024-07-08T15:28:18.165+0000] {processor.py:830} INFO - Processing file /home/airflow/.local/lib/python3.12/site-packages/airflow/example_dags/example_subdag_operator.py for tasks to queue
[2024-07-08T15:28:18.168+0000] {logging_mixin.py:188} INFO - [2024-07-08T15:28:18.167+0000] {dagbag.py:545} INFO - Filling up the DagBag from /home/airflow/.local/lib/python3.12/site-packages/airflow/example_dags/example_subdag_operator.py
[2024-07-08T15:28:18.340+0000] {processor.py:840} INFO - DAG(s) 'example_subdag_operator.section-1', 'example_subdag_operator.section-2', 'example_subdag_operator' retrieved from /home/airflow/.local/lib/python3.12/site-packages/airflow/example_dags/example_subdag_operator.py
[2024-07-08T15:28:18.419+0000] {logging_mixin.py:188} INFO - [2024-07-08T15:28:18.418+0000] {dag.py:3096} INFO - Sync 3 DAGs
[2024-07-08T15:28:18.603+0000] {logging_mixin.py:188} INFO - [2024-07-08T15:28:18.602+0000] {dag.py:3954} INFO - Setting next_dagrun for example_subdag_operator to 2022-01-01 00:00:00+00:00, run_after=2022-01-01 00:00:00+00:00
[2024-07-08T15:28:18.624+0000] {logging_mixin.py:188} INFO - [2024-07-08T15:28:18.624+0000] {dag.py:3954} INFO - Setting next_dagrun for example_subdag_operator.section-1 to None, run_after=None
[2024-07-08T15:28:18.640+0000] {logging_mixin.py:188} INFO - [2024-07-08T15:28:18.639+0000] {dag.py:3954} INFO - Setting next_dagrun for example_subdag_operator.section-2 to None, run_after=None
[2024-07-08T15:28:18.681+0000] {logging_mixin.py:188} INFO - [2024-07-08T15:28:18.680+0000] {dag.py:3096} INFO - Sync 2 DAGs
[2024-07-08T15:28:18.714+0000] {logging_mixin.py:188} INFO - [2024-07-08T15:28:18.714+0000] {dag.py:3954} INFO - Setting next_dagrun for example_subdag_operator.section-1 to None, run_after=None
[2024-07-08T15:28:18.719+0000] {logging_mixin.py:188} INFO - [2024-07-08T15:28:18.719+0000] {dag.py:3954} INFO - Setting next_dagrun for example_subdag_operator.section-2 to None, run_after=None
[2024-07-08T15:28:18.794+0000] {processor.py:183} INFO - Processing /home/airflow/.local/lib/python3.12/site-packages/airflow/example_dags/example_subdag_operator.py took 0.663 seconds
[2024-07-08T15:31:15.051+0000] {processor.py:161} INFO - Started process (PID=2099) to work on /home/airflow/.local/lib/python3.12/site-packages/airflow/example_dags/example_subdag_operator.py
[2024-07-08T15:31:15.053+0000] {processor.py:830} INFO - Processing file /home/airflow/.local/lib/python3.12/site-packages/airflow/example_dags/example_subdag_operator.py for tasks to queue
[2024-07-08T15:31:15.057+0000] {logging_mixin.py:188} INFO - [2024-07-08T15:31:15.055+0000] {dagbag.py:545} INFO - Filling up the DagBag from /home/airflow/.local/lib/python3.12/site-packages/airflow/example_dags/example_subdag_operator.py
[2024-07-08T15:31:15.127+0000] {processor.py:840} INFO - DAG(s) 'example_subdag_operator.section-1', 'example_subdag_operator.section-2', 'example_subdag_operator' retrieved from /home/airflow/.local/lib/python3.12/site-packages/airflow/example_dags/example_subdag_operator.py
[2024-07-08T15:31:15.157+0000] {logging_mixin.py:188} INFO - [2024-07-08T15:31:15.157+0000] {dag.py:3096} INFO - Sync 3 DAGs
[2024-07-08T15:31:15.204+0000] {logging_mixin.py:188} INFO - [2024-07-08T15:31:15.204+0000] {dag.py:3954} INFO - Setting next_dagrun for example_subdag_operator to 2022-01-01 00:00:00+00:00, run_after=2022-01-01 00:00:00+00:00
[2024-07-08T15:31:15.210+0000] {logging_mixin.py:188} INFO - [2024-07-08T15:31:15.210+0000] {dag.py:3954} INFO - Setting next_dagrun for example_subdag_operator.section-1 to None, run_after=None
[2024-07-08T15:31:15.212+0000] {logging_mixin.py:188} INFO - [2024-07-08T15:31:15.212+0000] {dag.py:3954} INFO - Setting next_dagrun for example_subdag_operator.section-2 to None, run_after=None
[2024-07-08T15:31:15.224+0000] {logging_mixin.py:188} INFO - [2024-07-08T15:31:15.224+0000] {dag.py:3096} INFO - Sync 2 DAGs
[2024-07-08T15:31:15.234+0000] {logging_mixin.py:188} INFO - [2024-07-08T15:31:15.233+0000] {dag.py:3954} INFO - Setting next_dagrun for example_subdag_operator.section-1 to None, run_after=None
[2024-07-08T15:31:15.235+0000] {logging_mixin.py:188} INFO - [2024-07-08T15:31:15.234+0000] {dag.py:3954} INFO - Setting next_dagrun for example_subdag_operator.section-2 to None, run_after=None
[2024-07-08T15:31:15.256+0000] {processor.py:183} INFO - Processing /home/airflow/.local/lib/python3.12/site-packages/airflow/example_dags/example_subdag_operator.py took 0.216 seconds
[2024-07-08T15:31:46.284+0000] {processor.py:161} INFO - Started process (PID=2157) to work on /home/airflow/.local/lib/python3.12/site-packages/airflow/example_dags/example_subdag_operator.py
[2024-07-08T15:31:46.285+0000] {processor.py:830} INFO - Processing file /home/airflow/.local/lib/python3.12/site-packages/airflow/example_dags/example_subdag_operator.py for tasks to queue
[2024-07-08T15:31:46.287+0000] {logging_mixin.py:188} INFO - [2024-07-08T15:31:46.286+0000] {dagbag.py:545} INFO - Filling up the DagBag from /home/airflow/.local/lib/python3.12/site-packages/airflow/example_dags/example_subdag_operator.py
[2024-07-08T15:31:46.333+0000] {processor.py:840} INFO - DAG(s) 'example_subdag_operator.section-1', 'example_subdag_operator.section-2', 'example_subdag_operator' retrieved from /home/airflow/.local/lib/python3.12/site-packages/airflow/example_dags/example_subdag_operator.py
[2024-07-08T15:31:46.364+0000] {logging_mixin.py:188} INFO - [2024-07-08T15:31:46.363+0000] {dag.py:3096} INFO - Sync 3 DAGs
[2024-07-08T15:31:46.399+0000] {logging_mixin.py:188} INFO - [2024-07-08T15:31:46.399+0000] {dag.py:3954} INFO - Setting next_dagrun for example_subdag_operator to 2022-01-01 00:00:00+00:00, run_after=2022-01-01 00:00:00+00:00
[2024-07-08T15:31:46.407+0000] {logging_mixin.py:188} INFO - [2024-07-08T15:31:46.406+0000] {dag.py:3954} INFO - Setting next_dagrun for example_subdag_operator.section-1 to None, run_after=None
[2024-07-08T15:31:46.410+0000] {logging_mixin.py:188} INFO - [2024-07-08T15:31:46.409+0000] {dag.py:3954} INFO - Setting next_dagrun for example_subdag_operator.section-2 to None, run_after=None
[2024-07-08T15:31:46.421+0000] {logging_mixin.py:188} INFO - [2024-07-08T15:31:46.421+0000] {dag.py:3096} INFO - Sync 2 DAGs
[2024-07-08T15:31:46.433+0000] {logging_mixin.py:188} INFO - [2024-07-08T15:31:46.433+0000] {dag.py:3954} INFO - Setting next_dagrun for example_subdag_operator.section-1 to None, run_after=None
[2024-07-08T15:31:46.435+0000] {logging_mixin.py:188} INFO - [2024-07-08T15:31:46.434+0000] {dag.py:3954} INFO - Setting next_dagrun for example_subdag_operator.section-2 to None, run_after=None
[2024-07-08T15:31:46.457+0000] {processor.py:183} INFO - Processing /home/airflow/.local/lib/python3.12/site-packages/airflow/example_dags/example_subdag_operator.py took 0.181 seconds
[2024-07-08T15:32:22.111+0000] {processor.py:161} INFO - Started process (PID=2216) to work on /home/airflow/.local/lib/python3.12/site-packages/airflow/example_dags/example_subdag_operator.py
[2024-07-08T15:32:22.113+0000] {processor.py:830} INFO - Processing file /home/airflow/.local/lib/python3.12/site-packages/airflow/example_dags/example_subdag_operator.py for tasks to queue
[2024-07-08T15:32:22.116+0000] {logging_mixin.py:188} INFO - [2024-07-08T15:32:22.115+0000] {dagbag.py:545} INFO - Filling up the DagBag from /home/airflow/.local/lib/python3.12/site-packages/airflow/example_dags/example_subdag_operator.py
[2024-07-08T15:32:22.163+0000] {processor.py:840} INFO - DAG(s) 'example_subdag_operator.section-1', 'example_subdag_operator.section-2', 'example_subdag_operator' retrieved from /home/airflow/.local/lib/python3.12/site-packages/airflow/example_dags/example_subdag_operator.py
[2024-07-08T15:32:22.237+0000] {logging_mixin.py:188} INFO - [2024-07-08T15:32:22.236+0000] {dag.py:3096} INFO - Sync 3 DAGs
[2024-07-08T15:32:22.286+0000] {logging_mixin.py:188} INFO - [2024-07-08T15:32:22.286+0000] {dag.py:3954} INFO - Setting next_dagrun for example_subdag_operator to 2022-01-01 00:00:00+00:00, run_after=2022-01-01 00:00:00+00:00
[2024-07-08T15:32:22.306+0000] {logging_mixin.py:188} INFO - [2024-07-08T15:32:22.305+0000] {dag.py:3954} INFO - Setting next_dagrun for example_subdag_operator.section-1 to None, run_after=None
[2024-07-08T15:32:22.312+0000] {logging_mixin.py:188} INFO - [2024-07-08T15:32:22.311+0000] {dag.py:3954} INFO - Setting next_dagrun for example_subdag_operator.section-2 to None, run_after=None
[2024-07-08T15:32:22.328+0000] {logging_mixin.py:188} INFO - [2024-07-08T15:32:22.327+0000] {dag.py:3096} INFO - Sync 2 DAGs
[2024-07-08T15:32:22.342+0000] {logging_mixin.py:188} INFO - [2024-07-08T15:32:22.341+0000] {dag.py:3954} INFO - Setting next_dagrun for example_subdag_operator.section-1 to None, run_after=None
[2024-07-08T15:32:22.343+0000] {logging_mixin.py:188} INFO - [2024-07-08T15:32:22.342+0000] {dag.py:3954} INFO - Setting next_dagrun for example_subdag_operator.section-2 to None, run_after=None
[2024-07-08T15:32:22.395+0000] {processor.py:183} INFO - Processing /home/airflow/.local/lib/python3.12/site-packages/airflow/example_dags/example_subdag_operator.py took 0.292 seconds
[2024-07-08T15:37:48.868+0000] {processor.py:161} INFO - Started process (PID=2311) to work on /home/airflow/.local/lib/python3.12/site-packages/airflow/example_dags/example_subdag_operator.py
[2024-07-08T15:37:48.879+0000] {processor.py:830} INFO - Processing file /home/airflow/.local/lib/python3.12/site-packages/airflow/example_dags/example_subdag_operator.py for tasks to queue
[2024-07-08T15:37:48.884+0000] {logging_mixin.py:188} INFO - [2024-07-08T15:37:48.883+0000] {dagbag.py:545} INFO - Filling up the DagBag from /home/airflow/.local/lib/python3.12/site-packages/airflow/example_dags/example_subdag_operator.py
[2024-07-08T15:37:49.191+0000] {processor.py:840} INFO - DAG(s) 'example_subdag_operator.section-1', 'example_subdag_operator.section-2', 'example_subdag_operator' retrieved from /home/airflow/.local/lib/python3.12/site-packages/airflow/example_dags/example_subdag_operator.py
[2024-07-08T15:37:49.426+0000] {logging_mixin.py:188} INFO - [2024-07-08T15:37:49.421+0000] {dag.py:3096} INFO - Sync 3 DAGs
[2024-07-08T15:37:49.861+0000] {logging_mixin.py:188} INFO - [2024-07-08T15:37:49.860+0000] {dag.py:3954} INFO - Setting next_dagrun for example_subdag_operator to 2022-01-01 00:00:00+00:00, run_after=2022-01-01 00:00:00+00:00
[2024-07-08T15:37:50.015+0000] {logging_mixin.py:188} INFO - [2024-07-08T15:37:50.014+0000] {dag.py:3954} INFO - Setting next_dagrun for example_subdag_operator.section-1 to None, run_after=None
[2024-07-08T15:37:50.056+0000] {logging_mixin.py:188} INFO - [2024-07-08T15:37:50.022+0000] {dag.py:3954} INFO - Setting next_dagrun for example_subdag_operator.section-2 to None, run_after=None
[2024-07-08T15:37:50.426+0000] {logging_mixin.py:188} INFO - [2024-07-08T15:37:50.426+0000] {dag.py:3096} INFO - Sync 2 DAGs
[2024-07-08T15:37:50.483+0000] {logging_mixin.py:188} INFO - [2024-07-08T15:37:50.482+0000] {dag.py:3954} INFO - Setting next_dagrun for example_subdag_operator.section-1 to None, run_after=None
[2024-07-08T15:37:50.485+0000] {logging_mixin.py:188} INFO - [2024-07-08T15:37:50.485+0000] {dag.py:3954} INFO - Setting next_dagrun for example_subdag_operator.section-2 to None, run_after=None
[2024-07-08T15:37:50.864+0000] {processor.py:183} INFO - Processing /home/airflow/.local/lib/python3.12/site-packages/airflow/example_dags/example_subdag_operator.py took 2.049 seconds
[2024-07-08T15:42:20.393+0000] {processor.py:161} INFO - Started process (PID=2429) to work on /home/airflow/.local/lib/python3.12/site-packages/airflow/example_dags/example_subdag_operator.py
[2024-07-08T15:42:20.397+0000] {processor.py:830} INFO - Processing file /home/airflow/.local/lib/python3.12/site-packages/airflow/example_dags/example_subdag_operator.py for tasks to queue
[2024-07-08T15:42:20.403+0000] {logging_mixin.py:188} INFO - [2024-07-08T15:42:20.402+0000] {dagbag.py:545} INFO - Filling up the DagBag from /home/airflow/.local/lib/python3.12/site-packages/airflow/example_dags/example_subdag_operator.py
[2024-07-08T15:42:20.488+0000] {processor.py:840} INFO - DAG(s) 'example_subdag_operator.section-1', 'example_subdag_operator.section-2', 'example_subdag_operator' retrieved from /home/airflow/.local/lib/python3.12/site-packages/airflow/example_dags/example_subdag_operator.py
[2024-07-08T15:42:20.534+0000] {logging_mixin.py:188} INFO - [2024-07-08T15:42:20.534+0000] {dag.py:3096} INFO - Sync 3 DAGs
[2024-07-08T15:42:20.575+0000] {logging_mixin.py:188} INFO - [2024-07-08T15:42:20.574+0000] {dag.py:3954} INFO - Setting next_dagrun for example_subdag_operator to 2022-01-01 00:00:00+00:00, run_after=2022-01-01 00:00:00+00:00
[2024-07-08T15:42:20.581+0000] {logging_mixin.py:188} INFO - [2024-07-08T15:42:20.581+0000] {dag.py:3954} INFO - Setting next_dagrun for example_subdag_operator.section-1 to None, run_after=None
[2024-07-08T15:42:20.586+0000] {logging_mixin.py:188} INFO - [2024-07-08T15:42:20.585+0000] {dag.py:3954} INFO - Setting next_dagrun for example_subdag_operator.section-2 to None, run_after=None
[2024-07-08T15:42:20.598+0000] {logging_mixin.py:188} INFO - [2024-07-08T15:42:20.597+0000] {dag.py:3096} INFO - Sync 2 DAGs
[2024-07-08T15:42:20.607+0000] {logging_mixin.py:188} INFO - [2024-07-08T15:42:20.607+0000] {dag.py:3954} INFO - Setting next_dagrun for example_subdag_operator.section-1 to None, run_after=None
[2024-07-08T15:42:20.616+0000] {logging_mixin.py:188} INFO - [2024-07-08T15:42:20.612+0000] {dag.py:3954} INFO - Setting next_dagrun for example_subdag_operator.section-2 to None, run_after=None
[2024-07-08T15:42:20.666+0000] {processor.py:183} INFO - Processing /home/airflow/.local/lib/python3.12/site-packages/airflow/example_dags/example_subdag_operator.py took 0.299 seconds
[2024-07-08T15:42:50.905+0000] {processor.py:161} INFO - Started process (PID=2492) to work on /home/airflow/.local/lib/python3.12/site-packages/airflow/example_dags/example_subdag_operator.py
[2024-07-08T15:42:50.907+0000] {processor.py:830} INFO - Processing file /home/airflow/.local/lib/python3.12/site-packages/airflow/example_dags/example_subdag_operator.py for tasks to queue
[2024-07-08T15:42:50.908+0000] {logging_mixin.py:188} INFO - [2024-07-08T15:42:50.908+0000] {dagbag.py:545} INFO - Filling up the DagBag from /home/airflow/.local/lib/python3.12/site-packages/airflow/example_dags/example_subdag_operator.py
[2024-07-08T15:42:50.936+0000] {processor.py:840} INFO - DAG(s) 'example_subdag_operator.section-1', 'example_subdag_operator.section-2', 'example_subdag_operator' retrieved from /home/airflow/.local/lib/python3.12/site-packages/airflow/example_dags/example_subdag_operator.py
[2024-07-08T15:42:50.954+0000] {logging_mixin.py:188} INFO - [2024-07-08T15:42:50.954+0000] {dag.py:3096} INFO - Sync 3 DAGs
[2024-07-08T15:42:50.976+0000] {logging_mixin.py:188} INFO - [2024-07-08T15:42:50.976+0000] {dag.py:3954} INFO - Setting next_dagrun for example_subdag_operator to 2022-01-01 00:00:00+00:00, run_after=2022-01-01 00:00:00+00:00
[2024-07-08T15:42:50.980+0000] {logging_mixin.py:188} INFO - [2024-07-08T15:42:50.980+0000] {dag.py:3954} INFO - Setting next_dagrun for example_subdag_operator.section-1 to None, run_after=None
[2024-07-08T15:42:50.982+0000] {logging_mixin.py:188} INFO - [2024-07-08T15:42:50.982+0000] {dag.py:3954} INFO - Setting next_dagrun for example_subdag_operator.section-2 to None, run_after=None
[2024-07-08T15:42:50.991+0000] {logging_mixin.py:188} INFO - [2024-07-08T15:42:50.991+0000] {dag.py:3096} INFO - Sync 2 DAGs
[2024-07-08T15:42:51.000+0000] {logging_mixin.py:188} INFO - [2024-07-08T15:42:51.000+0000] {dag.py:3954} INFO - Setting next_dagrun for example_subdag_operator.section-1 to None, run_after=None
[2024-07-08T15:42:51.001+0000] {logging_mixin.py:188} INFO - [2024-07-08T15:42:51.001+0000] {dag.py:3954} INFO - Setting next_dagrun for example_subdag_operator.section-2 to None, run_after=None
[2024-07-08T15:42:51.021+0000] {processor.py:183} INFO - Processing /home/airflow/.local/lib/python3.12/site-packages/airflow/example_dags/example_subdag_operator.py took 0.122 seconds
[2024-07-08T15:43:21.369+0000] {processor.py:161} INFO - Started process (PID=2552) to work on /home/airflow/.local/lib/python3.12/site-packages/airflow/example_dags/example_subdag_operator.py
[2024-07-08T15:43:21.370+0000] {processor.py:830} INFO - Processing file /home/airflow/.local/lib/python3.12/site-packages/airflow/example_dags/example_subdag_operator.py for tasks to queue
[2024-07-08T15:43:21.372+0000] {logging_mixin.py:188} INFO - [2024-07-08T15:43:21.371+0000] {dagbag.py:545} INFO - Filling up the DagBag from /home/airflow/.local/lib/python3.12/site-packages/airflow/example_dags/example_subdag_operator.py
[2024-07-08T15:43:21.401+0000] {processor.py:840} INFO - DAG(s) 'example_subdag_operator.section-1', 'example_subdag_operator.section-2', 'example_subdag_operator' retrieved from /home/airflow/.local/lib/python3.12/site-packages/airflow/example_dags/example_subdag_operator.py
[2024-07-08T15:43:21.430+0000] {logging_mixin.py:188} INFO - [2024-07-08T15:43:21.429+0000] {dag.py:3096} INFO - Sync 3 DAGs
[2024-07-08T15:43:21.483+0000] {logging_mixin.py:188} INFO - [2024-07-08T15:43:21.483+0000] {dag.py:3954} INFO - Setting next_dagrun for example_subdag_operator to 2022-01-01 00:00:00+00:00, run_after=2022-01-01 00:00:00+00:00
[2024-07-08T15:43:21.492+0000] {logging_mixin.py:188} INFO - [2024-07-08T15:43:21.491+0000] {dag.py:3954} INFO - Setting next_dagrun for example_subdag_operator.section-1 to None, run_after=None
[2024-07-08T15:43:21.496+0000] {logging_mixin.py:188} INFO - [2024-07-08T15:43:21.495+0000] {dag.py:3954} INFO - Setting next_dagrun for example_subdag_operator.section-2 to None, run_after=None
[2024-07-08T15:43:21.509+0000] {logging_mixin.py:188} INFO - [2024-07-08T15:43:21.509+0000] {dag.py:3096} INFO - Sync 2 DAGs
[2024-07-08T15:43:21.518+0000] {logging_mixin.py:188} INFO - [2024-07-08T15:43:21.518+0000] {dag.py:3954} INFO - Setting next_dagrun for example_subdag_operator.section-1 to None, run_after=None
[2024-07-08T15:43:21.519+0000] {logging_mixin.py:188} INFO - [2024-07-08T15:43:21.519+0000] {dag.py:3954} INFO - Setting next_dagrun for example_subdag_operator.section-2 to None, run_after=None
[2024-07-08T15:43:21.537+0000] {processor.py:183} INFO - Processing /home/airflow/.local/lib/python3.12/site-packages/airflow/example_dags/example_subdag_operator.py took 0.174 seconds
[2024-07-08T15:43:51.676+0000] {processor.py:161} INFO - Started process (PID=2612) to work on /home/airflow/.local/lib/python3.12/site-packages/airflow/example_dags/example_subdag_operator.py
[2024-07-08T15:43:51.678+0000] {processor.py:830} INFO - Processing file /home/airflow/.local/lib/python3.12/site-packages/airflow/example_dags/example_subdag_operator.py for tasks to queue
[2024-07-08T15:43:51.679+0000] {logging_mixin.py:188} INFO - [2024-07-08T15:43:51.679+0000] {dagbag.py:545} INFO - Filling up the DagBag from /home/airflow/.local/lib/python3.12/site-packages/airflow/example_dags/example_subdag_operator.py
[2024-07-08T15:43:51.717+0000] {processor.py:840} INFO - DAG(s) 'example_subdag_operator.section-1', 'example_subdag_operator.section-2', 'example_subdag_operator' retrieved from /home/airflow/.local/lib/python3.12/site-packages/airflow/example_dags/example_subdag_operator.py
[2024-07-08T15:43:51.740+0000] {logging_mixin.py:188} INFO - [2024-07-08T15:43:51.740+0000] {dag.py:3096} INFO - Sync 3 DAGs
[2024-07-08T15:43:51.766+0000] {logging_mixin.py:188} INFO - [2024-07-08T15:43:51.765+0000] {dag.py:3954} INFO - Setting next_dagrun for example_subdag_operator to 2022-01-01 00:00:00+00:00, run_after=2022-01-01 00:00:00+00:00
[2024-07-08T15:43:51.771+0000] {logging_mixin.py:188} INFO - [2024-07-08T15:43:51.771+0000] {dag.py:3954} INFO - Setting next_dagrun for example_subdag_operator.section-1 to None, run_after=None
[2024-07-08T15:43:51.773+0000] {logging_mixin.py:188} INFO - [2024-07-08T15:43:51.773+0000] {dag.py:3954} INFO - Setting next_dagrun for example_subdag_operator.section-2 to None, run_after=None
[2024-07-08T15:43:51.783+0000] {logging_mixin.py:188} INFO - [2024-07-08T15:43:51.783+0000] {dag.py:3096} INFO - Sync 2 DAGs
[2024-07-08T15:43:51.790+0000] {logging_mixin.py:188} INFO - [2024-07-08T15:43:51.789+0000] {dag.py:3954} INFO - Setting next_dagrun for example_subdag_operator.section-1 to None, run_after=None
[2024-07-08T15:43:51.790+0000] {logging_mixin.py:188} INFO - [2024-07-08T15:43:51.790+0000] {dag.py:3954} INFO - Setting next_dagrun for example_subdag_operator.section-2 to None, run_after=None
[2024-07-08T15:43:51.805+0000] {processor.py:183} INFO - Processing /home/airflow/.local/lib/python3.12/site-packages/airflow/example_dags/example_subdag_operator.py took 0.138 seconds
