[2024-07-08T15:07:47.255+0000] {processor.py:161} INFO - Started process (PID=61) to work on /home/airflow/.local/lib/python3.12/site-packages/airflow/example_dags/example_sensors.py
[2024-07-08T15:07:47.258+0000] {processor.py:830} INFO - Processing file /home/airflow/.local/lib/python3.12/site-packages/airflow/example_dags/example_sensors.py for tasks to queue
[2024-07-08T15:07:47.267+0000] {logging_mixin.py:188} INFO - [2024-07-08T15:07:47.266+0000] {dagbag.py:545} INFO - Filling up the DagBag from /home/airflow/.local/lib/python3.12/site-packages/airflow/example_dags/example_sensors.py
[2024-07-08T15:07:47.294+0000] {processor.py:840} INFO - DAG(s) 'example_sensors' retrieved from /home/airflow/.local/lib/python3.12/site-packages/airflow/example_dags/example_sensors.py
[2024-07-08T15:07:47.960+0000] {logging_mixin.py:188} INFO - [2024-07-08T15:07:47.959+0000] {dag.py:3096} INFO - Sync 1 DAGs
[2024-07-08T15:07:48.156+0000] {logging_mixin.py:188} INFO - [2024-07-08T15:07:48.155+0000] {dag.py:3954} INFO - Setting next_dagrun for example_sensors to None, run_after=None
[2024-07-08T15:07:48.531+0000] {processor.py:183} INFO - Processing /home/airflow/.local/lib/python3.12/site-packages/airflow/example_dags/example_sensors.py took 1.289 seconds
[2024-07-08T15:08:19.197+0000] {processor.py:161} INFO - Started process (PID=118) to work on /home/airflow/.local/lib/python3.12/site-packages/airflow/example_dags/example_sensors.py
[2024-07-08T15:08:19.199+0000] {processor.py:830} INFO - Processing file /home/airflow/.local/lib/python3.12/site-packages/airflow/example_dags/example_sensors.py for tasks to queue
[2024-07-08T15:08:19.201+0000] {logging_mixin.py:188} INFO - [2024-07-08T15:08:19.201+0000] {dagbag.py:545} INFO - Filling up the DagBag from /home/airflow/.local/lib/python3.12/site-packages/airflow/example_dags/example_sensors.py
[2024-07-08T15:08:19.214+0000] {processor.py:840} INFO - DAG(s) 'example_sensors' retrieved from /home/airflow/.local/lib/python3.12/site-packages/airflow/example_dags/example_sensors.py
[2024-07-08T15:08:19.246+0000] {logging_mixin.py:188} INFO - [2024-07-08T15:08:19.245+0000] {dag.py:3096} INFO - Sync 1 DAGs
[2024-07-08T15:08:19.261+0000] {logging_mixin.py:188} INFO - [2024-07-08T15:08:19.261+0000] {dag.py:3954} INFO - Setting next_dagrun for example_sensors to None, run_after=None
[2024-07-08T15:08:19.290+0000] {processor.py:183} INFO - Processing /home/airflow/.local/lib/python3.12/site-packages/airflow/example_dags/example_sensors.py took 0.101 seconds
[2024-07-08T15:08:49.473+0000] {processor.py:161} INFO - Started process (PID=176) to work on /home/airflow/.local/lib/python3.12/site-packages/airflow/example_dags/example_sensors.py
[2024-07-08T15:08:49.474+0000] {processor.py:830} INFO - Processing file /home/airflow/.local/lib/python3.12/site-packages/airflow/example_dags/example_sensors.py for tasks to queue
[2024-07-08T15:08:49.477+0000] {logging_mixin.py:188} INFO - [2024-07-08T15:08:49.477+0000] {dagbag.py:545} INFO - Filling up the DagBag from /home/airflow/.local/lib/python3.12/site-packages/airflow/example_dags/example_sensors.py
[2024-07-08T15:08:49.494+0000] {processor.py:840} INFO - DAG(s) 'example_sensors' retrieved from /home/airflow/.local/lib/python3.12/site-packages/airflow/example_dags/example_sensors.py
[2024-07-08T15:08:49.536+0000] {logging_mixin.py:188} INFO - [2024-07-08T15:08:49.536+0000] {dag.py:3096} INFO - Sync 1 DAGs
[2024-07-08T15:08:49.552+0000] {logging_mixin.py:188} INFO - [2024-07-08T15:08:49.552+0000] {dag.py:3954} INFO - Setting next_dagrun for example_sensors to None, run_after=None
[2024-07-08T15:08:49.582+0000] {processor.py:183} INFO - Processing /home/airflow/.local/lib/python3.12/site-packages/airflow/example_dags/example_sensors.py took 0.118 seconds
[2024-07-08T15:09:19.727+0000] {processor.py:161} INFO - Started process (PID=234) to work on /home/airflow/.local/lib/python3.12/site-packages/airflow/example_dags/example_sensors.py
[2024-07-08T15:09:19.732+0000] {processor.py:830} INFO - Processing file /home/airflow/.local/lib/python3.12/site-packages/airflow/example_dags/example_sensors.py for tasks to queue
[2024-07-08T15:09:19.734+0000] {logging_mixin.py:188} INFO - [2024-07-08T15:09:19.734+0000] {dagbag.py:545} INFO - Filling up the DagBag from /home/airflow/.local/lib/python3.12/site-packages/airflow/example_dags/example_sensors.py
[2024-07-08T15:09:19.749+0000] {processor.py:840} INFO - DAG(s) 'example_sensors' retrieved from /home/airflow/.local/lib/python3.12/site-packages/airflow/example_dags/example_sensors.py
[2024-07-08T15:09:19.803+0000] {logging_mixin.py:188} INFO - [2024-07-08T15:09:19.802+0000] {dag.py:3096} INFO - Sync 1 DAGs
[2024-07-08T15:09:19.827+0000] {logging_mixin.py:188} INFO - [2024-07-08T15:09:19.826+0000] {dag.py:3954} INFO - Setting next_dagrun for example_sensors to None, run_after=None
[2024-07-08T15:09:19.884+0000] {processor.py:183} INFO - Processing /home/airflow/.local/lib/python3.12/site-packages/airflow/example_dags/example_sensors.py took 0.165 seconds
[2024-07-08T15:09:50.484+0000] {processor.py:161} INFO - Started process (PID=292) to work on /home/airflow/.local/lib/python3.12/site-packages/airflow/example_dags/example_sensors.py
[2024-07-08T15:09:50.485+0000] {processor.py:830} INFO - Processing file /home/airflow/.local/lib/python3.12/site-packages/airflow/example_dags/example_sensors.py for tasks to queue
[2024-07-08T15:09:50.489+0000] {logging_mixin.py:188} INFO - [2024-07-08T15:09:50.488+0000] {dagbag.py:545} INFO - Filling up the DagBag from /home/airflow/.local/lib/python3.12/site-packages/airflow/example_dags/example_sensors.py
[2024-07-08T15:09:50.505+0000] {processor.py:840} INFO - DAG(s) 'example_sensors' retrieved from /home/airflow/.local/lib/python3.12/site-packages/airflow/example_dags/example_sensors.py
[2024-07-08T15:09:50.559+0000] {logging_mixin.py:188} INFO - [2024-07-08T15:09:50.559+0000] {dag.py:3096} INFO - Sync 1 DAGs
[2024-07-08T15:09:50.578+0000] {logging_mixin.py:188} INFO - [2024-07-08T15:09:50.578+0000] {dag.py:3954} INFO - Setting next_dagrun for example_sensors to None, run_after=None
[2024-07-08T15:09:50.605+0000] {processor.py:183} INFO - Processing /home/airflow/.local/lib/python3.12/site-packages/airflow/example_dags/example_sensors.py took 0.138 seconds
[2024-07-08T15:10:20.733+0000] {processor.py:161} INFO - Started process (PID=349) to work on /home/airflow/.local/lib/python3.12/site-packages/airflow/example_dags/example_sensors.py
[2024-07-08T15:10:20.735+0000] {processor.py:830} INFO - Processing file /home/airflow/.local/lib/python3.12/site-packages/airflow/example_dags/example_sensors.py for tasks to queue
[2024-07-08T15:10:20.741+0000] {logging_mixin.py:188} INFO - [2024-07-08T15:10:20.738+0000] {dagbag.py:545} INFO - Filling up the DagBag from /home/airflow/.local/lib/python3.12/site-packages/airflow/example_dags/example_sensors.py
[2024-07-08T15:10:20.762+0000] {processor.py:840} INFO - DAG(s) 'example_sensors' retrieved from /home/airflow/.local/lib/python3.12/site-packages/airflow/example_dags/example_sensors.py
[2024-07-08T15:10:20.826+0000] {logging_mixin.py:188} INFO - [2024-07-08T15:10:20.826+0000] {dag.py:3096} INFO - Sync 1 DAGs
[2024-07-08T15:10:20.853+0000] {logging_mixin.py:188} INFO - [2024-07-08T15:10:20.853+0000] {dag.py:3954} INFO - Setting next_dagrun for example_sensors to None, run_after=None
[2024-07-08T15:10:20.902+0000] {processor.py:183} INFO - Processing /home/airflow/.local/lib/python3.12/site-packages/airflow/example_dags/example_sensors.py took 0.180 seconds
[2024-07-08T15:10:51.060+0000] {processor.py:161} INFO - Started process (PID=407) to work on /home/airflow/.local/lib/python3.12/site-packages/airflow/example_dags/example_sensors.py
[2024-07-08T15:10:51.061+0000] {processor.py:830} INFO - Processing file /home/airflow/.local/lib/python3.12/site-packages/airflow/example_dags/example_sensors.py for tasks to queue
[2024-07-08T15:10:51.064+0000] {logging_mixin.py:188} INFO - [2024-07-08T15:10:51.063+0000] {dagbag.py:545} INFO - Filling up the DagBag from /home/airflow/.local/lib/python3.12/site-packages/airflow/example_dags/example_sensors.py
[2024-07-08T15:10:51.073+0000] {processor.py:840} INFO - DAG(s) 'example_sensors' retrieved from /home/airflow/.local/lib/python3.12/site-packages/airflow/example_dags/example_sensors.py
[2024-07-08T15:10:51.110+0000] {logging_mixin.py:188} INFO - [2024-07-08T15:10:51.110+0000] {dag.py:3096} INFO - Sync 1 DAGs
[2024-07-08T15:10:51.132+0000] {logging_mixin.py:188} INFO - [2024-07-08T15:10:51.132+0000] {dag.py:3954} INFO - Setting next_dagrun for example_sensors to None, run_after=None
[2024-07-08T15:10:51.163+0000] {processor.py:183} INFO - Processing /home/airflow/.local/lib/python3.12/site-packages/airflow/example_dags/example_sensors.py took 0.109 seconds
[2024-07-08T15:11:21.270+0000] {processor.py:161} INFO - Started process (PID=465) to work on /home/airflow/.local/lib/python3.12/site-packages/airflow/example_dags/example_sensors.py
[2024-07-08T15:11:21.272+0000] {processor.py:830} INFO - Processing file /home/airflow/.local/lib/python3.12/site-packages/airflow/example_dags/example_sensors.py for tasks to queue
[2024-07-08T15:11:21.274+0000] {logging_mixin.py:188} INFO - [2024-07-08T15:11:21.274+0000] {dagbag.py:545} INFO - Filling up the DagBag from /home/airflow/.local/lib/python3.12/site-packages/airflow/example_dags/example_sensors.py
[2024-07-08T15:11:21.287+0000] {processor.py:840} INFO - DAG(s) 'example_sensors' retrieved from /home/airflow/.local/lib/python3.12/site-packages/airflow/example_dags/example_sensors.py
[2024-07-08T15:11:21.324+0000] {logging_mixin.py:188} INFO - [2024-07-08T15:11:21.324+0000] {dag.py:3096} INFO - Sync 1 DAGs
[2024-07-08T15:11:21.344+0000] {logging_mixin.py:188} INFO - [2024-07-08T15:11:21.344+0000] {dag.py:3954} INFO - Setting next_dagrun for example_sensors to None, run_after=None
[2024-07-08T15:11:21.379+0000] {processor.py:183} INFO - Processing /home/airflow/.local/lib/python3.12/site-packages/airflow/example_dags/example_sensors.py took 0.117 seconds
[2024-07-08T15:11:51.573+0000] {processor.py:161} INFO - Started process (PID=522) to work on /home/airflow/.local/lib/python3.12/site-packages/airflow/example_dags/example_sensors.py
[2024-07-08T15:11:51.575+0000] {processor.py:830} INFO - Processing file /home/airflow/.local/lib/python3.12/site-packages/airflow/example_dags/example_sensors.py for tasks to queue
[2024-07-08T15:11:51.580+0000] {logging_mixin.py:188} INFO - [2024-07-08T15:11:51.579+0000] {dagbag.py:545} INFO - Filling up the DagBag from /home/airflow/.local/lib/python3.12/site-packages/airflow/example_dags/example_sensors.py
[2024-07-08T15:11:51.600+0000] {processor.py:840} INFO - DAG(s) 'example_sensors' retrieved from /home/airflow/.local/lib/python3.12/site-packages/airflow/example_dags/example_sensors.py
[2024-07-08T15:11:51.638+0000] {logging_mixin.py:188} INFO - [2024-07-08T15:11:51.638+0000] {dag.py:3096} INFO - Sync 1 DAGs
[2024-07-08T15:11:51.660+0000] {logging_mixin.py:188} INFO - [2024-07-08T15:11:51.660+0000] {dag.py:3954} INFO - Setting next_dagrun for example_sensors to None, run_after=None
[2024-07-08T15:11:51.701+0000] {processor.py:183} INFO - Processing /home/airflow/.local/lib/python3.12/site-packages/airflow/example_dags/example_sensors.py took 0.136 seconds
[2024-07-08T15:12:22.149+0000] {processor.py:161} INFO - Started process (PID=580) to work on /home/airflow/.local/lib/python3.12/site-packages/airflow/example_dags/example_sensors.py
[2024-07-08T15:12:22.151+0000] {processor.py:830} INFO - Processing file /home/airflow/.local/lib/python3.12/site-packages/airflow/example_dags/example_sensors.py for tasks to queue
[2024-07-08T15:12:22.153+0000] {logging_mixin.py:188} INFO - [2024-07-08T15:12:22.153+0000] {dagbag.py:545} INFO - Filling up the DagBag from /home/airflow/.local/lib/python3.12/site-packages/airflow/example_dags/example_sensors.py
[2024-07-08T15:12:22.166+0000] {processor.py:840} INFO - DAG(s) 'example_sensors' retrieved from /home/airflow/.local/lib/python3.12/site-packages/airflow/example_dags/example_sensors.py
[2024-07-08T15:12:22.234+0000] {logging_mixin.py:188} INFO - [2024-07-08T15:12:22.234+0000] {dag.py:3096} INFO - Sync 1 DAGs
[2024-07-08T15:12:22.320+0000] {logging_mixin.py:188} INFO - [2024-07-08T15:12:22.319+0000] {dag.py:3954} INFO - Setting next_dagrun for example_sensors to None, run_after=None
[2024-07-08T15:12:22.444+0000] {processor.py:183} INFO - Processing /home/airflow/.local/lib/python3.12/site-packages/airflow/example_dags/example_sensors.py took 0.304 seconds
[2024-07-08T15:12:52.735+0000] {processor.py:161} INFO - Started process (PID=639) to work on /home/airflow/.local/lib/python3.12/site-packages/airflow/example_dags/example_sensors.py
[2024-07-08T15:12:52.738+0000] {processor.py:830} INFO - Processing file /home/airflow/.local/lib/python3.12/site-packages/airflow/example_dags/example_sensors.py for tasks to queue
[2024-07-08T15:12:52.741+0000] {logging_mixin.py:188} INFO - [2024-07-08T15:12:52.740+0000] {dagbag.py:545} INFO - Filling up the DagBag from /home/airflow/.local/lib/python3.12/site-packages/airflow/example_dags/example_sensors.py
[2024-07-08T15:12:52.757+0000] {processor.py:840} INFO - DAG(s) 'example_sensors' retrieved from /home/airflow/.local/lib/python3.12/site-packages/airflow/example_dags/example_sensors.py
[2024-07-08T15:12:52.806+0000] {logging_mixin.py:188} INFO - [2024-07-08T15:12:52.805+0000] {dag.py:3096} INFO - Sync 1 DAGs
[2024-07-08T15:12:52.829+0000] {logging_mixin.py:188} INFO - [2024-07-08T15:12:52.828+0000] {dag.py:3954} INFO - Setting next_dagrun for example_sensors to None, run_after=None
[2024-07-08T15:12:52.866+0000] {processor.py:183} INFO - Processing /home/airflow/.local/lib/python3.12/site-packages/airflow/example_dags/example_sensors.py took 0.140 seconds
[2024-07-08T15:13:23.340+0000] {processor.py:161} INFO - Started process (PID=697) to work on /home/airflow/.local/lib/python3.12/site-packages/airflow/example_dags/example_sensors.py
[2024-07-08T15:13:23.342+0000] {processor.py:830} INFO - Processing file /home/airflow/.local/lib/python3.12/site-packages/airflow/example_dags/example_sensors.py for tasks to queue
[2024-07-08T15:13:23.344+0000] {logging_mixin.py:188} INFO - [2024-07-08T15:13:23.344+0000] {dagbag.py:545} INFO - Filling up the DagBag from /home/airflow/.local/lib/python3.12/site-packages/airflow/example_dags/example_sensors.py
[2024-07-08T15:13:23.371+0000] {processor.py:840} INFO - DAG(s) 'example_sensors' retrieved from /home/airflow/.local/lib/python3.12/site-packages/airflow/example_dags/example_sensors.py
[2024-07-08T15:13:23.438+0000] {logging_mixin.py:188} INFO - [2024-07-08T15:13:23.437+0000] {dag.py:3096} INFO - Sync 1 DAGs
[2024-07-08T15:13:23.470+0000] {logging_mixin.py:188} INFO - [2024-07-08T15:13:23.469+0000] {dag.py:3954} INFO - Setting next_dagrun for example_sensors to None, run_after=None
[2024-07-08T15:13:23.512+0000] {processor.py:183} INFO - Processing /home/airflow/.local/lib/python3.12/site-packages/airflow/example_dags/example_sensors.py took 0.188 seconds
[2024-07-08T15:16:12.698+0000] {processor.py:161} INFO - Started process (PID=763) to work on /home/airflow/.local/lib/python3.12/site-packages/airflow/example_dags/example_sensors.py
[2024-07-08T15:16:12.702+0000] {processor.py:830} INFO - Processing file /home/airflow/.local/lib/python3.12/site-packages/airflow/example_dags/example_sensors.py for tasks to queue
[2024-07-08T15:16:12.704+0000] {logging_mixin.py:188} INFO - [2024-07-08T15:16:12.704+0000] {dagbag.py:545} INFO - Filling up the DagBag from /home/airflow/.local/lib/python3.12/site-packages/airflow/example_dags/example_sensors.py
[2024-07-08T15:16:12.721+0000] {processor.py:840} INFO - DAG(s) 'example_sensors' retrieved from /home/airflow/.local/lib/python3.12/site-packages/airflow/example_dags/example_sensors.py
[2024-07-08T15:16:12.773+0000] {logging_mixin.py:188} INFO - [2024-07-08T15:16:12.773+0000] {dag.py:3096} INFO - Sync 1 DAGs
[2024-07-08T15:16:12.799+0000] {logging_mixin.py:188} INFO - [2024-07-08T15:16:12.798+0000] {dag.py:3954} INFO - Setting next_dagrun for example_sensors to None, run_after=None
[2024-07-08T15:16:12.836+0000] {processor.py:183} INFO - Processing /home/airflow/.local/lib/python3.12/site-packages/airflow/example_dags/example_sensors.py took 0.148 seconds
[2024-07-08T15:16:43.614+0000] {processor.py:161} INFO - Started process (PID=821) to work on /home/airflow/.local/lib/python3.12/site-packages/airflow/example_dags/example_sensors.py
[2024-07-08T15:16:43.618+0000] {processor.py:830} INFO - Processing file /home/airflow/.local/lib/python3.12/site-packages/airflow/example_dags/example_sensors.py for tasks to queue
[2024-07-08T15:16:43.620+0000] {logging_mixin.py:188} INFO - [2024-07-08T15:16:43.619+0000] {dagbag.py:545} INFO - Filling up the DagBag from /home/airflow/.local/lib/python3.12/site-packages/airflow/example_dags/example_sensors.py
[2024-07-08T15:16:43.655+0000] {processor.py:840} INFO - DAG(s) 'example_sensors' retrieved from /home/airflow/.local/lib/python3.12/site-packages/airflow/example_dags/example_sensors.py
[2024-07-08T15:16:43.728+0000] {logging_mixin.py:188} INFO - [2024-07-08T15:16:43.728+0000] {dag.py:3096} INFO - Sync 1 DAGs
[2024-07-08T15:16:43.755+0000] {logging_mixin.py:188} INFO - [2024-07-08T15:16:43.755+0000] {dag.py:3954} INFO - Setting next_dagrun for example_sensors to None, run_after=None
[2024-07-08T15:16:43.812+0000] {processor.py:183} INFO - Processing /home/airflow/.local/lib/python3.12/site-packages/airflow/example_dags/example_sensors.py took 0.211 seconds
[2024-07-08T15:17:14.124+0000] {processor.py:161} INFO - Started process (PID=879) to work on /home/airflow/.local/lib/python3.12/site-packages/airflow/example_dags/example_sensors.py
[2024-07-08T15:17:14.126+0000] {processor.py:830} INFO - Processing file /home/airflow/.local/lib/python3.12/site-packages/airflow/example_dags/example_sensors.py for tasks to queue
[2024-07-08T15:17:14.128+0000] {logging_mixin.py:188} INFO - [2024-07-08T15:17:14.127+0000] {dagbag.py:545} INFO - Filling up the DagBag from /home/airflow/.local/lib/python3.12/site-packages/airflow/example_dags/example_sensors.py
[2024-07-08T15:17:14.139+0000] {processor.py:840} INFO - DAG(s) 'example_sensors' retrieved from /home/airflow/.local/lib/python3.12/site-packages/airflow/example_dags/example_sensors.py
[2024-07-08T15:17:14.175+0000] {logging_mixin.py:188} INFO - [2024-07-08T15:17:14.174+0000] {dag.py:3096} INFO - Sync 1 DAGs
[2024-07-08T15:17:14.196+0000] {logging_mixin.py:188} INFO - [2024-07-08T15:17:14.195+0000] {dag.py:3954} INFO - Setting next_dagrun for example_sensors to None, run_after=None
[2024-07-08T15:17:14.226+0000] {processor.py:183} INFO - Processing /home/airflow/.local/lib/python3.12/site-packages/airflow/example_dags/example_sensors.py took 0.108 seconds
[2024-07-08T15:19:01.039+0000] {processor.py:161} INFO - Started process (PID=937) to work on /home/airflow/.local/lib/python3.12/site-packages/airflow/example_dags/example_sensors.py
[2024-07-08T15:19:01.041+0000] {processor.py:830} INFO - Processing file /home/airflow/.local/lib/python3.12/site-packages/airflow/example_dags/example_sensors.py for tasks to queue
[2024-07-08T15:19:01.047+0000] {logging_mixin.py:188} INFO - [2024-07-08T15:19:01.046+0000] {dagbag.py:545} INFO - Filling up the DagBag from /home/airflow/.local/lib/python3.12/site-packages/airflow/example_dags/example_sensors.py
[2024-07-08T15:19:01.082+0000] {processor.py:840} INFO - DAG(s) 'example_sensors' retrieved from /home/airflow/.local/lib/python3.12/site-packages/airflow/example_dags/example_sensors.py
[2024-07-08T15:19:01.181+0000] {logging_mixin.py:188} INFO - [2024-07-08T15:19:01.180+0000] {dag.py:3096} INFO - Sync 1 DAGs
[2024-07-08T15:19:01.216+0000] {logging_mixin.py:188} INFO - [2024-07-08T15:19:01.216+0000] {dag.py:3954} INFO - Setting next_dagrun for example_sensors to None, run_after=None
[2024-07-08T15:19:01.258+0000] {processor.py:183} INFO - Processing /home/airflow/.local/lib/python3.12/site-packages/airflow/example_dags/example_sensors.py took 0.253 seconds
[2024-07-08T15:19:32.483+0000] {processor.py:161} INFO - Started process (PID=995) to work on /home/airflow/.local/lib/python3.12/site-packages/airflow/example_dags/example_sensors.py
[2024-07-08T15:19:32.488+0000] {processor.py:830} INFO - Processing file /home/airflow/.local/lib/python3.12/site-packages/airflow/example_dags/example_sensors.py for tasks to queue
[2024-07-08T15:19:32.491+0000] {logging_mixin.py:188} INFO - [2024-07-08T15:19:32.490+0000] {dagbag.py:545} INFO - Filling up the DagBag from /home/airflow/.local/lib/python3.12/site-packages/airflow/example_dags/example_sensors.py
[2024-07-08T15:19:32.509+0000] {processor.py:840} INFO - DAG(s) 'example_sensors' retrieved from /home/airflow/.local/lib/python3.12/site-packages/airflow/example_dags/example_sensors.py
[2024-07-08T15:19:32.572+0000] {logging_mixin.py:188} INFO - [2024-07-08T15:19:32.572+0000] {dag.py:3096} INFO - Sync 1 DAGs
[2024-07-08T15:19:32.601+0000] {logging_mixin.py:188} INFO - [2024-07-08T15:19:32.601+0000] {dag.py:3954} INFO - Setting next_dagrun for example_sensors to None, run_after=None
[2024-07-08T15:19:32.658+0000] {processor.py:183} INFO - Processing /home/airflow/.local/lib/python3.12/site-packages/airflow/example_dags/example_sensors.py took 0.183 seconds
[2024-07-08T15:20:03.260+0000] {processor.py:161} INFO - Started process (PID=1053) to work on /home/airflow/.local/lib/python3.12/site-packages/airflow/example_dags/example_sensors.py
[2024-07-08T15:20:03.262+0000] {processor.py:830} INFO - Processing file /home/airflow/.local/lib/python3.12/site-packages/airflow/example_dags/example_sensors.py for tasks to queue
[2024-07-08T15:20:03.264+0000] {logging_mixin.py:188} INFO - [2024-07-08T15:20:03.263+0000] {dagbag.py:545} INFO - Filling up the DagBag from /home/airflow/.local/lib/python3.12/site-packages/airflow/example_dags/example_sensors.py
[2024-07-08T15:20:03.277+0000] {processor.py:840} INFO - DAG(s) 'example_sensors' retrieved from /home/airflow/.local/lib/python3.12/site-packages/airflow/example_dags/example_sensors.py
[2024-07-08T15:20:03.308+0000] {logging_mixin.py:188} INFO - [2024-07-08T15:20:03.308+0000] {dag.py:3096} INFO - Sync 1 DAGs
[2024-07-08T15:20:03.325+0000] {logging_mixin.py:188} INFO - [2024-07-08T15:20:03.325+0000] {dag.py:3954} INFO - Setting next_dagrun for example_sensors to None, run_after=None
[2024-07-08T15:20:03.358+0000] {processor.py:183} INFO - Processing /home/airflow/.local/lib/python3.12/site-packages/airflow/example_dags/example_sensors.py took 0.112 seconds
[2024-07-08T15:20:33.849+0000] {processor.py:161} INFO - Started process (PID=1111) to work on /home/airflow/.local/lib/python3.12/site-packages/airflow/example_dags/example_sensors.py
[2024-07-08T15:20:33.850+0000] {processor.py:830} INFO - Processing file /home/airflow/.local/lib/python3.12/site-packages/airflow/example_dags/example_sensors.py for tasks to queue
[2024-07-08T15:20:33.852+0000] {logging_mixin.py:188} INFO - [2024-07-08T15:20:33.852+0000] {dagbag.py:545} INFO - Filling up the DagBag from /home/airflow/.local/lib/python3.12/site-packages/airflow/example_dags/example_sensors.py
[2024-07-08T15:20:33.864+0000] {processor.py:840} INFO - DAG(s) 'example_sensors' retrieved from /home/airflow/.local/lib/python3.12/site-packages/airflow/example_dags/example_sensors.py
[2024-07-08T15:20:33.906+0000] {logging_mixin.py:188} INFO - [2024-07-08T15:20:33.905+0000] {dag.py:3096} INFO - Sync 1 DAGs
[2024-07-08T15:20:33.928+0000] {logging_mixin.py:188} INFO - [2024-07-08T15:20:33.927+0000] {dag.py:3954} INFO - Setting next_dagrun for example_sensors to None, run_after=None
[2024-07-08T15:20:33.964+0000] {processor.py:183} INFO - Processing /home/airflow/.local/lib/python3.12/site-packages/airflow/example_dags/example_sensors.py took 0.123 seconds
[2024-07-08T15:21:04.057+0000] {processor.py:161} INFO - Started process (PID=1168) to work on /home/airflow/.local/lib/python3.12/site-packages/airflow/example_dags/example_sensors.py
[2024-07-08T15:21:04.059+0000] {processor.py:830} INFO - Processing file /home/airflow/.local/lib/python3.12/site-packages/airflow/example_dags/example_sensors.py for tasks to queue
[2024-07-08T15:21:04.060+0000] {logging_mixin.py:188} INFO - [2024-07-08T15:21:04.060+0000] {dagbag.py:545} INFO - Filling up the DagBag from /home/airflow/.local/lib/python3.12/site-packages/airflow/example_dags/example_sensors.py
[2024-07-08T15:21:04.080+0000] {processor.py:840} INFO - DAG(s) 'example_sensors' retrieved from /home/airflow/.local/lib/python3.12/site-packages/airflow/example_dags/example_sensors.py
[2024-07-08T15:21:04.109+0000] {logging_mixin.py:188} INFO - [2024-07-08T15:21:04.109+0000] {dag.py:3096} INFO - Sync 1 DAGs
[2024-07-08T15:21:04.126+0000] {logging_mixin.py:188} INFO - [2024-07-08T15:21:04.126+0000] {dag.py:3954} INFO - Setting next_dagrun for example_sensors to None, run_after=None
[2024-07-08T15:21:04.161+0000] {processor.py:183} INFO - Processing /home/airflow/.local/lib/python3.12/site-packages/airflow/example_dags/example_sensors.py took 0.111 seconds
[2024-07-08T15:21:34.453+0000] {processor.py:161} INFO - Started process (PID=1224) to work on /home/airflow/.local/lib/python3.12/site-packages/airflow/example_dags/example_sensors.py
[2024-07-08T15:21:34.455+0000] {processor.py:830} INFO - Processing file /home/airflow/.local/lib/python3.12/site-packages/airflow/example_dags/example_sensors.py for tasks to queue
[2024-07-08T15:21:34.457+0000] {logging_mixin.py:188} INFO - [2024-07-08T15:21:34.456+0000] {dagbag.py:545} INFO - Filling up the DagBag from /home/airflow/.local/lib/python3.12/site-packages/airflow/example_dags/example_sensors.py
[2024-07-08T15:21:34.474+0000] {processor.py:840} INFO - DAG(s) 'example_sensors' retrieved from /home/airflow/.local/lib/python3.12/site-packages/airflow/example_dags/example_sensors.py
[2024-07-08T15:21:34.510+0000] {logging_mixin.py:188} INFO - [2024-07-08T15:21:34.509+0000] {dag.py:3096} INFO - Sync 1 DAGs
[2024-07-08T15:21:34.528+0000] {logging_mixin.py:188} INFO - [2024-07-08T15:21:34.527+0000] {dag.py:3954} INFO - Setting next_dagrun for example_sensors to None, run_after=None
[2024-07-08T15:21:34.556+0000] {processor.py:183} INFO - Processing /home/airflow/.local/lib/python3.12/site-packages/airflow/example_dags/example_sensors.py took 0.113 seconds
[2024-07-08T15:22:05.252+0000] {processor.py:161} INFO - Started process (PID=1282) to work on /home/airflow/.local/lib/python3.12/site-packages/airflow/example_dags/example_sensors.py
[2024-07-08T15:22:05.254+0000] {processor.py:830} INFO - Processing file /home/airflow/.local/lib/python3.12/site-packages/airflow/example_dags/example_sensors.py for tasks to queue
[2024-07-08T15:22:05.255+0000] {logging_mixin.py:188} INFO - [2024-07-08T15:22:05.255+0000] {dagbag.py:545} INFO - Filling up the DagBag from /home/airflow/.local/lib/python3.12/site-packages/airflow/example_dags/example_sensors.py
[2024-07-08T15:22:05.275+0000] {processor.py:840} INFO - DAG(s) 'example_sensors' retrieved from /home/airflow/.local/lib/python3.12/site-packages/airflow/example_dags/example_sensors.py
[2024-07-08T15:22:05.315+0000] {logging_mixin.py:188} INFO - [2024-07-08T15:22:05.314+0000] {dag.py:3096} INFO - Sync 1 DAGs
[2024-07-08T15:22:05.336+0000] {logging_mixin.py:188} INFO - [2024-07-08T15:22:05.336+0000] {dag.py:3954} INFO - Setting next_dagrun for example_sensors to None, run_after=None
[2024-07-08T15:22:05.363+0000] {processor.py:183} INFO - Processing /home/airflow/.local/lib/python3.12/site-packages/airflow/example_dags/example_sensors.py took 0.119 seconds
[2024-07-08T15:22:35.546+0000] {processor.py:161} INFO - Started process (PID=1344) to work on /home/airflow/.local/lib/python3.12/site-packages/airflow/example_dags/example_sensors.py
[2024-07-08T15:22:35.551+0000] {processor.py:830} INFO - Processing file /home/airflow/.local/lib/python3.12/site-packages/airflow/example_dags/example_sensors.py for tasks to queue
[2024-07-08T15:22:35.555+0000] {logging_mixin.py:188} INFO - [2024-07-08T15:22:35.554+0000] {dagbag.py:545} INFO - Filling up the DagBag from /home/airflow/.local/lib/python3.12/site-packages/airflow/example_dags/example_sensors.py
[2024-07-08T15:22:35.583+0000] {processor.py:840} INFO - DAG(s) 'example_sensors' retrieved from /home/airflow/.local/lib/python3.12/site-packages/airflow/example_dags/example_sensors.py
[2024-07-08T15:22:35.631+0000] {logging_mixin.py:188} INFO - [2024-07-08T15:22:35.631+0000] {dag.py:3096} INFO - Sync 1 DAGs
[2024-07-08T15:22:35.673+0000] {logging_mixin.py:188} INFO - [2024-07-08T15:22:35.672+0000] {dag.py:3954} INFO - Setting next_dagrun for example_sensors to None, run_after=None
[2024-07-08T15:22:35.750+0000] {processor.py:183} INFO - Processing /home/airflow/.local/lib/python3.12/site-packages/airflow/example_dags/example_sensors.py took 0.242 seconds
[2024-07-08T15:23:06.161+0000] {processor.py:161} INFO - Started process (PID=1406) to work on /home/airflow/.local/lib/python3.12/site-packages/airflow/example_dags/example_sensors.py
[2024-07-08T15:23:06.162+0000] {processor.py:830} INFO - Processing file /home/airflow/.local/lib/python3.12/site-packages/airflow/example_dags/example_sensors.py for tasks to queue
[2024-07-08T15:23:06.165+0000] {logging_mixin.py:188} INFO - [2024-07-08T15:23:06.164+0000] {dagbag.py:545} INFO - Filling up the DagBag from /home/airflow/.local/lib/python3.12/site-packages/airflow/example_dags/example_sensors.py
[2024-07-08T15:23:06.186+0000] {processor.py:840} INFO - DAG(s) 'example_sensors' retrieved from /home/airflow/.local/lib/python3.12/site-packages/airflow/example_dags/example_sensors.py
[2024-07-08T15:23:06.234+0000] {logging_mixin.py:188} INFO - [2024-07-08T15:23:06.234+0000] {dag.py:3096} INFO - Sync 1 DAGs
[2024-07-08T15:23:06.251+0000] {logging_mixin.py:188} INFO - [2024-07-08T15:23:06.250+0000] {dag.py:3954} INFO - Setting next_dagrun for example_sensors to None, run_after=None
[2024-07-08T15:23:06.278+0000] {processor.py:183} INFO - Processing /home/airflow/.local/lib/python3.12/site-packages/airflow/example_dags/example_sensors.py took 0.129 seconds
[2024-07-08T15:23:37.775+0000] {processor.py:161} INFO - Started process (PID=1471) to work on /home/airflow/.local/lib/python3.12/site-packages/airflow/example_dags/example_sensors.py
[2024-07-08T15:23:37.788+0000] {processor.py:830} INFO - Processing file /home/airflow/.local/lib/python3.12/site-packages/airflow/example_dags/example_sensors.py for tasks to queue
[2024-07-08T15:23:37.790+0000] {logging_mixin.py:188} INFO - [2024-07-08T15:23:37.789+0000] {dagbag.py:545} INFO - Filling up the DagBag from /home/airflow/.local/lib/python3.12/site-packages/airflow/example_dags/example_sensors.py
[2024-07-08T15:23:37.812+0000] {processor.py:840} INFO - DAG(s) 'example_sensors' retrieved from /home/airflow/.local/lib/python3.12/site-packages/airflow/example_dags/example_sensors.py
[2024-07-08T15:23:37.936+0000] {logging_mixin.py:188} INFO - [2024-07-08T15:23:37.935+0000] {dag.py:3096} INFO - Sync 1 DAGs
[2024-07-08T15:23:38.003+0000] {logging_mixin.py:188} INFO - [2024-07-08T15:23:38.002+0000] {dag.py:3954} INFO - Setting next_dagrun for example_sensors to None, run_after=None
[2024-07-08T15:23:38.106+0000] {processor.py:183} INFO - Processing /home/airflow/.local/lib/python3.12/site-packages/airflow/example_dags/example_sensors.py took 0.351 seconds
[2024-07-08T15:24:08.284+0000] {processor.py:161} INFO - Started process (PID=1535) to work on /home/airflow/.local/lib/python3.12/site-packages/airflow/example_dags/example_sensors.py
[2024-07-08T15:24:08.286+0000] {processor.py:830} INFO - Processing file /home/airflow/.local/lib/python3.12/site-packages/airflow/example_dags/example_sensors.py for tasks to queue
[2024-07-08T15:24:08.288+0000] {logging_mixin.py:188} INFO - [2024-07-08T15:24:08.287+0000] {dagbag.py:545} INFO - Filling up the DagBag from /home/airflow/.local/lib/python3.12/site-packages/airflow/example_dags/example_sensors.py
[2024-07-08T15:24:08.305+0000] {processor.py:840} INFO - DAG(s) 'example_sensors' retrieved from /home/airflow/.local/lib/python3.12/site-packages/airflow/example_dags/example_sensors.py
[2024-07-08T15:24:08.337+0000] {logging_mixin.py:188} INFO - [2024-07-08T15:24:08.337+0000] {dag.py:3096} INFO - Sync 1 DAGs
[2024-07-08T15:24:08.358+0000] {logging_mixin.py:188} INFO - [2024-07-08T15:24:08.357+0000] {dag.py:3954} INFO - Setting next_dagrun for example_sensors to None, run_after=None
[2024-07-08T15:24:08.383+0000] {processor.py:183} INFO - Processing /home/airflow/.local/lib/python3.12/site-packages/airflow/example_dags/example_sensors.py took 0.111 seconds
[2024-07-08T15:24:38.879+0000] {processor.py:161} INFO - Started process (PID=1596) to work on /home/airflow/.local/lib/python3.12/site-packages/airflow/example_dags/example_sensors.py
[2024-07-08T15:24:38.880+0000] {processor.py:830} INFO - Processing file /home/airflow/.local/lib/python3.12/site-packages/airflow/example_dags/example_sensors.py for tasks to queue
[2024-07-08T15:24:38.882+0000] {logging_mixin.py:188} INFO - [2024-07-08T15:24:38.881+0000] {dagbag.py:545} INFO - Filling up the DagBag from /home/airflow/.local/lib/python3.12/site-packages/airflow/example_dags/example_sensors.py
[2024-07-08T15:24:38.898+0000] {processor.py:840} INFO - DAG(s) 'example_sensors' retrieved from /home/airflow/.local/lib/python3.12/site-packages/airflow/example_dags/example_sensors.py
[2024-07-08T15:24:38.932+0000] {logging_mixin.py:188} INFO - [2024-07-08T15:24:38.932+0000] {dag.py:3096} INFO - Sync 1 DAGs
[2024-07-08T15:24:38.952+0000] {logging_mixin.py:188} INFO - [2024-07-08T15:24:38.951+0000] {dag.py:3954} INFO - Setting next_dagrun for example_sensors to None, run_after=None
[2024-07-08T15:24:38.982+0000] {processor.py:183} INFO - Processing /home/airflow/.local/lib/python3.12/site-packages/airflow/example_dags/example_sensors.py took 0.112 seconds
[2024-07-08T15:25:09.929+0000] {processor.py:161} INFO - Started process (PID=1658) to work on /home/airflow/.local/lib/python3.12/site-packages/airflow/example_dags/example_sensors.py
[2024-07-08T15:25:09.930+0000] {processor.py:830} INFO - Processing file /home/airflow/.local/lib/python3.12/site-packages/airflow/example_dags/example_sensors.py for tasks to queue
[2024-07-08T15:25:09.932+0000] {logging_mixin.py:188} INFO - [2024-07-08T15:25:09.931+0000] {dagbag.py:545} INFO - Filling up the DagBag from /home/airflow/.local/lib/python3.12/site-packages/airflow/example_dags/example_sensors.py
[2024-07-08T15:25:09.950+0000] {processor.py:840} INFO - DAG(s) 'example_sensors' retrieved from /home/airflow/.local/lib/python3.12/site-packages/airflow/example_dags/example_sensors.py
[2024-07-08T15:25:09.994+0000] {logging_mixin.py:188} INFO - [2024-07-08T15:25:09.994+0000] {dag.py:3096} INFO - Sync 1 DAGs
[2024-07-08T15:25:10.017+0000] {logging_mixin.py:188} INFO - [2024-07-08T15:25:10.016+0000] {dag.py:3954} INFO - Setting next_dagrun for example_sensors to None, run_after=None
[2024-07-08T15:25:10.052+0000] {processor.py:183} INFO - Processing /home/airflow/.local/lib/python3.12/site-packages/airflow/example_dags/example_sensors.py took 0.129 seconds
[2024-07-08T15:25:41.008+0000] {processor.py:161} INFO - Started process (PID=1725) to work on /home/airflow/.local/lib/python3.12/site-packages/airflow/example_dags/example_sensors.py
[2024-07-08T15:25:41.009+0000] {processor.py:830} INFO - Processing file /home/airflow/.local/lib/python3.12/site-packages/airflow/example_dags/example_sensors.py for tasks to queue
[2024-07-08T15:25:41.011+0000] {logging_mixin.py:188} INFO - [2024-07-08T15:25:41.010+0000] {dagbag.py:545} INFO - Filling up the DagBag from /home/airflow/.local/lib/python3.12/site-packages/airflow/example_dags/example_sensors.py
[2024-07-08T15:25:41.030+0000] {processor.py:840} INFO - DAG(s) 'example_sensors' retrieved from /home/airflow/.local/lib/python3.12/site-packages/airflow/example_dags/example_sensors.py
[2024-07-08T15:25:41.068+0000] {logging_mixin.py:188} INFO - [2024-07-08T15:25:41.067+0000] {dag.py:3096} INFO - Sync 1 DAGs
[2024-07-08T15:25:41.086+0000] {logging_mixin.py:188} INFO - [2024-07-08T15:25:41.085+0000] {dag.py:3954} INFO - Setting next_dagrun for example_sensors to None, run_after=None
[2024-07-08T15:25:41.114+0000] {processor.py:183} INFO - Processing /home/airflow/.local/lib/python3.12/site-packages/airflow/example_dags/example_sensors.py took 0.115 seconds
[2024-07-08T15:26:12.353+0000] {processor.py:161} INFO - Started process (PID=1790) to work on /home/airflow/.local/lib/python3.12/site-packages/airflow/example_dags/example_sensors.py
[2024-07-08T15:26:12.358+0000] {processor.py:830} INFO - Processing file /home/airflow/.local/lib/python3.12/site-packages/airflow/example_dags/example_sensors.py for tasks to queue
[2024-07-08T15:26:12.361+0000] {logging_mixin.py:188} INFO - [2024-07-08T15:26:12.360+0000] {dagbag.py:545} INFO - Filling up the DagBag from /home/airflow/.local/lib/python3.12/site-packages/airflow/example_dags/example_sensors.py
[2024-07-08T15:26:12.398+0000] {processor.py:840} INFO - DAG(s) 'example_sensors' retrieved from /home/airflow/.local/lib/python3.12/site-packages/airflow/example_dags/example_sensors.py
[2024-07-08T15:26:12.445+0000] {logging_mixin.py:188} INFO - [2024-07-08T15:26:12.444+0000] {dag.py:3096} INFO - Sync 1 DAGs
[2024-07-08T15:26:12.468+0000] {logging_mixin.py:188} INFO - [2024-07-08T15:26:12.468+0000] {dag.py:3954} INFO - Setting next_dagrun for example_sensors to None, run_after=None
[2024-07-08T15:26:12.513+0000] {processor.py:183} INFO - Processing /home/airflow/.local/lib/python3.12/site-packages/airflow/example_dags/example_sensors.py took 0.172 seconds
[2024-07-08T15:26:42.867+0000] {processor.py:161} INFO - Started process (PID=1851) to work on /home/airflow/.local/lib/python3.12/site-packages/airflow/example_dags/example_sensors.py
[2024-07-08T15:26:42.868+0000] {processor.py:830} INFO - Processing file /home/airflow/.local/lib/python3.12/site-packages/airflow/example_dags/example_sensors.py for tasks to queue
[2024-07-08T15:26:42.870+0000] {logging_mixin.py:188} INFO - [2024-07-08T15:26:42.869+0000] {dagbag.py:545} INFO - Filling up the DagBag from /home/airflow/.local/lib/python3.12/site-packages/airflow/example_dags/example_sensors.py
[2024-07-08T15:26:42.886+0000] {processor.py:840} INFO - DAG(s) 'example_sensors' retrieved from /home/airflow/.local/lib/python3.12/site-packages/airflow/example_dags/example_sensors.py
[2024-07-08T15:26:42.923+0000] {logging_mixin.py:188} INFO - [2024-07-08T15:26:42.923+0000] {dag.py:3096} INFO - Sync 1 DAGs
[2024-07-08T15:26:42.942+0000] {logging_mixin.py:188} INFO - [2024-07-08T15:26:42.941+0000] {dag.py:3954} INFO - Setting next_dagrun for example_sensors to None, run_after=None
[2024-07-08T15:26:42.968+0000] {processor.py:183} INFO - Processing /home/airflow/.local/lib/python3.12/site-packages/airflow/example_dags/example_sensors.py took 0.109 seconds
[2024-07-08T15:27:13.594+0000] {processor.py:161} INFO - Started process (PID=1911) to work on /home/airflow/.local/lib/python3.12/site-packages/airflow/example_dags/example_sensors.py
[2024-07-08T15:27:13.595+0000] {processor.py:830} INFO - Processing file /home/airflow/.local/lib/python3.12/site-packages/airflow/example_dags/example_sensors.py for tasks to queue
[2024-07-08T15:27:13.597+0000] {logging_mixin.py:188} INFO - [2024-07-08T15:27:13.596+0000] {dagbag.py:545} INFO - Filling up the DagBag from /home/airflow/.local/lib/python3.12/site-packages/airflow/example_dags/example_sensors.py
[2024-07-08T15:27:13.615+0000] {processor.py:840} INFO - DAG(s) 'example_sensors' retrieved from /home/airflow/.local/lib/python3.12/site-packages/airflow/example_dags/example_sensors.py
[2024-07-08T15:27:13.649+0000] {logging_mixin.py:188} INFO - [2024-07-08T15:27:13.648+0000] {dag.py:3096} INFO - Sync 1 DAGs
[2024-07-08T15:27:13.668+0000] {logging_mixin.py:188} INFO - [2024-07-08T15:27:13.668+0000] {dag.py:3954} INFO - Setting next_dagrun for example_sensors to None, run_after=None
[2024-07-08T15:27:13.691+0000] {processor.py:183} INFO - Processing /home/airflow/.local/lib/python3.12/site-packages/airflow/example_dags/example_sensors.py took 0.107 seconds
[2024-07-08T15:27:44.686+0000] {processor.py:161} INFO - Started process (PID=1969) to work on /home/airflow/.local/lib/python3.12/site-packages/airflow/example_dags/example_sensors.py
[2024-07-08T15:27:44.687+0000] {processor.py:830} INFO - Processing file /home/airflow/.local/lib/python3.12/site-packages/airflow/example_dags/example_sensors.py for tasks to queue
[2024-07-08T15:27:44.689+0000] {logging_mixin.py:188} INFO - [2024-07-08T15:27:44.688+0000] {dagbag.py:545} INFO - Filling up the DagBag from /home/airflow/.local/lib/python3.12/site-packages/airflow/example_dags/example_sensors.py
[2024-07-08T15:27:44.711+0000] {processor.py:840} INFO - DAG(s) 'example_sensors' retrieved from /home/airflow/.local/lib/python3.12/site-packages/airflow/example_dags/example_sensors.py
[2024-07-08T15:27:44.809+0000] {logging_mixin.py:188} INFO - [2024-07-08T15:27:44.808+0000] {dag.py:3096} INFO - Sync 1 DAGs
[2024-07-08T15:27:44.838+0000] {logging_mixin.py:188} INFO - [2024-07-08T15:27:44.837+0000] {dag.py:3954} INFO - Setting next_dagrun for example_sensors to None, run_after=None
[2024-07-08T15:27:44.872+0000] {processor.py:183} INFO - Processing /home/airflow/.local/lib/python3.12/site-packages/airflow/example_dags/example_sensors.py took 0.195 seconds
[2024-07-08T15:28:15.315+0000] {processor.py:161} INFO - Started process (PID=2028) to work on /home/airflow/.local/lib/python3.12/site-packages/airflow/example_dags/example_sensors.py
[2024-07-08T15:28:15.316+0000] {processor.py:830} INFO - Processing file /home/airflow/.local/lib/python3.12/site-packages/airflow/example_dags/example_sensors.py for tasks to queue
[2024-07-08T15:28:15.318+0000] {logging_mixin.py:188} INFO - [2024-07-08T15:28:15.318+0000] {dagbag.py:545} INFO - Filling up the DagBag from /home/airflow/.local/lib/python3.12/site-packages/airflow/example_dags/example_sensors.py
[2024-07-08T15:28:15.339+0000] {processor.py:840} INFO - DAG(s) 'example_sensors' retrieved from /home/airflow/.local/lib/python3.12/site-packages/airflow/example_dags/example_sensors.py
[2024-07-08T15:28:15.378+0000] {logging_mixin.py:188} INFO - [2024-07-08T15:28:15.377+0000] {dag.py:3096} INFO - Sync 1 DAGs
[2024-07-08T15:28:15.395+0000] {logging_mixin.py:188} INFO - [2024-07-08T15:28:15.395+0000] {dag.py:3954} INFO - Setting next_dagrun for example_sensors to None, run_after=None
[2024-07-08T15:28:15.435+0000] {processor.py:183} INFO - Processing /home/airflow/.local/lib/python3.12/site-packages/airflow/example_dags/example_sensors.py took 0.130 seconds
[2024-07-08T15:31:09.448+0000] {processor.py:161} INFO - Started process (PID=2089) to work on /home/airflow/.local/lib/python3.12/site-packages/airflow/example_dags/example_sensors.py
[2024-07-08T15:31:09.450+0000] {processor.py:830} INFO - Processing file /home/airflow/.local/lib/python3.12/site-packages/airflow/example_dags/example_sensors.py for tasks to queue
[2024-07-08T15:31:09.452+0000] {logging_mixin.py:188} INFO - [2024-07-08T15:31:09.451+0000] {dagbag.py:545} INFO - Filling up the DagBag from /home/airflow/.local/lib/python3.12/site-packages/airflow/example_dags/example_sensors.py
[2024-07-08T15:31:09.473+0000] {processor.py:840} INFO - DAG(s) 'example_sensors' retrieved from /home/airflow/.local/lib/python3.12/site-packages/airflow/example_dags/example_sensors.py
[2024-07-08T15:31:09.518+0000] {logging_mixin.py:188} INFO - [2024-07-08T15:31:09.518+0000] {dag.py:3096} INFO - Sync 1 DAGs
[2024-07-08T15:31:09.569+0000] {logging_mixin.py:188} INFO - [2024-07-08T15:31:09.569+0000] {dag.py:3954} INFO - Setting next_dagrun for example_sensors to None, run_after=None
[2024-07-08T15:31:09.770+0000] {processor.py:183} INFO - Processing /home/airflow/.local/lib/python3.12/site-packages/airflow/example_dags/example_sensors.py took 0.334 seconds
[2024-07-08T15:31:40.596+0000] {processor.py:161} INFO - Started process (PID=2147) to work on /home/airflow/.local/lib/python3.12/site-packages/airflow/example_dags/example_sensors.py
[2024-07-08T15:31:40.598+0000] {processor.py:830} INFO - Processing file /home/airflow/.local/lib/python3.12/site-packages/airflow/example_dags/example_sensors.py for tasks to queue
[2024-07-08T15:31:40.600+0000] {logging_mixin.py:188} INFO - [2024-07-08T15:31:40.599+0000] {dagbag.py:545} INFO - Filling up the DagBag from /home/airflow/.local/lib/python3.12/site-packages/airflow/example_dags/example_sensors.py
[2024-07-08T15:31:40.626+0000] {processor.py:840} INFO - DAG(s) 'example_sensors' retrieved from /home/airflow/.local/lib/python3.12/site-packages/airflow/example_dags/example_sensors.py
[2024-07-08T15:31:40.681+0000] {logging_mixin.py:188} INFO - [2024-07-08T15:31:40.680+0000] {dag.py:3096} INFO - Sync 1 DAGs
[2024-07-08T15:31:40.714+0000] {logging_mixin.py:188} INFO - [2024-07-08T15:31:40.714+0000] {dag.py:3954} INFO - Setting next_dagrun for example_sensors to None, run_after=None
[2024-07-08T15:31:40.769+0000] {processor.py:183} INFO - Processing /home/airflow/.local/lib/python3.12/site-packages/airflow/example_dags/example_sensors.py took 0.185 seconds
[2024-07-08T15:32:11.444+0000] {processor.py:161} INFO - Started process (PID=2206) to work on /home/airflow/.local/lib/python3.12/site-packages/airflow/example_dags/example_sensors.py
[2024-07-08T15:32:11.446+0000] {processor.py:830} INFO - Processing file /home/airflow/.local/lib/python3.12/site-packages/airflow/example_dags/example_sensors.py for tasks to queue
[2024-07-08T15:32:11.447+0000] {logging_mixin.py:188} INFO - [2024-07-08T15:32:11.446+0000] {dagbag.py:545} INFO - Filling up the DagBag from /home/airflow/.local/lib/python3.12/site-packages/airflow/example_dags/example_sensors.py
[2024-07-08T15:32:11.460+0000] {processor.py:840} INFO - DAG(s) 'example_sensors' retrieved from /home/airflow/.local/lib/python3.12/site-packages/airflow/example_dags/example_sensors.py
[2024-07-08T15:32:11.496+0000] {logging_mixin.py:188} INFO - [2024-07-08T15:32:11.495+0000] {dag.py:3096} INFO - Sync 1 DAGs
[2024-07-08T15:32:11.519+0000] {logging_mixin.py:188} INFO - [2024-07-08T15:32:11.519+0000] {dag.py:3954} INFO - Setting next_dagrun for example_sensors to None, run_after=None
[2024-07-08T15:32:11.546+0000] {processor.py:183} INFO - Processing /home/airflow/.local/lib/python3.12/site-packages/airflow/example_dags/example_sensors.py took 0.109 seconds
[2024-07-08T15:36:17.571+0000] {processor.py:161} INFO - Started process (PID=2287) to work on /home/airflow/.local/lib/python3.12/site-packages/airflow/example_dags/example_sensors.py
[2024-07-08T15:36:17.583+0000] {processor.py:830} INFO - Processing file /home/airflow/.local/lib/python3.12/site-packages/airflow/example_dags/example_sensors.py for tasks to queue
[2024-07-08T15:36:17.585+0000] {logging_mixin.py:188} INFO - [2024-07-08T15:36:17.585+0000] {dagbag.py:545} INFO - Filling up the DagBag from /home/airflow/.local/lib/python3.12/site-packages/airflow/example_dags/example_sensors.py
[2024-07-08T15:36:17.675+0000] {processor.py:840} INFO - DAG(s) 'example_sensors' retrieved from /home/airflow/.local/lib/python3.12/site-packages/airflow/example_dags/example_sensors.py
[2024-07-08T15:36:17.921+0000] {logging_mixin.py:188} INFO - [2024-07-08T15:36:17.920+0000] {dag.py:3096} INFO - Sync 1 DAGs
[2024-07-08T15:36:17.962+0000] {logging_mixin.py:188} INFO - [2024-07-08T15:36:17.961+0000] {dag.py:3954} INFO - Setting next_dagrun for example_sensors to None, run_after=None
[2024-07-08T15:36:18.051+0000] {processor.py:183} INFO - Processing /home/airflow/.local/lib/python3.12/site-packages/airflow/example_dags/example_sensors.py took 0.520 seconds
[2024-07-08T15:42:17.562+0000] {processor.py:161} INFO - Started process (PID=2419) to work on /home/airflow/.local/lib/python3.12/site-packages/airflow/example_dags/example_sensors.py
[2024-07-08T15:42:17.565+0000] {processor.py:830} INFO - Processing file /home/airflow/.local/lib/python3.12/site-packages/airflow/example_dags/example_sensors.py for tasks to queue
[2024-07-08T15:42:17.569+0000] {logging_mixin.py:188} INFO - [2024-07-08T15:42:17.569+0000] {dagbag.py:545} INFO - Filling up the DagBag from /home/airflow/.local/lib/python3.12/site-packages/airflow/example_dags/example_sensors.py
[2024-07-08T15:42:17.605+0000] {processor.py:840} INFO - DAG(s) 'example_sensors' retrieved from /home/airflow/.local/lib/python3.12/site-packages/airflow/example_dags/example_sensors.py
[2024-07-08T15:42:17.739+0000] {logging_mixin.py:188} INFO - [2024-07-08T15:42:17.739+0000] {dag.py:3096} INFO - Sync 1 DAGs
[2024-07-08T15:42:17.808+0000] {logging_mixin.py:188} INFO - [2024-07-08T15:42:17.807+0000] {dag.py:3954} INFO - Setting next_dagrun for example_sensors to None, run_after=None
[2024-07-08T15:42:17.873+0000] {processor.py:183} INFO - Processing /home/airflow/.local/lib/python3.12/site-packages/airflow/example_dags/example_sensors.py took 0.334 seconds
[2024-07-08T15:42:48.047+0000] {processor.py:161} INFO - Started process (PID=2482) to work on /home/airflow/.local/lib/python3.12/site-packages/airflow/example_dags/example_sensors.py
[2024-07-08T15:42:48.053+0000] {processor.py:830} INFO - Processing file /home/airflow/.local/lib/python3.12/site-packages/airflow/example_dags/example_sensors.py for tasks to queue
[2024-07-08T15:42:48.055+0000] {logging_mixin.py:188} INFO - [2024-07-08T15:42:48.054+0000] {dagbag.py:545} INFO - Filling up the DagBag from /home/airflow/.local/lib/python3.12/site-packages/airflow/example_dags/example_sensors.py
[2024-07-08T15:42:48.078+0000] {processor.py:840} INFO - DAG(s) 'example_sensors' retrieved from /home/airflow/.local/lib/python3.12/site-packages/airflow/example_dags/example_sensors.py
[2024-07-08T15:42:48.124+0000] {logging_mixin.py:188} INFO - [2024-07-08T15:42:48.124+0000] {dag.py:3096} INFO - Sync 1 DAGs
[2024-07-08T15:42:48.138+0000] {logging_mixin.py:188} INFO - [2024-07-08T15:42:48.137+0000] {dag.py:3954} INFO - Setting next_dagrun for example_sensors to None, run_after=None
[2024-07-08T15:42:48.162+0000] {processor.py:183} INFO - Processing /home/airflow/.local/lib/python3.12/site-packages/airflow/example_dags/example_sensors.py took 0.123 seconds
[2024-07-08T15:43:18.619+0000] {processor.py:161} INFO - Started process (PID=2542) to work on /home/airflow/.local/lib/python3.12/site-packages/airflow/example_dags/example_sensors.py
[2024-07-08T15:43:18.620+0000] {processor.py:830} INFO - Processing file /home/airflow/.local/lib/python3.12/site-packages/airflow/example_dags/example_sensors.py for tasks to queue
[2024-07-08T15:43:18.621+0000] {logging_mixin.py:188} INFO - [2024-07-08T15:43:18.621+0000] {dagbag.py:545} INFO - Filling up the DagBag from /home/airflow/.local/lib/python3.12/site-packages/airflow/example_dags/example_sensors.py
[2024-07-08T15:43:18.632+0000] {processor.py:840} INFO - DAG(s) 'example_sensors' retrieved from /home/airflow/.local/lib/python3.12/site-packages/airflow/example_dags/example_sensors.py
[2024-07-08T15:43:18.670+0000] {logging_mixin.py:188} INFO - [2024-07-08T15:43:18.669+0000] {dag.py:3096} INFO - Sync 1 DAGs
[2024-07-08T15:43:18.684+0000] {logging_mixin.py:188} INFO - [2024-07-08T15:43:18.683+0000] {dag.py:3954} INFO - Setting next_dagrun for example_sensors to None, run_after=None
[2024-07-08T15:43:18.711+0000] {processor.py:183} INFO - Processing /home/airflow/.local/lib/python3.12/site-packages/airflow/example_dags/example_sensors.py took 0.101 seconds
[2024-07-08T15:43:49.606+0000] {processor.py:161} INFO - Started process (PID=2602) to work on /home/airflow/.local/lib/python3.12/site-packages/airflow/example_dags/example_sensors.py
[2024-07-08T15:43:49.607+0000] {processor.py:830} INFO - Processing file /home/airflow/.local/lib/python3.12/site-packages/airflow/example_dags/example_sensors.py for tasks to queue
[2024-07-08T15:43:49.609+0000] {logging_mixin.py:188} INFO - [2024-07-08T15:43:49.608+0000] {dagbag.py:545} INFO - Filling up the DagBag from /home/airflow/.local/lib/python3.12/site-packages/airflow/example_dags/example_sensors.py
[2024-07-08T15:43:49.619+0000] {processor.py:840} INFO - DAG(s) 'example_sensors' retrieved from /home/airflow/.local/lib/python3.12/site-packages/airflow/example_dags/example_sensors.py
[2024-07-08T15:43:49.654+0000] {logging_mixin.py:188} INFO - [2024-07-08T15:43:49.653+0000] {dag.py:3096} INFO - Sync 1 DAGs
[2024-07-08T15:43:49.672+0000] {logging_mixin.py:188} INFO - [2024-07-08T15:43:49.671+0000] {dag.py:3954} INFO - Setting next_dagrun for example_sensors to None, run_after=None
[2024-07-08T15:43:49.699+0000] {processor.py:183} INFO - Processing /home/airflow/.local/lib/python3.12/site-packages/airflow/example_dags/example_sensors.py took 0.102 seconds
