[2024-07-08T15:07:49.635+0000] {processor.py:161} INFO - Started process (PID=65) to work on /home/airflow/.local/lib/python3.12/site-packages/airflow/example_dags/example_branch_day_of_week_operator.py
[2024-07-08T15:07:49.647+0000] {processor.py:830} INFO - Processing file /home/airflow/.local/lib/python3.12/site-packages/airflow/example_dags/example_branch_day_of_week_operator.py for tasks to queue
[2024-07-08T15:07:49.655+0000] {logging_mixin.py:188} INFO - [2024-07-08T15:07:49.654+0000] {dagbag.py:545} INFO - Filling up the DagBag from /home/airflow/.local/lib/python3.12/site-packages/airflow/example_dags/example_branch_day_of_week_operator.py
[2024-07-08T15:07:49.728+0000] {processor.py:840} INFO - DAG(s) 'example_weekday_branch_operator' retrieved from /home/airflow/.local/lib/python3.12/site-packages/airflow/example_dags/example_branch_day_of_week_operator.py
[2024-07-08T15:07:50.139+0000] {logging_mixin.py:188} INFO - [2024-07-08T15:07:50.139+0000] {dag.py:3096} INFO - Sync 1 DAGs
[2024-07-08T15:07:50.379+0000] {logging_mixin.py:188} INFO - [2024-07-08T15:07:50.370+0000] {dag.py:3954} INFO - Setting next_dagrun for example_weekday_branch_operator to 2024-07-07 00:00:00+00:00, run_after=2024-07-08 00:00:00+00:00
[2024-07-08T15:07:50.627+0000] {processor.py:183} INFO - Processing /home/airflow/.local/lib/python3.12/site-packages/airflow/example_dags/example_branch_day_of_week_operator.py took 1.011 seconds
[2024-07-08T15:08:21.665+0000] {processor.py:161} INFO - Started process (PID=122) to work on /home/airflow/.local/lib/python3.12/site-packages/airflow/example_dags/example_branch_day_of_week_operator.py
[2024-07-08T15:08:21.667+0000] {processor.py:830} INFO - Processing file /home/airflow/.local/lib/python3.12/site-packages/airflow/example_dags/example_branch_day_of_week_operator.py for tasks to queue
[2024-07-08T15:08:21.670+0000] {logging_mixin.py:188} INFO - [2024-07-08T15:08:21.670+0000] {dagbag.py:545} INFO - Filling up the DagBag from /home/airflow/.local/lib/python3.12/site-packages/airflow/example_dags/example_branch_day_of_week_operator.py
[2024-07-08T15:08:21.680+0000] {processor.py:840} INFO - DAG(s) 'example_weekday_branch_operator' retrieved from /home/airflow/.local/lib/python3.12/site-packages/airflow/example_dags/example_branch_day_of_week_operator.py
[2024-07-08T15:08:21.711+0000] {logging_mixin.py:188} INFO - [2024-07-08T15:08:21.711+0000] {dag.py:3096} INFO - Sync 1 DAGs
[2024-07-08T15:08:21.755+0000] {logging_mixin.py:188} INFO - [2024-07-08T15:08:21.755+0000] {dag.py:3954} INFO - Setting next_dagrun for example_weekday_branch_operator to 2024-07-07 00:00:00+00:00, run_after=2024-07-08 00:00:00+00:00
[2024-07-08T15:08:21.794+0000] {processor.py:183} INFO - Processing /home/airflow/.local/lib/python3.12/site-packages/airflow/example_dags/example_branch_day_of_week_operator.py took 0.137 seconds
[2024-07-08T15:08:51.892+0000] {processor.py:161} INFO - Started process (PID=180) to work on /home/airflow/.local/lib/python3.12/site-packages/airflow/example_dags/example_branch_day_of_week_operator.py
[2024-07-08T15:08:51.894+0000] {processor.py:830} INFO - Processing file /home/airflow/.local/lib/python3.12/site-packages/airflow/example_dags/example_branch_day_of_week_operator.py for tasks to queue
[2024-07-08T15:08:51.900+0000] {logging_mixin.py:188} INFO - [2024-07-08T15:08:51.899+0000] {dagbag.py:545} INFO - Filling up the DagBag from /home/airflow/.local/lib/python3.12/site-packages/airflow/example_dags/example_branch_day_of_week_operator.py
[2024-07-08T15:08:51.916+0000] {processor.py:840} INFO - DAG(s) 'example_weekday_branch_operator' retrieved from /home/airflow/.local/lib/python3.12/site-packages/airflow/example_dags/example_branch_day_of_week_operator.py
[2024-07-08T15:08:51.952+0000] {logging_mixin.py:188} INFO - [2024-07-08T15:08:51.951+0000] {dag.py:3096} INFO - Sync 1 DAGs
[2024-07-08T15:08:51.983+0000] {logging_mixin.py:188} INFO - [2024-07-08T15:08:51.983+0000] {dag.py:3954} INFO - Setting next_dagrun for example_weekday_branch_operator to 2024-07-07 00:00:00+00:00, run_after=2024-07-08 00:00:00+00:00
[2024-07-08T15:08:52.009+0000] {processor.py:183} INFO - Processing /home/airflow/.local/lib/python3.12/site-packages/airflow/example_dags/example_branch_day_of_week_operator.py took 0.126 seconds
[2024-07-08T15:09:22.091+0000] {processor.py:161} INFO - Started process (PID=238) to work on /home/airflow/.local/lib/python3.12/site-packages/airflow/example_dags/example_branch_day_of_week_operator.py
[2024-07-08T15:09:22.093+0000] {processor.py:830} INFO - Processing file /home/airflow/.local/lib/python3.12/site-packages/airflow/example_dags/example_branch_day_of_week_operator.py for tasks to queue
[2024-07-08T15:09:22.096+0000] {logging_mixin.py:188} INFO - [2024-07-08T15:09:22.095+0000] {dagbag.py:545} INFO - Filling up the DagBag from /home/airflow/.local/lib/python3.12/site-packages/airflow/example_dags/example_branch_day_of_week_operator.py
[2024-07-08T15:09:22.107+0000] {processor.py:840} INFO - DAG(s) 'example_weekday_branch_operator' retrieved from /home/airflow/.local/lib/python3.12/site-packages/airflow/example_dags/example_branch_day_of_week_operator.py
[2024-07-08T15:09:22.135+0000] {logging_mixin.py:188} INFO - [2024-07-08T15:09:22.135+0000] {dag.py:3096} INFO - Sync 1 DAGs
[2024-07-08T15:09:22.177+0000] {logging_mixin.py:188} INFO - [2024-07-08T15:09:22.177+0000] {dag.py:3954} INFO - Setting next_dagrun for example_weekday_branch_operator to 2024-07-07 00:00:00+00:00, run_after=2024-07-08 00:00:00+00:00
[2024-07-08T15:09:22.203+0000] {processor.py:183} INFO - Processing /home/airflow/.local/lib/python3.12/site-packages/airflow/example_dags/example_branch_day_of_week_operator.py took 0.119 seconds
[2024-07-08T15:09:52.868+0000] {processor.py:161} INFO - Started process (PID=296) to work on /home/airflow/.local/lib/python3.12/site-packages/airflow/example_dags/example_branch_day_of_week_operator.py
[2024-07-08T15:09:52.870+0000] {processor.py:830} INFO - Processing file /home/airflow/.local/lib/python3.12/site-packages/airflow/example_dags/example_branch_day_of_week_operator.py for tasks to queue
[2024-07-08T15:09:52.873+0000] {logging_mixin.py:188} INFO - [2024-07-08T15:09:52.873+0000] {dagbag.py:545} INFO - Filling up the DagBag from /home/airflow/.local/lib/python3.12/site-packages/airflow/example_dags/example_branch_day_of_week_operator.py
[2024-07-08T15:09:52.885+0000] {processor.py:840} INFO - DAG(s) 'example_weekday_branch_operator' retrieved from /home/airflow/.local/lib/python3.12/site-packages/airflow/example_dags/example_branch_day_of_week_operator.py
[2024-07-08T15:09:52.911+0000] {logging_mixin.py:188} INFO - [2024-07-08T15:09:52.911+0000] {dag.py:3096} INFO - Sync 1 DAGs
[2024-07-08T15:09:52.996+0000] {logging_mixin.py:188} INFO - [2024-07-08T15:09:52.996+0000] {dag.py:3954} INFO - Setting next_dagrun for example_weekday_branch_operator to 2024-07-07 00:00:00+00:00, run_after=2024-07-08 00:00:00+00:00
[2024-07-08T15:09:53.045+0000] {processor.py:183} INFO - Processing /home/airflow/.local/lib/python3.12/site-packages/airflow/example_dags/example_branch_day_of_week_operator.py took 0.185 seconds
[2024-07-08T15:10:23.160+0000] {processor.py:161} INFO - Started process (PID=353) to work on /home/airflow/.local/lib/python3.12/site-packages/airflow/example_dags/example_branch_day_of_week_operator.py
[2024-07-08T15:10:23.162+0000] {processor.py:830} INFO - Processing file /home/airflow/.local/lib/python3.12/site-packages/airflow/example_dags/example_branch_day_of_week_operator.py for tasks to queue
[2024-07-08T15:10:23.166+0000] {logging_mixin.py:188} INFO - [2024-07-08T15:10:23.164+0000] {dagbag.py:545} INFO - Filling up the DagBag from /home/airflow/.local/lib/python3.12/site-packages/airflow/example_dags/example_branch_day_of_week_operator.py
[2024-07-08T15:10:23.183+0000] {processor.py:840} INFO - DAG(s) 'example_weekday_branch_operator' retrieved from /home/airflow/.local/lib/python3.12/site-packages/airflow/example_dags/example_branch_day_of_week_operator.py
[2024-07-08T15:10:23.219+0000] {logging_mixin.py:188} INFO - [2024-07-08T15:10:23.219+0000] {dag.py:3096} INFO - Sync 1 DAGs
[2024-07-08T15:10:23.247+0000] {logging_mixin.py:188} INFO - [2024-07-08T15:10:23.247+0000] {dag.py:3954} INFO - Setting next_dagrun for example_weekday_branch_operator to 2024-07-07 00:00:00+00:00, run_after=2024-07-08 00:00:00+00:00
[2024-07-08T15:10:23.273+0000] {processor.py:183} INFO - Processing /home/airflow/.local/lib/python3.12/site-packages/airflow/example_dags/example_branch_day_of_week_operator.py took 0.119 seconds
[2024-07-08T15:10:53.425+0000] {processor.py:161} INFO - Started process (PID=411) to work on /home/airflow/.local/lib/python3.12/site-packages/airflow/example_dags/example_branch_day_of_week_operator.py
[2024-07-08T15:10:53.427+0000] {processor.py:830} INFO - Processing file /home/airflow/.local/lib/python3.12/site-packages/airflow/example_dags/example_branch_day_of_week_operator.py for tasks to queue
[2024-07-08T15:10:53.430+0000] {logging_mixin.py:188} INFO - [2024-07-08T15:10:53.429+0000] {dagbag.py:545} INFO - Filling up the DagBag from /home/airflow/.local/lib/python3.12/site-packages/airflow/example_dags/example_branch_day_of_week_operator.py
[2024-07-08T15:10:53.442+0000] {processor.py:840} INFO - DAG(s) 'example_weekday_branch_operator' retrieved from /home/airflow/.local/lib/python3.12/site-packages/airflow/example_dags/example_branch_day_of_week_operator.py
[2024-07-08T15:10:53.474+0000] {logging_mixin.py:188} INFO - [2024-07-08T15:10:53.474+0000] {dag.py:3096} INFO - Sync 1 DAGs
[2024-07-08T15:10:53.509+0000] {logging_mixin.py:188} INFO - [2024-07-08T15:10:53.509+0000] {dag.py:3954} INFO - Setting next_dagrun for example_weekday_branch_operator to 2024-07-07 00:00:00+00:00, run_after=2024-07-08 00:00:00+00:00
[2024-07-08T15:10:53.545+0000] {processor.py:183} INFO - Processing /home/airflow/.local/lib/python3.12/site-packages/airflow/example_dags/example_branch_day_of_week_operator.py took 0.129 seconds
[2024-07-08T15:11:24.584+0000] {processor.py:161} INFO - Started process (PID=469) to work on /home/airflow/.local/lib/python3.12/site-packages/airflow/example_dags/example_branch_day_of_week_operator.py
[2024-07-08T15:11:24.586+0000] {processor.py:830} INFO - Processing file /home/airflow/.local/lib/python3.12/site-packages/airflow/example_dags/example_branch_day_of_week_operator.py for tasks to queue
[2024-07-08T15:11:24.591+0000] {logging_mixin.py:188} INFO - [2024-07-08T15:11:24.591+0000] {dagbag.py:545} INFO - Filling up the DagBag from /home/airflow/.local/lib/python3.12/site-packages/airflow/example_dags/example_branch_day_of_week_operator.py
[2024-07-08T15:11:24.611+0000] {processor.py:840} INFO - DAG(s) 'example_weekday_branch_operator' retrieved from /home/airflow/.local/lib/python3.12/site-packages/airflow/example_dags/example_branch_day_of_week_operator.py
[2024-07-08T15:11:24.648+0000] {logging_mixin.py:188} INFO - [2024-07-08T15:11:24.648+0000] {dag.py:3096} INFO - Sync 1 DAGs
[2024-07-08T15:11:24.680+0000] {logging_mixin.py:188} INFO - [2024-07-08T15:11:24.679+0000] {dag.py:3954} INFO - Setting next_dagrun for example_weekday_branch_operator to 2024-07-07 00:00:00+00:00, run_after=2024-07-08 00:00:00+00:00
[2024-07-08T15:11:24.708+0000] {processor.py:183} INFO - Processing /home/airflow/.local/lib/python3.12/site-packages/airflow/example_dags/example_branch_day_of_week_operator.py took 0.132 seconds
[2024-07-08T15:11:54.927+0000] {processor.py:161} INFO - Started process (PID=526) to work on /home/airflow/.local/lib/python3.12/site-packages/airflow/example_dags/example_branch_day_of_week_operator.py
[2024-07-08T15:11:54.929+0000] {processor.py:830} INFO - Processing file /home/airflow/.local/lib/python3.12/site-packages/airflow/example_dags/example_branch_day_of_week_operator.py for tasks to queue
[2024-07-08T15:11:54.932+0000] {logging_mixin.py:188} INFO - [2024-07-08T15:11:54.931+0000] {dagbag.py:545} INFO - Filling up the DagBag from /home/airflow/.local/lib/python3.12/site-packages/airflow/example_dags/example_branch_day_of_week_operator.py
[2024-07-08T15:11:54.944+0000] {processor.py:840} INFO - DAG(s) 'example_weekday_branch_operator' retrieved from /home/airflow/.local/lib/python3.12/site-packages/airflow/example_dags/example_branch_day_of_week_operator.py
[2024-07-08T15:11:54.975+0000] {logging_mixin.py:188} INFO - [2024-07-08T15:11:54.974+0000] {dag.py:3096} INFO - Sync 1 DAGs
[2024-07-08T15:11:55.012+0000] {logging_mixin.py:188} INFO - [2024-07-08T15:11:55.012+0000] {dag.py:3954} INFO - Setting next_dagrun for example_weekday_branch_operator to 2024-07-07 00:00:00+00:00, run_after=2024-07-08 00:00:00+00:00
[2024-07-08T15:11:55.044+0000] {processor.py:183} INFO - Processing /home/airflow/.local/lib/python3.12/site-packages/airflow/example_dags/example_branch_day_of_week_operator.py took 0.126 seconds
[2024-07-08T15:12:25.800+0000] {processor.py:161} INFO - Started process (PID=584) to work on /home/airflow/.local/lib/python3.12/site-packages/airflow/example_dags/example_branch_day_of_week_operator.py
[2024-07-08T15:12:25.801+0000] {processor.py:830} INFO - Processing file /home/airflow/.local/lib/python3.12/site-packages/airflow/example_dags/example_branch_day_of_week_operator.py for tasks to queue
[2024-07-08T15:12:25.804+0000] {logging_mixin.py:188} INFO - [2024-07-08T15:12:25.803+0000] {dagbag.py:545} INFO - Filling up the DagBag from /home/airflow/.local/lib/python3.12/site-packages/airflow/example_dags/example_branch_day_of_week_operator.py
[2024-07-08T15:12:25.815+0000] {processor.py:840} INFO - DAG(s) 'example_weekday_branch_operator' retrieved from /home/airflow/.local/lib/python3.12/site-packages/airflow/example_dags/example_branch_day_of_week_operator.py
[2024-07-08T15:12:25.845+0000] {logging_mixin.py:188} INFO - [2024-07-08T15:12:25.844+0000] {dag.py:3096} INFO - Sync 1 DAGs
[2024-07-08T15:12:25.878+0000] {logging_mixin.py:188} INFO - [2024-07-08T15:12:25.877+0000] {dag.py:3954} INFO - Setting next_dagrun for example_weekday_branch_operator to 2024-07-07 00:00:00+00:00, run_after=2024-07-08 00:00:00+00:00
[2024-07-08T15:12:25.909+0000] {processor.py:183} INFO - Processing /home/airflow/.local/lib/python3.12/site-packages/airflow/example_dags/example_branch_day_of_week_operator.py took 0.115 seconds
[2024-07-08T15:12:56.018+0000] {processor.py:161} INFO - Started process (PID=643) to work on /home/airflow/.local/lib/python3.12/site-packages/airflow/example_dags/example_branch_day_of_week_operator.py
[2024-07-08T15:12:56.020+0000] {processor.py:830} INFO - Processing file /home/airflow/.local/lib/python3.12/site-packages/airflow/example_dags/example_branch_day_of_week_operator.py for tasks to queue
[2024-07-08T15:12:56.023+0000] {logging_mixin.py:188} INFO - [2024-07-08T15:12:56.022+0000] {dagbag.py:545} INFO - Filling up the DagBag from /home/airflow/.local/lib/python3.12/site-packages/airflow/example_dags/example_branch_day_of_week_operator.py
[2024-07-08T15:12:56.033+0000] {processor.py:840} INFO - DAG(s) 'example_weekday_branch_operator' retrieved from /home/airflow/.local/lib/python3.12/site-packages/airflow/example_dags/example_branch_day_of_week_operator.py
[2024-07-08T15:12:56.066+0000] {logging_mixin.py:188} INFO - [2024-07-08T15:12:56.066+0000] {dag.py:3096} INFO - Sync 1 DAGs
[2024-07-08T15:12:56.102+0000] {logging_mixin.py:188} INFO - [2024-07-08T15:12:56.101+0000] {dag.py:3954} INFO - Setting next_dagrun for example_weekday_branch_operator to 2024-07-07 00:00:00+00:00, run_after=2024-07-08 00:00:00+00:00
[2024-07-08T15:12:56.149+0000] {processor.py:183} INFO - Processing /home/airflow/.local/lib/python3.12/site-packages/airflow/example_dags/example_branch_day_of_week_operator.py took 0.142 seconds
[2024-07-08T15:13:26.240+0000] {processor.py:161} INFO - Started process (PID=701) to work on /home/airflow/.local/lib/python3.12/site-packages/airflow/example_dags/example_branch_day_of_week_operator.py
[2024-07-08T15:13:26.242+0000] {processor.py:830} INFO - Processing file /home/airflow/.local/lib/python3.12/site-packages/airflow/example_dags/example_branch_day_of_week_operator.py for tasks to queue
[2024-07-08T15:13:26.245+0000] {logging_mixin.py:188} INFO - [2024-07-08T15:13:26.244+0000] {dagbag.py:545} INFO - Filling up the DagBag from /home/airflow/.local/lib/python3.12/site-packages/airflow/example_dags/example_branch_day_of_week_operator.py
[2024-07-08T15:13:26.261+0000] {processor.py:840} INFO - DAG(s) 'example_weekday_branch_operator' retrieved from /home/airflow/.local/lib/python3.12/site-packages/airflow/example_dags/example_branch_day_of_week_operator.py
[2024-07-08T15:13:26.298+0000] {logging_mixin.py:188} INFO - [2024-07-08T15:13:26.298+0000] {dag.py:3096} INFO - Sync 1 DAGs
[2024-07-08T15:13:26.339+0000] {logging_mixin.py:188} INFO - [2024-07-08T15:13:26.338+0000] {dag.py:3954} INFO - Setting next_dagrun for example_weekday_branch_operator to 2024-07-07 00:00:00+00:00, run_after=2024-07-08 00:00:00+00:00
[2024-07-08T15:13:26.372+0000] {processor.py:183} INFO - Processing /home/airflow/.local/lib/python3.12/site-packages/airflow/example_dags/example_branch_day_of_week_operator.py took 0.143 seconds
[2024-07-08T15:16:13.059+0000] {processor.py:161} INFO - Started process (PID=767) to work on /home/airflow/.local/lib/python3.12/site-packages/airflow/example_dags/example_branch_day_of_week_operator.py
[2024-07-08T15:16:13.062+0000] {processor.py:830} INFO - Processing file /home/airflow/.local/lib/python3.12/site-packages/airflow/example_dags/example_branch_day_of_week_operator.py for tasks to queue
[2024-07-08T15:16:13.068+0000] {logging_mixin.py:188} INFO - [2024-07-08T15:16:13.067+0000] {dagbag.py:545} INFO - Filling up the DagBag from /home/airflow/.local/lib/python3.12/site-packages/airflow/example_dags/example_branch_day_of_week_operator.py
[2024-07-08T15:16:13.101+0000] {processor.py:840} INFO - DAG(s) 'example_weekday_branch_operator' retrieved from /home/airflow/.local/lib/python3.12/site-packages/airflow/example_dags/example_branch_day_of_week_operator.py
[2024-07-08T15:16:13.154+0000] {logging_mixin.py:188} INFO - [2024-07-08T15:16:13.153+0000] {dag.py:3096} INFO - Sync 1 DAGs
[2024-07-08T15:16:13.190+0000] {logging_mixin.py:188} INFO - [2024-07-08T15:16:13.190+0000] {dag.py:3954} INFO - Setting next_dagrun for example_weekday_branch_operator to 2024-07-07 00:00:00+00:00, run_after=2024-07-08 00:00:00+00:00
[2024-07-08T15:16:13.233+0000] {processor.py:183} INFO - Processing /home/airflow/.local/lib/python3.12/site-packages/airflow/example_dags/example_branch_day_of_week_operator.py took 0.183 seconds
[2024-07-08T15:16:44.330+0000] {processor.py:161} INFO - Started process (PID=825) to work on /home/airflow/.local/lib/python3.12/site-packages/airflow/example_dags/example_branch_day_of_week_operator.py
[2024-07-08T15:16:44.333+0000] {processor.py:830} INFO - Processing file /home/airflow/.local/lib/python3.12/site-packages/airflow/example_dags/example_branch_day_of_week_operator.py for tasks to queue
[2024-07-08T15:16:44.335+0000] {logging_mixin.py:188} INFO - [2024-07-08T15:16:44.334+0000] {dagbag.py:545} INFO - Filling up the DagBag from /home/airflow/.local/lib/python3.12/site-packages/airflow/example_dags/example_branch_day_of_week_operator.py
[2024-07-08T15:16:44.354+0000] {processor.py:840} INFO - DAG(s) 'example_weekday_branch_operator' retrieved from /home/airflow/.local/lib/python3.12/site-packages/airflow/example_dags/example_branch_day_of_week_operator.py
[2024-07-08T15:16:44.424+0000] {logging_mixin.py:188} INFO - [2024-07-08T15:16:44.424+0000] {dag.py:3096} INFO - Sync 1 DAGs
[2024-07-08T15:16:44.486+0000] {logging_mixin.py:188} INFO - [2024-07-08T15:16:44.485+0000] {dag.py:3954} INFO - Setting next_dagrun for example_weekday_branch_operator to 2024-07-07 00:00:00+00:00, run_after=2024-07-08 00:00:00+00:00
[2024-07-08T15:16:44.529+0000] {processor.py:183} INFO - Processing /home/airflow/.local/lib/python3.12/site-packages/airflow/example_dags/example_branch_day_of_week_operator.py took 0.212 seconds
[2024-07-08T15:17:15.582+0000] {processor.py:161} INFO - Started process (PID=883) to work on /home/airflow/.local/lib/python3.12/site-packages/airflow/example_dags/example_branch_day_of_week_operator.py
[2024-07-08T15:17:15.584+0000] {processor.py:830} INFO - Processing file /home/airflow/.local/lib/python3.12/site-packages/airflow/example_dags/example_branch_day_of_week_operator.py for tasks to queue
[2024-07-08T15:17:15.586+0000] {logging_mixin.py:188} INFO - [2024-07-08T15:17:15.585+0000] {dagbag.py:545} INFO - Filling up the DagBag from /home/airflow/.local/lib/python3.12/site-packages/airflow/example_dags/example_branch_day_of_week_operator.py
[2024-07-08T15:17:15.602+0000] {processor.py:840} INFO - DAG(s) 'example_weekday_branch_operator' retrieved from /home/airflow/.local/lib/python3.12/site-packages/airflow/example_dags/example_branch_day_of_week_operator.py
[2024-07-08T15:17:15.640+0000] {logging_mixin.py:188} INFO - [2024-07-08T15:17:15.640+0000] {dag.py:3096} INFO - Sync 1 DAGs
[2024-07-08T15:17:15.697+0000] {logging_mixin.py:188} INFO - [2024-07-08T15:17:15.697+0000] {dag.py:3954} INFO - Setting next_dagrun for example_weekday_branch_operator to 2024-07-07 00:00:00+00:00, run_after=2024-07-08 00:00:00+00:00
[2024-07-08T15:17:15.734+0000] {processor.py:183} INFO - Processing /home/airflow/.local/lib/python3.12/site-packages/airflow/example_dags/example_branch_day_of_week_operator.py took 0.165 seconds
[2024-07-08T15:19:01.582+0000] {processor.py:161} INFO - Started process (PID=941) to work on /home/airflow/.local/lib/python3.12/site-packages/airflow/example_dags/example_branch_day_of_week_operator.py
[2024-07-08T15:19:01.583+0000] {processor.py:830} INFO - Processing file /home/airflow/.local/lib/python3.12/site-packages/airflow/example_dags/example_branch_day_of_week_operator.py for tasks to queue
[2024-07-08T15:19:01.585+0000] {logging_mixin.py:188} INFO - [2024-07-08T15:19:01.584+0000] {dagbag.py:545} INFO - Filling up the DagBag from /home/airflow/.local/lib/python3.12/site-packages/airflow/example_dags/example_branch_day_of_week_operator.py
[2024-07-08T15:19:01.597+0000] {processor.py:840} INFO - DAG(s) 'example_weekday_branch_operator' retrieved from /home/airflow/.local/lib/python3.12/site-packages/airflow/example_dags/example_branch_day_of_week_operator.py
[2024-07-08T15:19:01.637+0000] {logging_mixin.py:188} INFO - [2024-07-08T15:19:01.636+0000] {dag.py:3096} INFO - Sync 1 DAGs
[2024-07-08T15:19:01.676+0000] {logging_mixin.py:188} INFO - [2024-07-08T15:19:01.675+0000] {dag.py:3954} INFO - Setting next_dagrun for example_weekday_branch_operator to 2024-07-07 00:00:00+00:00, run_after=2024-07-08 00:00:00+00:00
[2024-07-08T15:19:01.711+0000] {processor.py:183} INFO - Processing /home/airflow/.local/lib/python3.12/site-packages/airflow/example_dags/example_branch_day_of_week_operator.py took 0.137 seconds
[2024-07-08T15:19:32.935+0000] {processor.py:161} INFO - Started process (PID=999) to work on /home/airflow/.local/lib/python3.12/site-packages/airflow/example_dags/example_branch_day_of_week_operator.py
[2024-07-08T15:19:32.937+0000] {processor.py:830} INFO - Processing file /home/airflow/.local/lib/python3.12/site-packages/airflow/example_dags/example_branch_day_of_week_operator.py for tasks to queue
[2024-07-08T15:19:32.942+0000] {logging_mixin.py:188} INFO - [2024-07-08T15:19:32.939+0000] {dagbag.py:545} INFO - Filling up the DagBag from /home/airflow/.local/lib/python3.12/site-packages/airflow/example_dags/example_branch_day_of_week_operator.py
[2024-07-08T15:19:32.968+0000] {processor.py:840} INFO - DAG(s) 'example_weekday_branch_operator' retrieved from /home/airflow/.local/lib/python3.12/site-packages/airflow/example_dags/example_branch_day_of_week_operator.py
[2024-07-08T15:19:33.010+0000] {logging_mixin.py:188} INFO - [2024-07-08T15:19:33.010+0000] {dag.py:3096} INFO - Sync 1 DAGs
[2024-07-08T15:19:33.064+0000] {logging_mixin.py:188} INFO - [2024-07-08T15:19:33.064+0000] {dag.py:3954} INFO - Setting next_dagrun for example_weekday_branch_operator to 2024-07-07 00:00:00+00:00, run_after=2024-07-08 00:00:00+00:00
[2024-07-08T15:19:33.105+0000] {processor.py:183} INFO - Processing /home/airflow/.local/lib/python3.12/site-packages/airflow/example_dags/example_branch_day_of_week_operator.py took 0.181 seconds
[2024-07-08T15:20:03.546+0000] {processor.py:161} INFO - Started process (PID=1057) to work on /home/airflow/.local/lib/python3.12/site-packages/airflow/example_dags/example_branch_day_of_week_operator.py
[2024-07-08T15:20:03.548+0000] {processor.py:830} INFO - Processing file /home/airflow/.local/lib/python3.12/site-packages/airflow/example_dags/example_branch_day_of_week_operator.py for tasks to queue
[2024-07-08T15:20:03.549+0000] {logging_mixin.py:188} INFO - [2024-07-08T15:20:03.549+0000] {dagbag.py:545} INFO - Filling up the DagBag from /home/airflow/.local/lib/python3.12/site-packages/airflow/example_dags/example_branch_day_of_week_operator.py
[2024-07-08T15:20:03.562+0000] {processor.py:840} INFO - DAG(s) 'example_weekday_branch_operator' retrieved from /home/airflow/.local/lib/python3.12/site-packages/airflow/example_dags/example_branch_day_of_week_operator.py
[2024-07-08T15:20:03.593+0000] {logging_mixin.py:188} INFO - [2024-07-08T15:20:03.593+0000] {dag.py:3096} INFO - Sync 1 DAGs
[2024-07-08T15:20:03.624+0000] {logging_mixin.py:188} INFO - [2024-07-08T15:20:03.624+0000] {dag.py:3954} INFO - Setting next_dagrun for example_weekday_branch_operator to 2024-07-07 00:00:00+00:00, run_after=2024-07-08 00:00:00+00:00
[2024-07-08T15:20:03.653+0000] {processor.py:183} INFO - Processing /home/airflow/.local/lib/python3.12/site-packages/airflow/example_dags/example_branch_day_of_week_operator.py took 0.116 seconds
[2024-07-08T15:20:34.346+0000] {processor.py:161} INFO - Started process (PID=1115) to work on /home/airflow/.local/lib/python3.12/site-packages/airflow/example_dags/example_branch_day_of_week_operator.py
[2024-07-08T15:20:34.348+0000] {processor.py:830} INFO - Processing file /home/airflow/.local/lib/python3.12/site-packages/airflow/example_dags/example_branch_day_of_week_operator.py for tasks to queue
[2024-07-08T15:20:34.349+0000] {logging_mixin.py:188} INFO - [2024-07-08T15:20:34.349+0000] {dagbag.py:545} INFO - Filling up the DagBag from /home/airflow/.local/lib/python3.12/site-packages/airflow/example_dags/example_branch_day_of_week_operator.py
[2024-07-08T15:20:34.358+0000] {processor.py:840} INFO - DAG(s) 'example_weekday_branch_operator' retrieved from /home/airflow/.local/lib/python3.12/site-packages/airflow/example_dags/example_branch_day_of_week_operator.py
[2024-07-08T15:20:34.385+0000] {logging_mixin.py:188} INFO - [2024-07-08T15:20:34.385+0000] {dag.py:3096} INFO - Sync 1 DAGs
[2024-07-08T15:20:34.421+0000] {logging_mixin.py:188} INFO - [2024-07-08T15:20:34.421+0000] {dag.py:3954} INFO - Setting next_dagrun for example_weekday_branch_operator to 2024-07-07 00:00:00+00:00, run_after=2024-07-08 00:00:00+00:00
[2024-07-08T15:20:34.452+0000] {processor.py:183} INFO - Processing /home/airflow/.local/lib/python3.12/site-packages/airflow/example_dags/example_branch_day_of_week_operator.py took 0.112 seconds
[2024-07-08T15:21:04.668+0000] {processor.py:161} INFO - Started process (PID=1173) to work on /home/airflow/.local/lib/python3.12/site-packages/airflow/example_dags/example_branch_day_of_week_operator.py
[2024-07-08T15:21:04.669+0000] {processor.py:830} INFO - Processing file /home/airflow/.local/lib/python3.12/site-packages/airflow/example_dags/example_branch_day_of_week_operator.py for tasks to queue
[2024-07-08T15:21:04.671+0000] {logging_mixin.py:188} INFO - [2024-07-08T15:21:04.670+0000] {dagbag.py:545} INFO - Filling up the DagBag from /home/airflow/.local/lib/python3.12/site-packages/airflow/example_dags/example_branch_day_of_week_operator.py
[2024-07-08T15:21:04.681+0000] {processor.py:840} INFO - DAG(s) 'example_weekday_branch_operator' retrieved from /home/airflow/.local/lib/python3.12/site-packages/airflow/example_dags/example_branch_day_of_week_operator.py
[2024-07-08T15:21:04.711+0000] {logging_mixin.py:188} INFO - [2024-07-08T15:21:04.710+0000] {dag.py:3096} INFO - Sync 1 DAGs
[2024-07-08T15:21:04.744+0000] {logging_mixin.py:188} INFO - [2024-07-08T15:21:04.744+0000] {dag.py:3954} INFO - Setting next_dagrun for example_weekday_branch_operator to 2024-07-07 00:00:00+00:00, run_after=2024-07-08 00:00:00+00:00
[2024-07-08T15:21:04.782+0000] {processor.py:183} INFO - Processing /home/airflow/.local/lib/python3.12/site-packages/airflow/example_dags/example_branch_day_of_week_operator.py took 0.121 seconds
[2024-07-08T15:21:35.690+0000] {processor.py:161} INFO - Started process (PID=1231) to work on /home/airflow/.local/lib/python3.12/site-packages/airflow/example_dags/example_branch_day_of_week_operator.py
[2024-07-08T15:21:35.692+0000] {processor.py:830} INFO - Processing file /home/airflow/.local/lib/python3.12/site-packages/airflow/example_dags/example_branch_day_of_week_operator.py for tasks to queue
[2024-07-08T15:21:35.693+0000] {logging_mixin.py:188} INFO - [2024-07-08T15:21:35.693+0000] {dagbag.py:545} INFO - Filling up the DagBag from /home/airflow/.local/lib/python3.12/site-packages/airflow/example_dags/example_branch_day_of_week_operator.py
[2024-07-08T15:21:35.705+0000] {processor.py:840} INFO - DAG(s) 'example_weekday_branch_operator' retrieved from /home/airflow/.local/lib/python3.12/site-packages/airflow/example_dags/example_branch_day_of_week_operator.py
[2024-07-08T15:21:35.736+0000] {logging_mixin.py:188} INFO - [2024-07-08T15:21:35.736+0000] {dag.py:3096} INFO - Sync 1 DAGs
[2024-07-08T15:21:35.769+0000] {logging_mixin.py:188} INFO - [2024-07-08T15:21:35.769+0000] {dag.py:3954} INFO - Setting next_dagrun for example_weekday_branch_operator to 2024-07-07 00:00:00+00:00, run_after=2024-07-08 00:00:00+00:00
[2024-07-08T15:21:35.796+0000] {processor.py:183} INFO - Processing /home/airflow/.local/lib/python3.12/site-packages/airflow/example_dags/example_branch_day_of_week_operator.py took 0.114 seconds
[2024-07-08T15:22:06.623+0000] {processor.py:161} INFO - Started process (PID=1287) to work on /home/airflow/.local/lib/python3.12/site-packages/airflow/example_dags/example_branch_day_of_week_operator.py
[2024-07-08T15:22:06.624+0000] {processor.py:830} INFO - Processing file /home/airflow/.local/lib/python3.12/site-packages/airflow/example_dags/example_branch_day_of_week_operator.py for tasks to queue
[2024-07-08T15:22:06.626+0000] {logging_mixin.py:188} INFO - [2024-07-08T15:22:06.625+0000] {dagbag.py:545} INFO - Filling up the DagBag from /home/airflow/.local/lib/python3.12/site-packages/airflow/example_dags/example_branch_day_of_week_operator.py
[2024-07-08T15:22:06.635+0000] {processor.py:840} INFO - DAG(s) 'example_weekday_branch_operator' retrieved from /home/airflow/.local/lib/python3.12/site-packages/airflow/example_dags/example_branch_day_of_week_operator.py
[2024-07-08T15:22:06.670+0000] {logging_mixin.py:188} INFO - [2024-07-08T15:22:06.670+0000] {dag.py:3096} INFO - Sync 1 DAGs
[2024-07-08T15:22:06.706+0000] {logging_mixin.py:188} INFO - [2024-07-08T15:22:06.706+0000] {dag.py:3954} INFO - Setting next_dagrun for example_weekday_branch_operator to 2024-07-07 00:00:00+00:00, run_after=2024-07-08 00:00:00+00:00
[2024-07-08T15:22:06.736+0000] {processor.py:183} INFO - Processing /home/airflow/.local/lib/python3.12/site-packages/airflow/example_dags/example_branch_day_of_week_operator.py took 0.120 seconds
[2024-07-08T15:22:37.227+0000] {processor.py:161} INFO - Started process (PID=1349) to work on /home/airflow/.local/lib/python3.12/site-packages/airflow/example_dags/example_branch_day_of_week_operator.py
[2024-07-08T15:22:37.229+0000] {processor.py:830} INFO - Processing file /home/airflow/.local/lib/python3.12/site-packages/airflow/example_dags/example_branch_day_of_week_operator.py for tasks to queue
[2024-07-08T15:22:37.231+0000] {logging_mixin.py:188} INFO - [2024-07-08T15:22:37.230+0000] {dagbag.py:545} INFO - Filling up the DagBag from /home/airflow/.local/lib/python3.12/site-packages/airflow/example_dags/example_branch_day_of_week_operator.py
[2024-07-08T15:22:37.249+0000] {processor.py:840} INFO - DAG(s) 'example_weekday_branch_operator' retrieved from /home/airflow/.local/lib/python3.12/site-packages/airflow/example_dags/example_branch_day_of_week_operator.py
[2024-07-08T15:22:37.319+0000] {logging_mixin.py:188} INFO - [2024-07-08T15:22:37.318+0000] {dag.py:3096} INFO - Sync 1 DAGs
[2024-07-08T15:22:37.380+0000] {logging_mixin.py:188} INFO - [2024-07-08T15:22:37.380+0000] {dag.py:3954} INFO - Setting next_dagrun for example_weekday_branch_operator to 2024-07-07 00:00:00+00:00, run_after=2024-07-08 00:00:00+00:00
[2024-07-08T15:22:37.428+0000] {processor.py:183} INFO - Processing /home/airflow/.local/lib/python3.12/site-packages/airflow/example_dags/example_branch_day_of_week_operator.py took 0.212 seconds
[2024-07-08T15:23:07.637+0000] {processor.py:161} INFO - Started process (PID=1411) to work on /home/airflow/.local/lib/python3.12/site-packages/airflow/example_dags/example_branch_day_of_week_operator.py
[2024-07-08T15:23:07.639+0000] {processor.py:830} INFO - Processing file /home/airflow/.local/lib/python3.12/site-packages/airflow/example_dags/example_branch_day_of_week_operator.py for tasks to queue
[2024-07-08T15:23:07.641+0000] {logging_mixin.py:188} INFO - [2024-07-08T15:23:07.640+0000] {dagbag.py:545} INFO - Filling up the DagBag from /home/airflow/.local/lib/python3.12/site-packages/airflow/example_dags/example_branch_day_of_week_operator.py
[2024-07-08T15:23:07.672+0000] {processor.py:840} INFO - DAG(s) 'example_weekday_branch_operator' retrieved from /home/airflow/.local/lib/python3.12/site-packages/airflow/example_dags/example_branch_day_of_week_operator.py
[2024-07-08T15:23:07.717+0000] {logging_mixin.py:188} INFO - [2024-07-08T15:23:07.716+0000] {dag.py:3096} INFO - Sync 1 DAGs
[2024-07-08T15:23:07.765+0000] {logging_mixin.py:188} INFO - [2024-07-08T15:23:07.765+0000] {dag.py:3954} INFO - Setting next_dagrun for example_weekday_branch_operator to 2024-07-07 00:00:00+00:00, run_after=2024-07-08 00:00:00+00:00
[2024-07-08T15:23:07.805+0000] {processor.py:183} INFO - Processing /home/airflow/.local/lib/python3.12/site-packages/airflow/example_dags/example_branch_day_of_week_operator.py took 0.180 seconds
[2024-07-08T15:23:39.607+0000] {processor.py:161} INFO - Started process (PID=1475) to work on /home/airflow/.local/lib/python3.12/site-packages/airflow/example_dags/example_branch_day_of_week_operator.py
[2024-07-08T15:23:39.807+0000] {processor.py:830} INFO - Processing file /home/airflow/.local/lib/python3.12/site-packages/airflow/example_dags/example_branch_day_of_week_operator.py for tasks to queue
[2024-07-08T15:23:39.809+0000] {logging_mixin.py:188} INFO - [2024-07-08T15:23:39.809+0000] {dagbag.py:545} INFO - Filling up the DagBag from /home/airflow/.local/lib/python3.12/site-packages/airflow/example_dags/example_branch_day_of_week_operator.py
[2024-07-08T15:23:39.861+0000] {processor.py:840} INFO - DAG(s) 'example_weekday_branch_operator' retrieved from /home/airflow/.local/lib/python3.12/site-packages/airflow/example_dags/example_branch_day_of_week_operator.py
[2024-07-08T15:23:39.977+0000] {logging_mixin.py:188} INFO - [2024-07-08T15:23:39.977+0000] {dag.py:3096} INFO - Sync 1 DAGs
[2024-07-08T15:23:40.126+0000] {logging_mixin.py:188} INFO - [2024-07-08T15:23:40.125+0000] {dag.py:3954} INFO - Setting next_dagrun for example_weekday_branch_operator to 2024-07-07 00:00:00+00:00, run_after=2024-07-08 00:00:00+00:00
[2024-07-08T15:23:40.220+0000] {processor.py:183} INFO - Processing /home/airflow/.local/lib/python3.12/site-packages/airflow/example_dags/example_branch_day_of_week_operator.py took 0.658 seconds
[2024-07-08T15:24:10.653+0000] {processor.py:161} INFO - Started process (PID=1540) to work on /home/airflow/.local/lib/python3.12/site-packages/airflow/example_dags/example_branch_day_of_week_operator.py
[2024-07-08T15:24:10.655+0000] {processor.py:830} INFO - Processing file /home/airflow/.local/lib/python3.12/site-packages/airflow/example_dags/example_branch_day_of_week_operator.py for tasks to queue
[2024-07-08T15:24:10.657+0000] {logging_mixin.py:188} INFO - [2024-07-08T15:24:10.657+0000] {dagbag.py:545} INFO - Filling up the DagBag from /home/airflow/.local/lib/python3.12/site-packages/airflow/example_dags/example_branch_day_of_week_operator.py
[2024-07-08T15:24:10.673+0000] {processor.py:840} INFO - DAG(s) 'example_weekday_branch_operator' retrieved from /home/airflow/.local/lib/python3.12/site-packages/airflow/example_dags/example_branch_day_of_week_operator.py
[2024-07-08T15:24:10.729+0000] {logging_mixin.py:188} INFO - [2024-07-08T15:24:10.729+0000] {dag.py:3096} INFO - Sync 1 DAGs
[2024-07-08T15:24:10.787+0000] {logging_mixin.py:188} INFO - [2024-07-08T15:24:10.787+0000] {dag.py:3954} INFO - Setting next_dagrun for example_weekday_branch_operator to 2024-07-07 00:00:00+00:00, run_after=2024-07-08 00:00:00+00:00
[2024-07-08T15:24:10.821+0000] {processor.py:183} INFO - Processing /home/airflow/.local/lib/python3.12/site-packages/airflow/example_dags/example_branch_day_of_week_operator.py took 0.177 seconds
[2024-07-08T15:24:41.069+0000] {processor.py:161} INFO - Started process (PID=1600) to work on /home/airflow/.local/lib/python3.12/site-packages/airflow/example_dags/example_branch_day_of_week_operator.py
[2024-07-08T15:24:41.071+0000] {processor.py:830} INFO - Processing file /home/airflow/.local/lib/python3.12/site-packages/airflow/example_dags/example_branch_day_of_week_operator.py for tasks to queue
[2024-07-08T15:24:41.072+0000] {logging_mixin.py:188} INFO - [2024-07-08T15:24:41.072+0000] {dagbag.py:545} INFO - Filling up the DagBag from /home/airflow/.local/lib/python3.12/site-packages/airflow/example_dags/example_branch_day_of_week_operator.py
[2024-07-08T15:24:41.083+0000] {processor.py:840} INFO - DAG(s) 'example_weekday_branch_operator' retrieved from /home/airflow/.local/lib/python3.12/site-packages/airflow/example_dags/example_branch_day_of_week_operator.py
[2024-07-08T15:24:41.114+0000] {logging_mixin.py:188} INFO - [2024-07-08T15:24:41.114+0000] {dag.py:3096} INFO - Sync 1 DAGs
[2024-07-08T15:24:41.153+0000] {logging_mixin.py:188} INFO - [2024-07-08T15:24:41.152+0000] {dag.py:3954} INFO - Setting next_dagrun for example_weekday_branch_operator to 2024-07-07 00:00:00+00:00, run_after=2024-07-08 00:00:00+00:00
[2024-07-08T15:24:41.186+0000] {processor.py:183} INFO - Processing /home/airflow/.local/lib/python3.12/site-packages/airflow/example_dags/example_branch_day_of_week_operator.py took 0.125 seconds
[2024-07-08T15:25:11.375+0000] {processor.py:161} INFO - Started process (PID=1663) to work on /home/airflow/.local/lib/python3.12/site-packages/airflow/example_dags/example_branch_day_of_week_operator.py
[2024-07-08T15:25:11.376+0000] {processor.py:830} INFO - Processing file /home/airflow/.local/lib/python3.12/site-packages/airflow/example_dags/example_branch_day_of_week_operator.py for tasks to queue
[2024-07-08T15:25:11.377+0000] {logging_mixin.py:188} INFO - [2024-07-08T15:25:11.377+0000] {dagbag.py:545} INFO - Filling up the DagBag from /home/airflow/.local/lib/python3.12/site-packages/airflow/example_dags/example_branch_day_of_week_operator.py
[2024-07-08T15:25:11.387+0000] {processor.py:840} INFO - DAG(s) 'example_weekday_branch_operator' retrieved from /home/airflow/.local/lib/python3.12/site-packages/airflow/example_dags/example_branch_day_of_week_operator.py
[2024-07-08T15:25:11.415+0000] {logging_mixin.py:188} INFO - [2024-07-08T15:25:11.415+0000] {dag.py:3096} INFO - Sync 1 DAGs
[2024-07-08T15:25:11.448+0000] {logging_mixin.py:188} INFO - [2024-07-08T15:25:11.447+0000] {dag.py:3954} INFO - Setting next_dagrun for example_weekday_branch_operator to 2024-07-07 00:00:00+00:00, run_after=2024-07-08 00:00:00+00:00
[2024-07-08T15:25:11.488+0000] {processor.py:183} INFO - Processing /home/airflow/.local/lib/python3.12/site-packages/airflow/example_dags/example_branch_day_of_week_operator.py took 0.121 seconds
[2024-07-08T15:25:42.357+0000] {processor.py:161} INFO - Started process (PID=1730) to work on /home/airflow/.local/lib/python3.12/site-packages/airflow/example_dags/example_branch_day_of_week_operator.py
[2024-07-08T15:25:42.358+0000] {processor.py:830} INFO - Processing file /home/airflow/.local/lib/python3.12/site-packages/airflow/example_dags/example_branch_day_of_week_operator.py for tasks to queue
[2024-07-08T15:25:42.359+0000] {logging_mixin.py:188} INFO - [2024-07-08T15:25:42.359+0000] {dagbag.py:545} INFO - Filling up the DagBag from /home/airflow/.local/lib/python3.12/site-packages/airflow/example_dags/example_branch_day_of_week_operator.py
[2024-07-08T15:25:42.373+0000] {processor.py:840} INFO - DAG(s) 'example_weekday_branch_operator' retrieved from /home/airflow/.local/lib/python3.12/site-packages/airflow/example_dags/example_branch_day_of_week_operator.py
[2024-07-08T15:25:42.402+0000] {logging_mixin.py:188} INFO - [2024-07-08T15:25:42.401+0000] {dag.py:3096} INFO - Sync 1 DAGs
[2024-07-08T15:25:42.431+0000] {logging_mixin.py:188} INFO - [2024-07-08T15:25:42.431+0000] {dag.py:3954} INFO - Setting next_dagrun for example_weekday_branch_operator to 2024-07-07 00:00:00+00:00, run_after=2024-07-08 00:00:00+00:00
[2024-07-08T15:25:42.462+0000] {processor.py:183} INFO - Processing /home/airflow/.local/lib/python3.12/site-packages/airflow/example_dags/example_branch_day_of_week_operator.py took 0.113 seconds
[2024-07-08T15:26:12.820+0000] {processor.py:161} INFO - Started process (PID=1794) to work on /home/airflow/.local/lib/python3.12/site-packages/airflow/example_dags/example_branch_day_of_week_operator.py
[2024-07-08T15:26:12.822+0000] {processor.py:830} INFO - Processing file /home/airflow/.local/lib/python3.12/site-packages/airflow/example_dags/example_branch_day_of_week_operator.py for tasks to queue
[2024-07-08T15:26:12.824+0000] {logging_mixin.py:188} INFO - [2024-07-08T15:26:12.823+0000] {dagbag.py:545} INFO - Filling up the DagBag from /home/airflow/.local/lib/python3.12/site-packages/airflow/example_dags/example_branch_day_of_week_operator.py
[2024-07-08T15:26:12.841+0000] {processor.py:840} INFO - DAG(s) 'example_weekday_branch_operator' retrieved from /home/airflow/.local/lib/python3.12/site-packages/airflow/example_dags/example_branch_day_of_week_operator.py
[2024-07-08T15:26:12.876+0000] {logging_mixin.py:188} INFO - [2024-07-08T15:26:12.875+0000] {dag.py:3096} INFO - Sync 1 DAGs
[2024-07-08T15:26:12.915+0000] {logging_mixin.py:188} INFO - [2024-07-08T15:26:12.915+0000] {dag.py:3954} INFO - Setting next_dagrun for example_weekday_branch_operator to 2024-07-07 00:00:00+00:00, run_after=2024-07-08 00:00:00+00:00
[2024-07-08T15:26:12.948+0000] {processor.py:183} INFO - Processing /home/airflow/.local/lib/python3.12/site-packages/airflow/example_dags/example_branch_day_of_week_operator.py took 0.140 seconds
[2024-07-08T15:26:43.190+0000] {processor.py:161} INFO - Started process (PID=1855) to work on /home/airflow/.local/lib/python3.12/site-packages/airflow/example_dags/example_branch_day_of_week_operator.py
[2024-07-08T15:26:43.192+0000] {processor.py:830} INFO - Processing file /home/airflow/.local/lib/python3.12/site-packages/airflow/example_dags/example_branch_day_of_week_operator.py for tasks to queue
[2024-07-08T15:26:43.193+0000] {logging_mixin.py:188} INFO - [2024-07-08T15:26:43.193+0000] {dagbag.py:545} INFO - Filling up the DagBag from /home/airflow/.local/lib/python3.12/site-packages/airflow/example_dags/example_branch_day_of_week_operator.py
[2024-07-08T15:26:43.204+0000] {processor.py:840} INFO - DAG(s) 'example_weekday_branch_operator' retrieved from /home/airflow/.local/lib/python3.12/site-packages/airflow/example_dags/example_branch_day_of_week_operator.py
[2024-07-08T15:26:43.232+0000] {logging_mixin.py:188} INFO - [2024-07-08T15:26:43.232+0000] {dag.py:3096} INFO - Sync 1 DAGs
[2024-07-08T15:26:43.264+0000] {logging_mixin.py:188} INFO - [2024-07-08T15:26:43.264+0000] {dag.py:3954} INFO - Setting next_dagrun for example_weekday_branch_operator to 2024-07-07 00:00:00+00:00, run_after=2024-07-08 00:00:00+00:00
[2024-07-08T15:26:43.299+0000] {processor.py:183} INFO - Processing /home/airflow/.local/lib/python3.12/site-packages/airflow/example_dags/example_branch_day_of_week_operator.py took 0.115 seconds
[2024-07-08T15:27:13.919+0000] {processor.py:161} INFO - Started process (PID=1915) to work on /home/airflow/.local/lib/python3.12/site-packages/airflow/example_dags/example_branch_day_of_week_operator.py
[2024-07-08T15:27:13.921+0000] {processor.py:830} INFO - Processing file /home/airflow/.local/lib/python3.12/site-packages/airflow/example_dags/example_branch_day_of_week_operator.py for tasks to queue
[2024-07-08T15:27:13.923+0000] {logging_mixin.py:188} INFO - [2024-07-08T15:27:13.922+0000] {dagbag.py:545} INFO - Filling up the DagBag from /home/airflow/.local/lib/python3.12/site-packages/airflow/example_dags/example_branch_day_of_week_operator.py
[2024-07-08T15:27:13.937+0000] {processor.py:840} INFO - DAG(s) 'example_weekday_branch_operator' retrieved from /home/airflow/.local/lib/python3.12/site-packages/airflow/example_dags/example_branch_day_of_week_operator.py
[2024-07-08T15:27:13.963+0000] {logging_mixin.py:188} INFO - [2024-07-08T15:27:13.962+0000] {dag.py:3096} INFO - Sync 1 DAGs
[2024-07-08T15:27:13.989+0000] {logging_mixin.py:188} INFO - [2024-07-08T15:27:13.989+0000] {dag.py:3954} INFO - Setting next_dagrun for example_weekday_branch_operator to 2024-07-07 00:00:00+00:00, run_after=2024-07-08 00:00:00+00:00
[2024-07-08T15:27:14.015+0000] {processor.py:183} INFO - Processing /home/airflow/.local/lib/python3.12/site-packages/airflow/example_dags/example_branch_day_of_week_operator.py took 0.106 seconds
[2024-07-08T15:27:45.260+0000] {processor.py:161} INFO - Started process (PID=1973) to work on /home/airflow/.local/lib/python3.12/site-packages/airflow/example_dags/example_branch_day_of_week_operator.py
[2024-07-08T15:27:45.261+0000] {processor.py:830} INFO - Processing file /home/airflow/.local/lib/python3.12/site-packages/airflow/example_dags/example_branch_day_of_week_operator.py for tasks to queue
[2024-07-08T15:27:45.264+0000] {logging_mixin.py:188} INFO - [2024-07-08T15:27:45.263+0000] {dagbag.py:545} INFO - Filling up the DagBag from /home/airflow/.local/lib/python3.12/site-packages/airflow/example_dags/example_branch_day_of_week_operator.py
[2024-07-08T15:27:45.280+0000] {processor.py:840} INFO - DAG(s) 'example_weekday_branch_operator' retrieved from /home/airflow/.local/lib/python3.12/site-packages/airflow/example_dags/example_branch_day_of_week_operator.py
[2024-07-08T15:27:45.504+0000] {logging_mixin.py:188} INFO - [2024-07-08T15:27:45.503+0000] {dag.py:3096} INFO - Sync 1 DAGs
[2024-07-08T15:27:45.533+0000] {logging_mixin.py:188} INFO - [2024-07-08T15:27:45.533+0000] {dag.py:3954} INFO - Setting next_dagrun for example_weekday_branch_operator to 2024-07-07 00:00:00+00:00, run_after=2024-07-08 00:00:00+00:00
[2024-07-08T15:27:45.565+0000] {processor.py:183} INFO - Processing /home/airflow/.local/lib/python3.12/site-packages/airflow/example_dags/example_branch_day_of_week_operator.py took 0.313 seconds
[2024-07-08T15:28:15.790+0000] {processor.py:161} INFO - Started process (PID=2032) to work on /home/airflow/.local/lib/python3.12/site-packages/airflow/example_dags/example_branch_day_of_week_operator.py
[2024-07-08T15:28:15.793+0000] {processor.py:830} INFO - Processing file /home/airflow/.local/lib/python3.12/site-packages/airflow/example_dags/example_branch_day_of_week_operator.py for tasks to queue
[2024-07-08T15:28:15.795+0000] {logging_mixin.py:188} INFO - [2024-07-08T15:28:15.794+0000] {dagbag.py:545} INFO - Filling up the DagBag from /home/airflow/.local/lib/python3.12/site-packages/airflow/example_dags/example_branch_day_of_week_operator.py
[2024-07-08T15:28:15.806+0000] {processor.py:840} INFO - DAG(s) 'example_weekday_branch_operator' retrieved from /home/airflow/.local/lib/python3.12/site-packages/airflow/example_dags/example_branch_day_of_week_operator.py
[2024-07-08T15:28:15.840+0000] {logging_mixin.py:188} INFO - [2024-07-08T15:28:15.840+0000] {dag.py:3096} INFO - Sync 1 DAGs
[2024-07-08T15:28:15.887+0000] {logging_mixin.py:188} INFO - [2024-07-08T15:28:15.886+0000] {dag.py:3954} INFO - Setting next_dagrun for example_weekday_branch_operator to 2024-07-07 00:00:00+00:00, run_after=2024-07-08 00:00:00+00:00
[2024-07-08T15:28:15.916+0000] {processor.py:183} INFO - Processing /home/airflow/.local/lib/python3.12/site-packages/airflow/example_dags/example_branch_day_of_week_operator.py took 0.133 seconds
[2024-07-08T15:31:10.864+0000] {processor.py:161} INFO - Started process (PID=2093) to work on /home/airflow/.local/lib/python3.12/site-packages/airflow/example_dags/example_branch_day_of_week_operator.py
[2024-07-08T15:31:10.870+0000] {processor.py:830} INFO - Processing file /home/airflow/.local/lib/python3.12/site-packages/airflow/example_dags/example_branch_day_of_week_operator.py for tasks to queue
[2024-07-08T15:31:10.900+0000] {logging_mixin.py:188} INFO - [2024-07-08T15:31:10.899+0000] {dagbag.py:545} INFO - Filling up the DagBag from /home/airflow/.local/lib/python3.12/site-packages/airflow/example_dags/example_branch_day_of_week_operator.py
[2024-07-08T15:31:12.950+0000] {processor.py:840} INFO - DAG(s) 'example_weekday_branch_operator' retrieved from /home/airflow/.local/lib/python3.12/site-packages/airflow/example_dags/example_branch_day_of_week_operator.py
[2024-07-08T15:31:13.527+0000] {logging_mixin.py:188} INFO - [2024-07-08T15:31:13.527+0000] {dag.py:3096} INFO - Sync 1 DAGs
[2024-07-08T15:31:13.643+0000] {logging_mixin.py:188} INFO - [2024-07-08T15:31:13.642+0000] {dag.py:3954} INFO - Setting next_dagrun for example_weekday_branch_operator to 2024-07-07 00:00:00+00:00, run_after=2024-07-08 00:00:00+00:00
[2024-07-08T15:31:13.699+0000] {processor.py:183} INFO - Processing /home/airflow/.local/lib/python3.12/site-packages/airflow/example_dags/example_branch_day_of_week_operator.py took 2.882 seconds
[2024-07-08T15:31:44.109+0000] {processor.py:161} INFO - Started process (PID=2151) to work on /home/airflow/.local/lib/python3.12/site-packages/airflow/example_dags/example_branch_day_of_week_operator.py
[2024-07-08T15:31:44.110+0000] {processor.py:830} INFO - Processing file /home/airflow/.local/lib/python3.12/site-packages/airflow/example_dags/example_branch_day_of_week_operator.py for tasks to queue
[2024-07-08T15:31:44.112+0000] {logging_mixin.py:188} INFO - [2024-07-08T15:31:44.111+0000] {dagbag.py:545} INFO - Filling up the DagBag from /home/airflow/.local/lib/python3.12/site-packages/airflow/example_dags/example_branch_day_of_week_operator.py
[2024-07-08T15:31:44.129+0000] {processor.py:840} INFO - DAG(s) 'example_weekday_branch_operator' retrieved from /home/airflow/.local/lib/python3.12/site-packages/airflow/example_dags/example_branch_day_of_week_operator.py
[2024-07-08T15:31:44.173+0000] {logging_mixin.py:188} INFO - [2024-07-08T15:31:44.173+0000] {dag.py:3096} INFO - Sync 1 DAGs
[2024-07-08T15:31:44.211+0000] {logging_mixin.py:188} INFO - [2024-07-08T15:31:44.210+0000] {dag.py:3954} INFO - Setting next_dagrun for example_weekday_branch_operator to 2024-07-07 00:00:00+00:00, run_after=2024-07-08 00:00:00+00:00
[2024-07-08T15:31:44.247+0000] {processor.py:183} INFO - Processing /home/airflow/.local/lib/python3.12/site-packages/airflow/example_dags/example_branch_day_of_week_operator.py took 0.148 seconds
[2024-07-08T15:32:20.148+0000] {processor.py:161} INFO - Started process (PID=2210) to work on /home/airflow/.local/lib/python3.12/site-packages/airflow/example_dags/example_branch_day_of_week_operator.py
[2024-07-08T15:32:20.151+0000] {processor.py:830} INFO - Processing file /home/airflow/.local/lib/python3.12/site-packages/airflow/example_dags/example_branch_day_of_week_operator.py for tasks to queue
[2024-07-08T15:32:20.157+0000] {logging_mixin.py:188} INFO - [2024-07-08T15:32:20.155+0000] {dagbag.py:545} INFO - Filling up the DagBag from /home/airflow/.local/lib/python3.12/site-packages/airflow/example_dags/example_branch_day_of_week_operator.py
[2024-07-08T15:32:20.239+0000] {processor.py:840} INFO - DAG(s) 'example_weekday_branch_operator' retrieved from /home/airflow/.local/lib/python3.12/site-packages/airflow/example_dags/example_branch_day_of_week_operator.py
[2024-07-08T15:32:20.522+0000] {logging_mixin.py:188} INFO - [2024-07-08T15:32:20.522+0000] {dag.py:3096} INFO - Sync 1 DAGs
[2024-07-08T15:32:20.628+0000] {logging_mixin.py:188} INFO - [2024-07-08T15:32:20.627+0000] {dag.py:3954} INFO - Setting next_dagrun for example_weekday_branch_operator to 2024-07-07 00:00:00+00:00, run_after=2024-07-08 00:00:00+00:00
[2024-07-08T15:32:20.769+0000] {processor.py:183} INFO - Processing /home/airflow/.local/lib/python3.12/site-packages/airflow/example_dags/example_branch_day_of_week_operator.py took 0.636 seconds
[2024-07-08T15:36:18.827+0000] {processor.py:161} INFO - Started process (PID=2291) to work on /home/airflow/.local/lib/python3.12/site-packages/airflow/example_dags/example_branch_day_of_week_operator.py
[2024-07-08T15:36:18.837+0000] {processor.py:830} INFO - Processing file /home/airflow/.local/lib/python3.12/site-packages/airflow/example_dags/example_branch_day_of_week_operator.py for tasks to queue
[2024-07-08T15:36:18.839+0000] {logging_mixin.py:188} INFO - [2024-07-08T15:36:18.838+0000] {dagbag.py:545} INFO - Filling up the DagBag from /home/airflow/.local/lib/python3.12/site-packages/airflow/example_dags/example_branch_day_of_week_operator.py
[2024-07-08T15:36:18.882+0000] {processor.py:840} INFO - DAG(s) 'example_weekday_branch_operator' retrieved from /home/airflow/.local/lib/python3.12/site-packages/airflow/example_dags/example_branch_day_of_week_operator.py
[2024-07-08T15:37:39.557+0000] {logging_mixin.py:188} INFO - [2024-07-08T15:37:39.555+0000] {dag.py:3096} INFO - Sync 1 DAGs
[2024-07-08T15:37:39.705+0000] {logging_mixin.py:188} INFO - [2024-07-08T15:37:39.697+0000] {dag.py:3954} INFO - Setting next_dagrun for example_weekday_branch_operator to 2024-07-07 00:00:00+00:00, run_after=2024-07-08 00:00:00+00:00
[2024-07-08T15:37:39.822+0000] {processor.py:183} INFO - Processing /home/airflow/.local/lib/python3.12/site-packages/airflow/example_dags/example_branch_day_of_week_operator.py took 81.022 seconds
[2024-07-08T15:42:18.366+0000] {processor.py:161} INFO - Started process (PID=2423) to work on /home/airflow/.local/lib/python3.12/site-packages/airflow/example_dags/example_branch_day_of_week_operator.py
[2024-07-08T15:42:18.369+0000] {processor.py:830} INFO - Processing file /home/airflow/.local/lib/python3.12/site-packages/airflow/example_dags/example_branch_day_of_week_operator.py for tasks to queue
[2024-07-08T15:42:18.381+0000] {logging_mixin.py:188} INFO - [2024-07-08T15:42:18.380+0000] {dagbag.py:545} INFO - Filling up the DagBag from /home/airflow/.local/lib/python3.12/site-packages/airflow/example_dags/example_branch_day_of_week_operator.py
[2024-07-08T15:42:18.399+0000] {processor.py:840} INFO - DAG(s) 'example_weekday_branch_operator' retrieved from /home/airflow/.local/lib/python3.12/site-packages/airflow/example_dags/example_branch_day_of_week_operator.py
[2024-07-08T15:42:18.450+0000] {logging_mixin.py:188} INFO - [2024-07-08T15:42:18.449+0000] {dag.py:3096} INFO - Sync 1 DAGs
[2024-07-08T15:42:18.528+0000] {logging_mixin.py:188} INFO - [2024-07-08T15:42:18.527+0000] {dag.py:3954} INFO - Setting next_dagrun for example_weekday_branch_operator to 2024-07-07 00:00:00+00:00, run_after=2024-07-08 00:00:00+00:00
[2024-07-08T15:42:18.600+0000] {processor.py:183} INFO - Processing /home/airflow/.local/lib/python3.12/site-packages/airflow/example_dags/example_branch_day_of_week_operator.py took 0.245 seconds
[2024-07-08T15:42:49.367+0000] {processor.py:161} INFO - Started process (PID=2486) to work on /home/airflow/.local/lib/python3.12/site-packages/airflow/example_dags/example_branch_day_of_week_operator.py
[2024-07-08T15:42:49.368+0000] {processor.py:830} INFO - Processing file /home/airflow/.local/lib/python3.12/site-packages/airflow/example_dags/example_branch_day_of_week_operator.py for tasks to queue
[2024-07-08T15:42:49.369+0000] {logging_mixin.py:188} INFO - [2024-07-08T15:42:49.369+0000] {dagbag.py:545} INFO - Filling up the DagBag from /home/airflow/.local/lib/python3.12/site-packages/airflow/example_dags/example_branch_day_of_week_operator.py
[2024-07-08T15:42:49.378+0000] {processor.py:840} INFO - DAG(s) 'example_weekday_branch_operator' retrieved from /home/airflow/.local/lib/python3.12/site-packages/airflow/example_dags/example_branch_day_of_week_operator.py
[2024-07-08T15:42:49.402+0000] {logging_mixin.py:188} INFO - [2024-07-08T15:42:49.402+0000] {dag.py:3096} INFO - Sync 1 DAGs
[2024-07-08T15:42:49.426+0000] {logging_mixin.py:188} INFO - [2024-07-08T15:42:49.425+0000] {dag.py:3954} INFO - Setting next_dagrun for example_weekday_branch_operator to 2024-07-07 00:00:00+00:00, run_after=2024-07-08 00:00:00+00:00
[2024-07-08T15:42:49.448+0000] {processor.py:183} INFO - Processing /home/airflow/.local/lib/python3.12/site-packages/airflow/example_dags/example_branch_day_of_week_operator.py took 0.088 seconds
[2024-07-08T15:43:19.907+0000] {processor.py:161} INFO - Started process (PID=2546) to work on /home/airflow/.local/lib/python3.12/site-packages/airflow/example_dags/example_branch_day_of_week_operator.py
[2024-07-08T15:43:19.908+0000] {processor.py:830} INFO - Processing file /home/airflow/.local/lib/python3.12/site-packages/airflow/example_dags/example_branch_day_of_week_operator.py for tasks to queue
[2024-07-08T15:43:19.910+0000] {logging_mixin.py:188} INFO - [2024-07-08T15:43:19.909+0000] {dagbag.py:545} INFO - Filling up the DagBag from /home/airflow/.local/lib/python3.12/site-packages/airflow/example_dags/example_branch_day_of_week_operator.py
[2024-07-08T15:43:19.922+0000] {processor.py:840} INFO - DAG(s) 'example_weekday_branch_operator' retrieved from /home/airflow/.local/lib/python3.12/site-packages/airflow/example_dags/example_branch_day_of_week_operator.py
[2024-07-08T15:43:19.953+0000] {logging_mixin.py:188} INFO - [2024-07-08T15:43:19.953+0000] {dag.py:3096} INFO - Sync 1 DAGs
[2024-07-08T15:43:19.991+0000] {logging_mixin.py:188} INFO - [2024-07-08T15:43:19.990+0000] {dag.py:3954} INFO - Setting next_dagrun for example_weekday_branch_operator to 2024-07-07 00:00:00+00:00, run_after=2024-07-08 00:00:00+00:00
[2024-07-08T15:43:20.019+0000] {processor.py:183} INFO - Processing /home/airflow/.local/lib/python3.12/site-packages/airflow/example_dags/example_branch_day_of_week_operator.py took 0.122 seconds
[2024-07-08T15:43:50.937+0000] {processor.py:161} INFO - Started process (PID=2606) to work on /home/airflow/.local/lib/python3.12/site-packages/airflow/example_dags/example_branch_day_of_week_operator.py
[2024-07-08T15:43:50.938+0000] {processor.py:830} INFO - Processing file /home/airflow/.local/lib/python3.12/site-packages/airflow/example_dags/example_branch_day_of_week_operator.py for tasks to queue
[2024-07-08T15:43:50.940+0000] {logging_mixin.py:188} INFO - [2024-07-08T15:43:50.939+0000] {dagbag.py:545} INFO - Filling up the DagBag from /home/airflow/.local/lib/python3.12/site-packages/airflow/example_dags/example_branch_day_of_week_operator.py
[2024-07-08T15:43:50.951+0000] {processor.py:840} INFO - DAG(s) 'example_weekday_branch_operator' retrieved from /home/airflow/.local/lib/python3.12/site-packages/airflow/example_dags/example_branch_day_of_week_operator.py
[2024-07-08T15:43:50.986+0000] {logging_mixin.py:188} INFO - [2024-07-08T15:43:50.985+0000] {dag.py:3096} INFO - Sync 1 DAGs
[2024-07-08T15:43:51.031+0000] {logging_mixin.py:188} INFO - [2024-07-08T15:43:51.030+0000] {dag.py:3954} INFO - Setting next_dagrun for example_weekday_branch_operator to 2024-07-07 00:00:00+00:00, run_after=2024-07-08 00:00:00+00:00
[2024-07-08T15:43:51.125+0000] {processor.py:183} INFO - Processing /home/airflow/.local/lib/python3.12/site-packages/airflow/example_dags/example_branch_day_of_week_operator.py took 0.195 seconds
