[2024-07-08T15:07:39.032+0000] {processor.py:161} INFO - Started process (PID=53) to work on /home/airflow/.local/lib/python3.12/site-packages/airflow/example_dags/example_xcomargs.py
[2024-07-08T15:07:39.042+0000] {processor.py:830} INFO - Processing file /home/airflow/.local/lib/python3.12/site-packages/airflow/example_dags/example_xcomargs.py for tasks to queue
[2024-07-08T15:07:39.074+0000] {logging_mixin.py:188} INFO - [2024-07-08T15:07:39.066+0000] {dagbag.py:545} INFO - Filling up the DagBag from /home/airflow/.local/lib/python3.12/site-packages/airflow/example_dags/example_xcomargs.py
[2024-07-08T15:07:39.434+0000] {processor.py:840} INFO - DAG(s) 'example_xcom_args', 'example_xcom_args_with_operators' retrieved from /home/airflow/.local/lib/python3.12/site-packages/airflow/example_dags/example_xcomargs.py
[2024-07-08T15:07:40.787+0000] {logging_mixin.py:188} INFO - [2024-07-08T15:07:40.787+0000] {dag.py:3096} INFO - Sync 2 DAGs
[2024-07-08T15:07:41.030+0000] {logging_mixin.py:188} INFO - [2024-07-08T15:07:41.027+0000] {dag.py:3954} INFO - Setting next_dagrun for example_xcom_args to None, run_after=None
[2024-07-08T15:07:41.045+0000] {logging_mixin.py:188} INFO - [2024-07-08T15:07:41.045+0000] {dag.py:3954} INFO - Setting next_dagrun for example_xcom_args_with_operators to None, run_after=None
[2024-07-08T15:07:41.285+0000] {processor.py:183} INFO - Processing /home/airflow/.local/lib/python3.12/site-packages/airflow/example_dags/example_xcomargs.py took 2.357 seconds
[2024-07-08T15:08:11.518+0000] {processor.py:161} INFO - Started process (PID=105) to work on /home/airflow/.local/lib/python3.12/site-packages/airflow/example_dags/example_xcomargs.py
[2024-07-08T15:08:11.520+0000] {processor.py:830} INFO - Processing file /home/airflow/.local/lib/python3.12/site-packages/airflow/example_dags/example_xcomargs.py for tasks to queue
[2024-07-08T15:08:11.522+0000] {logging_mixin.py:188} INFO - [2024-07-08T15:08:11.522+0000] {dagbag.py:545} INFO - Filling up the DagBag from /home/airflow/.local/lib/python3.12/site-packages/airflow/example_dags/example_xcomargs.py
[2024-07-08T15:08:11.536+0000] {processor.py:840} INFO - DAG(s) 'example_xcom_args_with_operators', 'example_xcom_args' retrieved from /home/airflow/.local/lib/python3.12/site-packages/airflow/example_dags/example_xcomargs.py
[2024-07-08T15:08:11.576+0000] {logging_mixin.py:188} INFO - [2024-07-08T15:08:11.576+0000] {dag.py:3096} INFO - Sync 2 DAGs
[2024-07-08T15:08:11.598+0000] {logging_mixin.py:188} INFO - [2024-07-08T15:08:11.597+0000] {dag.py:3954} INFO - Setting next_dagrun for example_xcom_args to None, run_after=None
[2024-07-08T15:08:11.603+0000] {logging_mixin.py:188} INFO - [2024-07-08T15:08:11.602+0000] {dag.py:3954} INFO - Setting next_dagrun for example_xcom_args_with_operators to None, run_after=None
[2024-07-08T15:08:11.630+0000] {processor.py:183} INFO - Processing /home/airflow/.local/lib/python3.12/site-packages/airflow/example_dags/example_xcomargs.py took 0.121 seconds
[2024-07-08T15:08:42.153+0000] {processor.py:161} INFO - Started process (PID=168) to work on /home/airflow/.local/lib/python3.12/site-packages/airflow/example_dags/example_xcomargs.py
[2024-07-08T15:08:42.155+0000] {processor.py:830} INFO - Processing file /home/airflow/.local/lib/python3.12/site-packages/airflow/example_dags/example_xcomargs.py for tasks to queue
[2024-07-08T15:08:42.157+0000] {logging_mixin.py:188} INFO - [2024-07-08T15:08:42.157+0000] {dagbag.py:545} INFO - Filling up the DagBag from /home/airflow/.local/lib/python3.12/site-packages/airflow/example_dags/example_xcomargs.py
[2024-07-08T15:08:42.175+0000] {processor.py:840} INFO - DAG(s) 'example_xcom_args', 'example_xcom_args_with_operators' retrieved from /home/airflow/.local/lib/python3.12/site-packages/airflow/example_dags/example_xcomargs.py
[2024-07-08T15:08:42.233+0000] {logging_mixin.py:188} INFO - [2024-07-08T15:08:42.233+0000] {dag.py:3096} INFO - Sync 2 DAGs
[2024-07-08T15:08:42.260+0000] {logging_mixin.py:188} INFO - [2024-07-08T15:08:42.259+0000] {dag.py:3954} INFO - Setting next_dagrun for example_xcom_args to None, run_after=None
[2024-07-08T15:08:42.269+0000] {logging_mixin.py:188} INFO - [2024-07-08T15:08:42.269+0000] {dag.py:3954} INFO - Setting next_dagrun for example_xcom_args_with_operators to None, run_after=None
[2024-07-08T15:08:42.294+0000] {processor.py:183} INFO - Processing /home/airflow/.local/lib/python3.12/site-packages/airflow/example_dags/example_xcomargs.py took 0.150 seconds
[2024-07-08T15:09:12.450+0000] {processor.py:161} INFO - Started process (PID=225) to work on /home/airflow/.local/lib/python3.12/site-packages/airflow/example_dags/example_xcomargs.py
[2024-07-08T15:09:12.452+0000] {processor.py:830} INFO - Processing file /home/airflow/.local/lib/python3.12/site-packages/airflow/example_dags/example_xcomargs.py for tasks to queue
[2024-07-08T15:09:12.455+0000] {logging_mixin.py:188} INFO - [2024-07-08T15:09:12.454+0000] {dagbag.py:545} INFO - Filling up the DagBag from /home/airflow/.local/lib/python3.12/site-packages/airflow/example_dags/example_xcomargs.py
[2024-07-08T15:09:12.470+0000] {processor.py:840} INFO - DAG(s) 'example_xcom_args', 'example_xcom_args_with_operators' retrieved from /home/airflow/.local/lib/python3.12/site-packages/airflow/example_dags/example_xcomargs.py
[2024-07-08T15:09:12.514+0000] {logging_mixin.py:188} INFO - [2024-07-08T15:09:12.514+0000] {dag.py:3096} INFO - Sync 2 DAGs
[2024-07-08T15:09:12.536+0000] {logging_mixin.py:188} INFO - [2024-07-08T15:09:12.536+0000] {dag.py:3954} INFO - Setting next_dagrun for example_xcom_args to None, run_after=None
[2024-07-08T15:09:12.543+0000] {logging_mixin.py:188} INFO - [2024-07-08T15:09:12.542+0000] {dag.py:3954} INFO - Setting next_dagrun for example_xcom_args_with_operators to None, run_after=None
[2024-07-08T15:09:12.576+0000] {processor.py:183} INFO - Processing /home/airflow/.local/lib/python3.12/site-packages/airflow/example_dags/example_xcomargs.py took 0.135 seconds
[2024-07-08T15:09:42.684+0000] {processor.py:161} INFO - Started process (PID=281) to work on /home/airflow/.local/lib/python3.12/site-packages/airflow/example_dags/example_xcomargs.py
[2024-07-08T15:09:42.685+0000] {processor.py:830} INFO - Processing file /home/airflow/.local/lib/python3.12/site-packages/airflow/example_dags/example_xcomargs.py for tasks to queue
[2024-07-08T15:09:42.691+0000] {logging_mixin.py:188} INFO - [2024-07-08T15:09:42.690+0000] {dagbag.py:545} INFO - Filling up the DagBag from /home/airflow/.local/lib/python3.12/site-packages/airflow/example_dags/example_xcomargs.py
[2024-07-08T15:09:42.711+0000] {processor.py:840} INFO - DAG(s) 'example_xcom_args', 'example_xcom_args_with_operators' retrieved from /home/airflow/.local/lib/python3.12/site-packages/airflow/example_dags/example_xcomargs.py
[2024-07-08T15:09:42.761+0000] {logging_mixin.py:188} INFO - [2024-07-08T15:09:42.761+0000] {dag.py:3096} INFO - Sync 2 DAGs
[2024-07-08T15:09:42.809+0000] {logging_mixin.py:188} INFO - [2024-07-08T15:09:42.808+0000] {dag.py:3954} INFO - Setting next_dagrun for example_xcom_args to None, run_after=None
[2024-07-08T15:09:42.818+0000] {logging_mixin.py:188} INFO - [2024-07-08T15:09:42.817+0000] {dag.py:3954} INFO - Setting next_dagrun for example_xcom_args_with_operators to None, run_after=None
[2024-07-08T15:09:42.860+0000] {processor.py:183} INFO - Processing /home/airflow/.local/lib/python3.12/site-packages/airflow/example_dags/example_xcomargs.py took 0.192 seconds
[2024-07-08T15:10:13.143+0000] {processor.py:161} INFO - Started process (PID=338) to work on /home/airflow/.local/lib/python3.12/site-packages/airflow/example_dags/example_xcomargs.py
[2024-07-08T15:10:13.144+0000] {processor.py:830} INFO - Processing file /home/airflow/.local/lib/python3.12/site-packages/airflow/example_dags/example_xcomargs.py for tasks to queue
[2024-07-08T15:10:13.147+0000] {logging_mixin.py:188} INFO - [2024-07-08T15:10:13.147+0000] {dagbag.py:545} INFO - Filling up the DagBag from /home/airflow/.local/lib/python3.12/site-packages/airflow/example_dags/example_xcomargs.py
[2024-07-08T15:10:13.157+0000] {processor.py:840} INFO - DAG(s) 'example_xcom_args_with_operators', 'example_xcom_args' retrieved from /home/airflow/.local/lib/python3.12/site-packages/airflow/example_dags/example_xcomargs.py
[2024-07-08T15:10:13.205+0000] {logging_mixin.py:188} INFO - [2024-07-08T15:10:13.204+0000] {dag.py:3096} INFO - Sync 2 DAGs
[2024-07-08T15:10:13.228+0000] {logging_mixin.py:188} INFO - [2024-07-08T15:10:13.228+0000] {dag.py:3954} INFO - Setting next_dagrun for example_xcom_args to None, run_after=None
[2024-07-08T15:10:13.233+0000] {logging_mixin.py:188} INFO - [2024-07-08T15:10:13.233+0000] {dag.py:3954} INFO - Setting next_dagrun for example_xcom_args_with_operators to None, run_after=None
[2024-07-08T15:10:13.259+0000] {processor.py:183} INFO - Processing /home/airflow/.local/lib/python3.12/site-packages/airflow/example_dags/example_xcomargs.py took 0.124 seconds
[2024-07-08T15:10:43.631+0000] {processor.py:161} INFO - Started process (PID=396) to work on /home/airflow/.local/lib/python3.12/site-packages/airflow/example_dags/example_xcomargs.py
[2024-07-08T15:10:43.651+0000] {processor.py:830} INFO - Processing file /home/airflow/.local/lib/python3.12/site-packages/airflow/example_dags/example_xcomargs.py for tasks to queue
[2024-07-08T15:10:43.655+0000] {logging_mixin.py:188} INFO - [2024-07-08T15:10:43.654+0000] {dagbag.py:545} INFO - Filling up the DagBag from /home/airflow/.local/lib/python3.12/site-packages/airflow/example_dags/example_xcomargs.py
[2024-07-08T15:10:43.670+0000] {processor.py:840} INFO - DAG(s) 'example_xcom_args_with_operators', 'example_xcom_args' retrieved from /home/airflow/.local/lib/python3.12/site-packages/airflow/example_dags/example_xcomargs.py
[2024-07-08T15:10:43.713+0000] {logging_mixin.py:188} INFO - [2024-07-08T15:10:43.712+0000] {dag.py:3096} INFO - Sync 2 DAGs
[2024-07-08T15:10:43.741+0000] {logging_mixin.py:188} INFO - [2024-07-08T15:10:43.740+0000] {dag.py:3954} INFO - Setting next_dagrun for example_xcom_args to None, run_after=None
[2024-07-08T15:10:43.764+0000] {logging_mixin.py:188} INFO - [2024-07-08T15:10:43.764+0000] {dag.py:3954} INFO - Setting next_dagrun for example_xcom_args_with_operators to None, run_after=None
[2024-07-08T15:10:43.800+0000] {processor.py:183} INFO - Processing /home/airflow/.local/lib/python3.12/site-packages/airflow/example_dags/example_xcomargs.py took 0.179 seconds
[2024-07-08T15:11:14.597+0000] {processor.py:161} INFO - Started process (PID=454) to work on /home/airflow/.local/lib/python3.12/site-packages/airflow/example_dags/example_xcomargs.py
[2024-07-08T15:11:14.599+0000] {processor.py:830} INFO - Processing file /home/airflow/.local/lib/python3.12/site-packages/airflow/example_dags/example_xcomargs.py for tasks to queue
[2024-07-08T15:11:14.601+0000] {logging_mixin.py:188} INFO - [2024-07-08T15:11:14.601+0000] {dagbag.py:545} INFO - Filling up the DagBag from /home/airflow/.local/lib/python3.12/site-packages/airflow/example_dags/example_xcomargs.py
[2024-07-08T15:11:14.611+0000] {processor.py:840} INFO - DAG(s) 'example_xcom_args', 'example_xcom_args_with_operators' retrieved from /home/airflow/.local/lib/python3.12/site-packages/airflow/example_dags/example_xcomargs.py
[2024-07-08T15:11:14.645+0000] {logging_mixin.py:188} INFO - [2024-07-08T15:11:14.644+0000] {dag.py:3096} INFO - Sync 2 DAGs
[2024-07-08T15:11:14.661+0000] {logging_mixin.py:188} INFO - [2024-07-08T15:11:14.660+0000] {dag.py:3954} INFO - Setting next_dagrun for example_xcom_args to None, run_after=None
[2024-07-08T15:11:14.667+0000] {logging_mixin.py:188} INFO - [2024-07-08T15:11:14.667+0000] {dag.py:3954} INFO - Setting next_dagrun for example_xcom_args_with_operators to None, run_after=None
[2024-07-08T15:11:14.700+0000] {processor.py:183} INFO - Processing /home/airflow/.local/lib/python3.12/site-packages/airflow/example_dags/example_xcomargs.py took 0.111 seconds
[2024-07-08T15:11:45.315+0000] {processor.py:161} INFO - Started process (PID=511) to work on /home/airflow/.local/lib/python3.12/site-packages/airflow/example_dags/example_xcomargs.py
[2024-07-08T15:11:45.316+0000] {processor.py:830} INFO - Processing file /home/airflow/.local/lib/python3.12/site-packages/airflow/example_dags/example_xcomargs.py for tasks to queue
[2024-07-08T15:11:45.319+0000] {logging_mixin.py:188} INFO - [2024-07-08T15:11:45.318+0000] {dagbag.py:545} INFO - Filling up the DagBag from /home/airflow/.local/lib/python3.12/site-packages/airflow/example_dags/example_xcomargs.py
[2024-07-08T15:11:45.328+0000] {processor.py:840} INFO - DAG(s) 'example_xcom_args', 'example_xcom_args_with_operators' retrieved from /home/airflow/.local/lib/python3.12/site-packages/airflow/example_dags/example_xcomargs.py
[2024-07-08T15:11:45.356+0000] {logging_mixin.py:188} INFO - [2024-07-08T15:11:45.356+0000] {dag.py:3096} INFO - Sync 2 DAGs
[2024-07-08T15:11:45.371+0000] {logging_mixin.py:188} INFO - [2024-07-08T15:11:45.371+0000] {dag.py:3954} INFO - Setting next_dagrun for example_xcom_args to None, run_after=None
[2024-07-08T15:11:45.376+0000] {logging_mixin.py:188} INFO - [2024-07-08T15:11:45.376+0000] {dag.py:3954} INFO - Setting next_dagrun for example_xcom_args_with_operators to None, run_after=None
[2024-07-08T15:11:45.403+0000] {processor.py:183} INFO - Processing /home/airflow/.local/lib/python3.12/site-packages/airflow/example_dags/example_xcomargs.py took 0.095 seconds
[2024-07-08T15:12:16.319+0000] {processor.py:161} INFO - Started process (PID=569) to work on /home/airflow/.local/lib/python3.12/site-packages/airflow/example_dags/example_xcomargs.py
[2024-07-08T15:12:16.320+0000] {processor.py:830} INFO - Processing file /home/airflow/.local/lib/python3.12/site-packages/airflow/example_dags/example_xcomargs.py for tasks to queue
[2024-07-08T15:12:16.322+0000] {logging_mixin.py:188} INFO - [2024-07-08T15:12:16.322+0000] {dagbag.py:545} INFO - Filling up the DagBag from /home/airflow/.local/lib/python3.12/site-packages/airflow/example_dags/example_xcomargs.py
[2024-07-08T15:12:16.336+0000] {processor.py:840} INFO - DAG(s) 'example_xcom_args', 'example_xcom_args_with_operators' retrieved from /home/airflow/.local/lib/python3.12/site-packages/airflow/example_dags/example_xcomargs.py
[2024-07-08T15:12:16.372+0000] {logging_mixin.py:188} INFO - [2024-07-08T15:12:16.372+0000] {dag.py:3096} INFO - Sync 2 DAGs
[2024-07-08T15:12:16.390+0000] {logging_mixin.py:188} INFO - [2024-07-08T15:12:16.390+0000] {dag.py:3954} INFO - Setting next_dagrun for example_xcom_args to None, run_after=None
[2024-07-08T15:12:16.400+0000] {logging_mixin.py:188} INFO - [2024-07-08T15:12:16.399+0000] {dag.py:3954} INFO - Setting next_dagrun for example_xcom_args_with_operators to None, run_after=None
[2024-07-08T15:12:16.439+0000] {processor.py:183} INFO - Processing /home/airflow/.local/lib/python3.12/site-packages/airflow/example_dags/example_xcomargs.py took 0.126 seconds
[2024-07-08T15:12:47.328+0000] {processor.py:161} INFO - Started process (PID=628) to work on /home/airflow/.local/lib/python3.12/site-packages/airflow/example_dags/example_xcomargs.py
[2024-07-08T15:12:47.329+0000] {processor.py:830} INFO - Processing file /home/airflow/.local/lib/python3.12/site-packages/airflow/example_dags/example_xcomargs.py for tasks to queue
[2024-07-08T15:12:47.332+0000] {logging_mixin.py:188} INFO - [2024-07-08T15:12:47.331+0000] {dagbag.py:545} INFO - Filling up the DagBag from /home/airflow/.local/lib/python3.12/site-packages/airflow/example_dags/example_xcomargs.py
[2024-07-08T15:12:47.344+0000] {processor.py:840} INFO - DAG(s) 'example_xcom_args', 'example_xcom_args_with_operators' retrieved from /home/airflow/.local/lib/python3.12/site-packages/airflow/example_dags/example_xcomargs.py
[2024-07-08T15:12:47.382+0000] {logging_mixin.py:188} INFO - [2024-07-08T15:12:47.381+0000] {dag.py:3096} INFO - Sync 2 DAGs
[2024-07-08T15:12:47.408+0000] {logging_mixin.py:188} INFO - [2024-07-08T15:12:47.405+0000] {dag.py:3954} INFO - Setting next_dagrun for example_xcom_args to None, run_after=None
[2024-07-08T15:12:47.419+0000] {logging_mixin.py:188} INFO - [2024-07-08T15:12:47.418+0000] {dag.py:3954} INFO - Setting next_dagrun for example_xcom_args_with_operators to None, run_after=None
[2024-07-08T15:12:47.458+0000] {processor.py:183} INFO - Processing /home/airflow/.local/lib/python3.12/site-packages/airflow/example_dags/example_xcomargs.py took 0.137 seconds
[2024-07-08T15:13:17.530+0000] {processor.py:161} INFO - Started process (PID=685) to work on /home/airflow/.local/lib/python3.12/site-packages/airflow/example_dags/example_xcomargs.py
[2024-07-08T15:13:17.531+0000] {processor.py:830} INFO - Processing file /home/airflow/.local/lib/python3.12/site-packages/airflow/example_dags/example_xcomargs.py for tasks to queue
[2024-07-08T15:13:17.533+0000] {logging_mixin.py:188} INFO - [2024-07-08T15:13:17.533+0000] {dagbag.py:545} INFO - Filling up the DagBag from /home/airflow/.local/lib/python3.12/site-packages/airflow/example_dags/example_xcomargs.py
[2024-07-08T15:13:17.542+0000] {processor.py:840} INFO - DAG(s) 'example_xcom_args_with_operators', 'example_xcom_args' retrieved from /home/airflow/.local/lib/python3.12/site-packages/airflow/example_dags/example_xcomargs.py
[2024-07-08T15:13:17.571+0000] {logging_mixin.py:188} INFO - [2024-07-08T15:13:17.570+0000] {dag.py:3096} INFO - Sync 2 DAGs
[2024-07-08T15:13:17.585+0000] {logging_mixin.py:188} INFO - [2024-07-08T15:13:17.585+0000] {dag.py:3954} INFO - Setting next_dagrun for example_xcom_args to None, run_after=None
[2024-07-08T15:13:17.590+0000] {logging_mixin.py:188} INFO - [2024-07-08T15:13:17.590+0000] {dag.py:3954} INFO - Setting next_dagrun for example_xcom_args_with_operators to None, run_after=None
[2024-07-08T15:13:17.614+0000] {processor.py:183} INFO - Processing /home/airflow/.local/lib/python3.12/site-packages/airflow/example_dags/example_xcomargs.py took 0.091 seconds
[2024-07-08T15:16:08.092+0000] {processor.py:161} INFO - Started process (PID=744) to work on /home/airflow/.local/lib/python3.12/site-packages/airflow/example_dags/example_xcomargs.py
[2024-07-08T15:16:08.100+0000] {processor.py:830} INFO - Processing file /home/airflow/.local/lib/python3.12/site-packages/airflow/example_dags/example_xcomargs.py for tasks to queue
[2024-07-08T15:16:08.124+0000] {logging_mixin.py:188} INFO - [2024-07-08T15:16:08.123+0000] {dagbag.py:545} INFO - Filling up the DagBag from /home/airflow/.local/lib/python3.12/site-packages/airflow/example_dags/example_xcomargs.py
[2024-07-08T15:16:08.270+0000] {processor.py:840} INFO - DAG(s) 'example_xcom_args_with_operators', 'example_xcom_args' retrieved from /home/airflow/.local/lib/python3.12/site-packages/airflow/example_dags/example_xcomargs.py
[2024-07-08T15:16:08.675+0000] {logging_mixin.py:188} INFO - [2024-07-08T15:16:08.674+0000] {dag.py:3096} INFO - Sync 2 DAGs
[2024-07-08T15:16:08.832+0000] {logging_mixin.py:188} INFO - [2024-07-08T15:16:08.831+0000] {dag.py:3954} INFO - Setting next_dagrun for example_xcom_args to None, run_after=None
[2024-07-08T15:16:08.896+0000] {logging_mixin.py:188} INFO - [2024-07-08T15:16:08.895+0000] {dag.py:3954} INFO - Setting next_dagrun for example_xcom_args_with_operators to None, run_after=None
[2024-07-08T15:16:09.019+0000] {processor.py:183} INFO - Processing /home/airflow/.local/lib/python3.12/site-packages/airflow/example_dags/example_xcomargs.py took 0.936 seconds
[2024-07-08T15:16:39.301+0000] {processor.py:161} INFO - Started process (PID=802) to work on /home/airflow/.local/lib/python3.12/site-packages/airflow/example_dags/example_xcomargs.py
[2024-07-08T15:16:39.315+0000] {processor.py:830} INFO - Processing file /home/airflow/.local/lib/python3.12/site-packages/airflow/example_dags/example_xcomargs.py for tasks to queue
[2024-07-08T15:16:39.317+0000] {logging_mixin.py:188} INFO - [2024-07-08T15:16:39.316+0000] {dagbag.py:545} INFO - Filling up the DagBag from /home/airflow/.local/lib/python3.12/site-packages/airflow/example_dags/example_xcomargs.py
[2024-07-08T15:16:39.349+0000] {processor.py:840} INFO - DAG(s) 'example_xcom_args_with_operators', 'example_xcom_args' retrieved from /home/airflow/.local/lib/python3.12/site-packages/airflow/example_dags/example_xcomargs.py
[2024-07-08T15:16:39.427+0000] {logging_mixin.py:188} INFO - [2024-07-08T15:16:39.427+0000] {dag.py:3096} INFO - Sync 2 DAGs
[2024-07-08T15:16:39.452+0000] {logging_mixin.py:188} INFO - [2024-07-08T15:16:39.451+0000] {dag.py:3954} INFO - Setting next_dagrun for example_xcom_args to None, run_after=None
[2024-07-08T15:16:39.459+0000] {logging_mixin.py:188} INFO - [2024-07-08T15:16:39.459+0000] {dag.py:3954} INFO - Setting next_dagrun for example_xcom_args_with_operators to None, run_after=None
[2024-07-08T15:16:39.489+0000] {processor.py:183} INFO - Processing /home/airflow/.local/lib/python3.12/site-packages/airflow/example_dags/example_xcomargs.py took 0.219 seconds
[2024-07-08T15:17:10.106+0000] {processor.py:161} INFO - Started process (PID=861) to work on /home/airflow/.local/lib/python3.12/site-packages/airflow/example_dags/example_xcomargs.py
[2024-07-08T15:17:10.108+0000] {processor.py:830} INFO - Processing file /home/airflow/.local/lib/python3.12/site-packages/airflow/example_dags/example_xcomargs.py for tasks to queue
[2024-07-08T15:17:10.109+0000] {logging_mixin.py:188} INFO - [2024-07-08T15:17:10.109+0000] {dagbag.py:545} INFO - Filling up the DagBag from /home/airflow/.local/lib/python3.12/site-packages/airflow/example_dags/example_xcomargs.py
[2024-07-08T15:17:10.122+0000] {processor.py:840} INFO - DAG(s) 'example_xcom_args', 'example_xcom_args_with_operators' retrieved from /home/airflow/.local/lib/python3.12/site-packages/airflow/example_dags/example_xcomargs.py
[2024-07-08T15:17:10.159+0000] {logging_mixin.py:188} INFO - [2024-07-08T15:17:10.158+0000] {dag.py:3096} INFO - Sync 2 DAGs
[2024-07-08T15:17:10.177+0000] {logging_mixin.py:188} INFO - [2024-07-08T15:17:10.177+0000] {dag.py:3954} INFO - Setting next_dagrun for example_xcom_args to None, run_after=None
[2024-07-08T15:17:10.183+0000] {logging_mixin.py:188} INFO - [2024-07-08T15:17:10.183+0000] {dag.py:3954} INFO - Setting next_dagrun for example_xcom_args_with_operators to None, run_after=None
[2024-07-08T15:17:10.209+0000] {processor.py:183} INFO - Processing /home/airflow/.local/lib/python3.12/site-packages/airflow/example_dags/example_xcomargs.py took 0.112 seconds
[2024-07-08T15:18:59.038+0000] {processor.py:161} INFO - Started process (PID=929) to work on /home/airflow/.local/lib/python3.12/site-packages/airflow/example_dags/example_xcomargs.py
[2024-07-08T15:18:59.039+0000] {processor.py:830} INFO - Processing file /home/airflow/.local/lib/python3.12/site-packages/airflow/example_dags/example_xcomargs.py for tasks to queue
[2024-07-08T15:18:59.042+0000] {logging_mixin.py:188} INFO - [2024-07-08T15:18:59.041+0000] {dagbag.py:545} INFO - Filling up the DagBag from /home/airflow/.local/lib/python3.12/site-packages/airflow/example_dags/example_xcomargs.py
[2024-07-08T15:18:59.059+0000] {processor.py:840} INFO - DAG(s) 'example_xcom_args', 'example_xcom_args_with_operators' retrieved from /home/airflow/.local/lib/python3.12/site-packages/airflow/example_dags/example_xcomargs.py
[2024-07-08T15:18:59.112+0000] {logging_mixin.py:188} INFO - [2024-07-08T15:18:59.111+0000] {dag.py:3096} INFO - Sync 2 DAGs
[2024-07-08T15:18:59.137+0000] {logging_mixin.py:188} INFO - [2024-07-08T15:18:59.137+0000] {dag.py:3954} INFO - Setting next_dagrun for example_xcom_args to None, run_after=None
[2024-07-08T15:18:59.151+0000] {logging_mixin.py:188} INFO - [2024-07-08T15:18:59.150+0000] {dag.py:3954} INFO - Setting next_dagrun for example_xcom_args_with_operators to None, run_after=None
[2024-07-08T15:18:59.191+0000] {processor.py:183} INFO - Processing /home/airflow/.local/lib/python3.12/site-packages/airflow/example_dags/example_xcomargs.py took 0.165 seconds
[2024-07-08T15:19:29.696+0000] {processor.py:161} INFO - Started process (PID=986) to work on /home/airflow/.local/lib/python3.12/site-packages/airflow/example_dags/example_xcomargs.py
[2024-07-08T15:19:29.697+0000] {processor.py:830} INFO - Processing file /home/airflow/.local/lib/python3.12/site-packages/airflow/example_dags/example_xcomargs.py for tasks to queue
[2024-07-08T15:19:29.699+0000] {logging_mixin.py:188} INFO - [2024-07-08T15:19:29.698+0000] {dagbag.py:545} INFO - Filling up the DagBag from /home/airflow/.local/lib/python3.12/site-packages/airflow/example_dags/example_xcomargs.py
[2024-07-08T15:19:29.716+0000] {processor.py:840} INFO - DAG(s) 'example_xcom_args_with_operators', 'example_xcom_args' retrieved from /home/airflow/.local/lib/python3.12/site-packages/airflow/example_dags/example_xcomargs.py
[2024-07-08T15:19:29.771+0000] {logging_mixin.py:188} INFO - [2024-07-08T15:19:29.771+0000] {dag.py:3096} INFO - Sync 2 DAGs
[2024-07-08T15:19:29.813+0000] {logging_mixin.py:188} INFO - [2024-07-08T15:19:29.813+0000] {dag.py:3954} INFO - Setting next_dagrun for example_xcom_args to None, run_after=None
[2024-07-08T15:19:29.821+0000] {logging_mixin.py:188} INFO - [2024-07-08T15:19:29.820+0000] {dag.py:3954} INFO - Setting next_dagrun for example_xcom_args_with_operators to None, run_after=None
[2024-07-08T15:19:29.851+0000] {processor.py:183} INFO - Processing /home/airflow/.local/lib/python3.12/site-packages/airflow/example_dags/example_xcomargs.py took 0.165 seconds
[2024-07-08T15:20:00.820+0000] {processor.py:161} INFO - Started process (PID=1044) to work on /home/airflow/.local/lib/python3.12/site-packages/airflow/example_dags/example_xcomargs.py
[2024-07-08T15:20:00.824+0000] {processor.py:830} INFO - Processing file /home/airflow/.local/lib/python3.12/site-packages/airflow/example_dags/example_xcomargs.py for tasks to queue
[2024-07-08T15:20:00.828+0000] {logging_mixin.py:188} INFO - [2024-07-08T15:20:00.826+0000] {dagbag.py:545} INFO - Filling up the DagBag from /home/airflow/.local/lib/python3.12/site-packages/airflow/example_dags/example_xcomargs.py
[2024-07-08T15:20:00.853+0000] {processor.py:840} INFO - DAG(s) 'example_xcom_args', 'example_xcom_args_with_operators' retrieved from /home/airflow/.local/lib/python3.12/site-packages/airflow/example_dags/example_xcomargs.py
[2024-07-08T15:20:00.949+0000] {logging_mixin.py:188} INFO - [2024-07-08T15:20:00.946+0000] {dag.py:3096} INFO - Sync 2 DAGs
[2024-07-08T15:20:00.983+0000] {logging_mixin.py:188} INFO - [2024-07-08T15:20:00.983+0000] {dag.py:3954} INFO - Setting next_dagrun for example_xcom_args to None, run_after=None
[2024-07-08T15:20:00.998+0000] {logging_mixin.py:188} INFO - [2024-07-08T15:20:00.998+0000] {dag.py:3954} INFO - Setting next_dagrun for example_xcom_args_with_operators to None, run_after=None
[2024-07-08T15:20:01.068+0000] {processor.py:183} INFO - Processing /home/airflow/.local/lib/python3.12/site-packages/airflow/example_dags/example_xcomargs.py took 0.258 seconds
[2024-07-08T15:20:31.648+0000] {processor.py:161} INFO - Started process (PID=1102) to work on /home/airflow/.local/lib/python3.12/site-packages/airflow/example_dags/example_xcomargs.py
[2024-07-08T15:20:31.649+0000] {processor.py:830} INFO - Processing file /home/airflow/.local/lib/python3.12/site-packages/airflow/example_dags/example_xcomargs.py for tasks to queue
[2024-07-08T15:20:31.650+0000] {logging_mixin.py:188} INFO - [2024-07-08T15:20:31.650+0000] {dagbag.py:545} INFO - Filling up the DagBag from /home/airflow/.local/lib/python3.12/site-packages/airflow/example_dags/example_xcomargs.py
[2024-07-08T15:20:31.663+0000] {processor.py:840} INFO - DAG(s) 'example_xcom_args_with_operators', 'example_xcom_args' retrieved from /home/airflow/.local/lib/python3.12/site-packages/airflow/example_dags/example_xcomargs.py
[2024-07-08T15:20:31.703+0000] {logging_mixin.py:188} INFO - [2024-07-08T15:20:31.702+0000] {dag.py:3096} INFO - Sync 2 DAGs
[2024-07-08T15:20:31.724+0000] {logging_mixin.py:188} INFO - [2024-07-08T15:20:31.724+0000] {dag.py:3954} INFO - Setting next_dagrun for example_xcom_args to None, run_after=None
[2024-07-08T15:20:31.733+0000] {logging_mixin.py:188} INFO - [2024-07-08T15:20:31.732+0000] {dag.py:3954} INFO - Setting next_dagrun for example_xcom_args_with_operators to None, run_after=None
[2024-07-08T15:20:31.761+0000] {processor.py:183} INFO - Processing /home/airflow/.local/lib/python3.12/site-packages/airflow/example_dags/example_xcomargs.py took 0.121 seconds
[2024-07-08T15:21:02.427+0000] {processor.py:161} INFO - Started process (PID=1158) to work on /home/airflow/.local/lib/python3.12/site-packages/airflow/example_dags/example_xcomargs.py
[2024-07-08T15:21:02.428+0000] {processor.py:830} INFO - Processing file /home/airflow/.local/lib/python3.12/site-packages/airflow/example_dags/example_xcomargs.py for tasks to queue
[2024-07-08T15:21:02.429+0000] {logging_mixin.py:188} INFO - [2024-07-08T15:21:02.429+0000] {dagbag.py:545} INFO - Filling up the DagBag from /home/airflow/.local/lib/python3.12/site-packages/airflow/example_dags/example_xcomargs.py
[2024-07-08T15:21:02.445+0000] {processor.py:840} INFO - DAG(s) 'example_xcom_args', 'example_xcom_args_with_operators' retrieved from /home/airflow/.local/lib/python3.12/site-packages/airflow/example_dags/example_xcomargs.py
[2024-07-08T15:21:02.482+0000] {logging_mixin.py:188} INFO - [2024-07-08T15:21:02.482+0000] {dag.py:3096} INFO - Sync 2 DAGs
[2024-07-08T15:21:02.502+0000] {logging_mixin.py:188} INFO - [2024-07-08T15:21:02.501+0000] {dag.py:3954} INFO - Setting next_dagrun for example_xcom_args to None, run_after=None
[2024-07-08T15:21:02.507+0000] {logging_mixin.py:188} INFO - [2024-07-08T15:21:02.507+0000] {dag.py:3954} INFO - Setting next_dagrun for example_xcom_args_with_operators to None, run_after=None
[2024-07-08T15:21:02.530+0000] {processor.py:183} INFO - Processing /home/airflow/.local/lib/python3.12/site-packages/airflow/example_dags/example_xcomargs.py took 0.110 seconds
[2024-07-08T15:21:32.791+0000] {processor.py:161} INFO - Started process (PID=1216) to work on /home/airflow/.local/lib/python3.12/site-packages/airflow/example_dags/example_xcomargs.py
[2024-07-08T15:21:32.792+0000] {processor.py:830} INFO - Processing file /home/airflow/.local/lib/python3.12/site-packages/airflow/example_dags/example_xcomargs.py for tasks to queue
[2024-07-08T15:21:32.794+0000] {logging_mixin.py:188} INFO - [2024-07-08T15:21:32.794+0000] {dagbag.py:545} INFO - Filling up the DagBag from /home/airflow/.local/lib/python3.12/site-packages/airflow/example_dags/example_xcomargs.py
[2024-07-08T15:21:32.809+0000] {processor.py:840} INFO - DAG(s) 'example_xcom_args_with_operators', 'example_xcom_args' retrieved from /home/airflow/.local/lib/python3.12/site-packages/airflow/example_dags/example_xcomargs.py
[2024-07-08T15:21:32.856+0000] {logging_mixin.py:188} INFO - [2024-07-08T15:21:32.855+0000] {dag.py:3096} INFO - Sync 2 DAGs
[2024-07-08T15:21:32.878+0000] {logging_mixin.py:188} INFO - [2024-07-08T15:21:32.878+0000] {dag.py:3954} INFO - Setting next_dagrun for example_xcom_args to None, run_after=None
[2024-07-08T15:21:32.888+0000] {logging_mixin.py:188} INFO - [2024-07-08T15:21:32.888+0000] {dag.py:3954} INFO - Setting next_dagrun for example_xcom_args_with_operators to None, run_after=None
[2024-07-08T15:21:32.922+0000] {processor.py:183} INFO - Processing /home/airflow/.local/lib/python3.12/site-packages/airflow/example_dags/example_xcomargs.py took 0.137 seconds
[2024-07-08T15:22:03.610+0000] {processor.py:161} INFO - Started process (PID=1274) to work on /home/airflow/.local/lib/python3.12/site-packages/airflow/example_dags/example_xcomargs.py
[2024-07-08T15:22:03.611+0000] {processor.py:830} INFO - Processing file /home/airflow/.local/lib/python3.12/site-packages/airflow/example_dags/example_xcomargs.py for tasks to queue
[2024-07-08T15:22:03.612+0000] {logging_mixin.py:188} INFO - [2024-07-08T15:22:03.612+0000] {dagbag.py:545} INFO - Filling up the DagBag from /home/airflow/.local/lib/python3.12/site-packages/airflow/example_dags/example_xcomargs.py
[2024-07-08T15:22:03.625+0000] {processor.py:840} INFO - DAG(s) 'example_xcom_args', 'example_xcom_args_with_operators' retrieved from /home/airflow/.local/lib/python3.12/site-packages/airflow/example_dags/example_xcomargs.py
[2024-07-08T15:22:03.655+0000] {logging_mixin.py:188} INFO - [2024-07-08T15:22:03.654+0000] {dag.py:3096} INFO - Sync 2 DAGs
[2024-07-08T15:22:03.672+0000] {logging_mixin.py:188} INFO - [2024-07-08T15:22:03.671+0000] {dag.py:3954} INFO - Setting next_dagrun for example_xcom_args to None, run_after=None
[2024-07-08T15:22:03.677+0000] {logging_mixin.py:188} INFO - [2024-07-08T15:22:03.677+0000] {dag.py:3954} INFO - Setting next_dagrun for example_xcom_args_with_operators to None, run_after=None
[2024-07-08T15:22:03.700+0000] {processor.py:183} INFO - Processing /home/airflow/.local/lib/python3.12/site-packages/airflow/example_dags/example_xcomargs.py took 0.096 seconds
[2024-07-08T15:22:34.252+0000] {processor.py:161} INFO - Started process (PID=1336) to work on /home/airflow/.local/lib/python3.12/site-packages/airflow/example_dags/example_xcomargs.py
[2024-07-08T15:22:34.253+0000] {processor.py:830} INFO - Processing file /home/airflow/.local/lib/python3.12/site-packages/airflow/example_dags/example_xcomargs.py for tasks to queue
[2024-07-08T15:22:34.255+0000] {logging_mixin.py:188} INFO - [2024-07-08T15:22:34.254+0000] {dagbag.py:545} INFO - Filling up the DagBag from /home/airflow/.local/lib/python3.12/site-packages/airflow/example_dags/example_xcomargs.py
[2024-07-08T15:22:34.271+0000] {processor.py:840} INFO - DAG(s) 'example_xcom_args_with_operators', 'example_xcom_args' retrieved from /home/airflow/.local/lib/python3.12/site-packages/airflow/example_dags/example_xcomargs.py
[2024-07-08T15:22:34.340+0000] {logging_mixin.py:188} INFO - [2024-07-08T15:22:34.340+0000] {dag.py:3096} INFO - Sync 2 DAGs
[2024-07-08T15:22:34.407+0000] {logging_mixin.py:188} INFO - [2024-07-08T15:22:34.407+0000] {dag.py:3954} INFO - Setting next_dagrun for example_xcom_args to None, run_after=None
[2024-07-08T15:22:34.418+0000] {logging_mixin.py:188} INFO - [2024-07-08T15:22:34.417+0000] {dag.py:3954} INFO - Setting next_dagrun for example_xcom_args_with_operators to None, run_after=None
[2024-07-08T15:22:34.472+0000] {processor.py:183} INFO - Processing /home/airflow/.local/lib/python3.12/site-packages/airflow/example_dags/example_xcomargs.py took 0.230 seconds
[2024-07-08T15:23:05.452+0000] {processor.py:161} INFO - Started process (PID=1398) to work on /home/airflow/.local/lib/python3.12/site-packages/airflow/example_dags/example_xcomargs.py
[2024-07-08T15:23:05.454+0000] {processor.py:830} INFO - Processing file /home/airflow/.local/lib/python3.12/site-packages/airflow/example_dags/example_xcomargs.py for tasks to queue
[2024-07-08T15:23:05.455+0000] {logging_mixin.py:188} INFO - [2024-07-08T15:23:05.455+0000] {dagbag.py:545} INFO - Filling up the DagBag from /home/airflow/.local/lib/python3.12/site-packages/airflow/example_dags/example_xcomargs.py
[2024-07-08T15:23:05.465+0000] {processor.py:840} INFO - DAG(s) 'example_xcom_args', 'example_xcom_args_with_operators' retrieved from /home/airflow/.local/lib/python3.12/site-packages/airflow/example_dags/example_xcomargs.py
[2024-07-08T15:23:05.499+0000] {logging_mixin.py:188} INFO - [2024-07-08T15:23:05.499+0000] {dag.py:3096} INFO - Sync 2 DAGs
[2024-07-08T15:23:05.521+0000] {logging_mixin.py:188} INFO - [2024-07-08T15:23:05.521+0000] {dag.py:3954} INFO - Setting next_dagrun for example_xcom_args to None, run_after=None
[2024-07-08T15:23:05.527+0000] {logging_mixin.py:188} INFO - [2024-07-08T15:23:05.527+0000] {dag.py:3954} INFO - Setting next_dagrun for example_xcom_args_with_operators to None, run_after=None
[2024-07-08T15:23:05.550+0000] {processor.py:183} INFO - Processing /home/airflow/.local/lib/python3.12/site-packages/airflow/example_dags/example_xcomargs.py took 0.104 seconds
[2024-07-08T15:23:36.731+0000] {processor.py:161} INFO - Started process (PID=1463) to work on /home/airflow/.local/lib/python3.12/site-packages/airflow/example_dags/example_xcomargs.py
[2024-07-08T15:23:36.738+0000] {processor.py:830} INFO - Processing file /home/airflow/.local/lib/python3.12/site-packages/airflow/example_dags/example_xcomargs.py for tasks to queue
[2024-07-08T15:23:36.740+0000] {logging_mixin.py:188} INFO - [2024-07-08T15:23:36.740+0000] {dagbag.py:545} INFO - Filling up the DagBag from /home/airflow/.local/lib/python3.12/site-packages/airflow/example_dags/example_xcomargs.py
[2024-07-08T15:23:36.758+0000] {processor.py:840} INFO - DAG(s) 'example_xcom_args_with_operators', 'example_xcom_args' retrieved from /home/airflow/.local/lib/python3.12/site-packages/airflow/example_dags/example_xcomargs.py
[2024-07-08T15:23:36.813+0000] {logging_mixin.py:188} INFO - [2024-07-08T15:23:36.812+0000] {dag.py:3096} INFO - Sync 2 DAGs
[2024-07-08T15:23:36.845+0000] {logging_mixin.py:188} INFO - [2024-07-08T15:23:36.845+0000] {dag.py:3954} INFO - Setting next_dagrun for example_xcom_args to None, run_after=None
[2024-07-08T15:23:36.855+0000] {logging_mixin.py:188} INFO - [2024-07-08T15:23:36.855+0000] {dag.py:3954} INFO - Setting next_dagrun for example_xcom_args_with_operators to None, run_after=None
[2024-07-08T15:23:36.887+0000] {processor.py:183} INFO - Processing /home/airflow/.local/lib/python3.12/site-packages/airflow/example_dags/example_xcomargs.py took 0.165 seconds
[2024-07-08T15:24:07.680+0000] {processor.py:161} INFO - Started process (PID=1528) to work on /home/airflow/.local/lib/python3.12/site-packages/airflow/example_dags/example_xcomargs.py
[2024-07-08T15:24:07.682+0000] {processor.py:830} INFO - Processing file /home/airflow/.local/lib/python3.12/site-packages/airflow/example_dags/example_xcomargs.py for tasks to queue
[2024-07-08T15:24:07.683+0000] {logging_mixin.py:188} INFO - [2024-07-08T15:24:07.683+0000] {dagbag.py:545} INFO - Filling up the DagBag from /home/airflow/.local/lib/python3.12/site-packages/airflow/example_dags/example_xcomargs.py
[2024-07-08T15:24:07.696+0000] {processor.py:840} INFO - DAG(s) 'example_xcom_args', 'example_xcom_args_with_operators' retrieved from /home/airflow/.local/lib/python3.12/site-packages/airflow/example_dags/example_xcomargs.py
[2024-07-08T15:24:07.732+0000] {logging_mixin.py:188} INFO - [2024-07-08T15:24:07.731+0000] {dag.py:3096} INFO - Sync 2 DAGs
[2024-07-08T15:24:07.748+0000] {logging_mixin.py:188} INFO - [2024-07-08T15:24:07.748+0000] {dag.py:3954} INFO - Setting next_dagrun for example_xcom_args to None, run_after=None
[2024-07-08T15:24:07.754+0000] {logging_mixin.py:188} INFO - [2024-07-08T15:24:07.754+0000] {dag.py:3954} INFO - Setting next_dagrun for example_xcom_args_with_operators to None, run_after=None
[2024-07-08T15:24:07.780+0000] {processor.py:183} INFO - Processing /home/airflow/.local/lib/python3.12/site-packages/airflow/example_dags/example_xcomargs.py took 0.107 seconds
[2024-07-08T15:24:38.050+0000] {processor.py:161} INFO - Started process (PID=1588) to work on /home/airflow/.local/lib/python3.12/site-packages/airflow/example_dags/example_xcomargs.py
[2024-07-08T15:24:38.052+0000] {processor.py:830} INFO - Processing file /home/airflow/.local/lib/python3.12/site-packages/airflow/example_dags/example_xcomargs.py for tasks to queue
[2024-07-08T15:24:38.053+0000] {logging_mixin.py:188} INFO - [2024-07-08T15:24:38.053+0000] {dagbag.py:545} INFO - Filling up the DagBag from /home/airflow/.local/lib/python3.12/site-packages/airflow/example_dags/example_xcomargs.py
[2024-07-08T15:24:38.066+0000] {processor.py:840} INFO - DAG(s) 'example_xcom_args_with_operators', 'example_xcom_args' retrieved from /home/airflow/.local/lib/python3.12/site-packages/airflow/example_dags/example_xcomargs.py
[2024-07-08T15:24:38.100+0000] {logging_mixin.py:188} INFO - [2024-07-08T15:24:38.100+0000] {dag.py:3096} INFO - Sync 2 DAGs
[2024-07-08T15:24:38.116+0000] {logging_mixin.py:188} INFO - [2024-07-08T15:24:38.116+0000] {dag.py:3954} INFO - Setting next_dagrun for example_xcom_args to None, run_after=None
[2024-07-08T15:24:38.125+0000] {logging_mixin.py:188} INFO - [2024-07-08T15:24:38.124+0000] {dag.py:3954} INFO - Setting next_dagrun for example_xcom_args_with_operators to None, run_after=None
[2024-07-08T15:24:38.180+0000] {processor.py:183} INFO - Processing /home/airflow/.local/lib/python3.12/site-packages/airflow/example_dags/example_xcomargs.py took 0.136 seconds
[2024-07-08T15:25:08.283+0000] {processor.py:161} INFO - Started process (PID=1650) to work on /home/airflow/.local/lib/python3.12/site-packages/airflow/example_dags/example_xcomargs.py
[2024-07-08T15:25:08.285+0000] {processor.py:830} INFO - Processing file /home/airflow/.local/lib/python3.12/site-packages/airflow/example_dags/example_xcomargs.py for tasks to queue
[2024-07-08T15:25:08.286+0000] {logging_mixin.py:188} INFO - [2024-07-08T15:25:08.286+0000] {dagbag.py:545} INFO - Filling up the DagBag from /home/airflow/.local/lib/python3.12/site-packages/airflow/example_dags/example_xcomargs.py
[2024-07-08T15:25:08.296+0000] {processor.py:840} INFO - DAG(s) 'example_xcom_args', 'example_xcom_args_with_operators' retrieved from /home/airflow/.local/lib/python3.12/site-packages/airflow/example_dags/example_xcomargs.py
[2024-07-08T15:25:08.326+0000] {logging_mixin.py:188} INFO - [2024-07-08T15:25:08.326+0000] {dag.py:3096} INFO - Sync 2 DAGs
[2024-07-08T15:25:08.342+0000] {logging_mixin.py:188} INFO - [2024-07-08T15:25:08.342+0000] {dag.py:3954} INFO - Setting next_dagrun for example_xcom_args to None, run_after=None
[2024-07-08T15:25:08.354+0000] {logging_mixin.py:188} INFO - [2024-07-08T15:25:08.353+0000] {dag.py:3954} INFO - Setting next_dagrun for example_xcom_args_with_operators to None, run_after=None
[2024-07-08T15:25:08.387+0000] {processor.py:183} INFO - Processing /home/airflow/.local/lib/python3.12/site-packages/airflow/example_dags/example_xcomargs.py took 0.110 seconds
[2024-07-08T15:25:39.084+0000] {processor.py:161} INFO - Started process (PID=1717) to work on /home/airflow/.local/lib/python3.12/site-packages/airflow/example_dags/example_xcomargs.py
[2024-07-08T15:25:39.086+0000] {processor.py:830} INFO - Processing file /home/airflow/.local/lib/python3.12/site-packages/airflow/example_dags/example_xcomargs.py for tasks to queue
[2024-07-08T15:25:39.088+0000] {logging_mixin.py:188} INFO - [2024-07-08T15:25:39.087+0000] {dagbag.py:545} INFO - Filling up the DagBag from /home/airflow/.local/lib/python3.12/site-packages/airflow/example_dags/example_xcomargs.py
[2024-07-08T15:25:39.106+0000] {processor.py:840} INFO - DAG(s) 'example_xcom_args_with_operators', 'example_xcom_args' retrieved from /home/airflow/.local/lib/python3.12/site-packages/airflow/example_dags/example_xcomargs.py
[2024-07-08T15:25:39.172+0000] {logging_mixin.py:188} INFO - [2024-07-08T15:25:39.171+0000] {dag.py:3096} INFO - Sync 2 DAGs
[2024-07-08T15:25:39.215+0000] {logging_mixin.py:188} INFO - [2024-07-08T15:25:39.214+0000] {dag.py:3954} INFO - Setting next_dagrun for example_xcom_args to None, run_after=None
[2024-07-08T15:25:39.224+0000] {logging_mixin.py:188} INFO - [2024-07-08T15:25:39.223+0000] {dag.py:3954} INFO - Setting next_dagrun for example_xcom_args_with_operators to None, run_after=None
[2024-07-08T15:25:39.267+0000] {processor.py:183} INFO - Processing /home/airflow/.local/lib/python3.12/site-packages/airflow/example_dags/example_xcomargs.py took 0.195 seconds
[2024-07-08T15:26:10.147+0000] {processor.py:161} INFO - Started process (PID=1782) to work on /home/airflow/.local/lib/python3.12/site-packages/airflow/example_dags/example_xcomargs.py
[2024-07-08T15:26:10.148+0000] {processor.py:830} INFO - Processing file /home/airflow/.local/lib/python3.12/site-packages/airflow/example_dags/example_xcomargs.py for tasks to queue
[2024-07-08T15:26:10.150+0000] {logging_mixin.py:188} INFO - [2024-07-08T15:26:10.150+0000] {dagbag.py:545} INFO - Filling up the DagBag from /home/airflow/.local/lib/python3.12/site-packages/airflow/example_dags/example_xcomargs.py
[2024-07-08T15:26:10.174+0000] {processor.py:840} INFO - DAG(s) 'example_xcom_args', 'example_xcom_args_with_operators' retrieved from /home/airflow/.local/lib/python3.12/site-packages/airflow/example_dags/example_xcomargs.py
[2024-07-08T15:26:10.224+0000] {logging_mixin.py:188} INFO - [2024-07-08T15:26:10.223+0000] {dag.py:3096} INFO - Sync 2 DAGs
[2024-07-08T15:26:10.249+0000] {logging_mixin.py:188} INFO - [2024-07-08T15:26:10.248+0000] {dag.py:3954} INFO - Setting next_dagrun for example_xcom_args to None, run_after=None
[2024-07-08T15:26:10.257+0000] {logging_mixin.py:188} INFO - [2024-07-08T15:26:10.256+0000] {dag.py:3954} INFO - Setting next_dagrun for example_xcom_args_with_operators to None, run_after=None
[2024-07-08T15:26:10.295+0000] {processor.py:183} INFO - Processing /home/airflow/.local/lib/python3.12/site-packages/airflow/example_dags/example_xcomargs.py took 0.155 seconds
[2024-07-08T15:26:40.935+0000] {processor.py:161} INFO - Started process (PID=1843) to work on /home/airflow/.local/lib/python3.12/site-packages/airflow/example_dags/example_xcomargs.py
[2024-07-08T15:26:40.936+0000] {processor.py:830} INFO - Processing file /home/airflow/.local/lib/python3.12/site-packages/airflow/example_dags/example_xcomargs.py for tasks to queue
[2024-07-08T15:26:40.938+0000] {logging_mixin.py:188} INFO - [2024-07-08T15:26:40.938+0000] {dagbag.py:545} INFO - Filling up the DagBag from /home/airflow/.local/lib/python3.12/site-packages/airflow/example_dags/example_xcomargs.py
[2024-07-08T15:26:40.950+0000] {processor.py:840} INFO - DAG(s) 'example_xcom_args', 'example_xcom_args_with_operators' retrieved from /home/airflow/.local/lib/python3.12/site-packages/airflow/example_dags/example_xcomargs.py
[2024-07-08T15:26:40.988+0000] {logging_mixin.py:188} INFO - [2024-07-08T15:26:40.987+0000] {dag.py:3096} INFO - Sync 2 DAGs
[2024-07-08T15:26:41.005+0000] {logging_mixin.py:188} INFO - [2024-07-08T15:26:41.005+0000] {dag.py:3954} INFO - Setting next_dagrun for example_xcom_args to None, run_after=None
[2024-07-08T15:26:41.010+0000] {logging_mixin.py:188} INFO - [2024-07-08T15:26:41.010+0000] {dag.py:3954} INFO - Setting next_dagrun for example_xcom_args_with_operators to None, run_after=None
[2024-07-08T15:26:41.039+0000] {processor.py:183} INFO - Processing /home/airflow/.local/lib/python3.12/site-packages/airflow/example_dags/example_xcomargs.py took 0.115 seconds
[2024-07-08T15:27:11.889+0000] {processor.py:161} INFO - Started process (PID=1903) to work on /home/airflow/.local/lib/python3.12/site-packages/airflow/example_dags/example_xcomargs.py
[2024-07-08T15:27:11.891+0000] {processor.py:830} INFO - Processing file /home/airflow/.local/lib/python3.12/site-packages/airflow/example_dags/example_xcomargs.py for tasks to queue
[2024-07-08T15:27:11.892+0000] {logging_mixin.py:188} INFO - [2024-07-08T15:27:11.891+0000] {dagbag.py:545} INFO - Filling up the DagBag from /home/airflow/.local/lib/python3.12/site-packages/airflow/example_dags/example_xcomargs.py
[2024-07-08T15:27:11.903+0000] {processor.py:840} INFO - DAG(s) 'example_xcom_args', 'example_xcom_args_with_operators' retrieved from /home/airflow/.local/lib/python3.12/site-packages/airflow/example_dags/example_xcomargs.py
[2024-07-08T15:27:11.936+0000] {logging_mixin.py:188} INFO - [2024-07-08T15:27:11.935+0000] {dag.py:3096} INFO - Sync 2 DAGs
[2024-07-08T15:27:11.951+0000] {logging_mixin.py:188} INFO - [2024-07-08T15:27:11.950+0000] {dag.py:3954} INFO - Setting next_dagrun for example_xcom_args to None, run_after=None
[2024-07-08T15:27:11.956+0000] {logging_mixin.py:188} INFO - [2024-07-08T15:27:11.955+0000] {dag.py:3954} INFO - Setting next_dagrun for example_xcom_args_with_operators to None, run_after=None
[2024-07-08T15:27:11.988+0000] {processor.py:183} INFO - Processing /home/airflow/.local/lib/python3.12/site-packages/airflow/example_dags/example_xcomargs.py took 0.107 seconds
[2024-07-08T15:27:42.891+0000] {processor.py:161} INFO - Started process (PID=1961) to work on /home/airflow/.local/lib/python3.12/site-packages/airflow/example_dags/example_xcomargs.py
[2024-07-08T15:27:42.892+0000] {processor.py:830} INFO - Processing file /home/airflow/.local/lib/python3.12/site-packages/airflow/example_dags/example_xcomargs.py for tasks to queue
[2024-07-08T15:27:42.894+0000] {logging_mixin.py:188} INFO - [2024-07-08T15:27:42.893+0000] {dagbag.py:545} INFO - Filling up the DagBag from /home/airflow/.local/lib/python3.12/site-packages/airflow/example_dags/example_xcomargs.py
[2024-07-08T15:27:42.907+0000] {processor.py:840} INFO - DAG(s) 'example_xcom_args', 'example_xcom_args_with_operators' retrieved from /home/airflow/.local/lib/python3.12/site-packages/airflow/example_dags/example_xcomargs.py
[2024-07-08T15:27:43.125+0000] {logging_mixin.py:188} INFO - [2024-07-08T15:27:43.124+0000] {dag.py:3096} INFO - Sync 2 DAGs
[2024-07-08T15:27:43.142+0000] {logging_mixin.py:188} INFO - [2024-07-08T15:27:43.142+0000] {dag.py:3954} INFO - Setting next_dagrun for example_xcom_args to None, run_after=None
[2024-07-08T15:27:43.147+0000] {logging_mixin.py:188} INFO - [2024-07-08T15:27:43.146+0000] {dag.py:3954} INFO - Setting next_dagrun for example_xcom_args_with_operators to None, run_after=None
[2024-07-08T15:27:43.176+0000] {processor.py:183} INFO - Processing /home/airflow/.local/lib/python3.12/site-packages/airflow/example_dags/example_xcomargs.py took 0.293 seconds
[2024-07-08T15:28:14.165+0000] {processor.py:161} INFO - Started process (PID=2020) to work on /home/airflow/.local/lib/python3.12/site-packages/airflow/example_dags/example_xcomargs.py
[2024-07-08T15:28:14.166+0000] {processor.py:830} INFO - Processing file /home/airflow/.local/lib/python3.12/site-packages/airflow/example_dags/example_xcomargs.py for tasks to queue
[2024-07-08T15:28:14.168+0000] {logging_mixin.py:188} INFO - [2024-07-08T15:28:14.167+0000] {dagbag.py:545} INFO - Filling up the DagBag from /home/airflow/.local/lib/python3.12/site-packages/airflow/example_dags/example_xcomargs.py
[2024-07-08T15:28:14.183+0000] {processor.py:840} INFO - DAG(s) 'example_xcom_args', 'example_xcom_args_with_operators' retrieved from /home/airflow/.local/lib/python3.12/site-packages/airflow/example_dags/example_xcomargs.py
[2024-07-08T15:28:14.239+0000] {logging_mixin.py:188} INFO - [2024-07-08T15:28:14.239+0000] {dag.py:3096} INFO - Sync 2 DAGs
[2024-07-08T15:28:14.267+0000] {logging_mixin.py:188} INFO - [2024-07-08T15:28:14.267+0000] {dag.py:3954} INFO - Setting next_dagrun for example_xcom_args to None, run_after=None
[2024-07-08T15:28:14.272+0000] {logging_mixin.py:188} INFO - [2024-07-08T15:28:14.272+0000] {dag.py:3954} INFO - Setting next_dagrun for example_xcom_args_with_operators to None, run_after=None
[2024-07-08T15:28:14.304+0000] {processor.py:183} INFO - Processing /home/airflow/.local/lib/python3.12/site-packages/airflow/example_dags/example_xcomargs.py took 0.150 seconds
[2024-07-08T15:31:08.165+0000] {processor.py:161} INFO - Started process (PID=2081) to work on /home/airflow/.local/lib/python3.12/site-packages/airflow/example_dags/example_xcomargs.py
[2024-07-08T15:31:08.166+0000] {processor.py:830} INFO - Processing file /home/airflow/.local/lib/python3.12/site-packages/airflow/example_dags/example_xcomargs.py for tasks to queue
[2024-07-08T15:31:08.168+0000] {logging_mixin.py:188} INFO - [2024-07-08T15:31:08.168+0000] {dagbag.py:545} INFO - Filling up the DagBag from /home/airflow/.local/lib/python3.12/site-packages/airflow/example_dags/example_xcomargs.py
[2024-07-08T15:31:08.186+0000] {processor.py:840} INFO - DAG(s) 'example_xcom_args', 'example_xcom_args_with_operators' retrieved from /home/airflow/.local/lib/python3.12/site-packages/airflow/example_dags/example_xcomargs.py
[2024-07-08T15:31:08.231+0000] {logging_mixin.py:188} INFO - [2024-07-08T15:31:08.231+0000] {dag.py:3096} INFO - Sync 2 DAGs
[2024-07-08T15:31:08.253+0000] {logging_mixin.py:188} INFO - [2024-07-08T15:31:08.252+0000] {dag.py:3954} INFO - Setting next_dagrun for example_xcom_args to None, run_after=None
[2024-07-08T15:31:08.262+0000] {logging_mixin.py:188} INFO - [2024-07-08T15:31:08.262+0000] {dag.py:3954} INFO - Setting next_dagrun for example_xcom_args_with_operators to None, run_after=None
[2024-07-08T15:31:08.307+0000] {processor.py:183} INFO - Processing /home/airflow/.local/lib/python3.12/site-packages/airflow/example_dags/example_xcomargs.py took 0.151 seconds
[2024-07-08T15:31:39.415+0000] {processor.py:161} INFO - Started process (PID=2139) to work on /home/airflow/.local/lib/python3.12/site-packages/airflow/example_dags/example_xcomargs.py
[2024-07-08T15:31:39.418+0000] {processor.py:830} INFO - Processing file /home/airflow/.local/lib/python3.12/site-packages/airflow/example_dags/example_xcomargs.py for tasks to queue
[2024-07-08T15:31:39.420+0000] {logging_mixin.py:188} INFO - [2024-07-08T15:31:39.419+0000] {dagbag.py:545} INFO - Filling up the DagBag from /home/airflow/.local/lib/python3.12/site-packages/airflow/example_dags/example_xcomargs.py
[2024-07-08T15:31:39.439+0000] {processor.py:840} INFO - DAG(s) 'example_xcom_args_with_operators', 'example_xcom_args' retrieved from /home/airflow/.local/lib/python3.12/site-packages/airflow/example_dags/example_xcomargs.py
[2024-07-08T15:31:39.488+0000] {logging_mixin.py:188} INFO - [2024-07-08T15:31:39.487+0000] {dag.py:3096} INFO - Sync 2 DAGs
[2024-07-08T15:31:39.528+0000] {logging_mixin.py:188} INFO - [2024-07-08T15:31:39.528+0000] {dag.py:3954} INFO - Setting next_dagrun for example_xcom_args to None, run_after=None
[2024-07-08T15:31:39.541+0000] {logging_mixin.py:188} INFO - [2024-07-08T15:31:39.540+0000] {dag.py:3954} INFO - Setting next_dagrun for example_xcom_args_with_operators to None, run_after=None
[2024-07-08T15:31:39.598+0000] {processor.py:183} INFO - Processing /home/airflow/.local/lib/python3.12/site-packages/airflow/example_dags/example_xcomargs.py took 0.191 seconds
[2024-07-08T15:32:09.758+0000] {processor.py:161} INFO - Started process (PID=2197) to work on /home/airflow/.local/lib/python3.12/site-packages/airflow/example_dags/example_xcomargs.py
[2024-07-08T15:32:09.760+0000] {processor.py:830} INFO - Processing file /home/airflow/.local/lib/python3.12/site-packages/airflow/example_dags/example_xcomargs.py for tasks to queue
[2024-07-08T15:32:09.763+0000] {logging_mixin.py:188} INFO - [2024-07-08T15:32:09.762+0000] {dagbag.py:545} INFO - Filling up the DagBag from /home/airflow/.local/lib/python3.12/site-packages/airflow/example_dags/example_xcomargs.py
[2024-07-08T15:32:09.773+0000] {processor.py:840} INFO - DAG(s) 'example_xcom_args_with_operators', 'example_xcom_args' retrieved from /home/airflow/.local/lib/python3.12/site-packages/airflow/example_dags/example_xcomargs.py
[2024-07-08T15:32:09.813+0000] {logging_mixin.py:188} INFO - [2024-07-08T15:32:09.812+0000] {dag.py:3096} INFO - Sync 2 DAGs
[2024-07-08T15:32:09.837+0000] {logging_mixin.py:188} INFO - [2024-07-08T15:32:09.837+0000] {dag.py:3954} INFO - Setting next_dagrun for example_xcom_args to None, run_after=None
[2024-07-08T15:32:09.847+0000] {logging_mixin.py:188} INFO - [2024-07-08T15:32:09.846+0000] {dag.py:3954} INFO - Setting next_dagrun for example_xcom_args_with_operators to None, run_after=None
[2024-07-08T15:32:09.889+0000] {processor.py:183} INFO - Processing /home/airflow/.local/lib/python3.12/site-packages/airflow/example_dags/example_xcomargs.py took 0.138 seconds
[2024-07-08T15:34:36.130+0000] {processor.py:161} INFO - Started process (PID=2275) to work on /home/airflow/.local/lib/python3.12/site-packages/airflow/example_dags/example_xcomargs.py
[2024-07-08T15:34:36.171+0000] {processor.py:830} INFO - Processing file /home/airflow/.local/lib/python3.12/site-packages/airflow/example_dags/example_xcomargs.py for tasks to queue
[2024-07-08T15:34:36.193+0000] {logging_mixin.py:188} INFO - [2024-07-08T15:34:36.173+0000] {dagbag.py:545} INFO - Filling up the DagBag from /home/airflow/.local/lib/python3.12/site-packages/airflow/example_dags/example_xcomargs.py
[2024-07-08T15:34:36.349+0000] {processor.py:840} INFO - DAG(s) 'example_xcom_args_with_operators', 'example_xcom_args' retrieved from /home/airflow/.local/lib/python3.12/site-packages/airflow/example_dags/example_xcomargs.py
[2024-07-08T15:42:14.499+0000] {processor.py:161} INFO - Started process (PID=2411) to work on /home/airflow/.local/lib/python3.12/site-packages/airflow/example_dags/example_xcomargs.py
[2024-07-08T15:42:14.501+0000] {processor.py:830} INFO - Processing file /home/airflow/.local/lib/python3.12/site-packages/airflow/example_dags/example_xcomargs.py for tasks to queue
[2024-07-08T15:42:14.504+0000] {logging_mixin.py:188} INFO - [2024-07-08T15:42:14.503+0000] {dagbag.py:545} INFO - Filling up the DagBag from /home/airflow/.local/lib/python3.12/site-packages/airflow/example_dags/example_xcomargs.py
[2024-07-08T15:42:14.551+0000] {processor.py:840} INFO - DAG(s) 'example_xcom_args_with_operators', 'example_xcom_args' retrieved from /home/airflow/.local/lib/python3.12/site-packages/airflow/example_dags/example_xcomargs.py
[2024-07-08T15:42:15.302+0000] {logging_mixin.py:188} INFO - [2024-07-08T15:42:15.302+0000] {dag.py:3096} INFO - Sync 2 DAGs
[2024-07-08T15:42:15.368+0000] {logging_mixin.py:188} INFO - [2024-07-08T15:42:15.367+0000] {dag.py:3954} INFO - Setting next_dagrun for example_xcom_args to None, run_after=None
[2024-07-08T15:42:15.388+0000] {logging_mixin.py:188} INFO - [2024-07-08T15:42:15.387+0000] {dag.py:3954} INFO - Setting next_dagrun for example_xcom_args_with_operators to None, run_after=None
[2024-07-08T15:42:15.457+0000] {processor.py:183} INFO - Processing /home/airflow/.local/lib/python3.12/site-packages/airflow/example_dags/example_xcomargs.py took 1.005 seconds
[2024-07-08T15:42:45.846+0000] {processor.py:161} INFO - Started process (PID=2474) to work on /home/airflow/.local/lib/python3.12/site-packages/airflow/example_dags/example_xcomargs.py
[2024-07-08T15:42:45.850+0000] {processor.py:830} INFO - Processing file /home/airflow/.local/lib/python3.12/site-packages/airflow/example_dags/example_xcomargs.py for tasks to queue
[2024-07-08T15:42:45.856+0000] {logging_mixin.py:188} INFO - [2024-07-08T15:42:45.856+0000] {dagbag.py:545} INFO - Filling up the DagBag from /home/airflow/.local/lib/python3.12/site-packages/airflow/example_dags/example_xcomargs.py
[2024-07-08T15:42:45.876+0000] {processor.py:840} INFO - DAG(s) 'example_xcom_args_with_operators', 'example_xcom_args' retrieved from /home/airflow/.local/lib/python3.12/site-packages/airflow/example_dags/example_xcomargs.py
[2024-07-08T15:42:45.928+0000] {logging_mixin.py:188} INFO - [2024-07-08T15:42:45.928+0000] {dag.py:3096} INFO - Sync 2 DAGs
[2024-07-08T15:42:45.969+0000] {logging_mixin.py:188} INFO - [2024-07-08T15:42:45.969+0000] {dag.py:3954} INFO - Setting next_dagrun for example_xcom_args to None, run_after=None
[2024-07-08T15:42:46.004+0000] {logging_mixin.py:188} INFO - [2024-07-08T15:42:46.004+0000] {dag.py:3954} INFO - Setting next_dagrun for example_xcom_args_with_operators to None, run_after=None
[2024-07-08T15:42:46.065+0000] {processor.py:183} INFO - Processing /home/airflow/.local/lib/python3.12/site-packages/airflow/example_dags/example_xcomargs.py took 0.240 seconds
[2024-07-08T15:43:16.460+0000] {processor.py:161} INFO - Started process (PID=2533) to work on /home/airflow/.local/lib/python3.12/site-packages/airflow/example_dags/example_xcomargs.py
[2024-07-08T15:43:16.461+0000] {processor.py:830} INFO - Processing file /home/airflow/.local/lib/python3.12/site-packages/airflow/example_dags/example_xcomargs.py for tasks to queue
[2024-07-08T15:43:16.463+0000] {logging_mixin.py:188} INFO - [2024-07-08T15:43:16.462+0000] {dagbag.py:545} INFO - Filling up the DagBag from /home/airflow/.local/lib/python3.12/site-packages/airflow/example_dags/example_xcomargs.py
[2024-07-08T15:43:16.475+0000] {processor.py:840} INFO - DAG(s) 'example_xcom_args_with_operators', 'example_xcom_args' retrieved from /home/airflow/.local/lib/python3.12/site-packages/airflow/example_dags/example_xcomargs.py
[2024-07-08T15:43:16.514+0000] {logging_mixin.py:188} INFO - [2024-07-08T15:43:16.514+0000] {dag.py:3096} INFO - Sync 2 DAGs
[2024-07-08T15:43:16.529+0000] {logging_mixin.py:188} INFO - [2024-07-08T15:43:16.529+0000] {dag.py:3954} INFO - Setting next_dagrun for example_xcom_args to None, run_after=None
[2024-07-08T15:43:16.534+0000] {logging_mixin.py:188} INFO - [2024-07-08T15:43:16.534+0000] {dag.py:3954} INFO - Setting next_dagrun for example_xcom_args_with_operators to None, run_after=None
[2024-07-08T15:43:16.559+0000] {processor.py:183} INFO - Processing /home/airflow/.local/lib/python3.12/site-packages/airflow/example_dags/example_xcomargs.py took 0.108 seconds
[2024-07-08T15:43:46.721+0000] {processor.py:161} INFO - Started process (PID=2593) to work on /home/airflow/.local/lib/python3.12/site-packages/airflow/example_dags/example_xcomargs.py
[2024-07-08T15:43:46.722+0000] {processor.py:830} INFO - Processing file /home/airflow/.local/lib/python3.12/site-packages/airflow/example_dags/example_xcomargs.py for tasks to queue
[2024-07-08T15:43:46.724+0000] {logging_mixin.py:188} INFO - [2024-07-08T15:43:46.723+0000] {dagbag.py:545} INFO - Filling up the DagBag from /home/airflow/.local/lib/python3.12/site-packages/airflow/example_dags/example_xcomargs.py
[2024-07-08T15:43:46.735+0000] {processor.py:840} INFO - DAG(s) 'example_xcom_args', 'example_xcom_args_with_operators' retrieved from /home/airflow/.local/lib/python3.12/site-packages/airflow/example_dags/example_xcomargs.py
[2024-07-08T15:43:46.773+0000] {logging_mixin.py:188} INFO - [2024-07-08T15:43:46.773+0000] {dag.py:3096} INFO - Sync 2 DAGs
[2024-07-08T15:43:46.799+0000] {logging_mixin.py:188} INFO - [2024-07-08T15:43:46.799+0000] {dag.py:3954} INFO - Setting next_dagrun for example_xcom_args to None, run_after=None
[2024-07-08T15:43:46.805+0000] {logging_mixin.py:188} INFO - [2024-07-08T15:43:46.804+0000] {dag.py:3954} INFO - Setting next_dagrun for example_xcom_args_with_operators to None, run_after=None
[2024-07-08T15:43:46.857+0000] {processor.py:183} INFO - Processing /home/airflow/.local/lib/python3.12/site-packages/airflow/example_dags/example_xcomargs.py took 0.143 seconds
