[2024-07-08T15:07:32.369+0000] {processor.py:161} INFO - Started process (PID=40) to work on /home/airflow/.local/lib/python3.12/site-packages/airflow/example_dags/example_bash_decorator.py
[2024-07-08T15:07:32.394+0000] {processor.py:830} INFO - Processing file /home/airflow/.local/lib/python3.12/site-packages/airflow/example_dags/example_bash_decorator.py for tasks to queue
[2024-07-08T15:07:32.409+0000] {logging_mixin.py:188} INFO - [2024-07-08T15:07:32.407+0000] {dagbag.py:545} INFO - Filling up the DagBag from /home/airflow/.local/lib/python3.12/site-packages/airflow/example_dags/example_bash_decorator.py
[2024-07-08T15:07:32.521+0000] {processor.py:840} INFO - DAG(s) 'example_bash_decorator' retrieved from /home/airflow/.local/lib/python3.12/site-packages/airflow/example_dags/example_bash_decorator.py
[2024-07-08T15:07:33.424+0000] {logging_mixin.py:188} INFO - [2024-07-08T15:07:33.424+0000] {dag.py:3096} INFO - Sync 1 DAGs
[2024-07-08T15:07:33.530+0000] {logging_mixin.py:188} INFO - [2024-07-08T15:07:33.530+0000] {dag.py:3954} INFO - Setting next_dagrun for example_bash_decorator to None, run_after=None
[2024-07-08T15:07:33.615+0000] {processor.py:183} INFO - Processing /home/airflow/.local/lib/python3.12/site-packages/airflow/example_dags/example_bash_decorator.py took 1.309 seconds
[2024-07-08T15:08:06.475+0000] {processor.py:161} INFO - Started process (PID=98) to work on /home/airflow/.local/lib/python3.12/site-packages/airflow/example_dags/example_bash_decorator.py
[2024-07-08T15:08:06.478+0000] {processor.py:830} INFO - Processing file /home/airflow/.local/lib/python3.12/site-packages/airflow/example_dags/example_bash_decorator.py for tasks to queue
[2024-07-08T15:08:06.481+0000] {logging_mixin.py:188} INFO - [2024-07-08T15:08:06.480+0000] {dagbag.py:545} INFO - Filling up the DagBag from /home/airflow/.local/lib/python3.12/site-packages/airflow/example_dags/example_bash_decorator.py
[2024-07-08T15:08:06.508+0000] {processor.py:840} INFO - DAG(s) 'example_bash_decorator' retrieved from /home/airflow/.local/lib/python3.12/site-packages/airflow/example_dags/example_bash_decorator.py
[2024-07-08T15:08:06.556+0000] {logging_mixin.py:188} INFO - [2024-07-08T15:08:06.555+0000] {dag.py:3096} INFO - Sync 1 DAGs
[2024-07-08T15:08:06.585+0000] {logging_mixin.py:188} INFO - [2024-07-08T15:08:06.584+0000] {dag.py:3954} INFO - Setting next_dagrun for example_bash_decorator to None, run_after=None
[2024-07-08T15:08:06.620+0000] {processor.py:183} INFO - Processing /home/airflow/.local/lib/python3.12/site-packages/airflow/example_dags/example_bash_decorator.py took 0.156 seconds
[2024-07-08T15:08:37.302+0000] {processor.py:161} INFO - Started process (PID=153) to work on /home/airflow/.local/lib/python3.12/site-packages/airflow/example_dags/example_bash_decorator.py
[2024-07-08T15:08:37.310+0000] {processor.py:830} INFO - Processing file /home/airflow/.local/lib/python3.12/site-packages/airflow/example_dags/example_bash_decorator.py for tasks to queue
[2024-07-08T15:08:37.313+0000] {logging_mixin.py:188} INFO - [2024-07-08T15:08:37.313+0000] {dagbag.py:545} INFO - Filling up the DagBag from /home/airflow/.local/lib/python3.12/site-packages/airflow/example_dags/example_bash_decorator.py
[2024-07-08T15:08:37.329+0000] {processor.py:840} INFO - DAG(s) 'example_bash_decorator' retrieved from /home/airflow/.local/lib/python3.12/site-packages/airflow/example_dags/example_bash_decorator.py
[2024-07-08T15:08:37.367+0000] {logging_mixin.py:188} INFO - [2024-07-08T15:08:37.367+0000] {dag.py:3096} INFO - Sync 1 DAGs
[2024-07-08T15:08:37.386+0000] {logging_mixin.py:188} INFO - [2024-07-08T15:08:37.386+0000] {dag.py:3954} INFO - Setting next_dagrun for example_bash_decorator to None, run_after=None
[2024-07-08T15:08:37.505+0000] {processor.py:183} INFO - Processing /home/airflow/.local/lib/python3.12/site-packages/airflow/example_dags/example_bash_decorator.py took 0.210 seconds
[2024-07-08T15:09:08.232+0000] {processor.py:161} INFO - Started process (PID=211) to work on /home/airflow/.local/lib/python3.12/site-packages/airflow/example_dags/example_bash_decorator.py
[2024-07-08T15:09:08.367+0000] {processor.py:830} INFO - Processing file /home/airflow/.local/lib/python3.12/site-packages/airflow/example_dags/example_bash_decorator.py for tasks to queue
[2024-07-08T15:09:08.378+0000] {logging_mixin.py:188} INFO - [2024-07-08T15:09:08.377+0000] {dagbag.py:545} INFO - Filling up the DagBag from /home/airflow/.local/lib/python3.12/site-packages/airflow/example_dags/example_bash_decorator.py
[2024-07-08T15:09:08.603+0000] {processor.py:840} INFO - DAG(s) 'example_bash_decorator' retrieved from /home/airflow/.local/lib/python3.12/site-packages/airflow/example_dags/example_bash_decorator.py
[2024-07-08T15:09:08.813+0000] {logging_mixin.py:188} INFO - [2024-07-08T15:09:08.813+0000] {dag.py:3096} INFO - Sync 1 DAGs
[2024-07-08T15:09:08.877+0000] {logging_mixin.py:188} INFO - [2024-07-08T15:09:08.877+0000] {dag.py:3954} INFO - Setting next_dagrun for example_bash_decorator to None, run_after=None
[2024-07-08T15:09:08.963+0000] {processor.py:183} INFO - Processing /home/airflow/.local/lib/python3.12/site-packages/airflow/example_dags/example_bash_decorator.py took 0.777 seconds
[2024-07-08T15:09:39.778+0000] {processor.py:161} INFO - Started process (PID=269) to work on /home/airflow/.local/lib/python3.12/site-packages/airflow/example_dags/example_bash_decorator.py
[2024-07-08T15:09:39.780+0000] {processor.py:830} INFO - Processing file /home/airflow/.local/lib/python3.12/site-packages/airflow/example_dags/example_bash_decorator.py for tasks to queue
[2024-07-08T15:09:39.783+0000] {logging_mixin.py:188} INFO - [2024-07-08T15:09:39.782+0000] {dagbag.py:545} INFO - Filling up the DagBag from /home/airflow/.local/lib/python3.12/site-packages/airflow/example_dags/example_bash_decorator.py
[2024-07-08T15:09:39.802+0000] {processor.py:840} INFO - DAG(s) 'example_bash_decorator' retrieved from /home/airflow/.local/lib/python3.12/site-packages/airflow/example_dags/example_bash_decorator.py
[2024-07-08T15:09:39.840+0000] {logging_mixin.py:188} INFO - [2024-07-08T15:09:39.840+0000] {dag.py:3096} INFO - Sync 1 DAGs
[2024-07-08T15:09:39.859+0000] {logging_mixin.py:188} INFO - [2024-07-08T15:09:39.858+0000] {dag.py:3954} INFO - Setting next_dagrun for example_bash_decorator to None, run_after=None
[2024-07-08T15:09:39.891+0000] {processor.py:183} INFO - Processing /home/airflow/.local/lib/python3.12/site-packages/airflow/example_dags/example_bash_decorator.py took 0.122 seconds
[2024-07-08T15:10:10.641+0000] {processor.py:161} INFO - Started process (PID=327) to work on /home/airflow/.local/lib/python3.12/site-packages/airflow/example_dags/example_bash_decorator.py
[2024-07-08T15:10:10.642+0000] {processor.py:830} INFO - Processing file /home/airflow/.local/lib/python3.12/site-packages/airflow/example_dags/example_bash_decorator.py for tasks to queue
[2024-07-08T15:10:10.645+0000] {logging_mixin.py:188} INFO - [2024-07-08T15:10:10.645+0000] {dagbag.py:545} INFO - Filling up the DagBag from /home/airflow/.local/lib/python3.12/site-packages/airflow/example_dags/example_bash_decorator.py
[2024-07-08T15:10:10.661+0000] {processor.py:840} INFO - DAG(s) 'example_bash_decorator' retrieved from /home/airflow/.local/lib/python3.12/site-packages/airflow/example_dags/example_bash_decorator.py
[2024-07-08T15:10:10.698+0000] {logging_mixin.py:188} INFO - [2024-07-08T15:10:10.697+0000] {dag.py:3096} INFO - Sync 1 DAGs
[2024-07-08T15:10:10.716+0000] {logging_mixin.py:188} INFO - [2024-07-08T15:10:10.716+0000] {dag.py:3954} INFO - Setting next_dagrun for example_bash_decorator to None, run_after=None
[2024-07-08T15:10:10.748+0000] {processor.py:183} INFO - Processing /home/airflow/.local/lib/python3.12/site-packages/airflow/example_dags/example_bash_decorator.py took 0.116 seconds
[2024-07-08T15:10:41.003+0000] {processor.py:161} INFO - Started process (PID=384) to work on /home/airflow/.local/lib/python3.12/site-packages/airflow/example_dags/example_bash_decorator.py
[2024-07-08T15:10:41.005+0000] {processor.py:830} INFO - Processing file /home/airflow/.local/lib/python3.12/site-packages/airflow/example_dags/example_bash_decorator.py for tasks to queue
[2024-07-08T15:10:41.007+0000] {logging_mixin.py:188} INFO - [2024-07-08T15:10:41.007+0000] {dagbag.py:545} INFO - Filling up the DagBag from /home/airflow/.local/lib/python3.12/site-packages/airflow/example_dags/example_bash_decorator.py
[2024-07-08T15:10:41.023+0000] {processor.py:840} INFO - DAG(s) 'example_bash_decorator' retrieved from /home/airflow/.local/lib/python3.12/site-packages/airflow/example_dags/example_bash_decorator.py
[2024-07-08T15:10:41.051+0000] {logging_mixin.py:188} INFO - [2024-07-08T15:10:41.051+0000] {dag.py:3096} INFO - Sync 1 DAGs
[2024-07-08T15:10:41.070+0000] {logging_mixin.py:188} INFO - [2024-07-08T15:10:41.070+0000] {dag.py:3954} INFO - Setting next_dagrun for example_bash_decorator to None, run_after=None
[2024-07-08T15:10:41.102+0000] {processor.py:183} INFO - Processing /home/airflow/.local/lib/python3.12/site-packages/airflow/example_dags/example_bash_decorator.py took 0.107 seconds
[2024-07-08T15:11:12.132+0000] {processor.py:161} INFO - Started process (PID=442) to work on /home/airflow/.local/lib/python3.12/site-packages/airflow/example_dags/example_bash_decorator.py
[2024-07-08T15:11:12.133+0000] {processor.py:830} INFO - Processing file /home/airflow/.local/lib/python3.12/site-packages/airflow/example_dags/example_bash_decorator.py for tasks to queue
[2024-07-08T15:11:12.136+0000] {logging_mixin.py:188} INFO - [2024-07-08T15:11:12.135+0000] {dagbag.py:545} INFO - Filling up the DagBag from /home/airflow/.local/lib/python3.12/site-packages/airflow/example_dags/example_bash_decorator.py
[2024-07-08T15:11:12.150+0000] {processor.py:840} INFO - DAG(s) 'example_bash_decorator' retrieved from /home/airflow/.local/lib/python3.12/site-packages/airflow/example_dags/example_bash_decorator.py
[2024-07-08T15:11:12.179+0000] {logging_mixin.py:188} INFO - [2024-07-08T15:11:12.179+0000] {dag.py:3096} INFO - Sync 1 DAGs
[2024-07-08T15:11:12.195+0000] {logging_mixin.py:188} INFO - [2024-07-08T15:11:12.195+0000] {dag.py:3954} INFO - Setting next_dagrun for example_bash_decorator to None, run_after=None
[2024-07-08T15:11:12.223+0000] {processor.py:183} INFO - Processing /home/airflow/.local/lib/python3.12/site-packages/airflow/example_dags/example_bash_decorator.py took 0.098 seconds
[2024-07-08T15:11:42.952+0000] {processor.py:161} INFO - Started process (PID=505) to work on /home/airflow/.local/lib/python3.12/site-packages/airflow/example_dags/example_bash_decorator.py
[2024-07-08T15:11:42.953+0000] {processor.py:830} INFO - Processing file /home/airflow/.local/lib/python3.12/site-packages/airflow/example_dags/example_bash_decorator.py for tasks to queue
[2024-07-08T15:11:42.956+0000] {logging_mixin.py:188} INFO - [2024-07-08T15:11:42.955+0000] {dagbag.py:545} INFO - Filling up the DagBag from /home/airflow/.local/lib/python3.12/site-packages/airflow/example_dags/example_bash_decorator.py
[2024-07-08T15:11:42.973+0000] {processor.py:840} INFO - DAG(s) 'example_bash_decorator' retrieved from /home/airflow/.local/lib/python3.12/site-packages/airflow/example_dags/example_bash_decorator.py
[2024-07-08T15:11:43.004+0000] {logging_mixin.py:188} INFO - [2024-07-08T15:11:43.003+0000] {dag.py:3096} INFO - Sync 1 DAGs
[2024-07-08T15:11:43.018+0000] {logging_mixin.py:188} INFO - [2024-07-08T15:11:43.018+0000] {dag.py:3954} INFO - Setting next_dagrun for example_bash_decorator to None, run_after=None
[2024-07-08T15:11:43.053+0000] {processor.py:183} INFO - Processing /home/airflow/.local/lib/python3.12/site-packages/airflow/example_dags/example_bash_decorator.py took 0.108 seconds
[2024-07-08T15:12:13.766+0000] {processor.py:161} INFO - Started process (PID=563) to work on /home/airflow/.local/lib/python3.12/site-packages/airflow/example_dags/example_bash_decorator.py
[2024-07-08T15:12:13.768+0000] {processor.py:830} INFO - Processing file /home/airflow/.local/lib/python3.12/site-packages/airflow/example_dags/example_bash_decorator.py for tasks to queue
[2024-07-08T15:12:13.771+0000] {logging_mixin.py:188} INFO - [2024-07-08T15:12:13.770+0000] {dagbag.py:545} INFO - Filling up the DagBag from /home/airflow/.local/lib/python3.12/site-packages/airflow/example_dags/example_bash_decorator.py
[2024-07-08T15:12:13.795+0000] {processor.py:840} INFO - DAG(s) 'example_bash_decorator' retrieved from /home/airflow/.local/lib/python3.12/site-packages/airflow/example_dags/example_bash_decorator.py
[2024-07-08T15:12:13.830+0000] {logging_mixin.py:188} INFO - [2024-07-08T15:12:13.830+0000] {dag.py:3096} INFO - Sync 1 DAGs
[2024-07-08T15:12:13.850+0000] {logging_mixin.py:188} INFO - [2024-07-08T15:12:13.849+0000] {dag.py:3954} INFO - Setting next_dagrun for example_bash_decorator to None, run_after=None
[2024-07-08T15:12:13.895+0000] {processor.py:183} INFO - Processing /home/airflow/.local/lib/python3.12/site-packages/airflow/example_dags/example_bash_decorator.py took 0.136 seconds
[2024-07-08T15:12:44.785+0000] {processor.py:161} INFO - Started process (PID=622) to work on /home/airflow/.local/lib/python3.12/site-packages/airflow/example_dags/example_bash_decorator.py
[2024-07-08T15:12:44.787+0000] {processor.py:830} INFO - Processing file /home/airflow/.local/lib/python3.12/site-packages/airflow/example_dags/example_bash_decorator.py for tasks to queue
[2024-07-08T15:12:44.793+0000] {logging_mixin.py:188} INFO - [2024-07-08T15:12:44.792+0000] {dagbag.py:545} INFO - Filling up the DagBag from /home/airflow/.local/lib/python3.12/site-packages/airflow/example_dags/example_bash_decorator.py
[2024-07-08T15:12:44.814+0000] {processor.py:840} INFO - DAG(s) 'example_bash_decorator' retrieved from /home/airflow/.local/lib/python3.12/site-packages/airflow/example_dags/example_bash_decorator.py
[2024-07-08T15:12:44.849+0000] {logging_mixin.py:188} INFO - [2024-07-08T15:12:44.849+0000] {dag.py:3096} INFO - Sync 1 DAGs
[2024-07-08T15:12:44.871+0000] {logging_mixin.py:188} INFO - [2024-07-08T15:12:44.870+0000] {dag.py:3954} INFO - Setting next_dagrun for example_bash_decorator to None, run_after=None
[2024-07-08T15:12:44.905+0000] {processor.py:183} INFO - Processing /home/airflow/.local/lib/python3.12/site-packages/airflow/example_dags/example_bash_decorator.py took 0.127 seconds
[2024-07-08T15:13:15.811+0000] {processor.py:161} INFO - Started process (PID=680) to work on /home/airflow/.local/lib/python3.12/site-packages/airflow/example_dags/example_bash_decorator.py
[2024-07-08T15:13:15.814+0000] {processor.py:830} INFO - Processing file /home/airflow/.local/lib/python3.12/site-packages/airflow/example_dags/example_bash_decorator.py for tasks to queue
[2024-07-08T15:13:15.827+0000] {logging_mixin.py:188} INFO - [2024-07-08T15:13:15.827+0000] {dagbag.py:545} INFO - Filling up the DagBag from /home/airflow/.local/lib/python3.12/site-packages/airflow/example_dags/example_bash_decorator.py
[2024-07-08T15:13:15.900+0000] {processor.py:840} INFO - DAG(s) 'example_bash_decorator' retrieved from /home/airflow/.local/lib/python3.12/site-packages/airflow/example_dags/example_bash_decorator.py
[2024-07-08T15:13:16.025+0000] {logging_mixin.py:188} INFO - [2024-07-08T15:13:16.024+0000] {dag.py:3096} INFO - Sync 1 DAGs
[2024-07-08T15:13:16.110+0000] {logging_mixin.py:188} INFO - [2024-07-08T15:13:16.110+0000] {dag.py:3954} INFO - Setting next_dagrun for example_bash_decorator to None, run_after=None
[2024-07-08T15:13:16.172+0000] {processor.py:183} INFO - Processing /home/airflow/.local/lib/python3.12/site-packages/airflow/example_dags/example_bash_decorator.py took 0.392 seconds
[2024-07-08T15:13:46.525+0000] {processor.py:161} INFO - Started process (PID=738) to work on /home/airflow/.local/lib/python3.12/site-packages/airflow/example_dags/example_bash_decorator.py
[2024-07-08T15:13:46.528+0000] {processor.py:830} INFO - Processing file /home/airflow/.local/lib/python3.12/site-packages/airflow/example_dags/example_bash_decorator.py for tasks to queue
[2024-07-08T15:13:46.533+0000] {logging_mixin.py:188} INFO - [2024-07-08T15:13:46.531+0000] {dagbag.py:545} INFO - Filling up the DagBag from /home/airflow/.local/lib/python3.12/site-packages/airflow/example_dags/example_bash_decorator.py
[2024-07-08T15:13:46.628+0000] {processor.py:840} INFO - DAG(s) 'example_bash_decorator' retrieved from /home/airflow/.local/lib/python3.12/site-packages/airflow/example_dags/example_bash_decorator.py
[2024-07-08T15:13:46.890+0000] {logging_mixin.py:188} INFO - [2024-07-08T15:13:46.878+0000] {dag.py:3096} INFO - Sync 1 DAGs
[2024-07-08T15:13:46.950+0000] {logging_mixin.py:188} INFO - [2024-07-08T15:13:46.948+0000] {dag.py:3954} INFO - Setting next_dagrun for example_bash_decorator to None, run_after=None
[2024-07-08T15:13:47.057+0000] {processor.py:183} INFO - Processing /home/airflow/.local/lib/python3.12/site-packages/airflow/example_dags/example_bash_decorator.py took 0.551 seconds
[2024-07-08T15:16:10.647+0000] {processor.py:161} INFO - Started process (PID=752) to work on /home/airflow/.local/lib/python3.12/site-packages/airflow/example_dags/example_bash_decorator.py
[2024-07-08T15:16:10.650+0000] {processor.py:830} INFO - Processing file /home/airflow/.local/lib/python3.12/site-packages/airflow/example_dags/example_bash_decorator.py for tasks to queue
[2024-07-08T15:16:10.653+0000] {logging_mixin.py:188} INFO - [2024-07-08T15:16:10.651+0000] {dagbag.py:545} INFO - Filling up the DagBag from /home/airflow/.local/lib/python3.12/site-packages/airflow/example_dags/example_bash_decorator.py
[2024-07-08T15:16:10.708+0000] {processor.py:840} INFO - DAG(s) 'example_bash_decorator' retrieved from /home/airflow/.local/lib/python3.12/site-packages/airflow/example_dags/example_bash_decorator.py
[2024-07-08T15:16:10.785+0000] {logging_mixin.py:188} INFO - [2024-07-08T15:16:10.784+0000] {dag.py:3096} INFO - Sync 1 DAGs
[2024-07-08T15:16:10.849+0000] {logging_mixin.py:188} INFO - [2024-07-08T15:16:10.849+0000] {dag.py:3954} INFO - Setting next_dagrun for example_bash_decorator to None, run_after=None
[2024-07-08T15:16:10.917+0000] {processor.py:183} INFO - Processing /home/airflow/.local/lib/python3.12/site-packages/airflow/example_dags/example_bash_decorator.py took 0.281 seconds
[2024-07-08T15:16:41.744+0000] {processor.py:161} INFO - Started process (PID=810) to work on /home/airflow/.local/lib/python3.12/site-packages/airflow/example_dags/example_bash_decorator.py
[2024-07-08T15:16:41.746+0000] {processor.py:830} INFO - Processing file /home/airflow/.local/lib/python3.12/site-packages/airflow/example_dags/example_bash_decorator.py for tasks to queue
[2024-07-08T15:16:41.749+0000] {logging_mixin.py:188} INFO - [2024-07-08T15:16:41.748+0000] {dagbag.py:545} INFO - Filling up the DagBag from /home/airflow/.local/lib/python3.12/site-packages/airflow/example_dags/example_bash_decorator.py
[2024-07-08T15:16:41.778+0000] {processor.py:840} INFO - DAG(s) 'example_bash_decorator' retrieved from /home/airflow/.local/lib/python3.12/site-packages/airflow/example_dags/example_bash_decorator.py
[2024-07-08T15:16:41.821+0000] {logging_mixin.py:188} INFO - [2024-07-08T15:16:41.820+0000] {dag.py:3096} INFO - Sync 1 DAGs
[2024-07-08T15:16:41.847+0000] {logging_mixin.py:188} INFO - [2024-07-08T15:16:41.846+0000] {dag.py:3954} INFO - Setting next_dagrun for example_bash_decorator to None, run_after=None
[2024-07-08T15:16:41.884+0000] {processor.py:183} INFO - Processing /home/airflow/.local/lib/python3.12/site-packages/airflow/example_dags/example_bash_decorator.py took 0.158 seconds
[2024-07-08T15:17:12.692+0000] {processor.py:161} INFO - Started process (PID=868) to work on /home/airflow/.local/lib/python3.12/site-packages/airflow/example_dags/example_bash_decorator.py
[2024-07-08T15:17:12.693+0000] {processor.py:830} INFO - Processing file /home/airflow/.local/lib/python3.12/site-packages/airflow/example_dags/example_bash_decorator.py for tasks to queue
[2024-07-08T15:17:12.695+0000] {logging_mixin.py:188} INFO - [2024-07-08T15:17:12.694+0000] {dagbag.py:545} INFO - Filling up the DagBag from /home/airflow/.local/lib/python3.12/site-packages/airflow/example_dags/example_bash_decorator.py
[2024-07-08T15:17:12.716+0000] {processor.py:840} INFO - DAG(s) 'example_bash_decorator' retrieved from /home/airflow/.local/lib/python3.12/site-packages/airflow/example_dags/example_bash_decorator.py
[2024-07-08T15:17:12.753+0000] {logging_mixin.py:188} INFO - [2024-07-08T15:17:12.753+0000] {dag.py:3096} INFO - Sync 1 DAGs
[2024-07-08T15:17:12.773+0000] {logging_mixin.py:188} INFO - [2024-07-08T15:17:12.772+0000] {dag.py:3954} INFO - Setting next_dagrun for example_bash_decorator to None, run_after=None
[2024-07-08T15:17:12.802+0000] {processor.py:183} INFO - Processing /home/airflow/.local/lib/python3.12/site-packages/airflow/example_dags/example_bash_decorator.py took 0.118 seconds
[2024-07-08T15:18:57.977+0000] {processor.py:161} INFO - Started process (PID=922) to work on /home/airflow/.local/lib/python3.12/site-packages/airflow/example_dags/example_bash_decorator.py
[2024-07-08T15:18:57.978+0000] {processor.py:830} INFO - Processing file /home/airflow/.local/lib/python3.12/site-packages/airflow/example_dags/example_bash_decorator.py for tasks to queue
[2024-07-08T15:18:57.980+0000] {logging_mixin.py:188} INFO - [2024-07-08T15:18:57.980+0000] {dagbag.py:545} INFO - Filling up the DagBag from /home/airflow/.local/lib/python3.12/site-packages/airflow/example_dags/example_bash_decorator.py
[2024-07-08T15:18:58.016+0000] {processor.py:840} INFO - DAG(s) 'example_bash_decorator' retrieved from /home/airflow/.local/lib/python3.12/site-packages/airflow/example_dags/example_bash_decorator.py
[2024-07-08T15:18:58.146+0000] {logging_mixin.py:188} INFO - [2024-07-08T15:18:58.146+0000] {dag.py:3096} INFO - Sync 1 DAGs
[2024-07-08T15:18:58.182+0000] {logging_mixin.py:188} INFO - [2024-07-08T15:18:58.181+0000] {dag.py:3954} INFO - Setting next_dagrun for example_bash_decorator to None, run_after=None
[2024-07-08T15:18:58.218+0000] {processor.py:183} INFO - Processing /home/airflow/.local/lib/python3.12/site-packages/airflow/example_dags/example_bash_decorator.py took 0.252 seconds
[2024-07-08T15:19:28.839+0000] {processor.py:161} INFO - Started process (PID=980) to work on /home/airflow/.local/lib/python3.12/site-packages/airflow/example_dags/example_bash_decorator.py
[2024-07-08T15:19:28.841+0000] {processor.py:830} INFO - Processing file /home/airflow/.local/lib/python3.12/site-packages/airflow/example_dags/example_bash_decorator.py for tasks to queue
[2024-07-08T15:19:28.843+0000] {logging_mixin.py:188} INFO - [2024-07-08T15:19:28.842+0000] {dagbag.py:545} INFO - Filling up the DagBag from /home/airflow/.local/lib/python3.12/site-packages/airflow/example_dags/example_bash_decorator.py
[2024-07-08T15:19:28.870+0000] {processor.py:840} INFO - DAG(s) 'example_bash_decorator' retrieved from /home/airflow/.local/lib/python3.12/site-packages/airflow/example_dags/example_bash_decorator.py
[2024-07-08T15:19:28.926+0000] {logging_mixin.py:188} INFO - [2024-07-08T15:19:28.925+0000] {dag.py:3096} INFO - Sync 1 DAGs
[2024-07-08T15:19:28.952+0000] {logging_mixin.py:188} INFO - [2024-07-08T15:19:28.952+0000] {dag.py:3954} INFO - Setting next_dagrun for example_bash_decorator to None, run_after=None
[2024-07-08T15:19:28.998+0000] {processor.py:183} INFO - Processing /home/airflow/.local/lib/python3.12/site-packages/airflow/example_dags/example_bash_decorator.py took 0.170 seconds
[2024-07-08T15:19:59.080+0000] {processor.py:161} INFO - Started process (PID=1036) to work on /home/airflow/.local/lib/python3.12/site-packages/airflow/example_dags/example_bash_decorator.py
[2024-07-08T15:19:59.110+0000] {processor.py:830} INFO - Processing file /home/airflow/.local/lib/python3.12/site-packages/airflow/example_dags/example_bash_decorator.py for tasks to queue
[2024-07-08T15:19:59.115+0000] {logging_mixin.py:188} INFO - [2024-07-08T15:19:59.114+0000] {dagbag.py:545} INFO - Filling up the DagBag from /home/airflow/.local/lib/python3.12/site-packages/airflow/example_dags/example_bash_decorator.py
[2024-07-08T15:19:59.149+0000] {processor.py:840} INFO - DAG(s) 'example_bash_decorator' retrieved from /home/airflow/.local/lib/python3.12/site-packages/airflow/example_dags/example_bash_decorator.py
[2024-07-08T15:19:59.199+0000] {logging_mixin.py:188} INFO - [2024-07-08T15:19:59.199+0000] {dag.py:3096} INFO - Sync 1 DAGs
[2024-07-08T15:19:59.230+0000] {logging_mixin.py:188} INFO - [2024-07-08T15:19:59.229+0000] {dag.py:3954} INFO - Setting next_dagrun for example_bash_decorator to None, run_after=None
[2024-07-08T15:19:59.274+0000] {processor.py:183} INFO - Processing /home/airflow/.local/lib/python3.12/site-packages/airflow/example_dags/example_bash_decorator.py took 0.207 seconds
[2024-07-08T15:20:30.031+0000] {processor.py:161} INFO - Started process (PID=1094) to work on /home/airflow/.local/lib/python3.12/site-packages/airflow/example_dags/example_bash_decorator.py
[2024-07-08T15:20:30.033+0000] {processor.py:830} INFO - Processing file /home/airflow/.local/lib/python3.12/site-packages/airflow/example_dags/example_bash_decorator.py for tasks to queue
[2024-07-08T15:20:30.034+0000] {logging_mixin.py:188} INFO - [2024-07-08T15:20:30.034+0000] {dagbag.py:545} INFO - Filling up the DagBag from /home/airflow/.local/lib/python3.12/site-packages/airflow/example_dags/example_bash_decorator.py
[2024-07-08T15:20:30.053+0000] {processor.py:840} INFO - DAG(s) 'example_bash_decorator' retrieved from /home/airflow/.local/lib/python3.12/site-packages/airflow/example_dags/example_bash_decorator.py
[2024-07-08T15:20:30.083+0000] {logging_mixin.py:188} INFO - [2024-07-08T15:20:30.083+0000] {dag.py:3096} INFO - Sync 1 DAGs
[2024-07-08T15:20:30.098+0000] {logging_mixin.py:188} INFO - [2024-07-08T15:20:30.098+0000] {dag.py:3954} INFO - Setting next_dagrun for example_bash_decorator to None, run_after=None
[2024-07-08T15:20:30.126+0000] {processor.py:183} INFO - Processing /home/airflow/.local/lib/python3.12/site-packages/airflow/example_dags/example_bash_decorator.py took 0.101 seconds
[2024-07-08T15:21:01.046+0000] {processor.py:161} INFO - Started process (PID=1152) to work on /home/airflow/.local/lib/python3.12/site-packages/airflow/example_dags/example_bash_decorator.py
[2024-07-08T15:21:01.048+0000] {processor.py:830} INFO - Processing file /home/airflow/.local/lib/python3.12/site-packages/airflow/example_dags/example_bash_decorator.py for tasks to queue
[2024-07-08T15:21:01.049+0000] {logging_mixin.py:188} INFO - [2024-07-08T15:21:01.049+0000] {dagbag.py:545} INFO - Filling up the DagBag from /home/airflow/.local/lib/python3.12/site-packages/airflow/example_dags/example_bash_decorator.py
[2024-07-08T15:21:01.065+0000] {processor.py:840} INFO - DAG(s) 'example_bash_decorator' retrieved from /home/airflow/.local/lib/python3.12/site-packages/airflow/example_dags/example_bash_decorator.py
[2024-07-08T15:21:01.104+0000] {logging_mixin.py:188} INFO - [2024-07-08T15:21:01.103+0000] {dag.py:3096} INFO - Sync 1 DAGs
[2024-07-08T15:21:01.125+0000] {logging_mixin.py:188} INFO - [2024-07-08T15:21:01.125+0000] {dag.py:3954} INFO - Setting next_dagrun for example_bash_decorator to None, run_after=None
[2024-07-08T15:21:01.158+0000] {processor.py:183} INFO - Processing /home/airflow/.local/lib/python3.12/site-packages/airflow/example_dags/example_bash_decorator.py took 0.121 seconds
[2024-07-08T15:21:31.437+0000] {processor.py:161} INFO - Started process (PID=1210) to work on /home/airflow/.local/lib/python3.12/site-packages/airflow/example_dags/example_bash_decorator.py
[2024-07-08T15:21:31.438+0000] {processor.py:830} INFO - Processing file /home/airflow/.local/lib/python3.12/site-packages/airflow/example_dags/example_bash_decorator.py for tasks to queue
[2024-07-08T15:21:31.440+0000] {logging_mixin.py:188} INFO - [2024-07-08T15:21:31.439+0000] {dagbag.py:545} INFO - Filling up the DagBag from /home/airflow/.local/lib/python3.12/site-packages/airflow/example_dags/example_bash_decorator.py
[2024-07-08T15:21:31.455+0000] {processor.py:840} INFO - DAG(s) 'example_bash_decorator' retrieved from /home/airflow/.local/lib/python3.12/site-packages/airflow/example_dags/example_bash_decorator.py
[2024-07-08T15:21:31.483+0000] {logging_mixin.py:188} INFO - [2024-07-08T15:21:31.483+0000] {dag.py:3096} INFO - Sync 1 DAGs
[2024-07-08T15:21:31.511+0000] {logging_mixin.py:188} INFO - [2024-07-08T15:21:31.511+0000] {dag.py:3954} INFO - Setting next_dagrun for example_bash_decorator to None, run_after=None
[2024-07-08T15:21:31.568+0000] {processor.py:183} INFO - Processing /home/airflow/.local/lib/python3.12/site-packages/airflow/example_dags/example_bash_decorator.py took 0.137 seconds
[2024-07-08T15:22:02.247+0000] {processor.py:161} INFO - Started process (PID=1268) to work on /home/airflow/.local/lib/python3.12/site-packages/airflow/example_dags/example_bash_decorator.py
[2024-07-08T15:22:02.248+0000] {processor.py:830} INFO - Processing file /home/airflow/.local/lib/python3.12/site-packages/airflow/example_dags/example_bash_decorator.py for tasks to queue
[2024-07-08T15:22:02.249+0000] {logging_mixin.py:188} INFO - [2024-07-08T15:22:02.249+0000] {dagbag.py:545} INFO - Filling up the DagBag from /home/airflow/.local/lib/python3.12/site-packages/airflow/example_dags/example_bash_decorator.py
[2024-07-08T15:22:02.264+0000] {processor.py:840} INFO - DAG(s) 'example_bash_decorator' retrieved from /home/airflow/.local/lib/python3.12/site-packages/airflow/example_dags/example_bash_decorator.py
[2024-07-08T15:22:02.293+0000] {logging_mixin.py:188} INFO - [2024-07-08T15:22:02.292+0000] {dag.py:3096} INFO - Sync 1 DAGs
[2024-07-08T15:22:02.308+0000] {logging_mixin.py:188} INFO - [2024-07-08T15:22:02.308+0000] {dag.py:3954} INFO - Setting next_dagrun for example_bash_decorator to None, run_after=None
[2024-07-08T15:22:02.333+0000] {processor.py:183} INFO - Processing /home/airflow/.local/lib/python3.12/site-packages/airflow/example_dags/example_bash_decorator.py took 0.095 seconds
[2024-07-08T15:22:32.729+0000] {processor.py:161} INFO - Started process (PID=1330) to work on /home/airflow/.local/lib/python3.12/site-packages/airflow/example_dags/example_bash_decorator.py
[2024-07-08T15:22:32.730+0000] {processor.py:830} INFO - Processing file /home/airflow/.local/lib/python3.12/site-packages/airflow/example_dags/example_bash_decorator.py for tasks to queue
[2024-07-08T15:22:32.733+0000] {logging_mixin.py:188} INFO - [2024-07-08T15:22:32.732+0000] {dagbag.py:545} INFO - Filling up the DagBag from /home/airflow/.local/lib/python3.12/site-packages/airflow/example_dags/example_bash_decorator.py
[2024-07-08T15:22:32.760+0000] {processor.py:840} INFO - DAG(s) 'example_bash_decorator' retrieved from /home/airflow/.local/lib/python3.12/site-packages/airflow/example_dags/example_bash_decorator.py
[2024-07-08T15:22:32.797+0000] {logging_mixin.py:188} INFO - [2024-07-08T15:22:32.797+0000] {dag.py:3096} INFO - Sync 1 DAGs
[2024-07-08T15:22:32.816+0000] {logging_mixin.py:188} INFO - [2024-07-08T15:22:32.816+0000] {dag.py:3954} INFO - Setting next_dagrun for example_bash_decorator to None, run_after=None
[2024-07-08T15:22:32.850+0000] {processor.py:183} INFO - Processing /home/airflow/.local/lib/python3.12/site-packages/airflow/example_dags/example_bash_decorator.py took 0.131 seconds
[2024-07-08T15:23:02.925+0000] {processor.py:161} INFO - Started process (PID=1392) to work on /home/airflow/.local/lib/python3.12/site-packages/airflow/example_dags/example_bash_decorator.py
[2024-07-08T15:23:02.927+0000] {processor.py:830} INFO - Processing file /home/airflow/.local/lib/python3.12/site-packages/airflow/example_dags/example_bash_decorator.py for tasks to queue
[2024-07-08T15:23:02.929+0000] {logging_mixin.py:188} INFO - [2024-07-08T15:23:02.928+0000] {dagbag.py:545} INFO - Filling up the DagBag from /home/airflow/.local/lib/python3.12/site-packages/airflow/example_dags/example_bash_decorator.py
[2024-07-08T15:23:02.952+0000] {processor.py:840} INFO - DAG(s) 'example_bash_decorator' retrieved from /home/airflow/.local/lib/python3.12/site-packages/airflow/example_dags/example_bash_decorator.py
[2024-07-08T15:23:03.009+0000] {logging_mixin.py:188} INFO - [2024-07-08T15:23:03.009+0000] {dag.py:3096} INFO - Sync 1 DAGs
[2024-07-08T15:23:03.031+0000] {logging_mixin.py:188} INFO - [2024-07-08T15:23:03.031+0000] {dag.py:3954} INFO - Setting next_dagrun for example_bash_decorator to None, run_after=None
[2024-07-08T15:23:03.062+0000] {processor.py:183} INFO - Processing /home/airflow/.local/lib/python3.12/site-packages/airflow/example_dags/example_bash_decorator.py took 0.156 seconds
[2024-07-08T15:23:34.017+0000] {processor.py:161} INFO - Started process (PID=1456) to work on /home/airflow/.local/lib/python3.12/site-packages/airflow/example_dags/example_bash_decorator.py
[2024-07-08T15:23:34.019+0000] {processor.py:830} INFO - Processing file /home/airflow/.local/lib/python3.12/site-packages/airflow/example_dags/example_bash_decorator.py for tasks to queue
[2024-07-08T15:23:34.021+0000] {logging_mixin.py:188} INFO - [2024-07-08T15:23:34.020+0000] {dagbag.py:545} INFO - Filling up the DagBag from /home/airflow/.local/lib/python3.12/site-packages/airflow/example_dags/example_bash_decorator.py
[2024-07-08T15:23:34.044+0000] {processor.py:840} INFO - DAG(s) 'example_bash_decorator' retrieved from /home/airflow/.local/lib/python3.12/site-packages/airflow/example_dags/example_bash_decorator.py
[2024-07-08T15:23:34.096+0000] {logging_mixin.py:188} INFO - [2024-07-08T15:23:34.095+0000] {dag.py:3096} INFO - Sync 1 DAGs
[2024-07-08T15:23:34.141+0000] {logging_mixin.py:188} INFO - [2024-07-08T15:23:34.139+0000] {dag.py:3954} INFO - Setting next_dagrun for example_bash_decorator to None, run_after=None
[2024-07-08T15:23:34.187+0000] {processor.py:183} INFO - Processing /home/airflow/.local/lib/python3.12/site-packages/airflow/example_dags/example_bash_decorator.py took 0.180 seconds
[2024-07-08T15:24:04.338+0000] {processor.py:161} INFO - Started process (PID=1522) to work on /home/airflow/.local/lib/python3.12/site-packages/airflow/example_dags/example_bash_decorator.py
[2024-07-08T15:24:04.339+0000] {processor.py:830} INFO - Processing file /home/airflow/.local/lib/python3.12/site-packages/airflow/example_dags/example_bash_decorator.py for tasks to queue
[2024-07-08T15:24:04.342+0000] {logging_mixin.py:188} INFO - [2024-07-08T15:24:04.341+0000] {dagbag.py:545} INFO - Filling up the DagBag from /home/airflow/.local/lib/python3.12/site-packages/airflow/example_dags/example_bash_decorator.py
[2024-07-08T15:24:04.368+0000] {processor.py:840} INFO - DAG(s) 'example_bash_decorator' retrieved from /home/airflow/.local/lib/python3.12/site-packages/airflow/example_dags/example_bash_decorator.py
[2024-07-08T15:24:04.413+0000] {logging_mixin.py:188} INFO - [2024-07-08T15:24:04.412+0000] {dag.py:3096} INFO - Sync 1 DAGs
[2024-07-08T15:24:04.429+0000] {logging_mixin.py:188} INFO - [2024-07-08T15:24:04.429+0000] {dag.py:3954} INFO - Setting next_dagrun for example_bash_decorator to None, run_after=None
[2024-07-08T15:24:04.457+0000] {processor.py:183} INFO - Processing /home/airflow/.local/lib/python3.12/site-packages/airflow/example_dags/example_bash_decorator.py took 0.127 seconds
[2024-07-08T15:24:34.617+0000] {processor.py:161} INFO - Started process (PID=1581) to work on /home/airflow/.local/lib/python3.12/site-packages/airflow/example_dags/example_bash_decorator.py
[2024-07-08T15:24:34.618+0000] {processor.py:830} INFO - Processing file /home/airflow/.local/lib/python3.12/site-packages/airflow/example_dags/example_bash_decorator.py for tasks to queue
[2024-07-08T15:24:34.620+0000] {logging_mixin.py:188} INFO - [2024-07-08T15:24:34.619+0000] {dagbag.py:545} INFO - Filling up the DagBag from /home/airflow/.local/lib/python3.12/site-packages/airflow/example_dags/example_bash_decorator.py
[2024-07-08T15:24:34.636+0000] {processor.py:840} INFO - DAG(s) 'example_bash_decorator' retrieved from /home/airflow/.local/lib/python3.12/site-packages/airflow/example_dags/example_bash_decorator.py
[2024-07-08T15:24:34.666+0000] {logging_mixin.py:188} INFO - [2024-07-08T15:24:34.666+0000] {dag.py:3096} INFO - Sync 1 DAGs
[2024-07-08T15:24:34.684+0000] {logging_mixin.py:188} INFO - [2024-07-08T15:24:34.683+0000] {dag.py:3954} INFO - Setting next_dagrun for example_bash_decorator to None, run_after=None
[2024-07-08T15:24:34.712+0000] {processor.py:183} INFO - Processing /home/airflow/.local/lib/python3.12/site-packages/airflow/example_dags/example_bash_decorator.py took 0.101 seconds
[2024-07-08T15:25:04.909+0000] {processor.py:161} INFO - Started process (PID=1644) to work on /home/airflow/.local/lib/python3.12/site-packages/airflow/example_dags/example_bash_decorator.py
[2024-07-08T15:25:04.910+0000] {processor.py:830} INFO - Processing file /home/airflow/.local/lib/python3.12/site-packages/airflow/example_dags/example_bash_decorator.py for tasks to queue
[2024-07-08T15:25:04.912+0000] {logging_mixin.py:188} INFO - [2024-07-08T15:25:04.911+0000] {dagbag.py:545} INFO - Filling up the DagBag from /home/airflow/.local/lib/python3.12/site-packages/airflow/example_dags/example_bash_decorator.py
[2024-07-08T15:25:04.929+0000] {processor.py:840} INFO - DAG(s) 'example_bash_decorator' retrieved from /home/airflow/.local/lib/python3.12/site-packages/airflow/example_dags/example_bash_decorator.py
[2024-07-08T15:25:04.963+0000] {logging_mixin.py:188} INFO - [2024-07-08T15:25:04.962+0000] {dag.py:3096} INFO - Sync 1 DAGs
[2024-07-08T15:25:04.977+0000] {logging_mixin.py:188} INFO - [2024-07-08T15:25:04.977+0000] {dag.py:3954} INFO - Setting next_dagrun for example_bash_decorator to None, run_after=None
[2024-07-08T15:25:05.004+0000] {processor.py:183} INFO - Processing /home/airflow/.local/lib/python3.12/site-packages/airflow/example_dags/example_bash_decorator.py took 0.102 seconds
[2024-07-08T15:25:35.188+0000] {processor.py:161} INFO - Started process (PID=1710) to work on /home/airflow/.local/lib/python3.12/site-packages/airflow/example_dags/example_bash_decorator.py
[2024-07-08T15:25:35.190+0000] {processor.py:830} INFO - Processing file /home/airflow/.local/lib/python3.12/site-packages/airflow/example_dags/example_bash_decorator.py for tasks to queue
[2024-07-08T15:25:35.191+0000] {logging_mixin.py:188} INFO - [2024-07-08T15:25:35.191+0000] {dagbag.py:545} INFO - Filling up the DagBag from /home/airflow/.local/lib/python3.12/site-packages/airflow/example_dags/example_bash_decorator.py
[2024-07-08T15:25:35.220+0000] {processor.py:840} INFO - DAG(s) 'example_bash_decorator' retrieved from /home/airflow/.local/lib/python3.12/site-packages/airflow/example_dags/example_bash_decorator.py
[2024-07-08T15:25:35.269+0000] {logging_mixin.py:188} INFO - [2024-07-08T15:25:35.268+0000] {dag.py:3096} INFO - Sync 1 DAGs
[2024-07-08T15:25:35.305+0000] {logging_mixin.py:188} INFO - [2024-07-08T15:25:35.304+0000] {dag.py:3954} INFO - Setting next_dagrun for example_bash_decorator to None, run_after=None
[2024-07-08T15:25:35.352+0000] {processor.py:183} INFO - Processing /home/airflow/.local/lib/python3.12/site-packages/airflow/example_dags/example_bash_decorator.py took 0.174 seconds
[2024-07-08T15:26:05.629+0000] {processor.py:161} INFO - Started process (PID=1775) to work on /home/airflow/.local/lib/python3.12/site-packages/airflow/example_dags/example_bash_decorator.py
[2024-07-08T15:26:05.631+0000] {processor.py:830} INFO - Processing file /home/airflow/.local/lib/python3.12/site-packages/airflow/example_dags/example_bash_decorator.py for tasks to queue
[2024-07-08T15:26:05.632+0000] {logging_mixin.py:188} INFO - [2024-07-08T15:26:05.632+0000] {dagbag.py:545} INFO - Filling up the DagBag from /home/airflow/.local/lib/python3.12/site-packages/airflow/example_dags/example_bash_decorator.py
[2024-07-08T15:26:05.647+0000] {processor.py:840} INFO - DAG(s) 'example_bash_decorator' retrieved from /home/airflow/.local/lib/python3.12/site-packages/airflow/example_dags/example_bash_decorator.py
[2024-07-08T15:26:05.677+0000] {logging_mixin.py:188} INFO - [2024-07-08T15:26:05.677+0000] {dag.py:3096} INFO - Sync 1 DAGs
[2024-07-08T15:26:05.693+0000] {logging_mixin.py:188} INFO - [2024-07-08T15:26:05.693+0000] {dag.py:3954} INFO - Setting next_dagrun for example_bash_decorator to None, run_after=None
[2024-07-08T15:26:05.719+0000] {processor.py:183} INFO - Processing /home/airflow/.local/lib/python3.12/site-packages/airflow/example_dags/example_bash_decorator.py took 0.099 seconds
[2024-07-08T15:26:36.497+0000] {processor.py:161} INFO - Started process (PID=1836) to work on /home/airflow/.local/lib/python3.12/site-packages/airflow/example_dags/example_bash_decorator.py
[2024-07-08T15:26:36.498+0000] {processor.py:830} INFO - Processing file /home/airflow/.local/lib/python3.12/site-packages/airflow/example_dags/example_bash_decorator.py for tasks to queue
[2024-07-08T15:26:36.500+0000] {logging_mixin.py:188} INFO - [2024-07-08T15:26:36.499+0000] {dagbag.py:545} INFO - Filling up the DagBag from /home/airflow/.local/lib/python3.12/site-packages/airflow/example_dags/example_bash_decorator.py
[2024-07-08T15:26:36.515+0000] {processor.py:840} INFO - DAG(s) 'example_bash_decorator' retrieved from /home/airflow/.local/lib/python3.12/site-packages/airflow/example_dags/example_bash_decorator.py
[2024-07-08T15:26:36.544+0000] {logging_mixin.py:188} INFO - [2024-07-08T15:26:36.543+0000] {dag.py:3096} INFO - Sync 1 DAGs
[2024-07-08T15:26:36.558+0000] {logging_mixin.py:188} INFO - [2024-07-08T15:26:36.558+0000] {dag.py:3954} INFO - Setting next_dagrun for example_bash_decorator to None, run_after=None
[2024-07-08T15:26:36.583+0000] {processor.py:183} INFO - Processing /home/airflow/.local/lib/python3.12/site-packages/airflow/example_dags/example_bash_decorator.py took 0.093 seconds
[2024-07-08T15:27:07.145+0000] {processor.py:161} INFO - Started process (PID=1897) to work on /home/airflow/.local/lib/python3.12/site-packages/airflow/example_dags/example_bash_decorator.py
[2024-07-08T15:27:07.147+0000] {processor.py:830} INFO - Processing file /home/airflow/.local/lib/python3.12/site-packages/airflow/example_dags/example_bash_decorator.py for tasks to queue
[2024-07-08T15:27:07.148+0000] {logging_mixin.py:188} INFO - [2024-07-08T15:27:07.148+0000] {dagbag.py:545} INFO - Filling up the DagBag from /home/airflow/.local/lib/python3.12/site-packages/airflow/example_dags/example_bash_decorator.py
[2024-07-08T15:27:07.171+0000] {processor.py:840} INFO - DAG(s) 'example_bash_decorator' retrieved from /home/airflow/.local/lib/python3.12/site-packages/airflow/example_dags/example_bash_decorator.py
[2024-07-08T15:27:07.202+0000] {logging_mixin.py:188} INFO - [2024-07-08T15:27:07.202+0000] {dag.py:3096} INFO - Sync 1 DAGs
[2024-07-08T15:27:07.370+0000] {logging_mixin.py:188} INFO - [2024-07-08T15:27:07.370+0000] {dag.py:3954} INFO - Setting next_dagrun for example_bash_decorator to None, run_after=None
[2024-07-08T15:27:07.399+0000] {processor.py:183} INFO - Processing /home/airflow/.local/lib/python3.12/site-packages/airflow/example_dags/example_bash_decorator.py took 0.261 seconds
[2024-07-08T15:27:38.686+0000] {processor.py:161} INFO - Started process (PID=1955) to work on /home/airflow/.local/lib/python3.12/site-packages/airflow/example_dags/example_bash_decorator.py
[2024-07-08T15:27:38.690+0000] {processor.py:830} INFO - Processing file /home/airflow/.local/lib/python3.12/site-packages/airflow/example_dags/example_bash_decorator.py for tasks to queue
[2024-07-08T15:27:38.692+0000] {logging_mixin.py:188} INFO - [2024-07-08T15:27:38.691+0000] {dagbag.py:545} INFO - Filling up the DagBag from /home/airflow/.local/lib/python3.12/site-packages/airflow/example_dags/example_bash_decorator.py
[2024-07-08T15:27:38.712+0000] {processor.py:840} INFO - DAG(s) 'example_bash_decorator' retrieved from /home/airflow/.local/lib/python3.12/site-packages/airflow/example_dags/example_bash_decorator.py
[2024-07-08T15:27:38.757+0000] {logging_mixin.py:188} INFO - [2024-07-08T15:27:38.755+0000] {dag.py:3096} INFO - Sync 1 DAGs
[2024-07-08T15:27:38.961+0000] {logging_mixin.py:188} INFO - [2024-07-08T15:27:38.961+0000] {dag.py:3954} INFO - Setting next_dagrun for example_bash_decorator to None, run_after=None
[2024-07-08T15:27:38.996+0000] {processor.py:183} INFO - Processing /home/airflow/.local/lib/python3.12/site-packages/airflow/example_dags/example_bash_decorator.py took 0.318 seconds
[2024-07-08T15:28:09.559+0000] {processor.py:161} INFO - Started process (PID=2014) to work on /home/airflow/.local/lib/python3.12/site-packages/airflow/example_dags/example_bash_decorator.py
[2024-07-08T15:28:09.560+0000] {processor.py:830} INFO - Processing file /home/airflow/.local/lib/python3.12/site-packages/airflow/example_dags/example_bash_decorator.py for tasks to queue
[2024-07-08T15:28:09.562+0000] {logging_mixin.py:188} INFO - [2024-07-08T15:28:09.562+0000] {dagbag.py:545} INFO - Filling up the DagBag from /home/airflow/.local/lib/python3.12/site-packages/airflow/example_dags/example_bash_decorator.py
[2024-07-08T15:28:09.583+0000] {processor.py:840} INFO - DAG(s) 'example_bash_decorator' retrieved from /home/airflow/.local/lib/python3.12/site-packages/airflow/example_dags/example_bash_decorator.py
[2024-07-08T15:28:09.617+0000] {logging_mixin.py:188} INFO - [2024-07-08T15:28:09.617+0000] {dag.py:3096} INFO - Sync 1 DAGs
[2024-07-08T15:28:09.635+0000] {logging_mixin.py:188} INFO - [2024-07-08T15:28:09.635+0000] {dag.py:3954} INFO - Setting next_dagrun for example_bash_decorator to None, run_after=None
[2024-07-08T15:28:09.666+0000] {processor.py:183} INFO - Processing /home/airflow/.local/lib/python3.12/site-packages/airflow/example_dags/example_bash_decorator.py took 0.118 seconds
[2024-07-08T15:31:07.532+0000] {processor.py:161} INFO - Started process (PID=2074) to work on /home/airflow/.local/lib/python3.12/site-packages/airflow/example_dags/example_bash_decorator.py
[2024-07-08T15:31:07.533+0000] {processor.py:830} INFO - Processing file /home/airflow/.local/lib/python3.12/site-packages/airflow/example_dags/example_bash_decorator.py for tasks to queue
[2024-07-08T15:31:07.534+0000] {logging_mixin.py:188} INFO - [2024-07-08T15:31:07.534+0000] {dagbag.py:545} INFO - Filling up the DagBag from /home/airflow/.local/lib/python3.12/site-packages/airflow/example_dags/example_bash_decorator.py
[2024-07-08T15:31:07.556+0000] {processor.py:840} INFO - DAG(s) 'example_bash_decorator' retrieved from /home/airflow/.local/lib/python3.12/site-packages/airflow/example_dags/example_bash_decorator.py
[2024-07-08T15:31:07.600+0000] {logging_mixin.py:188} INFO - [2024-07-08T15:31:07.599+0000] {dag.py:3096} INFO - Sync 1 DAGs
[2024-07-08T15:31:07.617+0000] {logging_mixin.py:188} INFO - [2024-07-08T15:31:07.617+0000] {dag.py:3954} INFO - Setting next_dagrun for example_bash_decorator to None, run_after=None
[2024-07-08T15:31:07.646+0000] {processor.py:183} INFO - Processing /home/airflow/.local/lib/python3.12/site-packages/airflow/example_dags/example_bash_decorator.py took 0.123 seconds
[2024-07-08T15:31:38.437+0000] {processor.py:161} INFO - Started process (PID=2132) to work on /home/airflow/.local/lib/python3.12/site-packages/airflow/example_dags/example_bash_decorator.py
[2024-07-08T15:31:38.438+0000] {processor.py:830} INFO - Processing file /home/airflow/.local/lib/python3.12/site-packages/airflow/example_dags/example_bash_decorator.py for tasks to queue
[2024-07-08T15:31:38.441+0000] {logging_mixin.py:188} INFO - [2024-07-08T15:31:38.440+0000] {dagbag.py:545} INFO - Filling up the DagBag from /home/airflow/.local/lib/python3.12/site-packages/airflow/example_dags/example_bash_decorator.py
[2024-07-08T15:31:38.476+0000] {processor.py:840} INFO - DAG(s) 'example_bash_decorator' retrieved from /home/airflow/.local/lib/python3.12/site-packages/airflow/example_dags/example_bash_decorator.py
[2024-07-08T15:31:38.532+0000] {logging_mixin.py:188} INFO - [2024-07-08T15:31:38.532+0000] {dag.py:3096} INFO - Sync 1 DAGs
[2024-07-08T15:31:38.558+0000] {logging_mixin.py:188} INFO - [2024-07-08T15:31:38.558+0000] {dag.py:3954} INFO - Setting next_dagrun for example_bash_decorator to None, run_after=None
[2024-07-08T15:31:38.593+0000] {processor.py:183} INFO - Processing /home/airflow/.local/lib/python3.12/site-packages/airflow/example_dags/example_bash_decorator.py took 0.179 seconds
[2024-07-08T15:32:08.762+0000] {processor.py:161} INFO - Started process (PID=2191) to work on /home/airflow/.local/lib/python3.12/site-packages/airflow/example_dags/example_bash_decorator.py
[2024-07-08T15:32:08.763+0000] {processor.py:830} INFO - Processing file /home/airflow/.local/lib/python3.12/site-packages/airflow/example_dags/example_bash_decorator.py for tasks to queue
[2024-07-08T15:32:08.764+0000] {logging_mixin.py:188} INFO - [2024-07-08T15:32:08.764+0000] {dagbag.py:545} INFO - Filling up the DagBag from /home/airflow/.local/lib/python3.12/site-packages/airflow/example_dags/example_bash_decorator.py
[2024-07-08T15:32:08.783+0000] {processor.py:840} INFO - DAG(s) 'example_bash_decorator' retrieved from /home/airflow/.local/lib/python3.12/site-packages/airflow/example_dags/example_bash_decorator.py
[2024-07-08T15:32:08.822+0000] {logging_mixin.py:188} INFO - [2024-07-08T15:32:08.821+0000] {dag.py:3096} INFO - Sync 1 DAGs
[2024-07-08T15:32:08.843+0000] {logging_mixin.py:188} INFO - [2024-07-08T15:32:08.842+0000] {dag.py:3954} INFO - Setting next_dagrun for example_bash_decorator to None, run_after=None
[2024-07-08T15:32:08.893+0000] {processor.py:183} INFO - Processing /home/airflow/.local/lib/python3.12/site-packages/airflow/example_dags/example_bash_decorator.py took 0.141 seconds
[2024-07-08T15:33:51.304+0000] {processor.py:161} INFO - Started process (PID=2250) to work on /home/airflow/.local/lib/python3.12/site-packages/airflow/example_dags/example_bash_decorator.py
[2024-07-08T15:33:51.339+0000] {processor.py:830} INFO - Processing file /home/airflow/.local/lib/python3.12/site-packages/airflow/example_dags/example_bash_decorator.py for tasks to queue
[2024-07-08T15:33:51.341+0000] {logging_mixin.py:188} INFO - [2024-07-08T15:33:51.340+0000] {dagbag.py:545} INFO - Filling up the DagBag from /home/airflow/.local/lib/python3.12/site-packages/airflow/example_dags/example_bash_decorator.py
[2024-07-08T15:33:51.493+0000] {processor.py:840} INFO - DAG(s) 'example_bash_decorator' retrieved from /home/airflow/.local/lib/python3.12/site-packages/airflow/example_dags/example_bash_decorator.py
[2024-07-08T15:33:52.510+0000] {logging_mixin.py:188} INFO - [2024-07-08T15:33:52.509+0000] {dag.py:3096} INFO - Sync 1 DAGs
[2024-07-08T15:33:52.660+0000] {logging_mixin.py:188} INFO - [2024-07-08T15:33:52.660+0000] {dag.py:3954} INFO - Setting next_dagrun for example_bash_decorator to None, run_after=None
[2024-07-08T15:33:52.792+0000] {processor.py:183} INFO - Processing /home/airflow/.local/lib/python3.12/site-packages/airflow/example_dags/example_bash_decorator.py took 1.556 seconds
[2024-07-08T15:40:11.292+0000] {processor.py:161} INFO - Started process (PID=2370) to work on /home/airflow/.local/lib/python3.12/site-packages/airflow/example_dags/example_bash_decorator.py
[2024-07-08T15:40:11.294+0000] {processor.py:830} INFO - Processing file /home/airflow/.local/lib/python3.12/site-packages/airflow/example_dags/example_bash_decorator.py for tasks to queue
[2024-07-08T15:40:11.296+0000] {logging_mixin.py:188} INFO - [2024-07-08T15:40:11.295+0000] {dagbag.py:545} INFO - Filling up the DagBag from /home/airflow/.local/lib/python3.12/site-packages/airflow/example_dags/example_bash_decorator.py
[2024-07-08T15:40:11.348+0000] {processor.py:840} INFO - DAG(s) 'example_bash_decorator' retrieved from /home/airflow/.local/lib/python3.12/site-packages/airflow/example_dags/example_bash_decorator.py
[2024-07-08T15:40:11.495+0000] {logging_mixin.py:188} INFO - [2024-07-08T15:40:11.495+0000] {dag.py:3096} INFO - Sync 1 DAGs
[2024-07-08T15:40:11.557+0000] {logging_mixin.py:188} INFO - [2024-07-08T15:40:11.557+0000] {dag.py:3954} INFO - Setting next_dagrun for example_bash_decorator to None, run_after=None
[2024-07-08T15:40:11.649+0000] {processor.py:183} INFO - Processing /home/airflow/.local/lib/python3.12/site-packages/airflow/example_dags/example_bash_decorator.py took 0.382 seconds
[2024-07-08T15:41:29.121+0000] {processor.py:161} INFO - Started process (PID=2398) to work on /home/airflow/.local/lib/python3.12/site-packages/airflow/example_dags/example_bash_decorator.py
[2024-07-08T15:41:29.143+0000] {processor.py:830} INFO - Processing file /home/airflow/.local/lib/python3.12/site-packages/airflow/example_dags/example_bash_decorator.py for tasks to queue
[2024-07-08T15:41:29.151+0000] {logging_mixin.py:188} INFO - [2024-07-08T15:41:29.145+0000] {dagbag.py:545} INFO - Filling up the DagBag from /home/airflow/.local/lib/python3.12/site-packages/airflow/example_dags/example_bash_decorator.py
[2024-07-08T15:41:29.313+0000] {processor.py:840} INFO - DAG(s) 'example_bash_decorator' retrieved from /home/airflow/.local/lib/python3.12/site-packages/airflow/example_dags/example_bash_decorator.py
[2024-07-08T15:41:59.295+0000] {logging_mixin.py:188} INFO - [2024-07-08T15:41:59.290+0000] {dag.py:3096} INFO - Sync 1 DAGs
[2024-07-08T15:41:59.435+0000] {logging_mixin.py:188} INFO - [2024-07-08T15:41:59.434+0000] {dag.py:3954} INFO - Setting next_dagrun for example_bash_decorator to None, run_after=None
[2024-07-08T15:42:01.185+0000] {processor.py:183} INFO - Processing /home/airflow/.local/lib/python3.12/site-packages/airflow/example_dags/example_bash_decorator.py took 32.167 seconds
[2024-07-08T15:42:32.048+0000] {processor.py:161} INFO - Started process (PID=2457) to work on /home/airflow/.local/lib/python3.12/site-packages/airflow/example_dags/example_bash_decorator.py
[2024-07-08T15:42:32.049+0000] {processor.py:830} INFO - Processing file /home/airflow/.local/lib/python3.12/site-packages/airflow/example_dags/example_bash_decorator.py for tasks to queue
[2024-07-08T15:42:32.051+0000] {logging_mixin.py:188} INFO - [2024-07-08T15:42:32.050+0000] {dagbag.py:545} INFO - Filling up the DagBag from /home/airflow/.local/lib/python3.12/site-packages/airflow/example_dags/example_bash_decorator.py
[2024-07-08T15:42:32.066+0000] {processor.py:840} INFO - DAG(s) 'example_bash_decorator' retrieved from /home/airflow/.local/lib/python3.12/site-packages/airflow/example_dags/example_bash_decorator.py
[2024-07-08T15:42:32.102+0000] {logging_mixin.py:188} INFO - [2024-07-08T15:42:32.101+0000] {dag.py:3096} INFO - Sync 1 DAGs
[2024-07-08T15:42:32.116+0000] {logging_mixin.py:188} INFO - [2024-07-08T15:42:32.115+0000] {dag.py:3954} INFO - Setting next_dagrun for example_bash_decorator to None, run_after=None
[2024-07-08T15:42:32.141+0000] {processor.py:183} INFO - Processing /home/airflow/.local/lib/python3.12/site-packages/airflow/example_dags/example_bash_decorator.py took 0.100 seconds
[2024-07-08T15:43:02.491+0000] {processor.py:161} INFO - Started process (PID=2520) to work on /home/airflow/.local/lib/python3.12/site-packages/airflow/example_dags/example_bash_decorator.py
[2024-07-08T15:43:02.493+0000] {processor.py:830} INFO - Processing file /home/airflow/.local/lib/python3.12/site-packages/airflow/example_dags/example_bash_decorator.py for tasks to queue
[2024-07-08T15:43:02.494+0000] {logging_mixin.py:188} INFO - [2024-07-08T15:43:02.493+0000] {dagbag.py:545} INFO - Filling up the DagBag from /home/airflow/.local/lib/python3.12/site-packages/airflow/example_dags/example_bash_decorator.py
[2024-07-08T15:43:02.507+0000] {processor.py:840} INFO - DAG(s) 'example_bash_decorator' retrieved from /home/airflow/.local/lib/python3.12/site-packages/airflow/example_dags/example_bash_decorator.py
[2024-07-08T15:43:02.542+0000] {logging_mixin.py:188} INFO - [2024-07-08T15:43:02.542+0000] {dag.py:3096} INFO - Sync 1 DAGs
[2024-07-08T15:43:02.555+0000] {logging_mixin.py:188} INFO - [2024-07-08T15:43:02.555+0000] {dag.py:3954} INFO - Setting next_dagrun for example_bash_decorator to None, run_after=None
[2024-07-08T15:43:02.577+0000] {processor.py:183} INFO - Processing /home/airflow/.local/lib/python3.12/site-packages/airflow/example_dags/example_bash_decorator.py took 0.093 seconds
[2024-07-08T15:43:33.038+0000] {processor.py:161} INFO - Started process (PID=2580) to work on /home/airflow/.local/lib/python3.12/site-packages/airflow/example_dags/example_bash_decorator.py
[2024-07-08T15:43:33.039+0000] {processor.py:830} INFO - Processing file /home/airflow/.local/lib/python3.12/site-packages/airflow/example_dags/example_bash_decorator.py for tasks to queue
[2024-07-08T15:43:33.041+0000] {logging_mixin.py:188} INFO - [2024-07-08T15:43:33.040+0000] {dagbag.py:545} INFO - Filling up the DagBag from /home/airflow/.local/lib/python3.12/site-packages/airflow/example_dags/example_bash_decorator.py
[2024-07-08T15:43:33.055+0000] {processor.py:840} INFO - DAG(s) 'example_bash_decorator' retrieved from /home/airflow/.local/lib/python3.12/site-packages/airflow/example_dags/example_bash_decorator.py
[2024-07-08T15:43:33.084+0000] {logging_mixin.py:188} INFO - [2024-07-08T15:43:33.084+0000] {dag.py:3096} INFO - Sync 1 DAGs
[2024-07-08T15:43:33.097+0000] {logging_mixin.py:188} INFO - [2024-07-08T15:43:33.097+0000] {dag.py:3954} INFO - Setting next_dagrun for example_bash_decorator to None, run_after=None
[2024-07-08T15:43:33.121+0000] {processor.py:183} INFO - Processing /home/airflow/.local/lib/python3.12/site-packages/airflow/example_dags/example_bash_decorator.py took 0.091 seconds
