[2024-07-08T15:07:26.194+0000] {processor.py:161} INFO - Started process (PID=35) to work on /home/airflow/.local/lib/python3.12/site-packages/airflow/example_dags/example_task_group.py
[2024-07-08T15:07:26.211+0000] {processor.py:830} INFO - Processing file /home/airflow/.local/lib/python3.12/site-packages/airflow/example_dags/example_task_group.py for tasks to queue
[2024-07-08T15:07:26.260+0000] {logging_mixin.py:188} INFO - [2024-07-08T15:07:26.259+0000] {dagbag.py:545} INFO - Filling up the DagBag from /home/airflow/.local/lib/python3.12/site-packages/airflow/example_dags/example_task_group.py
[2024-07-08T15:07:26.304+0000] {processor.py:840} INFO - DAG(s) 'example_task_group' retrieved from /home/airflow/.local/lib/python3.12/site-packages/airflow/example_dags/example_task_group.py
[2024-07-08T15:07:26.977+0000] {logging_mixin.py:188} INFO - [2024-07-08T15:07:26.976+0000] {dag.py:3096} INFO - Sync 1 DAGs
[2024-07-08T15:07:27.068+0000] {logging_mixin.py:188} INFO - [2024-07-08T15:07:27.064+0000] {dag.py:3954} INFO - Setting next_dagrun for example_task_group to 2024-07-07 00:00:00+00:00, run_after=2024-07-08 00:00:00+00:00
[2024-07-08T15:07:27.186+0000] {processor.py:183} INFO - Processing /home/airflow/.local/lib/python3.12/site-packages/airflow/example_dags/example_task_group.py took 1.008 seconds
[2024-07-08T15:08:04.775+0000] {processor.py:161} INFO - Started process (PID=93) to work on /home/airflow/.local/lib/python3.12/site-packages/airflow/example_dags/example_task_group.py
[2024-07-08T15:08:04.778+0000] {processor.py:830} INFO - Processing file /home/airflow/.local/lib/python3.12/site-packages/airflow/example_dags/example_task_group.py for tasks to queue
[2024-07-08T15:08:04.781+0000] {logging_mixin.py:188} INFO - [2024-07-08T15:08:04.781+0000] {dagbag.py:545} INFO - Filling up the DagBag from /home/airflow/.local/lib/python3.12/site-packages/airflow/example_dags/example_task_group.py
[2024-07-08T15:08:04.815+0000] {processor.py:840} INFO - DAG(s) 'example_task_group' retrieved from /home/airflow/.local/lib/python3.12/site-packages/airflow/example_dags/example_task_group.py
[2024-07-08T15:08:04.852+0000] {logging_mixin.py:188} INFO - [2024-07-08T15:08:04.852+0000] {dag.py:3096} INFO - Sync 1 DAGs
[2024-07-08T15:08:04.903+0000] {logging_mixin.py:188} INFO - [2024-07-08T15:08:04.903+0000] {dag.py:3954} INFO - Setting next_dagrun for example_task_group to 2024-07-07 00:00:00+00:00, run_after=2024-07-08 00:00:00+00:00
[2024-07-08T15:08:04.971+0000] {processor.py:183} INFO - Processing /home/airflow/.local/lib/python3.12/site-packages/airflow/example_dags/example_task_group.py took 0.206 seconds
[2024-07-08T15:08:35.059+0000] {processor.py:161} INFO - Started process (PID=148) to work on /home/airflow/.local/lib/python3.12/site-packages/airflow/example_dags/example_task_group.py
[2024-07-08T15:08:35.061+0000] {processor.py:830} INFO - Processing file /home/airflow/.local/lib/python3.12/site-packages/airflow/example_dags/example_task_group.py for tasks to queue
[2024-07-08T15:08:35.064+0000] {logging_mixin.py:188} INFO - [2024-07-08T15:08:35.063+0000] {dagbag.py:545} INFO - Filling up the DagBag from /home/airflow/.local/lib/python3.12/site-packages/airflow/example_dags/example_task_group.py
[2024-07-08T15:08:35.072+0000] {processor.py:840} INFO - DAG(s) 'example_task_group' retrieved from /home/airflow/.local/lib/python3.12/site-packages/airflow/example_dags/example_task_group.py
[2024-07-08T15:08:35.096+0000] {logging_mixin.py:188} INFO - [2024-07-08T15:08:35.096+0000] {dag.py:3096} INFO - Sync 1 DAGs
[2024-07-08T15:08:35.121+0000] {logging_mixin.py:188} INFO - [2024-07-08T15:08:35.121+0000] {dag.py:3954} INFO - Setting next_dagrun for example_task_group to 2024-07-07 00:00:00+00:00, run_after=2024-07-08 00:00:00+00:00
[2024-07-08T15:08:35.149+0000] {processor.py:183} INFO - Processing /home/airflow/.local/lib/python3.12/site-packages/airflow/example_dags/example_task_group.py took 0.099 seconds
[2024-07-08T15:09:05.993+0000] {processor.py:161} INFO - Started process (PID=206) to work on /home/airflow/.local/lib/python3.12/site-packages/airflow/example_dags/example_task_group.py
[2024-07-08T15:09:05.996+0000] {processor.py:830} INFO - Processing file /home/airflow/.local/lib/python3.12/site-packages/airflow/example_dags/example_task_group.py for tasks to queue
[2024-07-08T15:09:06.009+0000] {logging_mixin.py:188} INFO - [2024-07-08T15:09:06.008+0000] {dagbag.py:545} INFO - Filling up the DagBag from /home/airflow/.local/lib/python3.12/site-packages/airflow/example_dags/example_task_group.py
[2024-07-08T15:09:06.033+0000] {processor.py:840} INFO - DAG(s) 'example_task_group' retrieved from /home/airflow/.local/lib/python3.12/site-packages/airflow/example_dags/example_task_group.py
[2024-07-08T15:09:06.098+0000] {logging_mixin.py:188} INFO - [2024-07-08T15:09:06.098+0000] {dag.py:3096} INFO - Sync 1 DAGs
[2024-07-08T15:09:06.161+0000] {logging_mixin.py:188} INFO - [2024-07-08T15:09:06.161+0000] {dag.py:3954} INFO - Setting next_dagrun for example_task_group to 2024-07-07 00:00:00+00:00, run_after=2024-07-08 00:00:00+00:00
[2024-07-08T15:09:06.211+0000] {processor.py:183} INFO - Processing /home/airflow/.local/lib/python3.12/site-packages/airflow/example_dags/example_task_group.py took 0.252 seconds
[2024-07-08T15:09:36.542+0000] {processor.py:161} INFO - Started process (PID=264) to work on /home/airflow/.local/lib/python3.12/site-packages/airflow/example_dags/example_task_group.py
[2024-07-08T15:09:36.547+0000] {processor.py:830} INFO - Processing file /home/airflow/.local/lib/python3.12/site-packages/airflow/example_dags/example_task_group.py for tasks to queue
[2024-07-08T15:09:36.550+0000] {logging_mixin.py:188} INFO - [2024-07-08T15:09:36.549+0000] {dagbag.py:545} INFO - Filling up the DagBag from /home/airflow/.local/lib/python3.12/site-packages/airflow/example_dags/example_task_group.py
[2024-07-08T15:09:36.561+0000] {processor.py:840} INFO - DAG(s) 'example_task_group' retrieved from /home/airflow/.local/lib/python3.12/site-packages/airflow/example_dags/example_task_group.py
[2024-07-08T15:09:36.585+0000] {logging_mixin.py:188} INFO - [2024-07-08T15:09:36.584+0000] {dag.py:3096} INFO - Sync 1 DAGs
[2024-07-08T15:09:36.621+0000] {logging_mixin.py:188} INFO - [2024-07-08T15:09:36.621+0000] {dag.py:3954} INFO - Setting next_dagrun for example_task_group to 2024-07-07 00:00:00+00:00, run_after=2024-07-08 00:00:00+00:00
[2024-07-08T15:09:36.647+0000] {processor.py:183} INFO - Processing /home/airflow/.local/lib/python3.12/site-packages/airflow/example_dags/example_task_group.py took 0.115 seconds
[2024-07-08T15:10:07.217+0000] {processor.py:161} INFO - Started process (PID=322) to work on /home/airflow/.local/lib/python3.12/site-packages/airflow/example_dags/example_task_group.py
[2024-07-08T15:10:07.221+0000] {processor.py:830} INFO - Processing file /home/airflow/.local/lib/python3.12/site-packages/airflow/example_dags/example_task_group.py for tasks to queue
[2024-07-08T15:10:07.224+0000] {logging_mixin.py:188} INFO - [2024-07-08T15:10:07.224+0000] {dagbag.py:545} INFO - Filling up the DagBag from /home/airflow/.local/lib/python3.12/site-packages/airflow/example_dags/example_task_group.py
[2024-07-08T15:10:07.246+0000] {processor.py:840} INFO - DAG(s) 'example_task_group' retrieved from /home/airflow/.local/lib/python3.12/site-packages/airflow/example_dags/example_task_group.py
[2024-07-08T15:10:07.284+0000] {logging_mixin.py:188} INFO - [2024-07-08T15:10:07.283+0000] {dag.py:3096} INFO - Sync 1 DAGs
[2024-07-08T15:10:07.320+0000] {logging_mixin.py:188} INFO - [2024-07-08T15:10:07.320+0000] {dag.py:3954} INFO - Setting next_dagrun for example_task_group to 2024-07-07 00:00:00+00:00, run_after=2024-07-08 00:00:00+00:00
[2024-07-08T15:10:07.361+0000] {processor.py:183} INFO - Processing /home/airflow/.local/lib/python3.12/site-packages/airflow/example_dags/example_task_group.py took 0.156 seconds
[2024-07-08T15:10:37.461+0000] {processor.py:161} INFO - Started process (PID=379) to work on /home/airflow/.local/lib/python3.12/site-packages/airflow/example_dags/example_task_group.py
[2024-07-08T15:10:37.462+0000] {processor.py:830} INFO - Processing file /home/airflow/.local/lib/python3.12/site-packages/airflow/example_dags/example_task_group.py for tasks to queue
[2024-07-08T15:10:37.465+0000] {logging_mixin.py:188} INFO - [2024-07-08T15:10:37.464+0000] {dagbag.py:545} INFO - Filling up the DagBag from /home/airflow/.local/lib/python3.12/site-packages/airflow/example_dags/example_task_group.py
[2024-07-08T15:10:37.473+0000] {processor.py:840} INFO - DAG(s) 'example_task_group' retrieved from /home/airflow/.local/lib/python3.12/site-packages/airflow/example_dags/example_task_group.py
[2024-07-08T15:10:37.497+0000] {logging_mixin.py:188} INFO - [2024-07-08T15:10:37.497+0000] {dag.py:3096} INFO - Sync 1 DAGs
[2024-07-08T15:10:37.523+0000] {logging_mixin.py:188} INFO - [2024-07-08T15:10:37.522+0000] {dag.py:3954} INFO - Setting next_dagrun for example_task_group to 2024-07-07 00:00:00+00:00, run_after=2024-07-08 00:00:00+00:00
[2024-07-08T15:10:37.548+0000] {processor.py:183} INFO - Processing /home/airflow/.local/lib/python3.12/site-packages/airflow/example_dags/example_task_group.py took 0.094 seconds
[2024-07-08T15:11:07.758+0000] {processor.py:161} INFO - Started process (PID=437) to work on /home/airflow/.local/lib/python3.12/site-packages/airflow/example_dags/example_task_group.py
[2024-07-08T15:11:07.760+0000] {processor.py:830} INFO - Processing file /home/airflow/.local/lib/python3.12/site-packages/airflow/example_dags/example_task_group.py for tasks to queue
[2024-07-08T15:11:07.763+0000] {logging_mixin.py:188} INFO - [2024-07-08T15:11:07.762+0000] {dagbag.py:545} INFO - Filling up the DagBag from /home/airflow/.local/lib/python3.12/site-packages/airflow/example_dags/example_task_group.py
[2024-07-08T15:11:07.771+0000] {processor.py:840} INFO - DAG(s) 'example_task_group' retrieved from /home/airflow/.local/lib/python3.12/site-packages/airflow/example_dags/example_task_group.py
[2024-07-08T15:11:07.794+0000] {logging_mixin.py:188} INFO - [2024-07-08T15:11:07.794+0000] {dag.py:3096} INFO - Sync 1 DAGs
[2024-07-08T15:11:07.820+0000] {logging_mixin.py:188} INFO - [2024-07-08T15:11:07.820+0000] {dag.py:3954} INFO - Setting next_dagrun for example_task_group to 2024-07-07 00:00:00+00:00, run_after=2024-07-08 00:00:00+00:00
[2024-07-08T15:11:07.845+0000] {processor.py:183} INFO - Processing /home/airflow/.local/lib/python3.12/site-packages/airflow/example_dags/example_task_group.py took 0.094 seconds
[2024-07-08T15:11:38.726+0000] {processor.py:161} INFO - Started process (PID=495) to work on /home/airflow/.local/lib/python3.12/site-packages/airflow/example_dags/example_task_group.py
[2024-07-08T15:11:38.728+0000] {processor.py:830} INFO - Processing file /home/airflow/.local/lib/python3.12/site-packages/airflow/example_dags/example_task_group.py for tasks to queue
[2024-07-08T15:11:38.731+0000] {logging_mixin.py:188} INFO - [2024-07-08T15:11:38.730+0000] {dagbag.py:545} INFO - Filling up the DagBag from /home/airflow/.local/lib/python3.12/site-packages/airflow/example_dags/example_task_group.py
[2024-07-08T15:11:38.739+0000] {processor.py:840} INFO - DAG(s) 'example_task_group' retrieved from /home/airflow/.local/lib/python3.12/site-packages/airflow/example_dags/example_task_group.py
[2024-07-08T15:11:38.762+0000] {logging_mixin.py:188} INFO - [2024-07-08T15:11:38.762+0000] {dag.py:3096} INFO - Sync 1 DAGs
[2024-07-08T15:11:38.788+0000] {logging_mixin.py:188} INFO - [2024-07-08T15:11:38.787+0000] {dag.py:3954} INFO - Setting next_dagrun for example_task_group to 2024-07-07 00:00:00+00:00, run_after=2024-07-08 00:00:00+00:00
[2024-07-08T15:11:38.820+0000] {processor.py:183} INFO - Processing /home/airflow/.local/lib/python3.12/site-packages/airflow/example_dags/example_task_group.py took 0.102 seconds
[2024-07-08T15:12:09.460+0000] {processor.py:161} INFO - Started process (PID=552) to work on /home/airflow/.local/lib/python3.12/site-packages/airflow/example_dags/example_task_group.py
[2024-07-08T15:12:09.461+0000] {processor.py:830} INFO - Processing file /home/airflow/.local/lib/python3.12/site-packages/airflow/example_dags/example_task_group.py for tasks to queue
[2024-07-08T15:12:09.465+0000] {logging_mixin.py:188} INFO - [2024-07-08T15:12:09.465+0000] {dagbag.py:545} INFO - Filling up the DagBag from /home/airflow/.local/lib/python3.12/site-packages/airflow/example_dags/example_task_group.py
[2024-07-08T15:12:09.478+0000] {processor.py:840} INFO - DAG(s) 'example_task_group' retrieved from /home/airflow/.local/lib/python3.12/site-packages/airflow/example_dags/example_task_group.py
[2024-07-08T15:12:09.504+0000] {logging_mixin.py:188} INFO - [2024-07-08T15:12:09.504+0000] {dag.py:3096} INFO - Sync 1 DAGs
[2024-07-08T15:12:09.539+0000] {logging_mixin.py:188} INFO - [2024-07-08T15:12:09.538+0000] {dag.py:3954} INFO - Setting next_dagrun for example_task_group to 2024-07-07 00:00:00+00:00, run_after=2024-07-08 00:00:00+00:00
[2024-07-08T15:12:09.566+0000] {processor.py:183} INFO - Processing /home/airflow/.local/lib/python3.12/site-packages/airflow/example_dags/example_task_group.py took 0.117 seconds
[2024-07-08T15:12:40.562+0000] {processor.py:161} INFO - Started process (PID=610) to work on /home/airflow/.local/lib/python3.12/site-packages/airflow/example_dags/example_task_group.py
[2024-07-08T15:12:40.563+0000] {processor.py:830} INFO - Processing file /home/airflow/.local/lib/python3.12/site-packages/airflow/example_dags/example_task_group.py for tasks to queue
[2024-07-08T15:12:40.565+0000] {logging_mixin.py:188} INFO - [2024-07-08T15:12:40.565+0000] {dagbag.py:545} INFO - Filling up the DagBag from /home/airflow/.local/lib/python3.12/site-packages/airflow/example_dags/example_task_group.py
[2024-07-08T15:12:40.575+0000] {processor.py:840} INFO - DAG(s) 'example_task_group' retrieved from /home/airflow/.local/lib/python3.12/site-packages/airflow/example_dags/example_task_group.py
[2024-07-08T15:12:40.600+0000] {logging_mixin.py:188} INFO - [2024-07-08T15:12:40.600+0000] {dag.py:3096} INFO - Sync 1 DAGs
[2024-07-08T15:12:40.629+0000] {logging_mixin.py:188} INFO - [2024-07-08T15:12:40.629+0000] {dag.py:3954} INFO - Setting next_dagrun for example_task_group to 2024-07-07 00:00:00+00:00, run_after=2024-07-08 00:00:00+00:00
[2024-07-08T15:12:40.655+0000] {processor.py:183} INFO - Processing /home/airflow/.local/lib/python3.12/site-packages/airflow/example_dags/example_task_group.py took 0.100 seconds
[2024-07-08T15:13:11.760+0000] {processor.py:161} INFO - Started process (PID=669) to work on /home/airflow/.local/lib/python3.12/site-packages/airflow/example_dags/example_task_group.py
[2024-07-08T15:13:11.762+0000] {processor.py:830} INFO - Processing file /home/airflow/.local/lib/python3.12/site-packages/airflow/example_dags/example_task_group.py for tasks to queue
[2024-07-08T15:13:11.766+0000] {logging_mixin.py:188} INFO - [2024-07-08T15:13:11.765+0000] {dagbag.py:545} INFO - Filling up the DagBag from /home/airflow/.local/lib/python3.12/site-packages/airflow/example_dags/example_task_group.py
[2024-07-08T15:13:11.781+0000] {processor.py:840} INFO - DAG(s) 'example_task_group' retrieved from /home/airflow/.local/lib/python3.12/site-packages/airflow/example_dags/example_task_group.py
[2024-07-08T15:13:11.822+0000] {logging_mixin.py:188} INFO - [2024-07-08T15:13:11.822+0000] {dag.py:3096} INFO - Sync 1 DAGs
[2024-07-08T15:13:11.943+0000] {logging_mixin.py:188} INFO - [2024-07-08T15:13:11.942+0000] {dag.py:3954} INFO - Setting next_dagrun for example_task_group to 2024-07-07 00:00:00+00:00, run_after=2024-07-08 00:00:00+00:00
[2024-07-08T15:13:12.057+0000] {processor.py:183} INFO - Processing /home/airflow/.local/lib/python3.12/site-packages/airflow/example_dags/example_task_group.py took 0.312 seconds
[2024-07-08T15:13:42.948+0000] {processor.py:161} INFO - Started process (PID=727) to work on /home/airflow/.local/lib/python3.12/site-packages/airflow/example_dags/example_task_group.py
[2024-07-08T15:13:42.950+0000] {processor.py:830} INFO - Processing file /home/airflow/.local/lib/python3.12/site-packages/airflow/example_dags/example_task_group.py for tasks to queue
[2024-07-08T15:13:42.952+0000] {logging_mixin.py:188} INFO - [2024-07-08T15:13:42.952+0000] {dagbag.py:545} INFO - Filling up the DagBag from /home/airflow/.local/lib/python3.12/site-packages/airflow/example_dags/example_task_group.py
[2024-07-08T15:13:42.966+0000] {processor.py:840} INFO - DAG(s) 'example_task_group' retrieved from /home/airflow/.local/lib/python3.12/site-packages/airflow/example_dags/example_task_group.py
[2024-07-08T15:13:43.003+0000] {logging_mixin.py:188} INFO - [2024-07-08T15:13:43.003+0000] {dag.py:3096} INFO - Sync 1 DAGs
[2024-07-08T15:13:43.048+0000] {logging_mixin.py:188} INFO - [2024-07-08T15:13:43.048+0000] {dag.py:3954} INFO - Setting next_dagrun for example_task_group to 2024-07-07 00:00:00+00:00, run_after=2024-07-08 00:00:00+00:00
[2024-07-08T15:13:43.097+0000] {processor.py:183} INFO - Processing /home/airflow/.local/lib/python3.12/site-packages/airflow/example_dags/example_task_group.py took 0.158 seconds
[2024-07-08T15:16:09.570+0000] {processor.py:161} INFO - Started process (PID=747) to work on /home/airflow/.local/lib/python3.12/site-packages/airflow/example_dags/example_task_group.py
[2024-07-08T15:16:09.571+0000] {processor.py:830} INFO - Processing file /home/airflow/.local/lib/python3.12/site-packages/airflow/example_dags/example_task_group.py for tasks to queue
[2024-07-08T15:16:09.573+0000] {logging_mixin.py:188} INFO - [2024-07-08T15:16:09.572+0000] {dagbag.py:545} INFO - Filling up the DagBag from /home/airflow/.local/lib/python3.12/site-packages/airflow/example_dags/example_task_group.py
[2024-07-08T15:16:09.592+0000] {processor.py:840} INFO - DAG(s) 'example_task_group' retrieved from /home/airflow/.local/lib/python3.12/site-packages/airflow/example_dags/example_task_group.py
[2024-07-08T15:16:09.662+0000] {logging_mixin.py:188} INFO - [2024-07-08T15:16:09.662+0000] {dag.py:3096} INFO - Sync 1 DAGs
[2024-07-08T15:16:09.728+0000] {logging_mixin.py:188} INFO - [2024-07-08T15:16:09.727+0000] {dag.py:3954} INFO - Setting next_dagrun for example_task_group to 2024-07-07 00:00:00+00:00, run_after=2024-07-08 00:00:00+00:00
[2024-07-08T15:16:09.773+0000] {processor.py:183} INFO - Processing /home/airflow/.local/lib/python3.12/site-packages/airflow/example_dags/example_task_group.py took 0.216 seconds
[2024-07-08T15:16:40.608+0000] {processor.py:161} INFO - Started process (PID=805) to work on /home/airflow/.local/lib/python3.12/site-packages/airflow/example_dags/example_task_group.py
[2024-07-08T15:16:40.610+0000] {processor.py:830} INFO - Processing file /home/airflow/.local/lib/python3.12/site-packages/airflow/example_dags/example_task_group.py for tasks to queue
[2024-07-08T15:16:40.613+0000] {logging_mixin.py:188} INFO - [2024-07-08T15:16:40.612+0000] {dagbag.py:545} INFO - Filling up the DagBag from /home/airflow/.local/lib/python3.12/site-packages/airflow/example_dags/example_task_group.py
[2024-07-08T15:16:40.630+0000] {processor.py:840} INFO - DAG(s) 'example_task_group' retrieved from /home/airflow/.local/lib/python3.12/site-packages/airflow/example_dags/example_task_group.py
[2024-07-08T15:16:40.678+0000] {logging_mixin.py:188} INFO - [2024-07-08T15:16:40.678+0000] {dag.py:3096} INFO - Sync 1 DAGs
[2024-07-08T15:16:40.733+0000] {logging_mixin.py:188} INFO - [2024-07-08T15:16:40.733+0000] {dag.py:3954} INFO - Setting next_dagrun for example_task_group to 2024-07-07 00:00:00+00:00, run_after=2024-07-08 00:00:00+00:00
[2024-07-08T15:16:40.773+0000] {processor.py:183} INFO - Processing /home/airflow/.local/lib/python3.12/site-packages/airflow/example_dags/example_task_group.py took 0.176 seconds
[2024-07-08T15:17:11.182+0000] {processor.py:161} INFO - Started process (PID=863) to work on /home/airflow/.local/lib/python3.12/site-packages/airflow/example_dags/example_task_group.py
[2024-07-08T15:17:11.184+0000] {processor.py:830} INFO - Processing file /home/airflow/.local/lib/python3.12/site-packages/airflow/example_dags/example_task_group.py for tasks to queue
[2024-07-08T15:17:11.185+0000] {logging_mixin.py:188} INFO - [2024-07-08T15:17:11.185+0000] {dagbag.py:545} INFO - Filling up the DagBag from /home/airflow/.local/lib/python3.12/site-packages/airflow/example_dags/example_task_group.py
[2024-07-08T15:17:11.204+0000] {processor.py:840} INFO - DAG(s) 'example_task_group' retrieved from /home/airflow/.local/lib/python3.12/site-packages/airflow/example_dags/example_task_group.py
[2024-07-08T15:17:11.250+0000] {logging_mixin.py:188} INFO - [2024-07-08T15:17:11.250+0000] {dag.py:3096} INFO - Sync 1 DAGs
[2024-07-08T15:17:11.296+0000] {logging_mixin.py:188} INFO - [2024-07-08T15:17:11.295+0000] {dag.py:3954} INFO - Setting next_dagrun for example_task_group to 2024-07-07 00:00:00+00:00, run_after=2024-07-08 00:00:00+00:00
[2024-07-08T15:17:11.330+0000] {processor.py:183} INFO - Processing /home/airflow/.local/lib/python3.12/site-packages/airflow/example_dags/example_task_group.py took 0.157 seconds
[2024-07-08T15:18:57.080+0000] {processor.py:161} INFO - Started process (PID=917) to work on /home/airflow/.local/lib/python3.12/site-packages/airflow/example_dags/example_task_group.py
[2024-07-08T15:18:57.082+0000] {processor.py:830} INFO - Processing file /home/airflow/.local/lib/python3.12/site-packages/airflow/example_dags/example_task_group.py for tasks to queue
[2024-07-08T15:18:57.084+0000] {logging_mixin.py:188} INFO - [2024-07-08T15:18:57.083+0000] {dagbag.py:545} INFO - Filling up the DagBag from /home/airflow/.local/lib/python3.12/site-packages/airflow/example_dags/example_task_group.py
[2024-07-08T15:18:57.124+0000] {processor.py:840} INFO - DAG(s) 'example_task_group' retrieved from /home/airflow/.local/lib/python3.12/site-packages/airflow/example_dags/example_task_group.py
[2024-07-08T15:18:57.189+0000] {logging_mixin.py:188} INFO - [2024-07-08T15:18:57.182+0000] {dag.py:3096} INFO - Sync 1 DAGs
[2024-07-08T15:18:57.323+0000] {logging_mixin.py:188} INFO - [2024-07-08T15:18:57.322+0000] {dag.py:3954} INFO - Setting next_dagrun for example_task_group to 2024-07-07 00:00:00+00:00, run_after=2024-07-08 00:00:00+00:00
[2024-07-08T15:18:57.368+0000] {processor.py:183} INFO - Processing /home/airflow/.local/lib/python3.12/site-packages/airflow/example_dags/example_task_group.py took 0.299 seconds
[2024-07-08T15:19:27.514+0000] {processor.py:161} INFO - Started process (PID=975) to work on /home/airflow/.local/lib/python3.12/site-packages/airflow/example_dags/example_task_group.py
[2024-07-08T15:19:27.516+0000] {processor.py:830} INFO - Processing file /home/airflow/.local/lib/python3.12/site-packages/airflow/example_dags/example_task_group.py for tasks to queue
[2024-07-08T15:19:27.518+0000] {logging_mixin.py:188} INFO - [2024-07-08T15:19:27.517+0000] {dagbag.py:545} INFO - Filling up the DagBag from /home/airflow/.local/lib/python3.12/site-packages/airflow/example_dags/example_task_group.py
[2024-07-08T15:19:27.549+0000] {processor.py:840} INFO - DAG(s) 'example_task_group' retrieved from /home/airflow/.local/lib/python3.12/site-packages/airflow/example_dags/example_task_group.py
[2024-07-08T15:19:27.590+0000] {logging_mixin.py:188} INFO - [2024-07-08T15:19:27.590+0000] {dag.py:3096} INFO - Sync 1 DAGs
[2024-07-08T15:19:27.632+0000] {logging_mixin.py:188} INFO - [2024-07-08T15:19:27.632+0000] {dag.py:3954} INFO - Setting next_dagrun for example_task_group to 2024-07-07 00:00:00+00:00, run_after=2024-07-08 00:00:00+00:00
[2024-07-08T15:19:27.676+0000] {processor.py:183} INFO - Processing /home/airflow/.local/lib/python3.12/site-packages/airflow/example_dags/example_task_group.py took 0.172 seconds
[2024-07-08T15:19:58.637+0000] {processor.py:161} INFO - Started process (PID=1031) to work on /home/airflow/.local/lib/python3.12/site-packages/airflow/example_dags/example_task_group.py
[2024-07-08T15:19:58.639+0000] {processor.py:830} INFO - Processing file /home/airflow/.local/lib/python3.12/site-packages/airflow/example_dags/example_task_group.py for tasks to queue
[2024-07-08T15:19:58.640+0000] {logging_mixin.py:188} INFO - [2024-07-08T15:19:58.640+0000] {dagbag.py:545} INFO - Filling up the DagBag from /home/airflow/.local/lib/python3.12/site-packages/airflow/example_dags/example_task_group.py
[2024-07-08T15:19:58.654+0000] {processor.py:840} INFO - DAG(s) 'example_task_group' retrieved from /home/airflow/.local/lib/python3.12/site-packages/airflow/example_dags/example_task_group.py
[2024-07-08T15:19:58.687+0000] {logging_mixin.py:188} INFO - [2024-07-08T15:19:58.687+0000] {dag.py:3096} INFO - Sync 1 DAGs
[2024-07-08T15:19:58.717+0000] {logging_mixin.py:188} INFO - [2024-07-08T15:19:58.716+0000] {dag.py:3954} INFO - Setting next_dagrun for example_task_group to 2024-07-07 00:00:00+00:00, run_after=2024-07-08 00:00:00+00:00
[2024-07-08T15:19:58.744+0000] {processor.py:183} INFO - Processing /home/airflow/.local/lib/python3.12/site-packages/airflow/example_dags/example_task_group.py took 0.116 seconds
[2024-07-08T15:20:29.509+0000] {processor.py:161} INFO - Started process (PID=1089) to work on /home/airflow/.local/lib/python3.12/site-packages/airflow/example_dags/example_task_group.py
[2024-07-08T15:20:29.511+0000] {processor.py:830} INFO - Processing file /home/airflow/.local/lib/python3.12/site-packages/airflow/example_dags/example_task_group.py for tasks to queue
[2024-07-08T15:20:29.512+0000] {logging_mixin.py:188} INFO - [2024-07-08T15:20:29.511+0000] {dagbag.py:545} INFO - Filling up the DagBag from /home/airflow/.local/lib/python3.12/site-packages/airflow/example_dags/example_task_group.py
[2024-07-08T15:20:29.526+0000] {processor.py:840} INFO - DAG(s) 'example_task_group' retrieved from /home/airflow/.local/lib/python3.12/site-packages/airflow/example_dags/example_task_group.py
[2024-07-08T15:20:29.560+0000] {logging_mixin.py:188} INFO - [2024-07-08T15:20:29.559+0000] {dag.py:3096} INFO - Sync 1 DAGs
[2024-07-08T15:20:29.601+0000] {logging_mixin.py:188} INFO - [2024-07-08T15:20:29.600+0000] {dag.py:3954} INFO - Setting next_dagrun for example_task_group to 2024-07-07 00:00:00+00:00, run_after=2024-07-08 00:00:00+00:00
[2024-07-08T15:20:29.629+0000] {processor.py:183} INFO - Processing /home/airflow/.local/lib/python3.12/site-packages/airflow/example_dags/example_task_group.py took 0.127 seconds
[2024-07-08T15:20:59.710+0000] {processor.py:161} INFO - Started process (PID=1147) to work on /home/airflow/.local/lib/python3.12/site-packages/airflow/example_dags/example_task_group.py
[2024-07-08T15:20:59.712+0000] {processor.py:830} INFO - Processing file /home/airflow/.local/lib/python3.12/site-packages/airflow/example_dags/example_task_group.py for tasks to queue
[2024-07-08T15:20:59.713+0000] {logging_mixin.py:188} INFO - [2024-07-08T15:20:59.713+0000] {dagbag.py:545} INFO - Filling up the DagBag from /home/airflow/.local/lib/python3.12/site-packages/airflow/example_dags/example_task_group.py
[2024-07-08T15:20:59.723+0000] {processor.py:840} INFO - DAG(s) 'example_task_group' retrieved from /home/airflow/.local/lib/python3.12/site-packages/airflow/example_dags/example_task_group.py
[2024-07-08T15:20:59.750+0000] {logging_mixin.py:188} INFO - [2024-07-08T15:20:59.749+0000] {dag.py:3096} INFO - Sync 1 DAGs
[2024-07-08T15:20:59.792+0000] {logging_mixin.py:188} INFO - [2024-07-08T15:20:59.792+0000] {dag.py:3954} INFO - Setting next_dagrun for example_task_group to 2024-07-07 00:00:00+00:00, run_after=2024-07-08 00:00:00+00:00
[2024-07-08T15:20:59.819+0000] {processor.py:183} INFO - Processing /home/airflow/.local/lib/python3.12/site-packages/airflow/example_dags/example_task_group.py took 0.115 seconds
[2024-07-08T15:21:30.114+0000] {processor.py:161} INFO - Started process (PID=1205) to work on /home/airflow/.local/lib/python3.12/site-packages/airflow/example_dags/example_task_group.py
[2024-07-08T15:21:30.116+0000] {processor.py:830} INFO - Processing file /home/airflow/.local/lib/python3.12/site-packages/airflow/example_dags/example_task_group.py for tasks to queue
[2024-07-08T15:21:30.117+0000] {logging_mixin.py:188} INFO - [2024-07-08T15:21:30.117+0000] {dagbag.py:545} INFO - Filling up the DagBag from /home/airflow/.local/lib/python3.12/site-packages/airflow/example_dags/example_task_group.py
[2024-07-08T15:21:30.133+0000] {processor.py:840} INFO - DAG(s) 'example_task_group' retrieved from /home/airflow/.local/lib/python3.12/site-packages/airflow/example_dags/example_task_group.py
[2024-07-08T15:21:30.161+0000] {logging_mixin.py:188} INFO - [2024-07-08T15:21:30.161+0000] {dag.py:3096} INFO - Sync 1 DAGs
[2024-07-08T15:21:30.189+0000] {logging_mixin.py:188} INFO - [2024-07-08T15:21:30.189+0000] {dag.py:3954} INFO - Setting next_dagrun for example_task_group to 2024-07-07 00:00:00+00:00, run_after=2024-07-08 00:00:00+00:00
[2024-07-08T15:21:30.216+0000] {processor.py:183} INFO - Processing /home/airflow/.local/lib/python3.12/site-packages/airflow/example_dags/example_task_group.py took 0.111 seconds
[2024-07-08T15:22:00.893+0000] {processor.py:161} INFO - Started process (PID=1263) to work on /home/airflow/.local/lib/python3.12/site-packages/airflow/example_dags/example_task_group.py
[2024-07-08T15:22:00.895+0000] {processor.py:830} INFO - Processing file /home/airflow/.local/lib/python3.12/site-packages/airflow/example_dags/example_task_group.py for tasks to queue
[2024-07-08T15:22:00.898+0000] {logging_mixin.py:188} INFO - [2024-07-08T15:22:00.898+0000] {dagbag.py:545} INFO - Filling up the DagBag from /home/airflow/.local/lib/python3.12/site-packages/airflow/example_dags/example_task_group.py
[2024-07-08T15:22:00.912+0000] {processor.py:840} INFO - DAG(s) 'example_task_group' retrieved from /home/airflow/.local/lib/python3.12/site-packages/airflow/example_dags/example_task_group.py
[2024-07-08T15:22:00.940+0000] {logging_mixin.py:188} INFO - [2024-07-08T15:22:00.939+0000] {dag.py:3096} INFO - Sync 1 DAGs
[2024-07-08T15:22:00.988+0000] {logging_mixin.py:188} INFO - [2024-07-08T15:22:00.988+0000] {dag.py:3954} INFO - Setting next_dagrun for example_task_group to 2024-07-07 00:00:00+00:00, run_after=2024-07-08 00:00:00+00:00
[2024-07-08T15:22:01.017+0000] {processor.py:183} INFO - Processing /home/airflow/.local/lib/python3.12/site-packages/airflow/example_dags/example_task_group.py took 0.141 seconds
[2024-07-08T15:22:32.036+0000] {processor.py:161} INFO - Started process (PID=1325) to work on /home/airflow/.local/lib/python3.12/site-packages/airflow/example_dags/example_task_group.py
[2024-07-08T15:22:32.038+0000] {processor.py:830} INFO - Processing file /home/airflow/.local/lib/python3.12/site-packages/airflow/example_dags/example_task_group.py for tasks to queue
[2024-07-08T15:22:32.040+0000] {logging_mixin.py:188} INFO - [2024-07-08T15:22:32.039+0000] {dagbag.py:545} INFO - Filling up the DagBag from /home/airflow/.local/lib/python3.12/site-packages/airflow/example_dags/example_task_group.py
[2024-07-08T15:22:32.062+0000] {processor.py:840} INFO - DAG(s) 'example_task_group' retrieved from /home/airflow/.local/lib/python3.12/site-packages/airflow/example_dags/example_task_group.py
[2024-07-08T15:22:32.128+0000] {logging_mixin.py:188} INFO - [2024-07-08T15:22:32.128+0000] {dag.py:3096} INFO - Sync 1 DAGs
[2024-07-08T15:22:32.212+0000] {logging_mixin.py:188} INFO - [2024-07-08T15:22:32.211+0000] {dag.py:3954} INFO - Setting next_dagrun for example_task_group to 2024-07-07 00:00:00+00:00, run_after=2024-07-08 00:00:00+00:00
[2024-07-08T15:22:32.281+0000] {processor.py:183} INFO - Processing /home/airflow/.local/lib/python3.12/site-packages/airflow/example_dags/example_task_group.py took 0.255 seconds
[2024-07-08T15:23:02.513+0000] {processor.py:161} INFO - Started process (PID=1387) to work on /home/airflow/.local/lib/python3.12/site-packages/airflow/example_dags/example_task_group.py
[2024-07-08T15:23:02.515+0000] {processor.py:830} INFO - Processing file /home/airflow/.local/lib/python3.12/site-packages/airflow/example_dags/example_task_group.py for tasks to queue
[2024-07-08T15:23:02.516+0000] {logging_mixin.py:188} INFO - [2024-07-08T15:23:02.516+0000] {dagbag.py:545} INFO - Filling up the DagBag from /home/airflow/.local/lib/python3.12/site-packages/airflow/example_dags/example_task_group.py
[2024-07-08T15:23:02.529+0000] {processor.py:840} INFO - DAG(s) 'example_task_group' retrieved from /home/airflow/.local/lib/python3.12/site-packages/airflow/example_dags/example_task_group.py
[2024-07-08T15:23:02.559+0000] {logging_mixin.py:188} INFO - [2024-07-08T15:23:02.559+0000] {dag.py:3096} INFO - Sync 1 DAGs
[2024-07-08T15:23:02.587+0000] {logging_mixin.py:188} INFO - [2024-07-08T15:23:02.587+0000] {dag.py:3954} INFO - Setting next_dagrun for example_task_group to 2024-07-07 00:00:00+00:00, run_after=2024-07-08 00:00:00+00:00
[2024-07-08T15:23:02.635+0000] {processor.py:183} INFO - Processing /home/airflow/.local/lib/python3.12/site-packages/airflow/example_dags/example_task_group.py took 0.129 seconds
[2024-07-08T15:23:33.468+0000] {processor.py:161} INFO - Started process (PID=1451) to work on /home/airflow/.local/lib/python3.12/site-packages/airflow/example_dags/example_task_group.py
[2024-07-08T15:23:33.470+0000] {processor.py:830} INFO - Processing file /home/airflow/.local/lib/python3.12/site-packages/airflow/example_dags/example_task_group.py for tasks to queue
[2024-07-08T15:23:33.471+0000] {logging_mixin.py:188} INFO - [2024-07-08T15:23:33.471+0000] {dagbag.py:545} INFO - Filling up the DagBag from /home/airflow/.local/lib/python3.12/site-packages/airflow/example_dags/example_task_group.py
[2024-07-08T15:23:33.484+0000] {processor.py:840} INFO - DAG(s) 'example_task_group' retrieved from /home/airflow/.local/lib/python3.12/site-packages/airflow/example_dags/example_task_group.py
[2024-07-08T15:23:33.516+0000] {logging_mixin.py:188} INFO - [2024-07-08T15:23:33.516+0000] {dag.py:3096} INFO - Sync 1 DAGs
[2024-07-08T15:23:33.546+0000] {logging_mixin.py:188} INFO - [2024-07-08T15:23:33.546+0000] {dag.py:3954} INFO - Setting next_dagrun for example_task_group to 2024-07-07 00:00:00+00:00, run_after=2024-07-08 00:00:00+00:00
[2024-07-08T15:23:33.597+0000] {processor.py:183} INFO - Processing /home/airflow/.local/lib/python3.12/site-packages/airflow/example_dags/example_task_group.py took 0.135 seconds
[2024-07-08T15:24:03.723+0000] {processor.py:161} INFO - Started process (PID=1517) to work on /home/airflow/.local/lib/python3.12/site-packages/airflow/example_dags/example_task_group.py
[2024-07-08T15:24:03.724+0000] {processor.py:830} INFO - Processing file /home/airflow/.local/lib/python3.12/site-packages/airflow/example_dags/example_task_group.py for tasks to queue
[2024-07-08T15:24:03.726+0000] {logging_mixin.py:188} INFO - [2024-07-08T15:24:03.725+0000] {dagbag.py:545} INFO - Filling up the DagBag from /home/airflow/.local/lib/python3.12/site-packages/airflow/example_dags/example_task_group.py
[2024-07-08T15:24:03.736+0000] {processor.py:840} INFO - DAG(s) 'example_task_group' retrieved from /home/airflow/.local/lib/python3.12/site-packages/airflow/example_dags/example_task_group.py
[2024-07-08T15:24:03.768+0000] {logging_mixin.py:188} INFO - [2024-07-08T15:24:03.768+0000] {dag.py:3096} INFO - Sync 1 DAGs
[2024-07-08T15:24:03.804+0000] {logging_mixin.py:188} INFO - [2024-07-08T15:24:03.804+0000] {dag.py:3954} INFO - Setting next_dagrun for example_task_group to 2024-07-07 00:00:00+00:00, run_after=2024-07-08 00:00:00+00:00
[2024-07-08T15:24:03.830+0000] {processor.py:183} INFO - Processing /home/airflow/.local/lib/python3.12/site-packages/airflow/example_dags/example_task_group.py took 0.114 seconds
[2024-07-08T15:24:33.914+0000] {processor.py:161} INFO - Started process (PID=1576) to work on /home/airflow/.local/lib/python3.12/site-packages/airflow/example_dags/example_task_group.py
[2024-07-08T15:24:33.915+0000] {processor.py:830} INFO - Processing file /home/airflow/.local/lib/python3.12/site-packages/airflow/example_dags/example_task_group.py for tasks to queue
[2024-07-08T15:24:33.916+0000] {logging_mixin.py:188} INFO - [2024-07-08T15:24:33.916+0000] {dagbag.py:545} INFO - Filling up the DagBag from /home/airflow/.local/lib/python3.12/site-packages/airflow/example_dags/example_task_group.py
[2024-07-08T15:24:33.932+0000] {processor.py:840} INFO - DAG(s) 'example_task_group' retrieved from /home/airflow/.local/lib/python3.12/site-packages/airflow/example_dags/example_task_group.py
[2024-07-08T15:24:33.970+0000] {logging_mixin.py:188} INFO - [2024-07-08T15:24:33.969+0000] {dag.py:3096} INFO - Sync 1 DAGs
[2024-07-08T15:24:34.011+0000] {logging_mixin.py:188} INFO - [2024-07-08T15:24:34.011+0000] {dag.py:3954} INFO - Setting next_dagrun for example_task_group to 2024-07-07 00:00:00+00:00, run_after=2024-07-08 00:00:00+00:00
[2024-07-08T15:24:34.044+0000] {processor.py:183} INFO - Processing /home/airflow/.local/lib/python3.12/site-packages/airflow/example_dags/example_task_group.py took 0.143 seconds
[2024-07-08T15:25:04.258+0000] {processor.py:161} INFO - Started process (PID=1639) to work on /home/airflow/.local/lib/python3.12/site-packages/airflow/example_dags/example_task_group.py
[2024-07-08T15:25:04.259+0000] {processor.py:830} INFO - Processing file /home/airflow/.local/lib/python3.12/site-packages/airflow/example_dags/example_task_group.py for tasks to queue
[2024-07-08T15:25:04.261+0000] {logging_mixin.py:188} INFO - [2024-07-08T15:25:04.260+0000] {dagbag.py:545} INFO - Filling up the DagBag from /home/airflow/.local/lib/python3.12/site-packages/airflow/example_dags/example_task_group.py
[2024-07-08T15:25:04.275+0000] {processor.py:840} INFO - DAG(s) 'example_task_group' retrieved from /home/airflow/.local/lib/python3.12/site-packages/airflow/example_dags/example_task_group.py
[2024-07-08T15:25:04.308+0000] {logging_mixin.py:188} INFO - [2024-07-08T15:25:04.308+0000] {dag.py:3096} INFO - Sync 1 DAGs
[2024-07-08T15:25:04.342+0000] {logging_mixin.py:188} INFO - [2024-07-08T15:25:04.341+0000] {dag.py:3954} INFO - Setting next_dagrun for example_task_group to 2024-07-07 00:00:00+00:00, run_after=2024-07-08 00:00:00+00:00
[2024-07-08T15:25:04.372+0000] {processor.py:183} INFO - Processing /home/airflow/.local/lib/python3.12/site-packages/airflow/example_dags/example_task_group.py took 0.123 seconds
[2024-07-08T15:25:34.550+0000] {processor.py:161} INFO - Started process (PID=1705) to work on /home/airflow/.local/lib/python3.12/site-packages/airflow/example_dags/example_task_group.py
[2024-07-08T15:25:34.552+0000] {processor.py:830} INFO - Processing file /home/airflow/.local/lib/python3.12/site-packages/airflow/example_dags/example_task_group.py for tasks to queue
[2024-07-08T15:25:34.553+0000] {logging_mixin.py:188} INFO - [2024-07-08T15:25:34.553+0000] {dagbag.py:545} INFO - Filling up the DagBag from /home/airflow/.local/lib/python3.12/site-packages/airflow/example_dags/example_task_group.py
[2024-07-08T15:25:34.567+0000] {processor.py:840} INFO - DAG(s) 'example_task_group' retrieved from /home/airflow/.local/lib/python3.12/site-packages/airflow/example_dags/example_task_group.py
[2024-07-08T15:25:34.601+0000] {logging_mixin.py:188} INFO - [2024-07-08T15:25:34.601+0000] {dag.py:3096} INFO - Sync 1 DAGs
[2024-07-08T15:25:34.648+0000] {logging_mixin.py:188} INFO - [2024-07-08T15:25:34.645+0000] {dag.py:3954} INFO - Setting next_dagrun for example_task_group to 2024-07-07 00:00:00+00:00, run_after=2024-07-08 00:00:00+00:00
[2024-07-08T15:25:34.694+0000] {processor.py:183} INFO - Processing /home/airflow/.local/lib/python3.12/site-packages/airflow/example_dags/example_task_group.py took 0.152 seconds
[2024-07-08T15:26:05.052+0000] {processor.py:161} INFO - Started process (PID=1770) to work on /home/airflow/.local/lib/python3.12/site-packages/airflow/example_dags/example_task_group.py
[2024-07-08T15:26:05.053+0000] {processor.py:830} INFO - Processing file /home/airflow/.local/lib/python3.12/site-packages/airflow/example_dags/example_task_group.py for tasks to queue
[2024-07-08T15:26:05.055+0000] {logging_mixin.py:188} INFO - [2024-07-08T15:26:05.054+0000] {dagbag.py:545} INFO - Filling up the DagBag from /home/airflow/.local/lib/python3.12/site-packages/airflow/example_dags/example_task_group.py
[2024-07-08T15:26:05.064+0000] {processor.py:840} INFO - DAG(s) 'example_task_group' retrieved from /home/airflow/.local/lib/python3.12/site-packages/airflow/example_dags/example_task_group.py
[2024-07-08T15:26:05.098+0000] {logging_mixin.py:188} INFO - [2024-07-08T15:26:05.097+0000] {dag.py:3096} INFO - Sync 1 DAGs
[2024-07-08T15:26:05.130+0000] {logging_mixin.py:188} INFO - [2024-07-08T15:26:05.130+0000] {dag.py:3954} INFO - Setting next_dagrun for example_task_group to 2024-07-07 00:00:00+00:00, run_after=2024-07-08 00:00:00+00:00
[2024-07-08T15:26:05.167+0000] {processor.py:183} INFO - Processing /home/airflow/.local/lib/python3.12/site-packages/airflow/example_dags/example_task_group.py took 0.124 seconds
[2024-07-08T15:26:35.621+0000] {processor.py:161} INFO - Started process (PID=1831) to work on /home/airflow/.local/lib/python3.12/site-packages/airflow/example_dags/example_task_group.py
[2024-07-08T15:26:35.623+0000] {processor.py:830} INFO - Processing file /home/airflow/.local/lib/python3.12/site-packages/airflow/example_dags/example_task_group.py for tasks to queue
[2024-07-08T15:26:35.624+0000] {logging_mixin.py:188} INFO - [2024-07-08T15:26:35.624+0000] {dagbag.py:545} INFO - Filling up the DagBag from /home/airflow/.local/lib/python3.12/site-packages/airflow/example_dags/example_task_group.py
[2024-07-08T15:26:35.634+0000] {processor.py:840} INFO - DAG(s) 'example_task_group' retrieved from /home/airflow/.local/lib/python3.12/site-packages/airflow/example_dags/example_task_group.py
[2024-07-08T15:26:35.665+0000] {logging_mixin.py:188} INFO - [2024-07-08T15:26:35.665+0000] {dag.py:3096} INFO - Sync 1 DAGs
[2024-07-08T15:26:35.947+0000] {logging_mixin.py:188} INFO - [2024-07-08T15:26:35.947+0000] {dag.py:3954} INFO - Setting next_dagrun for example_task_group to 2024-07-07 00:00:00+00:00, run_after=2024-07-08 00:00:00+00:00
[2024-07-08T15:26:35.970+0000] {processor.py:183} INFO - Processing /home/airflow/.local/lib/python3.12/site-packages/airflow/example_dags/example_task_group.py took 0.355 seconds
[2024-07-08T15:27:06.151+0000] {processor.py:161} INFO - Started process (PID=1892) to work on /home/airflow/.local/lib/python3.12/site-packages/airflow/example_dags/example_task_group.py
[2024-07-08T15:27:06.153+0000] {processor.py:830} INFO - Processing file /home/airflow/.local/lib/python3.12/site-packages/airflow/example_dags/example_task_group.py for tasks to queue
[2024-07-08T15:27:06.154+0000] {logging_mixin.py:188} INFO - [2024-07-08T15:27:06.154+0000] {dagbag.py:545} INFO - Filling up the DagBag from /home/airflow/.local/lib/python3.12/site-packages/airflow/example_dags/example_task_group.py
[2024-07-08T15:27:06.169+0000] {processor.py:840} INFO - DAG(s) 'example_task_group' retrieved from /home/airflow/.local/lib/python3.12/site-packages/airflow/example_dags/example_task_group.py
[2024-07-08T15:27:06.202+0000] {logging_mixin.py:188} INFO - [2024-07-08T15:27:06.202+0000] {dag.py:3096} INFO - Sync 1 DAGs
[2024-07-08T15:27:06.405+0000] {logging_mixin.py:188} INFO - [2024-07-08T15:27:06.404+0000] {dag.py:3954} INFO - Setting next_dagrun for example_task_group to 2024-07-07 00:00:00+00:00, run_after=2024-07-08 00:00:00+00:00
[2024-07-08T15:27:06.436+0000] {processor.py:183} INFO - Processing /home/airflow/.local/lib/python3.12/site-packages/airflow/example_dags/example_task_group.py took 0.293 seconds
[2024-07-08T15:27:37.476+0000] {processor.py:161} INFO - Started process (PID=1950) to work on /home/airflow/.local/lib/python3.12/site-packages/airflow/example_dags/example_task_group.py
[2024-07-08T15:27:37.478+0000] {processor.py:830} INFO - Processing file /home/airflow/.local/lib/python3.12/site-packages/airflow/example_dags/example_task_group.py for tasks to queue
[2024-07-08T15:27:37.479+0000] {logging_mixin.py:188} INFO - [2024-07-08T15:27:37.479+0000] {dagbag.py:545} INFO - Filling up the DagBag from /home/airflow/.local/lib/python3.12/site-packages/airflow/example_dags/example_task_group.py
[2024-07-08T15:27:37.496+0000] {processor.py:840} INFO - DAG(s) 'example_task_group' retrieved from /home/airflow/.local/lib/python3.12/site-packages/airflow/example_dags/example_task_group.py
[2024-07-08T15:27:37.540+0000] {logging_mixin.py:188} INFO - [2024-07-08T15:27:37.539+0000] {dag.py:3096} INFO - Sync 1 DAGs
[2024-07-08T15:27:37.806+0000] {logging_mixin.py:188} INFO - [2024-07-08T15:27:37.804+0000] {dag.py:3954} INFO - Setting next_dagrun for example_task_group to 2024-07-07 00:00:00+00:00, run_after=2024-07-08 00:00:00+00:00
[2024-07-08T15:27:37.836+0000] {processor.py:183} INFO - Processing /home/airflow/.local/lib/python3.12/site-packages/airflow/example_dags/example_task_group.py took 0.371 seconds
[2024-07-08T15:28:07.961+0000] {processor.py:161} INFO - Started process (PID=2009) to work on /home/airflow/.local/lib/python3.12/site-packages/airflow/example_dags/example_task_group.py
[2024-07-08T15:28:07.962+0000] {processor.py:830} INFO - Processing file /home/airflow/.local/lib/python3.12/site-packages/airflow/example_dags/example_task_group.py for tasks to queue
[2024-07-08T15:28:07.963+0000] {logging_mixin.py:188} INFO - [2024-07-08T15:28:07.963+0000] {dagbag.py:545} INFO - Filling up the DagBag from /home/airflow/.local/lib/python3.12/site-packages/airflow/example_dags/example_task_group.py
[2024-07-08T15:28:07.978+0000] {processor.py:840} INFO - DAG(s) 'example_task_group' retrieved from /home/airflow/.local/lib/python3.12/site-packages/airflow/example_dags/example_task_group.py
[2024-07-08T15:28:08.011+0000] {logging_mixin.py:188} INFO - [2024-07-08T15:28:08.010+0000] {dag.py:3096} INFO - Sync 1 DAGs
[2024-07-08T15:28:08.043+0000] {logging_mixin.py:188} INFO - [2024-07-08T15:28:08.042+0000] {dag.py:3954} INFO - Setting next_dagrun for example_task_group to 2024-07-07 00:00:00+00:00, run_after=2024-07-08 00:00:00+00:00
[2024-07-08T15:28:08.070+0000] {processor.py:183} INFO - Processing /home/airflow/.local/lib/python3.12/site-packages/airflow/example_dags/example_task_group.py took 0.120 seconds
[2024-07-08T15:31:06.773+0000] {processor.py:161} INFO - Started process (PID=2069) to work on /home/airflow/.local/lib/python3.12/site-packages/airflow/example_dags/example_task_group.py
[2024-07-08T15:31:06.775+0000] {processor.py:830} INFO - Processing file /home/airflow/.local/lib/python3.12/site-packages/airflow/example_dags/example_task_group.py for tasks to queue
[2024-07-08T15:31:06.777+0000] {logging_mixin.py:188} INFO - [2024-07-08T15:31:06.776+0000] {dagbag.py:545} INFO - Filling up the DagBag from /home/airflow/.local/lib/python3.12/site-packages/airflow/example_dags/example_task_group.py
[2024-07-08T15:31:06.796+0000] {processor.py:840} INFO - DAG(s) 'example_task_group' retrieved from /home/airflow/.local/lib/python3.12/site-packages/airflow/example_dags/example_task_group.py
[2024-07-08T15:31:06.839+0000] {logging_mixin.py:188} INFO - [2024-07-08T15:31:06.838+0000] {dag.py:3096} INFO - Sync 1 DAGs
[2024-07-08T15:31:06.895+0000] {logging_mixin.py:188} INFO - [2024-07-08T15:31:06.894+0000] {dag.py:3954} INFO - Setting next_dagrun for example_task_group to 2024-07-07 00:00:00+00:00, run_after=2024-07-08 00:00:00+00:00
[2024-07-08T15:31:06.932+0000] {processor.py:183} INFO - Processing /home/airflow/.local/lib/python3.12/site-packages/airflow/example_dags/example_task_group.py took 0.169 seconds
[2024-07-08T15:31:37.814+0000] {processor.py:161} INFO - Started process (PID=2127) to work on /home/airflow/.local/lib/python3.12/site-packages/airflow/example_dags/example_task_group.py
[2024-07-08T15:31:37.815+0000] {processor.py:830} INFO - Processing file /home/airflow/.local/lib/python3.12/site-packages/airflow/example_dags/example_task_group.py for tasks to queue
[2024-07-08T15:31:37.817+0000] {logging_mixin.py:188} INFO - [2024-07-08T15:31:37.817+0000] {dagbag.py:545} INFO - Filling up the DagBag from /home/airflow/.local/lib/python3.12/site-packages/airflow/example_dags/example_task_group.py
[2024-07-08T15:31:37.834+0000] {processor.py:840} INFO - DAG(s) 'example_task_group' retrieved from /home/airflow/.local/lib/python3.12/site-packages/airflow/example_dags/example_task_group.py
[2024-07-08T15:31:37.873+0000] {logging_mixin.py:188} INFO - [2024-07-08T15:31:37.872+0000] {dag.py:3096} INFO - Sync 1 DAGs
[2024-07-08T15:31:37.917+0000] {logging_mixin.py:188} INFO - [2024-07-08T15:31:37.916+0000] {dag.py:3954} INFO - Setting next_dagrun for example_task_group to 2024-07-07 00:00:00+00:00, run_after=2024-07-08 00:00:00+00:00
[2024-07-08T15:31:37.952+0000] {processor.py:183} INFO - Processing /home/airflow/.local/lib/python3.12/site-packages/airflow/example_dags/example_task_group.py took 0.148 seconds
[2024-07-08T15:32:08.246+0000] {processor.py:161} INFO - Started process (PID=2186) to work on /home/airflow/.local/lib/python3.12/site-packages/airflow/example_dags/example_task_group.py
[2024-07-08T15:32:08.248+0000] {processor.py:830} INFO - Processing file /home/airflow/.local/lib/python3.12/site-packages/airflow/example_dags/example_task_group.py for tasks to queue
[2024-07-08T15:32:08.249+0000] {logging_mixin.py:188} INFO - [2024-07-08T15:32:08.249+0000] {dagbag.py:545} INFO - Filling up the DagBag from /home/airflow/.local/lib/python3.12/site-packages/airflow/example_dags/example_task_group.py
[2024-07-08T15:32:08.260+0000] {processor.py:840} INFO - DAG(s) 'example_task_group' retrieved from /home/airflow/.local/lib/python3.12/site-packages/airflow/example_dags/example_task_group.py
[2024-07-08T15:32:08.288+0000] {logging_mixin.py:188} INFO - [2024-07-08T15:32:08.288+0000] {dag.py:3096} INFO - Sync 1 DAGs
[2024-07-08T15:32:08.314+0000] {logging_mixin.py:188} INFO - [2024-07-08T15:32:08.314+0000] {dag.py:3954} INFO - Setting next_dagrun for example_task_group to 2024-07-07 00:00:00+00:00, run_after=2024-07-08 00:00:00+00:00
[2024-07-08T15:32:08.342+0000] {processor.py:183} INFO - Processing /home/airflow/.local/lib/python3.12/site-packages/airflow/example_dags/example_task_group.py took 0.105 seconds
[2024-07-08T15:33:48.067+0000] {processor.py:161} INFO - Started process (PID=2245) to work on /home/airflow/.local/lib/python3.12/site-packages/airflow/example_dags/example_task_group.py
[2024-07-08T15:33:48.072+0000] {processor.py:830} INFO - Processing file /home/airflow/.local/lib/python3.12/site-packages/airflow/example_dags/example_task_group.py for tasks to queue
[2024-07-08T15:33:48.079+0000] {logging_mixin.py:188} INFO - [2024-07-08T15:33:48.078+0000] {dagbag.py:545} INFO - Filling up the DagBag from /home/airflow/.local/lib/python3.12/site-packages/airflow/example_dags/example_task_group.py
[2024-07-08T15:33:48.165+0000] {processor.py:840} INFO - DAG(s) 'example_task_group' retrieved from /home/airflow/.local/lib/python3.12/site-packages/airflow/example_dags/example_task_group.py
[2024-07-08T15:33:48.609+0000] {logging_mixin.py:188} INFO - [2024-07-08T15:33:48.594+0000] {dag.py:3096} INFO - Sync 1 DAGs
[2024-07-08T15:33:48.834+0000] {logging_mixin.py:188} INFO - [2024-07-08T15:33:48.834+0000] {dag.py:3954} INFO - Setting next_dagrun for example_task_group to 2024-07-07 00:00:00+00:00, run_after=2024-07-08 00:00:00+00:00
[2024-07-08T15:33:48.993+0000] {processor.py:183} INFO - Processing /home/airflow/.local/lib/python3.12/site-packages/airflow/example_dags/example_task_group.py took 1.057 seconds
[2024-07-08T15:40:09.842+0000] {processor.py:161} INFO - Started process (PID=2365) to work on /home/airflow/.local/lib/python3.12/site-packages/airflow/example_dags/example_task_group.py
[2024-07-08T15:40:09.847+0000] {processor.py:830} INFO - Processing file /home/airflow/.local/lib/python3.12/site-packages/airflow/example_dags/example_task_group.py for tasks to queue
[2024-07-08T15:40:09.852+0000] {logging_mixin.py:188} INFO - [2024-07-08T15:40:09.851+0000] {dagbag.py:545} INFO - Filling up the DagBag from /home/airflow/.local/lib/python3.12/site-packages/airflow/example_dags/example_task_group.py
[2024-07-08T15:40:09.956+0000] {processor.py:840} INFO - DAG(s) 'example_task_group' retrieved from /home/airflow/.local/lib/python3.12/site-packages/airflow/example_dags/example_task_group.py
[2024-07-08T15:40:10.180+0000] {logging_mixin.py:188} INFO - [2024-07-08T15:40:10.175+0000] {dag.py:3096} INFO - Sync 1 DAGs
[2024-07-08T15:40:10.335+0000] {logging_mixin.py:188} INFO - [2024-07-08T15:40:10.334+0000] {dag.py:3954} INFO - Setting next_dagrun for example_task_group to 2024-07-07 00:00:00+00:00, run_after=2024-07-08 00:00:00+00:00
[2024-07-08T15:40:10.398+0000] {processor.py:183} INFO - Processing /home/airflow/.local/lib/python3.12/site-packages/airflow/example_dags/example_task_group.py took 0.628 seconds
[2024-07-08T15:41:26.291+0000] {processor.py:161} INFO - Started process (PID=2393) to work on /home/airflow/.local/lib/python3.12/site-packages/airflow/example_dags/example_task_group.py
[2024-07-08T15:41:26.298+0000] {processor.py:830} INFO - Processing file /home/airflow/.local/lib/python3.12/site-packages/airflow/example_dags/example_task_group.py for tasks to queue
[2024-07-08T15:41:26.300+0000] {logging_mixin.py:188} INFO - [2024-07-08T15:41:26.300+0000] {dagbag.py:545} INFO - Filling up the DagBag from /home/airflow/.local/lib/python3.12/site-packages/airflow/example_dags/example_task_group.py
[2024-07-08T15:41:26.316+0000] {processor.py:840} INFO - DAG(s) 'example_task_group' retrieved from /home/airflow/.local/lib/python3.12/site-packages/airflow/example_dags/example_task_group.py
[2024-07-08T15:41:26.471+0000] {logging_mixin.py:188} INFO - [2024-07-08T15:41:26.470+0000] {dag.py:3096} INFO - Sync 1 DAGs
[2024-07-08T15:41:26.611+0000] {logging_mixin.py:188} INFO - [2024-07-08T15:41:26.611+0000] {dag.py:3954} INFO - Setting next_dagrun for example_task_group to 2024-07-07 00:00:00+00:00, run_after=2024-07-08 00:00:00+00:00
[2024-07-08T15:41:26.740+0000] {processor.py:183} INFO - Processing /home/airflow/.local/lib/python3.12/site-packages/airflow/example_dags/example_task_group.py took 0.464 seconds
[2024-07-08T15:42:25.018+0000] {processor.py:161} INFO - Started process (PID=2452) to work on /home/airflow/.local/lib/python3.12/site-packages/airflow/example_dags/example_task_group.py
[2024-07-08T15:42:25.020+0000] {processor.py:830} INFO - Processing file /home/airflow/.local/lib/python3.12/site-packages/airflow/example_dags/example_task_group.py for tasks to queue
[2024-07-08T15:42:25.024+0000] {logging_mixin.py:188} INFO - [2024-07-08T15:42:25.023+0000] {dagbag.py:545} INFO - Filling up the DagBag from /home/airflow/.local/lib/python3.12/site-packages/airflow/example_dags/example_task_group.py
[2024-07-08T15:42:25.039+0000] {processor.py:840} INFO - DAG(s) 'example_task_group' retrieved from /home/airflow/.local/lib/python3.12/site-packages/airflow/example_dags/example_task_group.py
[2024-07-08T15:42:25.084+0000] {logging_mixin.py:188} INFO - [2024-07-08T15:42:25.084+0000] {dag.py:3096} INFO - Sync 1 DAGs
[2024-07-08T15:42:25.131+0000] {logging_mixin.py:188} INFO - [2024-07-08T15:42:25.130+0000] {dag.py:3954} INFO - Setting next_dagrun for example_task_group to 2024-07-07 00:00:00+00:00, run_after=2024-07-08 00:00:00+00:00
[2024-07-08T15:42:25.166+0000] {processor.py:183} INFO - Processing /home/airflow/.local/lib/python3.12/site-packages/airflow/example_dags/example_task_group.py took 0.158 seconds
[2024-07-08T15:42:55.452+0000] {processor.py:161} INFO - Started process (PID=2513) to work on /home/airflow/.local/lib/python3.12/site-packages/airflow/example_dags/example_task_group.py
[2024-07-08T15:42:55.454+0000] {processor.py:830} INFO - Processing file /home/airflow/.local/lib/python3.12/site-packages/airflow/example_dags/example_task_group.py for tasks to queue
[2024-07-08T15:42:55.455+0000] {logging_mixin.py:188} INFO - [2024-07-08T15:42:55.455+0000] {dagbag.py:545} INFO - Filling up the DagBag from /home/airflow/.local/lib/python3.12/site-packages/airflow/example_dags/example_task_group.py
[2024-07-08T15:42:55.465+0000] {processor.py:840} INFO - DAG(s) 'example_task_group' retrieved from /home/airflow/.local/lib/python3.12/site-packages/airflow/example_dags/example_task_group.py
[2024-07-08T15:42:55.494+0000] {logging_mixin.py:188} INFO - [2024-07-08T15:42:55.493+0000] {dag.py:3096} INFO - Sync 1 DAGs
[2024-07-08T15:42:55.519+0000] {logging_mixin.py:188} INFO - [2024-07-08T15:42:55.519+0000] {dag.py:3954} INFO - Setting next_dagrun for example_task_group to 2024-07-07 00:00:00+00:00, run_after=2024-07-08 00:00:00+00:00
[2024-07-08T15:42:55.551+0000] {processor.py:183} INFO - Processing /home/airflow/.local/lib/python3.12/site-packages/airflow/example_dags/example_task_group.py took 0.107 seconds
[2024-07-08T15:43:26.494+0000] {processor.py:161} INFO - Started process (PID=2573) to work on /home/airflow/.local/lib/python3.12/site-packages/airflow/example_dags/example_task_group.py
[2024-07-08T15:43:26.496+0000] {processor.py:830} INFO - Processing file /home/airflow/.local/lib/python3.12/site-packages/airflow/example_dags/example_task_group.py for tasks to queue
[2024-07-08T15:43:26.497+0000] {logging_mixin.py:188} INFO - [2024-07-08T15:43:26.497+0000] {dagbag.py:545} INFO - Filling up the DagBag from /home/airflow/.local/lib/python3.12/site-packages/airflow/example_dags/example_task_group.py
[2024-07-08T15:43:26.511+0000] {processor.py:840} INFO - DAG(s) 'example_task_group' retrieved from /home/airflow/.local/lib/python3.12/site-packages/airflow/example_dags/example_task_group.py
[2024-07-08T15:43:26.570+0000] {logging_mixin.py:188} INFO - [2024-07-08T15:43:26.570+0000] {dag.py:3096} INFO - Sync 1 DAGs
[2024-07-08T15:43:26.633+0000] {logging_mixin.py:188} INFO - [2024-07-08T15:43:26.632+0000] {dag.py:3954} INFO - Setting next_dagrun for example_task_group to 2024-07-07 00:00:00+00:00, run_after=2024-07-08 00:00:00+00:00
[2024-07-08T15:43:26.666+0000] {processor.py:183} INFO - Processing /home/airflow/.local/lib/python3.12/site-packages/airflow/example_dags/example_task_group.py took 0.184 seconds
[2024-07-08T15:43:56.941+0000] {processor.py:161} INFO - Started process (PID=2633) to work on /home/airflow/.local/lib/python3.12/site-packages/airflow/example_dags/example_task_group.py
[2024-07-08T15:43:56.943+0000] {processor.py:830} INFO - Processing file /home/airflow/.local/lib/python3.12/site-packages/airflow/example_dags/example_task_group.py for tasks to queue
[2024-07-08T15:43:56.944+0000] {logging_mixin.py:188} INFO - [2024-07-08T15:43:56.944+0000] {dagbag.py:545} INFO - Filling up the DagBag from /home/airflow/.local/lib/python3.12/site-packages/airflow/example_dags/example_task_group.py
[2024-07-08T15:43:56.963+0000] {processor.py:840} INFO - DAG(s) 'example_task_group' retrieved from /home/airflow/.local/lib/python3.12/site-packages/airflow/example_dags/example_task_group.py
[2024-07-08T15:43:57.042+0000] {logging_mixin.py:188} INFO - [2024-07-08T15:43:57.042+0000] {dag.py:3096} INFO - Sync 1 DAGs
[2024-07-08T15:43:57.093+0000] {logging_mixin.py:188} INFO - [2024-07-08T15:43:57.093+0000] {dag.py:3954} INFO - Setting next_dagrun for example_task_group to 2024-07-07 00:00:00+00:00, run_after=2024-07-08 00:00:00+00:00
[2024-07-08T15:43:57.160+0000] {processor.py:183} INFO - Processing /home/airflow/.local/lib/python3.12/site-packages/airflow/example_dags/example_task_group.py took 0.230 seconds
