[2024-07-08T15:07:58.664+0000] {processor.py:161} INFO - Started process (PID=79) to work on /home/airflow/.local/lib/python3.12/site-packages/airflow/example_dags/example_skip_dag.py
[2024-07-08T15:07:58.667+0000] {processor.py:830} INFO - Processing file /home/airflow/.local/lib/python3.12/site-packages/airflow/example_dags/example_skip_dag.py for tasks to queue
[2024-07-08T15:07:58.670+0000] {logging_mixin.py:188} INFO - [2024-07-08T15:07:58.669+0000] {dagbag.py:545} INFO - Filling up the DagBag from /home/airflow/.local/lib/python3.12/site-packages/airflow/example_dags/example_skip_dag.py
[2024-07-08T15:07:58.690+0000] {processor.py:840} INFO - DAG(s) 'example_skip_dag' retrieved from /home/airflow/.local/lib/python3.12/site-packages/airflow/example_dags/example_skip_dag.py
[2024-07-08T15:07:59.058+0000] {logging_mixin.py:188} INFO - [2024-07-08T15:07:59.058+0000] {dag.py:3096} INFO - Sync 1 DAGs
[2024-07-08T15:07:59.110+0000] {logging_mixin.py:188} INFO - [2024-07-08T15:07:59.110+0000] {dag.py:3954} INFO - Setting next_dagrun for example_skip_dag to 2024-07-07 00:00:00+00:00, run_after=2024-07-08 00:00:00+00:00
[2024-07-08T15:07:59.202+0000] {processor.py:183} INFO - Processing /home/airflow/.local/lib/python3.12/site-packages/airflow/example_dags/example_skip_dag.py took 0.558 seconds
[2024-07-08T15:08:29.341+0000] {processor.py:161} INFO - Started process (PID=136) to work on /home/airflow/.local/lib/python3.12/site-packages/airflow/example_dags/example_skip_dag.py
[2024-07-08T15:08:29.343+0000] {processor.py:830} INFO - Processing file /home/airflow/.local/lib/python3.12/site-packages/airflow/example_dags/example_skip_dag.py for tasks to queue
[2024-07-08T15:08:29.346+0000] {logging_mixin.py:188} INFO - [2024-07-08T15:08:29.346+0000] {dagbag.py:545} INFO - Filling up the DagBag from /home/airflow/.local/lib/python3.12/site-packages/airflow/example_dags/example_skip_dag.py
[2024-07-08T15:08:29.357+0000] {processor.py:840} INFO - DAG(s) 'example_skip_dag' retrieved from /home/airflow/.local/lib/python3.12/site-packages/airflow/example_dags/example_skip_dag.py
[2024-07-08T15:08:29.388+0000] {logging_mixin.py:188} INFO - [2024-07-08T15:08:29.387+0000] {dag.py:3096} INFO - Sync 1 DAGs
[2024-07-08T15:08:29.426+0000] {logging_mixin.py:188} INFO - [2024-07-08T15:08:29.426+0000] {dag.py:3954} INFO - Setting next_dagrun for example_skip_dag to 2024-07-07 00:00:00+00:00, run_after=2024-07-08 00:00:00+00:00
[2024-07-08T15:08:29.495+0000] {processor.py:183} INFO - Processing /home/airflow/.local/lib/python3.12/site-packages/airflow/example_dags/example_skip_dag.py took 0.161 seconds
[2024-07-08T15:09:00.222+0000] {processor.py:161} INFO - Started process (PID=194) to work on /home/airflow/.local/lib/python3.12/site-packages/airflow/example_dags/example_skip_dag.py
[2024-07-08T15:09:00.223+0000] {processor.py:830} INFO - Processing file /home/airflow/.local/lib/python3.12/site-packages/airflow/example_dags/example_skip_dag.py for tasks to queue
[2024-07-08T15:09:00.226+0000] {logging_mixin.py:188} INFO - [2024-07-08T15:09:00.226+0000] {dagbag.py:545} INFO - Filling up the DagBag from /home/airflow/.local/lib/python3.12/site-packages/airflow/example_dags/example_skip_dag.py
[2024-07-08T15:09:00.235+0000] {processor.py:840} INFO - DAG(s) 'example_skip_dag' retrieved from /home/airflow/.local/lib/python3.12/site-packages/airflow/example_dags/example_skip_dag.py
[2024-07-08T15:09:00.272+0000] {logging_mixin.py:188} INFO - [2024-07-08T15:09:00.272+0000] {dag.py:3096} INFO - Sync 1 DAGs
[2024-07-08T15:09:00.319+0000] {logging_mixin.py:188} INFO - [2024-07-08T15:09:00.319+0000] {dag.py:3954} INFO - Setting next_dagrun for example_skip_dag to 2024-07-07 00:00:00+00:00, run_after=2024-07-08 00:00:00+00:00
[2024-07-08T15:09:00.380+0000] {processor.py:183} INFO - Processing /home/airflow/.local/lib/python3.12/site-packages/airflow/example_dags/example_skip_dag.py took 0.165 seconds
[2024-07-08T15:09:30.511+0000] {processor.py:161} INFO - Started process (PID=252) to work on /home/airflow/.local/lib/python3.12/site-packages/airflow/example_dags/example_skip_dag.py
[2024-07-08T15:09:30.513+0000] {processor.py:830} INFO - Processing file /home/airflow/.local/lib/python3.12/site-packages/airflow/example_dags/example_skip_dag.py for tasks to queue
[2024-07-08T15:09:30.515+0000] {logging_mixin.py:188} INFO - [2024-07-08T15:09:30.515+0000] {dagbag.py:545} INFO - Filling up the DagBag from /home/airflow/.local/lib/python3.12/site-packages/airflow/example_dags/example_skip_dag.py
[2024-07-08T15:09:30.524+0000] {processor.py:840} INFO - DAG(s) 'example_skip_dag' retrieved from /home/airflow/.local/lib/python3.12/site-packages/airflow/example_dags/example_skip_dag.py
[2024-07-08T15:09:30.550+0000] {logging_mixin.py:188} INFO - [2024-07-08T15:09:30.550+0000] {dag.py:3096} INFO - Sync 1 DAGs
[2024-07-08T15:09:30.581+0000] {logging_mixin.py:188} INFO - [2024-07-08T15:09:30.581+0000] {dag.py:3954} INFO - Setting next_dagrun for example_skip_dag to 2024-07-07 00:00:00+00:00, run_after=2024-07-08 00:00:00+00:00
[2024-07-08T15:09:30.614+0000] {processor.py:183} INFO - Processing /home/airflow/.local/lib/python3.12/site-packages/airflow/example_dags/example_skip_dag.py took 0.110 seconds
[2024-07-08T15:10:01.196+0000] {processor.py:161} INFO - Started process (PID=310) to work on /home/airflow/.local/lib/python3.12/site-packages/airflow/example_dags/example_skip_dag.py
[2024-07-08T15:10:01.200+0000] {processor.py:830} INFO - Processing file /home/airflow/.local/lib/python3.12/site-packages/airflow/example_dags/example_skip_dag.py for tasks to queue
[2024-07-08T15:10:01.203+0000] {logging_mixin.py:188} INFO - [2024-07-08T15:10:01.203+0000] {dagbag.py:545} INFO - Filling up the DagBag from /home/airflow/.local/lib/python3.12/site-packages/airflow/example_dags/example_skip_dag.py
[2024-07-08T15:10:01.217+0000] {processor.py:840} INFO - DAG(s) 'example_skip_dag' retrieved from /home/airflow/.local/lib/python3.12/site-packages/airflow/example_dags/example_skip_dag.py
[2024-07-08T15:10:01.268+0000] {logging_mixin.py:188} INFO - [2024-07-08T15:10:01.266+0000] {dag.py:3096} INFO - Sync 1 DAGs
[2024-07-08T15:10:01.301+0000] {logging_mixin.py:188} INFO - [2024-07-08T15:10:01.301+0000] {dag.py:3954} INFO - Setting next_dagrun for example_skip_dag to 2024-07-07 00:00:00+00:00, run_after=2024-07-08 00:00:00+00:00
[2024-07-08T15:10:01.331+0000] {processor.py:183} INFO - Processing /home/airflow/.local/lib/python3.12/site-packages/airflow/example_dags/example_skip_dag.py took 0.148 seconds
[2024-07-08T15:10:31.469+0000] {processor.py:161} INFO - Started process (PID=367) to work on /home/airflow/.local/lib/python3.12/site-packages/airflow/example_dags/example_skip_dag.py
[2024-07-08T15:10:31.471+0000] {processor.py:830} INFO - Processing file /home/airflow/.local/lib/python3.12/site-packages/airflow/example_dags/example_skip_dag.py for tasks to queue
[2024-07-08T15:10:31.473+0000] {logging_mixin.py:188} INFO - [2024-07-08T15:10:31.473+0000] {dagbag.py:545} INFO - Filling up the DagBag from /home/airflow/.local/lib/python3.12/site-packages/airflow/example_dags/example_skip_dag.py
[2024-07-08T15:10:31.480+0000] {processor.py:840} INFO - DAG(s) 'example_skip_dag' retrieved from /home/airflow/.local/lib/python3.12/site-packages/airflow/example_dags/example_skip_dag.py
[2024-07-08T15:10:31.506+0000] {logging_mixin.py:188} INFO - [2024-07-08T15:10:31.506+0000] {dag.py:3096} INFO - Sync 1 DAGs
[2024-07-08T15:10:31.532+0000] {logging_mixin.py:188} INFO - [2024-07-08T15:10:31.532+0000] {dag.py:3954} INFO - Setting next_dagrun for example_skip_dag to 2024-07-07 00:00:00+00:00, run_after=2024-07-08 00:00:00+00:00
[2024-07-08T15:10:31.566+0000] {processor.py:183} INFO - Processing /home/airflow/.local/lib/python3.12/site-packages/airflow/example_dags/example_skip_dag.py took 0.104 seconds
[2024-07-08T15:11:01.933+0000] {processor.py:161} INFO - Started process (PID=425) to work on /home/airflow/.local/lib/python3.12/site-packages/airflow/example_dags/example_skip_dag.py
[2024-07-08T15:11:01.935+0000] {processor.py:830} INFO - Processing file /home/airflow/.local/lib/python3.12/site-packages/airflow/example_dags/example_skip_dag.py for tasks to queue
[2024-07-08T15:11:01.937+0000] {logging_mixin.py:188} INFO - [2024-07-08T15:11:01.937+0000] {dagbag.py:545} INFO - Filling up the DagBag from /home/airflow/.local/lib/python3.12/site-packages/airflow/example_dags/example_skip_dag.py
[2024-07-08T15:11:01.944+0000] {processor.py:840} INFO - DAG(s) 'example_skip_dag' retrieved from /home/airflow/.local/lib/python3.12/site-packages/airflow/example_dags/example_skip_dag.py
[2024-07-08T15:11:01.979+0000] {logging_mixin.py:188} INFO - [2024-07-08T15:11:01.978+0000] {dag.py:3096} INFO - Sync 1 DAGs
[2024-07-08T15:11:02.013+0000] {logging_mixin.py:188} INFO - [2024-07-08T15:11:02.013+0000] {dag.py:3954} INFO - Setting next_dagrun for example_skip_dag to 2024-07-07 00:00:00+00:00, run_after=2024-07-08 00:00:00+00:00
[2024-07-08T15:11:02.041+0000] {processor.py:183} INFO - Processing /home/airflow/.local/lib/python3.12/site-packages/airflow/example_dags/example_skip_dag.py took 0.115 seconds
[2024-07-08T15:11:32.917+0000] {processor.py:161} INFO - Started process (PID=483) to work on /home/airflow/.local/lib/python3.12/site-packages/airflow/example_dags/example_skip_dag.py
[2024-07-08T15:11:32.918+0000] {processor.py:830} INFO - Processing file /home/airflow/.local/lib/python3.12/site-packages/airflow/example_dags/example_skip_dag.py for tasks to queue
[2024-07-08T15:11:32.921+0000] {logging_mixin.py:188} INFO - [2024-07-08T15:11:32.920+0000] {dagbag.py:545} INFO - Filling up the DagBag from /home/airflow/.local/lib/python3.12/site-packages/airflow/example_dags/example_skip_dag.py
[2024-07-08T15:11:32.928+0000] {processor.py:840} INFO - DAG(s) 'example_skip_dag' retrieved from /home/airflow/.local/lib/python3.12/site-packages/airflow/example_dags/example_skip_dag.py
[2024-07-08T15:11:32.955+0000] {logging_mixin.py:188} INFO - [2024-07-08T15:11:32.954+0000] {dag.py:3096} INFO - Sync 1 DAGs
[2024-07-08T15:11:32.988+0000] {logging_mixin.py:188} INFO - [2024-07-08T15:11:32.988+0000] {dag.py:3954} INFO - Setting next_dagrun for example_skip_dag to 2024-07-07 00:00:00+00:00, run_after=2024-07-08 00:00:00+00:00
[2024-07-08T15:11:33.022+0000] {processor.py:183} INFO - Processing /home/airflow/.local/lib/python3.12/site-packages/airflow/example_dags/example_skip_dag.py took 0.113 seconds
[2024-07-08T15:12:03.406+0000] {processor.py:161} INFO - Started process (PID=540) to work on /home/airflow/.local/lib/python3.12/site-packages/airflow/example_dags/example_skip_dag.py
[2024-07-08T15:12:03.408+0000] {processor.py:830} INFO - Processing file /home/airflow/.local/lib/python3.12/site-packages/airflow/example_dags/example_skip_dag.py for tasks to queue
[2024-07-08T15:12:03.411+0000] {logging_mixin.py:188} INFO - [2024-07-08T15:12:03.411+0000] {dagbag.py:545} INFO - Filling up the DagBag from /home/airflow/.local/lib/python3.12/site-packages/airflow/example_dags/example_skip_dag.py
[2024-07-08T15:12:03.424+0000] {processor.py:840} INFO - DAG(s) 'example_skip_dag' retrieved from /home/airflow/.local/lib/python3.12/site-packages/airflow/example_dags/example_skip_dag.py
[2024-07-08T15:12:03.464+0000] {logging_mixin.py:188} INFO - [2024-07-08T15:12:03.464+0000] {dag.py:3096} INFO - Sync 1 DAGs
[2024-07-08T15:12:03.499+0000] {logging_mixin.py:188} INFO - [2024-07-08T15:12:03.498+0000] {dag.py:3954} INFO - Setting next_dagrun for example_skip_dag to 2024-07-07 00:00:00+00:00, run_after=2024-07-08 00:00:00+00:00
[2024-07-08T15:12:03.541+0000] {processor.py:183} INFO - Processing /home/airflow/.local/lib/python3.12/site-packages/airflow/example_dags/example_skip_dag.py took 0.144 seconds
[2024-07-08T15:12:34.156+0000] {processor.py:161} INFO - Started process (PID=598) to work on /home/airflow/.local/lib/python3.12/site-packages/airflow/example_dags/example_skip_dag.py
[2024-07-08T15:12:34.158+0000] {processor.py:830} INFO - Processing file /home/airflow/.local/lib/python3.12/site-packages/airflow/example_dags/example_skip_dag.py for tasks to queue
[2024-07-08T15:12:34.161+0000] {logging_mixin.py:188} INFO - [2024-07-08T15:12:34.161+0000] {dagbag.py:545} INFO - Filling up the DagBag from /home/airflow/.local/lib/python3.12/site-packages/airflow/example_dags/example_skip_dag.py
[2024-07-08T15:12:34.181+0000] {processor.py:840} INFO - DAG(s) 'example_skip_dag' retrieved from /home/airflow/.local/lib/python3.12/site-packages/airflow/example_dags/example_skip_dag.py
[2024-07-08T15:12:34.254+0000] {logging_mixin.py:188} INFO - [2024-07-08T15:12:34.254+0000] {dag.py:3096} INFO - Sync 1 DAGs
[2024-07-08T15:12:34.311+0000] {logging_mixin.py:188} INFO - [2024-07-08T15:12:34.310+0000] {dag.py:3954} INFO - Setting next_dagrun for example_skip_dag to 2024-07-07 00:00:00+00:00, run_after=2024-07-08 00:00:00+00:00
[2024-07-08T15:12:34.356+0000] {processor.py:183} INFO - Processing /home/airflow/.local/lib/python3.12/site-packages/airflow/example_dags/example_skip_dag.py took 0.211 seconds
[2024-07-08T15:13:04.450+0000] {processor.py:161} INFO - Started process (PID=657) to work on /home/airflow/.local/lib/python3.12/site-packages/airflow/example_dags/example_skip_dag.py
[2024-07-08T15:13:04.451+0000] {processor.py:830} INFO - Processing file /home/airflow/.local/lib/python3.12/site-packages/airflow/example_dags/example_skip_dag.py for tasks to queue
[2024-07-08T15:13:04.455+0000] {logging_mixin.py:188} INFO - [2024-07-08T15:13:04.454+0000] {dagbag.py:545} INFO - Filling up the DagBag from /home/airflow/.local/lib/python3.12/site-packages/airflow/example_dags/example_skip_dag.py
[2024-07-08T15:13:04.462+0000] {processor.py:840} INFO - DAG(s) 'example_skip_dag' retrieved from /home/airflow/.local/lib/python3.12/site-packages/airflow/example_dags/example_skip_dag.py
[2024-07-08T15:13:04.493+0000] {logging_mixin.py:188} INFO - [2024-07-08T15:13:04.493+0000] {dag.py:3096} INFO - Sync 1 DAGs
[2024-07-08T15:13:04.529+0000] {logging_mixin.py:188} INFO - [2024-07-08T15:13:04.528+0000] {dag.py:3954} INFO - Setting next_dagrun for example_skip_dag to 2024-07-07 00:00:00+00:00, run_after=2024-07-08 00:00:00+00:00
[2024-07-08T15:13:04.577+0000] {processor.py:183} INFO - Processing /home/airflow/.local/lib/python3.12/site-packages/airflow/example_dags/example_skip_dag.py took 0.135 seconds
[2024-07-08T15:13:34.977+0000] {processor.py:161} INFO - Started process (PID=715) to work on /home/airflow/.local/lib/python3.12/site-packages/airflow/example_dags/example_skip_dag.py
[2024-07-08T15:13:34.978+0000] {processor.py:830} INFO - Processing file /home/airflow/.local/lib/python3.12/site-packages/airflow/example_dags/example_skip_dag.py for tasks to queue
[2024-07-08T15:13:34.981+0000] {logging_mixin.py:188} INFO - [2024-07-08T15:13:34.980+0000] {dagbag.py:545} INFO - Filling up the DagBag from /home/airflow/.local/lib/python3.12/site-packages/airflow/example_dags/example_skip_dag.py
[2024-07-08T15:13:34.991+0000] {processor.py:840} INFO - DAG(s) 'example_skip_dag' retrieved from /home/airflow/.local/lib/python3.12/site-packages/airflow/example_dags/example_skip_dag.py
[2024-07-08T15:13:35.021+0000] {logging_mixin.py:188} INFO - [2024-07-08T15:13:35.021+0000] {dag.py:3096} INFO - Sync 1 DAGs
[2024-07-08T15:13:35.061+0000] {logging_mixin.py:188} INFO - [2024-07-08T15:13:35.061+0000] {dag.py:3954} INFO - Setting next_dagrun for example_skip_dag to 2024-07-07 00:00:00+00:00, run_after=2024-07-08 00:00:00+00:00
[2024-07-08T15:13:35.100+0000] {processor.py:183} INFO - Processing /home/airflow/.local/lib/python3.12/site-packages/airflow/example_dags/example_skip_dag.py took 0.131 seconds
[2024-07-08T15:16:14.509+0000] {processor.py:161} INFO - Started process (PID=781) to work on /home/airflow/.local/lib/python3.12/site-packages/airflow/example_dags/example_skip_dag.py
[2024-07-08T15:16:14.511+0000] {processor.py:830} INFO - Processing file /home/airflow/.local/lib/python3.12/site-packages/airflow/example_dags/example_skip_dag.py for tasks to queue
[2024-07-08T15:16:14.512+0000] {logging_mixin.py:188} INFO - [2024-07-08T15:16:14.511+0000] {dagbag.py:545} INFO - Filling up the DagBag from /home/airflow/.local/lib/python3.12/site-packages/airflow/example_dags/example_skip_dag.py
[2024-07-08T15:16:14.522+0000] {processor.py:840} INFO - DAG(s) 'example_skip_dag' retrieved from /home/airflow/.local/lib/python3.12/site-packages/airflow/example_dags/example_skip_dag.py
[2024-07-08T15:16:14.548+0000] {logging_mixin.py:188} INFO - [2024-07-08T15:16:14.548+0000] {dag.py:3096} INFO - Sync 1 DAGs
[2024-07-08T15:16:14.577+0000] {logging_mixin.py:188} INFO - [2024-07-08T15:16:14.577+0000] {dag.py:3954} INFO - Setting next_dagrun for example_skip_dag to 2024-07-07 00:00:00+00:00, run_after=2024-07-08 00:00:00+00:00
[2024-07-08T15:16:14.608+0000] {processor.py:183} INFO - Processing /home/airflow/.local/lib/python3.12/site-packages/airflow/example_dags/example_skip_dag.py took 0.109 seconds
[2024-07-08T15:16:46.560+0000] {processor.py:161} INFO - Started process (PID=839) to work on /home/airflow/.local/lib/python3.12/site-packages/airflow/example_dags/example_skip_dag.py
[2024-07-08T15:16:46.561+0000] {processor.py:830} INFO - Processing file /home/airflow/.local/lib/python3.12/site-packages/airflow/example_dags/example_skip_dag.py for tasks to queue
[2024-07-08T15:16:46.563+0000] {logging_mixin.py:188} INFO - [2024-07-08T15:16:46.562+0000] {dagbag.py:545} INFO - Filling up the DagBag from /home/airflow/.local/lib/python3.12/site-packages/airflow/example_dags/example_skip_dag.py
[2024-07-08T15:16:46.576+0000] {processor.py:840} INFO - DAG(s) 'example_skip_dag' retrieved from /home/airflow/.local/lib/python3.12/site-packages/airflow/example_dags/example_skip_dag.py
[2024-07-08T15:16:46.608+0000] {logging_mixin.py:188} INFO - [2024-07-08T15:16:46.607+0000] {dag.py:3096} INFO - Sync 1 DAGs
[2024-07-08T15:16:46.637+0000] {logging_mixin.py:188} INFO - [2024-07-08T15:16:46.637+0000] {dag.py:3954} INFO - Setting next_dagrun for example_skip_dag to 2024-07-07 00:00:00+00:00, run_after=2024-07-08 00:00:00+00:00
[2024-07-08T15:16:46.668+0000] {processor.py:183} INFO - Processing /home/airflow/.local/lib/python3.12/site-packages/airflow/example_dags/example_skip_dag.py took 0.116 seconds
[2024-07-08T15:17:18.637+0000] {processor.py:161} INFO - Started process (PID=897) to work on /home/airflow/.local/lib/python3.12/site-packages/airflow/example_dags/example_skip_dag.py
[2024-07-08T15:17:18.640+0000] {processor.py:830} INFO - Processing file /home/airflow/.local/lib/python3.12/site-packages/airflow/example_dags/example_skip_dag.py for tasks to queue
[2024-07-08T15:17:18.643+0000] {logging_mixin.py:188} INFO - [2024-07-08T15:17:18.642+0000] {dagbag.py:545} INFO - Filling up the DagBag from /home/airflow/.local/lib/python3.12/site-packages/airflow/example_dags/example_skip_dag.py
[2024-07-08T15:17:18.659+0000] {processor.py:840} INFO - DAG(s) 'example_skip_dag' retrieved from /home/airflow/.local/lib/python3.12/site-packages/airflow/example_dags/example_skip_dag.py
[2024-07-08T15:17:18.736+0000] {logging_mixin.py:188} INFO - [2024-07-08T15:17:18.735+0000] {dag.py:3096} INFO - Sync 1 DAGs
[2024-07-08T15:17:18.825+0000] {logging_mixin.py:188} INFO - [2024-07-08T15:17:18.824+0000] {dag.py:3954} INFO - Setting next_dagrun for example_skip_dag to 2024-07-07 00:00:00+00:00, run_after=2024-07-08 00:00:00+00:00
[2024-07-08T15:17:18.903+0000] {processor.py:183} INFO - Processing /home/airflow/.local/lib/python3.12/site-packages/airflow/example_dags/example_skip_dag.py took 0.286 seconds
[2024-07-08T15:19:03.261+0000] {processor.py:161} INFO - Started process (PID=955) to work on /home/airflow/.local/lib/python3.12/site-packages/airflow/example_dags/example_skip_dag.py
[2024-07-08T15:19:03.262+0000] {processor.py:830} INFO - Processing file /home/airflow/.local/lib/python3.12/site-packages/airflow/example_dags/example_skip_dag.py for tasks to queue
[2024-07-08T15:19:03.264+0000] {logging_mixin.py:188} INFO - [2024-07-08T15:19:03.263+0000] {dagbag.py:545} INFO - Filling up the DagBag from /home/airflow/.local/lib/python3.12/site-packages/airflow/example_dags/example_skip_dag.py
[2024-07-08T15:19:03.273+0000] {processor.py:840} INFO - DAG(s) 'example_skip_dag' retrieved from /home/airflow/.local/lib/python3.12/site-packages/airflow/example_dags/example_skip_dag.py
[2024-07-08T15:19:03.297+0000] {logging_mixin.py:188} INFO - [2024-07-08T15:19:03.297+0000] {dag.py:3096} INFO - Sync 1 DAGs
[2024-07-08T15:19:03.329+0000] {logging_mixin.py:188} INFO - [2024-07-08T15:19:03.328+0000] {dag.py:3954} INFO - Setting next_dagrun for example_skip_dag to 2024-07-07 00:00:00+00:00, run_after=2024-07-08 00:00:00+00:00
[2024-07-08T15:19:03.353+0000] {processor.py:183} INFO - Processing /home/airflow/.local/lib/python3.12/site-packages/airflow/example_dags/example_skip_dag.py took 0.100 seconds
[2024-07-08T15:19:37.349+0000] {processor.py:161} INFO - Started process (PID=1013) to work on /home/airflow/.local/lib/python3.12/site-packages/airflow/example_dags/example_skip_dag.py
[2024-07-08T15:19:37.351+0000] {processor.py:830} INFO - Processing file /home/airflow/.local/lib/python3.12/site-packages/airflow/example_dags/example_skip_dag.py for tasks to queue
[2024-07-08T15:19:37.353+0000] {logging_mixin.py:188} INFO - [2024-07-08T15:19:37.352+0000] {dagbag.py:545} INFO - Filling up the DagBag from /home/airflow/.local/lib/python3.12/site-packages/airflow/example_dags/example_skip_dag.py
[2024-07-08T15:19:37.366+0000] {processor.py:840} INFO - DAG(s) 'example_skip_dag' retrieved from /home/airflow/.local/lib/python3.12/site-packages/airflow/example_dags/example_skip_dag.py
[2024-07-08T15:19:37.425+0000] {logging_mixin.py:188} INFO - [2024-07-08T15:19:37.425+0000] {dag.py:3096} INFO - Sync 1 DAGs
[2024-07-08T15:19:37.502+0000] {logging_mixin.py:188} INFO - [2024-07-08T15:19:37.501+0000] {dag.py:3954} INFO - Setting next_dagrun for example_skip_dag to 2024-07-07 00:00:00+00:00, run_after=2024-07-08 00:00:00+00:00
[2024-07-08T15:19:37.550+0000] {processor.py:183} INFO - Processing /home/airflow/.local/lib/python3.12/site-packages/airflow/example_dags/example_skip_dag.py took 0.210 seconds
[2024-07-08T15:20:08.105+0000] {processor.py:161} INFO - Started process (PID=1071) to work on /home/airflow/.local/lib/python3.12/site-packages/airflow/example_dags/example_skip_dag.py
[2024-07-08T15:20:08.107+0000] {processor.py:830} INFO - Processing file /home/airflow/.local/lib/python3.12/site-packages/airflow/example_dags/example_skip_dag.py for tasks to queue
[2024-07-08T15:20:08.109+0000] {logging_mixin.py:188} INFO - [2024-07-08T15:20:08.108+0000] {dagbag.py:545} INFO - Filling up the DagBag from /home/airflow/.local/lib/python3.12/site-packages/airflow/example_dags/example_skip_dag.py
[2024-07-08T15:20:08.124+0000] {processor.py:840} INFO - DAG(s) 'example_skip_dag' retrieved from /home/airflow/.local/lib/python3.12/site-packages/airflow/example_dags/example_skip_dag.py
[2024-07-08T15:20:08.167+0000] {logging_mixin.py:188} INFO - [2024-07-08T15:20:08.166+0000] {dag.py:3096} INFO - Sync 1 DAGs
[2024-07-08T15:20:08.258+0000] {logging_mixin.py:188} INFO - [2024-07-08T15:20:08.258+0000] {dag.py:3954} INFO - Setting next_dagrun for example_skip_dag to 2024-07-07 00:00:00+00:00, run_after=2024-07-08 00:00:00+00:00
[2024-07-08T15:20:08.303+0000] {processor.py:183} INFO - Processing /home/airflow/.local/lib/python3.12/site-packages/airflow/example_dags/example_skip_dag.py took 0.208 seconds
[2024-07-08T15:20:38.680+0000] {processor.py:161} INFO - Started process (PID=1129) to work on /home/airflow/.local/lib/python3.12/site-packages/airflow/example_dags/example_skip_dag.py
[2024-07-08T15:20:38.681+0000] {processor.py:830} INFO - Processing file /home/airflow/.local/lib/python3.12/site-packages/airflow/example_dags/example_skip_dag.py for tasks to queue
[2024-07-08T15:20:38.684+0000] {logging_mixin.py:188} INFO - [2024-07-08T15:20:38.683+0000] {dagbag.py:545} INFO - Filling up the DagBag from /home/airflow/.local/lib/python3.12/site-packages/airflow/example_dags/example_skip_dag.py
[2024-07-08T15:20:38.696+0000] {processor.py:840} INFO - DAG(s) 'example_skip_dag' retrieved from /home/airflow/.local/lib/python3.12/site-packages/airflow/example_dags/example_skip_dag.py
[2024-07-08T15:20:38.725+0000] {logging_mixin.py:188} INFO - [2024-07-08T15:20:38.725+0000] {dag.py:3096} INFO - Sync 1 DAGs
[2024-07-08T15:20:38.762+0000] {logging_mixin.py:188} INFO - [2024-07-08T15:20:38.762+0000] {dag.py:3954} INFO - Setting next_dagrun for example_skip_dag to 2024-07-07 00:00:00+00:00, run_after=2024-07-08 00:00:00+00:00
[2024-07-08T15:20:38.790+0000] {processor.py:183} INFO - Processing /home/airflow/.local/lib/python3.12/site-packages/airflow/example_dags/example_skip_dag.py took 0.119 seconds
[2024-07-08T15:21:09.076+0000] {processor.py:161} INFO - Started process (PID=1187) to work on /home/airflow/.local/lib/python3.12/site-packages/airflow/example_dags/example_skip_dag.py
[2024-07-08T15:21:09.078+0000] {processor.py:830} INFO - Processing file /home/airflow/.local/lib/python3.12/site-packages/airflow/example_dags/example_skip_dag.py for tasks to queue
[2024-07-08T15:21:09.080+0000] {logging_mixin.py:188} INFO - [2024-07-08T15:21:09.079+0000] {dagbag.py:545} INFO - Filling up the DagBag from /home/airflow/.local/lib/python3.12/site-packages/airflow/example_dags/example_skip_dag.py
[2024-07-08T15:21:09.090+0000] {processor.py:840} INFO - DAG(s) 'example_skip_dag' retrieved from /home/airflow/.local/lib/python3.12/site-packages/airflow/example_dags/example_skip_dag.py
[2024-07-08T15:21:09.126+0000] {logging_mixin.py:188} INFO - [2024-07-08T15:21:09.126+0000] {dag.py:3096} INFO - Sync 1 DAGs
[2024-07-08T15:21:09.168+0000] {logging_mixin.py:188} INFO - [2024-07-08T15:21:09.168+0000] {dag.py:3954} INFO - Setting next_dagrun for example_skip_dag to 2024-07-07 00:00:00+00:00, run_after=2024-07-08 00:00:00+00:00
[2024-07-08T15:21:09.201+0000] {processor.py:183} INFO - Processing /home/airflow/.local/lib/python3.12/site-packages/airflow/example_dags/example_skip_dag.py took 0.133 seconds
[2024-07-08T15:21:39.902+0000] {processor.py:161} INFO - Started process (PID=1245) to work on /home/airflow/.local/lib/python3.12/site-packages/airflow/example_dags/example_skip_dag.py
[2024-07-08T15:21:39.904+0000] {processor.py:830} INFO - Processing file /home/airflow/.local/lib/python3.12/site-packages/airflow/example_dags/example_skip_dag.py for tasks to queue
[2024-07-08T15:21:39.905+0000] {logging_mixin.py:188} INFO - [2024-07-08T15:21:39.905+0000] {dagbag.py:545} INFO - Filling up the DagBag from /home/airflow/.local/lib/python3.12/site-packages/airflow/example_dags/example_skip_dag.py
[2024-07-08T15:21:39.917+0000] {processor.py:840} INFO - DAG(s) 'example_skip_dag' retrieved from /home/airflow/.local/lib/python3.12/site-packages/airflow/example_dags/example_skip_dag.py
[2024-07-08T15:21:39.947+0000] {logging_mixin.py:188} INFO - [2024-07-08T15:21:39.946+0000] {dag.py:3096} INFO - Sync 1 DAGs
[2024-07-08T15:21:39.979+0000] {logging_mixin.py:188} INFO - [2024-07-08T15:21:39.979+0000] {dag.py:3954} INFO - Setting next_dagrun for example_skip_dag to 2024-07-07 00:00:00+00:00, run_after=2024-07-08 00:00:00+00:00
[2024-07-08T15:21:40.008+0000] {processor.py:183} INFO - Processing /home/airflow/.local/lib/python3.12/site-packages/airflow/example_dags/example_skip_dag.py took 0.115 seconds
[2024-07-08T15:22:10.410+0000] {processor.py:161} INFO - Started process (PID=1303) to work on /home/airflow/.local/lib/python3.12/site-packages/airflow/example_dags/example_skip_dag.py
[2024-07-08T15:22:10.411+0000] {processor.py:830} INFO - Processing file /home/airflow/.local/lib/python3.12/site-packages/airflow/example_dags/example_skip_dag.py for tasks to queue
[2024-07-08T15:22:10.412+0000] {logging_mixin.py:188} INFO - [2024-07-08T15:22:10.412+0000] {dagbag.py:545} INFO - Filling up the DagBag from /home/airflow/.local/lib/python3.12/site-packages/airflow/example_dags/example_skip_dag.py
[2024-07-08T15:22:10.422+0000] {processor.py:840} INFO - DAG(s) 'example_skip_dag' retrieved from /home/airflow/.local/lib/python3.12/site-packages/airflow/example_dags/example_skip_dag.py
[2024-07-08T15:22:10.452+0000] {logging_mixin.py:188} INFO - [2024-07-08T15:22:10.452+0000] {dag.py:3096} INFO - Sync 1 DAGs
[2024-07-08T15:22:10.485+0000] {logging_mixin.py:188} INFO - [2024-07-08T15:22:10.485+0000] {dag.py:3954} INFO - Setting next_dagrun for example_skip_dag to 2024-07-07 00:00:00+00:00, run_after=2024-07-08 00:00:00+00:00
[2024-07-08T15:22:10.518+0000] {processor.py:183} INFO - Processing /home/airflow/.local/lib/python3.12/site-packages/airflow/example_dags/example_skip_dag.py took 0.118 seconds
[2024-07-08T15:22:41.189+0000] {processor.py:161} INFO - Started process (PID=1367) to work on /home/airflow/.local/lib/python3.12/site-packages/airflow/example_dags/example_skip_dag.py
[2024-07-08T15:22:41.191+0000] {processor.py:830} INFO - Processing file /home/airflow/.local/lib/python3.12/site-packages/airflow/example_dags/example_skip_dag.py for tasks to queue
[2024-07-08T15:22:41.193+0000] {logging_mixin.py:188} INFO - [2024-07-08T15:22:41.192+0000] {dagbag.py:545} INFO - Filling up the DagBag from /home/airflow/.local/lib/python3.12/site-packages/airflow/example_dags/example_skip_dag.py
[2024-07-08T15:22:41.206+0000] {processor.py:840} INFO - DAG(s) 'example_skip_dag' retrieved from /home/airflow/.local/lib/python3.12/site-packages/airflow/example_dags/example_skip_dag.py
[2024-07-08T15:22:41.242+0000] {logging_mixin.py:188} INFO - [2024-07-08T15:22:41.241+0000] {dag.py:3096} INFO - Sync 1 DAGs
[2024-07-08T15:22:41.305+0000] {logging_mixin.py:188} INFO - [2024-07-08T15:22:41.304+0000] {dag.py:3954} INFO - Setting next_dagrun for example_skip_dag to 2024-07-07 00:00:00+00:00, run_after=2024-07-08 00:00:00+00:00
[2024-07-08T15:22:41.334+0000] {processor.py:183} INFO - Processing /home/airflow/.local/lib/python3.12/site-packages/airflow/example_dags/example_skip_dag.py took 0.153 seconds
[2024-07-08T15:23:11.802+0000] {processor.py:161} INFO - Started process (PID=1430) to work on /home/airflow/.local/lib/python3.12/site-packages/airflow/example_dags/example_skip_dag.py
[2024-07-08T15:23:11.803+0000] {processor.py:830} INFO - Processing file /home/airflow/.local/lib/python3.12/site-packages/airflow/example_dags/example_skip_dag.py for tasks to queue
[2024-07-08T15:23:11.805+0000] {logging_mixin.py:188} INFO - [2024-07-08T15:23:11.805+0000] {dagbag.py:545} INFO - Filling up the DagBag from /home/airflow/.local/lib/python3.12/site-packages/airflow/example_dags/example_skip_dag.py
[2024-07-08T15:23:11.819+0000] {processor.py:840} INFO - DAG(s) 'example_skip_dag' retrieved from /home/airflow/.local/lib/python3.12/site-packages/airflow/example_dags/example_skip_dag.py
[2024-07-08T15:23:11.860+0000] {logging_mixin.py:188} INFO - [2024-07-08T15:23:11.859+0000] {dag.py:3096} INFO - Sync 1 DAGs
[2024-07-08T15:23:11.929+0000] {logging_mixin.py:188} INFO - [2024-07-08T15:23:11.929+0000] {dag.py:3954} INFO - Setting next_dagrun for example_skip_dag to 2024-07-07 00:00:00+00:00, run_after=2024-07-08 00:00:00+00:00
[2024-07-08T15:23:11.968+0000] {processor.py:183} INFO - Processing /home/airflow/.local/lib/python3.12/site-packages/airflow/example_dags/example_skip_dag.py took 0.178 seconds
[2024-07-08T15:23:43.946+0000] {processor.py:161} INFO - Started process (PID=1493) to work on /home/airflow/.local/lib/python3.12/site-packages/airflow/example_dags/example_skip_dag.py
[2024-07-08T15:23:43.947+0000] {processor.py:830} INFO - Processing file /home/airflow/.local/lib/python3.12/site-packages/airflow/example_dags/example_skip_dag.py for tasks to queue
[2024-07-08T15:23:43.949+0000] {logging_mixin.py:188} INFO - [2024-07-08T15:23:43.948+0000] {dagbag.py:545} INFO - Filling up the DagBag from /home/airflow/.local/lib/python3.12/site-packages/airflow/example_dags/example_skip_dag.py
[2024-07-08T15:23:43.959+0000] {processor.py:840} INFO - DAG(s) 'example_skip_dag' retrieved from /home/airflow/.local/lib/python3.12/site-packages/airflow/example_dags/example_skip_dag.py
[2024-07-08T15:23:43.991+0000] {logging_mixin.py:188} INFO - [2024-07-08T15:23:43.991+0000] {dag.py:3096} INFO - Sync 1 DAGs
[2024-07-08T15:23:44.041+0000] {logging_mixin.py:188} INFO - [2024-07-08T15:23:44.041+0000] {dag.py:3954} INFO - Setting next_dagrun for example_skip_dag to 2024-07-07 00:00:00+00:00, run_after=2024-07-08 00:00:00+00:00
[2024-07-08T15:23:44.073+0000] {processor.py:183} INFO - Processing /home/airflow/.local/lib/python3.12/site-packages/airflow/example_dags/example_skip_dag.py took 0.138 seconds
[2024-07-08T15:24:14.185+0000] {processor.py:161} INFO - Started process (PID=1556) to work on /home/airflow/.local/lib/python3.12/site-packages/airflow/example_dags/example_skip_dag.py
[2024-07-08T15:24:14.186+0000] {processor.py:830} INFO - Processing file /home/airflow/.local/lib/python3.12/site-packages/airflow/example_dags/example_skip_dag.py for tasks to queue
[2024-07-08T15:24:14.187+0000] {logging_mixin.py:188} INFO - [2024-07-08T15:24:14.187+0000] {dagbag.py:545} INFO - Filling up the DagBag from /home/airflow/.local/lib/python3.12/site-packages/airflow/example_dags/example_skip_dag.py
[2024-07-08T15:24:14.198+0000] {processor.py:840} INFO - DAG(s) 'example_skip_dag' retrieved from /home/airflow/.local/lib/python3.12/site-packages/airflow/example_dags/example_skip_dag.py
[2024-07-08T15:24:14.225+0000] {logging_mixin.py:188} INFO - [2024-07-08T15:24:14.224+0000] {dag.py:3096} INFO - Sync 1 DAGs
[2024-07-08T15:24:14.254+0000] {logging_mixin.py:188} INFO - [2024-07-08T15:24:14.254+0000] {dag.py:3954} INFO - Setting next_dagrun for example_skip_dag to 2024-07-07 00:00:00+00:00, run_after=2024-07-08 00:00:00+00:00
[2024-07-08T15:24:14.281+0000] {processor.py:183} INFO - Processing /home/airflow/.local/lib/python3.12/site-packages/airflow/example_dags/example_skip_dag.py took 0.103 seconds
[2024-07-08T15:24:44.926+0000] {processor.py:161} INFO - Started process (PID=1615) to work on /home/airflow/.local/lib/python3.12/site-packages/airflow/example_dags/example_skip_dag.py
[2024-07-08T15:24:44.927+0000] {processor.py:830} INFO - Processing file /home/airflow/.local/lib/python3.12/site-packages/airflow/example_dags/example_skip_dag.py for tasks to queue
[2024-07-08T15:24:44.929+0000] {logging_mixin.py:188} INFO - [2024-07-08T15:24:44.928+0000] {dagbag.py:545} INFO - Filling up the DagBag from /home/airflow/.local/lib/python3.12/site-packages/airflow/example_dags/example_skip_dag.py
[2024-07-08T15:24:44.951+0000] {processor.py:840} INFO - DAG(s) 'example_skip_dag' retrieved from /home/airflow/.local/lib/python3.12/site-packages/airflow/example_dags/example_skip_dag.py
[2024-07-08T15:24:44.991+0000] {logging_mixin.py:188} INFO - [2024-07-08T15:24:44.991+0000] {dag.py:3096} INFO - Sync 1 DAGs
[2024-07-08T15:24:45.019+0000] {logging_mixin.py:188} INFO - [2024-07-08T15:24:45.019+0000] {dag.py:3954} INFO - Setting next_dagrun for example_skip_dag to 2024-07-07 00:00:00+00:00, run_after=2024-07-08 00:00:00+00:00
[2024-07-08T15:24:45.045+0000] {processor.py:183} INFO - Processing /home/airflow/.local/lib/python3.12/site-packages/airflow/example_dags/example_skip_dag.py took 0.130 seconds
[2024-07-08T15:25:15.715+0000] {processor.py:161} INFO - Started process (PID=1679) to work on /home/airflow/.local/lib/python3.12/site-packages/airflow/example_dags/example_skip_dag.py
[2024-07-08T15:25:15.717+0000] {processor.py:830} INFO - Processing file /home/airflow/.local/lib/python3.12/site-packages/airflow/example_dags/example_skip_dag.py for tasks to queue
[2024-07-08T15:25:15.719+0000] {logging_mixin.py:188} INFO - [2024-07-08T15:25:15.718+0000] {dagbag.py:545} INFO - Filling up the DagBag from /home/airflow/.local/lib/python3.12/site-packages/airflow/example_dags/example_skip_dag.py
[2024-07-08T15:25:15.730+0000] {processor.py:840} INFO - DAG(s) 'example_skip_dag' retrieved from /home/airflow/.local/lib/python3.12/site-packages/airflow/example_dags/example_skip_dag.py
[2024-07-08T15:25:15.754+0000] {logging_mixin.py:188} INFO - [2024-07-08T15:25:15.754+0000] {dag.py:3096} INFO - Sync 1 DAGs
[2024-07-08T15:25:15.784+0000] {logging_mixin.py:188} INFO - [2024-07-08T15:25:15.784+0000] {dag.py:3954} INFO - Setting next_dagrun for example_skip_dag to 2024-07-07 00:00:00+00:00, run_after=2024-07-08 00:00:00+00:00
[2024-07-08T15:25:15.810+0000] {processor.py:183} INFO - Processing /home/airflow/.local/lib/python3.12/site-packages/airflow/example_dags/example_skip_dag.py took 0.106 seconds
[2024-07-08T15:25:46.083+0000] {processor.py:161} INFO - Started process (PID=1745) to work on /home/airflow/.local/lib/python3.12/site-packages/airflow/example_dags/example_skip_dag.py
[2024-07-08T15:25:46.091+0000] {processor.py:830} INFO - Processing file /home/airflow/.local/lib/python3.12/site-packages/airflow/example_dags/example_skip_dag.py for tasks to queue
[2024-07-08T15:25:46.093+0000] {logging_mixin.py:188} INFO - [2024-07-08T15:25:46.093+0000] {dagbag.py:545} INFO - Filling up the DagBag from /home/airflow/.local/lib/python3.12/site-packages/airflow/example_dags/example_skip_dag.py
[2024-07-08T15:25:46.105+0000] {processor.py:840} INFO - DAG(s) 'example_skip_dag' retrieved from /home/airflow/.local/lib/python3.12/site-packages/airflow/example_dags/example_skip_dag.py
[2024-07-08T15:25:46.132+0000] {logging_mixin.py:188} INFO - [2024-07-08T15:25:46.132+0000] {dag.py:3096} INFO - Sync 1 DAGs
[2024-07-08T15:25:46.186+0000] {logging_mixin.py:188} INFO - [2024-07-08T15:25:46.186+0000] {dag.py:3954} INFO - Setting next_dagrun for example_skip_dag to 2024-07-07 00:00:00+00:00, run_after=2024-07-08 00:00:00+00:00
[2024-07-08T15:25:46.242+0000] {processor.py:183} INFO - Processing /home/airflow/.local/lib/python3.12/site-packages/airflow/example_dags/example_skip_dag.py took 0.179 seconds
[2024-07-08T15:26:16.873+0000] {processor.py:161} INFO - Started process (PID=1809) to work on /home/airflow/.local/lib/python3.12/site-packages/airflow/example_dags/example_skip_dag.py
[2024-07-08T15:26:16.874+0000] {processor.py:830} INFO - Processing file /home/airflow/.local/lib/python3.12/site-packages/airflow/example_dags/example_skip_dag.py for tasks to queue
[2024-07-08T15:26:16.876+0000] {logging_mixin.py:188} INFO - [2024-07-08T15:26:16.875+0000] {dagbag.py:545} INFO - Filling up the DagBag from /home/airflow/.local/lib/python3.12/site-packages/airflow/example_dags/example_skip_dag.py
[2024-07-08T15:26:16.887+0000] {processor.py:840} INFO - DAG(s) 'example_skip_dag' retrieved from /home/airflow/.local/lib/python3.12/site-packages/airflow/example_dags/example_skip_dag.py
[2024-07-08T15:26:16.930+0000] {logging_mixin.py:188} INFO - [2024-07-08T15:26:16.930+0000] {dag.py:3096} INFO - Sync 1 DAGs
[2024-07-08T15:26:16.972+0000] {logging_mixin.py:188} INFO - [2024-07-08T15:26:16.972+0000] {dag.py:3954} INFO - Setting next_dagrun for example_skip_dag to 2024-07-07 00:00:00+00:00, run_after=2024-07-08 00:00:00+00:00
[2024-07-08T15:26:17.020+0000] {processor.py:183} INFO - Processing /home/airflow/.local/lib/python3.12/site-packages/airflow/example_dags/example_skip_dag.py took 0.154 seconds
[2024-07-08T15:26:48.028+0000] {processor.py:161} INFO - Started process (PID=1872) to work on /home/airflow/.local/lib/python3.12/site-packages/airflow/example_dags/example_skip_dag.py
[2024-07-08T15:26:48.029+0000] {processor.py:830} INFO - Processing file /home/airflow/.local/lib/python3.12/site-packages/airflow/example_dags/example_skip_dag.py for tasks to queue
[2024-07-08T15:26:48.031+0000] {logging_mixin.py:188} INFO - [2024-07-08T15:26:48.030+0000] {dagbag.py:545} INFO - Filling up the DagBag from /home/airflow/.local/lib/python3.12/site-packages/airflow/example_dags/example_skip_dag.py
[2024-07-08T15:26:48.044+0000] {processor.py:840} INFO - DAG(s) 'example_skip_dag' retrieved from /home/airflow/.local/lib/python3.12/site-packages/airflow/example_dags/example_skip_dag.py
[2024-07-08T15:26:48.084+0000] {logging_mixin.py:188} INFO - [2024-07-08T15:26:48.083+0000] {dag.py:3096} INFO - Sync 1 DAGs
[2024-07-08T15:26:48.130+0000] {logging_mixin.py:188} INFO - [2024-07-08T15:26:48.129+0000] {dag.py:3954} INFO - Setting next_dagrun for example_skip_dag to 2024-07-07 00:00:00+00:00, run_after=2024-07-08 00:00:00+00:00
[2024-07-08T15:26:48.164+0000] {processor.py:183} INFO - Processing /home/airflow/.local/lib/python3.12/site-packages/airflow/example_dags/example_skip_dag.py took 0.145 seconds
[2024-07-08T15:27:18.301+0000] {processor.py:161} INFO - Started process (PID=1930) to work on /home/airflow/.local/lib/python3.12/site-packages/airflow/example_dags/example_skip_dag.py
[2024-07-08T15:27:18.302+0000] {processor.py:830} INFO - Processing file /home/airflow/.local/lib/python3.12/site-packages/airflow/example_dags/example_skip_dag.py for tasks to queue
[2024-07-08T15:27:18.304+0000] {logging_mixin.py:188} INFO - [2024-07-08T15:27:18.303+0000] {dagbag.py:545} INFO - Filling up the DagBag from /home/airflow/.local/lib/python3.12/site-packages/airflow/example_dags/example_skip_dag.py
[2024-07-08T15:27:18.314+0000] {processor.py:840} INFO - DAG(s) 'example_skip_dag' retrieved from /home/airflow/.local/lib/python3.12/site-packages/airflow/example_dags/example_skip_dag.py
[2024-07-08T15:27:18.338+0000] {logging_mixin.py:188} INFO - [2024-07-08T15:27:18.338+0000] {dag.py:3096} INFO - Sync 1 DAGs
[2024-07-08T15:27:18.366+0000] {logging_mixin.py:188} INFO - [2024-07-08T15:27:18.366+0000] {dag.py:3954} INFO - Setting next_dagrun for example_skip_dag to 2024-07-07 00:00:00+00:00, run_after=2024-07-08 00:00:00+00:00
[2024-07-08T15:27:18.393+0000] {processor.py:183} INFO - Processing /home/airflow/.local/lib/python3.12/site-packages/airflow/example_dags/example_skip_dag.py took 0.100 seconds
[2024-07-08T15:27:50.144+0000] {processor.py:161} INFO - Started process (PID=1989) to work on /home/airflow/.local/lib/python3.12/site-packages/airflow/example_dags/example_skip_dag.py
[2024-07-08T15:27:50.145+0000] {processor.py:830} INFO - Processing file /home/airflow/.local/lib/python3.12/site-packages/airflow/example_dags/example_skip_dag.py for tasks to queue
[2024-07-08T15:27:50.148+0000] {logging_mixin.py:188} INFO - [2024-07-08T15:27:50.147+0000] {dagbag.py:545} INFO - Filling up the DagBag from /home/airflow/.local/lib/python3.12/site-packages/airflow/example_dags/example_skip_dag.py
[2024-07-08T15:27:50.158+0000] {processor.py:840} INFO - DAG(s) 'example_skip_dag' retrieved from /home/airflow/.local/lib/python3.12/site-packages/airflow/example_dags/example_skip_dag.py
[2024-07-08T15:27:50.210+0000] {logging_mixin.py:188} INFO - [2024-07-08T15:27:50.209+0000] {dag.py:3096} INFO - Sync 1 DAGs
[2024-07-08T15:27:50.268+0000] {logging_mixin.py:188} INFO - [2024-07-08T15:27:50.267+0000] {dag.py:3954} INFO - Setting next_dagrun for example_skip_dag to 2024-07-07 00:00:00+00:00, run_after=2024-07-08 00:00:00+00:00
[2024-07-08T15:27:50.298+0000] {processor.py:183} INFO - Processing /home/airflow/.local/lib/python3.12/site-packages/airflow/example_dags/example_skip_dag.py took 0.164 seconds
[2024-07-08T15:28:21.659+0000] {processor.py:161} INFO - Started process (PID=2048) to work on /home/airflow/.local/lib/python3.12/site-packages/airflow/example_dags/example_skip_dag.py
[2024-07-08T15:28:21.662+0000] {processor.py:830} INFO - Processing file /home/airflow/.local/lib/python3.12/site-packages/airflow/example_dags/example_skip_dag.py for tasks to queue
[2024-07-08T15:28:21.666+0000] {logging_mixin.py:188} INFO - [2024-07-08T15:28:21.665+0000] {dagbag.py:545} INFO - Filling up the DagBag from /home/airflow/.local/lib/python3.12/site-packages/airflow/example_dags/example_skip_dag.py
[2024-07-08T15:28:21.686+0000] {processor.py:840} INFO - DAG(s) 'example_skip_dag' retrieved from /home/airflow/.local/lib/python3.12/site-packages/airflow/example_dags/example_skip_dag.py
[2024-07-08T15:28:21.732+0000] {logging_mixin.py:188} INFO - [2024-07-08T15:28:21.731+0000] {dag.py:3096} INFO - Sync 1 DAGs
[2024-07-08T15:28:21.820+0000] {logging_mixin.py:188} INFO - [2024-07-08T15:28:21.812+0000] {dag.py:3954} INFO - Setting next_dagrun for example_skip_dag to 2024-07-07 00:00:00+00:00, run_after=2024-07-08 00:00:00+00:00
[2024-07-08T15:28:21.864+0000] {processor.py:183} INFO - Processing /home/airflow/.local/lib/python3.12/site-packages/airflow/example_dags/example_skip_dag.py took 0.220 seconds
[2024-07-08T15:31:16.049+0000] {processor.py:161} INFO - Started process (PID=2107) to work on /home/airflow/.local/lib/python3.12/site-packages/airflow/example_dags/example_skip_dag.py
[2024-07-08T15:31:16.053+0000] {processor.py:830} INFO - Processing file /home/airflow/.local/lib/python3.12/site-packages/airflow/example_dags/example_skip_dag.py for tasks to queue
[2024-07-08T15:31:16.067+0000] {logging_mixin.py:188} INFO - [2024-07-08T15:31:16.066+0000] {dagbag.py:545} INFO - Filling up the DagBag from /home/airflow/.local/lib/python3.12/site-packages/airflow/example_dags/example_skip_dag.py
[2024-07-08T15:31:16.105+0000] {processor.py:840} INFO - DAG(s) 'example_skip_dag' retrieved from /home/airflow/.local/lib/python3.12/site-packages/airflow/example_dags/example_skip_dag.py
[2024-07-08T15:31:16.170+0000] {logging_mixin.py:188} INFO - [2024-07-08T15:31:16.170+0000] {dag.py:3096} INFO - Sync 1 DAGs
[2024-07-08T15:31:16.221+0000] {logging_mixin.py:188} INFO - [2024-07-08T15:31:16.221+0000] {dag.py:3954} INFO - Setting next_dagrun for example_skip_dag to 2024-07-07 00:00:00+00:00, run_after=2024-07-08 00:00:00+00:00
[2024-07-08T15:31:16.262+0000] {processor.py:183} INFO - Processing /home/airflow/.local/lib/python3.12/site-packages/airflow/example_dags/example_skip_dag.py took 0.235 seconds
[2024-07-08T15:31:47.603+0000] {processor.py:161} INFO - Started process (PID=2166) to work on /home/airflow/.local/lib/python3.12/site-packages/airflow/example_dags/example_skip_dag.py
[2024-07-08T15:31:47.606+0000] {processor.py:830} INFO - Processing file /home/airflow/.local/lib/python3.12/site-packages/airflow/example_dags/example_skip_dag.py for tasks to queue
[2024-07-08T15:31:47.608+0000] {logging_mixin.py:188} INFO - [2024-07-08T15:31:47.608+0000] {dagbag.py:545} INFO - Filling up the DagBag from /home/airflow/.local/lib/python3.12/site-packages/airflow/example_dags/example_skip_dag.py
[2024-07-08T15:31:47.620+0000] {processor.py:840} INFO - DAG(s) 'example_skip_dag' retrieved from /home/airflow/.local/lib/python3.12/site-packages/airflow/example_dags/example_skip_dag.py
[2024-07-08T15:31:47.652+0000] {logging_mixin.py:188} INFO - [2024-07-08T15:31:47.652+0000] {dag.py:3096} INFO - Sync 1 DAGs
[2024-07-08T15:31:47.695+0000] {logging_mixin.py:188} INFO - [2024-07-08T15:31:47.695+0000] {dag.py:3954} INFO - Setting next_dagrun for example_skip_dag to 2024-07-07 00:00:00+00:00, run_after=2024-07-08 00:00:00+00:00
[2024-07-08T15:31:47.736+0000] {processor.py:183} INFO - Processing /home/airflow/.local/lib/python3.12/site-packages/airflow/example_dags/example_skip_dag.py took 0.143 seconds
[2024-07-08T15:32:23.774+0000] {processor.py:161} INFO - Started process (PID=2224) to work on /home/airflow/.local/lib/python3.12/site-packages/airflow/example_dags/example_skip_dag.py
[2024-07-08T15:32:23.776+0000] {processor.py:830} INFO - Processing file /home/airflow/.local/lib/python3.12/site-packages/airflow/example_dags/example_skip_dag.py for tasks to queue
[2024-07-08T15:32:23.779+0000] {logging_mixin.py:188} INFO - [2024-07-08T15:32:23.778+0000] {dagbag.py:545} INFO - Filling up the DagBag from /home/airflow/.local/lib/python3.12/site-packages/airflow/example_dags/example_skip_dag.py
[2024-07-08T15:32:23.793+0000] {processor.py:840} INFO - DAG(s) 'example_skip_dag' retrieved from /home/airflow/.local/lib/python3.12/site-packages/airflow/example_dags/example_skip_dag.py
[2024-07-08T15:32:23.943+0000] {logging_mixin.py:188} INFO - [2024-07-08T15:32:23.943+0000] {dag.py:3096} INFO - Sync 1 DAGs
[2024-07-08T15:32:24.022+0000] {logging_mixin.py:188} INFO - [2024-07-08T15:32:24.021+0000] {dag.py:3954} INFO - Setting next_dagrun for example_skip_dag to 2024-07-07 00:00:00+00:00, run_after=2024-07-08 00:00:00+00:00
[2024-07-08T15:32:24.074+0000] {processor.py:183} INFO - Processing /home/airflow/.local/lib/python3.12/site-packages/airflow/example_dags/example_skip_dag.py took 0.328 seconds
[2024-07-08T15:38:06.171+0000] {processor.py:161} INFO - Started process (PID=2327) to work on /home/airflow/.local/lib/python3.12/site-packages/airflow/example_dags/example_skip_dag.py
[2024-07-08T15:38:06.186+0000] {processor.py:830} INFO - Processing file /home/airflow/.local/lib/python3.12/site-packages/airflow/example_dags/example_skip_dag.py for tasks to queue
[2024-07-08T15:38:06.216+0000] {logging_mixin.py:188} INFO - [2024-07-08T15:38:06.190+0000] {dagbag.py:545} INFO - Filling up the DagBag from /home/airflow/.local/lib/python3.12/site-packages/airflow/example_dags/example_skip_dag.py
[2024-07-08T15:38:07.810+0000] {processor.py:840} INFO - DAG(s) 'example_skip_dag' retrieved from /home/airflow/.local/lib/python3.12/site-packages/airflow/example_dags/example_skip_dag.py
[2024-07-08T15:38:10.919+0000] {logging_mixin.py:188} INFO - [2024-07-08T15:38:10.906+0000] {dag.py:3096} INFO - Sync 1 DAGs
[2024-07-08T15:38:12.124+0000] {logging_mixin.py:188} INFO - [2024-07-08T15:38:11.418+0000] {dag.py:3954} INFO - Setting next_dagrun for example_skip_dag to 2024-07-07 00:00:00+00:00, run_after=2024-07-08 00:00:00+00:00
[2024-07-08T15:38:12.595+0000] {processor.py:183} INFO - Processing /home/airflow/.local/lib/python3.12/site-packages/airflow/example_dags/example_skip_dag.py took 6.538 seconds
[2024-07-08T15:42:22.263+0000] {processor.py:161} INFO - Started process (PID=2437) to work on /home/airflow/.local/lib/python3.12/site-packages/airflow/example_dags/example_skip_dag.py
[2024-07-08T15:42:22.265+0000] {processor.py:830} INFO - Processing file /home/airflow/.local/lib/python3.12/site-packages/airflow/example_dags/example_skip_dag.py for tasks to queue
[2024-07-08T15:42:22.270+0000] {logging_mixin.py:188} INFO - [2024-07-08T15:42:22.269+0000] {dagbag.py:545} INFO - Filling up the DagBag from /home/airflow/.local/lib/python3.12/site-packages/airflow/example_dags/example_skip_dag.py
[2024-07-08T15:42:22.287+0000] {processor.py:840} INFO - DAG(s) 'example_skip_dag' retrieved from /home/airflow/.local/lib/python3.12/site-packages/airflow/example_dags/example_skip_dag.py
[2024-07-08T15:42:22.389+0000] {logging_mixin.py:188} INFO - [2024-07-08T15:42:22.388+0000] {dag.py:3096} INFO - Sync 1 DAGs
[2024-07-08T15:42:22.437+0000] {logging_mixin.py:188} INFO - [2024-07-08T15:42:22.436+0000] {dag.py:3954} INFO - Setting next_dagrun for example_skip_dag to 2024-07-07 00:00:00+00:00, run_after=2024-07-08 00:00:00+00:00
[2024-07-08T15:42:22.490+0000] {processor.py:183} INFO - Processing /home/airflow/.local/lib/python3.12/site-packages/airflow/example_dags/example_skip_dag.py took 0.236 seconds
[2024-07-08T15:42:53.503+0000] {processor.py:161} INFO - Started process (PID=2500) to work on /home/airflow/.local/lib/python3.12/site-packages/airflow/example_dags/example_skip_dag.py
[2024-07-08T15:42:53.505+0000] {processor.py:830} INFO - Processing file /home/airflow/.local/lib/python3.12/site-packages/airflow/example_dags/example_skip_dag.py for tasks to queue
[2024-07-08T15:42:53.506+0000] {logging_mixin.py:188} INFO - [2024-07-08T15:42:53.506+0000] {dagbag.py:545} INFO - Filling up the DagBag from /home/airflow/.local/lib/python3.12/site-packages/airflow/example_dags/example_skip_dag.py
[2024-07-08T15:42:53.515+0000] {processor.py:840} INFO - DAG(s) 'example_skip_dag' retrieved from /home/airflow/.local/lib/python3.12/site-packages/airflow/example_dags/example_skip_dag.py
[2024-07-08T15:42:53.545+0000] {logging_mixin.py:188} INFO - [2024-07-08T15:42:53.545+0000] {dag.py:3096} INFO - Sync 1 DAGs
[2024-07-08T15:42:53.568+0000] {logging_mixin.py:188} INFO - [2024-07-08T15:42:53.567+0000] {dag.py:3954} INFO - Setting next_dagrun for example_skip_dag to 2024-07-07 00:00:00+00:00, run_after=2024-07-08 00:00:00+00:00
[2024-07-08T15:42:53.598+0000] {processor.py:183} INFO - Processing /home/airflow/.local/lib/python3.12/site-packages/airflow/example_dags/example_skip_dag.py took 0.104 seconds
[2024-07-08T15:43:24.083+0000] {processor.py:161} INFO - Started process (PID=2560) to work on /home/airflow/.local/lib/python3.12/site-packages/airflow/example_dags/example_skip_dag.py
[2024-07-08T15:43:24.085+0000] {processor.py:830} INFO - Processing file /home/airflow/.local/lib/python3.12/site-packages/airflow/example_dags/example_skip_dag.py for tasks to queue
[2024-07-08T15:43:24.087+0000] {logging_mixin.py:188} INFO - [2024-07-08T15:43:24.086+0000] {dagbag.py:545} INFO - Filling up the DagBag from /home/airflow/.local/lib/python3.12/site-packages/airflow/example_dags/example_skip_dag.py
[2024-07-08T15:43:24.097+0000] {processor.py:840} INFO - DAG(s) 'example_skip_dag' retrieved from /home/airflow/.local/lib/python3.12/site-packages/airflow/example_dags/example_skip_dag.py
[2024-07-08T15:43:24.133+0000] {logging_mixin.py:188} INFO - [2024-07-08T15:43:24.132+0000] {dag.py:3096} INFO - Sync 1 DAGs
[2024-07-08T15:43:24.212+0000] {logging_mixin.py:188} INFO - [2024-07-08T15:43:24.209+0000] {dag.py:3954} INFO - Setting next_dagrun for example_skip_dag to 2024-07-07 00:00:00+00:00, run_after=2024-07-08 00:00:00+00:00
[2024-07-08T15:43:24.276+0000] {processor.py:183} INFO - Processing /home/airflow/.local/lib/python3.12/site-packages/airflow/example_dags/example_skip_dag.py took 0.200 seconds
[2024-07-08T15:43:54.575+0000] {processor.py:161} INFO - Started process (PID=2620) to work on /home/airflow/.local/lib/python3.12/site-packages/airflow/example_dags/example_skip_dag.py
[2024-07-08T15:43:54.577+0000] {processor.py:830} INFO - Processing file /home/airflow/.local/lib/python3.12/site-packages/airflow/example_dags/example_skip_dag.py for tasks to queue
[2024-07-08T15:43:54.579+0000] {logging_mixin.py:188} INFO - [2024-07-08T15:43:54.578+0000] {dagbag.py:545} INFO - Filling up the DagBag from /home/airflow/.local/lib/python3.12/site-packages/airflow/example_dags/example_skip_dag.py
[2024-07-08T15:43:54.587+0000] {processor.py:840} INFO - DAG(s) 'example_skip_dag' retrieved from /home/airflow/.local/lib/python3.12/site-packages/airflow/example_dags/example_skip_dag.py
[2024-07-08T15:43:54.618+0000] {logging_mixin.py:188} INFO - [2024-07-08T15:43:54.617+0000] {dag.py:3096} INFO - Sync 1 DAGs
[2024-07-08T15:43:54.647+0000] {logging_mixin.py:188} INFO - [2024-07-08T15:43:54.647+0000] {dag.py:3954} INFO - Setting next_dagrun for example_skip_dag to 2024-07-07 00:00:00+00:00, run_after=2024-07-08 00:00:00+00:00
[2024-07-08T15:43:54.671+0000] {processor.py:183} INFO - Processing /home/airflow/.local/lib/python3.12/site-packages/airflow/example_dags/example_skip_dag.py took 0.104 seconds
