[2024-07-08T15:07:28.908+0000] {processor.py:161} INFO - Started process (PID=38) to work on /home/airflow/.local/lib/python3.12/site-packages/airflow/example_dags/example_branch_labels.py
[2024-07-08T15:07:28.915+0000] {processor.py:830} INFO - Processing file /home/airflow/.local/lib/python3.12/site-packages/airflow/example_dags/example_branch_labels.py for tasks to queue
[2024-07-08T15:07:28.948+0000] {logging_mixin.py:188} INFO - [2024-07-08T15:07:28.941+0000] {dagbag.py:545} INFO - Filling up the DagBag from /home/airflow/.local/lib/python3.12/site-packages/airflow/example_dags/example_branch_labels.py
[2024-07-08T15:07:29.175+0000] {processor.py:840} INFO - DAG(s) 'example_branch_labels' retrieved from /home/airflow/.local/lib/python3.12/site-packages/airflow/example_dags/example_branch_labels.py
[2024-07-08T15:07:31.251+0000] {logging_mixin.py:188} INFO - [2024-07-08T15:07:31.250+0000] {dag.py:3096} INFO - Sync 1 DAGs
[2024-07-08T15:07:31.344+0000] {logging_mixin.py:188} INFO - [2024-07-08T15:07:31.344+0000] {dag.py:3954} INFO - Setting next_dagrun for example_branch_labels to 2024-07-07 00:00:00+00:00, run_after=2024-07-08 00:00:00+00:00
[2024-07-08T15:07:31.457+0000] {processor.py:183} INFO - Processing /home/airflow/.local/lib/python3.12/site-packages/airflow/example_dags/example_branch_labels.py took 2.597 seconds
[2024-07-08T15:08:06.067+0000] {processor.py:161} INFO - Started process (PID=96) to work on /home/airflow/.local/lib/python3.12/site-packages/airflow/example_dags/example_branch_labels.py
[2024-07-08T15:08:06.073+0000] {processor.py:830} INFO - Processing file /home/airflow/.local/lib/python3.12/site-packages/airflow/example_dags/example_branch_labels.py for tasks to queue
[2024-07-08T15:08:06.078+0000] {logging_mixin.py:188} INFO - [2024-07-08T15:08:06.077+0000] {dagbag.py:545} INFO - Filling up the DagBag from /home/airflow/.local/lib/python3.12/site-packages/airflow/example_dags/example_branch_labels.py
[2024-07-08T15:08:06.096+0000] {processor.py:840} INFO - DAG(s) 'example_branch_labels' retrieved from /home/airflow/.local/lib/python3.12/site-packages/airflow/example_dags/example_branch_labels.py
[2024-07-08T15:08:06.136+0000] {logging_mixin.py:188} INFO - [2024-07-08T15:08:06.135+0000] {dag.py:3096} INFO - Sync 1 DAGs
[2024-07-08T15:08:06.174+0000] {logging_mixin.py:188} INFO - [2024-07-08T15:08:06.174+0000] {dag.py:3954} INFO - Setting next_dagrun for example_branch_labels to 2024-07-07 00:00:00+00:00, run_after=2024-07-08 00:00:00+00:00
[2024-07-08T15:08:06.210+0000] {processor.py:183} INFO - Processing /home/airflow/.local/lib/python3.12/site-packages/airflow/example_dags/example_branch_labels.py took 0.159 seconds
[2024-07-08T15:08:36.267+0000] {processor.py:161} INFO - Started process (PID=151) to work on /home/airflow/.local/lib/python3.12/site-packages/airflow/example_dags/example_branch_labels.py
[2024-07-08T15:08:36.269+0000] {processor.py:830} INFO - Processing file /home/airflow/.local/lib/python3.12/site-packages/airflow/example_dags/example_branch_labels.py for tasks to queue
[2024-07-08T15:08:36.273+0000] {logging_mixin.py:188} INFO - [2024-07-08T15:08:36.272+0000] {dagbag.py:545} INFO - Filling up the DagBag from /home/airflow/.local/lib/python3.12/site-packages/airflow/example_dags/example_branch_labels.py
[2024-07-08T15:08:36.284+0000] {processor.py:840} INFO - DAG(s) 'example_branch_labels' retrieved from /home/airflow/.local/lib/python3.12/site-packages/airflow/example_dags/example_branch_labels.py
[2024-07-08T15:08:36.321+0000] {logging_mixin.py:188} INFO - [2024-07-08T15:08:36.320+0000] {dag.py:3096} INFO - Sync 1 DAGs
[2024-07-08T15:08:36.360+0000] {logging_mixin.py:188} INFO - [2024-07-08T15:08:36.359+0000] {dag.py:3954} INFO - Setting next_dagrun for example_branch_labels to 2024-07-07 00:00:00+00:00, run_after=2024-07-08 00:00:00+00:00
[2024-07-08T15:08:36.398+0000] {processor.py:183} INFO - Processing /home/airflow/.local/lib/python3.12/site-packages/airflow/example_dags/example_branch_labels.py took 0.137 seconds
[2024-07-08T15:09:06.976+0000] {processor.py:161} INFO - Started process (PID=209) to work on /home/airflow/.local/lib/python3.12/site-packages/airflow/example_dags/example_branch_labels.py
[2024-07-08T15:09:07.003+0000] {processor.py:830} INFO - Processing file /home/airflow/.local/lib/python3.12/site-packages/airflow/example_dags/example_branch_labels.py for tasks to queue
[2024-07-08T15:09:07.007+0000] {logging_mixin.py:188} INFO - [2024-07-08T15:09:07.006+0000] {dagbag.py:545} INFO - Filling up the DagBag from /home/airflow/.local/lib/python3.12/site-packages/airflow/example_dags/example_branch_labels.py
[2024-07-08T15:09:07.021+0000] {processor.py:840} INFO - DAG(s) 'example_branch_labels' retrieved from /home/airflow/.local/lib/python3.12/site-packages/airflow/example_dags/example_branch_labels.py
[2024-07-08T15:09:07.121+0000] {logging_mixin.py:188} INFO - [2024-07-08T15:09:07.121+0000] {dag.py:3096} INFO - Sync 1 DAGs
[2024-07-08T15:09:07.192+0000] {logging_mixin.py:188} INFO - [2024-07-08T15:09:07.192+0000] {dag.py:3954} INFO - Setting next_dagrun for example_branch_labels to 2024-07-07 00:00:00+00:00, run_after=2024-07-08 00:00:00+00:00
[2024-07-08T15:09:07.235+0000] {processor.py:183} INFO - Processing /home/airflow/.local/lib/python3.12/site-packages/airflow/example_dags/example_branch_labels.py took 0.274 seconds
[2024-07-08T15:09:37.753+0000] {processor.py:161} INFO - Started process (PID=267) to work on /home/airflow/.local/lib/python3.12/site-packages/airflow/example_dags/example_branch_labels.py
[2024-07-08T15:09:37.755+0000] {processor.py:830} INFO - Processing file /home/airflow/.local/lib/python3.12/site-packages/airflow/example_dags/example_branch_labels.py for tasks to queue
[2024-07-08T15:09:37.758+0000] {logging_mixin.py:188} INFO - [2024-07-08T15:09:37.757+0000] {dagbag.py:545} INFO - Filling up the DagBag from /home/airflow/.local/lib/python3.12/site-packages/airflow/example_dags/example_branch_labels.py
[2024-07-08T15:09:37.767+0000] {processor.py:840} INFO - DAG(s) 'example_branch_labels' retrieved from /home/airflow/.local/lib/python3.12/site-packages/airflow/example_dags/example_branch_labels.py
[2024-07-08T15:09:37.793+0000] {logging_mixin.py:188} INFO - [2024-07-08T15:09:37.792+0000] {dag.py:3096} INFO - Sync 1 DAGs
[2024-07-08T15:09:37.831+0000] {logging_mixin.py:188} INFO - [2024-07-08T15:09:37.831+0000] {dag.py:3954} INFO - Setting next_dagrun for example_branch_labels to 2024-07-07 00:00:00+00:00, run_after=2024-07-08 00:00:00+00:00
[2024-07-08T15:09:37.859+0000] {processor.py:183} INFO - Processing /home/airflow/.local/lib/python3.12/site-packages/airflow/example_dags/example_branch_labels.py took 0.114 seconds
[2024-07-08T15:10:08.618+0000] {processor.py:161} INFO - Started process (PID=325) to work on /home/airflow/.local/lib/python3.12/site-packages/airflow/example_dags/example_branch_labels.py
[2024-07-08T15:10:08.620+0000] {processor.py:830} INFO - Processing file /home/airflow/.local/lib/python3.12/site-packages/airflow/example_dags/example_branch_labels.py for tasks to queue
[2024-07-08T15:10:08.627+0000] {logging_mixin.py:188} INFO - [2024-07-08T15:10:08.627+0000] {dagbag.py:545} INFO - Filling up the DagBag from /home/airflow/.local/lib/python3.12/site-packages/airflow/example_dags/example_branch_labels.py
[2024-07-08T15:10:08.646+0000] {processor.py:840} INFO - DAG(s) 'example_branch_labels' retrieved from /home/airflow/.local/lib/python3.12/site-packages/airflow/example_dags/example_branch_labels.py
[2024-07-08T15:10:08.697+0000] {logging_mixin.py:188} INFO - [2024-07-08T15:10:08.696+0000] {dag.py:3096} INFO - Sync 1 DAGs
[2024-07-08T15:10:08.821+0000] {logging_mixin.py:188} INFO - [2024-07-08T15:10:08.812+0000] {dag.py:3954} INFO - Setting next_dagrun for example_branch_labels to 2024-07-07 00:00:00+00:00, run_after=2024-07-08 00:00:00+00:00
[2024-07-08T15:10:08.863+0000] {processor.py:183} INFO - Processing /home/airflow/.local/lib/python3.12/site-packages/airflow/example_dags/example_branch_labels.py took 0.257 seconds
[2024-07-08T15:10:38.995+0000] {processor.py:161} INFO - Started process (PID=382) to work on /home/airflow/.local/lib/python3.12/site-packages/airflow/example_dags/example_branch_labels.py
[2024-07-08T15:10:38.997+0000] {processor.py:830} INFO - Processing file /home/airflow/.local/lib/python3.12/site-packages/airflow/example_dags/example_branch_labels.py for tasks to queue
[2024-07-08T15:10:38.999+0000] {logging_mixin.py:188} INFO - [2024-07-08T15:10:38.999+0000] {dagbag.py:545} INFO - Filling up the DagBag from /home/airflow/.local/lib/python3.12/site-packages/airflow/example_dags/example_branch_labels.py
[2024-07-08T15:10:39.009+0000] {processor.py:840} INFO - DAG(s) 'example_branch_labels' retrieved from /home/airflow/.local/lib/python3.12/site-packages/airflow/example_dags/example_branch_labels.py
[2024-07-08T15:10:39.034+0000] {logging_mixin.py:188} INFO - [2024-07-08T15:10:39.034+0000] {dag.py:3096} INFO - Sync 1 DAGs
[2024-07-08T15:10:39.065+0000] {logging_mixin.py:188} INFO - [2024-07-08T15:10:39.065+0000] {dag.py:3954} INFO - Setting next_dagrun for example_branch_labels to 2024-07-07 00:00:00+00:00, run_after=2024-07-08 00:00:00+00:00
[2024-07-08T15:10:39.121+0000] {processor.py:183} INFO - Processing /home/airflow/.local/lib/python3.12/site-packages/airflow/example_dags/example_branch_labels.py took 0.134 seconds
[2024-07-08T15:11:09.998+0000] {processor.py:161} INFO - Started process (PID=440) to work on /home/airflow/.local/lib/python3.12/site-packages/airflow/example_dags/example_branch_labels.py
[2024-07-08T15:11:09.999+0000] {processor.py:830} INFO - Processing file /home/airflow/.local/lib/python3.12/site-packages/airflow/example_dags/example_branch_labels.py for tasks to queue
[2024-07-08T15:11:10.002+0000] {logging_mixin.py:188} INFO - [2024-07-08T15:11:10.002+0000] {dagbag.py:545} INFO - Filling up the DagBag from /home/airflow/.local/lib/python3.12/site-packages/airflow/example_dags/example_branch_labels.py
[2024-07-08T15:11:10.010+0000] {processor.py:840} INFO - DAG(s) 'example_branch_labels' retrieved from /home/airflow/.local/lib/python3.12/site-packages/airflow/example_dags/example_branch_labels.py
[2024-07-08T15:11:10.035+0000] {logging_mixin.py:188} INFO - [2024-07-08T15:11:10.035+0000] {dag.py:3096} INFO - Sync 1 DAGs
[2024-07-08T15:11:10.061+0000] {logging_mixin.py:188} INFO - [2024-07-08T15:11:10.061+0000] {dag.py:3954} INFO - Setting next_dagrun for example_branch_labels to 2024-07-07 00:00:00+00:00, run_after=2024-07-08 00:00:00+00:00
[2024-07-08T15:11:10.088+0000] {processor.py:183} INFO - Processing /home/airflow/.local/lib/python3.12/site-packages/airflow/example_dags/example_branch_labels.py took 0.096 seconds
[2024-07-08T15:11:40.888+0000] {processor.py:161} INFO - Started process (PID=498) to work on /home/airflow/.local/lib/python3.12/site-packages/airflow/example_dags/example_branch_labels.py
[2024-07-08T15:11:40.890+0000] {processor.py:830} INFO - Processing file /home/airflow/.local/lib/python3.12/site-packages/airflow/example_dags/example_branch_labels.py for tasks to queue
[2024-07-08T15:11:40.893+0000] {logging_mixin.py:188} INFO - [2024-07-08T15:11:40.893+0000] {dagbag.py:545} INFO - Filling up the DagBag from /home/airflow/.local/lib/python3.12/site-packages/airflow/example_dags/example_branch_labels.py
[2024-07-08T15:11:40.902+0000] {processor.py:840} INFO - DAG(s) 'example_branch_labels' retrieved from /home/airflow/.local/lib/python3.12/site-packages/airflow/example_dags/example_branch_labels.py
[2024-07-08T15:11:40.926+0000] {logging_mixin.py:188} INFO - [2024-07-08T15:11:40.925+0000] {dag.py:3096} INFO - Sync 1 DAGs
[2024-07-08T15:11:40.951+0000] {logging_mixin.py:188} INFO - [2024-07-08T15:11:40.951+0000] {dag.py:3954} INFO - Setting next_dagrun for example_branch_labels to 2024-07-07 00:00:00+00:00, run_after=2024-07-08 00:00:00+00:00
[2024-07-08T15:11:40.976+0000] {processor.py:183} INFO - Processing /home/airflow/.local/lib/python3.12/site-packages/airflow/example_dags/example_branch_labels.py took 0.094 seconds
[2024-07-08T15:12:11.737+0000] {processor.py:161} INFO - Started process (PID=555) to work on /home/airflow/.local/lib/python3.12/site-packages/airflow/example_dags/example_branch_labels.py
[2024-07-08T15:12:11.738+0000] {processor.py:830} INFO - Processing file /home/airflow/.local/lib/python3.12/site-packages/airflow/example_dags/example_branch_labels.py for tasks to queue
[2024-07-08T15:12:11.743+0000] {logging_mixin.py:188} INFO - [2024-07-08T15:12:11.742+0000] {dagbag.py:545} INFO - Filling up the DagBag from /home/airflow/.local/lib/python3.12/site-packages/airflow/example_dags/example_branch_labels.py
[2024-07-08T15:12:11.753+0000] {processor.py:840} INFO - DAG(s) 'example_branch_labels' retrieved from /home/airflow/.local/lib/python3.12/site-packages/airflow/example_dags/example_branch_labels.py
[2024-07-08T15:12:11.786+0000] {logging_mixin.py:188} INFO - [2024-07-08T15:12:11.785+0000] {dag.py:3096} INFO - Sync 1 DAGs
[2024-07-08T15:12:11.819+0000] {logging_mixin.py:188} INFO - [2024-07-08T15:12:11.819+0000] {dag.py:3954} INFO - Setting next_dagrun for example_branch_labels to 2024-07-07 00:00:00+00:00, run_after=2024-07-08 00:00:00+00:00
[2024-07-08T15:12:11.852+0000] {processor.py:183} INFO - Processing /home/airflow/.local/lib/python3.12/site-packages/airflow/example_dags/example_branch_labels.py took 0.123 seconds
[2024-07-08T15:12:42.760+0000] {processor.py:161} INFO - Started process (PID=613) to work on /home/airflow/.local/lib/python3.12/site-packages/airflow/example_dags/example_branch_labels.py
[2024-07-08T15:12:42.761+0000] {processor.py:830} INFO - Processing file /home/airflow/.local/lib/python3.12/site-packages/airflow/example_dags/example_branch_labels.py for tasks to queue
[2024-07-08T15:12:42.764+0000] {logging_mixin.py:188} INFO - [2024-07-08T15:12:42.764+0000] {dagbag.py:545} INFO - Filling up the DagBag from /home/airflow/.local/lib/python3.12/site-packages/airflow/example_dags/example_branch_labels.py
[2024-07-08T15:12:42.774+0000] {processor.py:840} INFO - DAG(s) 'example_branch_labels' retrieved from /home/airflow/.local/lib/python3.12/site-packages/airflow/example_dags/example_branch_labels.py
[2024-07-08T15:12:42.799+0000] {logging_mixin.py:188} INFO - [2024-07-08T15:12:42.799+0000] {dag.py:3096} INFO - Sync 1 DAGs
[2024-07-08T15:12:42.828+0000] {logging_mixin.py:188} INFO - [2024-07-08T15:12:42.828+0000] {dag.py:3954} INFO - Setting next_dagrun for example_branch_labels to 2024-07-07 00:00:00+00:00, run_after=2024-07-08 00:00:00+00:00
[2024-07-08T15:12:42.867+0000] {processor.py:183} INFO - Processing /home/airflow/.local/lib/python3.12/site-packages/airflow/example_dags/example_branch_labels.py took 0.115 seconds
[2024-07-08T15:13:13.705+0000] {processor.py:161} INFO - Started process (PID=678) to work on /home/airflow/.local/lib/python3.12/site-packages/airflow/example_dags/example_branch_labels.py
[2024-07-08T15:13:13.709+0000] {processor.py:830} INFO - Processing file /home/airflow/.local/lib/python3.12/site-packages/airflow/example_dags/example_branch_labels.py for tasks to queue
[2024-07-08T15:13:13.714+0000] {logging_mixin.py:188} INFO - [2024-07-08T15:13:13.713+0000] {dagbag.py:545} INFO - Filling up the DagBag from /home/airflow/.local/lib/python3.12/site-packages/airflow/example_dags/example_branch_labels.py
[2024-07-08T15:13:13.729+0000] {processor.py:840} INFO - DAG(s) 'example_branch_labels' retrieved from /home/airflow/.local/lib/python3.12/site-packages/airflow/example_dags/example_branch_labels.py
[2024-07-08T15:13:13.764+0000] {logging_mixin.py:188} INFO - [2024-07-08T15:13:13.763+0000] {dag.py:3096} INFO - Sync 1 DAGs
[2024-07-08T15:13:13.807+0000] {logging_mixin.py:188} INFO - [2024-07-08T15:13:13.806+0000] {dag.py:3954} INFO - Setting next_dagrun for example_branch_labels to 2024-07-07 00:00:00+00:00, run_after=2024-07-08 00:00:00+00:00
[2024-07-08T15:13:13.843+0000] {processor.py:183} INFO - Processing /home/airflow/.local/lib/python3.12/site-packages/airflow/example_dags/example_branch_labels.py took 0.152 seconds
[2024-07-08T15:13:44.200+0000] {processor.py:161} INFO - Started process (PID=736) to work on /home/airflow/.local/lib/python3.12/site-packages/airflow/example_dags/example_branch_labels.py
[2024-07-08T15:13:44.204+0000] {processor.py:830} INFO - Processing file /home/airflow/.local/lib/python3.12/site-packages/airflow/example_dags/example_branch_labels.py for tasks to queue
[2024-07-08T15:13:44.210+0000] {logging_mixin.py:188} INFO - [2024-07-08T15:13:44.208+0000] {dagbag.py:545} INFO - Filling up the DagBag from /home/airflow/.local/lib/python3.12/site-packages/airflow/example_dags/example_branch_labels.py
[2024-07-08T15:13:44.229+0000] {processor.py:840} INFO - DAG(s) 'example_branch_labels' retrieved from /home/airflow/.local/lib/python3.12/site-packages/airflow/example_dags/example_branch_labels.py
[2024-07-08T15:13:44.279+0000] {logging_mixin.py:188} INFO - [2024-07-08T15:13:44.278+0000] {dag.py:3096} INFO - Sync 1 DAGs
[2024-07-08T15:13:44.360+0000] {logging_mixin.py:188} INFO - [2024-07-08T15:13:44.359+0000] {dag.py:3954} INFO - Setting next_dagrun for example_branch_labels to 2024-07-07 00:00:00+00:00, run_after=2024-07-08 00:00:00+00:00
[2024-07-08T15:13:44.407+0000] {processor.py:183} INFO - Processing /home/airflow/.local/lib/python3.12/site-packages/airflow/example_dags/example_branch_labels.py took 0.220 seconds
[2024-07-08T15:16:10.378+0000] {processor.py:161} INFO - Started process (PID=750) to work on /home/airflow/.local/lib/python3.12/site-packages/airflow/example_dags/example_branch_labels.py
[2024-07-08T15:16:10.380+0000] {processor.py:830} INFO - Processing file /home/airflow/.local/lib/python3.12/site-packages/airflow/example_dags/example_branch_labels.py for tasks to queue
[2024-07-08T15:16:10.395+0000] {logging_mixin.py:188} INFO - [2024-07-08T15:16:10.395+0000] {dagbag.py:545} INFO - Filling up the DagBag from /home/airflow/.local/lib/python3.12/site-packages/airflow/example_dags/example_branch_labels.py
[2024-07-08T15:16:10.419+0000] {processor.py:840} INFO - DAG(s) 'example_branch_labels' retrieved from /home/airflow/.local/lib/python3.12/site-packages/airflow/example_dags/example_branch_labels.py
[2024-07-08T15:16:10.470+0000] {logging_mixin.py:188} INFO - [2024-07-08T15:16:10.468+0000] {dag.py:3096} INFO - Sync 1 DAGs
[2024-07-08T15:16:10.527+0000] {logging_mixin.py:188} INFO - [2024-07-08T15:16:10.527+0000] {dag.py:3954} INFO - Setting next_dagrun for example_branch_labels to 2024-07-07 00:00:00+00:00, run_after=2024-07-08 00:00:00+00:00
[2024-07-08T15:16:10.568+0000] {processor.py:183} INFO - Processing /home/airflow/.local/lib/python3.12/site-packages/airflow/example_dags/example_branch_labels.py took 0.207 seconds
[2024-07-08T15:16:41.286+0000] {processor.py:161} INFO - Started process (PID=808) to work on /home/airflow/.local/lib/python3.12/site-packages/airflow/example_dags/example_branch_labels.py
[2024-07-08T15:16:41.287+0000] {processor.py:830} INFO - Processing file /home/airflow/.local/lib/python3.12/site-packages/airflow/example_dags/example_branch_labels.py for tasks to queue
[2024-07-08T15:16:41.289+0000] {logging_mixin.py:188} INFO - [2024-07-08T15:16:41.289+0000] {dagbag.py:545} INFO - Filling up the DagBag from /home/airflow/.local/lib/python3.12/site-packages/airflow/example_dags/example_branch_labels.py
[2024-07-08T15:16:41.303+0000] {processor.py:840} INFO - DAG(s) 'example_branch_labels' retrieved from /home/airflow/.local/lib/python3.12/site-packages/airflow/example_dags/example_branch_labels.py
[2024-07-08T15:16:41.503+0000] {logging_mixin.py:188} INFO - [2024-07-08T15:16:41.503+0000] {dag.py:3096} INFO - Sync 1 DAGs
[2024-07-08T15:16:41.602+0000] {logging_mixin.py:188} INFO - [2024-07-08T15:16:41.602+0000] {dag.py:3954} INFO - Setting next_dagrun for example_branch_labels to 2024-07-07 00:00:00+00:00, run_after=2024-07-08 00:00:00+00:00
[2024-07-08T15:16:41.648+0000] {processor.py:183} INFO - Processing /home/airflow/.local/lib/python3.12/site-packages/airflow/example_dags/example_branch_labels.py took 0.371 seconds
[2024-07-08T15:17:12.534+0000] {processor.py:161} INFO - Started process (PID=866) to work on /home/airflow/.local/lib/python3.12/site-packages/airflow/example_dags/example_branch_labels.py
[2024-07-08T15:17:12.535+0000] {processor.py:830} INFO - Processing file /home/airflow/.local/lib/python3.12/site-packages/airflow/example_dags/example_branch_labels.py for tasks to queue
[2024-07-08T15:17:12.536+0000] {logging_mixin.py:188} INFO - [2024-07-08T15:17:12.536+0000] {dagbag.py:545} INFO - Filling up the DagBag from /home/airflow/.local/lib/python3.12/site-packages/airflow/example_dags/example_branch_labels.py
[2024-07-08T15:17:12.547+0000] {processor.py:840} INFO - DAG(s) 'example_branch_labels' retrieved from /home/airflow/.local/lib/python3.12/site-packages/airflow/example_dags/example_branch_labels.py
[2024-07-08T15:17:12.577+0000] {logging_mixin.py:188} INFO - [2024-07-08T15:17:12.576+0000] {dag.py:3096} INFO - Sync 1 DAGs
[2024-07-08T15:17:12.610+0000] {logging_mixin.py:188} INFO - [2024-07-08T15:17:12.610+0000] {dag.py:3954} INFO - Setting next_dagrun for example_branch_labels to 2024-07-07 00:00:00+00:00, run_after=2024-07-08 00:00:00+00:00
[2024-07-08T15:17:12.636+0000] {processor.py:183} INFO - Processing /home/airflow/.local/lib/python3.12/site-packages/airflow/example_dags/example_branch_labels.py took 0.108 seconds
[2024-07-08T15:18:57.739+0000] {processor.py:161} INFO - Started process (PID=920) to work on /home/airflow/.local/lib/python3.12/site-packages/airflow/example_dags/example_branch_labels.py
[2024-07-08T15:18:57.741+0000] {processor.py:830} INFO - Processing file /home/airflow/.local/lib/python3.12/site-packages/airflow/example_dags/example_branch_labels.py for tasks to queue
[2024-07-08T15:18:57.743+0000] {logging_mixin.py:188} INFO - [2024-07-08T15:18:57.742+0000] {dagbag.py:545} INFO - Filling up the DagBag from /home/airflow/.local/lib/python3.12/site-packages/airflow/example_dags/example_branch_labels.py
[2024-07-08T15:18:57.757+0000] {processor.py:840} INFO - DAG(s) 'example_branch_labels' retrieved from /home/airflow/.local/lib/python3.12/site-packages/airflow/example_dags/example_branch_labels.py
[2024-07-08T15:18:57.858+0000] {logging_mixin.py:188} INFO - [2024-07-08T15:18:57.858+0000] {dag.py:3096} INFO - Sync 1 DAGs
[2024-07-08T15:18:57.955+0000] {logging_mixin.py:188} INFO - [2024-07-08T15:18:57.955+0000] {dag.py:3954} INFO - Setting next_dagrun for example_branch_labels to 2024-07-07 00:00:00+00:00, run_after=2024-07-08 00:00:00+00:00
[2024-07-08T15:18:58.012+0000] {processor.py:183} INFO - Processing /home/airflow/.local/lib/python3.12/site-packages/airflow/example_dags/example_branch_labels.py took 0.291 seconds
[2024-07-08T15:19:28.190+0000] {processor.py:161} INFO - Started process (PID=978) to work on /home/airflow/.local/lib/python3.12/site-packages/airflow/example_dags/example_branch_labels.py
[2024-07-08T15:19:28.192+0000] {processor.py:830} INFO - Processing file /home/airflow/.local/lib/python3.12/site-packages/airflow/example_dags/example_branch_labels.py for tasks to queue
[2024-07-08T15:19:28.194+0000] {logging_mixin.py:188} INFO - [2024-07-08T15:19:28.193+0000] {dagbag.py:545} INFO - Filling up the DagBag from /home/airflow/.local/lib/python3.12/site-packages/airflow/example_dags/example_branch_labels.py
[2024-07-08T15:19:28.211+0000] {processor.py:840} INFO - DAG(s) 'example_branch_labels' retrieved from /home/airflow/.local/lib/python3.12/site-packages/airflow/example_dags/example_branch_labels.py
[2024-07-08T15:19:28.278+0000] {logging_mixin.py:188} INFO - [2024-07-08T15:19:28.278+0000] {dag.py:3096} INFO - Sync 1 DAGs
[2024-07-08T15:19:28.348+0000] {logging_mixin.py:188} INFO - [2024-07-08T15:19:28.348+0000] {dag.py:3954} INFO - Setting next_dagrun for example_branch_labels to 2024-07-07 00:00:00+00:00, run_after=2024-07-08 00:00:00+00:00
[2024-07-08T15:19:28.398+0000] {processor.py:183} INFO - Processing /home/airflow/.local/lib/python3.12/site-packages/airflow/example_dags/example_branch_labels.py took 0.219 seconds
[2024-07-08T15:19:58.934+0000] {processor.py:161} INFO - Started process (PID=1034) to work on /home/airflow/.local/lib/python3.12/site-packages/airflow/example_dags/example_branch_labels.py
[2024-07-08T15:19:58.935+0000] {processor.py:830} INFO - Processing file /home/airflow/.local/lib/python3.12/site-packages/airflow/example_dags/example_branch_labels.py for tasks to queue
[2024-07-08T15:19:58.936+0000] {logging_mixin.py:188} INFO - [2024-07-08T15:19:58.936+0000] {dagbag.py:545} INFO - Filling up the DagBag from /home/airflow/.local/lib/python3.12/site-packages/airflow/example_dags/example_branch_labels.py
[2024-07-08T15:19:58.946+0000] {processor.py:840} INFO - DAG(s) 'example_branch_labels' retrieved from /home/airflow/.local/lib/python3.12/site-packages/airflow/example_dags/example_branch_labels.py
[2024-07-08T15:19:58.975+0000] {logging_mixin.py:188} INFO - [2024-07-08T15:19:58.974+0000] {dag.py:3096} INFO - Sync 1 DAGs
[2024-07-08T15:19:59.001+0000] {logging_mixin.py:188} INFO - [2024-07-08T15:19:59.001+0000] {dag.py:3954} INFO - Setting next_dagrun for example_branch_labels to 2024-07-07 00:00:00+00:00, run_after=2024-07-08 00:00:00+00:00
[2024-07-08T15:19:59.025+0000] {processor.py:183} INFO - Processing /home/airflow/.local/lib/python3.12/site-packages/airflow/example_dags/example_branch_labels.py took 0.098 seconds
[2024-07-08T15:20:29.858+0000] {processor.py:161} INFO - Started process (PID=1092) to work on /home/airflow/.local/lib/python3.12/site-packages/airflow/example_dags/example_branch_labels.py
[2024-07-08T15:20:29.860+0000] {processor.py:830} INFO - Processing file /home/airflow/.local/lib/python3.12/site-packages/airflow/example_dags/example_branch_labels.py for tasks to queue
[2024-07-08T15:20:29.862+0000] {logging_mixin.py:188} INFO - [2024-07-08T15:20:29.861+0000] {dagbag.py:545} INFO - Filling up the DagBag from /home/airflow/.local/lib/python3.12/site-packages/airflow/example_dags/example_branch_labels.py
[2024-07-08T15:20:29.875+0000] {processor.py:840} INFO - DAG(s) 'example_branch_labels' retrieved from /home/airflow/.local/lib/python3.12/site-packages/airflow/example_dags/example_branch_labels.py
[2024-07-08T15:20:29.911+0000] {logging_mixin.py:188} INFO - [2024-07-08T15:20:29.910+0000] {dag.py:3096} INFO - Sync 1 DAGs
[2024-07-08T15:20:29.952+0000] {logging_mixin.py:188} INFO - [2024-07-08T15:20:29.951+0000] {dag.py:3954} INFO - Setting next_dagrun for example_branch_labels to 2024-07-07 00:00:00+00:00, run_after=2024-07-08 00:00:00+00:00
[2024-07-08T15:20:29.984+0000] {processor.py:183} INFO - Processing /home/airflow/.local/lib/python3.12/site-packages/airflow/example_dags/example_branch_labels.py took 0.132 seconds
[2024-07-08T15:21:00.901+0000] {processor.py:161} INFO - Started process (PID=1150) to work on /home/airflow/.local/lib/python3.12/site-packages/airflow/example_dags/example_branch_labels.py
[2024-07-08T15:21:00.903+0000] {processor.py:830} INFO - Processing file /home/airflow/.local/lib/python3.12/site-packages/airflow/example_dags/example_branch_labels.py for tasks to queue
[2024-07-08T15:21:00.908+0000] {logging_mixin.py:188} INFO - [2024-07-08T15:21:00.908+0000] {dagbag.py:545} INFO - Filling up the DagBag from /home/airflow/.local/lib/python3.12/site-packages/airflow/example_dags/example_branch_labels.py
[2024-07-08T15:21:00.920+0000] {processor.py:840} INFO - DAG(s) 'example_branch_labels' retrieved from /home/airflow/.local/lib/python3.12/site-packages/airflow/example_dags/example_branch_labels.py
[2024-07-08T15:21:00.950+0000] {logging_mixin.py:188} INFO - [2024-07-08T15:21:00.950+0000] {dag.py:3096} INFO - Sync 1 DAGs
[2024-07-08T15:21:00.978+0000] {logging_mixin.py:188} INFO - [2024-07-08T15:21:00.978+0000] {dag.py:3954} INFO - Setting next_dagrun for example_branch_labels to 2024-07-07 00:00:00+00:00, run_after=2024-07-08 00:00:00+00:00
[2024-07-08T15:21:01.004+0000] {processor.py:183} INFO - Processing /home/airflow/.local/lib/python3.12/site-packages/airflow/example_dags/example_branch_labels.py took 0.109 seconds
[2024-07-08T15:21:31.291+0000] {processor.py:161} INFO - Started process (PID=1208) to work on /home/airflow/.local/lib/python3.12/site-packages/airflow/example_dags/example_branch_labels.py
[2024-07-08T15:21:31.293+0000] {processor.py:830} INFO - Processing file /home/airflow/.local/lib/python3.12/site-packages/airflow/example_dags/example_branch_labels.py for tasks to queue
[2024-07-08T15:21:31.295+0000] {logging_mixin.py:188} INFO - [2024-07-08T15:21:31.295+0000] {dagbag.py:545} INFO - Filling up the DagBag from /home/airflow/.local/lib/python3.12/site-packages/airflow/example_dags/example_branch_labels.py
[2024-07-08T15:21:31.309+0000] {processor.py:840} INFO - DAG(s) 'example_branch_labels' retrieved from /home/airflow/.local/lib/python3.12/site-packages/airflow/example_dags/example_branch_labels.py
[2024-07-08T15:21:31.339+0000] {logging_mixin.py:188} INFO - [2024-07-08T15:21:31.338+0000] {dag.py:3096} INFO - Sync 1 DAGs
[2024-07-08T15:21:31.368+0000] {logging_mixin.py:188} INFO - [2024-07-08T15:21:31.368+0000] {dag.py:3954} INFO - Setting next_dagrun for example_branch_labels to 2024-07-07 00:00:00+00:00, run_after=2024-07-08 00:00:00+00:00
[2024-07-08T15:21:31.393+0000] {processor.py:183} INFO - Processing /home/airflow/.local/lib/python3.12/site-packages/airflow/example_dags/example_branch_labels.py took 0.109 seconds
[2024-07-08T15:22:02.105+0000] {processor.py:161} INFO - Started process (PID=1266) to work on /home/airflow/.local/lib/python3.12/site-packages/airflow/example_dags/example_branch_labels.py
[2024-07-08T15:22:02.107+0000] {processor.py:830} INFO - Processing file /home/airflow/.local/lib/python3.12/site-packages/airflow/example_dags/example_branch_labels.py for tasks to queue
[2024-07-08T15:22:02.108+0000] {logging_mixin.py:188} INFO - [2024-07-08T15:22:02.107+0000] {dagbag.py:545} INFO - Filling up the DagBag from /home/airflow/.local/lib/python3.12/site-packages/airflow/example_dags/example_branch_labels.py
[2024-07-08T15:22:02.122+0000] {processor.py:840} INFO - DAG(s) 'example_branch_labels' retrieved from /home/airflow/.local/lib/python3.12/site-packages/airflow/example_dags/example_branch_labels.py
[2024-07-08T15:22:02.150+0000] {logging_mixin.py:188} INFO - [2024-07-08T15:22:02.150+0000] {dag.py:3096} INFO - Sync 1 DAGs
[2024-07-08T15:22:02.180+0000] {logging_mixin.py:188} INFO - [2024-07-08T15:22:02.180+0000] {dag.py:3954} INFO - Setting next_dagrun for example_branch_labels to 2024-07-07 00:00:00+00:00, run_after=2024-07-08 00:00:00+00:00
[2024-07-08T15:22:02.206+0000] {processor.py:183} INFO - Processing /home/airflow/.local/lib/python3.12/site-packages/airflow/example_dags/example_branch_labels.py took 0.110 seconds
[2024-07-08T15:22:32.524+0000] {processor.py:161} INFO - Started process (PID=1328) to work on /home/airflow/.local/lib/python3.12/site-packages/airflow/example_dags/example_branch_labels.py
[2024-07-08T15:22:32.527+0000] {processor.py:830} INFO - Processing file /home/airflow/.local/lib/python3.12/site-packages/airflow/example_dags/example_branch_labels.py for tasks to queue
[2024-07-08T15:22:32.532+0000] {logging_mixin.py:188} INFO - [2024-07-08T15:22:32.530+0000] {dagbag.py:545} INFO - Filling up the DagBag from /home/airflow/.local/lib/python3.12/site-packages/airflow/example_dags/example_branch_labels.py
[2024-07-08T15:22:32.546+0000] {processor.py:840} INFO - DAG(s) 'example_branch_labels' retrieved from /home/airflow/.local/lib/python3.12/site-packages/airflow/example_dags/example_branch_labels.py
[2024-07-08T15:22:32.589+0000] {logging_mixin.py:188} INFO - [2024-07-08T15:22:32.588+0000] {dag.py:3096} INFO - Sync 1 DAGs
[2024-07-08T15:22:32.633+0000] {logging_mixin.py:188} INFO - [2024-07-08T15:22:32.632+0000] {dag.py:3954} INFO - Setting next_dagrun for example_branch_labels to 2024-07-07 00:00:00+00:00, run_after=2024-07-08 00:00:00+00:00
[2024-07-08T15:22:32.664+0000] {processor.py:183} INFO - Processing /home/airflow/.local/lib/python3.12/site-packages/airflow/example_dags/example_branch_labels.py took 0.152 seconds
[2024-07-08T15:23:02.713+0000] {processor.py:161} INFO - Started process (PID=1390) to work on /home/airflow/.local/lib/python3.12/site-packages/airflow/example_dags/example_branch_labels.py
[2024-07-08T15:23:02.718+0000] {processor.py:830} INFO - Processing file /home/airflow/.local/lib/python3.12/site-packages/airflow/example_dags/example_branch_labels.py for tasks to queue
[2024-07-08T15:23:02.723+0000] {logging_mixin.py:188} INFO - [2024-07-08T15:23:02.722+0000] {dagbag.py:545} INFO - Filling up the DagBag from /home/airflow/.local/lib/python3.12/site-packages/airflow/example_dags/example_branch_labels.py
[2024-07-08T15:23:02.744+0000] {processor.py:840} INFO - DAG(s) 'example_branch_labels' retrieved from /home/airflow/.local/lib/python3.12/site-packages/airflow/example_dags/example_branch_labels.py
[2024-07-08T15:23:02.774+0000] {logging_mixin.py:188} INFO - [2024-07-08T15:23:02.773+0000] {dag.py:3096} INFO - Sync 1 DAGs
[2024-07-08T15:23:02.804+0000] {logging_mixin.py:188} INFO - [2024-07-08T15:23:02.803+0000] {dag.py:3954} INFO - Setting next_dagrun for example_branch_labels to 2024-07-07 00:00:00+00:00, run_after=2024-07-08 00:00:00+00:00
[2024-07-08T15:23:02.851+0000] {processor.py:183} INFO - Processing /home/airflow/.local/lib/python3.12/site-packages/airflow/example_dags/example_branch_labels.py took 0.151 seconds
[2024-07-08T15:23:33.821+0000] {processor.py:161} INFO - Started process (PID=1454) to work on /home/airflow/.local/lib/python3.12/site-packages/airflow/example_dags/example_branch_labels.py
[2024-07-08T15:23:33.826+0000] {processor.py:830} INFO - Processing file /home/airflow/.local/lib/python3.12/site-packages/airflow/example_dags/example_branch_labels.py for tasks to queue
[2024-07-08T15:23:33.828+0000] {logging_mixin.py:188} INFO - [2024-07-08T15:23:33.828+0000] {dagbag.py:545} INFO - Filling up the DagBag from /home/airflow/.local/lib/python3.12/site-packages/airflow/example_dags/example_branch_labels.py
[2024-07-08T15:23:33.851+0000] {processor.py:840} INFO - DAG(s) 'example_branch_labels' retrieved from /home/airflow/.local/lib/python3.12/site-packages/airflow/example_dags/example_branch_labels.py
[2024-07-08T15:23:33.905+0000] {logging_mixin.py:188} INFO - [2024-07-08T15:23:33.904+0000] {dag.py:3096} INFO - Sync 1 DAGs
[2024-07-08T15:23:33.942+0000] {logging_mixin.py:188} INFO - [2024-07-08T15:23:33.942+0000] {dag.py:3954} INFO - Setting next_dagrun for example_branch_labels to 2024-07-07 00:00:00+00:00, run_after=2024-07-08 00:00:00+00:00
[2024-07-08T15:23:33.969+0000] {processor.py:183} INFO - Processing /home/airflow/.local/lib/python3.12/site-packages/airflow/example_dags/example_branch_labels.py took 0.159 seconds
[2024-07-08T15:24:04.031+0000] {processor.py:161} INFO - Started process (PID=1520) to work on /home/airflow/.local/lib/python3.12/site-packages/airflow/example_dags/example_branch_labels.py
[2024-07-08T15:24:04.032+0000] {processor.py:830} INFO - Processing file /home/airflow/.local/lib/python3.12/site-packages/airflow/example_dags/example_branch_labels.py for tasks to queue
[2024-07-08T15:24:04.034+0000] {logging_mixin.py:188} INFO - [2024-07-08T15:24:04.033+0000] {dagbag.py:545} INFO - Filling up the DagBag from /home/airflow/.local/lib/python3.12/site-packages/airflow/example_dags/example_branch_labels.py
[2024-07-08T15:24:04.044+0000] {processor.py:840} INFO - DAG(s) 'example_branch_labels' retrieved from /home/airflow/.local/lib/python3.12/site-packages/airflow/example_dags/example_branch_labels.py
[2024-07-08T15:24:04.069+0000] {logging_mixin.py:188} INFO - [2024-07-08T15:24:04.069+0000] {dag.py:3096} INFO - Sync 1 DAGs
[2024-07-08T15:24:04.095+0000] {logging_mixin.py:188} INFO - [2024-07-08T15:24:04.095+0000] {dag.py:3954} INFO - Setting next_dagrun for example_branch_labels to 2024-07-07 00:00:00+00:00, run_after=2024-07-08 00:00:00+00:00
[2024-07-08T15:24:04.119+0000] {processor.py:183} INFO - Processing /home/airflow/.local/lib/python3.12/site-packages/airflow/example_dags/example_branch_labels.py took 0.094 seconds
[2024-07-08T15:24:34.271+0000] {processor.py:161} INFO - Started process (PID=1579) to work on /home/airflow/.local/lib/python3.12/site-packages/airflow/example_dags/example_branch_labels.py
[2024-07-08T15:24:34.274+0000] {processor.py:830} INFO - Processing file /home/airflow/.local/lib/python3.12/site-packages/airflow/example_dags/example_branch_labels.py for tasks to queue
[2024-07-08T15:24:34.276+0000] {logging_mixin.py:188} INFO - [2024-07-08T15:24:34.275+0000] {dagbag.py:545} INFO - Filling up the DagBag from /home/airflow/.local/lib/python3.12/site-packages/airflow/example_dags/example_branch_labels.py
[2024-07-08T15:24:34.289+0000] {processor.py:840} INFO - DAG(s) 'example_branch_labels' retrieved from /home/airflow/.local/lib/python3.12/site-packages/airflow/example_dags/example_branch_labels.py
[2024-07-08T15:24:34.339+0000] {logging_mixin.py:188} INFO - [2024-07-08T15:24:34.339+0000] {dag.py:3096} INFO - Sync 1 DAGs
[2024-07-08T15:24:34.383+0000] {logging_mixin.py:188} INFO - [2024-07-08T15:24:34.383+0000] {dag.py:3954} INFO - Setting next_dagrun for example_branch_labels to 2024-07-07 00:00:00+00:00, run_after=2024-07-08 00:00:00+00:00
[2024-07-08T15:24:34.409+0000] {processor.py:183} INFO - Processing /home/airflow/.local/lib/python3.12/site-packages/airflow/example_dags/example_branch_labels.py took 0.146 seconds
[2024-07-08T15:25:04.583+0000] {processor.py:161} INFO - Started process (PID=1642) to work on /home/airflow/.local/lib/python3.12/site-packages/airflow/example_dags/example_branch_labels.py
[2024-07-08T15:25:04.585+0000] {processor.py:830} INFO - Processing file /home/airflow/.local/lib/python3.12/site-packages/airflow/example_dags/example_branch_labels.py for tasks to queue
[2024-07-08T15:25:04.587+0000] {logging_mixin.py:188} INFO - [2024-07-08T15:25:04.586+0000] {dagbag.py:545} INFO - Filling up the DagBag from /home/airflow/.local/lib/python3.12/site-packages/airflow/example_dags/example_branch_labels.py
[2024-07-08T15:25:04.597+0000] {processor.py:840} INFO - DAG(s) 'example_branch_labels' retrieved from /home/airflow/.local/lib/python3.12/site-packages/airflow/example_dags/example_branch_labels.py
[2024-07-08T15:25:04.624+0000] {logging_mixin.py:188} INFO - [2024-07-08T15:25:04.624+0000] {dag.py:3096} INFO - Sync 1 DAGs
[2024-07-08T15:25:04.651+0000] {logging_mixin.py:188} INFO - [2024-07-08T15:25:04.651+0000] {dag.py:3954} INFO - Setting next_dagrun for example_branch_labels to 2024-07-07 00:00:00+00:00, run_after=2024-07-08 00:00:00+00:00
[2024-07-08T15:25:04.675+0000] {processor.py:183} INFO - Processing /home/airflow/.local/lib/python3.12/site-packages/airflow/example_dags/example_branch_labels.py took 0.101 seconds
[2024-07-08T15:25:34.991+0000] {processor.py:161} INFO - Started process (PID=1708) to work on /home/airflow/.local/lib/python3.12/site-packages/airflow/example_dags/example_branch_labels.py
[2024-07-08T15:25:34.992+0000] {processor.py:830} INFO - Processing file /home/airflow/.local/lib/python3.12/site-packages/airflow/example_dags/example_branch_labels.py for tasks to queue
[2024-07-08T15:25:34.994+0000] {logging_mixin.py:188} INFO - [2024-07-08T15:25:34.993+0000] {dagbag.py:545} INFO - Filling up the DagBag from /home/airflow/.local/lib/python3.12/site-packages/airflow/example_dags/example_branch_labels.py
[2024-07-08T15:25:35.008+0000] {processor.py:840} INFO - DAG(s) 'example_branch_labels' retrieved from /home/airflow/.local/lib/python3.12/site-packages/airflow/example_dags/example_branch_labels.py
[2024-07-08T15:25:35.041+0000] {logging_mixin.py:188} INFO - [2024-07-08T15:25:35.040+0000] {dag.py:3096} INFO - Sync 1 DAGs
[2024-07-08T15:25:35.091+0000] {logging_mixin.py:188} INFO - [2024-07-08T15:25:35.090+0000] {dag.py:3954} INFO - Setting next_dagrun for example_branch_labels to 2024-07-07 00:00:00+00:00, run_after=2024-07-08 00:00:00+00:00
[2024-07-08T15:25:35.126+0000] {processor.py:183} INFO - Processing /home/airflow/.local/lib/python3.12/site-packages/airflow/example_dags/example_branch_labels.py took 0.143 seconds
[2024-07-08T15:26:05.460+0000] {processor.py:161} INFO - Started process (PID=1773) to work on /home/airflow/.local/lib/python3.12/site-packages/airflow/example_dags/example_branch_labels.py
[2024-07-08T15:26:05.462+0000] {processor.py:830} INFO - Processing file /home/airflow/.local/lib/python3.12/site-packages/airflow/example_dags/example_branch_labels.py for tasks to queue
[2024-07-08T15:26:05.463+0000] {logging_mixin.py:188} INFO - [2024-07-08T15:26:05.463+0000] {dagbag.py:545} INFO - Filling up the DagBag from /home/airflow/.local/lib/python3.12/site-packages/airflow/example_dags/example_branch_labels.py
[2024-07-08T15:26:05.475+0000] {processor.py:840} INFO - DAG(s) 'example_branch_labels' retrieved from /home/airflow/.local/lib/python3.12/site-packages/airflow/example_dags/example_branch_labels.py
[2024-07-08T15:26:05.509+0000] {logging_mixin.py:188} INFO - [2024-07-08T15:26:05.509+0000] {dag.py:3096} INFO - Sync 1 DAGs
[2024-07-08T15:26:05.545+0000] {logging_mixin.py:188} INFO - [2024-07-08T15:26:05.544+0000] {dag.py:3954} INFO - Setting next_dagrun for example_branch_labels to 2024-07-07 00:00:00+00:00, run_after=2024-07-08 00:00:00+00:00
[2024-07-08T15:26:05.577+0000] {processor.py:183} INFO - Processing /home/airflow/.local/lib/python3.12/site-packages/airflow/example_dags/example_branch_labels.py took 0.126 seconds
[2024-07-08T15:26:36.029+0000] {processor.py:161} INFO - Started process (PID=1834) to work on /home/airflow/.local/lib/python3.12/site-packages/airflow/example_dags/example_branch_labels.py
[2024-07-08T15:26:36.030+0000] {processor.py:830} INFO - Processing file /home/airflow/.local/lib/python3.12/site-packages/airflow/example_dags/example_branch_labels.py for tasks to queue
[2024-07-08T15:26:36.031+0000] {logging_mixin.py:188} INFO - [2024-07-08T15:26:36.031+0000] {dagbag.py:545} INFO - Filling up the DagBag from /home/airflow/.local/lib/python3.12/site-packages/airflow/example_dags/example_branch_labels.py
[2024-07-08T15:26:36.042+0000] {processor.py:840} INFO - DAG(s) 'example_branch_labels' retrieved from /home/airflow/.local/lib/python3.12/site-packages/airflow/example_dags/example_branch_labels.py
[2024-07-08T15:26:36.070+0000] {logging_mixin.py:188} INFO - [2024-07-08T15:26:36.070+0000] {dag.py:3096} INFO - Sync 1 DAGs
[2024-07-08T15:26:36.263+0000] {logging_mixin.py:188} INFO - [2024-07-08T15:26:36.263+0000] {dag.py:3954} INFO - Setting next_dagrun for example_branch_labels to 2024-07-07 00:00:00+00:00, run_after=2024-07-08 00:00:00+00:00
[2024-07-08T15:26:36.293+0000] {processor.py:183} INFO - Processing /home/airflow/.local/lib/python3.12/site-packages/airflow/example_dags/example_branch_labels.py took 0.270 seconds
[2024-07-08T15:27:06.825+0000] {processor.py:161} INFO - Started process (PID=1895) to work on /home/airflow/.local/lib/python3.12/site-packages/airflow/example_dags/example_branch_labels.py
[2024-07-08T15:27:06.827+0000] {processor.py:830} INFO - Processing file /home/airflow/.local/lib/python3.12/site-packages/airflow/example_dags/example_branch_labels.py for tasks to queue
[2024-07-08T15:27:06.829+0000] {logging_mixin.py:188} INFO - [2024-07-08T15:27:06.828+0000] {dagbag.py:545} INFO - Filling up the DagBag from /home/airflow/.local/lib/python3.12/site-packages/airflow/example_dags/example_branch_labels.py
[2024-07-08T15:27:06.843+0000] {processor.py:840} INFO - DAG(s) 'example_branch_labels' retrieved from /home/airflow/.local/lib/python3.12/site-packages/airflow/example_dags/example_branch_labels.py
[2024-07-08T15:27:06.880+0000] {logging_mixin.py:188} INFO - [2024-07-08T15:27:06.880+0000] {dag.py:3096} INFO - Sync 1 DAGs
[2024-07-08T15:27:07.065+0000] {logging_mixin.py:188} INFO - [2024-07-08T15:27:07.065+0000] {dag.py:3954} INFO - Setting next_dagrun for example_branch_labels to 2024-07-07 00:00:00+00:00, run_after=2024-07-08 00:00:00+00:00
[2024-07-08T15:27:07.092+0000] {processor.py:183} INFO - Processing /home/airflow/.local/lib/python3.12/site-packages/airflow/example_dags/example_branch_labels.py took 0.279 seconds
[2024-07-08T15:27:38.281+0000] {processor.py:161} INFO - Started process (PID=1953) to work on /home/airflow/.local/lib/python3.12/site-packages/airflow/example_dags/example_branch_labels.py
[2024-07-08T15:27:38.282+0000] {processor.py:830} INFO - Processing file /home/airflow/.local/lib/python3.12/site-packages/airflow/example_dags/example_branch_labels.py for tasks to queue
[2024-07-08T15:27:38.283+0000] {logging_mixin.py:188} INFO - [2024-07-08T15:27:38.283+0000] {dagbag.py:545} INFO - Filling up the DagBag from /home/airflow/.local/lib/python3.12/site-packages/airflow/example_dags/example_branch_labels.py
[2024-07-08T15:27:38.295+0000] {processor.py:840} INFO - DAG(s) 'example_branch_labels' retrieved from /home/airflow/.local/lib/python3.12/site-packages/airflow/example_dags/example_branch_labels.py
[2024-07-08T15:27:38.332+0000] {logging_mixin.py:188} INFO - [2024-07-08T15:27:38.332+0000] {dag.py:3096} INFO - Sync 1 DAGs
[2024-07-08T15:27:38.577+0000] {logging_mixin.py:188} INFO - [2024-07-08T15:27:38.577+0000] {dag.py:3954} INFO - Setting next_dagrun for example_branch_labels to 2024-07-07 00:00:00+00:00, run_after=2024-07-08 00:00:00+00:00
[2024-07-08T15:27:38.609+0000] {processor.py:183} INFO - Processing /home/airflow/.local/lib/python3.12/site-packages/airflow/example_dags/example_branch_labels.py took 0.336 seconds
[2024-07-08T15:28:09.169+0000] {processor.py:161} INFO - Started process (PID=2012) to work on /home/airflow/.local/lib/python3.12/site-packages/airflow/example_dags/example_branch_labels.py
[2024-07-08T15:28:09.171+0000] {processor.py:830} INFO - Processing file /home/airflow/.local/lib/python3.12/site-packages/airflow/example_dags/example_branch_labels.py for tasks to queue
[2024-07-08T15:28:09.173+0000] {logging_mixin.py:188} INFO - [2024-07-08T15:28:09.172+0000] {dagbag.py:545} INFO - Filling up the DagBag from /home/airflow/.local/lib/python3.12/site-packages/airflow/example_dags/example_branch_labels.py
[2024-07-08T15:28:09.189+0000] {processor.py:840} INFO - DAG(s) 'example_branch_labels' retrieved from /home/airflow/.local/lib/python3.12/site-packages/airflow/example_dags/example_branch_labels.py
[2024-07-08T15:28:09.229+0000] {logging_mixin.py:188} INFO - [2024-07-08T15:28:09.229+0000] {dag.py:3096} INFO - Sync 1 DAGs
[2024-07-08T15:28:09.268+0000] {logging_mixin.py:188} INFO - [2024-07-08T15:28:09.268+0000] {dag.py:3954} INFO - Setting next_dagrun for example_branch_labels to 2024-07-07 00:00:00+00:00, run_after=2024-07-08 00:00:00+00:00
[2024-07-08T15:28:09.316+0000] {processor.py:183} INFO - Processing /home/airflow/.local/lib/python3.12/site-packages/airflow/example_dags/example_branch_labels.py took 0.156 seconds
[2024-07-08T15:31:07.178+0000] {processor.py:161} INFO - Started process (PID=2072) to work on /home/airflow/.local/lib/python3.12/site-packages/airflow/example_dags/example_branch_labels.py
[2024-07-08T15:31:07.180+0000] {processor.py:830} INFO - Processing file /home/airflow/.local/lib/python3.12/site-packages/airflow/example_dags/example_branch_labels.py for tasks to queue
[2024-07-08T15:31:07.181+0000] {logging_mixin.py:188} INFO - [2024-07-08T15:31:07.181+0000] {dagbag.py:545} INFO - Filling up the DagBag from /home/airflow/.local/lib/python3.12/site-packages/airflow/example_dags/example_branch_labels.py
[2024-07-08T15:31:07.196+0000] {processor.py:840} INFO - DAG(s) 'example_branch_labels' retrieved from /home/airflow/.local/lib/python3.12/site-packages/airflow/example_dags/example_branch_labels.py
[2024-07-08T15:31:07.225+0000] {logging_mixin.py:188} INFO - [2024-07-08T15:31:07.224+0000] {dag.py:3096} INFO - Sync 1 DAGs
[2024-07-08T15:31:07.263+0000] {logging_mixin.py:188} INFO - [2024-07-08T15:31:07.263+0000] {dag.py:3954} INFO - Setting next_dagrun for example_branch_labels to 2024-07-07 00:00:00+00:00, run_after=2024-07-08 00:00:00+00:00
[2024-07-08T15:31:07.297+0000] {processor.py:183} INFO - Processing /home/airflow/.local/lib/python3.12/site-packages/airflow/example_dags/example_branch_labels.py took 0.128 seconds
[2024-07-08T15:31:38.214+0000] {processor.py:161} INFO - Started process (PID=2130) to work on /home/airflow/.local/lib/python3.12/site-packages/airflow/example_dags/example_branch_labels.py
[2024-07-08T15:31:38.219+0000] {processor.py:830} INFO - Processing file /home/airflow/.local/lib/python3.12/site-packages/airflow/example_dags/example_branch_labels.py for tasks to queue
[2024-07-08T15:31:38.221+0000] {logging_mixin.py:188} INFO - [2024-07-08T15:31:38.220+0000] {dagbag.py:545} INFO - Filling up the DagBag from /home/airflow/.local/lib/python3.12/site-packages/airflow/example_dags/example_branch_labels.py
[2024-07-08T15:31:38.235+0000] {processor.py:840} INFO - DAG(s) 'example_branch_labels' retrieved from /home/airflow/.local/lib/python3.12/site-packages/airflow/example_dags/example_branch_labels.py
[2024-07-08T15:31:38.273+0000] {logging_mixin.py:188} INFO - [2024-07-08T15:31:38.273+0000] {dag.py:3096} INFO - Sync 1 DAGs
[2024-07-08T15:31:38.311+0000] {logging_mixin.py:188} INFO - [2024-07-08T15:31:38.311+0000] {dag.py:3954} INFO - Setting next_dagrun for example_branch_labels to 2024-07-07 00:00:00+00:00, run_after=2024-07-08 00:00:00+00:00
[2024-07-08T15:31:38.342+0000] {processor.py:183} INFO - Processing /home/airflow/.local/lib/python3.12/site-packages/airflow/example_dags/example_branch_labels.py took 0.137 seconds
[2024-07-08T15:32:08.594+0000] {processor.py:161} INFO - Started process (PID=2189) to work on /home/airflow/.local/lib/python3.12/site-packages/airflow/example_dags/example_branch_labels.py
[2024-07-08T15:32:08.605+0000] {processor.py:830} INFO - Processing file /home/airflow/.local/lib/python3.12/site-packages/airflow/example_dags/example_branch_labels.py for tasks to queue
[2024-07-08T15:32:08.607+0000] {logging_mixin.py:188} INFO - [2024-07-08T15:32:08.606+0000] {dagbag.py:545} INFO - Filling up the DagBag from /home/airflow/.local/lib/python3.12/site-packages/airflow/example_dags/example_branch_labels.py
[2024-07-08T15:32:08.622+0000] {processor.py:840} INFO - DAG(s) 'example_branch_labels' retrieved from /home/airflow/.local/lib/python3.12/site-packages/airflow/example_dags/example_branch_labels.py
[2024-07-08T15:32:08.653+0000] {logging_mixin.py:188} INFO - [2024-07-08T15:32:08.652+0000] {dag.py:3096} INFO - Sync 1 DAGs
[2024-07-08T15:32:08.682+0000] {logging_mixin.py:188} INFO - [2024-07-08T15:32:08.682+0000] {dag.py:3954} INFO - Setting next_dagrun for example_branch_labels to 2024-07-07 00:00:00+00:00, run_after=2024-07-08 00:00:00+00:00
[2024-07-08T15:32:08.711+0000] {processor.py:183} INFO - Processing /home/airflow/.local/lib/python3.12/site-packages/airflow/example_dags/example_branch_labels.py took 0.131 seconds
[2024-07-08T15:33:49.985+0000] {processor.py:161} INFO - Started process (PID=2248) to work on /home/airflow/.local/lib/python3.12/site-packages/airflow/example_dags/example_branch_labels.py
[2024-07-08T15:33:49.993+0000] {processor.py:830} INFO - Processing file /home/airflow/.local/lib/python3.12/site-packages/airflow/example_dags/example_branch_labels.py for tasks to queue
[2024-07-08T15:33:49.996+0000] {logging_mixin.py:188} INFO - [2024-07-08T15:33:49.995+0000] {dagbag.py:545} INFO - Filling up the DagBag from /home/airflow/.local/lib/python3.12/site-packages/airflow/example_dags/example_branch_labels.py
[2024-07-08T15:33:50.019+0000] {processor.py:840} INFO - DAG(s) 'example_branch_labels' retrieved from /home/airflow/.local/lib/python3.12/site-packages/airflow/example_dags/example_branch_labels.py
[2024-07-08T15:33:50.134+0000] {logging_mixin.py:188} INFO - [2024-07-08T15:33:50.133+0000] {dag.py:3096} INFO - Sync 1 DAGs
[2024-07-08T15:33:50.311+0000] {logging_mixin.py:188} INFO - [2024-07-08T15:33:50.311+0000] {dag.py:3954} INFO - Setting next_dagrun for example_branch_labels to 2024-07-07 00:00:00+00:00, run_after=2024-07-08 00:00:00+00:00
[2024-07-08T15:33:50.443+0000] {processor.py:183} INFO - Processing /home/airflow/.local/lib/python3.12/site-packages/airflow/example_dags/example_branch_labels.py took 0.478 seconds
[2024-07-08T15:40:10.749+0000] {processor.py:161} INFO - Started process (PID=2368) to work on /home/airflow/.local/lib/python3.12/site-packages/airflow/example_dags/example_branch_labels.py
[2024-07-08T15:40:10.761+0000] {processor.py:830} INFO - Processing file /home/airflow/.local/lib/python3.12/site-packages/airflow/example_dags/example_branch_labels.py for tasks to queue
[2024-07-08T15:40:10.763+0000] {logging_mixin.py:188} INFO - [2024-07-08T15:40:10.762+0000] {dagbag.py:545} INFO - Filling up the DagBag from /home/airflow/.local/lib/python3.12/site-packages/airflow/example_dags/example_branch_labels.py
[2024-07-08T15:40:10.799+0000] {processor.py:840} INFO - DAG(s) 'example_branch_labels' retrieved from /home/airflow/.local/lib/python3.12/site-packages/airflow/example_dags/example_branch_labels.py
[2024-07-08T15:40:10.897+0000] {logging_mixin.py:188} INFO - [2024-07-08T15:40:10.894+0000] {dag.py:3096} INFO - Sync 1 DAGs
[2024-07-08T15:40:11.046+0000] {logging_mixin.py:188} INFO - [2024-07-08T15:40:11.046+0000] {dag.py:3954} INFO - Setting next_dagrun for example_branch_labels to 2024-07-07 00:00:00+00:00, run_after=2024-07-08 00:00:00+00:00
[2024-07-08T15:40:11.135+0000] {processor.py:183} INFO - Processing /home/airflow/.local/lib/python3.12/site-packages/airflow/example_dags/example_branch_labels.py took 0.396 seconds
[2024-07-08T15:41:27.436+0000] {processor.py:161} INFO - Started process (PID=2396) to work on /home/airflow/.local/lib/python3.12/site-packages/airflow/example_dags/example_branch_labels.py
[2024-07-08T15:41:27.439+0000] {processor.py:830} INFO - Processing file /home/airflow/.local/lib/python3.12/site-packages/airflow/example_dags/example_branch_labels.py for tasks to queue
[2024-07-08T15:41:27.442+0000] {logging_mixin.py:188} INFO - [2024-07-08T15:41:27.440+0000] {dagbag.py:545} INFO - Filling up the DagBag from /home/airflow/.local/lib/python3.12/site-packages/airflow/example_dags/example_branch_labels.py
[2024-07-08T15:41:27.472+0000] {processor.py:840} INFO - DAG(s) 'example_branch_labels' retrieved from /home/airflow/.local/lib/python3.12/site-packages/airflow/example_dags/example_branch_labels.py
[2024-07-08T15:41:27.872+0000] {logging_mixin.py:188} INFO - [2024-07-08T15:41:27.846+0000] {dag.py:3096} INFO - Sync 1 DAGs
[2024-07-08T15:41:28.101+0000] {logging_mixin.py:188} INFO - [2024-07-08T15:41:28.076+0000] {dag.py:3954} INFO - Setting next_dagrun for example_branch_labels to 2024-07-07 00:00:00+00:00, run_after=2024-07-08 00:00:00+00:00
[2024-07-08T15:41:28.528+0000] {processor.py:183} INFO - Processing /home/airflow/.local/lib/python3.12/site-packages/airflow/example_dags/example_branch_labels.py took 1.108 seconds
[2024-07-08T15:42:25.632+0000] {processor.py:161} INFO - Started process (PID=2455) to work on /home/airflow/.local/lib/python3.12/site-packages/airflow/example_dags/example_branch_labels.py
[2024-07-08T15:42:25.633+0000] {processor.py:830} INFO - Processing file /home/airflow/.local/lib/python3.12/site-packages/airflow/example_dags/example_branch_labels.py for tasks to queue
[2024-07-08T15:42:25.635+0000] {logging_mixin.py:188} INFO - [2024-07-08T15:42:25.634+0000] {dagbag.py:545} INFO - Filling up the DagBag from /home/airflow/.local/lib/python3.12/site-packages/airflow/example_dags/example_branch_labels.py
[2024-07-08T15:42:25.648+0000] {processor.py:840} INFO - DAG(s) 'example_branch_labels' retrieved from /home/airflow/.local/lib/python3.12/site-packages/airflow/example_dags/example_branch_labels.py
[2024-07-08T15:42:25.688+0000] {logging_mixin.py:188} INFO - [2024-07-08T15:42:25.687+0000] {dag.py:3096} INFO - Sync 1 DAGs
[2024-07-08T15:42:25.722+0000] {logging_mixin.py:188} INFO - [2024-07-08T15:42:25.721+0000] {dag.py:3954} INFO - Setting next_dagrun for example_branch_labels to 2024-07-07 00:00:00+00:00, run_after=2024-07-08 00:00:00+00:00
[2024-07-08T15:42:25.756+0000] {processor.py:183} INFO - Processing /home/airflow/.local/lib/python3.12/site-packages/airflow/example_dags/example_branch_labels.py took 0.134 seconds
[2024-07-08T15:42:55.859+0000] {processor.py:161} INFO - Started process (PID=2516) to work on /home/airflow/.local/lib/python3.12/site-packages/airflow/example_dags/example_branch_labels.py
[2024-07-08T15:42:55.860+0000] {processor.py:830} INFO - Processing file /home/airflow/.local/lib/python3.12/site-packages/airflow/example_dags/example_branch_labels.py for tasks to queue
[2024-07-08T15:42:55.862+0000] {logging_mixin.py:188} INFO - [2024-07-08T15:42:55.861+0000] {dagbag.py:545} INFO - Filling up the DagBag from /home/airflow/.local/lib/python3.12/site-packages/airflow/example_dags/example_branch_labels.py
[2024-07-08T15:42:55.870+0000] {processor.py:840} INFO - DAG(s) 'example_branch_labels' retrieved from /home/airflow/.local/lib/python3.12/site-packages/airflow/example_dags/example_branch_labels.py
[2024-07-08T15:42:55.895+0000] {logging_mixin.py:188} INFO - [2024-07-08T15:42:55.894+0000] {dag.py:3096} INFO - Sync 1 DAGs
[2024-07-08T15:42:55.917+0000] {logging_mixin.py:188} INFO - [2024-07-08T15:42:55.917+0000] {dag.py:3954} INFO - Setting next_dagrun for example_branch_labels to 2024-07-07 00:00:00+00:00, run_after=2024-07-08 00:00:00+00:00
[2024-07-08T15:42:55.940+0000] {processor.py:183} INFO - Processing /home/airflow/.local/lib/python3.12/site-packages/airflow/example_dags/example_branch_labels.py took 0.089 seconds
[2024-07-08T15:43:26.759+0000] {processor.py:161} INFO - Started process (PID=2576) to work on /home/airflow/.local/lib/python3.12/site-packages/airflow/example_dags/example_branch_labels.py
[2024-07-08T15:43:26.760+0000] {processor.py:830} INFO - Processing file /home/airflow/.local/lib/python3.12/site-packages/airflow/example_dags/example_branch_labels.py for tasks to queue
[2024-07-08T15:43:26.762+0000] {logging_mixin.py:188} INFO - [2024-07-08T15:43:26.761+0000] {dagbag.py:545} INFO - Filling up the DagBag from /home/airflow/.local/lib/python3.12/site-packages/airflow/example_dags/example_branch_labels.py
[2024-07-08T15:43:26.777+0000] {processor.py:840} INFO - DAG(s) 'example_branch_labels' retrieved from /home/airflow/.local/lib/python3.12/site-packages/airflow/example_dags/example_branch_labels.py
[2024-07-08T15:43:26.814+0000] {logging_mixin.py:188} INFO - [2024-07-08T15:43:26.814+0000] {dag.py:3096} INFO - Sync 1 DAGs
[2024-07-08T15:43:26.850+0000] {logging_mixin.py:188} INFO - [2024-07-08T15:43:26.850+0000] {dag.py:3954} INFO - Setting next_dagrun for example_branch_labels to 2024-07-07 00:00:00+00:00, run_after=2024-07-08 00:00:00+00:00
[2024-07-08T15:43:26.887+0000] {processor.py:183} INFO - Processing /home/airflow/.local/lib/python3.12/site-packages/airflow/example_dags/example_branch_labels.py took 0.140 seconds
