[2024-07-08T15:07:47.896+0000] {processor.py:161} INFO - Started process (PID=62) to work on /home/airflow/.local/lib/python3.12/site-packages/airflow/example_dags/example_complex.py
[2024-07-08T15:07:47.912+0000] {processor.py:830} INFO - Processing file /home/airflow/.local/lib/python3.12/site-packages/airflow/example_dags/example_complex.py for tasks to queue
[2024-07-08T15:07:47.921+0000] {logging_mixin.py:188} INFO - [2024-07-08T15:07:47.920+0000] {dagbag.py:545} INFO - Filling up the DagBag from /home/airflow/.local/lib/python3.12/site-packages/airflow/example_dags/example_complex.py
[2024-07-08T15:07:48.053+0000] {processor.py:840} INFO - DAG(s) 'example_complex' retrieved from /home/airflow/.local/lib/python3.12/site-packages/airflow/example_dags/example_complex.py
[2024-07-08T15:07:48.789+0000] {logging_mixin.py:188} INFO - [2024-07-08T15:07:48.789+0000] {dag.py:3096} INFO - Sync 1 DAGs
[2024-07-08T15:07:48.849+0000] {logging_mixin.py:188} INFO - [2024-07-08T15:07:48.849+0000] {dag.py:3954} INFO - Setting next_dagrun for example_complex to None, run_after=None
[2024-07-08T15:07:49.115+0000] {processor.py:183} INFO - Processing /home/airflow/.local/lib/python3.12/site-packages/airflow/example_dags/example_complex.py took 1.281 seconds
[2024-07-08T15:08:19.199+0000] {processor.py:161} INFO - Started process (PID=119) to work on /home/airflow/.local/lib/python3.12/site-packages/airflow/example_dags/example_complex.py
[2024-07-08T15:08:19.200+0000] {processor.py:830} INFO - Processing file /home/airflow/.local/lib/python3.12/site-packages/airflow/example_dags/example_complex.py for tasks to queue
[2024-07-08T15:08:19.203+0000] {logging_mixin.py:188} INFO - [2024-07-08T15:08:19.203+0000] {dagbag.py:545} INFO - Filling up the DagBag from /home/airflow/.local/lib/python3.12/site-packages/airflow/example_dags/example_complex.py
[2024-07-08T15:08:19.217+0000] {processor.py:840} INFO - DAG(s) 'example_complex' retrieved from /home/airflow/.local/lib/python3.12/site-packages/airflow/example_dags/example_complex.py
[2024-07-08T15:08:19.254+0000] {logging_mixin.py:188} INFO - [2024-07-08T15:08:19.254+0000] {dag.py:3096} INFO - Sync 1 DAGs
[2024-07-08T15:08:19.270+0000] {logging_mixin.py:188} INFO - [2024-07-08T15:08:19.270+0000] {dag.py:3954} INFO - Setting next_dagrun for example_complex to None, run_after=None
[2024-07-08T15:08:19.303+0000] {processor.py:183} INFO - Processing /home/airflow/.local/lib/python3.12/site-packages/airflow/example_dags/example_complex.py took 0.112 seconds
[2024-07-08T15:08:49.476+0000] {processor.py:161} INFO - Started process (PID=177) to work on /home/airflow/.local/lib/python3.12/site-packages/airflow/example_dags/example_complex.py
[2024-07-08T15:08:49.478+0000] {processor.py:830} INFO - Processing file /home/airflow/.local/lib/python3.12/site-packages/airflow/example_dags/example_complex.py for tasks to queue
[2024-07-08T15:08:49.480+0000] {logging_mixin.py:188} INFO - [2024-07-08T15:08:49.480+0000] {dagbag.py:545} INFO - Filling up the DagBag from /home/airflow/.local/lib/python3.12/site-packages/airflow/example_dags/example_complex.py
[2024-07-08T15:08:49.497+0000] {processor.py:840} INFO - DAG(s) 'example_complex' retrieved from /home/airflow/.local/lib/python3.12/site-packages/airflow/example_dags/example_complex.py
[2024-07-08T15:08:49.542+0000] {logging_mixin.py:188} INFO - [2024-07-08T15:08:49.542+0000] {dag.py:3096} INFO - Sync 1 DAGs
[2024-07-08T15:08:49.558+0000] {logging_mixin.py:188} INFO - [2024-07-08T15:08:49.558+0000] {dag.py:3954} INFO - Setting next_dagrun for example_complex to None, run_after=None
[2024-07-08T15:08:49.589+0000] {processor.py:183} INFO - Processing /home/airflow/.local/lib/python3.12/site-packages/airflow/example_dags/example_complex.py took 0.121 seconds
[2024-07-08T15:09:19.731+0000] {processor.py:161} INFO - Started process (PID=235) to work on /home/airflow/.local/lib/python3.12/site-packages/airflow/example_dags/example_complex.py
[2024-07-08T15:09:19.734+0000] {processor.py:830} INFO - Processing file /home/airflow/.local/lib/python3.12/site-packages/airflow/example_dags/example_complex.py for tasks to queue
[2024-07-08T15:09:19.737+0000] {logging_mixin.py:188} INFO - [2024-07-08T15:09:19.736+0000] {dagbag.py:545} INFO - Filling up the DagBag from /home/airflow/.local/lib/python3.12/site-packages/airflow/example_dags/example_complex.py
[2024-07-08T15:09:19.751+0000] {processor.py:840} INFO - DAG(s) 'example_complex' retrieved from /home/airflow/.local/lib/python3.12/site-packages/airflow/example_dags/example_complex.py
[2024-07-08T15:09:19.809+0000] {logging_mixin.py:188} INFO - [2024-07-08T15:09:19.809+0000] {dag.py:3096} INFO - Sync 1 DAGs
[2024-07-08T15:09:19.834+0000] {logging_mixin.py:188} INFO - [2024-07-08T15:09:19.834+0000] {dag.py:3954} INFO - Setting next_dagrun for example_complex to None, run_after=None
[2024-07-08T15:09:19.895+0000] {processor.py:183} INFO - Processing /home/airflow/.local/lib/python3.12/site-packages/airflow/example_dags/example_complex.py took 0.173 seconds
[2024-07-08T15:09:50.495+0000] {processor.py:161} INFO - Started process (PID=293) to work on /home/airflow/.local/lib/python3.12/site-packages/airflow/example_dags/example_complex.py
[2024-07-08T15:09:50.496+0000] {processor.py:830} INFO - Processing file /home/airflow/.local/lib/python3.12/site-packages/airflow/example_dags/example_complex.py for tasks to queue
[2024-07-08T15:09:50.500+0000] {logging_mixin.py:188} INFO - [2024-07-08T15:09:50.499+0000] {dagbag.py:545} INFO - Filling up the DagBag from /home/airflow/.local/lib/python3.12/site-packages/airflow/example_dags/example_complex.py
[2024-07-08T15:09:50.526+0000] {processor.py:840} INFO - DAG(s) 'example_complex' retrieved from /home/airflow/.local/lib/python3.12/site-packages/airflow/example_dags/example_complex.py
[2024-07-08T15:09:50.576+0000] {logging_mixin.py:188} INFO - [2024-07-08T15:09:50.576+0000] {dag.py:3096} INFO - Sync 1 DAGs
[2024-07-08T15:09:50.593+0000] {logging_mixin.py:188} INFO - [2024-07-08T15:09:50.592+0000] {dag.py:3954} INFO - Setting next_dagrun for example_complex to None, run_after=None
[2024-07-08T15:09:50.626+0000] {processor.py:183} INFO - Processing /home/airflow/.local/lib/python3.12/site-packages/airflow/example_dags/example_complex.py took 0.142 seconds
[2024-07-08T15:10:20.810+0000] {processor.py:161} INFO - Started process (PID=350) to work on /home/airflow/.local/lib/python3.12/site-packages/airflow/example_dags/example_complex.py
[2024-07-08T15:10:20.812+0000] {processor.py:830} INFO - Processing file /home/airflow/.local/lib/python3.12/site-packages/airflow/example_dags/example_complex.py for tasks to queue
[2024-07-08T15:10:20.819+0000] {logging_mixin.py:188} INFO - [2024-07-08T15:10:20.818+0000] {dagbag.py:545} INFO - Filling up the DagBag from /home/airflow/.local/lib/python3.12/site-packages/airflow/example_dags/example_complex.py
[2024-07-08T15:10:20.846+0000] {processor.py:840} INFO - DAG(s) 'example_complex' retrieved from /home/airflow/.local/lib/python3.12/site-packages/airflow/example_dags/example_complex.py
[2024-07-08T15:10:20.934+0000] {logging_mixin.py:188} INFO - [2024-07-08T15:10:20.933+0000] {dag.py:3096} INFO - Sync 1 DAGs
[2024-07-08T15:10:20.954+0000] {logging_mixin.py:188} INFO - [2024-07-08T15:10:20.954+0000] {dag.py:3954} INFO - Setting next_dagrun for example_complex to None, run_after=None
[2024-07-08T15:10:20.986+0000] {processor.py:183} INFO - Processing /home/airflow/.local/lib/python3.12/site-packages/airflow/example_dags/example_complex.py took 0.200 seconds
[2024-07-08T15:10:51.062+0000] {processor.py:161} INFO - Started process (PID=408) to work on /home/airflow/.local/lib/python3.12/site-packages/airflow/example_dags/example_complex.py
[2024-07-08T15:10:51.063+0000] {processor.py:830} INFO - Processing file /home/airflow/.local/lib/python3.12/site-packages/airflow/example_dags/example_complex.py for tasks to queue
[2024-07-08T15:10:51.066+0000] {logging_mixin.py:188} INFO - [2024-07-08T15:10:51.065+0000] {dagbag.py:545} INFO - Filling up the DagBag from /home/airflow/.local/lib/python3.12/site-packages/airflow/example_dags/example_complex.py
[2024-07-08T15:10:51.078+0000] {processor.py:840} INFO - DAG(s) 'example_complex' retrieved from /home/airflow/.local/lib/python3.12/site-packages/airflow/example_dags/example_complex.py
[2024-07-08T15:10:51.123+0000] {logging_mixin.py:188} INFO - [2024-07-08T15:10:51.122+0000] {dag.py:3096} INFO - Sync 1 DAGs
[2024-07-08T15:10:51.142+0000] {logging_mixin.py:188} INFO - [2024-07-08T15:10:51.141+0000] {dag.py:3954} INFO - Setting next_dagrun for example_complex to None, run_after=None
[2024-07-08T15:10:51.174+0000] {processor.py:183} INFO - Processing /home/airflow/.local/lib/python3.12/site-packages/airflow/example_dags/example_complex.py took 0.119 seconds
[2024-07-08T15:11:21.299+0000] {processor.py:161} INFO - Started process (PID=466) to work on /home/airflow/.local/lib/python3.12/site-packages/airflow/example_dags/example_complex.py
[2024-07-08T15:11:21.300+0000] {processor.py:830} INFO - Processing file /home/airflow/.local/lib/python3.12/site-packages/airflow/example_dags/example_complex.py for tasks to queue
[2024-07-08T15:11:21.303+0000] {logging_mixin.py:188} INFO - [2024-07-08T15:11:21.303+0000] {dagbag.py:545} INFO - Filling up the DagBag from /home/airflow/.local/lib/python3.12/site-packages/airflow/example_dags/example_complex.py
[2024-07-08T15:11:21.320+0000] {processor.py:840} INFO - DAG(s) 'example_complex' retrieved from /home/airflow/.local/lib/python3.12/site-packages/airflow/example_dags/example_complex.py
[2024-07-08T15:11:21.371+0000] {logging_mixin.py:188} INFO - [2024-07-08T15:11:21.370+0000] {dag.py:3096} INFO - Sync 1 DAGs
[2024-07-08T15:11:21.393+0000] {logging_mixin.py:188} INFO - [2024-07-08T15:11:21.393+0000] {dag.py:3954} INFO - Setting next_dagrun for example_complex to None, run_after=None
[2024-07-08T15:11:21.418+0000] {processor.py:183} INFO - Processing /home/airflow/.local/lib/python3.12/site-packages/airflow/example_dags/example_complex.py took 0.126 seconds
[2024-07-08T15:11:51.621+0000] {processor.py:161} INFO - Started process (PID=523) to work on /home/airflow/.local/lib/python3.12/site-packages/airflow/example_dags/example_complex.py
[2024-07-08T15:11:51.622+0000] {processor.py:830} INFO - Processing file /home/airflow/.local/lib/python3.12/site-packages/airflow/example_dags/example_complex.py for tasks to queue
[2024-07-08T15:11:51.624+0000] {logging_mixin.py:188} INFO - [2024-07-08T15:11:51.624+0000] {dagbag.py:545} INFO - Filling up the DagBag from /home/airflow/.local/lib/python3.12/site-packages/airflow/example_dags/example_complex.py
[2024-07-08T15:11:51.639+0000] {processor.py:840} INFO - DAG(s) 'example_complex' retrieved from /home/airflow/.local/lib/python3.12/site-packages/airflow/example_dags/example_complex.py
[2024-07-08T15:11:51.690+0000] {logging_mixin.py:188} INFO - [2024-07-08T15:11:51.690+0000] {dag.py:3096} INFO - Sync 1 DAGs
[2024-07-08T15:11:51.722+0000] {logging_mixin.py:188} INFO - [2024-07-08T15:11:51.722+0000] {dag.py:3954} INFO - Setting next_dagrun for example_complex to None, run_after=None
[2024-07-08T15:11:51.752+0000] {processor.py:183} INFO - Processing /home/airflow/.local/lib/python3.12/site-packages/airflow/example_dags/example_complex.py took 0.140 seconds
[2024-07-08T15:12:22.510+0000] {processor.py:161} INFO - Started process (PID=581) to work on /home/airflow/.local/lib/python3.12/site-packages/airflow/example_dags/example_complex.py
[2024-07-08T15:12:22.513+0000] {processor.py:830} INFO - Processing file /home/airflow/.local/lib/python3.12/site-packages/airflow/example_dags/example_complex.py for tasks to queue
[2024-07-08T15:12:22.516+0000] {logging_mixin.py:188} INFO - [2024-07-08T15:12:22.516+0000] {dagbag.py:545} INFO - Filling up the DagBag from /home/airflow/.local/lib/python3.12/site-packages/airflow/example_dags/example_complex.py
[2024-07-08T15:12:22.531+0000] {processor.py:840} INFO - DAG(s) 'example_complex' retrieved from /home/airflow/.local/lib/python3.12/site-packages/airflow/example_dags/example_complex.py
[2024-07-08T15:12:22.569+0000] {logging_mixin.py:188} INFO - [2024-07-08T15:12:22.568+0000] {dag.py:3096} INFO - Sync 1 DAGs
[2024-07-08T15:12:22.586+0000] {logging_mixin.py:188} INFO - [2024-07-08T15:12:22.586+0000] {dag.py:3954} INFO - Setting next_dagrun for example_complex to None, run_after=None
[2024-07-08T15:12:22.620+0000] {processor.py:183} INFO - Processing /home/airflow/.local/lib/python3.12/site-packages/airflow/example_dags/example_complex.py took 0.120 seconds
[2024-07-08T15:12:52.956+0000] {processor.py:161} INFO - Started process (PID=640) to work on /home/airflow/.local/lib/python3.12/site-packages/airflow/example_dags/example_complex.py
[2024-07-08T15:12:52.958+0000] {processor.py:830} INFO - Processing file /home/airflow/.local/lib/python3.12/site-packages/airflow/example_dags/example_complex.py for tasks to queue
[2024-07-08T15:12:52.962+0000] {logging_mixin.py:188} INFO - [2024-07-08T15:12:52.961+0000] {dagbag.py:545} INFO - Filling up the DagBag from /home/airflow/.local/lib/python3.12/site-packages/airflow/example_dags/example_complex.py
[2024-07-08T15:12:52.994+0000] {processor.py:840} INFO - DAG(s) 'example_complex' retrieved from /home/airflow/.local/lib/python3.12/site-packages/airflow/example_dags/example_complex.py
[2024-07-08T15:12:53.064+0000] {logging_mixin.py:188} INFO - [2024-07-08T15:12:53.064+0000] {dag.py:3096} INFO - Sync 1 DAGs
[2024-07-08T15:12:53.083+0000] {logging_mixin.py:188} INFO - [2024-07-08T15:12:53.083+0000] {dag.py:3954} INFO - Setting next_dagrun for example_complex to None, run_after=None
[2024-07-08T15:12:53.127+0000] {processor.py:183} INFO - Processing /home/airflow/.local/lib/python3.12/site-packages/airflow/example_dags/example_complex.py took 0.193 seconds
[2024-07-08T15:13:23.577+0000] {processor.py:161} INFO - Started process (PID=698) to work on /home/airflow/.local/lib/python3.12/site-packages/airflow/example_dags/example_complex.py
[2024-07-08T15:13:23.579+0000] {processor.py:830} INFO - Processing file /home/airflow/.local/lib/python3.12/site-packages/airflow/example_dags/example_complex.py for tasks to queue
[2024-07-08T15:13:23.582+0000] {logging_mixin.py:188} INFO - [2024-07-08T15:13:23.581+0000] {dagbag.py:545} INFO - Filling up the DagBag from /home/airflow/.local/lib/python3.12/site-packages/airflow/example_dags/example_complex.py
[2024-07-08T15:13:23.607+0000] {processor.py:840} INFO - DAG(s) 'example_complex' retrieved from /home/airflow/.local/lib/python3.12/site-packages/airflow/example_dags/example_complex.py
[2024-07-08T15:13:23.658+0000] {logging_mixin.py:188} INFO - [2024-07-08T15:13:23.657+0000] {dag.py:3096} INFO - Sync 1 DAGs
[2024-07-08T15:13:23.675+0000] {logging_mixin.py:188} INFO - [2024-07-08T15:13:23.675+0000] {dag.py:3954} INFO - Setting next_dagrun for example_complex to None, run_after=None
[2024-07-08T15:13:23.714+0000] {processor.py:183} INFO - Processing /home/airflow/.local/lib/python3.12/site-packages/airflow/example_dags/example_complex.py took 0.143 seconds
[2024-07-08T15:16:12.782+0000] {processor.py:161} INFO - Started process (PID=764) to work on /home/airflow/.local/lib/python3.12/site-packages/airflow/example_dags/example_complex.py
[2024-07-08T15:16:12.783+0000] {processor.py:830} INFO - Processing file /home/airflow/.local/lib/python3.12/site-packages/airflow/example_dags/example_complex.py for tasks to queue
[2024-07-08T15:16:12.785+0000] {logging_mixin.py:188} INFO - [2024-07-08T15:16:12.784+0000] {dagbag.py:545} INFO - Filling up the DagBag from /home/airflow/.local/lib/python3.12/site-packages/airflow/example_dags/example_complex.py
[2024-07-08T15:16:12.802+0000] {processor.py:840} INFO - DAG(s) 'example_complex' retrieved from /home/airflow/.local/lib/python3.12/site-packages/airflow/example_dags/example_complex.py
[2024-07-08T15:16:12.858+0000] {logging_mixin.py:188} INFO - [2024-07-08T15:16:12.858+0000] {dag.py:3096} INFO - Sync 1 DAGs
[2024-07-08T15:16:12.880+0000] {logging_mixin.py:188} INFO - [2024-07-08T15:16:12.880+0000] {dag.py:3954} INFO - Setting next_dagrun for example_complex to None, run_after=None
[2024-07-08T15:16:12.911+0000] {processor.py:183} INFO - Processing /home/airflow/.local/lib/python3.12/site-packages/airflow/example_dags/example_complex.py took 0.140 seconds
[2024-07-08T15:16:43.731+0000] {processor.py:161} INFO - Started process (PID=822) to work on /home/airflow/.local/lib/python3.12/site-packages/airflow/example_dags/example_complex.py
[2024-07-08T15:16:43.733+0000] {processor.py:830} INFO - Processing file /home/airflow/.local/lib/python3.12/site-packages/airflow/example_dags/example_complex.py for tasks to queue
[2024-07-08T15:16:43.735+0000] {logging_mixin.py:188} INFO - [2024-07-08T15:16:43.734+0000] {dagbag.py:545} INFO - Filling up the DagBag from /home/airflow/.local/lib/python3.12/site-packages/airflow/example_dags/example_complex.py
[2024-07-08T15:16:43.755+0000] {processor.py:840} INFO - DAG(s) 'example_complex' retrieved from /home/airflow/.local/lib/python3.12/site-packages/airflow/example_dags/example_complex.py
[2024-07-08T15:16:43.831+0000] {logging_mixin.py:188} INFO - [2024-07-08T15:16:43.828+0000] {dag.py:3096} INFO - Sync 1 DAGs
[2024-07-08T15:16:43.885+0000] {logging_mixin.py:188} INFO - [2024-07-08T15:16:43.885+0000] {dag.py:3954} INFO - Setting next_dagrun for example_complex to None, run_after=None
[2024-07-08T15:16:44.011+0000] {processor.py:183} INFO - Processing /home/airflow/.local/lib/python3.12/site-packages/airflow/example_dags/example_complex.py took 0.289 seconds
[2024-07-08T15:17:14.127+0000] {processor.py:161} INFO - Started process (PID=880) to work on /home/airflow/.local/lib/python3.12/site-packages/airflow/example_dags/example_complex.py
[2024-07-08T15:17:14.128+0000] {processor.py:830} INFO - Processing file /home/airflow/.local/lib/python3.12/site-packages/airflow/example_dags/example_complex.py for tasks to queue
[2024-07-08T15:17:14.130+0000] {logging_mixin.py:188} INFO - [2024-07-08T15:17:14.129+0000] {dagbag.py:545} INFO - Filling up the DagBag from /home/airflow/.local/lib/python3.12/site-packages/airflow/example_dags/example_complex.py
[2024-07-08T15:17:14.142+0000] {processor.py:840} INFO - DAG(s) 'example_complex' retrieved from /home/airflow/.local/lib/python3.12/site-packages/airflow/example_dags/example_complex.py
[2024-07-08T15:17:14.192+0000] {logging_mixin.py:188} INFO - [2024-07-08T15:17:14.191+0000] {dag.py:3096} INFO - Sync 1 DAGs
[2024-07-08T15:17:14.213+0000] {logging_mixin.py:188} INFO - [2024-07-08T15:17:14.212+0000] {dag.py:3954} INFO - Setting next_dagrun for example_complex to None, run_after=None
[2024-07-08T15:17:14.246+0000] {processor.py:183} INFO - Processing /home/airflow/.local/lib/python3.12/site-packages/airflow/example_dags/example_complex.py took 0.128 seconds
[2024-07-08T15:19:01.151+0000] {processor.py:161} INFO - Started process (PID=938) to work on /home/airflow/.local/lib/python3.12/site-packages/airflow/example_dags/example_complex.py
[2024-07-08T15:19:01.153+0000] {processor.py:830} INFO - Processing file /home/airflow/.local/lib/python3.12/site-packages/airflow/example_dags/example_complex.py for tasks to queue
[2024-07-08T15:19:01.156+0000] {logging_mixin.py:188} INFO - [2024-07-08T15:19:01.155+0000] {dagbag.py:545} INFO - Filling up the DagBag from /home/airflow/.local/lib/python3.12/site-packages/airflow/example_dags/example_complex.py
[2024-07-08T15:19:01.186+0000] {processor.py:840} INFO - DAG(s) 'example_complex' retrieved from /home/airflow/.local/lib/python3.12/site-packages/airflow/example_dags/example_complex.py
[2024-07-08T15:19:01.281+0000] {logging_mixin.py:188} INFO - [2024-07-08T15:19:01.280+0000] {dag.py:3096} INFO - Sync 1 DAGs
[2024-07-08T15:19:01.318+0000] {logging_mixin.py:188} INFO - [2024-07-08T15:19:01.318+0000] {dag.py:3954} INFO - Setting next_dagrun for example_complex to None, run_after=None
[2024-07-08T15:19:01.356+0000] {processor.py:183} INFO - Processing /home/airflow/.local/lib/python3.12/site-packages/airflow/example_dags/example_complex.py took 0.219 seconds
[2024-07-08T15:19:32.697+0000] {processor.py:161} INFO - Started process (PID=996) to work on /home/airflow/.local/lib/python3.12/site-packages/airflow/example_dags/example_complex.py
[2024-07-08T15:19:32.698+0000] {processor.py:830} INFO - Processing file /home/airflow/.local/lib/python3.12/site-packages/airflow/example_dags/example_complex.py for tasks to queue
[2024-07-08T15:19:32.700+0000] {logging_mixin.py:188} INFO - [2024-07-08T15:19:32.699+0000] {dagbag.py:545} INFO - Filling up the DagBag from /home/airflow/.local/lib/python3.12/site-packages/airflow/example_dags/example_complex.py
[2024-07-08T15:19:32.719+0000] {processor.py:840} INFO - DAG(s) 'example_complex' retrieved from /home/airflow/.local/lib/python3.12/site-packages/airflow/example_dags/example_complex.py
[2024-07-08T15:19:32.781+0000] {logging_mixin.py:188} INFO - [2024-07-08T15:19:32.781+0000] {dag.py:3096} INFO - Sync 1 DAGs
[2024-07-08T15:19:32.808+0000] {logging_mixin.py:188} INFO - [2024-07-08T15:19:32.808+0000] {dag.py:3954} INFO - Setting next_dagrun for example_complex to None, run_after=None
[2024-07-08T15:19:32.842+0000] {processor.py:183} INFO - Processing /home/airflow/.local/lib/python3.12/site-packages/airflow/example_dags/example_complex.py took 0.156 seconds
[2024-07-08T15:20:03.292+0000] {processor.py:161} INFO - Started process (PID=1054) to work on /home/airflow/.local/lib/python3.12/site-packages/airflow/example_dags/example_complex.py
[2024-07-08T15:20:03.293+0000] {processor.py:830} INFO - Processing file /home/airflow/.local/lib/python3.12/site-packages/airflow/example_dags/example_complex.py for tasks to queue
[2024-07-08T15:20:03.294+0000] {logging_mixin.py:188} INFO - [2024-07-08T15:20:03.294+0000] {dagbag.py:545} INFO - Filling up the DagBag from /home/airflow/.local/lib/python3.12/site-packages/airflow/example_dags/example_complex.py
[2024-07-08T15:20:03.306+0000] {processor.py:840} INFO - DAG(s) 'example_complex' retrieved from /home/airflow/.local/lib/python3.12/site-packages/airflow/example_dags/example_complex.py
[2024-07-08T15:20:03.359+0000] {logging_mixin.py:188} INFO - [2024-07-08T15:20:03.359+0000] {dag.py:3096} INFO - Sync 1 DAGs
[2024-07-08T15:20:03.382+0000] {logging_mixin.py:188} INFO - [2024-07-08T15:20:03.382+0000] {dag.py:3954} INFO - Setting next_dagrun for example_complex to None, run_after=None
[2024-07-08T15:20:03.410+0000] {processor.py:183} INFO - Processing /home/airflow/.local/lib/python3.12/site-packages/airflow/example_dags/example_complex.py took 0.125 seconds
[2024-07-08T15:20:34.007+0000] {processor.py:161} INFO - Started process (PID=1112) to work on /home/airflow/.local/lib/python3.12/site-packages/airflow/example_dags/example_complex.py
[2024-07-08T15:20:34.009+0000] {processor.py:830} INFO - Processing file /home/airflow/.local/lib/python3.12/site-packages/airflow/example_dags/example_complex.py for tasks to queue
[2024-07-08T15:20:34.012+0000] {logging_mixin.py:188} INFO - [2024-07-08T15:20:34.011+0000] {dagbag.py:545} INFO - Filling up the DagBag from /home/airflow/.local/lib/python3.12/site-packages/airflow/example_dags/example_complex.py
[2024-07-08T15:20:34.027+0000] {processor.py:840} INFO - DAG(s) 'example_complex' retrieved from /home/airflow/.local/lib/python3.12/site-packages/airflow/example_dags/example_complex.py
[2024-07-08T15:20:34.093+0000] {logging_mixin.py:188} INFO - [2024-07-08T15:20:34.092+0000] {dag.py:3096} INFO - Sync 1 DAGs
[2024-07-08T15:20:34.111+0000] {logging_mixin.py:188} INFO - [2024-07-08T15:20:34.110+0000] {dag.py:3954} INFO - Setting next_dagrun for example_complex to None, run_after=None
[2024-07-08T15:20:34.147+0000] {processor.py:183} INFO - Processing /home/airflow/.local/lib/python3.12/site-packages/airflow/example_dags/example_complex.py took 0.147 seconds
[2024-07-08T15:21:04.219+0000] {processor.py:161} INFO - Started process (PID=1170) to work on /home/airflow/.local/lib/python3.12/site-packages/airflow/example_dags/example_complex.py
[2024-07-08T15:21:04.220+0000] {processor.py:830} INFO - Processing file /home/airflow/.local/lib/python3.12/site-packages/airflow/example_dags/example_complex.py for tasks to queue
[2024-07-08T15:21:04.221+0000] {logging_mixin.py:188} INFO - [2024-07-08T15:21:04.221+0000] {dagbag.py:545} INFO - Filling up the DagBag from /home/airflow/.local/lib/python3.12/site-packages/airflow/example_dags/example_complex.py
[2024-07-08T15:21:04.233+0000] {processor.py:840} INFO - DAG(s) 'example_complex' retrieved from /home/airflow/.local/lib/python3.12/site-packages/airflow/example_dags/example_complex.py
[2024-07-08T15:21:04.279+0000] {logging_mixin.py:188} INFO - [2024-07-08T15:21:04.279+0000] {dag.py:3096} INFO - Sync 1 DAGs
[2024-07-08T15:21:04.311+0000] {logging_mixin.py:188} INFO - [2024-07-08T15:21:04.311+0000] {dag.py:3954} INFO - Setting next_dagrun for example_complex to None, run_after=None
[2024-07-08T15:21:04.342+0000] {processor.py:183} INFO - Processing /home/airflow/.local/lib/python3.12/site-packages/airflow/example_dags/example_complex.py took 0.131 seconds
[2024-07-08T15:21:34.601+0000] {processor.py:161} INFO - Started process (PID=1226) to work on /home/airflow/.local/lib/python3.12/site-packages/airflow/example_dags/example_complex.py
[2024-07-08T15:21:34.603+0000] {processor.py:830} INFO - Processing file /home/airflow/.local/lib/python3.12/site-packages/airflow/example_dags/example_complex.py for tasks to queue
[2024-07-08T15:21:34.604+0000] {logging_mixin.py:188} INFO - [2024-07-08T15:21:34.604+0000] {dagbag.py:545} INFO - Filling up the DagBag from /home/airflow/.local/lib/python3.12/site-packages/airflow/example_dags/example_complex.py
[2024-07-08T15:21:34.618+0000] {processor.py:840} INFO - DAG(s) 'example_complex' retrieved from /home/airflow/.local/lib/python3.12/site-packages/airflow/example_dags/example_complex.py
[2024-07-08T15:21:34.660+0000] {logging_mixin.py:188} INFO - [2024-07-08T15:21:34.660+0000] {dag.py:3096} INFO - Sync 1 DAGs
[2024-07-08T15:21:34.677+0000] {logging_mixin.py:188} INFO - [2024-07-08T15:21:34.677+0000] {dag.py:3954} INFO - Setting next_dagrun for example_complex to None, run_after=None
[2024-07-08T15:21:34.705+0000] {processor.py:183} INFO - Processing /home/airflow/.local/lib/python3.12/site-packages/airflow/example_dags/example_complex.py took 0.111 seconds
[2024-07-08T15:22:05.299+0000] {processor.py:161} INFO - Started process (PID=1283) to work on /home/airflow/.local/lib/python3.12/site-packages/airflow/example_dags/example_complex.py
[2024-07-08T15:22:05.301+0000] {processor.py:830} INFO - Processing file /home/airflow/.local/lib/python3.12/site-packages/airflow/example_dags/example_complex.py for tasks to queue
[2024-07-08T15:22:05.302+0000] {logging_mixin.py:188} INFO - [2024-07-08T15:22:05.302+0000] {dagbag.py:545} INFO - Filling up the DagBag from /home/airflow/.local/lib/python3.12/site-packages/airflow/example_dags/example_complex.py
[2024-07-08T15:22:05.318+0000] {processor.py:840} INFO - DAG(s) 'example_complex' retrieved from /home/airflow/.local/lib/python3.12/site-packages/airflow/example_dags/example_complex.py
[2024-07-08T15:22:05.366+0000] {logging_mixin.py:188} INFO - [2024-07-08T15:22:05.366+0000] {dag.py:3096} INFO - Sync 1 DAGs
[2024-07-08T15:22:05.394+0000] {logging_mixin.py:188} INFO - [2024-07-08T15:22:05.393+0000] {dag.py:3954} INFO - Setting next_dagrun for example_complex to None, run_after=None
[2024-07-08T15:22:05.439+0000] {processor.py:183} INFO - Processing /home/airflow/.local/lib/python3.12/site-packages/airflow/example_dags/example_complex.py took 0.148 seconds
[2024-07-08T15:22:35.636+0000] {processor.py:161} INFO - Started process (PID=1345) to work on /home/airflow/.local/lib/python3.12/site-packages/airflow/example_dags/example_complex.py
[2024-07-08T15:22:35.637+0000] {processor.py:830} INFO - Processing file /home/airflow/.local/lib/python3.12/site-packages/airflow/example_dags/example_complex.py for tasks to queue
[2024-07-08T15:22:35.653+0000] {logging_mixin.py:188} INFO - [2024-07-08T15:22:35.641+0000] {dagbag.py:545} INFO - Filling up the DagBag from /home/airflow/.local/lib/python3.12/site-packages/airflow/example_dags/example_complex.py
[2024-07-08T15:22:35.682+0000] {processor.py:840} INFO - DAG(s) 'example_complex' retrieved from /home/airflow/.local/lib/python3.12/site-packages/airflow/example_dags/example_complex.py
[2024-07-08T15:22:35.770+0000] {logging_mixin.py:188} INFO - [2024-07-08T15:22:35.770+0000] {dag.py:3096} INFO - Sync 1 DAGs
[2024-07-08T15:22:35.814+0000] {logging_mixin.py:188} INFO - [2024-07-08T15:22:35.814+0000] {dag.py:3954} INFO - Setting next_dagrun for example_complex to None, run_after=None
[2024-07-08T15:22:35.884+0000] {processor.py:183} INFO - Processing /home/airflow/.local/lib/python3.12/site-packages/airflow/example_dags/example_complex.py took 0.275 seconds
[2024-07-08T15:23:06.325+0000] {processor.py:161} INFO - Started process (PID=1407) to work on /home/airflow/.local/lib/python3.12/site-packages/airflow/example_dags/example_complex.py
[2024-07-08T15:23:06.326+0000] {processor.py:830} INFO - Processing file /home/airflow/.local/lib/python3.12/site-packages/airflow/example_dags/example_complex.py for tasks to queue
[2024-07-08T15:23:06.327+0000] {logging_mixin.py:188} INFO - [2024-07-08T15:23:06.327+0000] {dagbag.py:545} INFO - Filling up the DagBag from /home/airflow/.local/lib/python3.12/site-packages/airflow/example_dags/example_complex.py
[2024-07-08T15:23:06.342+0000] {processor.py:840} INFO - DAG(s) 'example_complex' retrieved from /home/airflow/.local/lib/python3.12/site-packages/airflow/example_dags/example_complex.py
[2024-07-08T15:23:06.382+0000] {logging_mixin.py:188} INFO - [2024-07-08T15:23:06.381+0000] {dag.py:3096} INFO - Sync 1 DAGs
[2024-07-08T15:23:06.398+0000] {logging_mixin.py:188} INFO - [2024-07-08T15:23:06.398+0000] {dag.py:3954} INFO - Setting next_dagrun for example_complex to None, run_after=None
[2024-07-08T15:23:06.424+0000] {processor.py:183} INFO - Processing /home/airflow/.local/lib/python3.12/site-packages/airflow/example_dags/example_complex.py took 0.106 seconds
[2024-07-08T15:23:38.271+0000] {processor.py:161} INFO - Started process (PID=1472) to work on /home/airflow/.local/lib/python3.12/site-packages/airflow/example_dags/example_complex.py
[2024-07-08T15:23:38.275+0000] {processor.py:830} INFO - Processing file /home/airflow/.local/lib/python3.12/site-packages/airflow/example_dags/example_complex.py for tasks to queue
[2024-07-08T15:23:38.278+0000] {logging_mixin.py:188} INFO - [2024-07-08T15:23:38.278+0000] {dagbag.py:545} INFO - Filling up the DagBag from /home/airflow/.local/lib/python3.12/site-packages/airflow/example_dags/example_complex.py
[2024-07-08T15:23:38.337+0000] {processor.py:840} INFO - DAG(s) 'example_complex' retrieved from /home/airflow/.local/lib/python3.12/site-packages/airflow/example_dags/example_complex.py
[2024-07-08T15:23:38.509+0000] {logging_mixin.py:188} INFO - [2024-07-08T15:23:38.498+0000] {dag.py:3096} INFO - Sync 1 DAGs
[2024-07-08T15:23:38.950+0000] {logging_mixin.py:188} INFO - [2024-07-08T15:23:38.950+0000] {dag.py:3954} INFO - Setting next_dagrun for example_complex to None, run_after=None
[2024-07-08T15:23:39.122+0000] {processor.py:183} INFO - Processing /home/airflow/.local/lib/python3.12/site-packages/airflow/example_dags/example_complex.py took 0.873 seconds
[2024-07-08T15:24:09.448+0000] {processor.py:161} INFO - Started process (PID=1537) to work on /home/airflow/.local/lib/python3.12/site-packages/airflow/example_dags/example_complex.py
[2024-07-08T15:24:09.449+0000] {processor.py:830} INFO - Processing file /home/airflow/.local/lib/python3.12/site-packages/airflow/example_dags/example_complex.py for tasks to queue
[2024-07-08T15:24:09.450+0000] {logging_mixin.py:188} INFO - [2024-07-08T15:24:09.450+0000] {dagbag.py:545} INFO - Filling up the DagBag from /home/airflow/.local/lib/python3.12/site-packages/airflow/example_dags/example_complex.py
[2024-07-08T15:24:09.465+0000] {processor.py:840} INFO - DAG(s) 'example_complex' retrieved from /home/airflow/.local/lib/python3.12/site-packages/airflow/example_dags/example_complex.py
[2024-07-08T15:24:09.508+0000] {logging_mixin.py:188} INFO - [2024-07-08T15:24:09.508+0000] {dag.py:3096} INFO - Sync 1 DAGs
[2024-07-08T15:24:09.537+0000] {logging_mixin.py:188} INFO - [2024-07-08T15:24:09.537+0000] {dag.py:3954} INFO - Setting next_dagrun for example_complex to None, run_after=None
[2024-07-08T15:24:09.569+0000] {processor.py:183} INFO - Processing /home/airflow/.local/lib/python3.12/site-packages/airflow/example_dags/example_complex.py took 0.128 seconds
[2024-07-08T15:24:40.037+0000] {processor.py:161} INFO - Started process (PID=1597) to work on /home/airflow/.local/lib/python3.12/site-packages/airflow/example_dags/example_complex.py
[2024-07-08T15:24:40.039+0000] {processor.py:830} INFO - Processing file /home/airflow/.local/lib/python3.12/site-packages/airflow/example_dags/example_complex.py for tasks to queue
[2024-07-08T15:24:40.040+0000] {logging_mixin.py:188} INFO - [2024-07-08T15:24:40.039+0000] {dagbag.py:545} INFO - Filling up the DagBag from /home/airflow/.local/lib/python3.12/site-packages/airflow/example_dags/example_complex.py
[2024-07-08T15:24:40.067+0000] {processor.py:840} INFO - DAG(s) 'example_complex' retrieved from /home/airflow/.local/lib/python3.12/site-packages/airflow/example_dags/example_complex.py
[2024-07-08T15:24:40.108+0000] {logging_mixin.py:188} INFO - [2024-07-08T15:24:40.108+0000] {dag.py:3096} INFO - Sync 1 DAGs
[2024-07-08T15:24:40.124+0000] {logging_mixin.py:188} INFO - [2024-07-08T15:24:40.124+0000] {dag.py:3954} INFO - Setting next_dagrun for example_complex to None, run_after=None
[2024-07-08T15:24:40.155+0000] {processor.py:183} INFO - Processing /home/airflow/.local/lib/python3.12/site-packages/airflow/example_dags/example_complex.py took 0.128 seconds
[2024-07-08T15:25:10.307+0000] {processor.py:161} INFO - Started process (PID=1660) to work on /home/airflow/.local/lib/python3.12/site-packages/airflow/example_dags/example_complex.py
[2024-07-08T15:25:10.308+0000] {processor.py:830} INFO - Processing file /home/airflow/.local/lib/python3.12/site-packages/airflow/example_dags/example_complex.py for tasks to queue
[2024-07-08T15:25:10.310+0000] {logging_mixin.py:188} INFO - [2024-07-08T15:25:10.309+0000] {dagbag.py:545} INFO - Filling up the DagBag from /home/airflow/.local/lib/python3.12/site-packages/airflow/example_dags/example_complex.py
[2024-07-08T15:25:10.324+0000] {processor.py:840} INFO - DAG(s) 'example_complex' retrieved from /home/airflow/.local/lib/python3.12/site-packages/airflow/example_dags/example_complex.py
[2024-07-08T15:25:10.369+0000] {logging_mixin.py:188} INFO - [2024-07-08T15:25:10.368+0000] {dag.py:3096} INFO - Sync 1 DAGs
[2024-07-08T15:25:10.390+0000] {logging_mixin.py:188} INFO - [2024-07-08T15:25:10.390+0000] {dag.py:3954} INFO - Setting next_dagrun for example_complex to None, run_after=None
[2024-07-08T15:25:10.421+0000] {processor.py:183} INFO - Processing /home/airflow/.local/lib/python3.12/site-packages/airflow/example_dags/example_complex.py took 0.122 seconds
[2024-07-08T15:25:41.054+0000] {processor.py:161} INFO - Started process (PID=1726) to work on /home/airflow/.local/lib/python3.12/site-packages/airflow/example_dags/example_complex.py
[2024-07-08T15:25:41.056+0000] {processor.py:830} INFO - Processing file /home/airflow/.local/lib/python3.12/site-packages/airflow/example_dags/example_complex.py for tasks to queue
[2024-07-08T15:25:41.057+0000] {logging_mixin.py:188} INFO - [2024-07-08T15:25:41.057+0000] {dagbag.py:545} INFO - Filling up the DagBag from /home/airflow/.local/lib/python3.12/site-packages/airflow/example_dags/example_complex.py
[2024-07-08T15:25:41.072+0000] {processor.py:840} INFO - DAG(s) 'example_complex' retrieved from /home/airflow/.local/lib/python3.12/site-packages/airflow/example_dags/example_complex.py
[2024-07-08T15:25:41.123+0000] {logging_mixin.py:188} INFO - [2024-07-08T15:25:41.122+0000] {dag.py:3096} INFO - Sync 1 DAGs
[2024-07-08T15:25:41.149+0000] {logging_mixin.py:188} INFO - [2024-07-08T15:25:41.148+0000] {dag.py:3954} INFO - Setting next_dagrun for example_complex to None, run_after=None
[2024-07-08T15:25:41.180+0000] {processor.py:183} INFO - Processing /home/airflow/.local/lib/python3.12/site-packages/airflow/example_dags/example_complex.py took 0.135 seconds
[2024-07-08T15:26:12.425+0000] {processor.py:161} INFO - Started process (PID=1791) to work on /home/airflow/.local/lib/python3.12/site-packages/airflow/example_dags/example_complex.py
[2024-07-08T15:26:12.427+0000] {processor.py:830} INFO - Processing file /home/airflow/.local/lib/python3.12/site-packages/airflow/example_dags/example_complex.py for tasks to queue
[2024-07-08T15:26:12.429+0000] {logging_mixin.py:188} INFO - [2024-07-08T15:26:12.429+0000] {dagbag.py:545} INFO - Filling up the DagBag from /home/airflow/.local/lib/python3.12/site-packages/airflow/example_dags/example_complex.py
[2024-07-08T15:26:12.450+0000] {processor.py:840} INFO - DAG(s) 'example_complex' retrieved from /home/airflow/.local/lib/python3.12/site-packages/airflow/example_dags/example_complex.py
[2024-07-08T15:26:12.534+0000] {logging_mixin.py:188} INFO - [2024-07-08T15:26:12.533+0000] {dag.py:3096} INFO - Sync 1 DAGs
[2024-07-08T15:26:12.557+0000] {logging_mixin.py:188} INFO - [2024-07-08T15:26:12.557+0000] {dag.py:3954} INFO - Setting next_dagrun for example_complex to None, run_after=None
[2024-07-08T15:26:12.602+0000] {processor.py:183} INFO - Processing /home/airflow/.local/lib/python3.12/site-packages/airflow/example_dags/example_complex.py took 0.186 seconds
[2024-07-08T15:26:42.907+0000] {processor.py:161} INFO - Started process (PID=1852) to work on /home/airflow/.local/lib/python3.12/site-packages/airflow/example_dags/example_complex.py
[2024-07-08T15:26:42.908+0000] {processor.py:830} INFO - Processing file /home/airflow/.local/lib/python3.12/site-packages/airflow/example_dags/example_complex.py for tasks to queue
[2024-07-08T15:26:42.910+0000] {logging_mixin.py:188} INFO - [2024-07-08T15:26:42.909+0000] {dagbag.py:545} INFO - Filling up the DagBag from /home/airflow/.local/lib/python3.12/site-packages/airflow/example_dags/example_complex.py
[2024-07-08T15:26:42.926+0000] {processor.py:840} INFO - DAG(s) 'example_complex' retrieved from /home/airflow/.local/lib/python3.12/site-packages/airflow/example_dags/example_complex.py
[2024-07-08T15:26:42.970+0000] {logging_mixin.py:188} INFO - [2024-07-08T15:26:42.970+0000] {dag.py:3096} INFO - Sync 1 DAGs
[2024-07-08T15:26:42.996+0000] {logging_mixin.py:188} INFO - [2024-07-08T15:26:42.996+0000] {dag.py:3954} INFO - Setting next_dagrun for example_complex to None, run_after=None
[2024-07-08T15:26:43.033+0000] {processor.py:183} INFO - Processing /home/airflow/.local/lib/python3.12/site-packages/airflow/example_dags/example_complex.py took 0.134 seconds
[2024-07-08T15:27:13.638+0000] {processor.py:161} INFO - Started process (PID=1912) to work on /home/airflow/.local/lib/python3.12/site-packages/airflow/example_dags/example_complex.py
[2024-07-08T15:27:13.639+0000] {processor.py:830} INFO - Processing file /home/airflow/.local/lib/python3.12/site-packages/airflow/example_dags/example_complex.py for tasks to queue
[2024-07-08T15:27:13.641+0000] {logging_mixin.py:188} INFO - [2024-07-08T15:27:13.640+0000] {dagbag.py:545} INFO - Filling up the DagBag from /home/airflow/.local/lib/python3.12/site-packages/airflow/example_dags/example_complex.py
[2024-07-08T15:27:13.656+0000] {processor.py:840} INFO - DAG(s) 'example_complex' retrieved from /home/airflow/.local/lib/python3.12/site-packages/airflow/example_dags/example_complex.py
[2024-07-08T15:27:13.697+0000] {logging_mixin.py:188} INFO - [2024-07-08T15:27:13.697+0000] {dag.py:3096} INFO - Sync 1 DAGs
[2024-07-08T15:27:13.719+0000] {logging_mixin.py:188} INFO - [2024-07-08T15:27:13.718+0000] {dag.py:3954} INFO - Setting next_dagrun for example_complex to None, run_after=None
[2024-07-08T15:27:13.749+0000] {processor.py:183} INFO - Processing /home/airflow/.local/lib/python3.12/site-packages/airflow/example_dags/example_complex.py took 0.117 seconds
[2024-07-08T15:27:44.763+0000] {processor.py:161} INFO - Started process (PID=1970) to work on /home/airflow/.local/lib/python3.12/site-packages/airflow/example_dags/example_complex.py
[2024-07-08T15:27:44.766+0000] {processor.py:830} INFO - Processing file /home/airflow/.local/lib/python3.12/site-packages/airflow/example_dags/example_complex.py for tasks to queue
[2024-07-08T15:27:44.769+0000] {logging_mixin.py:188} INFO - [2024-07-08T15:27:44.769+0000] {dagbag.py:545} INFO - Filling up the DagBag from /home/airflow/.local/lib/python3.12/site-packages/airflow/example_dags/example_complex.py
[2024-07-08T15:27:45.018+0000] {processor.py:840} INFO - DAG(s) 'example_complex' retrieved from /home/airflow/.local/lib/python3.12/site-packages/airflow/example_dags/example_complex.py
[2024-07-08T15:27:45.068+0000] {logging_mixin.py:188} INFO - [2024-07-08T15:27:45.068+0000] {dag.py:3096} INFO - Sync 1 DAGs
[2024-07-08T15:27:45.089+0000] {logging_mixin.py:188} INFO - [2024-07-08T15:27:45.089+0000] {dag.py:3954} INFO - Setting next_dagrun for example_complex to None, run_after=None
[2024-07-08T15:27:45.122+0000] {processor.py:183} INFO - Processing /home/airflow/.local/lib/python3.12/site-packages/airflow/example_dags/example_complex.py took 0.382 seconds
[2024-07-08T15:28:15.322+0000] {processor.py:161} INFO - Started process (PID=2029) to work on /home/airflow/.local/lib/python3.12/site-packages/airflow/example_dags/example_complex.py
[2024-07-08T15:28:15.323+0000] {processor.py:830} INFO - Processing file /home/airflow/.local/lib/python3.12/site-packages/airflow/example_dags/example_complex.py for tasks to queue
[2024-07-08T15:28:15.325+0000] {logging_mixin.py:188} INFO - [2024-07-08T15:28:15.324+0000] {dagbag.py:545} INFO - Filling up the DagBag from /home/airflow/.local/lib/python3.12/site-packages/airflow/example_dags/example_complex.py
[2024-07-08T15:28:15.345+0000] {processor.py:840} INFO - DAG(s) 'example_complex' retrieved from /home/airflow/.local/lib/python3.12/site-packages/airflow/example_dags/example_complex.py
[2024-07-08T15:28:15.412+0000] {logging_mixin.py:188} INFO - [2024-07-08T15:28:15.412+0000] {dag.py:3096} INFO - Sync 1 DAGs
[2024-07-08T15:28:15.437+0000] {logging_mixin.py:188} INFO - [2024-07-08T15:28:15.437+0000] {dag.py:3954} INFO - Setting next_dagrun for example_complex to None, run_after=None
[2024-07-08T15:28:15.482+0000] {processor.py:183} INFO - Processing /home/airflow/.local/lib/python3.12/site-packages/airflow/example_dags/example_complex.py took 0.170 seconds
[2024-07-08T15:31:09.861+0000] {processor.py:161} INFO - Started process (PID=2090) to work on /home/airflow/.local/lib/python3.12/site-packages/airflow/example_dags/example_complex.py
[2024-07-08T15:31:09.866+0000] {processor.py:830} INFO - Processing file /home/airflow/.local/lib/python3.12/site-packages/airflow/example_dags/example_complex.py for tasks to queue
[2024-07-08T15:31:09.869+0000] {logging_mixin.py:188} INFO - [2024-07-08T15:31:09.868+0000] {dagbag.py:545} INFO - Filling up the DagBag from /home/airflow/.local/lib/python3.12/site-packages/airflow/example_dags/example_complex.py
[2024-07-08T15:31:09.947+0000] {processor.py:840} INFO - DAG(s) 'example_complex' retrieved from /home/airflow/.local/lib/python3.12/site-packages/airflow/example_dags/example_complex.py
[2024-07-08T15:31:10.141+0000] {logging_mixin.py:188} INFO - [2024-07-08T15:31:10.140+0000] {dag.py:3096} INFO - Sync 1 DAGs
[2024-07-08T15:31:10.234+0000] {logging_mixin.py:188} INFO - [2024-07-08T15:31:10.233+0000] {dag.py:3954} INFO - Setting next_dagrun for example_complex to None, run_after=None
[2024-07-08T15:31:10.316+0000] {processor.py:183} INFO - Processing /home/airflow/.local/lib/python3.12/site-packages/airflow/example_dags/example_complex.py took 0.484 seconds
[2024-07-08T15:31:40.760+0000] {processor.py:161} INFO - Started process (PID=2148) to work on /home/airflow/.local/lib/python3.12/site-packages/airflow/example_dags/example_complex.py
[2024-07-08T15:31:40.762+0000] {processor.py:830} INFO - Processing file /home/airflow/.local/lib/python3.12/site-packages/airflow/example_dags/example_complex.py for tasks to queue
[2024-07-08T15:31:40.764+0000] {logging_mixin.py:188} INFO - [2024-07-08T15:31:40.764+0000] {dagbag.py:545} INFO - Filling up the DagBag from /home/airflow/.local/lib/python3.12/site-packages/airflow/example_dags/example_complex.py
[2024-07-08T15:31:40.791+0000] {processor.py:840} INFO - DAG(s) 'example_complex' retrieved from /home/airflow/.local/lib/python3.12/site-packages/airflow/example_dags/example_complex.py
[2024-07-08T15:31:40.889+0000] {logging_mixin.py:188} INFO - [2024-07-08T15:31:40.888+0000] {dag.py:3096} INFO - Sync 1 DAGs
[2024-07-08T15:31:40.926+0000] {logging_mixin.py:188} INFO - [2024-07-08T15:31:40.926+0000] {dag.py:3954} INFO - Setting next_dagrun for example_complex to None, run_after=None
[2024-07-08T15:31:40.973+0000] {processor.py:183} INFO - Processing /home/airflow/.local/lib/python3.12/site-packages/airflow/example_dags/example_complex.py took 0.225 seconds
[2024-07-08T15:32:11.538+0000] {processor.py:161} INFO - Started process (PID=2207) to work on /home/airflow/.local/lib/python3.12/site-packages/airflow/example_dags/example_complex.py
[2024-07-08T15:32:11.540+0000] {processor.py:830} INFO - Processing file /home/airflow/.local/lib/python3.12/site-packages/airflow/example_dags/example_complex.py for tasks to queue
[2024-07-08T15:32:11.541+0000] {logging_mixin.py:188} INFO - [2024-07-08T15:32:11.540+0000] {dagbag.py:545} INFO - Filling up the DagBag from /home/airflow/.local/lib/python3.12/site-packages/airflow/example_dags/example_complex.py
[2024-07-08T15:32:11.556+0000] {processor.py:840} INFO - DAG(s) 'example_complex' retrieved from /home/airflow/.local/lib/python3.12/site-packages/airflow/example_dags/example_complex.py
[2024-07-08T15:32:11.602+0000] {logging_mixin.py:188} INFO - [2024-07-08T15:32:11.601+0000] {dag.py:3096} INFO - Sync 1 DAGs
[2024-07-08T15:32:11.624+0000] {logging_mixin.py:188} INFO - [2024-07-08T15:32:11.624+0000] {dag.py:3954} INFO - Setting next_dagrun for example_complex to None, run_after=None
[2024-07-08T15:32:11.658+0000] {processor.py:183} INFO - Processing /home/airflow/.local/lib/python3.12/site-packages/airflow/example_dags/example_complex.py took 0.128 seconds
[2024-07-08T15:36:18.083+0000] {processor.py:161} INFO - Started process (PID=2288) to work on /home/airflow/.local/lib/python3.12/site-packages/airflow/example_dags/example_complex.py
[2024-07-08T15:36:18.095+0000] {processor.py:830} INFO - Processing file /home/airflow/.local/lib/python3.12/site-packages/airflow/example_dags/example_complex.py for tasks to queue
[2024-07-08T15:36:18.098+0000] {logging_mixin.py:188} INFO - [2024-07-08T15:36:18.097+0000] {dagbag.py:545} INFO - Filling up the DagBag from /home/airflow/.local/lib/python3.12/site-packages/airflow/example_dags/example_complex.py
[2024-07-08T15:36:18.208+0000] {processor.py:840} INFO - DAG(s) 'example_complex' retrieved from /home/airflow/.local/lib/python3.12/site-packages/airflow/example_dags/example_complex.py
[2024-07-08T15:36:18.369+0000] {logging_mixin.py:188} INFO - [2024-07-08T15:36:18.369+0000] {dag.py:3096} INFO - Sync 1 DAGs
[2024-07-08T15:36:18.420+0000] {logging_mixin.py:188} INFO - [2024-07-08T15:36:18.419+0000] {dag.py:3954} INFO - Setting next_dagrun for example_complex to None, run_after=None
[2024-07-08T15:36:18.540+0000] {processor.py:183} INFO - Processing /home/airflow/.local/lib/python3.12/site-packages/airflow/example_dags/example_complex.py took 0.487 seconds
[2024-07-08T15:42:17.587+0000] {processor.py:161} INFO - Started process (PID=2420) to work on /home/airflow/.local/lib/python3.12/site-packages/airflow/example_dags/example_complex.py
[2024-07-08T15:42:17.600+0000] {processor.py:830} INFO - Processing file /home/airflow/.local/lib/python3.12/site-packages/airflow/example_dags/example_complex.py for tasks to queue
[2024-07-08T15:42:17.602+0000] {logging_mixin.py:188} INFO - [2024-07-08T15:42:17.601+0000] {dagbag.py:545} INFO - Filling up the DagBag from /home/airflow/.local/lib/python3.12/site-packages/airflow/example_dags/example_complex.py
[2024-07-08T15:42:17.631+0000] {processor.py:840} INFO - DAG(s) 'example_complex' retrieved from /home/airflow/.local/lib/python3.12/site-packages/airflow/example_dags/example_complex.py
[2024-07-08T15:42:17.807+0000] {logging_mixin.py:188} INFO - [2024-07-08T15:42:17.807+0000] {dag.py:3096} INFO - Sync 1 DAGs
[2024-07-08T15:42:17.900+0000] {logging_mixin.py:188} INFO - [2024-07-08T15:42:17.886+0000] {dag.py:3954} INFO - Setting next_dagrun for example_complex to None, run_after=None
[2024-07-08T15:42:18.041+0000] {processor.py:183} INFO - Processing /home/airflow/.local/lib/python3.12/site-packages/airflow/example_dags/example_complex.py took 0.467 seconds
[2024-07-08T15:42:48.125+0000] {processor.py:161} INFO - Started process (PID=2483) to work on /home/airflow/.local/lib/python3.12/site-packages/airflow/example_dags/example_complex.py
[2024-07-08T15:42:48.126+0000] {processor.py:830} INFO - Processing file /home/airflow/.local/lib/python3.12/site-packages/airflow/example_dags/example_complex.py for tasks to queue
[2024-07-08T15:42:48.128+0000] {logging_mixin.py:188} INFO - [2024-07-08T15:42:48.127+0000] {dagbag.py:545} INFO - Filling up the DagBag from /home/airflow/.local/lib/python3.12/site-packages/airflow/example_dags/example_complex.py
[2024-07-08T15:42:48.140+0000] {processor.py:840} INFO - DAG(s) 'example_complex' retrieved from /home/airflow/.local/lib/python3.12/site-packages/airflow/example_dags/example_complex.py
[2024-07-08T15:42:48.189+0000] {logging_mixin.py:188} INFO - [2024-07-08T15:42:48.189+0000] {dag.py:3096} INFO - Sync 1 DAGs
[2024-07-08T15:42:48.205+0000] {logging_mixin.py:188} INFO - [2024-07-08T15:42:48.203+0000] {dag.py:3954} INFO - Setting next_dagrun for example_complex to None, run_after=None
[2024-07-08T15:42:48.231+0000] {processor.py:183} INFO - Processing /home/airflow/.local/lib/python3.12/site-packages/airflow/example_dags/example_complex.py took 0.117 seconds
[2024-07-08T15:43:18.753+0000] {processor.py:161} INFO - Started process (PID=2543) to work on /home/airflow/.local/lib/python3.12/site-packages/airflow/example_dags/example_complex.py
[2024-07-08T15:43:18.754+0000] {processor.py:830} INFO - Processing file /home/airflow/.local/lib/python3.12/site-packages/airflow/example_dags/example_complex.py for tasks to queue
[2024-07-08T15:43:18.755+0000] {logging_mixin.py:188} INFO - [2024-07-08T15:43:18.755+0000] {dagbag.py:545} INFO - Filling up the DagBag from /home/airflow/.local/lib/python3.12/site-packages/airflow/example_dags/example_complex.py
[2024-07-08T15:43:18.766+0000] {processor.py:840} INFO - DAG(s) 'example_complex' retrieved from /home/airflow/.local/lib/python3.12/site-packages/airflow/example_dags/example_complex.py
[2024-07-08T15:43:18.803+0000] {logging_mixin.py:188} INFO - [2024-07-08T15:43:18.803+0000] {dag.py:3096} INFO - Sync 1 DAGs
[2024-07-08T15:43:18.816+0000] {logging_mixin.py:188} INFO - [2024-07-08T15:43:18.816+0000] {dag.py:3954} INFO - Setting next_dagrun for example_complex to None, run_after=None
[2024-07-08T15:43:18.844+0000] {processor.py:183} INFO - Processing /home/airflow/.local/lib/python3.12/site-packages/airflow/example_dags/example_complex.py took 0.098 seconds
[2024-07-08T15:43:49.608+0000] {processor.py:161} INFO - Started process (PID=2603) to work on /home/airflow/.local/lib/python3.12/site-packages/airflow/example_dags/example_complex.py
[2024-07-08T15:43:49.609+0000] {processor.py:830} INFO - Processing file /home/airflow/.local/lib/python3.12/site-packages/airflow/example_dags/example_complex.py for tasks to queue
[2024-07-08T15:43:49.610+0000] {logging_mixin.py:188} INFO - [2024-07-08T15:43:49.610+0000] {dagbag.py:545} INFO - Filling up the DagBag from /home/airflow/.local/lib/python3.12/site-packages/airflow/example_dags/example_complex.py
[2024-07-08T15:43:49.620+0000] {processor.py:840} INFO - DAG(s) 'example_complex' retrieved from /home/airflow/.local/lib/python3.12/site-packages/airflow/example_dags/example_complex.py
[2024-07-08T15:43:49.664+0000] {logging_mixin.py:188} INFO - [2024-07-08T15:43:49.663+0000] {dag.py:3096} INFO - Sync 1 DAGs
[2024-07-08T15:43:49.681+0000] {logging_mixin.py:188} INFO - [2024-07-08T15:43:49.681+0000] {dag.py:3954} INFO - Setting next_dagrun for example_complex to None, run_after=None
[2024-07-08T15:43:49.707+0000] {processor.py:183} INFO - Processing /home/airflow/.local/lib/python3.12/site-packages/airflow/example_dags/example_complex.py took 0.108 seconds
