[2024-07-08T15:07:23.802+0000] {processor.py:161} INFO - Started process (PID=34) to work on /home/airflow/.local/lib/python3.12/site-packages/airflow/example_dags/example_short_circuit_operator.py
[2024-07-08T15:07:23.805+0000] {processor.py:830} INFO - Processing file /home/airflow/.local/lib/python3.12/site-packages/airflow/example_dags/example_short_circuit_operator.py for tasks to queue
[2024-07-08T15:07:23.811+0000] {logging_mixin.py:188} INFO - [2024-07-08T15:07:23.810+0000] {dagbag.py:545} INFO - Filling up the DagBag from /home/airflow/.local/lib/python3.12/site-packages/airflow/example_dags/example_short_circuit_operator.py
[2024-07-08T15:07:23.853+0000] {processor.py:840} INFO - DAG(s) 'example_short_circuit_operator' retrieved from /home/airflow/.local/lib/python3.12/site-packages/airflow/example_dags/example_short_circuit_operator.py
[2024-07-08T15:07:25.722+0000] {logging_mixin.py:188} INFO - [2024-07-08T15:07:25.722+0000] {dag.py:3096} INFO - Sync 1 DAGs
[2024-07-08T15:07:25.910+0000] {logging_mixin.py:188} INFO - [2024-07-08T15:07:25.910+0000] {dag.py:3954} INFO - Setting next_dagrun for example_short_circuit_operator to 2024-07-07 00:00:00+00:00, run_after=2024-07-08 00:00:00+00:00
[2024-07-08T15:07:26.030+0000] {processor.py:183} INFO - Processing /home/airflow/.local/lib/python3.12/site-packages/airflow/example_dags/example_short_circuit_operator.py took 2.261 seconds
[2024-07-08T15:08:04.392+0000] {processor.py:161} INFO - Started process (PID=92) to work on /home/airflow/.local/lib/python3.12/site-packages/airflow/example_dags/example_short_circuit_operator.py
[2024-07-08T15:08:04.396+0000] {processor.py:830} INFO - Processing file /home/airflow/.local/lib/python3.12/site-packages/airflow/example_dags/example_short_circuit_operator.py for tasks to queue
[2024-07-08T15:08:04.405+0000] {logging_mixin.py:188} INFO - [2024-07-08T15:08:04.403+0000] {dagbag.py:545} INFO - Filling up the DagBag from /home/airflow/.local/lib/python3.12/site-packages/airflow/example_dags/example_short_circuit_operator.py
[2024-07-08T15:08:04.451+0000] {processor.py:840} INFO - DAG(s) 'example_short_circuit_operator' retrieved from /home/airflow/.local/lib/python3.12/site-packages/airflow/example_dags/example_short_circuit_operator.py
[2024-07-08T15:08:04.567+0000] {logging_mixin.py:188} INFO - [2024-07-08T15:08:04.566+0000] {dag.py:3096} INFO - Sync 1 DAGs
[2024-07-08T15:08:04.619+0000] {logging_mixin.py:188} INFO - [2024-07-08T15:08:04.618+0000] {dag.py:3954} INFO - Setting next_dagrun for example_short_circuit_operator to 2024-07-07 00:00:00+00:00, run_after=2024-07-08 00:00:00+00:00
[2024-07-08T15:08:04.701+0000] {processor.py:183} INFO - Processing /home/airflow/.local/lib/python3.12/site-packages/airflow/example_dags/example_short_circuit_operator.py took 0.320 seconds
[2024-07-08T15:08:34.939+0000] {processor.py:161} INFO - Started process (PID=147) to work on /home/airflow/.local/lib/python3.12/site-packages/airflow/example_dags/example_short_circuit_operator.py
[2024-07-08T15:08:34.941+0000] {processor.py:830} INFO - Processing file /home/airflow/.local/lib/python3.12/site-packages/airflow/example_dags/example_short_circuit_operator.py for tasks to queue
[2024-07-08T15:08:34.943+0000] {logging_mixin.py:188} INFO - [2024-07-08T15:08:34.943+0000] {dagbag.py:545} INFO - Filling up the DagBag from /home/airflow/.local/lib/python3.12/site-packages/airflow/example_dags/example_short_circuit_operator.py
[2024-07-08T15:08:34.952+0000] {processor.py:840} INFO - DAG(s) 'example_short_circuit_operator' retrieved from /home/airflow/.local/lib/python3.12/site-packages/airflow/example_dags/example_short_circuit_operator.py
[2024-07-08T15:08:34.985+0000] {logging_mixin.py:188} INFO - [2024-07-08T15:08:34.985+0000] {dag.py:3096} INFO - Sync 1 DAGs
[2024-07-08T15:08:35.013+0000] {logging_mixin.py:188} INFO - [2024-07-08T15:08:35.013+0000] {dag.py:3954} INFO - Setting next_dagrun for example_short_circuit_operator to 2024-07-07 00:00:00+00:00, run_after=2024-07-08 00:00:00+00:00
[2024-07-08T15:08:35.045+0000] {processor.py:183} INFO - Processing /home/airflow/.local/lib/python3.12/site-packages/airflow/example_dags/example_short_circuit_operator.py took 0.112 seconds
[2024-07-08T15:09:05.282+0000] {processor.py:161} INFO - Started process (PID=205) to work on /home/airflow/.local/lib/python3.12/site-packages/airflow/example_dags/example_short_circuit_operator.py
[2024-07-08T15:09:05.288+0000] {processor.py:830} INFO - Processing file /home/airflow/.local/lib/python3.12/site-packages/airflow/example_dags/example_short_circuit_operator.py for tasks to queue
[2024-07-08T15:09:05.315+0000] {logging_mixin.py:188} INFO - [2024-07-08T15:09:05.314+0000] {dagbag.py:545} INFO - Filling up the DagBag from /home/airflow/.local/lib/python3.12/site-packages/airflow/example_dags/example_short_circuit_operator.py
[2024-07-08T15:09:05.398+0000] {processor.py:840} INFO - DAG(s) 'example_short_circuit_operator' retrieved from /home/airflow/.local/lib/python3.12/site-packages/airflow/example_dags/example_short_circuit_operator.py
[2024-07-08T15:09:05.735+0000] {logging_mixin.py:188} INFO - [2024-07-08T15:09:05.734+0000] {dag.py:3096} INFO - Sync 1 DAGs
[2024-07-08T15:09:05.925+0000] {logging_mixin.py:188} INFO - [2024-07-08T15:09:05.924+0000] {dag.py:3954} INFO - Setting next_dagrun for example_short_circuit_operator to 2024-07-07 00:00:00+00:00, run_after=2024-07-08 00:00:00+00:00
[2024-07-08T15:09:05.999+0000] {processor.py:183} INFO - Processing /home/airflow/.local/lib/python3.12/site-packages/airflow/example_dags/example_short_circuit_operator.py took 0.769 seconds
[2024-07-08T15:09:36.420+0000] {processor.py:161} INFO - Started process (PID=263) to work on /home/airflow/.local/lib/python3.12/site-packages/airflow/example_dags/example_short_circuit_operator.py
[2024-07-08T15:09:36.422+0000] {processor.py:830} INFO - Processing file /home/airflow/.local/lib/python3.12/site-packages/airflow/example_dags/example_short_circuit_operator.py for tasks to queue
[2024-07-08T15:09:36.425+0000] {logging_mixin.py:188} INFO - [2024-07-08T15:09:36.424+0000] {dagbag.py:545} INFO - Filling up the DagBag from /home/airflow/.local/lib/python3.12/site-packages/airflow/example_dags/example_short_circuit_operator.py
[2024-07-08T15:09:36.433+0000] {processor.py:840} INFO - DAG(s) 'example_short_circuit_operator' retrieved from /home/airflow/.local/lib/python3.12/site-packages/airflow/example_dags/example_short_circuit_operator.py
[2024-07-08T15:09:36.467+0000] {logging_mixin.py:188} INFO - [2024-07-08T15:09:36.466+0000] {dag.py:3096} INFO - Sync 1 DAGs
[2024-07-08T15:09:36.496+0000] {logging_mixin.py:188} INFO - [2024-07-08T15:09:36.495+0000] {dag.py:3954} INFO - Setting next_dagrun for example_short_circuit_operator to 2024-07-07 00:00:00+00:00, run_after=2024-07-08 00:00:00+00:00
[2024-07-08T15:09:36.526+0000] {processor.py:183} INFO - Processing /home/airflow/.local/lib/python3.12/site-packages/airflow/example_dags/example_short_circuit_operator.py took 0.111 seconds
[2024-07-08T15:10:07.041+0000] {processor.py:161} INFO - Started process (PID=321) to work on /home/airflow/.local/lib/python3.12/site-packages/airflow/example_dags/example_short_circuit_operator.py
[2024-07-08T15:10:07.043+0000] {processor.py:830} INFO - Processing file /home/airflow/.local/lib/python3.12/site-packages/airflow/example_dags/example_short_circuit_operator.py for tasks to queue
[2024-07-08T15:10:07.048+0000] {logging_mixin.py:188} INFO - [2024-07-08T15:10:07.047+0000] {dagbag.py:545} INFO - Filling up the DagBag from /home/airflow/.local/lib/python3.12/site-packages/airflow/example_dags/example_short_circuit_operator.py
[2024-07-08T15:10:07.060+0000] {processor.py:840} INFO - DAG(s) 'example_short_circuit_operator' retrieved from /home/airflow/.local/lib/python3.12/site-packages/airflow/example_dags/example_short_circuit_operator.py
[2024-07-08T15:10:07.115+0000] {logging_mixin.py:188} INFO - [2024-07-08T15:10:07.114+0000] {dag.py:3096} INFO - Sync 1 DAGs
[2024-07-08T15:10:07.158+0000] {logging_mixin.py:188} INFO - [2024-07-08T15:10:07.157+0000] {dag.py:3954} INFO - Setting next_dagrun for example_short_circuit_operator to 2024-07-07 00:00:00+00:00, run_after=2024-07-08 00:00:00+00:00
[2024-07-08T15:10:07.216+0000] {processor.py:183} INFO - Processing /home/airflow/.local/lib/python3.12/site-packages/airflow/example_dags/example_short_circuit_operator.py took 0.184 seconds
[2024-07-08T15:10:37.339+0000] {processor.py:161} INFO - Started process (PID=378) to work on /home/airflow/.local/lib/python3.12/site-packages/airflow/example_dags/example_short_circuit_operator.py
[2024-07-08T15:10:37.341+0000] {processor.py:830} INFO - Processing file /home/airflow/.local/lib/python3.12/site-packages/airflow/example_dags/example_short_circuit_operator.py for tasks to queue
[2024-07-08T15:10:37.343+0000] {logging_mixin.py:188} INFO - [2024-07-08T15:10:37.343+0000] {dagbag.py:545} INFO - Filling up the DagBag from /home/airflow/.local/lib/python3.12/site-packages/airflow/example_dags/example_short_circuit_operator.py
[2024-07-08T15:10:37.354+0000] {processor.py:840} INFO - DAG(s) 'example_short_circuit_operator' retrieved from /home/airflow/.local/lib/python3.12/site-packages/airflow/example_dags/example_short_circuit_operator.py
[2024-07-08T15:10:37.382+0000] {logging_mixin.py:188} INFO - [2024-07-08T15:10:37.382+0000] {dag.py:3096} INFO - Sync 1 DAGs
[2024-07-08T15:10:37.410+0000] {logging_mixin.py:188} INFO - [2024-07-08T15:10:37.410+0000] {dag.py:3954} INFO - Setting next_dagrun for example_short_circuit_operator to 2024-07-07 00:00:00+00:00, run_after=2024-07-08 00:00:00+00:00
[2024-07-08T15:10:37.439+0000] {processor.py:183} INFO - Processing /home/airflow/.local/lib/python3.12/site-packages/airflow/example_dags/example_short_circuit_operator.py took 0.107 seconds
[2024-07-08T15:11:07.642+0000] {processor.py:161} INFO - Started process (PID=436) to work on /home/airflow/.local/lib/python3.12/site-packages/airflow/example_dags/example_short_circuit_operator.py
[2024-07-08T15:11:07.643+0000] {processor.py:830} INFO - Processing file /home/airflow/.local/lib/python3.12/site-packages/airflow/example_dags/example_short_circuit_operator.py for tasks to queue
[2024-07-08T15:11:07.645+0000] {logging_mixin.py:188} INFO - [2024-07-08T15:11:07.645+0000] {dagbag.py:545} INFO - Filling up the DagBag from /home/airflow/.local/lib/python3.12/site-packages/airflow/example_dags/example_short_circuit_operator.py
[2024-07-08T15:11:07.655+0000] {processor.py:840} INFO - DAG(s) 'example_short_circuit_operator' retrieved from /home/airflow/.local/lib/python3.12/site-packages/airflow/example_dags/example_short_circuit_operator.py
[2024-07-08T15:11:07.682+0000] {logging_mixin.py:188} INFO - [2024-07-08T15:11:07.682+0000] {dag.py:3096} INFO - Sync 1 DAGs
[2024-07-08T15:11:07.710+0000] {logging_mixin.py:188} INFO - [2024-07-08T15:11:07.709+0000] {dag.py:3954} INFO - Setting next_dagrun for example_short_circuit_operator to 2024-07-07 00:00:00+00:00, run_after=2024-07-08 00:00:00+00:00
[2024-07-08T15:11:07.744+0000] {processor.py:183} INFO - Processing /home/airflow/.local/lib/python3.12/site-packages/airflow/example_dags/example_short_circuit_operator.py took 0.108 seconds
[2024-07-08T15:11:38.604+0000] {processor.py:161} INFO - Started process (PID=494) to work on /home/airflow/.local/lib/python3.12/site-packages/airflow/example_dags/example_short_circuit_operator.py
[2024-07-08T15:11:38.605+0000] {processor.py:830} INFO - Processing file /home/airflow/.local/lib/python3.12/site-packages/airflow/example_dags/example_short_circuit_operator.py for tasks to queue
[2024-07-08T15:11:38.608+0000] {logging_mixin.py:188} INFO - [2024-07-08T15:11:38.607+0000] {dagbag.py:545} INFO - Filling up the DagBag from /home/airflow/.local/lib/python3.12/site-packages/airflow/example_dags/example_short_circuit_operator.py
[2024-07-08T15:11:38.619+0000] {processor.py:840} INFO - DAG(s) 'example_short_circuit_operator' retrieved from /home/airflow/.local/lib/python3.12/site-packages/airflow/example_dags/example_short_circuit_operator.py
[2024-07-08T15:11:38.650+0000] {logging_mixin.py:188} INFO - [2024-07-08T15:11:38.650+0000] {dag.py:3096} INFO - Sync 1 DAGs
[2024-07-08T15:11:38.680+0000] {logging_mixin.py:188} INFO - [2024-07-08T15:11:38.679+0000] {dag.py:3954} INFO - Setting next_dagrun for example_short_circuit_operator to 2024-07-07 00:00:00+00:00, run_after=2024-07-08 00:00:00+00:00
[2024-07-08T15:11:38.712+0000] {processor.py:183} INFO - Processing /home/airflow/.local/lib/python3.12/site-packages/airflow/example_dags/example_short_circuit_operator.py took 0.114 seconds
[2024-07-08T15:12:09.319+0000] {processor.py:161} INFO - Started process (PID=551) to work on /home/airflow/.local/lib/python3.12/site-packages/airflow/example_dags/example_short_circuit_operator.py
[2024-07-08T15:12:09.321+0000] {processor.py:830} INFO - Processing file /home/airflow/.local/lib/python3.12/site-packages/airflow/example_dags/example_short_circuit_operator.py for tasks to queue
[2024-07-08T15:12:09.324+0000] {logging_mixin.py:188} INFO - [2024-07-08T15:12:09.323+0000] {dagbag.py:545} INFO - Filling up the DagBag from /home/airflow/.local/lib/python3.12/site-packages/airflow/example_dags/example_short_circuit_operator.py
[2024-07-08T15:12:09.335+0000] {processor.py:840} INFO - DAG(s) 'example_short_circuit_operator' retrieved from /home/airflow/.local/lib/python3.12/site-packages/airflow/example_dags/example_short_circuit_operator.py
[2024-07-08T15:12:09.373+0000] {logging_mixin.py:188} INFO - [2024-07-08T15:12:09.372+0000] {dag.py:3096} INFO - Sync 1 DAGs
[2024-07-08T15:12:09.404+0000] {logging_mixin.py:188} INFO - [2024-07-08T15:12:09.404+0000] {dag.py:3954} INFO - Setting next_dagrun for example_short_circuit_operator to 2024-07-07 00:00:00+00:00, run_after=2024-07-08 00:00:00+00:00
[2024-07-08T15:12:09.438+0000] {processor.py:183} INFO - Processing /home/airflow/.local/lib/python3.12/site-packages/airflow/example_dags/example_short_circuit_operator.py took 0.128 seconds
[2024-07-08T15:12:40.388+0000] {processor.py:161} INFO - Started process (PID=609) to work on /home/airflow/.local/lib/python3.12/site-packages/airflow/example_dags/example_short_circuit_operator.py
[2024-07-08T15:12:40.390+0000] {processor.py:830} INFO - Processing file /home/airflow/.local/lib/python3.12/site-packages/airflow/example_dags/example_short_circuit_operator.py for tasks to queue
[2024-07-08T15:12:40.392+0000] {logging_mixin.py:188} INFO - [2024-07-08T15:12:40.392+0000] {dagbag.py:545} INFO - Filling up the DagBag from /home/airflow/.local/lib/python3.12/site-packages/airflow/example_dags/example_short_circuit_operator.py
[2024-07-08T15:12:40.404+0000] {processor.py:840} INFO - DAG(s) 'example_short_circuit_operator' retrieved from /home/airflow/.local/lib/python3.12/site-packages/airflow/example_dags/example_short_circuit_operator.py
[2024-07-08T15:12:40.438+0000] {logging_mixin.py:188} INFO - [2024-07-08T15:12:40.438+0000] {dag.py:3096} INFO - Sync 1 DAGs
[2024-07-08T15:12:40.477+0000] {logging_mixin.py:188} INFO - [2024-07-08T15:12:40.476+0000] {dag.py:3954} INFO - Setting next_dagrun for example_short_circuit_operator to 2024-07-07 00:00:00+00:00, run_after=2024-07-08 00:00:00+00:00
[2024-07-08T15:12:40.510+0000] {processor.py:183} INFO - Processing /home/airflow/.local/lib/python3.12/site-packages/airflow/example_dags/example_short_circuit_operator.py took 0.129 seconds
[2024-07-08T15:13:11.421+0000] {processor.py:161} INFO - Started process (PID=668) to work on /home/airflow/.local/lib/python3.12/site-packages/airflow/example_dags/example_short_circuit_operator.py
[2024-07-08T15:13:11.425+0000] {processor.py:830} INFO - Processing file /home/airflow/.local/lib/python3.12/site-packages/airflow/example_dags/example_short_circuit_operator.py for tasks to queue
[2024-07-08T15:13:11.429+0000] {logging_mixin.py:188} INFO - [2024-07-08T15:13:11.428+0000] {dagbag.py:545} INFO - Filling up the DagBag from /home/airflow/.local/lib/python3.12/site-packages/airflow/example_dags/example_short_circuit_operator.py
[2024-07-08T15:13:11.446+0000] {processor.py:840} INFO - DAG(s) 'example_short_circuit_operator' retrieved from /home/airflow/.local/lib/python3.12/site-packages/airflow/example_dags/example_short_circuit_operator.py
[2024-07-08T15:13:11.510+0000] {logging_mixin.py:188} INFO - [2024-07-08T15:13:11.509+0000] {dag.py:3096} INFO - Sync 1 DAGs
[2024-07-08T15:13:11.574+0000] {logging_mixin.py:188} INFO - [2024-07-08T15:13:11.574+0000] {dag.py:3954} INFO - Setting next_dagrun for example_short_circuit_operator to 2024-07-07 00:00:00+00:00, run_after=2024-07-08 00:00:00+00:00
[2024-07-08T15:13:11.675+0000] {processor.py:183} INFO - Processing /home/airflow/.local/lib/python3.12/site-packages/airflow/example_dags/example_short_circuit_operator.py took 0.268 seconds
[2024-07-08T15:13:41.789+0000] {processor.py:161} INFO - Started process (PID=726) to work on /home/airflow/.local/lib/python3.12/site-packages/airflow/example_dags/example_short_circuit_operator.py
[2024-07-08T15:13:41.790+0000] {processor.py:830} INFO - Processing file /home/airflow/.local/lib/python3.12/site-packages/airflow/example_dags/example_short_circuit_operator.py for tasks to queue
[2024-07-08T15:13:41.793+0000] {logging_mixin.py:188} INFO - [2024-07-08T15:13:41.792+0000] {dagbag.py:545} INFO - Filling up the DagBag from /home/airflow/.local/lib/python3.12/site-packages/airflow/example_dags/example_short_circuit_operator.py
[2024-07-08T15:13:41.805+0000] {processor.py:840} INFO - DAG(s) 'example_short_circuit_operator' retrieved from /home/airflow/.local/lib/python3.12/site-packages/airflow/example_dags/example_short_circuit_operator.py
[2024-07-08T15:13:41.845+0000] {logging_mixin.py:188} INFO - [2024-07-08T15:13:41.845+0000] {dag.py:3096} INFO - Sync 1 DAGs
[2024-07-08T15:13:41.879+0000] {logging_mixin.py:188} INFO - [2024-07-08T15:13:41.878+0000] {dag.py:3954} INFO - Setting next_dagrun for example_short_circuit_operator to 2024-07-07 00:00:00+00:00, run_after=2024-07-08 00:00:00+00:00
[2024-07-08T15:13:41.910+0000] {processor.py:183} INFO - Processing /home/airflow/.local/lib/python3.12/site-packages/airflow/example_dags/example_short_circuit_operator.py took 0.131 seconds
[2024-07-08T15:16:09.560+0000] {processor.py:161} INFO - Started process (PID=746) to work on /home/airflow/.local/lib/python3.12/site-packages/airflow/example_dags/example_short_circuit_operator.py
[2024-07-08T15:16:09.565+0000] {processor.py:830} INFO - Processing file /home/airflow/.local/lib/python3.12/site-packages/airflow/example_dags/example_short_circuit_operator.py for tasks to queue
[2024-07-08T15:16:09.567+0000] {logging_mixin.py:188} INFO - [2024-07-08T15:16:09.566+0000] {dagbag.py:545} INFO - Filling up the DagBag from /home/airflow/.local/lib/python3.12/site-packages/airflow/example_dags/example_short_circuit_operator.py
[2024-07-08T15:16:09.588+0000] {processor.py:840} INFO - DAG(s) 'example_short_circuit_operator' retrieved from /home/airflow/.local/lib/python3.12/site-packages/airflow/example_dags/example_short_circuit_operator.py
[2024-07-08T15:16:09.679+0000] {logging_mixin.py:188} INFO - [2024-07-08T15:16:09.679+0000] {dag.py:3096} INFO - Sync 1 DAGs
[2024-07-08T15:16:09.765+0000] {logging_mixin.py:188} INFO - [2024-07-08T15:16:09.764+0000] {dag.py:3954} INFO - Setting next_dagrun for example_short_circuit_operator to 2024-07-07 00:00:00+00:00, run_after=2024-07-08 00:00:00+00:00
[2024-07-08T15:16:09.842+0000] {processor.py:183} INFO - Processing /home/airflow/.local/lib/python3.12/site-packages/airflow/example_dags/example_short_circuit_operator.py took 0.294 seconds
[2024-07-08T15:16:40.625+0000] {processor.py:161} INFO - Started process (PID=804) to work on /home/airflow/.local/lib/python3.12/site-packages/airflow/example_dags/example_short_circuit_operator.py
[2024-07-08T15:16:40.627+0000] {processor.py:830} INFO - Processing file /home/airflow/.local/lib/python3.12/site-packages/airflow/example_dags/example_short_circuit_operator.py for tasks to queue
[2024-07-08T15:16:40.629+0000] {logging_mixin.py:188} INFO - [2024-07-08T15:16:40.628+0000] {dagbag.py:545} INFO - Filling up the DagBag from /home/airflow/.local/lib/python3.12/site-packages/airflow/example_dags/example_short_circuit_operator.py
[2024-07-08T15:16:40.646+0000] {processor.py:840} INFO - DAG(s) 'example_short_circuit_operator' retrieved from /home/airflow/.local/lib/python3.12/site-packages/airflow/example_dags/example_short_circuit_operator.py
[2024-07-08T15:16:40.688+0000] {logging_mixin.py:188} INFO - [2024-07-08T15:16:40.688+0000] {dag.py:3096} INFO - Sync 1 DAGs
[2024-07-08T15:16:40.733+0000] {logging_mixin.py:188} INFO - [2024-07-08T15:16:40.733+0000] {dag.py:3954} INFO - Setting next_dagrun for example_short_circuit_operator to 2024-07-07 00:00:00+00:00, run_after=2024-07-08 00:00:00+00:00
[2024-07-08T15:16:40.773+0000] {processor.py:183} INFO - Processing /home/airflow/.local/lib/python3.12/site-packages/airflow/example_dags/example_short_circuit_operator.py took 0.163 seconds
[2024-07-08T15:17:11.178+0000] {processor.py:161} INFO - Started process (PID=862) to work on /home/airflow/.local/lib/python3.12/site-packages/airflow/example_dags/example_short_circuit_operator.py
[2024-07-08T15:17:11.180+0000] {processor.py:830} INFO - Processing file /home/airflow/.local/lib/python3.12/site-packages/airflow/example_dags/example_short_circuit_operator.py for tasks to queue
[2024-07-08T15:17:11.181+0000] {logging_mixin.py:188} INFO - [2024-07-08T15:17:11.181+0000] {dagbag.py:545} INFO - Filling up the DagBag from /home/airflow/.local/lib/python3.12/site-packages/airflow/example_dags/example_short_circuit_operator.py
[2024-07-08T15:17:11.195+0000] {processor.py:840} INFO - DAG(s) 'example_short_circuit_operator' retrieved from /home/airflow/.local/lib/python3.12/site-packages/airflow/example_dags/example_short_circuit_operator.py
[2024-07-08T15:17:11.243+0000] {logging_mixin.py:188} INFO - [2024-07-08T15:17:11.242+0000] {dag.py:3096} INFO - Sync 1 DAGs
[2024-07-08T15:17:11.284+0000] {logging_mixin.py:188} INFO - [2024-07-08T15:17:11.284+0000] {dag.py:3954} INFO - Setting next_dagrun for example_short_circuit_operator to 2024-07-07 00:00:00+00:00, run_after=2024-07-08 00:00:00+00:00
[2024-07-08T15:17:11.317+0000] {processor.py:183} INFO - Processing /home/airflow/.local/lib/python3.12/site-packages/airflow/example_dags/example_short_circuit_operator.py took 0.151 seconds
[2024-07-08T15:18:56.610+0000] {processor.py:161} INFO - Started process (PID=910) to work on /home/airflow/.local/lib/python3.12/site-packages/airflow/example_dags/example_short_circuit_operator.py
[2024-07-08T15:18:56.613+0000] {processor.py:830} INFO - Processing file /home/airflow/.local/lib/python3.12/site-packages/airflow/example_dags/example_short_circuit_operator.py for tasks to queue
[2024-07-08T15:18:56.615+0000] {logging_mixin.py:188} INFO - [2024-07-08T15:18:56.615+0000] {dagbag.py:545} INFO - Filling up the DagBag from /home/airflow/.local/lib/python3.12/site-packages/airflow/example_dags/example_short_circuit_operator.py
[2024-07-08T15:18:56.633+0000] {processor.py:840} INFO - DAG(s) 'example_short_circuit_operator' retrieved from /home/airflow/.local/lib/python3.12/site-packages/airflow/example_dags/example_short_circuit_operator.py
[2024-07-08T15:18:56.848+0000] {logging_mixin.py:188} INFO - [2024-07-08T15:18:56.848+0000] {dag.py:3096} INFO - Sync 1 DAGs
[2024-07-08T15:18:57.020+0000] {logging_mixin.py:188} INFO - [2024-07-08T15:18:57.020+0000] {dag.py:3954} INFO - Setting next_dagrun for example_short_circuit_operator to 2024-07-07 00:00:00+00:00, run_after=2024-07-08 00:00:00+00:00
[2024-07-08T15:18:57.069+0000] {processor.py:183} INFO - Processing /home/airflow/.local/lib/python3.12/site-packages/airflow/example_dags/example_short_circuit_operator.py took 0.488 seconds
[2024-07-08T15:19:27.242+0000] {processor.py:161} INFO - Started process (PID=967) to work on /home/airflow/.local/lib/python3.12/site-packages/airflow/example_dags/example_short_circuit_operator.py
[2024-07-08T15:19:27.243+0000] {processor.py:830} INFO - Processing file /home/airflow/.local/lib/python3.12/site-packages/airflow/example_dags/example_short_circuit_operator.py for tasks to queue
[2024-07-08T15:19:27.245+0000] {logging_mixin.py:188} INFO - [2024-07-08T15:19:27.244+0000] {dagbag.py:545} INFO - Filling up the DagBag from /home/airflow/.local/lib/python3.12/site-packages/airflow/example_dags/example_short_circuit_operator.py
[2024-07-08T15:19:27.260+0000] {processor.py:840} INFO - DAG(s) 'example_short_circuit_operator' retrieved from /home/airflow/.local/lib/python3.12/site-packages/airflow/example_dags/example_short_circuit_operator.py
[2024-07-08T15:19:27.322+0000] {logging_mixin.py:188} INFO - [2024-07-08T15:19:27.322+0000] {dag.py:3096} INFO - Sync 1 DAGs
[2024-07-08T15:19:27.382+0000] {logging_mixin.py:188} INFO - [2024-07-08T15:19:27.381+0000] {dag.py:3954} INFO - Setting next_dagrun for example_short_circuit_operator to 2024-07-07 00:00:00+00:00, run_after=2024-07-08 00:00:00+00:00
[2024-07-08T15:19:27.428+0000] {processor.py:183} INFO - Processing /home/airflow/.local/lib/python3.12/site-packages/airflow/example_dags/example_short_circuit_operator.py took 0.196 seconds
[2024-07-08T15:19:57.533+0000] {processor.py:161} INFO - Started process (PID=1024) to work on /home/airflow/.local/lib/python3.12/site-packages/airflow/example_dags/example_short_circuit_operator.py
[2024-07-08T15:19:57.534+0000] {processor.py:830} INFO - Processing file /home/airflow/.local/lib/python3.12/site-packages/airflow/example_dags/example_short_circuit_operator.py for tasks to queue
[2024-07-08T15:19:57.536+0000] {logging_mixin.py:188} INFO - [2024-07-08T15:19:57.535+0000] {dagbag.py:545} INFO - Filling up the DagBag from /home/airflow/.local/lib/python3.12/site-packages/airflow/example_dags/example_short_circuit_operator.py
[2024-07-08T15:19:57.548+0000] {processor.py:840} INFO - DAG(s) 'example_short_circuit_operator' retrieved from /home/airflow/.local/lib/python3.12/site-packages/airflow/example_dags/example_short_circuit_operator.py
[2024-07-08T15:19:57.596+0000] {logging_mixin.py:188} INFO - [2024-07-08T15:19:57.596+0000] {dag.py:3096} INFO - Sync 1 DAGs
[2024-07-08T15:19:57.627+0000] {logging_mixin.py:188} INFO - [2024-07-08T15:19:57.627+0000] {dag.py:3954} INFO - Setting next_dagrun for example_short_circuit_operator to 2024-07-07 00:00:00+00:00, run_after=2024-07-08 00:00:00+00:00
[2024-07-08T15:19:57.656+0000] {processor.py:183} INFO - Processing /home/airflow/.local/lib/python3.12/site-packages/airflow/example_dags/example_short_circuit_operator.py took 0.131 seconds
[2024-07-08T15:20:28.354+0000] {processor.py:161} INFO - Started process (PID=1088) to work on /home/airflow/.local/lib/python3.12/site-packages/airflow/example_dags/example_short_circuit_operator.py
[2024-07-08T15:20:28.355+0000] {processor.py:830} INFO - Processing file /home/airflow/.local/lib/python3.12/site-packages/airflow/example_dags/example_short_circuit_operator.py for tasks to queue
[2024-07-08T15:20:28.357+0000] {logging_mixin.py:188} INFO - [2024-07-08T15:20:28.357+0000] {dagbag.py:545} INFO - Filling up the DagBag from /home/airflow/.local/lib/python3.12/site-packages/airflow/example_dags/example_short_circuit_operator.py
[2024-07-08T15:20:28.370+0000] {processor.py:840} INFO - DAG(s) 'example_short_circuit_operator' retrieved from /home/airflow/.local/lib/python3.12/site-packages/airflow/example_dags/example_short_circuit_operator.py
[2024-07-08T15:20:28.406+0000] {logging_mixin.py:188} INFO - [2024-07-08T15:20:28.405+0000] {dag.py:3096} INFO - Sync 1 DAGs
[2024-07-08T15:20:28.440+0000] {logging_mixin.py:188} INFO - [2024-07-08T15:20:28.440+0000] {dag.py:3954} INFO - Setting next_dagrun for example_short_circuit_operator to 2024-07-07 00:00:00+00:00, run_after=2024-07-08 00:00:00+00:00
[2024-07-08T15:20:28.469+0000] {processor.py:183} INFO - Processing /home/airflow/.local/lib/python3.12/site-packages/airflow/example_dags/example_short_circuit_operator.py took 0.127 seconds
[2024-07-08T15:20:58.549+0000] {processor.py:161} INFO - Started process (PID=1146) to work on /home/airflow/.local/lib/python3.12/site-packages/airflow/example_dags/example_short_circuit_operator.py
[2024-07-08T15:20:58.551+0000] {processor.py:830} INFO - Processing file /home/airflow/.local/lib/python3.12/site-packages/airflow/example_dags/example_short_circuit_operator.py for tasks to queue
[2024-07-08T15:20:58.552+0000] {logging_mixin.py:188} INFO - [2024-07-08T15:20:58.552+0000] {dagbag.py:545} INFO - Filling up the DagBag from /home/airflow/.local/lib/python3.12/site-packages/airflow/example_dags/example_short_circuit_operator.py
[2024-07-08T15:20:58.567+0000] {processor.py:840} INFO - DAG(s) 'example_short_circuit_operator' retrieved from /home/airflow/.local/lib/python3.12/site-packages/airflow/example_dags/example_short_circuit_operator.py
[2024-07-08T15:20:58.603+0000] {logging_mixin.py:188} INFO - [2024-07-08T15:20:58.603+0000] {dag.py:3096} INFO - Sync 1 DAGs
[2024-07-08T15:20:58.635+0000] {logging_mixin.py:188} INFO - [2024-07-08T15:20:58.635+0000] {dag.py:3954} INFO - Setting next_dagrun for example_short_circuit_operator to 2024-07-07 00:00:00+00:00, run_after=2024-07-08 00:00:00+00:00
[2024-07-08T15:20:58.666+0000] {processor.py:183} INFO - Processing /home/airflow/.local/lib/python3.12/site-packages/airflow/example_dags/example_short_circuit_operator.py took 0.123 seconds
[2024-07-08T15:21:28.974+0000] {processor.py:161} INFO - Started process (PID=1204) to work on /home/airflow/.local/lib/python3.12/site-packages/airflow/example_dags/example_short_circuit_operator.py
[2024-07-08T15:21:28.976+0000] {processor.py:830} INFO - Processing file /home/airflow/.local/lib/python3.12/site-packages/airflow/example_dags/example_short_circuit_operator.py for tasks to queue
[2024-07-08T15:21:28.977+0000] {logging_mixin.py:188} INFO - [2024-07-08T15:21:28.977+0000] {dagbag.py:545} INFO - Filling up the DagBag from /home/airflow/.local/lib/python3.12/site-packages/airflow/example_dags/example_short_circuit_operator.py
[2024-07-08T15:21:28.990+0000] {processor.py:840} INFO - DAG(s) 'example_short_circuit_operator' retrieved from /home/airflow/.local/lib/python3.12/site-packages/airflow/example_dags/example_short_circuit_operator.py
[2024-07-08T15:21:29.021+0000] {logging_mixin.py:188} INFO - [2024-07-08T15:21:29.020+0000] {dag.py:3096} INFO - Sync 1 DAGs
[2024-07-08T15:21:29.051+0000] {logging_mixin.py:188} INFO - [2024-07-08T15:21:29.051+0000] {dag.py:3954} INFO - Setting next_dagrun for example_short_circuit_operator to 2024-07-07 00:00:00+00:00, run_after=2024-07-08 00:00:00+00:00
[2024-07-08T15:21:29.080+0000] {processor.py:183} INFO - Processing /home/airflow/.local/lib/python3.12/site-packages/airflow/example_dags/example_short_circuit_operator.py took 0.115 seconds
[2024-07-08T15:21:59.695+0000] {processor.py:161} INFO - Started process (PID=1262) to work on /home/airflow/.local/lib/python3.12/site-packages/airflow/example_dags/example_short_circuit_operator.py
[2024-07-08T15:21:59.697+0000] {processor.py:830} INFO - Processing file /home/airflow/.local/lib/python3.12/site-packages/airflow/example_dags/example_short_circuit_operator.py for tasks to queue
[2024-07-08T15:21:59.702+0000] {logging_mixin.py:188} INFO - [2024-07-08T15:21:59.701+0000] {dagbag.py:545} INFO - Filling up the DagBag from /home/airflow/.local/lib/python3.12/site-packages/airflow/example_dags/example_short_circuit_operator.py
[2024-07-08T15:21:59.756+0000] {processor.py:840} INFO - DAG(s) 'example_short_circuit_operator' retrieved from /home/airflow/.local/lib/python3.12/site-packages/airflow/example_dags/example_short_circuit_operator.py
[2024-07-08T15:21:59.801+0000] {logging_mixin.py:188} INFO - [2024-07-08T15:21:59.800+0000] {dag.py:3096} INFO - Sync 1 DAGs
[2024-07-08T15:21:59.856+0000] {logging_mixin.py:188} INFO - [2024-07-08T15:21:59.855+0000] {dag.py:3954} INFO - Setting next_dagrun for example_short_circuit_operator to 2024-07-07 00:00:00+00:00, run_after=2024-07-08 00:00:00+00:00
[2024-07-08T15:21:59.903+0000] {processor.py:183} INFO - Processing /home/airflow/.local/lib/python3.12/site-packages/airflow/example_dags/example_short_circuit_operator.py took 0.228 seconds
[2024-07-08T15:22:30.803+0000] {processor.py:161} INFO - Started process (PID=1323) to work on /home/airflow/.local/lib/python3.12/site-packages/airflow/example_dags/example_short_circuit_operator.py
[2024-07-08T15:22:30.805+0000] {processor.py:830} INFO - Processing file /home/airflow/.local/lib/python3.12/site-packages/airflow/example_dags/example_short_circuit_operator.py for tasks to queue
[2024-07-08T15:22:30.807+0000] {logging_mixin.py:188} INFO - [2024-07-08T15:22:30.806+0000] {dagbag.py:545} INFO - Filling up the DagBag from /home/airflow/.local/lib/python3.12/site-packages/airflow/example_dags/example_short_circuit_operator.py
[2024-07-08T15:22:30.821+0000] {processor.py:840} INFO - DAG(s) 'example_short_circuit_operator' retrieved from /home/airflow/.local/lib/python3.12/site-packages/airflow/example_dags/example_short_circuit_operator.py
[2024-07-08T15:22:30.863+0000] {logging_mixin.py:188} INFO - [2024-07-08T15:22:30.863+0000] {dag.py:3096} INFO - Sync 1 DAGs
[2024-07-08T15:22:30.931+0000] {logging_mixin.py:188} INFO - [2024-07-08T15:22:30.931+0000] {dag.py:3954} INFO - Setting next_dagrun for example_short_circuit_operator to 2024-07-07 00:00:00+00:00, run_after=2024-07-08 00:00:00+00:00
[2024-07-08T15:22:30.973+0000] {processor.py:183} INFO - Processing /home/airflow/.local/lib/python3.12/site-packages/airflow/example_dags/example_short_circuit_operator.py took 0.178 seconds
[2024-07-08T15:23:01.336+0000] {processor.py:161} INFO - Started process (PID=1386) to work on /home/airflow/.local/lib/python3.12/site-packages/airflow/example_dags/example_short_circuit_operator.py
[2024-07-08T15:23:01.337+0000] {processor.py:830} INFO - Processing file /home/airflow/.local/lib/python3.12/site-packages/airflow/example_dags/example_short_circuit_operator.py for tasks to queue
[2024-07-08T15:23:01.339+0000] {logging_mixin.py:188} INFO - [2024-07-08T15:23:01.338+0000] {dagbag.py:545} INFO - Filling up the DagBag from /home/airflow/.local/lib/python3.12/site-packages/airflow/example_dags/example_short_circuit_operator.py
[2024-07-08T15:23:01.350+0000] {processor.py:840} INFO - DAG(s) 'example_short_circuit_operator' retrieved from /home/airflow/.local/lib/python3.12/site-packages/airflow/example_dags/example_short_circuit_operator.py
[2024-07-08T15:23:01.379+0000] {logging_mixin.py:188} INFO - [2024-07-08T15:23:01.379+0000] {dag.py:3096} INFO - Sync 1 DAGs
[2024-07-08T15:23:01.410+0000] {logging_mixin.py:188} INFO - [2024-07-08T15:23:01.410+0000] {dag.py:3954} INFO - Setting next_dagrun for example_short_circuit_operator to 2024-07-07 00:00:00+00:00, run_after=2024-07-08 00:00:00+00:00
[2024-07-08T15:23:01.457+0000] {processor.py:183} INFO - Processing /home/airflow/.local/lib/python3.12/site-packages/airflow/example_dags/example_short_circuit_operator.py took 0.130 seconds
[2024-07-08T15:23:32.312+0000] {processor.py:161} INFO - Started process (PID=1450) to work on /home/airflow/.local/lib/python3.12/site-packages/airflow/example_dags/example_short_circuit_operator.py
[2024-07-08T15:23:32.313+0000] {processor.py:830} INFO - Processing file /home/airflow/.local/lib/python3.12/site-packages/airflow/example_dags/example_short_circuit_operator.py for tasks to queue
[2024-07-08T15:23:32.315+0000] {logging_mixin.py:188} INFO - [2024-07-08T15:23:32.314+0000] {dagbag.py:545} INFO - Filling up the DagBag from /home/airflow/.local/lib/python3.12/site-packages/airflow/example_dags/example_short_circuit_operator.py
[2024-07-08T15:23:32.327+0000] {processor.py:840} INFO - DAG(s) 'example_short_circuit_operator' retrieved from /home/airflow/.local/lib/python3.12/site-packages/airflow/example_dags/example_short_circuit_operator.py
[2024-07-08T15:23:32.362+0000] {logging_mixin.py:188} INFO - [2024-07-08T15:23:32.361+0000] {dag.py:3096} INFO - Sync 1 DAGs
[2024-07-08T15:23:32.397+0000] {logging_mixin.py:188} INFO - [2024-07-08T15:23:32.397+0000] {dag.py:3954} INFO - Setting next_dagrun for example_short_circuit_operator to 2024-07-07 00:00:00+00:00, run_after=2024-07-08 00:00:00+00:00
[2024-07-08T15:23:32.431+0000] {processor.py:183} INFO - Processing /home/airflow/.local/lib/python3.12/site-packages/airflow/example_dags/example_short_circuit_operator.py took 0.127 seconds
[2024-07-08T15:24:02.538+0000] {processor.py:161} INFO - Started process (PID=1516) to work on /home/airflow/.local/lib/python3.12/site-packages/airflow/example_dags/example_short_circuit_operator.py
[2024-07-08T15:24:02.539+0000] {processor.py:830} INFO - Processing file /home/airflow/.local/lib/python3.12/site-packages/airflow/example_dags/example_short_circuit_operator.py for tasks to queue
[2024-07-08T15:24:02.541+0000] {logging_mixin.py:188} INFO - [2024-07-08T15:24:02.540+0000] {dagbag.py:545} INFO - Filling up the DagBag from /home/airflow/.local/lib/python3.12/site-packages/airflow/example_dags/example_short_circuit_operator.py
[2024-07-08T15:24:02.554+0000] {processor.py:840} INFO - DAG(s) 'example_short_circuit_operator' retrieved from /home/airflow/.local/lib/python3.12/site-packages/airflow/example_dags/example_short_circuit_operator.py
[2024-07-08T15:24:02.592+0000] {logging_mixin.py:188} INFO - [2024-07-08T15:24:02.592+0000] {dag.py:3096} INFO - Sync 1 DAGs
[2024-07-08T15:24:02.636+0000] {logging_mixin.py:188} INFO - [2024-07-08T15:24:02.636+0000] {dag.py:3954} INFO - Setting next_dagrun for example_short_circuit_operator to 2024-07-07 00:00:00+00:00, run_after=2024-07-08 00:00:00+00:00
[2024-07-08T15:24:02.680+0000] {processor.py:183} INFO - Processing /home/airflow/.local/lib/python3.12/site-packages/airflow/example_dags/example_short_circuit_operator.py took 0.150 seconds
[2024-07-08T15:24:32.734+0000] {processor.py:161} INFO - Started process (PID=1575) to work on /home/airflow/.local/lib/python3.12/site-packages/airflow/example_dags/example_short_circuit_operator.py
[2024-07-08T15:24:32.735+0000] {processor.py:830} INFO - Processing file /home/airflow/.local/lib/python3.12/site-packages/airflow/example_dags/example_short_circuit_operator.py for tasks to queue
[2024-07-08T15:24:32.737+0000] {logging_mixin.py:188} INFO - [2024-07-08T15:24:32.737+0000] {dagbag.py:545} INFO - Filling up the DagBag from /home/airflow/.local/lib/python3.12/site-packages/airflow/example_dags/example_short_circuit_operator.py
[2024-07-08T15:24:32.749+0000] {processor.py:840} INFO - DAG(s) 'example_short_circuit_operator' retrieved from /home/airflow/.local/lib/python3.12/site-packages/airflow/example_dags/example_short_circuit_operator.py
[2024-07-08T15:24:32.788+0000] {logging_mixin.py:188} INFO - [2024-07-08T15:24:32.788+0000] {dag.py:3096} INFO - Sync 1 DAGs
[2024-07-08T15:24:32.822+0000] {logging_mixin.py:188} INFO - [2024-07-08T15:24:32.822+0000] {dag.py:3954} INFO - Setting next_dagrun for example_short_circuit_operator to 2024-07-07 00:00:00+00:00, run_after=2024-07-08 00:00:00+00:00
[2024-07-08T15:24:32.862+0000] {processor.py:183} INFO - Processing /home/airflow/.local/lib/python3.12/site-packages/airflow/example_dags/example_short_circuit_operator.py took 0.137 seconds
[2024-07-08T15:25:03.057+0000] {processor.py:161} INFO - Started process (PID=1637) to work on /home/airflow/.local/lib/python3.12/site-packages/airflow/example_dags/example_short_circuit_operator.py
[2024-07-08T15:25:03.059+0000] {processor.py:830} INFO - Processing file /home/airflow/.local/lib/python3.12/site-packages/airflow/example_dags/example_short_circuit_operator.py for tasks to queue
[2024-07-08T15:25:03.061+0000] {logging_mixin.py:188} INFO - [2024-07-08T15:25:03.060+0000] {dagbag.py:545} INFO - Filling up the DagBag from /home/airflow/.local/lib/python3.12/site-packages/airflow/example_dags/example_short_circuit_operator.py
[2024-07-08T15:25:03.083+0000] {processor.py:840} INFO - DAG(s) 'example_short_circuit_operator' retrieved from /home/airflow/.local/lib/python3.12/site-packages/airflow/example_dags/example_short_circuit_operator.py
[2024-07-08T15:25:03.128+0000] {logging_mixin.py:188} INFO - [2024-07-08T15:25:03.128+0000] {dag.py:3096} INFO - Sync 1 DAGs
[2024-07-08T15:25:03.189+0000] {logging_mixin.py:188} INFO - [2024-07-08T15:25:03.189+0000] {dag.py:3954} INFO - Setting next_dagrun for example_short_circuit_operator to 2024-07-07 00:00:00+00:00, run_after=2024-07-08 00:00:00+00:00
[2024-07-08T15:25:03.227+0000] {processor.py:183} INFO - Processing /home/airflow/.local/lib/python3.12/site-packages/airflow/example_dags/example_short_circuit_operator.py took 0.182 seconds
[2024-07-08T15:25:33.553+0000] {processor.py:161} INFO - Started process (PID=1704) to work on /home/airflow/.local/lib/python3.12/site-packages/airflow/example_dags/example_short_circuit_operator.py
[2024-07-08T15:25:33.556+0000] {processor.py:830} INFO - Processing file /home/airflow/.local/lib/python3.12/site-packages/airflow/example_dags/example_short_circuit_operator.py for tasks to queue
[2024-07-08T15:25:33.559+0000] {logging_mixin.py:188} INFO - [2024-07-08T15:25:33.557+0000] {dagbag.py:545} INFO - Filling up the DagBag from /home/airflow/.local/lib/python3.12/site-packages/airflow/example_dags/example_short_circuit_operator.py
[2024-07-08T15:25:33.583+0000] {processor.py:840} INFO - DAG(s) 'example_short_circuit_operator' retrieved from /home/airflow/.local/lib/python3.12/site-packages/airflow/example_dags/example_short_circuit_operator.py
[2024-07-08T15:25:33.630+0000] {logging_mixin.py:188} INFO - [2024-07-08T15:25:33.628+0000] {dag.py:3096} INFO - Sync 1 DAGs
[2024-07-08T15:25:33.677+0000] {logging_mixin.py:188} INFO - [2024-07-08T15:25:33.677+0000] {dag.py:3954} INFO - Setting next_dagrun for example_short_circuit_operator to 2024-07-07 00:00:00+00:00, run_after=2024-07-08 00:00:00+00:00
[2024-07-08T15:25:33.717+0000] {processor.py:183} INFO - Processing /home/airflow/.local/lib/python3.12/site-packages/airflow/example_dags/example_short_circuit_operator.py took 0.176 seconds
[2024-07-08T15:26:03.895+0000] {processor.py:161} INFO - Started process (PID=1769) to work on /home/airflow/.local/lib/python3.12/site-packages/airflow/example_dags/example_short_circuit_operator.py
[2024-07-08T15:26:03.896+0000] {processor.py:830} INFO - Processing file /home/airflow/.local/lib/python3.12/site-packages/airflow/example_dags/example_short_circuit_operator.py for tasks to queue
[2024-07-08T15:26:03.898+0000] {logging_mixin.py:188} INFO - [2024-07-08T15:26:03.897+0000] {dagbag.py:545} INFO - Filling up the DagBag from /home/airflow/.local/lib/python3.12/site-packages/airflow/example_dags/example_short_circuit_operator.py
[2024-07-08T15:26:03.909+0000] {processor.py:840} INFO - DAG(s) 'example_short_circuit_operator' retrieved from /home/airflow/.local/lib/python3.12/site-packages/airflow/example_dags/example_short_circuit_operator.py
[2024-07-08T15:26:03.956+0000] {logging_mixin.py:188} INFO - [2024-07-08T15:26:03.956+0000] {dag.py:3096} INFO - Sync 1 DAGs
[2024-07-08T15:26:03.990+0000] {logging_mixin.py:188} INFO - [2024-07-08T15:26:03.990+0000] {dag.py:3954} INFO - Setting next_dagrun for example_short_circuit_operator to 2024-07-07 00:00:00+00:00, run_after=2024-07-08 00:00:00+00:00
[2024-07-08T15:26:04.028+0000] {processor.py:183} INFO - Processing /home/airflow/.local/lib/python3.12/site-packages/airflow/example_dags/example_short_circuit_operator.py took 0.139 seconds
[2024-07-08T15:26:34.314+0000] {processor.py:161} INFO - Started process (PID=1830) to work on /home/airflow/.local/lib/python3.12/site-packages/airflow/example_dags/example_short_circuit_operator.py
[2024-07-08T15:26:34.315+0000] {processor.py:830} INFO - Processing file /home/airflow/.local/lib/python3.12/site-packages/airflow/example_dags/example_short_circuit_operator.py for tasks to queue
[2024-07-08T15:26:34.317+0000] {logging_mixin.py:188} INFO - [2024-07-08T15:26:34.316+0000] {dagbag.py:545} INFO - Filling up the DagBag from /home/airflow/.local/lib/python3.12/site-packages/airflow/example_dags/example_short_circuit_operator.py
[2024-07-08T15:26:34.328+0000] {processor.py:840} INFO - DAG(s) 'example_short_circuit_operator' retrieved from /home/airflow/.local/lib/python3.12/site-packages/airflow/example_dags/example_short_circuit_operator.py
[2024-07-08T15:26:34.359+0000] {logging_mixin.py:188} INFO - [2024-07-08T15:26:34.359+0000] {dag.py:3096} INFO - Sync 1 DAGs
[2024-07-08T15:26:34.551+0000] {logging_mixin.py:188} INFO - [2024-07-08T15:26:34.550+0000] {dag.py:3954} INFO - Setting next_dagrun for example_short_circuit_operator to 2024-07-07 00:00:00+00:00, run_after=2024-07-08 00:00:00+00:00
[2024-07-08T15:26:34.580+0000] {processor.py:183} INFO - Processing /home/airflow/.local/lib/python3.12/site-packages/airflow/example_dags/example_short_circuit_operator.py took 0.274 seconds
[2024-07-08T15:27:04.823+0000] {processor.py:161} INFO - Started process (PID=1891) to work on /home/airflow/.local/lib/python3.12/site-packages/airflow/example_dags/example_short_circuit_operator.py
[2024-07-08T15:27:04.825+0000] {processor.py:830} INFO - Processing file /home/airflow/.local/lib/python3.12/site-packages/airflow/example_dags/example_short_circuit_operator.py for tasks to queue
[2024-07-08T15:27:04.827+0000] {logging_mixin.py:188} INFO - [2024-07-08T15:27:04.826+0000] {dagbag.py:545} INFO - Filling up the DagBag from /home/airflow/.local/lib/python3.12/site-packages/airflow/example_dags/example_short_circuit_operator.py
[2024-07-08T15:27:04.843+0000] {processor.py:840} INFO - DAG(s) 'example_short_circuit_operator' retrieved from /home/airflow/.local/lib/python3.12/site-packages/airflow/example_dags/example_short_circuit_operator.py
[2024-07-08T15:27:04.877+0000] {logging_mixin.py:188} INFO - [2024-07-08T15:27:04.876+0000] {dag.py:3096} INFO - Sync 1 DAGs
[2024-07-08T15:27:05.072+0000] {logging_mixin.py:188} INFO - [2024-07-08T15:27:05.072+0000] {dag.py:3954} INFO - Setting next_dagrun for example_short_circuit_operator to 2024-07-07 00:00:00+00:00, run_after=2024-07-08 00:00:00+00:00
[2024-07-08T15:27:05.102+0000] {processor.py:183} INFO - Processing /home/airflow/.local/lib/python3.12/site-packages/airflow/example_dags/example_short_circuit_operator.py took 0.285 seconds
[2024-07-08T15:27:35.960+0000] {processor.py:161} INFO - Started process (PID=1949) to work on /home/airflow/.local/lib/python3.12/site-packages/airflow/example_dags/example_short_circuit_operator.py
[2024-07-08T15:27:35.961+0000] {processor.py:830} INFO - Processing file /home/airflow/.local/lib/python3.12/site-packages/airflow/example_dags/example_short_circuit_operator.py for tasks to queue
[2024-07-08T15:27:35.963+0000] {logging_mixin.py:188} INFO - [2024-07-08T15:27:35.963+0000] {dagbag.py:545} INFO - Filling up the DagBag from /home/airflow/.local/lib/python3.12/site-packages/airflow/example_dags/example_short_circuit_operator.py
[2024-07-08T15:27:35.977+0000] {processor.py:840} INFO - DAG(s) 'example_short_circuit_operator' retrieved from /home/airflow/.local/lib/python3.12/site-packages/airflow/example_dags/example_short_circuit_operator.py
[2024-07-08T15:27:36.014+0000] {logging_mixin.py:188} INFO - [2024-07-08T15:27:36.014+0000] {dag.py:3096} INFO - Sync 1 DAGs
[2024-07-08T15:27:36.358+0000] {logging_mixin.py:188} INFO - [2024-07-08T15:27:36.357+0000] {dag.py:3954} INFO - Setting next_dagrun for example_short_circuit_operator to 2024-07-07 00:00:00+00:00, run_after=2024-07-08 00:00:00+00:00
[2024-07-08T15:27:36.401+0000] {processor.py:183} INFO - Processing /home/airflow/.local/lib/python3.12/site-packages/airflow/example_dags/example_short_circuit_operator.py took 0.451 seconds
[2024-07-08T15:28:06.796+0000] {processor.py:161} INFO - Started process (PID=2008) to work on /home/airflow/.local/lib/python3.12/site-packages/airflow/example_dags/example_short_circuit_operator.py
[2024-07-08T15:28:06.797+0000] {processor.py:830} INFO - Processing file /home/airflow/.local/lib/python3.12/site-packages/airflow/example_dags/example_short_circuit_operator.py for tasks to queue
[2024-07-08T15:28:06.799+0000] {logging_mixin.py:188} INFO - [2024-07-08T15:28:06.798+0000] {dagbag.py:545} INFO - Filling up the DagBag from /home/airflow/.local/lib/python3.12/site-packages/airflow/example_dags/example_short_circuit_operator.py
[2024-07-08T15:28:06.811+0000] {processor.py:840} INFO - DAG(s) 'example_short_circuit_operator' retrieved from /home/airflow/.local/lib/python3.12/site-packages/airflow/example_dags/example_short_circuit_operator.py
[2024-07-08T15:28:06.843+0000] {logging_mixin.py:188} INFO - [2024-07-08T15:28:06.843+0000] {dag.py:3096} INFO - Sync 1 DAGs
[2024-07-08T15:28:06.880+0000] {logging_mixin.py:188} INFO - [2024-07-08T15:28:06.880+0000] {dag.py:3954} INFO - Setting next_dagrun for example_short_circuit_operator to 2024-07-07 00:00:00+00:00, run_after=2024-07-08 00:00:00+00:00
[2024-07-08T15:28:06.920+0000] {processor.py:183} INFO - Processing /home/airflow/.local/lib/python3.12/site-packages/airflow/example_dags/example_short_circuit_operator.py took 0.131 seconds
[2024-07-08T15:31:06.730+0000] {processor.py:161} INFO - Started process (PID=2068) to work on /home/airflow/.local/lib/python3.12/site-packages/airflow/example_dags/example_short_circuit_operator.py
[2024-07-08T15:31:06.731+0000] {processor.py:830} INFO - Processing file /home/airflow/.local/lib/python3.12/site-packages/airflow/example_dags/example_short_circuit_operator.py for tasks to queue
[2024-07-08T15:31:06.733+0000] {logging_mixin.py:188} INFO - [2024-07-08T15:31:06.733+0000] {dagbag.py:545} INFO - Filling up the DagBag from /home/airflow/.local/lib/python3.12/site-packages/airflow/example_dags/example_short_circuit_operator.py
[2024-07-08T15:31:06.756+0000] {processor.py:840} INFO - DAG(s) 'example_short_circuit_operator' retrieved from /home/airflow/.local/lib/python3.12/site-packages/airflow/example_dags/example_short_circuit_operator.py
[2024-07-08T15:31:06.800+0000] {logging_mixin.py:188} INFO - [2024-07-08T15:31:06.799+0000] {dag.py:3096} INFO - Sync 1 DAGs
[2024-07-08T15:31:06.883+0000] {logging_mixin.py:188} INFO - [2024-07-08T15:31:06.882+0000] {dag.py:3954} INFO - Setting next_dagrun for example_short_circuit_operator to 2024-07-07 00:00:00+00:00, run_after=2024-07-08 00:00:00+00:00
[2024-07-08T15:31:06.939+0000] {processor.py:183} INFO - Processing /home/airflow/.local/lib/python3.12/site-packages/airflow/example_dags/example_short_circuit_operator.py took 0.216 seconds
[2024-07-08T15:31:37.618+0000] {processor.py:161} INFO - Started process (PID=2126) to work on /home/airflow/.local/lib/python3.12/site-packages/airflow/example_dags/example_short_circuit_operator.py
[2024-07-08T15:31:37.619+0000] {processor.py:830} INFO - Processing file /home/airflow/.local/lib/python3.12/site-packages/airflow/example_dags/example_short_circuit_operator.py for tasks to queue
[2024-07-08T15:31:37.621+0000] {logging_mixin.py:188} INFO - [2024-07-08T15:31:37.620+0000] {dagbag.py:545} INFO - Filling up the DagBag from /home/airflow/.local/lib/python3.12/site-packages/airflow/example_dags/example_short_circuit_operator.py
[2024-07-08T15:31:37.635+0000] {processor.py:840} INFO - DAG(s) 'example_short_circuit_operator' retrieved from /home/airflow/.local/lib/python3.12/site-packages/airflow/example_dags/example_short_circuit_operator.py
[2024-07-08T15:31:37.681+0000] {logging_mixin.py:188} INFO - [2024-07-08T15:31:37.681+0000] {dag.py:3096} INFO - Sync 1 DAGs
[2024-07-08T15:31:37.720+0000] {logging_mixin.py:188} INFO - [2024-07-08T15:31:37.720+0000] {dag.py:3954} INFO - Setting next_dagrun for example_short_circuit_operator to 2024-07-07 00:00:00+00:00, run_after=2024-07-08 00:00:00+00:00
[2024-07-08T15:31:37.754+0000] {processor.py:183} INFO - Processing /home/airflow/.local/lib/python3.12/site-packages/airflow/example_dags/example_short_circuit_operator.py took 0.145 seconds
[2024-07-08T15:32:08.102+0000] {processor.py:161} INFO - Started process (PID=2185) to work on /home/airflow/.local/lib/python3.12/site-packages/airflow/example_dags/example_short_circuit_operator.py
[2024-07-08T15:32:08.104+0000] {processor.py:830} INFO - Processing file /home/airflow/.local/lib/python3.12/site-packages/airflow/example_dags/example_short_circuit_operator.py for tasks to queue
[2024-07-08T15:32:08.106+0000] {logging_mixin.py:188} INFO - [2024-07-08T15:32:08.105+0000] {dagbag.py:545} INFO - Filling up the DagBag from /home/airflow/.local/lib/python3.12/site-packages/airflow/example_dags/example_short_circuit_operator.py
[2024-07-08T15:32:08.118+0000] {processor.py:840} INFO - DAG(s) 'example_short_circuit_operator' retrieved from /home/airflow/.local/lib/python3.12/site-packages/airflow/example_dags/example_short_circuit_operator.py
[2024-07-08T15:32:08.145+0000] {logging_mixin.py:188} INFO - [2024-07-08T15:32:08.145+0000] {dag.py:3096} INFO - Sync 1 DAGs
[2024-07-08T15:32:08.170+0000] {logging_mixin.py:188} INFO - [2024-07-08T15:32:08.170+0000] {dag.py:3954} INFO - Setting next_dagrun for example_short_circuit_operator to 2024-07-07 00:00:00+00:00, run_after=2024-07-08 00:00:00+00:00
[2024-07-08T15:32:08.195+0000] {processor.py:183} INFO - Processing /home/airflow/.local/lib/python3.12/site-packages/airflow/example_dags/example_short_circuit_operator.py took 0.102 seconds
[2024-07-08T15:33:47.223+0000] {processor.py:161} INFO - Started process (PID=2244) to work on /home/airflow/.local/lib/python3.12/site-packages/airflow/example_dags/example_short_circuit_operator.py
[2024-07-08T15:33:47.226+0000] {processor.py:830} INFO - Processing file /home/airflow/.local/lib/python3.12/site-packages/airflow/example_dags/example_short_circuit_operator.py for tasks to queue
[2024-07-08T15:33:47.236+0000] {logging_mixin.py:188} INFO - [2024-07-08T15:33:47.227+0000] {dagbag.py:545} INFO - Filling up the DagBag from /home/airflow/.local/lib/python3.12/site-packages/airflow/example_dags/example_short_circuit_operator.py
[2024-07-08T15:33:47.297+0000] {processor.py:840} INFO - DAG(s) 'example_short_circuit_operator' retrieved from /home/airflow/.local/lib/python3.12/site-packages/airflow/example_dags/example_short_circuit_operator.py
[2024-07-08T15:33:48.141+0000] {logging_mixin.py:188} INFO - [2024-07-08T15:33:48.139+0000] {dag.py:3096} INFO - Sync 1 DAGs
[2024-07-08T15:33:48.359+0000] {logging_mixin.py:188} INFO - [2024-07-08T15:33:48.358+0000] {dag.py:3954} INFO - Setting next_dagrun for example_short_circuit_operator to 2024-07-07 00:00:00+00:00, run_after=2024-07-08 00:00:00+00:00
[2024-07-08T15:33:48.648+0000] {processor.py:183} INFO - Processing /home/airflow/.local/lib/python3.12/site-packages/airflow/example_dags/example_short_circuit_operator.py took 1.446 seconds
[2024-07-08T15:40:09.209+0000] {processor.py:161} INFO - Started process (PID=2364) to work on /home/airflow/.local/lib/python3.12/site-packages/airflow/example_dags/example_short_circuit_operator.py
[2024-07-08T15:40:09.212+0000] {processor.py:830} INFO - Processing file /home/airflow/.local/lib/python3.12/site-packages/airflow/example_dags/example_short_circuit_operator.py for tasks to queue
[2024-07-08T15:40:09.217+0000] {logging_mixin.py:188} INFO - [2024-07-08T15:40:09.215+0000] {dagbag.py:545} INFO - Filling up the DagBag from /home/airflow/.local/lib/python3.12/site-packages/airflow/example_dags/example_short_circuit_operator.py
[2024-07-08T15:40:09.268+0000] {processor.py:840} INFO - DAG(s) 'example_short_circuit_operator' retrieved from /home/airflow/.local/lib/python3.12/site-packages/airflow/example_dags/example_short_circuit_operator.py
[2024-07-08T15:40:09.370+0000] {logging_mixin.py:188} INFO - [2024-07-08T15:40:09.369+0000] {dag.py:3096} INFO - Sync 1 DAGs
[2024-07-08T15:40:09.469+0000] {logging_mixin.py:188} INFO - [2024-07-08T15:40:09.469+0000] {dag.py:3954} INFO - Setting next_dagrun for example_short_circuit_operator to 2024-07-07 00:00:00+00:00, run_after=2024-07-08 00:00:00+00:00
[2024-07-08T15:40:09.573+0000] {processor.py:183} INFO - Processing /home/airflow/.local/lib/python3.12/site-packages/airflow/example_dags/example_short_circuit_operator.py took 0.378 seconds
[2024-07-08T15:41:26.222+0000] {processor.py:161} INFO - Started process (PID=2392) to work on /home/airflow/.local/lib/python3.12/site-packages/airflow/example_dags/example_short_circuit_operator.py
[2024-07-08T15:41:26.224+0000] {processor.py:830} INFO - Processing file /home/airflow/.local/lib/python3.12/site-packages/airflow/example_dags/example_short_circuit_operator.py for tasks to queue
[2024-07-08T15:41:26.230+0000] {logging_mixin.py:188} INFO - [2024-07-08T15:41:26.229+0000] {dagbag.py:545} INFO - Filling up the DagBag from /home/airflow/.local/lib/python3.12/site-packages/airflow/example_dags/example_short_circuit_operator.py
[2024-07-08T15:41:26.266+0000] {processor.py:840} INFO - DAG(s) 'example_short_circuit_operator' retrieved from /home/airflow/.local/lib/python3.12/site-packages/airflow/example_dags/example_short_circuit_operator.py
[2024-07-08T15:41:26.381+0000] {logging_mixin.py:188} INFO - [2024-07-08T15:41:26.380+0000] {dag.py:3096} INFO - Sync 1 DAGs
[2024-07-08T15:41:26.447+0000] {logging_mixin.py:188} INFO - [2024-07-08T15:41:26.447+0000] {dag.py:3954} INFO - Setting next_dagrun for example_short_circuit_operator to 2024-07-07 00:00:00+00:00, run_after=2024-07-08 00:00:00+00:00
[2024-07-08T15:41:26.549+0000] {processor.py:183} INFO - Processing /home/airflow/.local/lib/python3.12/site-packages/airflow/example_dags/example_short_circuit_operator.py took 0.341 seconds
[2024-07-08T15:42:24.712+0000] {processor.py:161} INFO - Started process (PID=2451) to work on /home/airflow/.local/lib/python3.12/site-packages/airflow/example_dags/example_short_circuit_operator.py
[2024-07-08T15:42:24.723+0000] {processor.py:830} INFO - Processing file /home/airflow/.local/lib/python3.12/site-packages/airflow/example_dags/example_short_circuit_operator.py for tasks to queue
[2024-07-08T15:42:24.729+0000] {logging_mixin.py:188} INFO - [2024-07-08T15:42:24.728+0000] {dagbag.py:545} INFO - Filling up the DagBag from /home/airflow/.local/lib/python3.12/site-packages/airflow/example_dags/example_short_circuit_operator.py
[2024-07-08T15:42:24.746+0000] {processor.py:840} INFO - DAG(s) 'example_short_circuit_operator' retrieved from /home/airflow/.local/lib/python3.12/site-packages/airflow/example_dags/example_short_circuit_operator.py
[2024-07-08T15:42:24.836+0000] {logging_mixin.py:188} INFO - [2024-07-08T15:42:24.835+0000] {dag.py:3096} INFO - Sync 1 DAGs
[2024-07-08T15:42:24.879+0000] {logging_mixin.py:188} INFO - [2024-07-08T15:42:24.879+0000] {dag.py:3954} INFO - Setting next_dagrun for example_short_circuit_operator to 2024-07-07 00:00:00+00:00, run_after=2024-07-08 00:00:00+00:00
[2024-07-08T15:42:24.943+0000] {processor.py:183} INFO - Processing /home/airflow/.local/lib/python3.12/site-packages/airflow/example_dags/example_short_circuit_operator.py took 0.241 seconds
[2024-07-08T15:42:55.437+0000] {processor.py:161} INFO - Started process (PID=2512) to work on /home/airflow/.local/lib/python3.12/site-packages/airflow/example_dags/example_short_circuit_operator.py
[2024-07-08T15:42:55.438+0000] {processor.py:830} INFO - Processing file /home/airflow/.local/lib/python3.12/site-packages/airflow/example_dags/example_short_circuit_operator.py for tasks to queue
[2024-07-08T15:42:55.440+0000] {logging_mixin.py:188} INFO - [2024-07-08T15:42:55.439+0000] {dagbag.py:545} INFO - Filling up the DagBag from /home/airflow/.local/lib/python3.12/site-packages/airflow/example_dags/example_short_circuit_operator.py
[2024-07-08T15:42:55.449+0000] {processor.py:840} INFO - DAG(s) 'example_short_circuit_operator' retrieved from /home/airflow/.local/lib/python3.12/site-packages/airflow/example_dags/example_short_circuit_operator.py
[2024-07-08T15:42:55.480+0000] {logging_mixin.py:188} INFO - [2024-07-08T15:42:55.480+0000] {dag.py:3096} INFO - Sync 1 DAGs
[2024-07-08T15:42:55.503+0000] {logging_mixin.py:188} INFO - [2024-07-08T15:42:55.503+0000] {dag.py:3954} INFO - Setting next_dagrun for example_short_circuit_operator to 2024-07-07 00:00:00+00:00, run_after=2024-07-08 00:00:00+00:00
[2024-07-08T15:42:55.530+0000] {processor.py:183} INFO - Processing /home/airflow/.local/lib/python3.12/site-packages/airflow/example_dags/example_short_circuit_operator.py took 0.100 seconds
[2024-07-08T15:43:26.293+0000] {processor.py:161} INFO - Started process (PID=2572) to work on /home/airflow/.local/lib/python3.12/site-packages/airflow/example_dags/example_short_circuit_operator.py
[2024-07-08T15:43:26.294+0000] {processor.py:830} INFO - Processing file /home/airflow/.local/lib/python3.12/site-packages/airflow/example_dags/example_short_circuit_operator.py for tasks to queue
[2024-07-08T15:43:26.296+0000] {logging_mixin.py:188} INFO - [2024-07-08T15:43:26.295+0000] {dagbag.py:545} INFO - Filling up the DagBag from /home/airflow/.local/lib/python3.12/site-packages/airflow/example_dags/example_short_circuit_operator.py
[2024-07-08T15:43:26.303+0000] {processor.py:840} INFO - DAG(s) 'example_short_circuit_operator' retrieved from /home/airflow/.local/lib/python3.12/site-packages/airflow/example_dags/example_short_circuit_operator.py
[2024-07-08T15:43:26.378+0000] {logging_mixin.py:188} INFO - [2024-07-08T15:43:26.378+0000] {dag.py:3096} INFO - Sync 1 DAGs
[2024-07-08T15:43:26.407+0000] {logging_mixin.py:188} INFO - [2024-07-08T15:43:26.407+0000] {dag.py:3954} INFO - Setting next_dagrun for example_short_circuit_operator to 2024-07-07 00:00:00+00:00, run_after=2024-07-08 00:00:00+00:00
[2024-07-08T15:43:26.433+0000] {processor.py:183} INFO - Processing /home/airflow/.local/lib/python3.12/site-packages/airflow/example_dags/example_short_circuit_operator.py took 0.150 seconds
[2024-07-08T15:43:56.669+0000] {processor.py:161} INFO - Started process (PID=2632) to work on /home/airflow/.local/lib/python3.12/site-packages/airflow/example_dags/example_short_circuit_operator.py
[2024-07-08T15:43:56.671+0000] {processor.py:830} INFO - Processing file /home/airflow/.local/lib/python3.12/site-packages/airflow/example_dags/example_short_circuit_operator.py for tasks to queue
[2024-07-08T15:43:56.673+0000] {logging_mixin.py:188} INFO - [2024-07-08T15:43:56.672+0000] {dagbag.py:545} INFO - Filling up the DagBag from /home/airflow/.local/lib/python3.12/site-packages/airflow/example_dags/example_short_circuit_operator.py
[2024-07-08T15:43:56.685+0000] {processor.py:840} INFO - DAG(s) 'example_short_circuit_operator' retrieved from /home/airflow/.local/lib/python3.12/site-packages/airflow/example_dags/example_short_circuit_operator.py
[2024-07-08T15:43:56.731+0000] {logging_mixin.py:188} INFO - [2024-07-08T15:43:56.731+0000] {dag.py:3096} INFO - Sync 1 DAGs
[2024-07-08T15:43:56.794+0000] {logging_mixin.py:188} INFO - [2024-07-08T15:43:56.792+0000] {dag.py:3954} INFO - Setting next_dagrun for example_short_circuit_operator to 2024-07-07 00:00:00+00:00, run_after=2024-07-08 00:00:00+00:00
[2024-07-08T15:43:56.854+0000] {processor.py:183} INFO - Processing /home/airflow/.local/lib/python3.12/site-packages/airflow/example_dags/example_short_circuit_operator.py took 0.199 seconds
