[2024-07-08T15:08:00.108+0000] {processor.py:161} INFO - Started process (PID=83) to work on /home/airflow/.local/lib/python3.12/site-packages/airflow/example_dags/tutorial_dag.py
[2024-07-08T15:08:00.111+0000] {processor.py:830} INFO - Processing file /home/airflow/.local/lib/python3.12/site-packages/airflow/example_dags/tutorial_dag.py for tasks to queue
[2024-07-08T15:08:00.115+0000] {logging_mixin.py:188} INFO - [2024-07-08T15:08:00.114+0000] {dagbag.py:545} INFO - Filling up the DagBag from /home/airflow/.local/lib/python3.12/site-packages/airflow/example_dags/tutorial_dag.py
[2024-07-08T15:08:00.133+0000] {processor.py:840} INFO - DAG(s) 'tutorial_dag' retrieved from /home/airflow/.local/lib/python3.12/site-packages/airflow/example_dags/tutorial_dag.py
[2024-07-08T15:08:00.659+0000] {logging_mixin.py:188} INFO - [2024-07-08T15:08:00.659+0000] {dag.py:3096} INFO - Sync 1 DAGs
[2024-07-08T15:08:00.722+0000] {logging_mixin.py:188} INFO - [2024-07-08T15:08:00.720+0000] {dag.py:3954} INFO - Setting next_dagrun for tutorial_dag to None, run_after=None
[2024-07-08T15:08:00.860+0000] {processor.py:183} INFO - Processing /home/airflow/.local/lib/python3.12/site-packages/airflow/example_dags/tutorial_dag.py took 0.764 seconds
[2024-07-08T15:08:31.008+0000] {processor.py:161} INFO - Started process (PID=140) to work on /home/airflow/.local/lib/python3.12/site-packages/airflow/example_dags/tutorial_dag.py
[2024-07-08T15:08:31.019+0000] {processor.py:830} INFO - Processing file /home/airflow/.local/lib/python3.12/site-packages/airflow/example_dags/tutorial_dag.py for tasks to queue
[2024-07-08T15:08:31.023+0000] {logging_mixin.py:188} INFO - [2024-07-08T15:08:31.022+0000] {dagbag.py:545} INFO - Filling up the DagBag from /home/airflow/.local/lib/python3.12/site-packages/airflow/example_dags/tutorial_dag.py
[2024-07-08T15:08:31.035+0000] {processor.py:840} INFO - DAG(s) 'tutorial_dag' retrieved from /home/airflow/.local/lib/python3.12/site-packages/airflow/example_dags/tutorial_dag.py
[2024-07-08T15:08:31.126+0000] {logging_mixin.py:188} INFO - [2024-07-08T15:08:31.124+0000] {dag.py:3096} INFO - Sync 1 DAGs
[2024-07-08T15:08:31.170+0000] {logging_mixin.py:188} INFO - [2024-07-08T15:08:31.169+0000] {dag.py:3954} INFO - Setting next_dagrun for tutorial_dag to None, run_after=None
[2024-07-08T15:08:31.214+0000] {processor.py:183} INFO - Processing /home/airflow/.local/lib/python3.12/site-packages/airflow/example_dags/tutorial_dag.py took 0.222 seconds
[2024-07-08T15:09:01.448+0000] {processor.py:161} INFO - Started process (PID=198) to work on /home/airflow/.local/lib/python3.12/site-packages/airflow/example_dags/tutorial_dag.py
[2024-07-08T15:09:01.450+0000] {processor.py:830} INFO - Processing file /home/airflow/.local/lib/python3.12/site-packages/airflow/example_dags/tutorial_dag.py for tasks to queue
[2024-07-08T15:09:01.454+0000] {logging_mixin.py:188} INFO - [2024-07-08T15:09:01.453+0000] {dagbag.py:545} INFO - Filling up the DagBag from /home/airflow/.local/lib/python3.12/site-packages/airflow/example_dags/tutorial_dag.py
[2024-07-08T15:09:01.463+0000] {processor.py:840} INFO - DAG(s) 'tutorial_dag' retrieved from /home/airflow/.local/lib/python3.12/site-packages/airflow/example_dags/tutorial_dag.py
[2024-07-08T15:09:01.495+0000] {logging_mixin.py:188} INFO - [2024-07-08T15:09:01.495+0000] {dag.py:3096} INFO - Sync 1 DAGs
[2024-07-08T15:09:01.514+0000] {logging_mixin.py:188} INFO - [2024-07-08T15:09:01.514+0000] {dag.py:3954} INFO - Setting next_dagrun for tutorial_dag to None, run_after=None
[2024-07-08T15:09:01.557+0000] {processor.py:183} INFO - Processing /home/airflow/.local/lib/python3.12/site-packages/airflow/example_dags/tutorial_dag.py took 0.118 seconds
[2024-07-08T15:09:31.909+0000] {processor.py:161} INFO - Started process (PID=256) to work on /home/airflow/.local/lib/python3.12/site-packages/airflow/example_dags/tutorial_dag.py
[2024-07-08T15:09:31.920+0000] {processor.py:830} INFO - Processing file /home/airflow/.local/lib/python3.12/site-packages/airflow/example_dags/tutorial_dag.py for tasks to queue
[2024-07-08T15:09:31.923+0000] {logging_mixin.py:188} INFO - [2024-07-08T15:09:31.922+0000] {dagbag.py:545} INFO - Filling up the DagBag from /home/airflow/.local/lib/python3.12/site-packages/airflow/example_dags/tutorial_dag.py
[2024-07-08T15:09:31.930+0000] {processor.py:840} INFO - DAG(s) 'tutorial_dag' retrieved from /home/airflow/.local/lib/python3.12/site-packages/airflow/example_dags/tutorial_dag.py
[2024-07-08T15:09:31.957+0000] {logging_mixin.py:188} INFO - [2024-07-08T15:09:31.957+0000] {dag.py:3096} INFO - Sync 1 DAGs
[2024-07-08T15:09:31.973+0000] {logging_mixin.py:188} INFO - [2024-07-08T15:09:31.973+0000] {dag.py:3954} INFO - Setting next_dagrun for tutorial_dag to None, run_after=None
[2024-07-08T15:09:32.051+0000] {processor.py:183} INFO - Processing /home/airflow/.local/lib/python3.12/site-packages/airflow/example_dags/tutorial_dag.py took 0.149 seconds
[2024-07-08T15:10:02.577+0000] {processor.py:161} INFO - Started process (PID=314) to work on /home/airflow/.local/lib/python3.12/site-packages/airflow/example_dags/tutorial_dag.py
[2024-07-08T15:10:02.581+0000] {processor.py:830} INFO - Processing file /home/airflow/.local/lib/python3.12/site-packages/airflow/example_dags/tutorial_dag.py for tasks to queue
[2024-07-08T15:10:02.585+0000] {logging_mixin.py:188} INFO - [2024-07-08T15:10:02.584+0000] {dagbag.py:545} INFO - Filling up the DagBag from /home/airflow/.local/lib/python3.12/site-packages/airflow/example_dags/tutorial_dag.py
[2024-07-08T15:10:02.592+0000] {processor.py:840} INFO - DAG(s) 'tutorial_dag' retrieved from /home/airflow/.local/lib/python3.12/site-packages/airflow/example_dags/tutorial_dag.py
[2024-07-08T15:10:02.625+0000] {logging_mixin.py:188} INFO - [2024-07-08T15:10:02.625+0000] {dag.py:3096} INFO - Sync 1 DAGs
[2024-07-08T15:10:02.646+0000] {logging_mixin.py:188} INFO - [2024-07-08T15:10:02.645+0000] {dag.py:3954} INFO - Setting next_dagrun for tutorial_dag to None, run_after=None
[2024-07-08T15:10:02.684+0000] {processor.py:183} INFO - Processing /home/airflow/.local/lib/python3.12/site-packages/airflow/example_dags/tutorial_dag.py took 0.115 seconds
[2024-07-08T15:10:33.042+0000] {processor.py:161} INFO - Started process (PID=371) to work on /home/airflow/.local/lib/python3.12/site-packages/airflow/example_dags/tutorial_dag.py
[2024-07-08T15:10:33.044+0000] {processor.py:830} INFO - Processing file /home/airflow/.local/lib/python3.12/site-packages/airflow/example_dags/tutorial_dag.py for tasks to queue
[2024-07-08T15:10:33.046+0000] {logging_mixin.py:188} INFO - [2024-07-08T15:10:33.046+0000] {dagbag.py:545} INFO - Filling up the DagBag from /home/airflow/.local/lib/python3.12/site-packages/airflow/example_dags/tutorial_dag.py
[2024-07-08T15:10:33.052+0000] {processor.py:840} INFO - DAG(s) 'tutorial_dag' retrieved from /home/airflow/.local/lib/python3.12/site-packages/airflow/example_dags/tutorial_dag.py
[2024-07-08T15:10:33.082+0000] {logging_mixin.py:188} INFO - [2024-07-08T15:10:33.081+0000] {dag.py:3096} INFO - Sync 1 DAGs
[2024-07-08T15:10:33.097+0000] {logging_mixin.py:188} INFO - [2024-07-08T15:10:33.097+0000] {dag.py:3954} INFO - Setting next_dagrun for tutorial_dag to None, run_after=None
[2024-07-08T15:10:33.126+0000] {processor.py:183} INFO - Processing /home/airflow/.local/lib/python3.12/site-packages/airflow/example_dags/tutorial_dag.py took 0.092 seconds
[2024-07-08T15:11:03.256+0000] {processor.py:161} INFO - Started process (PID=429) to work on /home/airflow/.local/lib/python3.12/site-packages/airflow/example_dags/tutorial_dag.py
[2024-07-08T15:11:03.258+0000] {processor.py:830} INFO - Processing file /home/airflow/.local/lib/python3.12/site-packages/airflow/example_dags/tutorial_dag.py for tasks to queue
[2024-07-08T15:11:03.261+0000] {logging_mixin.py:188} INFO - [2024-07-08T15:11:03.260+0000] {dagbag.py:545} INFO - Filling up the DagBag from /home/airflow/.local/lib/python3.12/site-packages/airflow/example_dags/tutorial_dag.py
[2024-07-08T15:11:03.268+0000] {processor.py:840} INFO - DAG(s) 'tutorial_dag' retrieved from /home/airflow/.local/lib/python3.12/site-packages/airflow/example_dags/tutorial_dag.py
[2024-07-08T15:11:03.299+0000] {logging_mixin.py:188} INFO - [2024-07-08T15:11:03.299+0000] {dag.py:3096} INFO - Sync 1 DAGs
[2024-07-08T15:11:03.323+0000] {logging_mixin.py:188} INFO - [2024-07-08T15:11:03.322+0000] {dag.py:3954} INFO - Setting next_dagrun for tutorial_dag to None, run_after=None
[2024-07-08T15:11:03.362+0000] {processor.py:183} INFO - Processing /home/airflow/.local/lib/python3.12/site-packages/airflow/example_dags/tutorial_dag.py took 0.113 seconds
[2024-07-08T15:11:34.220+0000] {processor.py:161} INFO - Started process (PID=487) to work on /home/airflow/.local/lib/python3.12/site-packages/airflow/example_dags/tutorial_dag.py
[2024-07-08T15:11:34.221+0000] {processor.py:830} INFO - Processing file /home/airflow/.local/lib/python3.12/site-packages/airflow/example_dags/tutorial_dag.py for tasks to queue
[2024-07-08T15:11:34.225+0000] {logging_mixin.py:188} INFO - [2024-07-08T15:11:34.224+0000] {dagbag.py:545} INFO - Filling up the DagBag from /home/airflow/.local/lib/python3.12/site-packages/airflow/example_dags/tutorial_dag.py
[2024-07-08T15:11:34.237+0000] {processor.py:840} INFO - DAG(s) 'tutorial_dag' retrieved from /home/airflow/.local/lib/python3.12/site-packages/airflow/example_dags/tutorial_dag.py
[2024-07-08T15:11:34.277+0000] {logging_mixin.py:188} INFO - [2024-07-08T15:11:34.277+0000] {dag.py:3096} INFO - Sync 1 DAGs
[2024-07-08T15:11:34.301+0000] {logging_mixin.py:188} INFO - [2024-07-08T15:11:34.301+0000] {dag.py:3954} INFO - Setting next_dagrun for tutorial_dag to None, run_after=None
[2024-07-08T15:11:34.337+0000] {processor.py:183} INFO - Processing /home/airflow/.local/lib/python3.12/site-packages/airflow/example_dags/tutorial_dag.py took 0.126 seconds
[2024-07-08T15:12:04.764+0000] {processor.py:161} INFO - Started process (PID=544) to work on /home/airflow/.local/lib/python3.12/site-packages/airflow/example_dags/tutorial_dag.py
[2024-07-08T15:12:04.765+0000] {processor.py:830} INFO - Processing file /home/airflow/.local/lib/python3.12/site-packages/airflow/example_dags/tutorial_dag.py for tasks to queue
[2024-07-08T15:12:04.768+0000] {logging_mixin.py:188} INFO - [2024-07-08T15:12:04.767+0000] {dagbag.py:545} INFO - Filling up the DagBag from /home/airflow/.local/lib/python3.12/site-packages/airflow/example_dags/tutorial_dag.py
[2024-07-08T15:12:04.776+0000] {processor.py:840} INFO - DAG(s) 'tutorial_dag' retrieved from /home/airflow/.local/lib/python3.12/site-packages/airflow/example_dags/tutorial_dag.py
[2024-07-08T15:12:04.810+0000] {logging_mixin.py:188} INFO - [2024-07-08T15:12:04.810+0000] {dag.py:3096} INFO - Sync 1 DAGs
[2024-07-08T15:12:04.871+0000] {logging_mixin.py:188} INFO - [2024-07-08T15:12:04.870+0000] {dag.py:3954} INFO - Setting next_dagrun for tutorial_dag to None, run_after=None
[2024-07-08T15:12:04.975+0000] {processor.py:183} INFO - Processing /home/airflow/.local/lib/python3.12/site-packages/airflow/example_dags/tutorial_dag.py took 0.220 seconds
[2024-07-08T15:12:35.854+0000] {processor.py:161} INFO - Started process (PID=602) to work on /home/airflow/.local/lib/python3.12/site-packages/airflow/example_dags/tutorial_dag.py
[2024-07-08T15:12:35.855+0000] {processor.py:830} INFO - Processing file /home/airflow/.local/lib/python3.12/site-packages/airflow/example_dags/tutorial_dag.py for tasks to queue
[2024-07-08T15:12:35.859+0000] {logging_mixin.py:188} INFO - [2024-07-08T15:12:35.858+0000] {dagbag.py:545} INFO - Filling up the DagBag from /home/airflow/.local/lib/python3.12/site-packages/airflow/example_dags/tutorial_dag.py
[2024-07-08T15:12:35.869+0000] {processor.py:840} INFO - DAG(s) 'tutorial_dag' retrieved from /home/airflow/.local/lib/python3.12/site-packages/airflow/example_dags/tutorial_dag.py
[2024-07-08T15:12:35.905+0000] {logging_mixin.py:188} INFO - [2024-07-08T15:12:35.904+0000] {dag.py:3096} INFO - Sync 1 DAGs
[2024-07-08T15:12:35.942+0000] {logging_mixin.py:188} INFO - [2024-07-08T15:12:35.937+0000] {dag.py:3954} INFO - Setting next_dagrun for tutorial_dag to None, run_after=None
[2024-07-08T15:12:36.006+0000] {processor.py:183} INFO - Processing /home/airflow/.local/lib/python3.12/site-packages/airflow/example_dags/tutorial_dag.py took 0.164 seconds
[2024-07-08T15:13:06.830+0000] {processor.py:161} INFO - Started process (PID=661) to work on /home/airflow/.local/lib/python3.12/site-packages/airflow/example_dags/tutorial_dag.py
[2024-07-08T15:13:06.832+0000] {processor.py:830} INFO - Processing file /home/airflow/.local/lib/python3.12/site-packages/airflow/example_dags/tutorial_dag.py for tasks to queue
[2024-07-08T15:13:06.835+0000] {logging_mixin.py:188} INFO - [2024-07-08T15:13:06.834+0000] {dagbag.py:545} INFO - Filling up the DagBag from /home/airflow/.local/lib/python3.12/site-packages/airflow/example_dags/tutorial_dag.py
[2024-07-08T15:13:06.844+0000] {processor.py:840} INFO - DAG(s) 'tutorial_dag' retrieved from /home/airflow/.local/lib/python3.12/site-packages/airflow/example_dags/tutorial_dag.py
[2024-07-08T15:13:06.882+0000] {logging_mixin.py:188} INFO - [2024-07-08T15:13:06.881+0000] {dag.py:3096} INFO - Sync 1 DAGs
[2024-07-08T15:13:06.900+0000] {logging_mixin.py:188} INFO - [2024-07-08T15:13:06.900+0000] {dag.py:3954} INFO - Setting next_dagrun for tutorial_dag to None, run_after=None
[2024-07-08T15:13:06.934+0000] {processor.py:183} INFO - Processing /home/airflow/.local/lib/python3.12/site-packages/airflow/example_dags/tutorial_dag.py took 0.113 seconds
[2024-07-08T15:13:37.325+0000] {processor.py:161} INFO - Started process (PID=719) to work on /home/airflow/.local/lib/python3.12/site-packages/airflow/example_dags/tutorial_dag.py
[2024-07-08T15:13:37.327+0000] {processor.py:830} INFO - Processing file /home/airflow/.local/lib/python3.12/site-packages/airflow/example_dags/tutorial_dag.py for tasks to queue
[2024-07-08T15:13:37.330+0000] {logging_mixin.py:188} INFO - [2024-07-08T15:13:37.329+0000] {dagbag.py:545} INFO - Filling up the DagBag from /home/airflow/.local/lib/python3.12/site-packages/airflow/example_dags/tutorial_dag.py
[2024-07-08T15:13:37.338+0000] {processor.py:840} INFO - DAG(s) 'tutorial_dag' retrieved from /home/airflow/.local/lib/python3.12/site-packages/airflow/example_dags/tutorial_dag.py
[2024-07-08T15:13:37.367+0000] {logging_mixin.py:188} INFO - [2024-07-08T15:13:37.366+0000] {dag.py:3096} INFO - Sync 1 DAGs
[2024-07-08T15:13:37.385+0000] {logging_mixin.py:188} INFO - [2024-07-08T15:13:37.385+0000] {dag.py:3954} INFO - Setting next_dagrun for tutorial_dag to None, run_after=None
[2024-07-08T15:13:37.420+0000] {processor.py:183} INFO - Processing /home/airflow/.local/lib/python3.12/site-packages/airflow/example_dags/tutorial_dag.py took 0.106 seconds
[2024-07-08T15:16:14.829+0000] {processor.py:161} INFO - Started process (PID=785) to work on /home/airflow/.local/lib/python3.12/site-packages/airflow/example_dags/tutorial_dag.py
[2024-07-08T15:16:14.831+0000] {processor.py:830} INFO - Processing file /home/airflow/.local/lib/python3.12/site-packages/airflow/example_dags/tutorial_dag.py for tasks to queue
[2024-07-08T15:16:14.833+0000] {logging_mixin.py:188} INFO - [2024-07-08T15:16:14.832+0000] {dagbag.py:545} INFO - Filling up the DagBag from /home/airflow/.local/lib/python3.12/site-packages/airflow/example_dags/tutorial_dag.py
[2024-07-08T15:16:14.841+0000] {processor.py:840} INFO - DAG(s) 'tutorial_dag' retrieved from /home/airflow/.local/lib/python3.12/site-packages/airflow/example_dags/tutorial_dag.py
[2024-07-08T15:16:14.881+0000] {logging_mixin.py:188} INFO - [2024-07-08T15:16:14.881+0000] {dag.py:3096} INFO - Sync 1 DAGs
[2024-07-08T15:16:14.898+0000] {logging_mixin.py:188} INFO - [2024-07-08T15:16:14.897+0000] {dag.py:3954} INFO - Setting next_dagrun for tutorial_dag to None, run_after=None
[2024-07-08T15:16:14.932+0000] {processor.py:183} INFO - Processing /home/airflow/.local/lib/python3.12/site-packages/airflow/example_dags/tutorial_dag.py took 0.111 seconds
[2024-07-08T15:16:47.137+0000] {processor.py:161} INFO - Started process (PID=843) to work on /home/airflow/.local/lib/python3.12/site-packages/airflow/example_dags/tutorial_dag.py
[2024-07-08T15:16:47.139+0000] {processor.py:830} INFO - Processing file /home/airflow/.local/lib/python3.12/site-packages/airflow/example_dags/tutorial_dag.py for tasks to queue
[2024-07-08T15:16:47.142+0000] {logging_mixin.py:188} INFO - [2024-07-08T15:16:47.141+0000] {dagbag.py:545} INFO - Filling up the DagBag from /home/airflow/.local/lib/python3.12/site-packages/airflow/example_dags/tutorial_dag.py
[2024-07-08T15:16:47.152+0000] {processor.py:840} INFO - DAG(s) 'tutorial_dag' retrieved from /home/airflow/.local/lib/python3.12/site-packages/airflow/example_dags/tutorial_dag.py
[2024-07-08T15:16:47.198+0000] {logging_mixin.py:188} INFO - [2024-07-08T15:16:47.197+0000] {dag.py:3096} INFO - Sync 1 DAGs
[2024-07-08T15:16:47.232+0000] {logging_mixin.py:188} INFO - [2024-07-08T15:16:47.232+0000] {dag.py:3954} INFO - Setting next_dagrun for tutorial_dag to None, run_after=None
[2024-07-08T15:16:47.281+0000] {processor.py:183} INFO - Processing /home/airflow/.local/lib/python3.12/site-packages/airflow/example_dags/tutorial_dag.py took 0.151 seconds
[2024-07-08T15:17:19.287+0000] {processor.py:161} INFO - Started process (PID=901) to work on /home/airflow/.local/lib/python3.12/site-packages/airflow/example_dags/tutorial_dag.py
[2024-07-08T15:17:19.288+0000] {processor.py:830} INFO - Processing file /home/airflow/.local/lib/python3.12/site-packages/airflow/example_dags/tutorial_dag.py for tasks to queue
[2024-07-08T15:17:19.290+0000] {logging_mixin.py:188} INFO - [2024-07-08T15:17:19.290+0000] {dagbag.py:545} INFO - Filling up the DagBag from /home/airflow/.local/lib/python3.12/site-packages/airflow/example_dags/tutorial_dag.py
[2024-07-08T15:17:19.302+0000] {processor.py:840} INFO - DAG(s) 'tutorial_dag' retrieved from /home/airflow/.local/lib/python3.12/site-packages/airflow/example_dags/tutorial_dag.py
[2024-07-08T15:17:19.358+0000] {logging_mixin.py:188} INFO - [2024-07-08T15:17:19.358+0000] {dag.py:3096} INFO - Sync 1 DAGs
[2024-07-08T15:17:19.391+0000] {logging_mixin.py:188} INFO - [2024-07-08T15:17:19.391+0000] {dag.py:3954} INFO - Setting next_dagrun for tutorial_dag to None, run_after=None
[2024-07-08T15:17:19.437+0000] {processor.py:183} INFO - Processing /home/airflow/.local/lib/python3.12/site-packages/airflow/example_dags/tutorial_dag.py took 0.160 seconds
[2024-07-08T15:19:03.567+0000] {processor.py:161} INFO - Started process (PID=959) to work on /home/airflow/.local/lib/python3.12/site-packages/airflow/example_dags/tutorial_dag.py
[2024-07-08T15:19:03.569+0000] {processor.py:830} INFO - Processing file /home/airflow/.local/lib/python3.12/site-packages/airflow/example_dags/tutorial_dag.py for tasks to queue
[2024-07-08T15:19:03.570+0000] {logging_mixin.py:188} INFO - [2024-07-08T15:19:03.570+0000] {dagbag.py:545} INFO - Filling up the DagBag from /home/airflow/.local/lib/python3.12/site-packages/airflow/example_dags/tutorial_dag.py
[2024-07-08T15:19:03.577+0000] {processor.py:840} INFO - DAG(s) 'tutorial_dag' retrieved from /home/airflow/.local/lib/python3.12/site-packages/airflow/example_dags/tutorial_dag.py
[2024-07-08T15:19:03.612+0000] {logging_mixin.py:188} INFO - [2024-07-08T15:19:03.612+0000] {dag.py:3096} INFO - Sync 1 DAGs
[2024-07-08T15:19:03.629+0000] {logging_mixin.py:188} INFO - [2024-07-08T15:19:03.629+0000] {dag.py:3954} INFO - Setting next_dagrun for tutorial_dag to None, run_after=None
[2024-07-08T15:19:03.655+0000] {processor.py:183} INFO - Processing /home/airflow/.local/lib/python3.12/site-packages/airflow/example_dags/tutorial_dag.py took 0.097 seconds
[2024-07-08T15:19:37.865+0000] {processor.py:161} INFO - Started process (PID=1017) to work on /home/airflow/.local/lib/python3.12/site-packages/airflow/example_dags/tutorial_dag.py
[2024-07-08T15:19:37.867+0000] {processor.py:830} INFO - Processing file /home/airflow/.local/lib/python3.12/site-packages/airflow/example_dags/tutorial_dag.py for tasks to queue
[2024-07-08T15:19:37.868+0000] {logging_mixin.py:188} INFO - [2024-07-08T15:19:37.868+0000] {dagbag.py:545} INFO - Filling up the DagBag from /home/airflow/.local/lib/python3.12/site-packages/airflow/example_dags/tutorial_dag.py
[2024-07-08T15:19:37.879+0000] {processor.py:840} INFO - DAG(s) 'tutorial_dag' retrieved from /home/airflow/.local/lib/python3.12/site-packages/airflow/example_dags/tutorial_dag.py
[2024-07-08T15:19:37.929+0000] {logging_mixin.py:188} INFO - [2024-07-08T15:19:37.928+0000] {dag.py:3096} INFO - Sync 1 DAGs
[2024-07-08T15:19:37.951+0000] {logging_mixin.py:188} INFO - [2024-07-08T15:19:37.950+0000] {dag.py:3954} INFO - Setting next_dagrun for tutorial_dag to None, run_after=None
[2024-07-08T15:19:38.025+0000] {processor.py:183} INFO - Processing /home/airflow/.local/lib/python3.12/site-packages/airflow/example_dags/tutorial_dag.py took 0.170 seconds
[2024-07-08T15:20:08.691+0000] {processor.py:161} INFO - Started process (PID=1075) to work on /home/airflow/.local/lib/python3.12/site-packages/airflow/example_dags/tutorial_dag.py
[2024-07-08T15:20:08.693+0000] {processor.py:830} INFO - Processing file /home/airflow/.local/lib/python3.12/site-packages/airflow/example_dags/tutorial_dag.py for tasks to queue
[2024-07-08T15:20:08.695+0000] {logging_mixin.py:188} INFO - [2024-07-08T15:20:08.694+0000] {dagbag.py:545} INFO - Filling up the DagBag from /home/airflow/.local/lib/python3.12/site-packages/airflow/example_dags/tutorial_dag.py
[2024-07-08T15:20:08.715+0000] {processor.py:840} INFO - DAG(s) 'tutorial_dag' retrieved from /home/airflow/.local/lib/python3.12/site-packages/airflow/example_dags/tutorial_dag.py
[2024-07-08T15:20:08.755+0000] {logging_mixin.py:188} INFO - [2024-07-08T15:20:08.754+0000] {dag.py:3096} INFO - Sync 1 DAGs
[2024-07-08T15:20:08.785+0000] {logging_mixin.py:188} INFO - [2024-07-08T15:20:08.784+0000] {dag.py:3954} INFO - Setting next_dagrun for tutorial_dag to None, run_after=None
[2024-07-08T15:20:08.839+0000] {processor.py:183} INFO - Processing /home/airflow/.local/lib/python3.12/site-packages/airflow/example_dags/tutorial_dag.py took 0.160 seconds
[2024-07-08T15:20:39.037+0000] {processor.py:161} INFO - Started process (PID=1133) to work on /home/airflow/.local/lib/python3.12/site-packages/airflow/example_dags/tutorial_dag.py
[2024-07-08T15:20:39.040+0000] {processor.py:830} INFO - Processing file /home/airflow/.local/lib/python3.12/site-packages/airflow/example_dags/tutorial_dag.py for tasks to queue
[2024-07-08T15:20:39.043+0000] {logging_mixin.py:188} INFO - [2024-07-08T15:20:39.042+0000] {dagbag.py:545} INFO - Filling up the DagBag from /home/airflow/.local/lib/python3.12/site-packages/airflow/example_dags/tutorial_dag.py
[2024-07-08T15:20:39.052+0000] {processor.py:840} INFO - DAG(s) 'tutorial_dag' retrieved from /home/airflow/.local/lib/python3.12/site-packages/airflow/example_dags/tutorial_dag.py
[2024-07-08T15:20:39.085+0000] {logging_mixin.py:188} INFO - [2024-07-08T15:20:39.084+0000] {dag.py:3096} INFO - Sync 1 DAGs
[2024-07-08T15:20:39.111+0000] {logging_mixin.py:188} INFO - [2024-07-08T15:20:39.110+0000] {dag.py:3954} INFO - Setting next_dagrun for tutorial_dag to None, run_after=None
[2024-07-08T15:20:39.159+0000] {processor.py:183} INFO - Processing /home/airflow/.local/lib/python3.12/site-packages/airflow/example_dags/tutorial_dag.py took 0.132 seconds
[2024-07-08T15:21:09.477+0000] {processor.py:161} INFO - Started process (PID=1191) to work on /home/airflow/.local/lib/python3.12/site-packages/airflow/example_dags/tutorial_dag.py
[2024-07-08T15:21:09.478+0000] {processor.py:830} INFO - Processing file /home/airflow/.local/lib/python3.12/site-packages/airflow/example_dags/tutorial_dag.py for tasks to queue
[2024-07-08T15:21:09.480+0000] {logging_mixin.py:188} INFO - [2024-07-08T15:21:09.479+0000] {dagbag.py:545} INFO - Filling up the DagBag from /home/airflow/.local/lib/python3.12/site-packages/airflow/example_dags/tutorial_dag.py
[2024-07-08T15:21:09.492+0000] {processor.py:840} INFO - DAG(s) 'tutorial_dag' retrieved from /home/airflow/.local/lib/python3.12/site-packages/airflow/example_dags/tutorial_dag.py
[2024-07-08T15:21:09.525+0000] {logging_mixin.py:188} INFO - [2024-07-08T15:21:09.525+0000] {dag.py:3096} INFO - Sync 1 DAGs
[2024-07-08T15:21:09.544+0000] {logging_mixin.py:188} INFO - [2024-07-08T15:21:09.544+0000] {dag.py:3954} INFO - Setting next_dagrun for tutorial_dag to None, run_after=None
[2024-07-08T15:21:09.581+0000] {processor.py:183} INFO - Processing /home/airflow/.local/lib/python3.12/site-packages/airflow/example_dags/tutorial_dag.py took 0.112 seconds
[2024-07-08T15:21:40.244+0000] {processor.py:161} INFO - Started process (PID=1249) to work on /home/airflow/.local/lib/python3.12/site-packages/airflow/example_dags/tutorial_dag.py
[2024-07-08T15:21:40.245+0000] {processor.py:830} INFO - Processing file /home/airflow/.local/lib/python3.12/site-packages/airflow/example_dags/tutorial_dag.py for tasks to queue
[2024-07-08T15:21:40.247+0000] {logging_mixin.py:188} INFO - [2024-07-08T15:21:40.246+0000] {dagbag.py:545} INFO - Filling up the DagBag from /home/airflow/.local/lib/python3.12/site-packages/airflow/example_dags/tutorial_dag.py
[2024-07-08T15:21:40.256+0000] {processor.py:840} INFO - DAG(s) 'tutorial_dag' retrieved from /home/airflow/.local/lib/python3.12/site-packages/airflow/example_dags/tutorial_dag.py
[2024-07-08T15:21:40.282+0000] {logging_mixin.py:188} INFO - [2024-07-08T15:21:40.281+0000] {dag.py:3096} INFO - Sync 1 DAGs
[2024-07-08T15:21:40.302+0000] {logging_mixin.py:188} INFO - [2024-07-08T15:21:40.302+0000] {dag.py:3954} INFO - Setting next_dagrun for tutorial_dag to None, run_after=None
[2024-07-08T15:21:40.337+0000] {processor.py:183} INFO - Processing /home/airflow/.local/lib/python3.12/site-packages/airflow/example_dags/tutorial_dag.py took 0.102 seconds
[2024-07-08T15:22:10.759+0000] {processor.py:161} INFO - Started process (PID=1307) to work on /home/airflow/.local/lib/python3.12/site-packages/airflow/example_dags/tutorial_dag.py
[2024-07-08T15:22:10.760+0000] {processor.py:830} INFO - Processing file /home/airflow/.local/lib/python3.12/site-packages/airflow/example_dags/tutorial_dag.py for tasks to queue
[2024-07-08T15:22:10.762+0000] {logging_mixin.py:188} INFO - [2024-07-08T15:22:10.761+0000] {dagbag.py:545} INFO - Filling up the DagBag from /home/airflow/.local/lib/python3.12/site-packages/airflow/example_dags/tutorial_dag.py
[2024-07-08T15:22:10.770+0000] {processor.py:840} INFO - DAG(s) 'tutorial_dag' retrieved from /home/airflow/.local/lib/python3.12/site-packages/airflow/example_dags/tutorial_dag.py
[2024-07-08T15:22:10.807+0000] {logging_mixin.py:188} INFO - [2024-07-08T15:22:10.807+0000] {dag.py:3096} INFO - Sync 1 DAGs
[2024-07-08T15:22:10.826+0000] {logging_mixin.py:188} INFO - [2024-07-08T15:22:10.825+0000] {dag.py:3954} INFO - Setting next_dagrun for tutorial_dag to None, run_after=None
[2024-07-08T15:22:10.872+0000] {processor.py:183} INFO - Processing /home/airflow/.local/lib/python3.12/site-packages/airflow/example_dags/tutorial_dag.py took 0.124 seconds
[2024-07-08T15:22:41.678+0000] {processor.py:161} INFO - Started process (PID=1371) to work on /home/airflow/.local/lib/python3.12/site-packages/airflow/example_dags/tutorial_dag.py
[2024-07-08T15:22:41.680+0000] {processor.py:830} INFO - Processing file /home/airflow/.local/lib/python3.12/site-packages/airflow/example_dags/tutorial_dag.py for tasks to queue
[2024-07-08T15:22:41.682+0000] {logging_mixin.py:188} INFO - [2024-07-08T15:22:41.682+0000] {dagbag.py:545} INFO - Filling up the DagBag from /home/airflow/.local/lib/python3.12/site-packages/airflow/example_dags/tutorial_dag.py
[2024-07-08T15:22:41.693+0000] {processor.py:840} INFO - DAG(s) 'tutorial_dag' retrieved from /home/airflow/.local/lib/python3.12/site-packages/airflow/example_dags/tutorial_dag.py
[2024-07-08T15:22:41.732+0000] {logging_mixin.py:188} INFO - [2024-07-08T15:22:41.731+0000] {dag.py:3096} INFO - Sync 1 DAGs
[2024-07-08T15:22:41.770+0000] {logging_mixin.py:188} INFO - [2024-07-08T15:22:41.770+0000] {dag.py:3954} INFO - Setting next_dagrun for tutorial_dag to None, run_after=None
[2024-07-08T15:22:41.796+0000] {processor.py:183} INFO - Processing /home/airflow/.local/lib/python3.12/site-packages/airflow/example_dags/tutorial_dag.py took 0.129 seconds
[2024-07-08T15:23:12.365+0000] {processor.py:161} INFO - Started process (PID=1434) to work on /home/airflow/.local/lib/python3.12/site-packages/airflow/example_dags/tutorial_dag.py
[2024-07-08T15:23:12.367+0000] {processor.py:830} INFO - Processing file /home/airflow/.local/lib/python3.12/site-packages/airflow/example_dags/tutorial_dag.py for tasks to queue
[2024-07-08T15:23:12.369+0000] {logging_mixin.py:188} INFO - [2024-07-08T15:23:12.369+0000] {dagbag.py:545} INFO - Filling up the DagBag from /home/airflow/.local/lib/python3.12/site-packages/airflow/example_dags/tutorial_dag.py
[2024-07-08T15:23:12.379+0000] {processor.py:840} INFO - DAG(s) 'tutorial_dag' retrieved from /home/airflow/.local/lib/python3.12/site-packages/airflow/example_dags/tutorial_dag.py
[2024-07-08T15:23:12.427+0000] {logging_mixin.py:188} INFO - [2024-07-08T15:23:12.426+0000] {dag.py:3096} INFO - Sync 1 DAGs
[2024-07-08T15:23:12.453+0000] {logging_mixin.py:188} INFO - [2024-07-08T15:23:12.453+0000] {dag.py:3954} INFO - Setting next_dagrun for tutorial_dag to None, run_after=None
[2024-07-08T15:23:12.509+0000] {processor.py:183} INFO - Processing /home/airflow/.local/lib/python3.12/site-packages/airflow/example_dags/tutorial_dag.py took 0.155 seconds
[2024-07-08T15:23:44.522+0000] {processor.py:161} INFO - Started process (PID=1497) to work on /home/airflow/.local/lib/python3.12/site-packages/airflow/example_dags/tutorial_dag.py
[2024-07-08T15:23:44.527+0000] {processor.py:830} INFO - Processing file /home/airflow/.local/lib/python3.12/site-packages/airflow/example_dags/tutorial_dag.py for tasks to queue
[2024-07-08T15:23:44.528+0000] {logging_mixin.py:188} INFO - [2024-07-08T15:23:44.528+0000] {dagbag.py:545} INFO - Filling up the DagBag from /home/airflow/.local/lib/python3.12/site-packages/airflow/example_dags/tutorial_dag.py
[2024-07-08T15:23:44.536+0000] {processor.py:840} INFO - DAG(s) 'tutorial_dag' retrieved from /home/airflow/.local/lib/python3.12/site-packages/airflow/example_dags/tutorial_dag.py
[2024-07-08T15:23:44.576+0000] {logging_mixin.py:188} INFO - [2024-07-08T15:23:44.576+0000] {dag.py:3096} INFO - Sync 1 DAGs
[2024-07-08T15:23:44.605+0000] {logging_mixin.py:188} INFO - [2024-07-08T15:23:44.605+0000] {dag.py:3954} INFO - Setting next_dagrun for tutorial_dag to None, run_after=None
[2024-07-08T15:23:44.640+0000] {processor.py:183} INFO - Processing /home/airflow/.local/lib/python3.12/site-packages/airflow/example_dags/tutorial_dag.py took 0.130 seconds
[2024-07-08T15:24:14.907+0000] {processor.py:161} INFO - Started process (PID=1562) to work on /home/airflow/.local/lib/python3.12/site-packages/airflow/example_dags/tutorial_dag.py
[2024-07-08T15:24:14.908+0000] {processor.py:830} INFO - Processing file /home/airflow/.local/lib/python3.12/site-packages/airflow/example_dags/tutorial_dag.py for tasks to queue
[2024-07-08T15:24:14.910+0000] {logging_mixin.py:188} INFO - [2024-07-08T15:24:14.909+0000] {dagbag.py:545} INFO - Filling up the DagBag from /home/airflow/.local/lib/python3.12/site-packages/airflow/example_dags/tutorial_dag.py
[2024-07-08T15:24:14.919+0000] {processor.py:840} INFO - DAG(s) 'tutorial_dag' retrieved from /home/airflow/.local/lib/python3.12/site-packages/airflow/example_dags/tutorial_dag.py
[2024-07-08T15:24:14.946+0000] {logging_mixin.py:188} INFO - [2024-07-08T15:24:14.946+0000] {dag.py:3096} INFO - Sync 1 DAGs
[2024-07-08T15:24:14.962+0000] {logging_mixin.py:188} INFO - [2024-07-08T15:24:14.962+0000] {dag.py:3954} INFO - Setting next_dagrun for tutorial_dag to None, run_after=None
[2024-07-08T15:24:14.995+0000] {processor.py:183} INFO - Processing /home/airflow/.local/lib/python3.12/site-packages/airflow/example_dags/tutorial_dag.py took 0.099 seconds
[2024-07-08T15:24:45.261+0000] {processor.py:161} INFO - Started process (PID=1619) to work on /home/airflow/.local/lib/python3.12/site-packages/airflow/example_dags/tutorial_dag.py
[2024-07-08T15:24:45.262+0000] {processor.py:830} INFO - Processing file /home/airflow/.local/lib/python3.12/site-packages/airflow/example_dags/tutorial_dag.py for tasks to queue
[2024-07-08T15:24:45.263+0000] {logging_mixin.py:188} INFO - [2024-07-08T15:24:45.263+0000] {dagbag.py:545} INFO - Filling up the DagBag from /home/airflow/.local/lib/python3.12/site-packages/airflow/example_dags/tutorial_dag.py
[2024-07-08T15:24:45.271+0000] {processor.py:840} INFO - DAG(s) 'tutorial_dag' retrieved from /home/airflow/.local/lib/python3.12/site-packages/airflow/example_dags/tutorial_dag.py
[2024-07-08T15:24:45.301+0000] {logging_mixin.py:188} INFO - [2024-07-08T15:24:45.301+0000] {dag.py:3096} INFO - Sync 1 DAGs
[2024-07-08T15:24:45.323+0000] {logging_mixin.py:188} INFO - [2024-07-08T15:24:45.323+0000] {dag.py:3954} INFO - Setting next_dagrun for tutorial_dag to None, run_after=None
[2024-07-08T15:24:45.350+0000] {processor.py:183} INFO - Processing /home/airflow/.local/lib/python3.12/site-packages/airflow/example_dags/tutorial_dag.py took 0.098 seconds
[2024-07-08T15:25:16.361+0000] {processor.py:161} INFO - Started process (PID=1683) to work on /home/airflow/.local/lib/python3.12/site-packages/airflow/example_dags/tutorial_dag.py
[2024-07-08T15:25:16.362+0000] {processor.py:830} INFO - Processing file /home/airflow/.local/lib/python3.12/site-packages/airflow/example_dags/tutorial_dag.py for tasks to queue
[2024-07-08T15:25:16.364+0000] {logging_mixin.py:188} INFO - [2024-07-08T15:25:16.363+0000] {dagbag.py:545} INFO - Filling up the DagBag from /home/airflow/.local/lib/python3.12/site-packages/airflow/example_dags/tutorial_dag.py
[2024-07-08T15:25:16.374+0000] {processor.py:840} INFO - DAG(s) 'tutorial_dag' retrieved from /home/airflow/.local/lib/python3.12/site-packages/airflow/example_dags/tutorial_dag.py
[2024-07-08T15:25:16.400+0000] {logging_mixin.py:188} INFO - [2024-07-08T15:25:16.400+0000] {dag.py:3096} INFO - Sync 1 DAGs
[2024-07-08T15:25:16.419+0000] {logging_mixin.py:188} INFO - [2024-07-08T15:25:16.418+0000] {dag.py:3954} INFO - Setting next_dagrun for tutorial_dag to None, run_after=None
[2024-07-08T15:25:16.450+0000] {processor.py:183} INFO - Processing /home/airflow/.local/lib/python3.12/site-packages/airflow/example_dags/tutorial_dag.py took 0.101 seconds
[2024-07-08T15:25:46.609+0000] {processor.py:161} INFO - Started process (PID=1749) to work on /home/airflow/.local/lib/python3.12/site-packages/airflow/example_dags/tutorial_dag.py
[2024-07-08T15:25:46.610+0000] {processor.py:830} INFO - Processing file /home/airflow/.local/lib/python3.12/site-packages/airflow/example_dags/tutorial_dag.py for tasks to queue
[2024-07-08T15:25:46.612+0000] {logging_mixin.py:188} INFO - [2024-07-08T15:25:46.611+0000] {dagbag.py:545} INFO - Filling up the DagBag from /home/airflow/.local/lib/python3.12/site-packages/airflow/example_dags/tutorial_dag.py
[2024-07-08T15:25:46.621+0000] {processor.py:840} INFO - DAG(s) 'tutorial_dag' retrieved from /home/airflow/.local/lib/python3.12/site-packages/airflow/example_dags/tutorial_dag.py
[2024-07-08T15:25:46.653+0000] {logging_mixin.py:188} INFO - [2024-07-08T15:25:46.652+0000] {dag.py:3096} INFO - Sync 1 DAGs
[2024-07-08T15:25:46.673+0000] {logging_mixin.py:188} INFO - [2024-07-08T15:25:46.673+0000] {dag.py:3954} INFO - Setting next_dagrun for tutorial_dag to None, run_after=None
[2024-07-08T15:25:46.703+0000] {processor.py:183} INFO - Processing /home/airflow/.local/lib/python3.12/site-packages/airflow/example_dags/tutorial_dag.py took 0.100 seconds
[2024-07-08T15:26:17.388+0000] {processor.py:161} INFO - Started process (PID=1813) to work on /home/airflow/.local/lib/python3.12/site-packages/airflow/example_dags/tutorial_dag.py
[2024-07-08T15:26:17.389+0000] {processor.py:830} INFO - Processing file /home/airflow/.local/lib/python3.12/site-packages/airflow/example_dags/tutorial_dag.py for tasks to queue
[2024-07-08T15:26:17.390+0000] {logging_mixin.py:188} INFO - [2024-07-08T15:26:17.390+0000] {dagbag.py:545} INFO - Filling up the DagBag from /home/airflow/.local/lib/python3.12/site-packages/airflow/example_dags/tutorial_dag.py
[2024-07-08T15:26:17.397+0000] {processor.py:840} INFO - DAG(s) 'tutorial_dag' retrieved from /home/airflow/.local/lib/python3.12/site-packages/airflow/example_dags/tutorial_dag.py
[2024-07-08T15:26:17.424+0000] {logging_mixin.py:188} INFO - [2024-07-08T15:26:17.424+0000] {dag.py:3096} INFO - Sync 1 DAGs
[2024-07-08T15:26:17.442+0000] {logging_mixin.py:188} INFO - [2024-07-08T15:26:17.442+0000] {dag.py:3954} INFO - Setting next_dagrun for tutorial_dag to None, run_after=None
[2024-07-08T15:26:17.467+0000] {processor.py:183} INFO - Processing /home/airflow/.local/lib/python3.12/site-packages/airflow/example_dags/tutorial_dag.py took 0.086 seconds
[2024-07-08T15:26:48.464+0000] {processor.py:161} INFO - Started process (PID=1875) to work on /home/airflow/.local/lib/python3.12/site-packages/airflow/example_dags/tutorial_dag.py
[2024-07-08T15:26:48.466+0000] {processor.py:830} INFO - Processing file /home/airflow/.local/lib/python3.12/site-packages/airflow/example_dags/tutorial_dag.py for tasks to queue
[2024-07-08T15:26:48.468+0000] {logging_mixin.py:188} INFO - [2024-07-08T15:26:48.467+0000] {dagbag.py:545} INFO - Filling up the DagBag from /home/airflow/.local/lib/python3.12/site-packages/airflow/example_dags/tutorial_dag.py
[2024-07-08T15:26:48.490+0000] {processor.py:840} INFO - DAG(s) 'tutorial_dag' retrieved from /home/airflow/.local/lib/python3.12/site-packages/airflow/example_dags/tutorial_dag.py
[2024-07-08T15:26:48.545+0000] {logging_mixin.py:188} INFO - [2024-07-08T15:26:48.545+0000] {dag.py:3096} INFO - Sync 1 DAGs
[2024-07-08T15:26:48.568+0000] {logging_mixin.py:188} INFO - [2024-07-08T15:26:48.567+0000] {dag.py:3954} INFO - Setting next_dagrun for tutorial_dag to None, run_after=None
[2024-07-08T15:26:48.602+0000] {processor.py:183} INFO - Processing /home/airflow/.local/lib/python3.12/site-packages/airflow/example_dags/tutorial_dag.py took 0.147 seconds
[2024-07-08T15:27:19.018+0000] {processor.py:161} INFO - Started process (PID=1934) to work on /home/airflow/.local/lib/python3.12/site-packages/airflow/example_dags/tutorial_dag.py
[2024-07-08T15:27:19.020+0000] {processor.py:830} INFO - Processing file /home/airflow/.local/lib/python3.12/site-packages/airflow/example_dags/tutorial_dag.py for tasks to queue
[2024-07-08T15:27:19.021+0000] {logging_mixin.py:188} INFO - [2024-07-08T15:27:19.021+0000] {dagbag.py:545} INFO - Filling up the DagBag from /home/airflow/.local/lib/python3.12/site-packages/airflow/example_dags/tutorial_dag.py
[2024-07-08T15:27:19.030+0000] {processor.py:840} INFO - DAG(s) 'tutorial_dag' retrieved from /home/airflow/.local/lib/python3.12/site-packages/airflow/example_dags/tutorial_dag.py
[2024-07-08T15:27:19.057+0000] {logging_mixin.py:188} INFO - [2024-07-08T15:27:19.057+0000] {dag.py:3096} INFO - Sync 1 DAGs
[2024-07-08T15:27:19.073+0000] {logging_mixin.py:188} INFO - [2024-07-08T15:27:19.072+0000] {dag.py:3954} INFO - Setting next_dagrun for tutorial_dag to None, run_after=None
[2024-07-08T15:27:19.100+0000] {processor.py:183} INFO - Processing /home/airflow/.local/lib/python3.12/site-packages/airflow/example_dags/tutorial_dag.py took 0.090 seconds
[2024-07-08T15:27:50.431+0000] {processor.py:161} INFO - Started process (PID=1992) to work on /home/airflow/.local/lib/python3.12/site-packages/airflow/example_dags/tutorial_dag.py
[2024-07-08T15:27:50.432+0000] {processor.py:830} INFO - Processing file /home/airflow/.local/lib/python3.12/site-packages/airflow/example_dags/tutorial_dag.py for tasks to queue
[2024-07-08T15:27:50.434+0000] {logging_mixin.py:188} INFO - [2024-07-08T15:27:50.433+0000] {dagbag.py:545} INFO - Filling up the DagBag from /home/airflow/.local/lib/python3.12/site-packages/airflow/example_dags/tutorial_dag.py
[2024-07-08T15:27:50.440+0000] {processor.py:840} INFO - DAG(s) 'tutorial_dag' retrieved from /home/airflow/.local/lib/python3.12/site-packages/airflow/example_dags/tutorial_dag.py
[2024-07-08T15:27:50.469+0000] {logging_mixin.py:188} INFO - [2024-07-08T15:27:50.468+0000] {dag.py:3096} INFO - Sync 1 DAGs
[2024-07-08T15:27:50.488+0000] {logging_mixin.py:188} INFO - [2024-07-08T15:27:50.488+0000] {dag.py:3954} INFO - Setting next_dagrun for tutorial_dag to None, run_after=None
[2024-07-08T15:27:50.537+0000] {processor.py:183} INFO - Processing /home/airflow/.local/lib/python3.12/site-packages/airflow/example_dags/tutorial_dag.py took 0.113 seconds
[2024-07-08T15:28:22.474+0000] {processor.py:161} INFO - Started process (PID=2051) to work on /home/airflow/.local/lib/python3.12/site-packages/airflow/example_dags/tutorial_dag.py
[2024-07-08T15:28:22.483+0000] {processor.py:830} INFO - Processing file /home/airflow/.local/lib/python3.12/site-packages/airflow/example_dags/tutorial_dag.py for tasks to queue
[2024-07-08T15:28:22.491+0000] {logging_mixin.py:188} INFO - [2024-07-08T15:28:22.490+0000] {dagbag.py:545} INFO - Filling up the DagBag from /home/airflow/.local/lib/python3.12/site-packages/airflow/example_dags/tutorial_dag.py
[2024-07-08T15:28:22.521+0000] {processor.py:840} INFO - DAG(s) 'tutorial_dag' retrieved from /home/airflow/.local/lib/python3.12/site-packages/airflow/example_dags/tutorial_dag.py
[2024-07-08T15:28:22.648+0000] {logging_mixin.py:188} INFO - [2024-07-08T15:28:22.648+0000] {dag.py:3096} INFO - Sync 1 DAGs
[2024-07-08T15:28:22.719+0000] {logging_mixin.py:188} INFO - [2024-07-08T15:28:22.718+0000] {dag.py:3954} INFO - Setting next_dagrun for tutorial_dag to None, run_after=None
[2024-07-08T15:28:22.807+0000] {processor.py:183} INFO - Processing /home/airflow/.local/lib/python3.12/site-packages/airflow/example_dags/tutorial_dag.py took 0.353 seconds
[2024-07-08T15:31:16.468+0000] {processor.py:161} INFO - Started process (PID=2111) to work on /home/airflow/.local/lib/python3.12/site-packages/airflow/example_dags/tutorial_dag.py
[2024-07-08T15:31:16.469+0000] {processor.py:830} INFO - Processing file /home/airflow/.local/lib/python3.12/site-packages/airflow/example_dags/tutorial_dag.py for tasks to queue
[2024-07-08T15:31:16.471+0000] {logging_mixin.py:188} INFO - [2024-07-08T15:31:16.470+0000] {dagbag.py:545} INFO - Filling up the DagBag from /home/airflow/.local/lib/python3.12/site-packages/airflow/example_dags/tutorial_dag.py
[2024-07-08T15:31:16.486+0000] {processor.py:840} INFO - DAG(s) 'tutorial_dag' retrieved from /home/airflow/.local/lib/python3.12/site-packages/airflow/example_dags/tutorial_dag.py
[2024-07-08T15:31:16.536+0000] {logging_mixin.py:188} INFO - [2024-07-08T15:31:16.535+0000] {dag.py:3096} INFO - Sync 1 DAGs
[2024-07-08T15:31:16.556+0000] {logging_mixin.py:188} INFO - [2024-07-08T15:31:16.556+0000] {dag.py:3954} INFO - Setting next_dagrun for tutorial_dag to None, run_after=None
[2024-07-08T15:31:16.583+0000] {processor.py:183} INFO - Processing /home/airflow/.local/lib/python3.12/site-packages/airflow/example_dags/tutorial_dag.py took 0.126 seconds
[2024-07-08T15:31:47.986+0000] {processor.py:161} INFO - Started process (PID=2169) to work on /home/airflow/.local/lib/python3.12/site-packages/airflow/example_dags/tutorial_dag.py
[2024-07-08T15:31:47.990+0000] {processor.py:830} INFO - Processing file /home/airflow/.local/lib/python3.12/site-packages/airflow/example_dags/tutorial_dag.py for tasks to queue
[2024-07-08T15:31:47.992+0000] {logging_mixin.py:188} INFO - [2024-07-08T15:31:47.991+0000] {dagbag.py:545} INFO - Filling up the DagBag from /home/airflow/.local/lib/python3.12/site-packages/airflow/example_dags/tutorial_dag.py
[2024-07-08T15:31:48.000+0000] {processor.py:840} INFO - DAG(s) 'tutorial_dag' retrieved from /home/airflow/.local/lib/python3.12/site-packages/airflow/example_dags/tutorial_dag.py
[2024-07-08T15:31:48.033+0000] {logging_mixin.py:188} INFO - [2024-07-08T15:31:48.032+0000] {dag.py:3096} INFO - Sync 1 DAGs
[2024-07-08T15:31:48.055+0000] {logging_mixin.py:188} INFO - [2024-07-08T15:31:48.054+0000] {dag.py:3954} INFO - Setting next_dagrun for tutorial_dag to None, run_after=None
[2024-07-08T15:31:48.089+0000] {processor.py:183} INFO - Processing /home/airflow/.local/lib/python3.12/site-packages/airflow/example_dags/tutorial_dag.py took 0.112 seconds
[2024-07-08T15:32:24.545+0000] {processor.py:161} INFO - Started process (PID=2228) to work on /home/airflow/.local/lib/python3.12/site-packages/airflow/example_dags/tutorial_dag.py
[2024-07-08T15:32:24.546+0000] {processor.py:830} INFO - Processing file /home/airflow/.local/lib/python3.12/site-packages/airflow/example_dags/tutorial_dag.py for tasks to queue
[2024-07-08T15:32:24.549+0000] {logging_mixin.py:188} INFO - [2024-07-08T15:32:24.548+0000] {dagbag.py:545} INFO - Filling up the DagBag from /home/airflow/.local/lib/python3.12/site-packages/airflow/example_dags/tutorial_dag.py
[2024-07-08T15:32:24.562+0000] {processor.py:840} INFO - DAG(s) 'tutorial_dag' retrieved from /home/airflow/.local/lib/python3.12/site-packages/airflow/example_dags/tutorial_dag.py
[2024-07-08T15:32:24.629+0000] {logging_mixin.py:188} INFO - [2024-07-08T15:32:24.629+0000] {dag.py:3096} INFO - Sync 1 DAGs
[2024-07-08T15:32:24.671+0000] {logging_mixin.py:188} INFO - [2024-07-08T15:32:24.670+0000] {dag.py:3954} INFO - Setting next_dagrun for tutorial_dag to None, run_after=None
[2024-07-08T15:32:24.742+0000] {processor.py:183} INFO - Processing /home/airflow/.local/lib/python3.12/site-packages/airflow/example_dags/tutorial_dag.py took 0.208 seconds
[2024-07-08T15:38:18.401+0000] {processor.py:161} INFO - Started process (PID=2337) to work on /home/airflow/.local/lib/python3.12/site-packages/airflow/example_dags/tutorial_dag.py
[2024-07-08T15:38:18.497+0000] {processor.py:830} INFO - Processing file /home/airflow/.local/lib/python3.12/site-packages/airflow/example_dags/tutorial_dag.py for tasks to queue
[2024-07-08T15:38:19.943+0000] {logging_mixin.py:188} INFO - [2024-07-08T15:38:18.550+0000] {dagbag.py:545} INFO - Filling up the DagBag from /home/airflow/.local/lib/python3.12/site-packages/airflow/example_dags/tutorial_dag.py
[2024-07-08T15:38:20.230+0000] {processor.py:840} INFO - DAG(s) 'tutorial_dag' retrieved from /home/airflow/.local/lib/python3.12/site-packages/airflow/example_dags/tutorial_dag.py
[2024-07-08T15:38:20.597+0000] {logging_mixin.py:188} INFO - [2024-07-08T15:38:20.580+0000] {dag.py:3096} INFO - Sync 1 DAGs
[2024-07-08T15:38:21.811+0000] {logging_mixin.py:188} INFO - [2024-07-08T15:38:21.781+0000] {dag.py:3954} INFO - Setting next_dagrun for tutorial_dag to None, run_after=None
[2024-07-08T15:38:22.176+0000] {processor.py:183} INFO - Processing /home/airflow/.local/lib/python3.12/site-packages/airflow/example_dags/tutorial_dag.py took 3.955 seconds
[2024-07-08T15:42:23.151+0000] {processor.py:161} INFO - Started process (PID=2441) to work on /home/airflow/.local/lib/python3.12/site-packages/airflow/example_dags/tutorial_dag.py
[2024-07-08T15:42:23.158+0000] {processor.py:830} INFO - Processing file /home/airflow/.local/lib/python3.12/site-packages/airflow/example_dags/tutorial_dag.py for tasks to queue
[2024-07-08T15:42:23.161+0000] {logging_mixin.py:188} INFO - [2024-07-08T15:42:23.160+0000] {dagbag.py:545} INFO - Filling up the DagBag from /home/airflow/.local/lib/python3.12/site-packages/airflow/example_dags/tutorial_dag.py
[2024-07-08T15:42:23.171+0000] {processor.py:840} INFO - DAG(s) 'tutorial_dag' retrieved from /home/airflow/.local/lib/python3.12/site-packages/airflow/example_dags/tutorial_dag.py
[2024-07-08T15:42:23.221+0000] {logging_mixin.py:188} INFO - [2024-07-08T15:42:23.221+0000] {dag.py:3096} INFO - Sync 1 DAGs
[2024-07-08T15:42:23.243+0000] {logging_mixin.py:188} INFO - [2024-07-08T15:42:23.242+0000] {dag.py:3954} INFO - Setting next_dagrun for tutorial_dag to None, run_after=None
[2024-07-08T15:42:23.280+0000] {processor.py:183} INFO - Processing /home/airflow/.local/lib/python3.12/site-packages/airflow/example_dags/tutorial_dag.py took 0.140 seconds
[2024-07-08T15:42:53.826+0000] {processor.py:161} INFO - Started process (PID=2504) to work on /home/airflow/.local/lib/python3.12/site-packages/airflow/example_dags/tutorial_dag.py
[2024-07-08T15:42:53.827+0000] {processor.py:830} INFO - Processing file /home/airflow/.local/lib/python3.12/site-packages/airflow/example_dags/tutorial_dag.py for tasks to queue
[2024-07-08T15:42:53.832+0000] {logging_mixin.py:188} INFO - [2024-07-08T15:42:53.830+0000] {dagbag.py:545} INFO - Filling up the DagBag from /home/airflow/.local/lib/python3.12/site-packages/airflow/example_dags/tutorial_dag.py
[2024-07-08T15:42:53.839+0000] {processor.py:840} INFO - DAG(s) 'tutorial_dag' retrieved from /home/airflow/.local/lib/python3.12/site-packages/airflow/example_dags/tutorial_dag.py
[2024-07-08T15:42:53.874+0000] {logging_mixin.py:188} INFO - [2024-07-08T15:42:53.874+0000] {dag.py:3096} INFO - Sync 1 DAGs
[2024-07-08T15:42:53.896+0000] {logging_mixin.py:188} INFO - [2024-07-08T15:42:53.896+0000] {dag.py:3954} INFO - Setting next_dagrun for tutorial_dag to None, run_after=None
[2024-07-08T15:42:53.944+0000] {processor.py:183} INFO - Processing /home/airflow/.local/lib/python3.12/site-packages/airflow/example_dags/tutorial_dag.py took 0.128 seconds
[2024-07-08T15:43:24.611+0000] {processor.py:161} INFO - Started process (PID=2564) to work on /home/airflow/.local/lib/python3.12/site-packages/airflow/example_dags/tutorial_dag.py
[2024-07-08T15:43:24.612+0000] {processor.py:830} INFO - Processing file /home/airflow/.local/lib/python3.12/site-packages/airflow/example_dags/tutorial_dag.py for tasks to queue
[2024-07-08T15:43:24.613+0000] {logging_mixin.py:188} INFO - [2024-07-08T15:43:24.613+0000] {dagbag.py:545} INFO - Filling up the DagBag from /home/airflow/.local/lib/python3.12/site-packages/airflow/example_dags/tutorial_dag.py
[2024-07-08T15:43:24.619+0000] {processor.py:840} INFO - DAG(s) 'tutorial_dag' retrieved from /home/airflow/.local/lib/python3.12/site-packages/airflow/example_dags/tutorial_dag.py
[2024-07-08T15:43:24.650+0000] {logging_mixin.py:188} INFO - [2024-07-08T15:43:24.649+0000] {dag.py:3096} INFO - Sync 1 DAGs
[2024-07-08T15:43:24.672+0000] {logging_mixin.py:188} INFO - [2024-07-08T15:43:24.672+0000] {dag.py:3954} INFO - Setting next_dagrun for tutorial_dag to None, run_after=None
[2024-07-08T15:43:24.741+0000] {processor.py:183} INFO - Processing /home/airflow/.local/lib/python3.12/site-packages/airflow/example_dags/tutorial_dag.py took 0.140 seconds
[2024-07-08T15:43:54.920+0000] {processor.py:161} INFO - Started process (PID=2624) to work on /home/airflow/.local/lib/python3.12/site-packages/airflow/example_dags/tutorial_dag.py
[2024-07-08T15:43:54.921+0000] {processor.py:830} INFO - Processing file /home/airflow/.local/lib/python3.12/site-packages/airflow/example_dags/tutorial_dag.py for tasks to queue
[2024-07-08T15:43:54.923+0000] {logging_mixin.py:188} INFO - [2024-07-08T15:43:54.922+0000] {dagbag.py:545} INFO - Filling up the DagBag from /home/airflow/.local/lib/python3.12/site-packages/airflow/example_dags/tutorial_dag.py
[2024-07-08T15:43:54.929+0000] {processor.py:840} INFO - DAG(s) 'tutorial_dag' retrieved from /home/airflow/.local/lib/python3.12/site-packages/airflow/example_dags/tutorial_dag.py
[2024-07-08T15:43:54.960+0000] {logging_mixin.py:188} INFO - [2024-07-08T15:43:54.960+0000] {dag.py:3096} INFO - Sync 1 DAGs
[2024-07-08T15:43:54.977+0000] {logging_mixin.py:188} INFO - [2024-07-08T15:43:54.976+0000] {dag.py:3954} INFO - Setting next_dagrun for tutorial_dag to None, run_after=None
[2024-07-08T15:43:55.003+0000] {processor.py:183} INFO - Processing /home/airflow/.local/lib/python3.12/site-packages/airflow/example_dags/tutorial_dag.py took 0.091 seconds
