[2024-07-08T15:07:43.683+0000] {processor.py:161} INFO - Started process (PID=57) to work on /home/airflow/.local/lib/python3.12/site-packages/airflow/example_dags/tutorial.py
[2024-07-08T15:07:43.706+0000] {processor.py:830} INFO - Processing file /home/airflow/.local/lib/python3.12/site-packages/airflow/example_dags/tutorial.py for tasks to queue
[2024-07-08T15:07:43.732+0000] {logging_mixin.py:188} INFO - [2024-07-08T15:07:43.728+0000] {dagbag.py:545} INFO - Filling up the DagBag from /home/airflow/.local/lib/python3.12/site-packages/airflow/example_dags/tutorial.py
[2024-07-08T15:07:43.855+0000] {processor.py:840} INFO - DAG(s) 'tutorial' retrieved from /home/airflow/.local/lib/python3.12/site-packages/airflow/example_dags/tutorial.py
[2024-07-08T15:07:45.595+0000] {logging_mixin.py:188} INFO - [2024-07-08T15:07:45.595+0000] {dag.py:3096} INFO - Sync 1 DAGs
[2024-07-08T15:07:45.679+0000] {logging_mixin.py:188} INFO - [2024-07-08T15:07:45.679+0000] {dag.py:3954} INFO - Setting next_dagrun for tutorial to 2024-07-07 00:00:00+00:00, run_after=2024-07-08 00:00:00+00:00
[2024-07-08T15:07:45.747+0000] {processor.py:183} INFO - Processing /home/airflow/.local/lib/python3.12/site-packages/airflow/example_dags/tutorial.py took 2.206 seconds
[2024-07-08T15:08:15.900+0000] {processor.py:161} INFO - Started process (PID=114) to work on /home/airflow/.local/lib/python3.12/site-packages/airflow/example_dags/tutorial.py
[2024-07-08T15:08:15.902+0000] {processor.py:830} INFO - Processing file /home/airflow/.local/lib/python3.12/site-packages/airflow/example_dags/tutorial.py for tasks to queue
[2024-07-08T15:08:15.905+0000] {logging_mixin.py:188} INFO - [2024-07-08T15:08:15.904+0000] {dagbag.py:545} INFO - Filling up the DagBag from /home/airflow/.local/lib/python3.12/site-packages/airflow/example_dags/tutorial.py
[2024-07-08T15:08:15.914+0000] {processor.py:840} INFO - DAG(s) 'tutorial' retrieved from /home/airflow/.local/lib/python3.12/site-packages/airflow/example_dags/tutorial.py
[2024-07-08T15:08:15.940+0000] {logging_mixin.py:188} INFO - [2024-07-08T15:08:15.940+0000] {dag.py:3096} INFO - Sync 1 DAGs
[2024-07-08T15:08:15.965+0000] {logging_mixin.py:188} INFO - [2024-07-08T15:08:15.965+0000] {dag.py:3954} INFO - Setting next_dagrun for tutorial to 2024-07-07 00:00:00+00:00, run_after=2024-07-08 00:00:00+00:00
[2024-07-08T15:08:15.992+0000] {processor.py:183} INFO - Processing /home/airflow/.local/lib/python3.12/site-packages/airflow/example_dags/tutorial.py took 0.097 seconds
[2024-07-08T15:08:46.589+0000] {processor.py:161} INFO - Started process (PID=172) to work on /home/airflow/.local/lib/python3.12/site-packages/airflow/example_dags/tutorial.py
[2024-07-08T15:08:46.606+0000] {processor.py:830} INFO - Processing file /home/airflow/.local/lib/python3.12/site-packages/airflow/example_dags/tutorial.py for tasks to queue
[2024-07-08T15:08:46.636+0000] {logging_mixin.py:188} INFO - [2024-07-08T15:08:46.635+0000] {dagbag.py:545} INFO - Filling up the DagBag from /home/airflow/.local/lib/python3.12/site-packages/airflow/example_dags/tutorial.py
[2024-07-08T15:08:46.707+0000] {processor.py:840} INFO - DAG(s) 'tutorial' retrieved from /home/airflow/.local/lib/python3.12/site-packages/airflow/example_dags/tutorial.py
[2024-07-08T15:08:46.795+0000] {logging_mixin.py:188} INFO - [2024-07-08T15:08:46.794+0000] {dag.py:3096} INFO - Sync 1 DAGs
[2024-07-08T15:08:46.921+0000] {logging_mixin.py:188} INFO - [2024-07-08T15:08:46.921+0000] {dag.py:3954} INFO - Setting next_dagrun for tutorial to 2024-07-07 00:00:00+00:00, run_after=2024-07-08 00:00:00+00:00
[2024-07-08T15:08:47.031+0000] {processor.py:183} INFO - Processing /home/airflow/.local/lib/python3.12/site-packages/airflow/example_dags/tutorial.py took 0.470 seconds
[2024-07-08T15:09:18.029+0000] {processor.py:161} INFO - Started process (PID=230) to work on /home/airflow/.local/lib/python3.12/site-packages/airflow/example_dags/tutorial.py
[2024-07-08T15:09:18.031+0000] {processor.py:830} INFO - Processing file /home/airflow/.local/lib/python3.12/site-packages/airflow/example_dags/tutorial.py for tasks to queue
[2024-07-08T15:09:18.033+0000] {logging_mixin.py:188} INFO - [2024-07-08T15:09:18.033+0000] {dagbag.py:545} INFO - Filling up the DagBag from /home/airflow/.local/lib/python3.12/site-packages/airflow/example_dags/tutorial.py
[2024-07-08T15:09:18.043+0000] {processor.py:840} INFO - DAG(s) 'tutorial' retrieved from /home/airflow/.local/lib/python3.12/site-packages/airflow/example_dags/tutorial.py
[2024-07-08T15:09:18.077+0000] {logging_mixin.py:188} INFO - [2024-07-08T15:09:18.077+0000] {dag.py:3096} INFO - Sync 1 DAGs
[2024-07-08T15:09:18.109+0000] {logging_mixin.py:188} INFO - [2024-07-08T15:09:18.109+0000] {dag.py:3954} INFO - Setting next_dagrun for tutorial to 2024-07-07 00:00:00+00:00, run_after=2024-07-08 00:00:00+00:00
[2024-07-08T15:09:18.141+0000] {processor.py:183} INFO - Processing /home/airflow/.local/lib/python3.12/site-packages/airflow/example_dags/tutorial.py took 0.122 seconds
[2024-07-08T15:09:49.036+0000] {processor.py:161} INFO - Started process (PID=288) to work on /home/airflow/.local/lib/python3.12/site-packages/airflow/example_dags/tutorial.py
[2024-07-08T15:09:49.037+0000] {processor.py:830} INFO - Processing file /home/airflow/.local/lib/python3.12/site-packages/airflow/example_dags/tutorial.py for tasks to queue
[2024-07-08T15:09:49.040+0000] {logging_mixin.py:188} INFO - [2024-07-08T15:09:49.039+0000] {dagbag.py:545} INFO - Filling up the DagBag from /home/airflow/.local/lib/python3.12/site-packages/airflow/example_dags/tutorial.py
[2024-07-08T15:09:49.052+0000] {processor.py:840} INFO - DAG(s) 'tutorial' retrieved from /home/airflow/.local/lib/python3.12/site-packages/airflow/example_dags/tutorial.py
[2024-07-08T15:09:49.084+0000] {logging_mixin.py:188} INFO - [2024-07-08T15:09:49.083+0000] {dag.py:3096} INFO - Sync 1 DAGs
[2024-07-08T15:09:49.114+0000] {logging_mixin.py:188} INFO - [2024-07-08T15:09:49.114+0000] {dag.py:3954} INFO - Setting next_dagrun for tutorial to 2024-07-07 00:00:00+00:00, run_after=2024-07-08 00:00:00+00:00
[2024-07-08T15:09:49.145+0000] {processor.py:183} INFO - Processing /home/airflow/.local/lib/python3.12/site-packages/airflow/example_dags/tutorial.py took 0.120 seconds
[2024-07-08T15:10:19.892+0000] {processor.py:161} INFO - Started process (PID=345) to work on /home/airflow/.local/lib/python3.12/site-packages/airflow/example_dags/tutorial.py
[2024-07-08T15:10:19.893+0000] {processor.py:830} INFO - Processing file /home/airflow/.local/lib/python3.12/site-packages/airflow/example_dags/tutorial.py for tasks to queue
[2024-07-08T15:10:19.903+0000] {logging_mixin.py:188} INFO - [2024-07-08T15:10:19.903+0000] {dagbag.py:545} INFO - Filling up the DagBag from /home/airflow/.local/lib/python3.12/site-packages/airflow/example_dags/tutorial.py
[2024-07-08T15:10:19.915+0000] {processor.py:840} INFO - DAG(s) 'tutorial' retrieved from /home/airflow/.local/lib/python3.12/site-packages/airflow/example_dags/tutorial.py
[2024-07-08T15:10:19.960+0000] {logging_mixin.py:188} INFO - [2024-07-08T15:10:19.960+0000] {dag.py:3096} INFO - Sync 1 DAGs
[2024-07-08T15:10:20.066+0000] {logging_mixin.py:188} INFO - [2024-07-08T15:10:20.066+0000] {dag.py:3954} INFO - Setting next_dagrun for tutorial to 2024-07-07 00:00:00+00:00, run_after=2024-07-08 00:00:00+00:00
[2024-07-08T15:10:20.170+0000] {processor.py:183} INFO - Processing /home/airflow/.local/lib/python3.12/site-packages/airflow/example_dags/tutorial.py took 0.290 seconds
[2024-07-08T15:10:50.452+0000] {processor.py:161} INFO - Started process (PID=403) to work on /home/airflow/.local/lib/python3.12/site-packages/airflow/example_dags/tutorial.py
[2024-07-08T15:10:50.454+0000] {processor.py:830} INFO - Processing file /home/airflow/.local/lib/python3.12/site-packages/airflow/example_dags/tutorial.py for tasks to queue
[2024-07-08T15:10:50.457+0000] {logging_mixin.py:188} INFO - [2024-07-08T15:10:50.456+0000] {dagbag.py:545} INFO - Filling up the DagBag from /home/airflow/.local/lib/python3.12/site-packages/airflow/example_dags/tutorial.py
[2024-07-08T15:10:50.466+0000] {processor.py:840} INFO - DAG(s) 'tutorial' retrieved from /home/airflow/.local/lib/python3.12/site-packages/airflow/example_dags/tutorial.py
[2024-07-08T15:10:50.493+0000] {logging_mixin.py:188} INFO - [2024-07-08T15:10:50.493+0000] {dag.py:3096} INFO - Sync 1 DAGs
[2024-07-08T15:10:50.525+0000] {logging_mixin.py:188} INFO - [2024-07-08T15:10:50.525+0000] {dag.py:3954} INFO - Setting next_dagrun for tutorial to 2024-07-07 00:00:00+00:00, run_after=2024-07-08 00:00:00+00:00
[2024-07-08T15:10:50.554+0000] {processor.py:183} INFO - Processing /home/airflow/.local/lib/python3.12/site-packages/airflow/example_dags/tutorial.py took 0.110 seconds
[2024-07-08T15:11:20.852+0000] {processor.py:161} INFO - Started process (PID=461) to work on /home/airflow/.local/lib/python3.12/site-packages/airflow/example_dags/tutorial.py
[2024-07-08T15:11:20.853+0000] {processor.py:830} INFO - Processing file /home/airflow/.local/lib/python3.12/site-packages/airflow/example_dags/tutorial.py for tasks to queue
[2024-07-08T15:11:20.856+0000] {logging_mixin.py:188} INFO - [2024-07-08T15:11:20.855+0000] {dagbag.py:545} INFO - Filling up the DagBag from /home/airflow/.local/lib/python3.12/site-packages/airflow/example_dags/tutorial.py
[2024-07-08T15:11:20.862+0000] {processor.py:840} INFO - DAG(s) 'tutorial' retrieved from /home/airflow/.local/lib/python3.12/site-packages/airflow/example_dags/tutorial.py
[2024-07-08T15:11:20.889+0000] {logging_mixin.py:188} INFO - [2024-07-08T15:11:20.888+0000] {dag.py:3096} INFO - Sync 1 DAGs
[2024-07-08T15:11:20.924+0000] {logging_mixin.py:188} INFO - [2024-07-08T15:11:20.924+0000] {dag.py:3954} INFO - Setting next_dagrun for tutorial to 2024-07-07 00:00:00+00:00, run_after=2024-07-08 00:00:00+00:00
[2024-07-08T15:11:20.955+0000] {processor.py:183} INFO - Processing /home/airflow/.local/lib/python3.12/site-packages/airflow/example_dags/tutorial.py took 0.110 seconds
[2024-07-08T15:11:51.077+0000] {processor.py:161} INFO - Started process (PID=518) to work on /home/airflow/.local/lib/python3.12/site-packages/airflow/example_dags/tutorial.py
[2024-07-08T15:11:51.079+0000] {processor.py:830} INFO - Processing file /home/airflow/.local/lib/python3.12/site-packages/airflow/example_dags/tutorial.py for tasks to queue
[2024-07-08T15:11:51.083+0000] {logging_mixin.py:188} INFO - [2024-07-08T15:11:51.082+0000] {dagbag.py:545} INFO - Filling up the DagBag from /home/airflow/.local/lib/python3.12/site-packages/airflow/example_dags/tutorial.py
[2024-07-08T15:11:51.090+0000] {processor.py:840} INFO - DAG(s) 'tutorial' retrieved from /home/airflow/.local/lib/python3.12/site-packages/airflow/example_dags/tutorial.py
[2024-07-08T15:11:51.123+0000] {logging_mixin.py:188} INFO - [2024-07-08T15:11:51.122+0000] {dag.py:3096} INFO - Sync 1 DAGs
[2024-07-08T15:11:51.176+0000] {logging_mixin.py:188} INFO - [2024-07-08T15:11:51.176+0000] {dag.py:3954} INFO - Setting next_dagrun for tutorial to 2024-07-07 00:00:00+00:00, run_after=2024-07-08 00:00:00+00:00
[2024-07-08T15:11:51.222+0000] {processor.py:183} INFO - Processing /home/airflow/.local/lib/python3.12/site-packages/airflow/example_dags/tutorial.py took 0.151 seconds
[2024-07-08T15:12:21.614+0000] {processor.py:161} INFO - Started process (PID=576) to work on /home/airflow/.local/lib/python3.12/site-packages/airflow/example_dags/tutorial.py
[2024-07-08T15:12:21.615+0000] {processor.py:830} INFO - Processing file /home/airflow/.local/lib/python3.12/site-packages/airflow/example_dags/tutorial.py for tasks to queue
[2024-07-08T15:12:21.618+0000] {logging_mixin.py:188} INFO - [2024-07-08T15:12:21.618+0000] {dagbag.py:545} INFO - Filling up the DagBag from /home/airflow/.local/lib/python3.12/site-packages/airflow/example_dags/tutorial.py
[2024-07-08T15:12:21.625+0000] {processor.py:840} INFO - DAG(s) 'tutorial' retrieved from /home/airflow/.local/lib/python3.12/site-packages/airflow/example_dags/tutorial.py
[2024-07-08T15:12:21.659+0000] {logging_mixin.py:188} INFO - [2024-07-08T15:12:21.659+0000] {dag.py:3096} INFO - Sync 1 DAGs
[2024-07-08T15:12:21.705+0000] {logging_mixin.py:188} INFO - [2024-07-08T15:12:21.705+0000] {dag.py:3954} INFO - Setting next_dagrun for tutorial to 2024-07-07 00:00:00+00:00, run_after=2024-07-08 00:00:00+00:00
[2024-07-08T15:12:21.754+0000] {processor.py:183} INFO - Processing /home/airflow/.local/lib/python3.12/site-packages/airflow/example_dags/tutorial.py took 0.148 seconds
[2024-07-08T15:12:52.211+0000] {processor.py:161} INFO - Started process (PID=635) to work on /home/airflow/.local/lib/python3.12/site-packages/airflow/example_dags/tutorial.py
[2024-07-08T15:12:52.214+0000] {processor.py:830} INFO - Processing file /home/airflow/.local/lib/python3.12/site-packages/airflow/example_dags/tutorial.py for tasks to queue
[2024-07-08T15:12:52.217+0000] {logging_mixin.py:188} INFO - [2024-07-08T15:12:52.216+0000] {dagbag.py:545} INFO - Filling up the DagBag from /home/airflow/.local/lib/python3.12/site-packages/airflow/example_dags/tutorial.py
[2024-07-08T15:12:52.227+0000] {processor.py:840} INFO - DAG(s) 'tutorial' retrieved from /home/airflow/.local/lib/python3.12/site-packages/airflow/example_dags/tutorial.py
[2024-07-08T15:12:52.265+0000] {logging_mixin.py:188} INFO - [2024-07-08T15:12:52.262+0000] {dag.py:3096} INFO - Sync 1 DAGs
[2024-07-08T15:12:52.315+0000] {logging_mixin.py:188} INFO - [2024-07-08T15:12:52.315+0000] {dag.py:3954} INFO - Setting next_dagrun for tutorial to 2024-07-07 00:00:00+00:00, run_after=2024-07-08 00:00:00+00:00
[2024-07-08T15:12:52.357+0000] {processor.py:183} INFO - Processing /home/airflow/.local/lib/python3.12/site-packages/airflow/example_dags/tutorial.py took 0.157 seconds
[2024-07-08T15:13:22.753+0000] {processor.py:161} INFO - Started process (PID=693) to work on /home/airflow/.local/lib/python3.12/site-packages/airflow/example_dags/tutorial.py
[2024-07-08T15:13:22.755+0000] {processor.py:830} INFO - Processing file /home/airflow/.local/lib/python3.12/site-packages/airflow/example_dags/tutorial.py for tasks to queue
[2024-07-08T15:13:22.758+0000] {logging_mixin.py:188} INFO - [2024-07-08T15:13:22.757+0000] {dagbag.py:545} INFO - Filling up the DagBag from /home/airflow/.local/lib/python3.12/site-packages/airflow/example_dags/tutorial.py
[2024-07-08T15:13:22.767+0000] {processor.py:840} INFO - DAG(s) 'tutorial' retrieved from /home/airflow/.local/lib/python3.12/site-packages/airflow/example_dags/tutorial.py
[2024-07-08T15:13:22.798+0000] {logging_mixin.py:188} INFO - [2024-07-08T15:13:22.797+0000] {dag.py:3096} INFO - Sync 1 DAGs
[2024-07-08T15:13:22.832+0000] {logging_mixin.py:188} INFO - [2024-07-08T15:13:22.831+0000] {dag.py:3954} INFO - Setting next_dagrun for tutorial to 2024-07-07 00:00:00+00:00, run_after=2024-07-08 00:00:00+00:00
[2024-07-08T15:13:22.866+0000] {processor.py:183} INFO - Processing /home/airflow/.local/lib/python3.12/site-packages/airflow/example_dags/tutorial.py took 0.124 seconds
[2024-07-08T15:16:12.003+0000] {processor.py:161} INFO - Started process (PID=759) to work on /home/airflow/.local/lib/python3.12/site-packages/airflow/example_dags/tutorial.py
[2024-07-08T15:16:12.005+0000] {processor.py:830} INFO - Processing file /home/airflow/.local/lib/python3.12/site-packages/airflow/example_dags/tutorial.py for tasks to queue
[2024-07-08T15:16:12.007+0000] {logging_mixin.py:188} INFO - [2024-07-08T15:16:12.007+0000] {dagbag.py:545} INFO - Filling up the DagBag from /home/airflow/.local/lib/python3.12/site-packages/airflow/example_dags/tutorial.py
[2024-07-08T15:16:12.020+0000] {processor.py:840} INFO - DAG(s) 'tutorial' retrieved from /home/airflow/.local/lib/python3.12/site-packages/airflow/example_dags/tutorial.py
[2024-07-08T15:16:12.063+0000] {logging_mixin.py:188} INFO - [2024-07-08T15:16:12.062+0000] {dag.py:3096} INFO - Sync 1 DAGs
[2024-07-08T15:16:12.171+0000] {logging_mixin.py:188} INFO - [2024-07-08T15:16:12.164+0000] {dag.py:3954} INFO - Setting next_dagrun for tutorial to 2024-07-07 00:00:00+00:00, run_after=2024-07-08 00:00:00+00:00
[2024-07-08T15:16:12.225+0000] {processor.py:183} INFO - Processing /home/airflow/.local/lib/python3.12/site-packages/airflow/example_dags/tutorial.py took 0.236 seconds
[2024-07-08T15:16:42.977+0000] {processor.py:161} INFO - Started process (PID=817) to work on /home/airflow/.local/lib/python3.12/site-packages/airflow/example_dags/tutorial.py
[2024-07-08T15:16:42.979+0000] {processor.py:830} INFO - Processing file /home/airflow/.local/lib/python3.12/site-packages/airflow/example_dags/tutorial.py for tasks to queue
[2024-07-08T15:16:42.983+0000] {logging_mixin.py:188} INFO - [2024-07-08T15:16:42.981+0000] {dagbag.py:545} INFO - Filling up the DagBag from /home/airflow/.local/lib/python3.12/site-packages/airflow/example_dags/tutorial.py
[2024-07-08T15:16:43.001+0000] {processor.py:840} INFO - DAG(s) 'tutorial' retrieved from /home/airflow/.local/lib/python3.12/site-packages/airflow/example_dags/tutorial.py
[2024-07-08T15:16:43.044+0000] {logging_mixin.py:188} INFO - [2024-07-08T15:16:43.043+0000] {dag.py:3096} INFO - Sync 1 DAGs
[2024-07-08T15:16:43.094+0000] {logging_mixin.py:188} INFO - [2024-07-08T15:16:43.093+0000] {dag.py:3954} INFO - Setting next_dagrun for tutorial to 2024-07-07 00:00:00+00:00, run_after=2024-07-08 00:00:00+00:00
[2024-07-08T15:16:43.156+0000] {processor.py:183} INFO - Processing /home/airflow/.local/lib/python3.12/site-packages/airflow/example_dags/tutorial.py took 0.193 seconds
[2024-07-08T15:17:13.230+0000] {processor.py:161} INFO - Started process (PID=874) to work on /home/airflow/.local/lib/python3.12/site-packages/airflow/example_dags/tutorial.py
[2024-07-08T15:17:13.232+0000] {processor.py:830} INFO - Processing file /home/airflow/.local/lib/python3.12/site-packages/airflow/example_dags/tutorial.py for tasks to queue
[2024-07-08T15:17:13.233+0000] {logging_mixin.py:188} INFO - [2024-07-08T15:17:13.232+0000] {dagbag.py:545} INFO - Filling up the DagBag from /home/airflow/.local/lib/python3.12/site-packages/airflow/example_dags/tutorial.py
[2024-07-08T15:17:13.243+0000] {processor.py:840} INFO - DAG(s) 'tutorial' retrieved from /home/airflow/.local/lib/python3.12/site-packages/airflow/example_dags/tutorial.py
[2024-07-08T15:17:13.275+0000] {logging_mixin.py:188} INFO - [2024-07-08T15:17:13.274+0000] {dag.py:3096} INFO - Sync 1 DAGs
[2024-07-08T15:17:13.301+0000] {logging_mixin.py:188} INFO - [2024-07-08T15:17:13.301+0000] {dag.py:3954} INFO - Setting next_dagrun for tutorial to 2024-07-07 00:00:00+00:00, run_after=2024-07-08 00:00:00+00:00
[2024-07-08T15:17:13.329+0000] {processor.py:183} INFO - Processing /home/airflow/.local/lib/python3.12/site-packages/airflow/example_dags/tutorial.py took 0.109 seconds
[2024-07-08T15:19:00.291+0000] {processor.py:161} INFO - Started process (PID=933) to work on /home/airflow/.local/lib/python3.12/site-packages/airflow/example_dags/tutorial.py
[2024-07-08T15:19:00.293+0000] {processor.py:830} INFO - Processing file /home/airflow/.local/lib/python3.12/site-packages/airflow/example_dags/tutorial.py for tasks to queue
[2024-07-08T15:19:00.296+0000] {logging_mixin.py:188} INFO - [2024-07-08T15:19:00.295+0000] {dagbag.py:545} INFO - Filling up the DagBag from /home/airflow/.local/lib/python3.12/site-packages/airflow/example_dags/tutorial.py
[2024-07-08T15:19:00.328+0000] {processor.py:840} INFO - DAG(s) 'tutorial' retrieved from /home/airflow/.local/lib/python3.12/site-packages/airflow/example_dags/tutorial.py
[2024-07-08T15:19:00.373+0000] {logging_mixin.py:188} INFO - [2024-07-08T15:19:00.372+0000] {dag.py:3096} INFO - Sync 1 DAGs
[2024-07-08T15:19:00.420+0000] {logging_mixin.py:188} INFO - [2024-07-08T15:19:00.420+0000] {dag.py:3954} INFO - Setting next_dagrun for tutorial to 2024-07-07 00:00:00+00:00, run_after=2024-07-08 00:00:00+00:00
[2024-07-08T15:19:00.454+0000] {processor.py:183} INFO - Processing /home/airflow/.local/lib/python3.12/site-packages/airflow/example_dags/tutorial.py took 0.176 seconds
[2024-07-08T15:19:31.498+0000] {processor.py:161} INFO - Started process (PID=991) to work on /home/airflow/.local/lib/python3.12/site-packages/airflow/example_dags/tutorial.py
[2024-07-08T15:19:31.500+0000] {processor.py:830} INFO - Processing file /home/airflow/.local/lib/python3.12/site-packages/airflow/example_dags/tutorial.py for tasks to queue
[2024-07-08T15:19:31.501+0000] {logging_mixin.py:188} INFO - [2024-07-08T15:19:31.501+0000] {dagbag.py:545} INFO - Filling up the DagBag from /home/airflow/.local/lib/python3.12/site-packages/airflow/example_dags/tutorial.py
[2024-07-08T15:19:31.532+0000] {processor.py:840} INFO - DAG(s) 'tutorial' retrieved from /home/airflow/.local/lib/python3.12/site-packages/airflow/example_dags/tutorial.py
[2024-07-08T15:19:31.607+0000] {logging_mixin.py:188} INFO - [2024-07-08T15:19:31.606+0000] {dag.py:3096} INFO - Sync 1 DAGs
[2024-07-08T15:19:31.670+0000] {logging_mixin.py:188} INFO - [2024-07-08T15:19:31.669+0000] {dag.py:3954} INFO - Setting next_dagrun for tutorial to 2024-07-07 00:00:00+00:00, run_after=2024-07-08 00:00:00+00:00
[2024-07-08T15:19:31.712+0000] {processor.py:183} INFO - Processing /home/airflow/.local/lib/python3.12/site-packages/airflow/example_dags/tutorial.py took 0.223 seconds
[2024-07-08T15:20:02.062+0000] {processor.py:161} INFO - Started process (PID=1048) to work on /home/airflow/.local/lib/python3.12/site-packages/airflow/example_dags/tutorial.py
[2024-07-08T15:20:02.064+0000] {processor.py:830} INFO - Processing file /home/airflow/.local/lib/python3.12/site-packages/airflow/example_dags/tutorial.py for tasks to queue
[2024-07-08T15:20:02.065+0000] {logging_mixin.py:188} INFO - [2024-07-08T15:20:02.065+0000] {dagbag.py:545} INFO - Filling up the DagBag from /home/airflow/.local/lib/python3.12/site-packages/airflow/example_dags/tutorial.py
[2024-07-08T15:20:02.076+0000] {processor.py:840} INFO - DAG(s) 'tutorial' retrieved from /home/airflow/.local/lib/python3.12/site-packages/airflow/example_dags/tutorial.py
[2024-07-08T15:20:02.107+0000] {logging_mixin.py:188} INFO - [2024-07-08T15:20:02.107+0000] {dag.py:3096} INFO - Sync 1 DAGs
[2024-07-08T15:20:02.139+0000] {logging_mixin.py:188} INFO - [2024-07-08T15:20:02.139+0000] {dag.py:3954} INFO - Setting next_dagrun for tutorial to 2024-07-07 00:00:00+00:00, run_after=2024-07-08 00:00:00+00:00
[2024-07-08T15:20:02.169+0000] {processor.py:183} INFO - Processing /home/airflow/.local/lib/python3.12/site-packages/airflow/example_dags/tutorial.py took 0.116 seconds
[2024-07-08T15:20:32.301+0000] {processor.py:161} INFO - Started process (PID=1106) to work on /home/airflow/.local/lib/python3.12/site-packages/airflow/example_dags/tutorial.py
[2024-07-08T15:20:32.304+0000] {processor.py:830} INFO - Processing file /home/airflow/.local/lib/python3.12/site-packages/airflow/example_dags/tutorial.py for tasks to queue
[2024-07-08T15:20:32.307+0000] {logging_mixin.py:188} INFO - [2024-07-08T15:20:32.305+0000] {dagbag.py:545} INFO - Filling up the DagBag from /home/airflow/.local/lib/python3.12/site-packages/airflow/example_dags/tutorial.py
[2024-07-08T15:20:32.321+0000] {processor.py:840} INFO - DAG(s) 'tutorial' retrieved from /home/airflow/.local/lib/python3.12/site-packages/airflow/example_dags/tutorial.py
[2024-07-08T15:20:32.358+0000] {logging_mixin.py:188} INFO - [2024-07-08T15:20:32.358+0000] {dag.py:3096} INFO - Sync 1 DAGs
[2024-07-08T15:20:32.398+0000] {logging_mixin.py:188} INFO - [2024-07-08T15:20:32.397+0000] {dag.py:3954} INFO - Setting next_dagrun for tutorial to 2024-07-07 00:00:00+00:00, run_after=2024-07-08 00:00:00+00:00
[2024-07-08T15:20:32.441+0000] {processor.py:183} INFO - Processing /home/airflow/.local/lib/python3.12/site-packages/airflow/example_dags/tutorial.py took 0.148 seconds
[2024-07-08T15:21:02.740+0000] {processor.py:161} INFO - Started process (PID=1162) to work on /home/airflow/.local/lib/python3.12/site-packages/airflow/example_dags/tutorial.py
[2024-07-08T15:21:02.741+0000] {processor.py:830} INFO - Processing file /home/airflow/.local/lib/python3.12/site-packages/airflow/example_dags/tutorial.py for tasks to queue
[2024-07-08T15:21:02.743+0000] {logging_mixin.py:188} INFO - [2024-07-08T15:21:02.742+0000] {dagbag.py:545} INFO - Filling up the DagBag from /home/airflow/.local/lib/python3.12/site-packages/airflow/example_dags/tutorial.py
[2024-07-08T15:21:02.751+0000] {processor.py:840} INFO - DAG(s) 'tutorial' retrieved from /home/airflow/.local/lib/python3.12/site-packages/airflow/example_dags/tutorial.py
[2024-07-08T15:21:02.777+0000] {logging_mixin.py:188} INFO - [2024-07-08T15:21:02.777+0000] {dag.py:3096} INFO - Sync 1 DAGs
[2024-07-08T15:21:02.810+0000] {logging_mixin.py:188} INFO - [2024-07-08T15:21:02.810+0000] {dag.py:3954} INFO - Setting next_dagrun for tutorial to 2024-07-07 00:00:00+00:00, run_after=2024-07-08 00:00:00+00:00
[2024-07-08T15:21:02.866+0000] {processor.py:183} INFO - Processing /home/airflow/.local/lib/python3.12/site-packages/airflow/example_dags/tutorial.py took 0.133 seconds
[2024-07-08T15:21:33.140+0000] {processor.py:161} INFO - Started process (PID=1220) to work on /home/airflow/.local/lib/python3.12/site-packages/airflow/example_dags/tutorial.py
[2024-07-08T15:21:33.142+0000] {processor.py:830} INFO - Processing file /home/airflow/.local/lib/python3.12/site-packages/airflow/example_dags/tutorial.py for tasks to queue
[2024-07-08T15:21:33.143+0000] {logging_mixin.py:188} INFO - [2024-07-08T15:21:33.143+0000] {dagbag.py:545} INFO - Filling up the DagBag from /home/airflow/.local/lib/python3.12/site-packages/airflow/example_dags/tutorial.py
[2024-07-08T15:21:33.154+0000] {processor.py:840} INFO - DAG(s) 'tutorial' retrieved from /home/airflow/.local/lib/python3.12/site-packages/airflow/example_dags/tutorial.py
[2024-07-08T15:21:33.180+0000] {logging_mixin.py:188} INFO - [2024-07-08T15:21:33.179+0000] {dag.py:3096} INFO - Sync 1 DAGs
[2024-07-08T15:21:33.213+0000] {logging_mixin.py:188} INFO - [2024-07-08T15:21:33.212+0000] {dag.py:3954} INFO - Setting next_dagrun for tutorial to 2024-07-07 00:00:00+00:00, run_after=2024-07-08 00:00:00+00:00
[2024-07-08T15:21:33.259+0000] {processor.py:183} INFO - Processing /home/airflow/.local/lib/python3.12/site-packages/airflow/example_dags/tutorial.py took 0.126 seconds
[2024-07-08T15:22:03.925+0000] {processor.py:161} INFO - Started process (PID=1278) to work on /home/airflow/.local/lib/python3.12/site-packages/airflow/example_dags/tutorial.py
[2024-07-08T15:22:03.926+0000] {processor.py:830} INFO - Processing file /home/airflow/.local/lib/python3.12/site-packages/airflow/example_dags/tutorial.py for tasks to queue
[2024-07-08T15:22:03.928+0000] {logging_mixin.py:188} INFO - [2024-07-08T15:22:03.927+0000] {dagbag.py:545} INFO - Filling up the DagBag from /home/airflow/.local/lib/python3.12/site-packages/airflow/example_dags/tutorial.py
[2024-07-08T15:22:03.937+0000] {processor.py:840} INFO - DAG(s) 'tutorial' retrieved from /home/airflow/.local/lib/python3.12/site-packages/airflow/example_dags/tutorial.py
[2024-07-08T15:22:03.971+0000] {logging_mixin.py:188} INFO - [2024-07-08T15:22:03.971+0000] {dag.py:3096} INFO - Sync 1 DAGs
[2024-07-08T15:22:04.006+0000] {logging_mixin.py:188} INFO - [2024-07-08T15:22:04.006+0000] {dag.py:3954} INFO - Setting next_dagrun for tutorial to 2024-07-07 00:00:00+00:00, run_after=2024-07-08 00:00:00+00:00
[2024-07-08T15:22:04.044+0000] {processor.py:183} INFO - Processing /home/airflow/.local/lib/python3.12/site-packages/airflow/example_dags/tutorial.py took 0.128 seconds
[2024-07-08T15:22:34.881+0000] {processor.py:161} INFO - Started process (PID=1340) to work on /home/airflow/.local/lib/python3.12/site-packages/airflow/example_dags/tutorial.py
[2024-07-08T15:22:34.883+0000] {processor.py:830} INFO - Processing file /home/airflow/.local/lib/python3.12/site-packages/airflow/example_dags/tutorial.py for tasks to queue
[2024-07-08T15:22:34.885+0000] {logging_mixin.py:188} INFO - [2024-07-08T15:22:34.884+0000] {dagbag.py:545} INFO - Filling up the DagBag from /home/airflow/.local/lib/python3.12/site-packages/airflow/example_dags/tutorial.py
[2024-07-08T15:22:34.899+0000] {processor.py:840} INFO - DAG(s) 'tutorial' retrieved from /home/airflow/.local/lib/python3.12/site-packages/airflow/example_dags/tutorial.py
[2024-07-08T15:22:34.935+0000] {logging_mixin.py:188} INFO - [2024-07-08T15:22:34.934+0000] {dag.py:3096} INFO - Sync 1 DAGs
[2024-07-08T15:22:35.023+0000] {logging_mixin.py:188} INFO - [2024-07-08T15:22:35.022+0000] {dag.py:3954} INFO - Setting next_dagrun for tutorial to 2024-07-07 00:00:00+00:00, run_after=2024-07-08 00:00:00+00:00
[2024-07-08T15:22:35.075+0000] {processor.py:183} INFO - Processing /home/airflow/.local/lib/python3.12/site-packages/airflow/example_dags/tutorial.py took 0.206 seconds
[2024-07-08T15:23:05.801+0000] {processor.py:161} INFO - Started process (PID=1402) to work on /home/airflow/.local/lib/python3.12/site-packages/airflow/example_dags/tutorial.py
[2024-07-08T15:23:05.803+0000] {processor.py:830} INFO - Processing file /home/airflow/.local/lib/python3.12/site-packages/airflow/example_dags/tutorial.py for tasks to queue
[2024-07-08T15:23:05.804+0000] {logging_mixin.py:188} INFO - [2024-07-08T15:23:05.804+0000] {dagbag.py:545} INFO - Filling up the DagBag from /home/airflow/.local/lib/python3.12/site-packages/airflow/example_dags/tutorial.py
[2024-07-08T15:23:05.823+0000] {processor.py:840} INFO - DAG(s) 'tutorial' retrieved from /home/airflow/.local/lib/python3.12/site-packages/airflow/example_dags/tutorial.py
[2024-07-08T15:23:05.858+0000] {logging_mixin.py:188} INFO - [2024-07-08T15:23:05.858+0000] {dag.py:3096} INFO - Sync 1 DAGs
[2024-07-08T15:23:05.894+0000] {logging_mixin.py:188} INFO - [2024-07-08T15:23:05.893+0000] {dag.py:3954} INFO - Setting next_dagrun for tutorial to 2024-07-07 00:00:00+00:00, run_after=2024-07-08 00:00:00+00:00
[2024-07-08T15:23:05.926+0000] {processor.py:183} INFO - Processing /home/airflow/.local/lib/python3.12/site-packages/airflow/example_dags/tutorial.py took 0.134 seconds
[2024-07-08T15:23:37.173+0000] {processor.py:161} INFO - Started process (PID=1467) to work on /home/airflow/.local/lib/python3.12/site-packages/airflow/example_dags/tutorial.py
[2024-07-08T15:23:37.175+0000] {processor.py:830} INFO - Processing file /home/airflow/.local/lib/python3.12/site-packages/airflow/example_dags/tutorial.py for tasks to queue
[2024-07-08T15:23:37.177+0000] {logging_mixin.py:188} INFO - [2024-07-08T15:23:37.176+0000] {dagbag.py:545} INFO - Filling up the DagBag from /home/airflow/.local/lib/python3.12/site-packages/airflow/example_dags/tutorial.py
[2024-07-08T15:23:37.190+0000] {processor.py:840} INFO - DAG(s) 'tutorial' retrieved from /home/airflow/.local/lib/python3.12/site-packages/airflow/example_dags/tutorial.py
[2024-07-08T15:23:37.225+0000] {logging_mixin.py:188} INFO - [2024-07-08T15:23:37.225+0000] {dag.py:3096} INFO - Sync 1 DAGs
[2024-07-08T15:23:37.269+0000] {logging_mixin.py:188} INFO - [2024-07-08T15:23:37.268+0000] {dag.py:3954} INFO - Setting next_dagrun for tutorial to 2024-07-07 00:00:00+00:00, run_after=2024-07-08 00:00:00+00:00
[2024-07-08T15:23:37.300+0000] {processor.py:183} INFO - Processing /home/airflow/.local/lib/python3.12/site-packages/airflow/example_dags/tutorial.py took 0.137 seconds
[2024-07-08T15:24:08.017+0000] {processor.py:161} INFO - Started process (PID=1532) to work on /home/airflow/.local/lib/python3.12/site-packages/airflow/example_dags/tutorial.py
[2024-07-08T15:24:08.019+0000] {processor.py:830} INFO - Processing file /home/airflow/.local/lib/python3.12/site-packages/airflow/example_dags/tutorial.py for tasks to queue
[2024-07-08T15:24:08.020+0000] {logging_mixin.py:188} INFO - [2024-07-08T15:24:08.020+0000] {dagbag.py:545} INFO - Filling up the DagBag from /home/airflow/.local/lib/python3.12/site-packages/airflow/example_dags/tutorial.py
[2024-07-08T15:24:08.031+0000] {processor.py:840} INFO - DAG(s) 'tutorial' retrieved from /home/airflow/.local/lib/python3.12/site-packages/airflow/example_dags/tutorial.py
[2024-07-08T15:24:08.062+0000] {logging_mixin.py:188} INFO - [2024-07-08T15:24:08.061+0000] {dag.py:3096} INFO - Sync 1 DAGs
[2024-07-08T15:24:08.100+0000] {logging_mixin.py:188} INFO - [2024-07-08T15:24:08.100+0000] {dag.py:3954} INFO - Setting next_dagrun for tutorial to 2024-07-07 00:00:00+00:00, run_after=2024-07-08 00:00:00+00:00
[2024-07-08T15:24:08.137+0000] {processor.py:183} INFO - Processing /home/airflow/.local/lib/python3.12/site-packages/airflow/example_dags/tutorial.py took 0.129 seconds
[2024-07-08T15:24:38.529+0000] {processor.py:161} INFO - Started process (PID=1592) to work on /home/airflow/.local/lib/python3.12/site-packages/airflow/example_dags/tutorial.py
[2024-07-08T15:24:38.531+0000] {processor.py:830} INFO - Processing file /home/airflow/.local/lib/python3.12/site-packages/airflow/example_dags/tutorial.py for tasks to queue
[2024-07-08T15:24:38.534+0000] {logging_mixin.py:188} INFO - [2024-07-08T15:24:38.533+0000] {dagbag.py:545} INFO - Filling up the DagBag from /home/airflow/.local/lib/python3.12/site-packages/airflow/example_dags/tutorial.py
[2024-07-08T15:24:38.548+0000] {processor.py:840} INFO - DAG(s) 'tutorial' retrieved from /home/airflow/.local/lib/python3.12/site-packages/airflow/example_dags/tutorial.py
[2024-07-08T15:24:38.593+0000] {logging_mixin.py:188} INFO - [2024-07-08T15:24:38.592+0000] {dag.py:3096} INFO - Sync 1 DAGs
[2024-07-08T15:24:38.644+0000] {logging_mixin.py:188} INFO - [2024-07-08T15:24:38.644+0000] {dag.py:3954} INFO - Setting next_dagrun for tutorial to 2024-07-07 00:00:00+00:00, run_after=2024-07-08 00:00:00+00:00
[2024-07-08T15:24:38.687+0000] {processor.py:183} INFO - Processing /home/airflow/.local/lib/python3.12/site-packages/airflow/example_dags/tutorial.py took 0.169 seconds
[2024-07-08T15:25:09.614+0000] {processor.py:161} INFO - Started process (PID=1654) to work on /home/airflow/.local/lib/python3.12/site-packages/airflow/example_dags/tutorial.py
[2024-07-08T15:25:09.616+0000] {processor.py:830} INFO - Processing file /home/airflow/.local/lib/python3.12/site-packages/airflow/example_dags/tutorial.py for tasks to queue
[2024-07-08T15:25:09.617+0000] {logging_mixin.py:188} INFO - [2024-07-08T15:25:09.617+0000] {dagbag.py:545} INFO - Filling up the DagBag from /home/airflow/.local/lib/python3.12/site-packages/airflow/example_dags/tutorial.py
[2024-07-08T15:25:09.626+0000] {processor.py:840} INFO - DAG(s) 'tutorial' retrieved from /home/airflow/.local/lib/python3.12/site-packages/airflow/example_dags/tutorial.py
[2024-07-08T15:25:09.663+0000] {logging_mixin.py:188} INFO - [2024-07-08T15:25:09.663+0000] {dag.py:3096} INFO - Sync 1 DAGs
[2024-07-08T15:25:09.695+0000] {logging_mixin.py:188} INFO - [2024-07-08T15:25:09.695+0000] {dag.py:3954} INFO - Setting next_dagrun for tutorial to 2024-07-07 00:00:00+00:00, run_after=2024-07-08 00:00:00+00:00
[2024-07-08T15:25:09.728+0000] {processor.py:183} INFO - Processing /home/airflow/.local/lib/python3.12/site-packages/airflow/example_dags/tutorial.py took 0.122 seconds
[2024-07-08T15:25:40.569+0000] {processor.py:161} INFO - Started process (PID=1721) to work on /home/airflow/.local/lib/python3.12/site-packages/airflow/example_dags/tutorial.py
[2024-07-08T15:25:40.571+0000] {processor.py:830} INFO - Processing file /home/airflow/.local/lib/python3.12/site-packages/airflow/example_dags/tutorial.py for tasks to queue
[2024-07-08T15:25:40.573+0000] {logging_mixin.py:188} INFO - [2024-07-08T15:25:40.572+0000] {dagbag.py:545} INFO - Filling up the DagBag from /home/airflow/.local/lib/python3.12/site-packages/airflow/example_dags/tutorial.py
[2024-07-08T15:25:40.581+0000] {processor.py:840} INFO - DAG(s) 'tutorial' retrieved from /home/airflow/.local/lib/python3.12/site-packages/airflow/example_dags/tutorial.py
[2024-07-08T15:25:40.607+0000] {logging_mixin.py:188} INFO - [2024-07-08T15:25:40.606+0000] {dag.py:3096} INFO - Sync 1 DAGs
[2024-07-08T15:25:40.650+0000] {logging_mixin.py:188} INFO - [2024-07-08T15:25:40.650+0000] {dag.py:3954} INFO - Setting next_dagrun for tutorial to 2024-07-07 00:00:00+00:00, run_after=2024-07-08 00:00:00+00:00
[2024-07-08T15:25:40.679+0000] {processor.py:183} INFO - Processing /home/airflow/.local/lib/python3.12/site-packages/airflow/example_dags/tutorial.py took 0.119 seconds
[2024-07-08T15:26:11.656+0000] {processor.py:161} INFO - Started process (PID=1786) to work on /home/airflow/.local/lib/python3.12/site-packages/airflow/example_dags/tutorial.py
[2024-07-08T15:26:11.657+0000] {processor.py:830} INFO - Processing file /home/airflow/.local/lib/python3.12/site-packages/airflow/example_dags/tutorial.py for tasks to queue
[2024-07-08T15:26:11.659+0000] {logging_mixin.py:188} INFO - [2024-07-08T15:26:11.659+0000] {dagbag.py:545} INFO - Filling up the DagBag from /home/airflow/.local/lib/python3.12/site-packages/airflow/example_dags/tutorial.py
[2024-07-08T15:26:11.678+0000] {processor.py:840} INFO - DAG(s) 'tutorial' retrieved from /home/airflow/.local/lib/python3.12/site-packages/airflow/example_dags/tutorial.py
[2024-07-08T15:26:11.800+0000] {logging_mixin.py:188} INFO - [2024-07-08T15:26:11.799+0000] {dag.py:3096} INFO - Sync 1 DAGs
[2024-07-08T15:26:11.843+0000] {logging_mixin.py:188} INFO - [2024-07-08T15:26:11.842+0000] {dag.py:3954} INFO - Setting next_dagrun for tutorial to 2024-07-07 00:00:00+00:00, run_after=2024-07-08 00:00:00+00:00
[2024-07-08T15:26:11.889+0000] {processor.py:183} INFO - Processing /home/airflow/.local/lib/python3.12/site-packages/airflow/example_dags/tutorial.py took 0.246 seconds
[2024-07-08T15:26:42.357+0000] {processor.py:161} INFO - Started process (PID=1847) to work on /home/airflow/.local/lib/python3.12/site-packages/airflow/example_dags/tutorial.py
[2024-07-08T15:26:42.360+0000] {processor.py:830} INFO - Processing file /home/airflow/.local/lib/python3.12/site-packages/airflow/example_dags/tutorial.py for tasks to queue
[2024-07-08T15:26:42.362+0000] {logging_mixin.py:188} INFO - [2024-07-08T15:26:42.361+0000] {dagbag.py:545} INFO - Filling up the DagBag from /home/airflow/.local/lib/python3.12/site-packages/airflow/example_dags/tutorial.py
[2024-07-08T15:26:42.376+0000] {processor.py:840} INFO - DAG(s) 'tutorial' retrieved from /home/airflow/.local/lib/python3.12/site-packages/airflow/example_dags/tutorial.py
[2024-07-08T15:26:42.409+0000] {logging_mixin.py:188} INFO - [2024-07-08T15:26:42.409+0000] {dag.py:3096} INFO - Sync 1 DAGs
[2024-07-08T15:26:42.440+0000] {logging_mixin.py:188} INFO - [2024-07-08T15:26:42.440+0000] {dag.py:3954} INFO - Setting next_dagrun for tutorial to 2024-07-07 00:00:00+00:00, run_after=2024-07-08 00:00:00+00:00
[2024-07-08T15:26:42.466+0000] {processor.py:183} INFO - Processing /home/airflow/.local/lib/python3.12/site-packages/airflow/example_dags/tutorial.py took 0.129 seconds
[2024-07-08T15:27:13.190+0000] {processor.py:161} INFO - Started process (PID=1907) to work on /home/airflow/.local/lib/python3.12/site-packages/airflow/example_dags/tutorial.py
[2024-07-08T15:27:13.192+0000] {processor.py:830} INFO - Processing file /home/airflow/.local/lib/python3.12/site-packages/airflow/example_dags/tutorial.py for tasks to queue
[2024-07-08T15:27:13.194+0000] {logging_mixin.py:188} INFO - [2024-07-08T15:27:13.193+0000] {dagbag.py:545} INFO - Filling up the DagBag from /home/airflow/.local/lib/python3.12/site-packages/airflow/example_dags/tutorial.py
[2024-07-08T15:27:13.206+0000] {processor.py:840} INFO - DAG(s) 'tutorial' retrieved from /home/airflow/.local/lib/python3.12/site-packages/airflow/example_dags/tutorial.py
[2024-07-08T15:27:13.231+0000] {logging_mixin.py:188} INFO - [2024-07-08T15:27:13.231+0000] {dag.py:3096} INFO - Sync 1 DAGs
[2024-07-08T15:27:13.256+0000] {logging_mixin.py:188} INFO - [2024-07-08T15:27:13.256+0000] {dag.py:3954} INFO - Setting next_dagrun for tutorial to 2024-07-07 00:00:00+00:00, run_after=2024-07-08 00:00:00+00:00
[2024-07-08T15:27:13.282+0000] {processor.py:183} INFO - Processing /home/airflow/.local/lib/python3.12/site-packages/airflow/example_dags/tutorial.py took 0.099 seconds
[2024-07-08T15:27:43.592+0000] {processor.py:161} INFO - Started process (PID=1965) to work on /home/airflow/.local/lib/python3.12/site-packages/airflow/example_dags/tutorial.py
[2024-07-08T15:27:43.594+0000] {processor.py:830} INFO - Processing file /home/airflow/.local/lib/python3.12/site-packages/airflow/example_dags/tutorial.py for tasks to queue
[2024-07-08T15:27:43.595+0000] {logging_mixin.py:188} INFO - [2024-07-08T15:27:43.595+0000] {dagbag.py:545} INFO - Filling up the DagBag from /home/airflow/.local/lib/python3.12/site-packages/airflow/example_dags/tutorial.py
[2024-07-08T15:27:43.605+0000] {processor.py:840} INFO - DAG(s) 'tutorial' retrieved from /home/airflow/.local/lib/python3.12/site-packages/airflow/example_dags/tutorial.py
[2024-07-08T15:27:43.846+0000] {logging_mixin.py:188} INFO - [2024-07-08T15:27:43.846+0000] {dag.py:3096} INFO - Sync 1 DAGs
[2024-07-08T15:27:43.872+0000] {logging_mixin.py:188} INFO - [2024-07-08T15:27:43.872+0000] {dag.py:3954} INFO - Setting next_dagrun for tutorial to 2024-07-07 00:00:00+00:00, run_after=2024-07-08 00:00:00+00:00
[2024-07-08T15:27:43.916+0000] {processor.py:183} INFO - Processing /home/airflow/.local/lib/python3.12/site-packages/airflow/example_dags/tutorial.py took 0.334 seconds
[2024-07-08T15:28:14.769+0000] {processor.py:161} INFO - Started process (PID=2024) to work on /home/airflow/.local/lib/python3.12/site-packages/airflow/example_dags/tutorial.py
[2024-07-08T15:28:14.771+0000] {processor.py:830} INFO - Processing file /home/airflow/.local/lib/python3.12/site-packages/airflow/example_dags/tutorial.py for tasks to queue
[2024-07-08T15:28:14.772+0000] {logging_mixin.py:188} INFO - [2024-07-08T15:28:14.772+0000] {dagbag.py:545} INFO - Filling up the DagBag from /home/airflow/.local/lib/python3.12/site-packages/airflow/example_dags/tutorial.py
[2024-07-08T15:28:14.784+0000] {processor.py:840} INFO - DAG(s) 'tutorial' retrieved from /home/airflow/.local/lib/python3.12/site-packages/airflow/example_dags/tutorial.py
[2024-07-08T15:28:14.817+0000] {logging_mixin.py:188} INFO - [2024-07-08T15:28:14.816+0000] {dag.py:3096} INFO - Sync 1 DAGs
[2024-07-08T15:28:14.872+0000] {logging_mixin.py:188} INFO - [2024-07-08T15:28:14.872+0000] {dag.py:3954} INFO - Setting next_dagrun for tutorial to 2024-07-07 00:00:00+00:00, run_after=2024-07-08 00:00:00+00:00
[2024-07-08T15:28:14.908+0000] {processor.py:183} INFO - Processing /home/airflow/.local/lib/python3.12/site-packages/airflow/example_dags/tutorial.py took 0.150 seconds
[2024-07-08T15:31:08.790+0000] {processor.py:161} INFO - Started process (PID=2085) to work on /home/airflow/.local/lib/python3.12/site-packages/airflow/example_dags/tutorial.py
[2024-07-08T15:31:08.792+0000] {processor.py:830} INFO - Processing file /home/airflow/.local/lib/python3.12/site-packages/airflow/example_dags/tutorial.py for tasks to queue
[2024-07-08T15:31:08.793+0000] {logging_mixin.py:188} INFO - [2024-07-08T15:31:08.793+0000] {dagbag.py:545} INFO - Filling up the DagBag from /home/airflow/.local/lib/python3.12/site-packages/airflow/example_dags/tutorial.py
[2024-07-08T15:31:08.810+0000] {processor.py:840} INFO - DAG(s) 'tutorial' retrieved from /home/airflow/.local/lib/python3.12/site-packages/airflow/example_dags/tutorial.py
[2024-07-08T15:31:08.840+0000] {logging_mixin.py:188} INFO - [2024-07-08T15:31:08.839+0000] {dag.py:3096} INFO - Sync 1 DAGs
[2024-07-08T15:31:08.874+0000] {logging_mixin.py:188} INFO - [2024-07-08T15:31:08.874+0000] {dag.py:3954} INFO - Setting next_dagrun for tutorial to 2024-07-07 00:00:00+00:00, run_after=2024-07-08 00:00:00+00:00
[2024-07-08T15:31:08.929+0000] {processor.py:183} INFO - Processing /home/airflow/.local/lib/python3.12/site-packages/airflow/example_dags/tutorial.py took 0.149 seconds
[2024-07-08T15:31:40.152+0000] {processor.py:161} INFO - Started process (PID=2143) to work on /home/airflow/.local/lib/python3.12/site-packages/airflow/example_dags/tutorial.py
[2024-07-08T15:31:40.154+0000] {processor.py:830} INFO - Processing file /home/airflow/.local/lib/python3.12/site-packages/airflow/example_dags/tutorial.py for tasks to queue
[2024-07-08T15:31:40.160+0000] {logging_mixin.py:188} INFO - [2024-07-08T15:31:40.156+0000] {dagbag.py:545} INFO - Filling up the DagBag from /home/airflow/.local/lib/python3.12/site-packages/airflow/example_dags/tutorial.py
[2024-07-08T15:31:40.181+0000] {processor.py:840} INFO - DAG(s) 'tutorial' retrieved from /home/airflow/.local/lib/python3.12/site-packages/airflow/example_dags/tutorial.py
[2024-07-08T15:31:40.231+0000] {logging_mixin.py:188} INFO - [2024-07-08T15:31:40.230+0000] {dag.py:3096} INFO - Sync 1 DAGs
[2024-07-08T15:31:40.297+0000] {logging_mixin.py:188} INFO - [2024-07-08T15:31:40.297+0000] {dag.py:3954} INFO - Setting next_dagrun for tutorial to 2024-07-07 00:00:00+00:00, run_after=2024-07-08 00:00:00+00:00
[2024-07-08T15:31:40.335+0000] {processor.py:183} INFO - Processing /home/airflow/.local/lib/python3.12/site-packages/airflow/example_dags/tutorial.py took 0.194 seconds
[2024-07-08T15:32:11.175+0000] {processor.py:161} INFO - Started process (PID=2202) to work on /home/airflow/.local/lib/python3.12/site-packages/airflow/example_dags/tutorial.py
[2024-07-08T15:32:11.176+0000] {processor.py:830} INFO - Processing file /home/airflow/.local/lib/python3.12/site-packages/airflow/example_dags/tutorial.py for tasks to queue
[2024-07-08T15:32:11.178+0000] {logging_mixin.py:188} INFO - [2024-07-08T15:32:11.177+0000] {dagbag.py:545} INFO - Filling up the DagBag from /home/airflow/.local/lib/python3.12/site-packages/airflow/example_dags/tutorial.py
[2024-07-08T15:32:11.189+0000] {processor.py:840} INFO - DAG(s) 'tutorial' retrieved from /home/airflow/.local/lib/python3.12/site-packages/airflow/example_dags/tutorial.py
[2024-07-08T15:32:11.218+0000] {logging_mixin.py:188} INFO - [2024-07-08T15:32:11.217+0000] {dag.py:3096} INFO - Sync 1 DAGs
[2024-07-08T15:32:11.247+0000] {logging_mixin.py:188} INFO - [2024-07-08T15:32:11.247+0000] {dag.py:3954} INFO - Setting next_dagrun for tutorial to 2024-07-07 00:00:00+00:00, run_after=2024-07-08 00:00:00+00:00
[2024-07-08T15:32:11.271+0000] {processor.py:183} INFO - Processing /home/airflow/.local/lib/python3.12/site-packages/airflow/example_dags/tutorial.py took 0.104 seconds
[2024-07-08T15:36:16.286+0000] {processor.py:161} INFO - Started process (PID=2283) to work on /home/airflow/.local/lib/python3.12/site-packages/airflow/example_dags/tutorial.py
[2024-07-08T15:36:16.296+0000] {processor.py:830} INFO - Processing file /home/airflow/.local/lib/python3.12/site-packages/airflow/example_dags/tutorial.py for tasks to queue
[2024-07-08T15:36:16.299+0000] {logging_mixin.py:188} INFO - [2024-07-08T15:36:16.299+0000] {dagbag.py:545} INFO - Filling up the DagBag from /home/airflow/.local/lib/python3.12/site-packages/airflow/example_dags/tutorial.py
[2024-07-08T15:36:16.335+0000] {processor.py:840} INFO - DAG(s) 'tutorial' retrieved from /home/airflow/.local/lib/python3.12/site-packages/airflow/example_dags/tutorial.py
[2024-07-08T15:36:16.497+0000] {logging_mixin.py:188} INFO - [2024-07-08T15:36:16.496+0000] {dag.py:3096} INFO - Sync 1 DAGs
[2024-07-08T15:36:16.738+0000] {logging_mixin.py:188} INFO - [2024-07-08T15:36:16.737+0000] {dag.py:3954} INFO - Setting next_dagrun for tutorial to 2024-07-07 00:00:00+00:00, run_after=2024-07-08 00:00:00+00:00
[2024-07-08T15:36:16.975+0000] {processor.py:183} INFO - Processing /home/airflow/.local/lib/python3.12/site-packages/airflow/example_dags/tutorial.py took 0.748 seconds
[2024-07-08T15:42:16.365+0000] {processor.py:161} INFO - Started process (PID=2415) to work on /home/airflow/.local/lib/python3.12/site-packages/airflow/example_dags/tutorial.py
[2024-07-08T15:42:16.369+0000] {processor.py:830} INFO - Processing file /home/airflow/.local/lib/python3.12/site-packages/airflow/example_dags/tutorial.py for tasks to queue
[2024-07-08T15:42:16.371+0000] {logging_mixin.py:188} INFO - [2024-07-08T15:42:16.370+0000] {dagbag.py:545} INFO - Filling up the DagBag from /home/airflow/.local/lib/python3.12/site-packages/airflow/example_dags/tutorial.py
[2024-07-08T15:42:16.437+0000] {processor.py:840} INFO - DAG(s) 'tutorial' retrieved from /home/airflow/.local/lib/python3.12/site-packages/airflow/example_dags/tutorial.py
[2024-07-08T15:42:16.526+0000] {logging_mixin.py:188} INFO - [2024-07-08T15:42:16.525+0000] {dag.py:3096} INFO - Sync 1 DAGs
[2024-07-08T15:42:16.609+0000] {logging_mixin.py:188} INFO - [2024-07-08T15:42:16.608+0000] {dag.py:3954} INFO - Setting next_dagrun for tutorial to 2024-07-07 00:00:00+00:00, run_after=2024-07-08 00:00:00+00:00
[2024-07-08T15:42:16.700+0000] {processor.py:183} INFO - Processing /home/airflow/.local/lib/python3.12/site-packages/airflow/example_dags/tutorial.py took 0.386 seconds
[2024-07-08T15:42:47.565+0000] {processor.py:161} INFO - Started process (PID=2478) to work on /home/airflow/.local/lib/python3.12/site-packages/airflow/example_dags/tutorial.py
[2024-07-08T15:42:47.567+0000] {processor.py:830} INFO - Processing file /home/airflow/.local/lib/python3.12/site-packages/airflow/example_dags/tutorial.py for tasks to queue
[2024-07-08T15:42:47.570+0000] {logging_mixin.py:188} INFO - [2024-07-08T15:42:47.569+0000] {dagbag.py:545} INFO - Filling up the DagBag from /home/airflow/.local/lib/python3.12/site-packages/airflow/example_dags/tutorial.py
[2024-07-08T15:42:47.590+0000] {processor.py:840} INFO - DAG(s) 'tutorial' retrieved from /home/airflow/.local/lib/python3.12/site-packages/airflow/example_dags/tutorial.py
[2024-07-08T15:42:47.623+0000] {logging_mixin.py:188} INFO - [2024-07-08T15:42:47.623+0000] {dag.py:3096} INFO - Sync 1 DAGs
[2024-07-08T15:42:47.657+0000] {logging_mixin.py:188} INFO - [2024-07-08T15:42:47.656+0000] {dag.py:3954} INFO - Setting next_dagrun for tutorial to 2024-07-07 00:00:00+00:00, run_after=2024-07-08 00:00:00+00:00
[2024-07-08T15:42:47.683+0000] {processor.py:183} INFO - Processing /home/airflow/.local/lib/python3.12/site-packages/airflow/example_dags/tutorial.py took 0.135 seconds
[2024-07-08T15:43:17.966+0000] {processor.py:161} INFO - Started process (PID=2538) to work on /home/airflow/.local/lib/python3.12/site-packages/airflow/example_dags/tutorial.py
[2024-07-08T15:43:17.968+0000] {processor.py:830} INFO - Processing file /home/airflow/.local/lib/python3.12/site-packages/airflow/example_dags/tutorial.py for tasks to queue
[2024-07-08T15:43:17.970+0000] {logging_mixin.py:188} INFO - [2024-07-08T15:43:17.969+0000] {dagbag.py:545} INFO - Filling up the DagBag from /home/airflow/.local/lib/python3.12/site-packages/airflow/example_dags/tutorial.py
[2024-07-08T15:43:17.979+0000] {processor.py:840} INFO - DAG(s) 'tutorial' retrieved from /home/airflow/.local/lib/python3.12/site-packages/airflow/example_dags/tutorial.py
[2024-07-08T15:43:18.009+0000] {logging_mixin.py:188} INFO - [2024-07-08T15:43:18.009+0000] {dag.py:3096} INFO - Sync 1 DAGs
[2024-07-08T15:43:18.040+0000] {logging_mixin.py:188} INFO - [2024-07-08T15:43:18.040+0000] {dag.py:3954} INFO - Setting next_dagrun for tutorial to 2024-07-07 00:00:00+00:00, run_after=2024-07-08 00:00:00+00:00
[2024-07-08T15:43:18.068+0000] {processor.py:183} INFO - Processing /home/airflow/.local/lib/python3.12/site-packages/airflow/example_dags/tutorial.py took 0.111 seconds
[2024-07-08T15:43:48.293+0000] {processor.py:161} INFO - Started process (PID=2598) to work on /home/airflow/.local/lib/python3.12/site-packages/airflow/example_dags/tutorial.py
[2024-07-08T15:43:48.294+0000] {processor.py:830} INFO - Processing file /home/airflow/.local/lib/python3.12/site-packages/airflow/example_dags/tutorial.py for tasks to queue
[2024-07-08T15:43:48.295+0000] {logging_mixin.py:188} INFO - [2024-07-08T15:43:48.295+0000] {dagbag.py:545} INFO - Filling up the DagBag from /home/airflow/.local/lib/python3.12/site-packages/airflow/example_dags/tutorial.py
[2024-07-08T15:43:48.303+0000] {processor.py:840} INFO - DAG(s) 'tutorial' retrieved from /home/airflow/.local/lib/python3.12/site-packages/airflow/example_dags/tutorial.py
[2024-07-08T15:43:48.327+0000] {logging_mixin.py:188} INFO - [2024-07-08T15:43:48.327+0000] {dag.py:3096} INFO - Sync 1 DAGs
[2024-07-08T15:43:48.348+0000] {logging_mixin.py:188} INFO - [2024-07-08T15:43:48.348+0000] {dag.py:3954} INFO - Setting next_dagrun for tutorial to 2024-07-07 00:00:00+00:00, run_after=2024-07-08 00:00:00+00:00
[2024-07-08T15:43:48.374+0000] {processor.py:183} INFO - Processing /home/airflow/.local/lib/python3.12/site-packages/airflow/example_dags/tutorial.py took 0.089 seconds
