[2024-07-09T17:21:50.345+0000] {local_task_job_runner.py:120} INFO - ::group::Pre task execution logs
[2024-07-09T17:21:50.443+0000] {taskinstance.py:2076} INFO - Dependencies all met for dep_context=non-requeueable deps ti=<TaskInstance: spaceX_project.load_charachteristics manual__2024-07-09T17:21:32.017578+00:00 [queued]>
[2024-07-09T17:21:50.470+0000] {taskinstance.py:2076} INFO - Dependencies all met for dep_context=requeueable deps ti=<TaskInstance: spaceX_project.load_charachteristics manual__2024-07-09T17:21:32.017578+00:00 [queued]>
[2024-07-09T17:21:50.471+0000] {taskinstance.py:2306} INFO - Starting attempt 1 of 6
[2024-07-09T17:21:50.500+0000] {taskinstance.py:2330} INFO - Executing <Task(PostgresOperator): load_charachteristics> on 2024-07-09 17:21:32.017578+00:00
[2024-07-09T17:21:50.524+0000] {warnings.py:112} WARNING - /home/***/.local/lib/python3.12/site-packages/***/task/task_runner/standard_task_runner.py:61: DeprecationWarning: This process (pid=378) is multi-threaded, use of fork() may lead to deadlocks in the child.
  pid = os.fork()

[2024-07-09T17:21:50.563+0000] {standard_task_runner.py:63} INFO - Started process 394 to run task
[2024-07-09T17:21:50.547+0000] {standard_task_runner.py:90} INFO - Running: ['***', 'tasks', 'run', 'spaceX_project', 'load_charachteristics', 'manual__2024-07-09T17:21:32.017578+00:00', '--job-id', '538', '--raw', '--subdir', 'DAGS_FOLDER/dag.py', '--cfg-path', '/tmp/tmpan5q_shr']
[2024-07-09T17:21:50.585+0000] {standard_task_runner.py:91} INFO - Job 538: Subtask load_charachteristics
[2024-07-09T17:21:51.011+0000] {task_command.py:426} INFO - Running <TaskInstance: spaceX_project.load_charachteristics manual__2024-07-09T17:21:32.017578+00:00 [running]> on host f565c82ff71d
[2024-07-09T17:21:51.269+0000] {taskinstance.py:2648} INFO - Exporting env vars: AIRFLOW_CTX_DAG_OWNER='rustam' AIRFLOW_CTX_DAG_ID='spaceX_project' AIRFLOW_CTX_TASK_ID='load_charachteristics' AIRFLOW_CTX_EXECUTION_DATE='2024-07-09T17:21:32.017578+00:00' AIRFLOW_CTX_TRY_NUMBER='1' AIRFLOW_CTX_DAG_RUN_ID='manual__2024-07-09T17:21:32.017578+00:00'
[2024-07-09T17:21:51.272+0000] {taskinstance.py:430} INFO - ::endgroup::
[2024-07-09T17:21:51.295+0000] {sql.py:276} INFO - Executing: 
            CREATE TABLE IF NOT EXISTS charachteristics(
                id INT PRIMARY KEY,
                mass INT,
                diameter FLOAT,
                height FLOAT,
                cost_per_launch INT
            );
        
[2024-07-09T17:21:51.307+0000] {base.py:84} INFO - Using connection ID 'cosmos' for task execution.
[2024-07-09T17:21:51.322+0000] {base.py:84} INFO - Using connection ID 'cosmos' for task execution.
[2024-07-09T17:21:51.330+0000] {sql.py:487} INFO - Running statement: 
            CREATE TABLE IF NOT EXISTS charachteristics(
                id INT PRIMARY KEY,
                mass INT,
                diameter FLOAT,
                height FLOAT,
                cost_per_launch INT
            );
        , parameters: None
[2024-07-09T17:21:51.340+0000] {taskinstance.py:441} INFO - ::group::Post task execution logs
[2024-07-09T17:21:51.357+0000] {taskinstance.py:1206} INFO - Marking task as SUCCESS. dag_id=spaceX_project, task_id=load_charachteristics, run_id=manual__2024-07-09T17:21:32.017578+00:00, execution_date=20240709T172132, start_date=20240709T172150, end_date=20240709T172151
[2024-07-09T17:21:51.408+0000] {local_task_job_runner.py:240} INFO - Task exited with return code 0
[2024-07-09T17:21:51.457+0000] {taskinstance.py:3503} INFO - 0 downstream tasks scheduled from follow-on schedule check
[2024-07-09T17:21:51.461+0000] {local_task_job_runner.py:222} INFO - ::endgroup::
