[2024-07-09T17:21:49.581+0000] {local_task_job_runner.py:120} INFO - ::group::Pre task execution logs
[2024-07-09T17:21:49.660+0000] {taskinstance.py:2076} INFO - Dependencies all met for dep_context=non-requeueable deps ti=<TaskInstance: spaceX_project.task5 manual__2024-07-09T17:21:32.017578+00:00 [queued]>
[2024-07-09T17:21:49.687+0000] {taskinstance.py:2076} INFO - Dependencies all met for dep_context=requeueable deps ti=<TaskInstance: spaceX_project.task5 manual__2024-07-09T17:21:32.017578+00:00 [queued]>
[2024-07-09T17:21:49.688+0000] {taskinstance.py:2306} INFO - Starting attempt 1 of 6
[2024-07-09T17:21:49.737+0000] {taskinstance.py:2330} INFO - Executing <Task(PostgresOperator): task5> on 2024-07-09 17:21:32.017578+00:00
[2024-07-09T17:21:49.791+0000] {warnings.py:112} WARNING - /home/***/.local/lib/python3.12/site-packages/***/task/task_runner/standard_task_runner.py:61: DeprecationWarning: This process (pid=377) is multi-threaded, use of fork() may lead to deadlocks in the child.
  pid = os.fork()

[2024-07-09T17:21:49.808+0000] {standard_task_runner.py:63} INFO - Started process 393 to run task
[2024-07-09T17:21:49.789+0000] {standard_task_runner.py:90} INFO - Running: ['***', 'tasks', 'run', 'spaceX_project', 'task5', 'manual__2024-07-09T17:21:32.017578+00:00', '--job-id', '537', '--raw', '--subdir', 'DAGS_FOLDER/dag.py', '--cfg-path', '/tmp/tmp3bfpdcuy']
[2024-07-09T17:21:49.826+0000] {standard_task_runner.py:91} INFO - Job 537: Subtask task5
[2024-07-09T17:21:50.229+0000] {task_command.py:426} INFO - Running <TaskInstance: spaceX_project.task5 manual__2024-07-09T17:21:32.017578+00:00 [running]> on host f565c82ff71d
[2024-07-09T17:21:50.545+0000] {taskinstance.py:2648} INFO - Exporting env vars: AIRFLOW_CTX_DAG_OWNER='rustam' AIRFLOW_CTX_DAG_ID='spaceX_project' AIRFLOW_CTX_TASK_ID='task5' AIRFLOW_CTX_EXECUTION_DATE='2024-07-09T17:21:32.017578+00:00' AIRFLOW_CTX_TRY_NUMBER='1' AIRFLOW_CTX_DAG_RUN_ID='manual__2024-07-09T17:21:32.017578+00:00'
[2024-07-09T17:21:50.549+0000] {taskinstance.py:430} INFO - ::endgroup::
[2024-07-09T17:21:50.584+0000] {sql.py:276} INFO - Executing: 
            CREATE TABLE IF NOT EXISTS output(
                id INT PRIMARY KEY,    
                name TEXT,
                active BOOLEAN,
                stages INT
            );
        
[2024-07-09T17:21:50.624+0000] {base.py:84} INFO - Using connection ID 'cosmos' for task execution.
[2024-07-09T17:21:50.696+0000] {base.py:84} INFO - Using connection ID 'cosmos' for task execution.
[2024-07-09T17:21:50.710+0000] {sql.py:487} INFO - Running statement: 
            CREATE TABLE IF NOT EXISTS output(
                id INT PRIMARY KEY,    
                name TEXT,
                active BOOLEAN,
                stages INT
            );
        , parameters: None
[2024-07-09T17:21:50.913+0000] {taskinstance.py:441} INFO - ::group::Post task execution logs
[2024-07-09T17:21:50.925+0000] {taskinstance.py:1206} INFO - Marking task as SUCCESS. dag_id=spaceX_project, task_id=task5, run_id=manual__2024-07-09T17:21:32.017578+00:00, execution_date=20240709T172132, start_date=20240709T172149, end_date=20240709T172150
[2024-07-09T17:21:51.044+0000] {local_task_job_runner.py:240} INFO - Task exited with return code 0
[2024-07-09T17:21:51.096+0000] {taskinstance.py:3503} INFO - 0 downstream tasks scheduled from follow-on schedule check
[2024-07-09T17:21:51.104+0000] {local_task_job_runner.py:222} INFO - ::endgroup::
