[2024-07-09T17:23:08.806+0000] {local_task_job_runner.py:120} INFO - ::group::Pre task execution logs
[2024-07-09T17:23:08.835+0000] {taskinstance.py:2076} INFO - Dependencies all met for dep_context=non-requeueable deps ti=<TaskInstance: spaceX_project.task5 manual__2024-07-09T17:21:32.017578+00:00 [queued]>
[2024-07-09T17:23:08.848+0000] {taskinstance.py:2076} INFO - Dependencies all met for dep_context=requeueable deps ti=<TaskInstance: spaceX_project.task5 manual__2024-07-09T17:21:32.017578+00:00 [queued]>
[2024-07-09T17:23:08.849+0000] {taskinstance.py:2306} INFO - Starting attempt 2 of 7
[2024-07-09T17:23:08.866+0000] {taskinstance.py:2330} INFO - Executing <Task(PostgresOperator): task5> on 2024-07-09 17:21:32.017578+00:00
[2024-07-09T17:23:08.874+0000] {warnings.py:112} WARNING - /home/***/.local/lib/python3.12/site-packages/***/task/task_runner/standard_task_runner.py:61: DeprecationWarning: This process (pid=425) is multi-threaded, use of fork() may lead to deadlocks in the child.
  pid = os.fork()

[2024-07-09T17:23:08.876+0000] {standard_task_runner.py:63} INFO - Started process 427 to run task
[2024-07-09T17:23:08.876+0000] {standard_task_runner.py:90} INFO - Running: ['***', 'tasks', 'run', 'spaceX_project', 'task5', 'manual__2024-07-09T17:21:32.017578+00:00', '--job-id', '544', '--raw', '--subdir', 'DAGS_FOLDER/dag.py', '--cfg-path', '/tmp/tmp1b9iux9b']
[2024-07-09T17:23:08.886+0000] {standard_task_runner.py:91} INFO - Job 544: Subtask task5
[2024-07-09T17:23:08.970+0000] {task_command.py:426} INFO - Running <TaskInstance: spaceX_project.task5 manual__2024-07-09T17:21:32.017578+00:00 [running]> on host f565c82ff71d
[2024-07-09T17:23:09.075+0000] {taskinstance.py:2648} INFO - Exporting env vars: AIRFLOW_CTX_DAG_OWNER='rustam' AIRFLOW_CTX_DAG_ID='spaceX_project' AIRFLOW_CTX_TASK_ID='task5' AIRFLOW_CTX_EXECUTION_DATE='2024-07-09T17:21:32.017578+00:00' AIRFLOW_CTX_TRY_NUMBER='2' AIRFLOW_CTX_DAG_RUN_ID='manual__2024-07-09T17:21:32.017578+00:00'
[2024-07-09T17:23:09.077+0000] {taskinstance.py:430} INFO - ::endgroup::
[2024-07-09T17:23:09.097+0000] {sql.py:276} INFO - Executing: 
            CREATE TABLE IF NOT EXISTS output(
                id INT PRIMARY KEY,    
                name TEXT,
                active BOOLEAN,
                stages INT
            );
        
[2024-07-09T17:23:09.108+0000] {base.py:84} INFO - Using connection ID 'cosmos' for task execution.
[2024-07-09T17:23:09.118+0000] {base.py:84} INFO - Using connection ID 'cosmos' for task execution.
[2024-07-09T17:23:09.124+0000] {sql.py:487} INFO - Running statement: 
            CREATE TABLE IF NOT EXISTS output(
                id INT PRIMARY KEY,    
                name TEXT,
                active BOOLEAN,
                stages INT
            );
        , parameters: None
[2024-07-09T17:23:09.126+0000] {taskinstance.py:441} INFO - ::group::Post task execution logs
[2024-07-09T17:23:09.140+0000] {taskinstance.py:1206} INFO - Marking task as SUCCESS. dag_id=spaceX_project, task_id=task5, run_id=manual__2024-07-09T17:21:32.017578+00:00, execution_date=20240709T172132, start_date=20240709T172308, end_date=20240709T172309
[2024-07-09T17:23:09.183+0000] {local_task_job_runner.py:240} INFO - Task exited with return code 0
[2024-07-09T17:23:09.203+0000] {taskinstance.py:3503} INFO - 0 downstream tasks scheduled from follow-on schedule check
[2024-07-09T17:23:09.208+0000] {local_task_job_runner.py:222} INFO - ::endgroup::
