[2024-07-08T16:16:02.600+0000] {processor.py:161} INFO - Started process (PID=420) to work on /opt/airflow/dags/dag2.py
[2024-07-08T16:16:02.603+0000] {processor.py:830} INFO - Processing file /opt/airflow/dags/dag2.py for tasks to queue
[2024-07-08T16:16:02.608+0000] {logging_mixin.py:188} INFO - [2024-07-08T16:16:02.608+0000] {dagbag.py:545} INFO - Filling up the DagBag from /opt/airflow/dags/dag2.py
[2024-07-08T16:16:02.709+0000] {processor.py:840} INFO - DAG(s) 'etl_pipeline' retrieved from /opt/airflow/dags/dag2.py
[2024-07-08T16:16:03.314+0000] {logging_mixin.py:188} INFO - [2024-07-08T16:16:03.313+0000] {dag.py:3096} INFO - Sync 1 DAGs
[2024-07-08T16:16:03.403+0000] {logging_mixin.py:188} INFO - [2024-07-08T16:16:03.403+0000] {dag.py:3954} INFO - Setting next_dagrun for etl_pipeline to None, run_after=None
[2024-07-08T16:16:03.453+0000] {processor.py:183} INFO - Processing /opt/airflow/dags/dag2.py took 0.913 seconds
[2024-07-08T16:16:34.008+0000] {processor.py:161} INFO - Started process (PID=428) to work on /opt/airflow/dags/dag2.py
[2024-07-08T16:16:34.009+0000] {processor.py:830} INFO - Processing file /opt/airflow/dags/dag2.py for tasks to queue
[2024-07-08T16:16:34.011+0000] {logging_mixin.py:188} INFO - [2024-07-08T16:16:34.010+0000] {dagbag.py:545} INFO - Filling up the DagBag from /opt/airflow/dags/dag2.py
[2024-07-08T16:16:34.038+0000] {processor.py:840} INFO - DAG(s) 'etl_pipeline' retrieved from /opt/airflow/dags/dag2.py
[2024-07-08T16:16:34.054+0000] {logging_mixin.py:188} INFO - [2024-07-08T16:16:34.054+0000] {dag.py:3096} INFO - Sync 1 DAGs
[2024-07-08T16:16:34.091+0000] {logging_mixin.py:188} INFO - [2024-07-08T16:16:34.090+0000] {dag.py:3954} INFO - Setting next_dagrun for etl_pipeline to None, run_after=None
[2024-07-08T16:16:34.133+0000] {processor.py:183} INFO - Processing /opt/airflow/dags/dag2.py took 0.134 seconds
[2024-07-08T16:16:50.381+0000] {processor.py:161} INFO - Started process (PID=429) to work on /opt/airflow/dags/dag2.py
[2024-07-08T16:16:50.382+0000] {processor.py:830} INFO - Processing file /opt/airflow/dags/dag2.py for tasks to queue
[2024-07-08T16:16:50.385+0000] {logging_mixin.py:188} INFO - [2024-07-08T16:16:50.384+0000] {dagbag.py:545} INFO - Filling up the DagBag from /opt/airflow/dags/dag2.py
[2024-07-08T16:16:50.419+0000] {processor.py:840} INFO - DAG(s) 'etl_pipeline' retrieved from /opt/airflow/dags/dag2.py
[2024-07-08T16:16:50.432+0000] {logging_mixin.py:188} INFO - [2024-07-08T16:16:50.432+0000] {dag.py:3096} INFO - Sync 1 DAGs
[2024-07-08T16:16:50.459+0000] {logging_mixin.py:188} INFO - [2024-07-08T16:16:50.459+0000] {dag.py:3954} INFO - Setting next_dagrun for etl_pipeline to None, run_after=None
[2024-07-08T16:16:50.488+0000] {processor.py:183} INFO - Processing /opt/airflow/dags/dag2.py took 0.113 seconds
[2024-07-08T16:16:56.453+0000] {processor.py:161} INFO - Started process (PID=430) to work on /opt/airflow/dags/dag2.py
[2024-07-08T16:16:56.455+0000] {processor.py:830} INFO - Processing file /opt/airflow/dags/dag2.py for tasks to queue
[2024-07-08T16:16:56.456+0000] {logging_mixin.py:188} INFO - [2024-07-08T16:16:56.456+0000] {dagbag.py:545} INFO - Filling up the DagBag from /opt/airflow/dags/dag2.py
[2024-07-08T16:16:56.489+0000] {processor.py:840} INFO - DAG(s) 'etl_pipeline' retrieved from /opt/airflow/dags/dag2.py
[2024-07-08T16:16:56.505+0000] {logging_mixin.py:188} INFO - [2024-07-08T16:16:56.504+0000] {dag.py:3096} INFO - Sync 1 DAGs
[2024-07-08T16:16:56.532+0000] {logging_mixin.py:188} INFO - [2024-07-08T16:16:56.532+0000] {dag.py:3954} INFO - Setting next_dagrun for etl_pipeline to None, run_after=None
[2024-07-08T16:16:56.567+0000] {processor.py:183} INFO - Processing /opt/airflow/dags/dag2.py took 0.120 seconds
[2024-07-08T16:17:27.067+0000] {processor.py:161} INFO - Started process (PID=438) to work on /opt/airflow/dags/dag2.py
[2024-07-08T16:17:27.071+0000] {processor.py:830} INFO - Processing file /opt/airflow/dags/dag2.py for tasks to queue
[2024-07-08T16:17:27.076+0000] {logging_mixin.py:188} INFO - [2024-07-08T16:17:27.073+0000] {dagbag.py:545} INFO - Filling up the DagBag from /opt/airflow/dags/dag2.py
[2024-07-08T16:17:27.169+0000] {processor.py:840} INFO - DAG(s) 'etl_pipeline' retrieved from /opt/airflow/dags/dag2.py
[2024-07-08T16:17:29.305+0000] {logging_mixin.py:188} INFO - [2024-07-08T16:17:29.279+0000] {dag.py:3096} INFO - Sync 1 DAGs
[2024-07-08T16:17:30.424+0000] {logging_mixin.py:188} INFO - [2024-07-08T16:17:30.389+0000] {dag.py:3954} INFO - Setting next_dagrun for etl_pipeline to None, run_after=None
[2024-07-08T16:19:22.176+0000] {processor.py:161} INFO - Started process (PID=440) to work on /opt/airflow/dags/dag2.py
[2024-07-08T16:19:22.184+0000] {processor.py:830} INFO - Processing file /opt/airflow/dags/dag2.py for tasks to queue
[2024-07-08T16:19:22.191+0000] {logging_mixin.py:188} INFO - [2024-07-08T16:19:22.186+0000] {dagbag.py:545} INFO - Filling up the DagBag from /opt/airflow/dags/dag2.py
[2024-07-08T16:19:22.742+0000] {processor.py:840} INFO - DAG(s) 'etl_pipeline' retrieved from /opt/airflow/dags/dag2.py
[2024-07-08T16:21:30.297+0000] {processor.py:161} INFO - Started process (PID=453) to work on /opt/airflow/dags/dag2.py
[2024-07-08T16:21:30.299+0000] {processor.py:830} INFO - Processing file /opt/airflow/dags/dag2.py for tasks to queue
[2024-07-08T16:21:30.302+0000] {logging_mixin.py:188} INFO - [2024-07-08T16:21:30.301+0000] {dagbag.py:545} INFO - Filling up the DagBag from /opt/airflow/dags/dag2.py
[2024-07-08T16:21:30.412+0000] {processor.py:840} INFO - DAG(s) 'etl_pipeline' retrieved from /opt/airflow/dags/dag2.py
[2024-07-08T16:21:30.780+0000] {logging_mixin.py:188} INFO - [2024-07-08T16:21:30.780+0000] {dag.py:3096} INFO - Sync 1 DAGs
[2024-07-08T16:21:30.838+0000] {logging_mixin.py:188} INFO - [2024-07-08T16:21:30.838+0000] {dag.py:3954} INFO - Setting next_dagrun for etl_pipeline to None, run_after=None
[2024-07-08T16:21:30.893+0000] {processor.py:183} INFO - Processing /opt/airflow/dags/dag2.py took 0.613 seconds
[2024-07-08T16:22:43.303+0000] {processor.py:161} INFO - Started process (PID=455) to work on /opt/airflow/dags/dag2.py
[2024-07-08T16:22:43.374+0000] {processor.py:830} INFO - Processing file /opt/airflow/dags/dag2.py for tasks to queue
[2024-07-08T16:22:43.402+0000] {logging_mixin.py:188} INFO - [2024-07-08T16:22:43.401+0000] {dagbag.py:545} INFO - Filling up the DagBag from /opt/airflow/dags/dag2.py
[2024-07-08T16:22:43.605+0000] {processor.py:840} INFO - DAG(s) 'etl_pipeline' retrieved from /opt/airflow/dags/dag2.py
[2024-07-08T16:22:43.914+0000] {logging_mixin.py:188} INFO - [2024-07-08T16:22:43.912+0000] {dag.py:3096} INFO - Sync 1 DAGs
[2024-07-08T16:22:44.008+0000] {logging_mixin.py:188} INFO - [2024-07-08T16:22:44.008+0000] {dag.py:3954} INFO - Setting next_dagrun for etl_pipeline to None, run_after=None
[2024-07-08T16:22:44.100+0000] {processor.py:183} INFO - Processing /opt/airflow/dags/dag2.py took 1.001 seconds
[2024-07-08T16:23:15.001+0000] {processor.py:161} INFO - Started process (PID=462) to work on /opt/airflow/dags/dag2.py
[2024-07-08T16:23:15.005+0000] {processor.py:830} INFO - Processing file /opt/airflow/dags/dag2.py for tasks to queue
[2024-07-08T16:23:15.015+0000] {logging_mixin.py:188} INFO - [2024-07-08T16:23:15.014+0000] {dagbag.py:545} INFO - Filling up the DagBag from /opt/airflow/dags/dag2.py
[2024-07-08T16:23:15.181+0000] {processor.py:840} INFO - DAG(s) 'etl_pipeline' retrieved from /opt/airflow/dags/dag2.py
[2024-07-08T16:23:16.373+0000] {logging_mixin.py:188} INFO - [2024-07-08T16:23:16.372+0000] {dag.py:3096} INFO - Sync 1 DAGs
[2024-07-08T16:23:16.470+0000] {logging_mixin.py:188} INFO - [2024-07-08T16:23:16.470+0000] {dag.py:3954} INFO - Setting next_dagrun for etl_pipeline to None, run_after=None
[2024-07-08T16:23:17.262+0000] {processor.py:183} INFO - Processing /opt/airflow/dags/dag2.py took 2.296 seconds
[2024-07-08T16:23:42.699+0000] {processor.py:161} INFO - Started process (PID=464) to work on /opt/airflow/dags/dag2.py
[2024-07-08T16:23:42.732+0000] {processor.py:830} INFO - Processing file /opt/airflow/dags/dag2.py for tasks to queue
[2024-07-08T16:23:42.751+0000] {logging_mixin.py:188} INFO - [2024-07-08T16:23:42.742+0000] {dagbag.py:545} INFO - Filling up the DagBag from /opt/airflow/dags/dag2.py
[2024-07-08T16:23:42.949+0000] {processor.py:840} INFO - DAG(s) 'etl_pipeline' retrieved from /opt/airflow/dags/dag2.py
[2024-07-08T16:25:05.158+0000] {logging_mixin.py:188} INFO - [2024-07-08T16:25:05.144+0000] {dag.py:3096} INFO - Sync 1 DAGs
[2024-07-08T16:26:37.621+0000] {processor.py:161} INFO - Started process (PID=467) to work on /opt/airflow/dags/dag2.py
[2024-07-08T16:26:37.623+0000] {processor.py:830} INFO - Processing file /opt/airflow/dags/dag2.py for tasks to queue
[2024-07-08T16:26:37.628+0000] {logging_mixin.py:188} INFO - [2024-07-08T16:26:37.626+0000] {dagbag.py:545} INFO - Filling up the DagBag from /opt/airflow/dags/dag2.py
[2024-07-08T16:26:37.945+0000] {processor.py:840} INFO - DAG(s) 'etl_pipeline' retrieved from /opt/airflow/dags/dag2.py
[2024-07-08T16:26:40.092+0000] {logging_mixin.py:188} INFO - [2024-07-08T16:26:40.092+0000] {dag.py:3096} INFO - Sync 1 DAGs
[2024-07-08T16:26:40.213+0000] {logging_mixin.py:188} INFO - [2024-07-08T16:26:40.213+0000] {dag.py:3954} INFO - Setting next_dagrun for etl_pipeline to None, run_after=None
[2024-07-08T16:26:40.482+0000] {processor.py:183} INFO - Processing /opt/airflow/dags/dag2.py took 2.968 seconds
[2024-07-08T16:28:49.284+0000] {processor.py:161} INFO - Started process (PID=473) to work on /opt/airflow/dags/dag2.py
[2024-07-08T16:28:49.299+0000] {processor.py:830} INFO - Processing file /opt/airflow/dags/dag2.py for tasks to queue
[2024-07-08T16:28:49.302+0000] {logging_mixin.py:188} INFO - [2024-07-08T16:28:49.302+0000] {dagbag.py:545} INFO - Filling up the DagBag from /opt/airflow/dags/dag2.py
[2024-07-08T16:28:49.499+0000] {processor.py:840} INFO - DAG(s) 'etl_pipeline' retrieved from /opt/airflow/dags/dag2.py
[2024-07-08T16:28:49.642+0000] {logging_mixin.py:188} INFO - [2024-07-08T16:28:49.641+0000] {dag.py:3096} INFO - Sync 1 DAGs
[2024-07-08T16:28:50.911+0000] {logging_mixin.py:188} INFO - [2024-07-08T16:28:50.910+0000] {dag.py:3954} INFO - Setting next_dagrun for etl_pipeline to None, run_after=None
[2024-07-08T16:28:51.246+0000] {processor.py:183} INFO - Processing /opt/airflow/dags/dag2.py took 2.019 seconds
[2024-07-08T16:29:21.473+0000] {processor.py:161} INFO - Started process (PID=486) to work on /opt/airflow/dags/dag2.py
[2024-07-08T16:29:21.474+0000] {processor.py:830} INFO - Processing file /opt/airflow/dags/dag2.py for tasks to queue
[2024-07-08T16:29:21.476+0000] {logging_mixin.py:188} INFO - [2024-07-08T16:29:21.475+0000] {dagbag.py:545} INFO - Filling up the DagBag from /opt/airflow/dags/dag2.py
[2024-07-08T16:29:21.525+0000] {processor.py:840} INFO - DAG(s) 'etl_pipeline' retrieved from /opt/airflow/dags/dag2.py
[2024-07-08T16:29:21.772+0000] {logging_mixin.py:188} INFO - [2024-07-08T16:29:21.772+0000] {dag.py:3096} INFO - Sync 1 DAGs
[2024-07-08T16:29:21.795+0000] {logging_mixin.py:188} INFO - [2024-07-08T16:29:21.795+0000] {dag.py:3954} INFO - Setting next_dagrun for etl_pipeline to None, run_after=None
[2024-07-08T16:29:21.824+0000] {processor.py:183} INFO - Processing /opt/airflow/dags/dag2.py took 0.360 seconds
[2024-07-08T16:29:52.211+0000] {processor.py:161} INFO - Started process (PID=494) to work on /opt/airflow/dags/dag2.py
[2024-07-08T16:29:52.212+0000] {processor.py:830} INFO - Processing file /opt/airflow/dags/dag2.py for tasks to queue
[2024-07-08T16:29:52.214+0000] {logging_mixin.py:188} INFO - [2024-07-08T16:29:52.213+0000] {dagbag.py:545} INFO - Filling up the DagBag from /opt/airflow/dags/dag2.py
[2024-07-08T16:29:52.244+0000] {processor.py:840} INFO - DAG(s) 'etl_pipeline' retrieved from /opt/airflow/dags/dag2.py
[2024-07-08T16:29:52.281+0000] {logging_mixin.py:188} INFO - [2024-07-08T16:29:52.280+0000] {dag.py:3096} INFO - Sync 1 DAGs
[2024-07-08T16:29:52.313+0000] {logging_mixin.py:188} INFO - [2024-07-08T16:29:52.313+0000] {dag.py:3954} INFO - Setting next_dagrun for etl_pipeline to None, run_after=None
[2024-07-08T16:29:52.338+0000] {processor.py:183} INFO - Processing /opt/airflow/dags/dag2.py took 0.135 seconds
[2024-07-08T16:30:54.514+0000] {processor.py:161} INFO - Started process (PID=496) to work on /opt/airflow/dags/dag2.py
[2024-07-08T16:30:54.620+0000] {processor.py:830} INFO - Processing file /opt/airflow/dags/dag2.py for tasks to queue
[2024-07-08T16:30:54.636+0000] {logging_mixin.py:188} INFO - [2024-07-08T16:30:54.634+0000] {dagbag.py:545} INFO - Filling up the DagBag from /opt/airflow/dags/dag2.py
[2024-07-08T16:30:54.846+0000] {processor.py:840} INFO - DAG(s) 'etl_pipeline' retrieved from /opt/airflow/dags/dag2.py
[2024-07-08T16:30:55.253+0000] {logging_mixin.py:188} INFO - [2024-07-08T16:30:55.252+0000] {dag.py:3096} INFO - Sync 1 DAGs
[2024-07-08T16:30:55.282+0000] {logging_mixin.py:188} INFO - [2024-07-08T16:30:55.282+0000] {dag.py:3954} INFO - Setting next_dagrun for etl_pipeline to None, run_after=None
[2024-07-08T16:30:55.310+0000] {processor.py:183} INFO - Processing /opt/airflow/dags/dag2.py took 21.336 seconds
[2024-07-08T16:32:26.716+0000] {processor.py:161} INFO - Started process (PID=498) to work on /opt/airflow/dags/dag2.py
[2024-07-08T16:32:26.721+0000] {processor.py:830} INFO - Processing file /opt/airflow/dags/dag2.py for tasks to queue
[2024-07-08T16:32:26.747+0000] {logging_mixin.py:188} INFO - [2024-07-08T16:32:26.746+0000] {dagbag.py:545} INFO - Filling up the DagBag from /opt/airflow/dags/dag2.py
[2024-07-08T16:34:04.521+0000] {processor.py:161} INFO - Started process (PID=500) to work on /opt/airflow/dags/dag2.py
[2024-07-08T16:34:04.546+0000] {processor.py:830} INFO - Processing file /opt/airflow/dags/dag2.py for tasks to queue
[2024-07-08T16:34:04.583+0000] {logging_mixin.py:188} INFO - [2024-07-08T16:34:04.571+0000] {dagbag.py:545} INFO - Filling up the DagBag from /opt/airflow/dags/dag2.py
[2024-07-08T16:37:10.254+0000] {processor.py:161} INFO - Started process (PID=508) to work on /opt/airflow/dags/dag2.py
[2024-07-08T16:37:10.273+0000] {processor.py:830} INFO - Processing file /opt/airflow/dags/dag2.py for tasks to queue
[2024-07-08T16:37:10.290+0000] {logging_mixin.py:188} INFO - [2024-07-08T16:37:10.290+0000] {dagbag.py:545} INFO - Filling up the DagBag from /opt/airflow/dags/dag2.py
[2024-07-08T16:37:10.441+0000] {processor.py:840} INFO - DAG(s) 'etl_pipeline' retrieved from /opt/airflow/dags/dag2.py
[2024-07-08T16:37:11.578+0000] {logging_mixin.py:188} INFO - [2024-07-08T16:37:11.562+0000] {dag.py:3096} INFO - Sync 1 DAGs
[2024-07-08T16:37:11.642+0000] {logging_mixin.py:188} INFO - [2024-07-08T16:37:11.641+0000] {dag.py:3954} INFO - Setting next_dagrun for etl_pipeline to None, run_after=None
[2024-07-08T16:37:11.775+0000] {processor.py:183} INFO - Processing /opt/airflow/dags/dag2.py took 1.819 seconds
[2024-07-08T16:37:41.981+0000] {processor.py:161} INFO - Started process (PID=522) to work on /opt/airflow/dags/dag2.py
[2024-07-08T16:37:41.983+0000] {processor.py:830} INFO - Processing file /opt/airflow/dags/dag2.py for tasks to queue
[2024-07-08T16:37:41.985+0000] {logging_mixin.py:188} INFO - [2024-07-08T16:37:41.984+0000] {dagbag.py:545} INFO - Filling up the DagBag from /opt/airflow/dags/dag2.py
[2024-07-08T16:37:42.007+0000] {processor.py:840} INFO - DAG(s) 'etl_pipeline' retrieved from /opt/airflow/dags/dag2.py
[2024-07-08T16:37:42.020+0000] {logging_mixin.py:188} INFO - [2024-07-08T16:37:42.019+0000] {dag.py:3096} INFO - Sync 1 DAGs
[2024-07-08T16:37:42.047+0000] {logging_mixin.py:188} INFO - [2024-07-08T16:37:42.046+0000] {dag.py:3954} INFO - Setting next_dagrun for etl_pipeline to None, run_after=None
[2024-07-08T16:37:42.073+0000] {processor.py:183} INFO - Processing /opt/airflow/dags/dag2.py took 0.102 seconds
[2024-07-08T16:38:14.213+0000] {processor.py:161} INFO - Started process (PID=523) to work on /opt/airflow/dags/dag2.py
[2024-07-08T16:38:14.414+0000] {processor.py:830} INFO - Processing file /opt/airflow/dags/dag2.py for tasks to queue
[2024-07-08T16:38:16.596+0000] {logging_mixin.py:188} INFO - [2024-07-08T16:38:15.349+0000] {dagbag.py:545} INFO - Filling up the DagBag from /opt/airflow/dags/dag2.py
[2024-07-08T16:38:33.659+0000] {processor.py:840} INFO - DAG(s) 'etl_pipeline' retrieved from /opt/airflow/dags/dag2.py
[2024-07-08T16:38:36.303+0000] {logging_mixin.py:188} INFO - [2024-07-08T16:38:36.296+0000] {dag.py:3096} INFO - Sync 1 DAGs
[2024-07-08T16:38:36.353+0000] {logging_mixin.py:188} INFO - [2024-07-08T16:38:36.353+0000] {dag.py:3954} INFO - Setting next_dagrun for etl_pipeline to None, run_after=None
[2024-07-08T16:38:36.433+0000] {processor.py:183} INFO - Processing /opt/airflow/dags/dag2.py took 22.974 seconds
[2024-07-08T16:41:00.442+0000] {processor.py:161} INFO - Started process (PID=532) to work on /opt/airflow/dags/dag2.py
[2024-07-08T16:41:00.456+0000] {processor.py:830} INFO - Processing file /opt/airflow/dags/dag2.py for tasks to queue
[2024-07-08T16:41:00.486+0000] {logging_mixin.py:188} INFO - [2024-07-08T16:41:00.458+0000] {dagbag.py:545} INFO - Filling up the DagBag from /opt/airflow/dags/dag2.py
[2024-07-08T16:41:00.676+0000] {processor.py:840} INFO - DAG(s) 'etl_pipeline' retrieved from /opt/airflow/dags/dag2.py
[2024-07-08T16:41:00.977+0000] {logging_mixin.py:188} INFO - [2024-07-08T16:41:00.977+0000] {dag.py:3096} INFO - Sync 1 DAGs
[2024-07-08T16:41:01.104+0000] {logging_mixin.py:188} INFO - [2024-07-08T16:41:01.104+0000] {dag.py:3954} INFO - Setting next_dagrun for etl_pipeline to None, run_after=None
[2024-07-08T16:41:01.238+0000] {processor.py:183} INFO - Processing /opt/airflow/dags/dag2.py took 0.908 seconds
[2024-07-08T16:41:32.720+0000] {processor.py:161} INFO - Started process (PID=539) to work on /opt/airflow/dags/dag2.py
[2024-07-08T16:41:32.810+0000] {processor.py:830} INFO - Processing file /opt/airflow/dags/dag2.py for tasks to queue
[2024-07-08T16:41:32.852+0000] {logging_mixin.py:188} INFO - [2024-07-08T16:41:32.827+0000] {dagbag.py:545} INFO - Filling up the DagBag from /opt/airflow/dags/dag2.py
[2024-07-08T16:41:38.095+0000] {processor.py:840} INFO - DAG(s) 'etl_pipeline' retrieved from /opt/airflow/dags/dag2.py
[2024-07-08T16:42:12.083+0000] {logging_mixin.py:188} INFO - [2024-07-08T16:42:12.082+0000] {dag.py:3096} INFO - Sync 1 DAGs
[2024-07-08T16:42:12.120+0000] {logging_mixin.py:188} INFO - [2024-07-08T16:42:12.120+0000] {dag.py:3954} INFO - Setting next_dagrun for etl_pipeline to None, run_after=None
[2024-07-08T16:42:12.161+0000] {processor.py:183} INFO - Processing /opt/airflow/dags/dag2.py took 39.685 seconds
[2024-07-08T16:42:42.549+0000] {processor.py:161} INFO - Started process (PID=542) to work on /opt/airflow/dags/dag2.py
[2024-07-08T16:42:42.560+0000] {processor.py:830} INFO - Processing file /opt/airflow/dags/dag2.py for tasks to queue
[2024-07-08T16:42:42.563+0000] {logging_mixin.py:188} INFO - [2024-07-08T16:42:42.562+0000] {dagbag.py:545} INFO - Filling up the DagBag from /opt/airflow/dags/dag2.py
[2024-07-08T16:42:43.968+0000] {processor.py:840} INFO - DAG(s) 'etl_pipeline' retrieved from /opt/airflow/dags/dag2.py
[2024-07-08T16:42:46.174+0000] {logging_mixin.py:188} INFO - [2024-07-08T16:42:46.144+0000] {dag.py:3096} INFO - Sync 1 DAGs
[2024-07-08T16:42:46.430+0000] {logging_mixin.py:188} INFO - [2024-07-08T16:42:46.430+0000] {dag.py:3954} INFO - Setting next_dagrun for etl_pipeline to None, run_after=None
[2024-07-08T16:42:46.683+0000] {processor.py:183} INFO - Processing /opt/airflow/dags/dag2.py took 4.164 seconds
[2024-07-08T16:44:29.693+0000] {processor.py:161} INFO - Started process (PID=548) to work on /opt/airflow/dags/dag2.py
[2024-07-08T16:44:29.710+0000] {processor.py:830} INFO - Processing file /opt/airflow/dags/dag2.py for tasks to queue
[2024-07-08T16:44:29.726+0000] {logging_mixin.py:188} INFO - [2024-07-08T16:44:29.722+0000] {dagbag.py:545} INFO - Filling up the DagBag from /opt/airflow/dags/dag2.py
[2024-07-08T16:44:30.119+0000] {processor.py:840} INFO - DAG(s) 'etl_pipeline' retrieved from /opt/airflow/dags/dag2.py
[2024-07-08T16:44:33.421+0000] {logging_mixin.py:188} INFO - [2024-07-08T16:44:33.419+0000] {dag.py:3096} INFO - Sync 1 DAGs
[2024-07-08T16:44:33.516+0000] {logging_mixin.py:188} INFO - [2024-07-08T16:44:33.515+0000] {dag.py:3954} INFO - Setting next_dagrun for etl_pipeline to None, run_after=None
[2024-07-08T16:44:34.849+0000] {processor.py:183} INFO - Processing /opt/airflow/dags/dag2.py took 5.199 seconds
[2024-07-08T16:45:36.652+0000] {processor.py:161} INFO - Started process (PID=556) to work on /opt/airflow/dags/dag2.py
[2024-07-08T16:45:36.695+0000] {processor.py:830} INFO - Processing file /opt/airflow/dags/dag2.py for tasks to queue
[2024-07-08T16:45:36.746+0000] {logging_mixin.py:188} INFO - [2024-07-08T16:45:36.732+0000] {dagbag.py:545} INFO - Filling up the DagBag from /opt/airflow/dags/dag2.py
[2024-07-08T16:45:37.102+0000] {processor.py:840} INFO - DAG(s) 'etl_pipeline' retrieved from /opt/airflow/dags/dag2.py
[2024-07-08T16:45:37.463+0000] {logging_mixin.py:188} INFO - [2024-07-08T16:45:37.462+0000] {dag.py:3096} INFO - Sync 1 DAGs
[2024-07-08T16:45:37.667+0000] {logging_mixin.py:188} INFO - [2024-07-08T16:45:37.666+0000] {dag.py:3954} INFO - Setting next_dagrun for etl_pipeline to None, run_after=None
[2024-07-08T16:45:37.812+0000] {processor.py:183} INFO - Processing /opt/airflow/dags/dag2.py took 1.258 seconds
[2024-07-08T16:47:33.606+0000] {processor.py:161} INFO - Started process (PID=564) to work on /opt/airflow/dags/dag2.py
[2024-07-08T16:47:33.608+0000] {processor.py:830} INFO - Processing file /opt/airflow/dags/dag2.py for tasks to queue
[2024-07-08T16:47:33.623+0000] {logging_mixin.py:188} INFO - [2024-07-08T16:47:33.622+0000] {dagbag.py:545} INFO - Filling up the DagBag from /opt/airflow/dags/dag2.py
[2024-07-08T16:47:33.745+0000] {processor.py:840} INFO - DAG(s) 'etl_pipeline' retrieved from /opt/airflow/dags/dag2.py
[2024-07-08T16:47:35.197+0000] {logging_mixin.py:188} INFO - [2024-07-08T16:47:35.181+0000] {dag.py:3096} INFO - Sync 1 DAGs
[2024-07-08T16:47:35.270+0000] {logging_mixin.py:188} INFO - [2024-07-08T16:47:35.269+0000] {dag.py:3954} INFO - Setting next_dagrun for etl_pipeline to None, run_after=None
[2024-07-08T16:47:35.379+0000] {processor.py:183} INFO - Processing /opt/airflow/dags/dag2.py took 1.791 seconds
[2024-07-08T16:48:05.538+0000] {processor.py:161} INFO - Started process (PID=577) to work on /opt/airflow/dags/dag2.py
[2024-07-08T16:48:05.542+0000] {processor.py:830} INFO - Processing file /opt/airflow/dags/dag2.py for tasks to queue
[2024-07-08T16:48:05.548+0000] {logging_mixin.py:188} INFO - [2024-07-08T16:48:05.543+0000] {dagbag.py:545} INFO - Filling up the DagBag from /opt/airflow/dags/dag2.py
[2024-07-08T16:48:05.686+0000] {processor.py:840} INFO - DAG(s) 'etl_pipeline' retrieved from /opt/airflow/dags/dag2.py
