[2024-07-10T04:23:54.902+0000] {local_task_job_runner.py:120} INFO - ::group::Pre task execution logs
[2024-07-10T04:23:54.925+0000] {taskinstance.py:2076} INFO - Dependencies all met for dep_context=non-requeueable deps ti=<TaskInstance: spaceX_project.load_charachteristics scheduled__2024-07-09T00:00:00+00:00 [queued]>
[2024-07-10T04:23:54.934+0000] {taskinstance.py:2076} INFO - Dependencies all met for dep_context=requeueable deps ti=<TaskInstance: spaceX_project.load_charachteristics scheduled__2024-07-09T00:00:00+00:00 [queued]>
[2024-07-10T04:23:54.935+0000] {taskinstance.py:2306} INFO - Starting attempt 2 of 6
[2024-07-10T04:23:54.951+0000] {taskinstance.py:2330} INFO - Executing <Task(PostgresOperator): load_charachteristics> on 2024-07-09 00:00:00+00:00
[2024-07-10T04:23:54.962+0000] {warnings.py:112} WARNING - /home/***/.local/lib/python3.12/site-packages/***/task/task_runner/standard_task_runner.py:61: DeprecationWarning: This process (pid=68) is multi-threaded, use of fork() may lead to deadlocks in the child.
  pid = os.fork()

[2024-07-10T04:23:54.967+0000] {standard_task_runner.py:63} INFO - Started process 70 to run task
[2024-07-10T04:23:54.969+0000] {standard_task_runner.py:90} INFO - Running: ['***', 'tasks', 'run', 'spaceX_project', 'load_charachteristics', 'scheduled__2024-07-09T00:00:00+00:00', '--job-id', '552', '--raw', '--subdir', 'DAGS_FOLDER/dag.py', '--cfg-path', '/tmp/tmp11nrvr_f']
[2024-07-10T04:23:54.973+0000] {standard_task_runner.py:91} INFO - Job 552: Subtask load_charachteristics
[2024-07-10T04:23:55.049+0000] {task_command.py:426} INFO - Running <TaskInstance: spaceX_project.load_charachteristics scheduled__2024-07-09T00:00:00+00:00 [running]> on host f565c82ff71d
[2024-07-10T04:23:55.164+0000] {taskinstance.py:2648} INFO - Exporting env vars: AIRFLOW_CTX_DAG_OWNER='rustam' AIRFLOW_CTX_DAG_ID='spaceX_project' AIRFLOW_CTX_TASK_ID='load_charachteristics' AIRFLOW_CTX_EXECUTION_DATE='2024-07-09T00:00:00+00:00' AIRFLOW_CTX_TRY_NUMBER='2' AIRFLOW_CTX_DAG_RUN_ID='scheduled__2024-07-09T00:00:00+00:00'
[2024-07-10T04:23:55.166+0000] {taskinstance.py:430} INFO - ::endgroup::
[2024-07-10T04:23:55.181+0000] {sql.py:276} INFO - Executing: 
            CREATE TABLE IF NOT EXISTS charachteristics(
                id INT PRIMARY KEY,
                mass INT,
                diameter FLOAT,
                height FLOAT,
                cost_per_launch INT
            );
        
[2024-07-10T04:23:55.195+0000] {base.py:84} INFO - Using connection ID 'cosmos' for task execution.
[2024-07-10T04:23:55.205+0000] {base.py:84} INFO - Using connection ID 'cosmos' for task execution.
[2024-07-10T04:23:55.207+0000] {taskinstance.py:441} INFO - ::group::Post task execution logs
[2024-07-10T04:23:55.208+0000] {taskinstance.py:2905} ERROR - Task failed with exception
Traceback (most recent call last):
  File "/home/airflow/.local/lib/python3.12/site-packages/airflow/models/taskinstance.py", line 465, in _execute_task
    result = _execute_callable(context=context, **execute_callable_kwargs)
             ^^^^^^^^^^^^^^^^^^^^^^^^^^^^^^^^^^^^^^^^^^^^^^^^^^^^^^^^^^^^^
  File "/home/airflow/.local/lib/python3.12/site-packages/airflow/models/taskinstance.py", line 432, in _execute_callable
    return execute_callable(context=context, **execute_callable_kwargs)
           ^^^^^^^^^^^^^^^^^^^^^^^^^^^^^^^^^^^^^^^^^^^^^^^^^^^^^^^^^^^^
  File "/home/airflow/.local/lib/python3.12/site-packages/airflow/models/baseoperator.py", line 401, in wrapper
    return func(self, *args, **kwargs)
           ^^^^^^^^^^^^^^^^^^^^^^^^^^^
  File "/home/airflow/.local/lib/python3.12/site-packages/airflow/providers/common/sql/operators/sql.py", line 282, in execute
    output = hook.run(
             ^^^^^^^^^
  File "/home/airflow/.local/lib/python3.12/site-packages/airflow/providers/common/sql/hooks/sql.py", line 431, in run
    with self._create_autocommit_connection(autocommit) as conn:
  File "/usr/local/lib/python3.12/contextlib.py", line 137, in __enter__
    return next(self.gen)
           ^^^^^^^^^^^^^^
  File "/home/airflow/.local/lib/python3.12/site-packages/airflow/providers/common/sql/hooks/sql.py", line 551, in _create_autocommit_connection
    with closing(self.get_conn()) as conn:
                 ^^^^^^^^^^^^^^^
  File "/home/airflow/.local/lib/python3.12/site-packages/airflow/providers/postgres/hooks/postgres.py", line 175, in get_conn
    self.conn = psycopg2.connect(**conn_args)
                ^^^^^^^^^^^^^^^^^^^^^^^^^^^^^
  File "/home/airflow/.local/lib/python3.12/site-packages/psycopg2/__init__.py", line 122, in connect
    conn = _connect(dsn, connection_factory=connection_factory, **kwasync)
           ^^^^^^^^^^^^^^^^^^^^^^^^^^^^^^^^^^^^^^^^^^^^^^^^^^^^^^^^^^^^^^^
psycopg2.OperationalError: connection to server at "172.18.0.7", port 5432 failed: Connection refused
	Is the server running on that host and accepting TCP/IP connections?

[2024-07-10T04:23:55.218+0000] {taskinstance.py:1206} INFO - Marking task as UP_FOR_RETRY. dag_id=spaceX_project, task_id=load_charachteristics, run_id=scheduled__2024-07-09T00:00:00+00:00, execution_date=20240709T000000, start_date=20240710T042354, end_date=20240710T042355
[2024-07-10T04:23:55.234+0000] {standard_task_runner.py:110} ERROR - Failed to execute job 552 for task load_charachteristics (connection to server at "172.18.0.7", port 5432 failed: Connection refused
	Is the server running on that host and accepting TCP/IP connections?
; 70)
[2024-07-10T04:23:55.264+0000] {local_task_job_runner.py:240} INFO - Task exited with return code 1
[2024-07-10T04:23:55.273+0000] {warnings.py:112} WARNING - /home/***/.local/lib/python3.12/site-packages/***/models/baseoperator.py:1297: AirflowProviderDeprecationWarning: Call to deprecated class PostgresOperator. (Please use `***.providers.common.sql.operators.sql.SQLExecuteQueryOperator`.Also, you can provide `hook_params={'schema': <database>}`.)
  result = cls.__new__(cls)

[2024-07-10T04:23:55.286+0000] {taskinstance.py:3503} INFO - 0 downstream tasks scheduled from follow-on schedule check
[2024-07-10T04:23:55.291+0000] {local_task_job_runner.py:222} INFO - ::endgroup::
