[2024-07-10T10:48:00.928+0000] {local_task_job_runner.py:120} INFO - ::group::Pre task execution logs
[2024-07-10T10:48:00.959+0000] {taskinstance.py:2076} INFO - Dependencies all met for dep_context=non-requeueable deps ti=<TaskInstance: spaceX_project.load_charachteristics scheduled__2024-07-09T00:00:00+00:00 [queued]>
[2024-07-10T10:48:00.970+0000] {taskinstance.py:2076} INFO - Dependencies all met for dep_context=requeueable deps ti=<TaskInstance: spaceX_project.load_charachteristics scheduled__2024-07-09T00:00:00+00:00 [queued]>
[2024-07-10T10:48:00.971+0000] {taskinstance.py:2306} INFO - Starting attempt 7 of 12
[2024-07-10T10:48:00.988+0000] {taskinstance.py:2330} INFO - Executing <Task(PostgresOperator): load_charachteristics> on 2024-07-09 00:00:00+00:00
[2024-07-10T10:48:00.997+0000] {warnings.py:112} WARNING - /home/***/.local/lib/python3.12/site-packages/***/task/task_runner/standard_task_runner.py:61: DeprecationWarning: This process (pid=218) is multi-threaded, use of fork() may lead to deadlocks in the child.
  pid = os.fork()

[2024-07-10T10:48:00.998+0000] {standard_task_runner.py:63} INFO - Started process 220 to run task
[2024-07-10T10:48:00.999+0000] {standard_task_runner.py:90} INFO - Running: ['***', 'tasks', 'run', 'spaceX_project', 'load_charachteristics', 'scheduled__2024-07-09T00:00:00+00:00', '--job-id', '561', '--raw', '--subdir', 'DAGS_FOLDER/dag.py', '--cfg-path', '/tmp/tmphkjmvkxo']
[2024-07-10T10:48:01.003+0000] {standard_task_runner.py:91} INFO - Job 561: Subtask load_charachteristics
[2024-07-10T10:48:01.056+0000] {task_command.py:426} INFO - Running <TaskInstance: spaceX_project.load_charachteristics scheduled__2024-07-09T00:00:00+00:00 [running]> on host afe5e479c9b4
[2024-07-10T10:48:01.147+0000] {taskinstance.py:2648} INFO - Exporting env vars: AIRFLOW_CTX_DAG_OWNER='rustam' AIRFLOW_CTX_DAG_ID='spaceX_project' AIRFLOW_CTX_TASK_ID='load_charachteristics' AIRFLOW_CTX_EXECUTION_DATE='2024-07-09T00:00:00+00:00' AIRFLOW_CTX_TRY_NUMBER='7' AIRFLOW_CTX_DAG_RUN_ID='scheduled__2024-07-09T00:00:00+00:00'
[2024-07-10T10:48:01.148+0000] {taskinstance.py:430} INFO - ::endgroup::
[2024-07-10T10:48:01.169+0000] {sql.py:276} INFO - Executing: 
            CREATE TABLE IF NOT EXISTS charachteristics(
                id INT PRIMARY KEY,
                mass INT,
                diameter FLOAT,
                height FLOAT,
                cost_per_launch INT
            );
        
[2024-07-10T10:48:01.180+0000] {base.py:84} INFO - Using connection ID 'cosmos' for task execution.
[2024-07-10T10:48:01.204+0000] {base.py:84} INFO - Using connection ID 'cosmos' for task execution.
[2024-07-10T10:48:01.210+0000] {sql.py:487} INFO - Running statement: 
            CREATE TABLE IF NOT EXISTS charachteristics(
                id INT PRIMARY KEY,
                mass INT,
                diameter FLOAT,
                height FLOAT,
                cost_per_launch INT
            );
        , parameters: None
[2024-07-10T10:48:01.239+0000] {taskinstance.py:441} INFO - ::group::Post task execution logs
[2024-07-10T10:48:01.248+0000] {taskinstance.py:1206} INFO - Marking task as SUCCESS. dag_id=spaceX_project, task_id=load_charachteristics, run_id=scheduled__2024-07-09T00:00:00+00:00, execution_date=20240709T000000, start_date=20240710T104800, end_date=20240710T104801
[2024-07-10T10:48:01.294+0000] {local_task_job_runner.py:240} INFO - Task exited with return code 0
[2024-07-10T10:48:01.308+0000] {warnings.py:112} WARNING - /home/***/.local/lib/python3.12/site-packages/***/models/baseoperator.py:1297: AirflowProviderDeprecationWarning: Call to deprecated class PostgresOperator. (Please use `***.providers.common.sql.operators.sql.SQLExecuteQueryOperator`.Also, you can provide `hook_params={'schema': <database>}`.)
  result = cls.__new__(cls)

[2024-07-10T10:48:01.324+0000] {taskinstance.py:3503} INFO - 1 downstream tasks scheduled from follow-on schedule check
[2024-07-10T10:48:01.327+0000] {local_task_job_runner.py:222} INFO - ::endgroup::
