[2024-07-09T17:23:06.918+0000] {local_task_job_runner.py:120} INFO - ::group::Pre task execution logs
[2024-07-09T17:23:06.947+0000] {taskinstance.py:2076} INFO - Dependencies all met for dep_context=non-requeueable deps ti=<TaskInstance: spaceX_project.load_output manual__2024-07-09T17:21:32.017578+00:00 [queued]>
[2024-07-09T17:23:06.961+0000] {taskinstance.py:2076} INFO - Dependencies all met for dep_context=requeueable deps ti=<TaskInstance: spaceX_project.load_output manual__2024-07-09T17:21:32.017578+00:00 [queued]>
[2024-07-09T17:23:06.962+0000] {taskinstance.py:2306} INFO - Starting attempt 3 of 8
[2024-07-09T17:23:06.981+0000] {taskinstance.py:2330} INFO - Executing <Task(PostgresOperator): load_output> on 2024-07-09 17:21:32.017578+00:00
[2024-07-09T17:23:06.990+0000] {warnings.py:112} WARNING - /home/***/.local/lib/python3.12/site-packages/***/task/task_runner/standard_task_runner.py:61: DeprecationWarning: This process (pid=422) is multi-threaded, use of fork() may lead to deadlocks in the child.
  pid = os.fork()

[2024-07-09T17:23:06.993+0000] {standard_task_runner.py:63} INFO - Started process 424 to run task
[2024-07-09T17:23:06.993+0000] {standard_task_runner.py:90} INFO - Running: ['***', 'tasks', 'run', 'spaceX_project', 'load_output', 'manual__2024-07-09T17:21:32.017578+00:00', '--job-id', '543', '--raw', '--subdir', 'DAGS_FOLDER/dag.py', '--cfg-path', '/tmp/tmpubn3_ojo']
[2024-07-09T17:23:06.995+0000] {standard_task_runner.py:91} INFO - Job 543: Subtask load_output
[2024-07-09T17:23:07.052+0000] {task_command.py:426} INFO - Running <TaskInstance: spaceX_project.load_output manual__2024-07-09T17:21:32.017578+00:00 [running]> on host f565c82ff71d
[2024-07-09T17:23:07.196+0000] {taskinstance.py:2648} INFO - Exporting env vars: AIRFLOW_CTX_DAG_OWNER='rustam' AIRFLOW_CTX_DAG_ID='spaceX_project' AIRFLOW_CTX_TASK_ID='load_output' AIRFLOW_CTX_EXECUTION_DATE='2024-07-09T17:21:32.017578+00:00' AIRFLOW_CTX_TRY_NUMBER='3' AIRFLOW_CTX_DAG_RUN_ID='manual__2024-07-09T17:21:32.017578+00:00'
[2024-07-09T17:23:07.198+0000] {taskinstance.py:430} INFO - ::endgroup::
[2024-07-09T17:23:07.217+0000] {sql.py:276} INFO - Executing: 
            CREATE TABLE IF NOT EXISTS output(
                id INT PRIMARY KEY,
                name TEXT,
                active BOOLEAN
            );
        
[2024-07-09T17:23:07.233+0000] {base.py:84} INFO - Using connection ID 'cosmos' for task execution.
[2024-07-09T17:23:07.244+0000] {base.py:84} INFO - Using connection ID 'cosmos' for task execution.
[2024-07-09T17:23:07.248+0000] {sql.py:487} INFO - Running statement: 
            CREATE TABLE IF NOT EXISTS output(
                id INT PRIMARY KEY,
                name TEXT,
                active BOOLEAN
            );
        , parameters: None
[2024-07-09T17:23:07.250+0000] {taskinstance.py:441} INFO - ::group::Post task execution logs
[2024-07-09T17:23:07.261+0000] {taskinstance.py:1206} INFO - Marking task as SUCCESS. dag_id=spaceX_project, task_id=load_output, run_id=manual__2024-07-09T17:21:32.017578+00:00, execution_date=20240709T172132, start_date=20240709T172306, end_date=20240709T172307
[2024-07-09T17:23:07.289+0000] {local_task_job_runner.py:240} INFO - Task exited with return code 0
[2024-07-09T17:23:07.301+0000] {warnings.py:112} WARNING - /home/***/.local/lib/python3.12/site-packages/***/models/baseoperator.py:1297: AirflowProviderDeprecationWarning: Call to deprecated class PostgresOperator. (Please use `***.providers.common.sql.operators.sql.SQLExecuteQueryOperator`.Also, you can provide `hook_params={'schema': <database>}`.)
  result = cls.__new__(cls)

[2024-07-09T17:23:07.317+0000] {taskinstance.py:3503} INFO - 1 downstream tasks scheduled from follow-on schedule check
[2024-07-09T17:23:07.319+0000] {local_task_job_runner.py:222} INFO - ::endgroup::
