[2024-07-09T17:24:28.948+0000] {local_task_job_runner.py:120} INFO - ::group::Pre task execution logs
[2024-07-09T17:24:28.975+0000] {taskinstance.py:2076} INFO - Dependencies all met for dep_context=non-requeueable deps ti=<TaskInstance: spaceX_project.load_output manual__2024-07-09T17:21:32.017578+00:00 [queued]>
[2024-07-09T17:24:28.986+0000] {taskinstance.py:2076} INFO - Dependencies all met for dep_context=requeueable deps ti=<TaskInstance: spaceX_project.load_output manual__2024-07-09T17:21:32.017578+00:00 [queued]>
[2024-07-09T17:24:28.987+0000] {taskinstance.py:2306} INFO - Starting attempt 4 of 9
[2024-07-09T17:24:29.002+0000] {taskinstance.py:2330} INFO - Executing <Task(PostgresOperator): load_output> on 2024-07-09 17:21:32.017578+00:00
[2024-07-09T17:24:29.010+0000] {warnings.py:112} WARNING - /home/***/.local/lib/python3.12/site-packages/***/task/task_runner/standard_task_runner.py:61: DeprecationWarning: This process (pid=442) is multi-threaded, use of fork() may lead to deadlocks in the child.
  pid = os.fork()

[2024-07-09T17:24:29.012+0000] {standard_task_runner.py:63} INFO - Started process 444 to run task
[2024-07-09T17:24:29.012+0000] {standard_task_runner.py:90} INFO - Running: ['***', 'tasks', 'run', 'spaceX_project', 'load_output', 'manual__2024-07-09T17:21:32.017578+00:00', '--job-id', '545', '--raw', '--subdir', 'DAGS_FOLDER/dag.py', '--cfg-path', '/tmp/tmprkc3guo7']
[2024-07-09T17:24:29.015+0000] {standard_task_runner.py:91} INFO - Job 545: Subtask load_output
[2024-07-09T17:24:29.066+0000] {task_command.py:426} INFO - Running <TaskInstance: spaceX_project.load_output manual__2024-07-09T17:21:32.017578+00:00 [running]> on host f565c82ff71d
[2024-07-09T17:24:29.174+0000] {taskinstance.py:2648} INFO - Exporting env vars: AIRFLOW_CTX_DAG_OWNER='rustam' AIRFLOW_CTX_DAG_ID='spaceX_project' AIRFLOW_CTX_TASK_ID='load_output' AIRFLOW_CTX_EXECUTION_DATE='2024-07-09T17:21:32.017578+00:00' AIRFLOW_CTX_TRY_NUMBER='4' AIRFLOW_CTX_DAG_RUN_ID='manual__2024-07-09T17:21:32.017578+00:00'
[2024-07-09T17:24:29.176+0000] {taskinstance.py:430} INFO - ::endgroup::
[2024-07-09T17:24:29.190+0000] {sql.py:276} INFO - Executing: 
            CREATE TABLE IF NOT EXISTS result(
                id INT PRIMARY KEY,
                name TEXT,
                active BOOLEAN
            );
        
[2024-07-09T17:24:29.198+0000] {base.py:84} INFO - Using connection ID 'cosmos' for task execution.
[2024-07-09T17:24:29.208+0000] {base.py:84} INFO - Using connection ID 'cosmos' for task execution.
[2024-07-09T17:24:29.212+0000] {sql.py:487} INFO - Running statement: 
            CREATE TABLE IF NOT EXISTS result(
                id INT PRIMARY KEY,
                name TEXT,
                active BOOLEAN
            );
        , parameters: None
[2024-07-09T17:24:29.225+0000] {taskinstance.py:441} INFO - ::group::Post task execution logs
[2024-07-09T17:24:29.234+0000] {taskinstance.py:1206} INFO - Marking task as SUCCESS. dag_id=spaceX_project, task_id=load_output, run_id=manual__2024-07-09T17:21:32.017578+00:00, execution_date=20240709T172132, start_date=20240709T172428, end_date=20240709T172429
[2024-07-09T17:24:29.267+0000] {local_task_job_runner.py:240} INFO - Task exited with return code 0
[2024-07-09T17:24:29.278+0000] {warnings.py:112} WARNING - /home/***/.local/lib/python3.12/site-packages/***/models/baseoperator.py:1297: AirflowProviderDeprecationWarning: Call to deprecated class PostgresOperator. (Please use `***.providers.common.sql.operators.sql.SQLExecuteQueryOperator`.Also, you can provide `hook_params={'schema': <database>}`.)
  result = cls.__new__(cls)

[2024-07-09T17:24:29.290+0000] {taskinstance.py:3503} INFO - 1 downstream tasks scheduled from follow-on schedule check
[2024-07-09T17:24:29.292+0000] {local_task_job_runner.py:222} INFO - ::endgroup::
