[2024-07-08T15:42:44.228+0000] {local_task_job_runner.py:120} INFO - ::group::Pre task execution logs
[2024-07-08T15:42:44.264+0000] {taskinstance.py:2076} INFO - Dependencies all met for dep_context=non-requeueable deps ti=<TaskInstance: etl_pipeline.taschik manual__2024-07-08T15:33:46.058412+00:00 [queued]>
[2024-07-08T15:42:44.275+0000] {taskinstance.py:2076} INFO - Dependencies all met for dep_context=requeueable deps ti=<TaskInstance: etl_pipeline.taschik manual__2024-07-08T15:33:46.058412+00:00 [queued]>
[2024-07-08T15:42:44.276+0000] {taskinstance.py:2306} INFO - Starting attempt 4 of 6
[2024-07-08T15:42:44.299+0000] {taskinstance.py:2330} INFO - Executing <Task(PostgresOperator): taschik> on 2024-07-08 15:33:46.058412+00:00
[2024-07-08T15:42:44.313+0000] {warnings.py:112} WARNING - /home/***/.local/lib/python3.12/site-packages/***/task/task_runner/standard_task_runner.py:61: DeprecationWarning: This process (pid=310) is multi-threaded, use of fork() may lead to deadlocks in the child.
  pid = os.fork()

[2024-07-08T15:42:44.316+0000] {standard_task_runner.py:63} INFO - Started process 314 to run task
[2024-07-08T15:42:44.318+0000] {standard_task_runner.py:90} INFO - Running: ['***', 'tasks', 'run', 'etl_pipeline', 'taschik', 'manual__2024-07-08T15:33:46.058412+00:00', '--job-id', '471', '--raw', '--subdir', 'DAGS_FOLDER/dag.py', '--cfg-path', '/tmp/tmp6k9o58b3']
[2024-07-08T15:42:44.321+0000] {standard_task_runner.py:91} INFO - Job 471: Subtask taschik
[2024-07-08T15:42:44.391+0000] {task_command.py:426} INFO - Running <TaskInstance: etl_pipeline.taschik manual__2024-07-08T15:33:46.058412+00:00 [running]> on host 4a510a860371
[2024-07-08T15:42:44.544+0000] {taskinstance.py:2648} INFO - Exporting env vars: AIRFLOW_CTX_DAG_OWNER='dad' AIRFLOW_CTX_DAG_ID='etl_pipeline' AIRFLOW_CTX_TASK_ID='taschik' AIRFLOW_CTX_EXECUTION_DATE='2024-07-08T15:33:46.058412+00:00' AIRFLOW_CTX_TRY_NUMBER='4' AIRFLOW_CTX_DAG_RUN_ID='manual__2024-07-08T15:33:46.058412+00:00'
[2024-07-08T15:42:44.549+0000] {taskinstance.py:430} INFO - ::endgroup::
[2024-07-08T15:42:44.552+0000] {sql.py:276} INFO - Executing: 
            CREATE TABLE IF NOT EXISTS tab(
                id int,
                sosi TEXT
            );        
        
[2024-07-08T15:42:44.573+0000] {base.py:84} INFO - Using connection ID 'books_connection' for task execution.
[2024-07-08T15:42:44.622+0000] {base.py:84} INFO - Using connection ID 'books_connection' for task execution.
[2024-07-08T15:42:44.646+0000] {sql.py:487} INFO - Running statement: 
            CREATE TABLE IF NOT EXISTS tab(
                id int,
                sosi TEXT
            );        
        , parameters: None
[2024-07-08T15:42:44.725+0000] {taskinstance.py:441} INFO - ::group::Post task execution logs
[2024-07-08T15:42:44.764+0000] {taskinstance.py:1206} INFO - Marking task as SUCCESS. dag_id=etl_pipeline, task_id=taschik, run_id=manual__2024-07-08T15:33:46.058412+00:00, execution_date=20240708T153346, start_date=20240708T154244, end_date=20240708T154244
[2024-07-08T15:42:44.813+0000] {local_task_job_runner.py:240} INFO - Task exited with return code 0
[2024-07-08T15:42:44.828+0000] {warnings.py:112} WARNING - /home/***/.local/lib/python3.12/site-packages/***/models/baseoperator.py:1297: AirflowProviderDeprecationWarning: Call to deprecated class PostgresOperator. (Please use `***.providers.common.sql.operators.sql.SQLExecuteQueryOperator`.Also, you can provide `hook_params={'schema': <database>}`.)
  result = cls.__new__(cls)

[2024-07-08T15:42:44.856+0000] {taskinstance.py:3503} INFO - 1 downstream tasks scheduled from follow-on schedule check
[2024-07-08T15:42:44.860+0000] {local_task_job_runner.py:222} INFO - ::endgroup::
