[2024-07-10T11:32:59.384+0000] {local_task_job_runner.py:120} INFO - ::group::Pre task execution logs
[2024-07-10T11:32:59.412+0000] {taskinstance.py:2076} INFO - Dependencies all met for dep_context=non-requeueable deps ti=<TaskInstance: spaceX_project.transform scheduled__2024-07-09T00:00:00+00:00 [queued]>
[2024-07-10T11:32:59.425+0000] {taskinstance.py:2076} INFO - Dependencies all met for dep_context=requeueable deps ti=<TaskInstance: spaceX_project.transform scheduled__2024-07-09T00:00:00+00:00 [queued]>
[2024-07-10T11:32:59.425+0000] {taskinstance.py:2306} INFO - Starting attempt 3 of 8
[2024-07-10T11:32:59.445+0000] {taskinstance.py:2330} INFO - Executing <Task(PythonOperator): transform> on 2024-07-09 00:00:00+00:00
[2024-07-10T11:32:59.453+0000] {warnings.py:112} WARNING - /home/***/.local/lib/python3.12/site-packages/***/task/task_runner/standard_task_runner.py:61: DeprecationWarning: This process (pid=562) is multi-threaded, use of fork() may lead to deadlocks in the child.
  pid = os.fork()

[2024-07-10T11:32:59.455+0000] {standard_task_runner.py:63} INFO - Started process 564 to run task
[2024-07-10T11:32:59.456+0000] {standard_task_runner.py:90} INFO - Running: ['***', 'tasks', 'run', 'spaceX_project', 'transform', 'scheduled__2024-07-09T00:00:00+00:00', '--job-id', '565', '--raw', '--subdir', 'DAGS_FOLDER/dag.py', '--cfg-path', '/tmp/tmpdj7988wn']
[2024-07-10T11:32:59.459+0000] {standard_task_runner.py:91} INFO - Job 565: Subtask transform
[2024-07-10T11:32:59.531+0000] {task_command.py:426} INFO - Running <TaskInstance: spaceX_project.transform scheduled__2024-07-09T00:00:00+00:00 [running]> on host afe5e479c9b4
[2024-07-10T11:32:59.651+0000] {taskinstance.py:2648} INFO - Exporting env vars: AIRFLOW_CTX_DAG_OWNER='rustam' AIRFLOW_CTX_DAG_ID='spaceX_project' AIRFLOW_CTX_TASK_ID='transform' AIRFLOW_CTX_EXECUTION_DATE='2024-07-09T00:00:00+00:00' AIRFLOW_CTX_TRY_NUMBER='3' AIRFLOW_CTX_DAG_RUN_ID='scheduled__2024-07-09T00:00:00+00:00'
[2024-07-10T11:32:59.652+0000] {taskinstance.py:430} INFO - ::endgroup::
[2024-07-10T11:32:59.808+0000] {python.py:237} INFO - Done. Returned value was: None
[2024-07-10T11:32:59.809+0000] {taskinstance.py:441} INFO - ::group::Post task execution logs
[2024-07-10T11:32:59.819+0000] {taskinstance.py:1206} INFO - Marking task as SUCCESS. dag_id=spaceX_project, task_id=transform, run_id=scheduled__2024-07-09T00:00:00+00:00, execution_date=20240709T000000, start_date=20240710T113259, end_date=20240710T113259
[2024-07-10T11:32:59.872+0000] {local_task_job_runner.py:240} INFO - Task exited with return code 0
[2024-07-10T11:32:59.885+0000] {warnings.py:112} WARNING - /home/***/.local/lib/python3.12/site-packages/***/models/baseoperator.py:1297: AirflowProviderDeprecationWarning: Call to deprecated class PostgresOperator. (Please use `***.providers.common.sql.operators.sql.SQLExecuteQueryOperator`.Also, you can provide `hook_params={'schema': <database>}`.)
  result = cls.__new__(cls)

[2024-07-10T11:32:59.903+0000] {taskinstance.py:3503} INFO - 3 downstream tasks scheduled from follow-on schedule check
[2024-07-10T11:32:59.906+0000] {local_task_job_runner.py:222} INFO - ::endgroup::
