[2024-07-09T17:22:30.386+0000] {local_task_job_runner.py:120} INFO - ::group::Pre task execution logs
[2024-07-09T17:22:30.410+0000] {taskinstance.py:2076} INFO - Dependencies all met for dep_context=non-requeueable deps ti=<TaskInstance: spaceX_project.transform manual__2024-07-09T17:21:32.017578+00:00 [queued]>
[2024-07-09T17:22:30.419+0000] {taskinstance.py:2076} INFO - Dependencies all met for dep_context=requeueable deps ti=<TaskInstance: spaceX_project.transform manual__2024-07-09T17:21:32.017578+00:00 [queued]>
[2024-07-09T17:22:30.420+0000] {taskinstance.py:2306} INFO - Starting attempt 2 of 7
[2024-07-09T17:22:30.436+0000] {taskinstance.py:2330} INFO - Executing <Task(PythonOperator): transform> on 2024-07-09 17:21:32.017578+00:00
[2024-07-09T17:22:30.443+0000] {warnings.py:112} WARNING - /home/***/.local/lib/python3.12/site-packages/***/task/task_runner/standard_task_runner.py:61: DeprecationWarning: This process (pid=405) is multi-threaded, use of fork() may lead to deadlocks in the child.
  pid = os.fork()

[2024-07-09T17:22:30.444+0000] {standard_task_runner.py:63} INFO - Started process 407 to run task
[2024-07-09T17:22:30.444+0000] {standard_task_runner.py:90} INFO - Running: ['***', 'tasks', 'run', 'spaceX_project', 'transform', 'manual__2024-07-09T17:21:32.017578+00:00', '--job-id', '540', '--raw', '--subdir', 'DAGS_FOLDER/dag.py', '--cfg-path', '/tmp/tmpdcnn7xp5']
[2024-07-09T17:22:30.448+0000] {standard_task_runner.py:91} INFO - Job 540: Subtask transform
[2024-07-09T17:22:30.494+0000] {task_command.py:426} INFO - Running <TaskInstance: spaceX_project.transform manual__2024-07-09T17:21:32.017578+00:00 [running]> on host f565c82ff71d
[2024-07-09T17:22:30.608+0000] {taskinstance.py:2648} INFO - Exporting env vars: AIRFLOW_CTX_DAG_OWNER='rustam' AIRFLOW_CTX_DAG_ID='spaceX_project' AIRFLOW_CTX_TASK_ID='transform' AIRFLOW_CTX_EXECUTION_DATE='2024-07-09T17:21:32.017578+00:00' AIRFLOW_CTX_TRY_NUMBER='2' AIRFLOW_CTX_DAG_RUN_ID='manual__2024-07-09T17:21:32.017578+00:00'
[2024-07-09T17:22:30.610+0000] {taskinstance.py:430} INFO - ::endgroup::
[2024-07-09T17:22:30.730+0000] {python.py:237} INFO - Done. Returned value was: None
[2024-07-09T17:22:30.731+0000] {taskinstance.py:441} INFO - ::group::Post task execution logs
[2024-07-09T17:22:30.743+0000] {taskinstance.py:1206} INFO - Marking task as SUCCESS. dag_id=spaceX_project, task_id=transform, run_id=manual__2024-07-09T17:21:32.017578+00:00, execution_date=20240709T172132, start_date=20240709T172230, end_date=20240709T172230
[2024-07-09T17:22:30.780+0000] {local_task_job_runner.py:240} INFO - Task exited with return code 0
[2024-07-09T17:22:30.791+0000] {warnings.py:112} WARNING - /home/***/.local/lib/python3.12/site-packages/***/models/baseoperator.py:1297: AirflowProviderDeprecationWarning: Call to deprecated class PostgresOperator. (Please use `***.providers.common.sql.operators.sql.SQLExecuteQueryOperator`.Also, you can provide `hook_params={'schema': <database>}`.)
  result = cls.__new__(cls)

[2024-07-09T17:22:30.808+0000] {taskinstance.py:3503} INFO - 1 downstream tasks scheduled from follow-on schedule check
[2024-07-09T17:22:30.810+0000] {local_task_job_runner.py:222} INFO - ::endgroup::
