[2024-07-10T11:33:42.321+0000] {local_task_job_runner.py:120} INFO - ::group::Pre task execution logs
[2024-07-10T11:33:43.792+0000] {taskinstance.py:2076} INFO - Dependencies all met for dep_context=non-requeueable deps ti=<TaskInstance: spaceX_project.create_result scheduled__2024-07-09T00:00:00+00:00 [queued]>
[2024-07-10T11:33:43.806+0000] {taskinstance.py:2076} INFO - Dependencies all met for dep_context=requeueable deps ti=<TaskInstance: spaceX_project.create_result scheduled__2024-07-09T00:00:00+00:00 [queued]>
[2024-07-10T11:33:43.807+0000] {taskinstance.py:2306} INFO - Starting attempt 1 of 6
[2024-07-10T11:33:43.826+0000] {taskinstance.py:2330} INFO - Executing <Task(PostgresOperator): create_result> on 2024-07-09 00:00:00+00:00
[2024-07-10T11:33:43.836+0000] {warnings.py:112} WARNING - /home/***/.local/lib/python3.12/site-packages/***/task/task_runner/standard_task_runner.py:61: DeprecationWarning: This process (pid=571) is multi-threaded, use of fork() may lead to deadlocks in the child.
  pid = os.fork()

[2024-07-10T11:33:43.838+0000] {standard_task_runner.py:63} INFO - Started process 576 to run task
[2024-07-10T11:33:43.838+0000] {standard_task_runner.py:90} INFO - Running: ['***', 'tasks', 'run', 'spaceX_project', 'create_result', 'scheduled__2024-07-09T00:00:00+00:00', '--job-id', '569', '--raw', '--subdir', 'DAGS_FOLDER/dag.py', '--cfg-path', '/tmp/tmp0o9in06d']
[2024-07-10T11:33:43.842+0000] {standard_task_runner.py:91} INFO - Job 569: Subtask create_result
[2024-07-10T11:33:43.905+0000] {task_command.py:426} INFO - Running <TaskInstance: spaceX_project.create_result scheduled__2024-07-09T00:00:00+00:00 [running]> on host afe5e479c9b4
[2024-07-10T11:33:44.014+0000] {taskinstance.py:2648} INFO - Exporting env vars: AIRFLOW_CTX_DAG_OWNER='rustam' AIRFLOW_CTX_DAG_ID='spaceX_project' AIRFLOW_CTX_TASK_ID='create_result' AIRFLOW_CTX_EXECUTION_DATE='2024-07-09T00:00:00+00:00' AIRFLOW_CTX_TRY_NUMBER='1' AIRFLOW_CTX_DAG_RUN_ID='scheduled__2024-07-09T00:00:00+00:00'
[2024-07-10T11:33:44.017+0000] {taskinstance.py:430} INFO - ::endgroup::
[2024-07-10T11:33:44.037+0000] {sql.py:276} INFO - Executing: 
            CREATE TABLE IF NOT EXISTS result(
                id INT PRIMARY KEY,
                name TEXT,
                active BOOLEAN
            );
        
[2024-07-10T11:33:44.047+0000] {base.py:84} INFO - Using connection ID 'cosmos' for task execution.
[2024-07-10T11:33:44.059+0000] {base.py:84} INFO - Using connection ID 'cosmos' for task execution.
[2024-07-10T11:33:44.064+0000] {sql.py:487} INFO - Running statement: 
            CREATE TABLE IF NOT EXISTS result(
                id INT PRIMARY KEY,
                name TEXT,
                active BOOLEAN
            );
        , parameters: None
[2024-07-10T11:33:44.068+0000] {taskinstance.py:441} INFO - ::group::Post task execution logs
[2024-07-10T11:33:44.078+0000] {taskinstance.py:1206} INFO - Marking task as SUCCESS. dag_id=spaceX_project, task_id=create_result, run_id=scheduled__2024-07-09T00:00:00+00:00, execution_date=20240709T000000, start_date=20240710T113343, end_date=20240710T113344
[2024-07-10T11:33:44.134+0000] {local_task_job_runner.py:240} INFO - Task exited with return code 0
[2024-07-10T11:33:44.152+0000] {taskinstance.py:3503} INFO - 0 downstream tasks scheduled from follow-on schedule check
[2024-07-10T11:33:44.154+0000] {local_task_job_runner.py:222} INFO - ::endgroup::
